<?xml version="1.0" encoding="UTF-8"?>
  <testsuite tests="166" failures="13" time="8332.15858474">
      <testcase name="[sig-apps] CronJob should not emit unexpected warnings" classname="Kubernetes e2e suite" time="0">
          <skipped></skipped>
      </testcase>
      <testcase name="[sig-storage] Pod Disks detach in a disrupted environment [Slow] [Disruptive] when node&#39;s API object is deleted" classname="Kubernetes e2e suite" time="0">
          <skipped></skipped>
      </testcase>
      <testcase name="[k8s.io] [Feature:Example] [k8s.io] Secret should create a pod that reads a secret" classname="Kubernetes e2e suite" time="0">
          <skipped></skipped>
      </testcase>
      <testcase name="[sig-network] Loadbalancing: L7 Scalability GCE [Slow] [Serial] [Feature:IngressScale] Creating and updating ingresses should happen promptly with small/medium/large amount of ingresses" classname="Kubernetes e2e suite" time="0">
          <skipped></skipped>
      </testcase>
      <testcase name="[sig-apps] Network Partition [Disruptive] [Slow] [k8s.io] Pods should return to running and ready state after network partition is healed All pods on the unreachable node should be marked as NotReady upon the node turn NotReady AND all pods should be mark back to Ready when the node get back to Ready before pod eviction timeout" classname="Kubernetes e2e suite" time="0">
          <skipped></skipped>
      </testcase>
      <testcase name="[sig-apps] Network Partition [Disruptive] [Slow] [k8s.io] [ReplicationController] should recreate pods scheduled on the unreachable node AND allow scheduling of pods on a node after it rejoins the cluster" classname="Kubernetes e2e suite" time="0">
          <skipped></skipped>
      </testcase>
      <testcase name="[sig-storage] Subpath [Volume type: gcePDPVC] should fail if non-existent subpath is outside the volume [Slow]" classname="Kubernetes e2e suite" time="0">
          <skipped></skipped>
      </testcase>
      <testcase name="[k8s.io] [Feature:Example] [k8s.io] Storm should create and stop Zookeeper, Nimbus and Storm worker servers" classname="Kubernetes e2e suite" time="0">
          <skipped></skipped>
      </testcase>
      <testcase name="[sig-cli] Kubectl client [k8s.io] Simple pod should support exec through kubectl proxy" classname="Kubernetes e2e suite" time="0">
          <skipped></skipped>
      </testcase>
      <testcase name="[sig-api-machinery] Servers with support for API chunking should return chunks of results for list calls" classname="Kubernetes e2e suite" time="0">
          <skipped></skipped>
      </testcase>
      <testcase name="[sig-apps] Daemon set [Serial] should rollback without unnecessary restarts [Conformance]" classname="Kubernetes e2e suite" time="6.37619574">
          <skipped></skipped>
      </testcase>
      <testcase name="[sig-apps] ReplicaSet should adopt matching pods on creation and release no longer matching pods" classname="Kubernetes e2e suite" time="0">
          <skipped></skipped>
      </testcase>
      <testcase name="[sig-scheduling] ResourceQuota should create a ResourceQuota and capture the life of a replication controller." classname="Kubernetes e2e suite" time="0">
          <skipped></skipped>
      </testcase>
      <testcase name="[sig-storage] PersistentVolumes-local  Local volume provisioner [Serial] should create and recreate local persistent volume" classname="Kubernetes e2e suite" time="0">
          <skipped></skipped>
      </testcase>
      <testcase name="[sig-api-machinery] AdmissionWebhook Should unconditionally reject operations on fail closed webhook" classname="Kubernetes e2e suite" time="0">
          <skipped></skipped>
      </testcase>
      <testcase name="[sig-scheduling] SchedulerPredicates [Serial] validates MaxPods limit number of pods that are allowed to run [Slow]" classname="Kubernetes e2e suite" time="0">
          <skipped></skipped>
      </testcase>
      <testcase name="[sig-api-machinery] Downward API should provide host IP as an env var [NodeConformance] [Conformance]" classname="Kubernetes e2e suite" time="20.5277039"></testcase>
      <testcase name="[sig-cluster-lifecycle] Nodes [Disruptive] Resize [Slow] should be able to add nodes" classname="Kubernetes e2e suite" time="0">
          <skipped></skipped>
      </testcase>
      <testcase name="[sig-storage] Subpath [Volume type: hostPath] should support existing directory" classname="Kubernetes e2e suite" time="0">
          <skipped></skipped>
      </testcase>
      <testcase name="[sig-apps] Network Partition [Disruptive] [Slow] [k8s.io] Pods should be evicted from unready Node [Feature:TaintEviction] All pods on the unreachable node should be marked as NotReady upon the node turn NotReady AND all pods should be evicted after eviction timeout passes" classname="Kubernetes e2e suite" time="0">
          <skipped></skipped>
      </testcase>
      <testcase name="[sig-autoscaling] Cluster size autoscaling [Slow] Should not scale GPU pool up if pod does not require GPUs [GpuType:nvidia-tesla-p100] [Feature:ClusterSizeAutoscalingGpu]" classname="Kubernetes e2e suite" time="0">
          <skipped></skipped>
      </testcase>
      <testcase name="[sig-network] ESIPP [Slow] [DisabledForLargeClusters] should work from pods" classname="Kubernetes e2e suite" time="0">
          <skipped></skipped>
      </testcase>
      <testcase name="[sig-storage] Volume Placement should create and delete pod with multiple volumes from different datastore" classname="Kubernetes e2e suite" time="0">
          <skipped></skipped>
      </testcase>
      <testcase name="[sig-cluster-lifecycle] kube-proxy migration [Feature:KubeProxyDaemonSetMigration] Downgrade kube-proxy from a DaemonSet to static pods should maintain a functioning cluster [Feature:KubeProxyDaemonSetDowngrade]" classname="Kubernetes e2e suite" time="0">
          <skipped></skipped>
      </testcase>
      <testcase name="[sig-api-machinery] Garbage collector should delete pods created by rc when not orphaning [Conformance]" classname="Kubernetes e2e suite" time="16.35439306"></testcase>
      <testcase name="[sig-api-machinery] AdmissionWebhook Should mutate custom resource" classname="Kubernetes e2e suite" time="0">
          <skipped></skipped>
      </testcase>
      <testcase name="[sig-storage] Downward API volume should set DefaultMode on files [NodeConformance] [Conformance]" classname="Kubernetes e2e suite" time="8.36914406"></testcase>
      <testcase name="[sig-storage] Subpath [Volume type: gluster] should fail if non-existent subpath is outside the volume [Slow]" classname="Kubernetes e2e suite" time="0">
          <skipped></skipped>
      </testcase>
      <testcase name="[sig-cluster-lifecycle] Nodes [Disruptive] Resize [Slow] should be able to delete nodes" classname="Kubernetes e2e suite" time="0">
          <skipped></skipped>
      </testcase>
      <testcase name="[k8s.io] Pods should cap back-off at MaxContainerBackOff [Slow][NodeConformance]" classname="Kubernetes e2e suite" time="0">
          <skipped></skipped>
      </testcase>
      <testcase name="[sig-network] DNS should support configurable pod resolv.conf" classname="Kubernetes e2e suite" time="0">
          <skipped></skipped>
      </testcase>
      <testcase name="[sig-storage] Volume expand [Slow] Verify if editing PVC allows resize" classname="Kubernetes e2e suite" time="0">
          <skipped></skipped>
      </testcase>
      <testcase name="[sig-storage] Subpath [Volume type: gcePDPVC] should support non-existent path" classname="Kubernetes e2e suite" time="0">
          <skipped></skipped>
      </testcase>
      <testcase name="[sig-storage] Downward API volume should set mode on item file [NodeConformance] [Conformance]" classname="Kubernetes e2e suite" time="8.36922914"></testcase>
      <testcase name="[sig-scheduling] ResourceQuota should create a ResourceQuota and capture the life of a replica set." classname="Kubernetes e2e suite" time="0">
          <skipped></skipped>
      </testcase>
      <testcase name="[k8s.io] [sig-node] AppArmor load AppArmor profiles should enforce an AppArmor profile" classname="Kubernetes e2e suite" time="0">
          <skipped></skipped>
      </testcase>
      <testcase name="[sig-storage] Projected should set mode on item file [NodeConformance] [Conformance]" classname="Kubernetes e2e suite" time="10.37720552"></testcase>
      <testcase name="[sig-storage] Subpath [Volume type: gluster] should support existing single file" classname="Kubernetes e2e suite" time="0">
          <skipped></skipped>
      </testcase>
      <testcase name="[k8s.io] Docker Containers should be able to override the image&#39;s default arguments (docker cmd) [NodeConformance] [Conformance]" classname="Kubernetes e2e suite" time="8.36525512"></testcase>
      <testcase name="[k8s.io] [Feature:Example] [k8s.io] Redis should create and stop redis servers" classname="Kubernetes e2e suite" time="0">
          <skipped></skipped>
      </testcase>
      <testcase name="[sig-network] Services should be able to up and down services" classname="Kubernetes e2e suite" time="0">
          <skipped></skipped>
      </testcase>
      <testcase name="[sig-cluster-lifecycle] [Feature:BootstrapTokens] should delete the token secret when the secret expired" classname="Kubernetes e2e suite" time="0">
          <skipped></skipped>
      </testcase>
      <testcase name="[sig-storage] PV Protection Verify &#34;immediate&#34; deletion of a PV that is not bound to a PVC" classname="Kubernetes e2e suite" time="0">
          <skipped></skipped>
      </testcase>
      <testcase name="[sig-storage] EmptyDir wrapper volumes should not cause race condition when used for configmaps [Serial] [Slow]" classname="Kubernetes e2e suite" time="0">
          <skipped></skipped>
      </testcase>
      <testcase name="[sig-storage] PersistentVolumes-local  [Volume type: blockfs] Set fsGroup for local volume should set fsGroup for one pod" classname="Kubernetes e2e suite" time="0">
          <skipped></skipped>
      </testcase>
      <testcase name="[k8s.io] Variable Expansion should allow substituting values in a container&#39;s args [NodeConformance] [Conformance]" classname="Kubernetes e2e suite" time="16.38476944"></testcase>
      <testcase name="[sig-instrumentation] Stackdriver Monitoring should have accelerator metrics [Feature:StackdriverAcceleratorMonitoring]" classname="Kubernetes e2e suite" time="0">
          <skipped></skipped>
      </testcase>
      <testcase name="[k8s.io] InitContainer [NodeConformance] should not start app containers if init containers fail on a RestartAlways pod" classname="Kubernetes e2e suite" time="0">
          <skipped></skipped>
      </testcase>
      <testcase name="[sig-apps] Daemon set [Serial] should update pod when spec was updated and update strategy is RollingUpdate [Conformance]" classname="Kubernetes e2e suite" time="26.85437192"></testcase>
      <testcase name="[sig-storage] Subpath [Volume type: nfsPVC] should support non-existent path" classname="Kubernetes e2e suite" time="0">
          <skipped></skipped>
      </testcase>
      <testcase name="[sig-storage] EmptyDir volumes should support (root,0644,default) [NodeConformance] [Conformance]" classname="Kubernetes e2e suite" time="8.3857224"></testcase>
      <testcase name="[sig-auth] PodSecurityPolicy should allow pods under the privileged extensions.PodSecurityPolicy" classname="Kubernetes e2e suite" time="0">
          <skipped></skipped>
      </testcase>
      <testcase name="[sig-network] Services should be able to switch session affinity for NodePort service" classname="Kubernetes e2e suite" time="0">
          <skipped></skipped>
      </testcase>
      <testcase name="[sig-storage] Subpath [Volume type: gluster] should fail if subpath with backstepping is outside the volume [Slow]" classname="Kubernetes e2e suite" time="0">
          <skipped></skipped>
      </testcase>
      <testcase name="[sig-storage] Projected should be consumable from pods in volume as non-root with FSGroup [NodeFeature:FSGroup]" classname="Kubernetes e2e suite" time="0">
          <skipped></skipped>
      </testcase>
      <testcase name="[sig-network] Networking Granular Checks: Services [Slow] should update endpoints: http" classname="Kubernetes e2e suite" time="0">
          <skipped></skipped>
      </testcase>
      <testcase name="[sig-storage] Subpath [Volume type: gcePDPartitioned] should support restarting containers using directory as subpath [Slow]" classname="Kubernetes e2e suite" time="0">
          <skipped></skipped>
      </testcase>
      <testcase name="[sig-storage] Projected should be consumable from pods in volume as non-root with defaultMode and fsGroup set [NodeFeature:FSGroup]" classname="Kubernetes e2e suite" time="0">
          <skipped></skipped>
      </testcase>
      <testcase name="[sig-storage] PVC Protection Verify &#34;immediate&#34; deletion of a PVC that is not in active use by a pod" classname="Kubernetes e2e suite" time="0">
          <skipped></skipped>
      </testcase>
      <testcase name="[sig-storage] GenericPersistentVolume[Disruptive] When kubelet restarts Should test that a file written to the mount before kubelet restart is readable after restart." classname="Kubernetes e2e suite" time="0">
          <skipped></skipped>
      </testcase>
      <testcase name="[sig-apps] Job should delete a job" classname="Kubernetes e2e suite" time="0">
          <skipped></skipped>
      </testcase>
      <testcase name="[sig-apps] Deployment RollingUpdateDeployment should delete old pods and create new ones" classname="Kubernetes e2e suite" time="0">
          <skipped></skipped>
      </testcase>
      <testcase name="[sig-cluster-lifecycle] kube-proxy migration [Feature:KubeProxyDaemonSetMigration] Upgrade kube-proxy from static pods to a DaemonSet should maintain a functioning cluster [Feature:KubeProxyDaemonSetUpgrade]" classname="Kubernetes e2e suite" time="0">
          <skipped></skipped>
      </testcase>
      <testcase name="[sig-apps] StatefulSet [k8s.io] Basic StatefulSet functionality [StatefulSetBasic] Should recreate evicted statefulset [Conformance]" classname="Kubernetes e2e suite" time="24.45257564"></testcase>
      <testcase name="[sig-storage] HostPath should support existing single file subPath" classname="Kubernetes e2e suite" time="0">
          <skipped></skipped>
      </testcase>
      <testcase name="[sig-storage] Subpath [Volume type: emptyDir] should support restarting containers using directory as subpath [Slow]" classname="Kubernetes e2e suite" time="0">
          <skipped></skipped>
      </testcase>
      <testcase name="[sig-storage] Subpath [Volume type: emptyDir] should fail for new directories when readOnly specified in the volumeSource" classname="Kubernetes e2e suite" time="0">
          <skipped></skipped>
      </testcase>
      <testcase name="[sig-storage] Volume Disk Size [Feature:vsphere] verify dynamically provisioned pv using storageclass with an invalid disk size fails" classname="Kubernetes e2e suite" time="0">
          <skipped></skipped>
      </testcase>
      <testcase name="[sig-network] Loadbalancing: L7 GCE [Slow] [Feature:kubemci] should remove clusters as expected" classname="Kubernetes e2e suite" time="0">
          <skipped></skipped>
      </testcase>
      <testcase name="[sig-network] Services should be able to create an internal type load balancer [Slow] [DisabledForLargeClusters]" classname="Kubernetes e2e suite" time="0">
          <skipped></skipped>
      </testcase>
      <testcase name="[sig-autoscaling] Cluster size autoscaling [Slow] shouldn&#39;t scale down when non expendable pod is running [Feature:ClusterSizeAutoscalingScaleDown]" classname="Kubernetes e2e suite" time="0">
          <skipped></skipped>
      </testcase>
      <testcase name="[sig-storage] Pod Disks schedule pods each with a PD, delete pod and verify detach [Slow] for RW PD with pod delete grace period of &#34;default (30s)&#34;" classname="Kubernetes e2e suite" time="0">
          <skipped></skipped>
      </testcase>
      <testcase name="[sig-apps] Deployment deployment reaping should cascade to its replica sets and pods" classname="Kubernetes e2e suite" time="0">
          <skipped></skipped>
      </testcase>
      <testcase name="[sig-apps] CronJob should delete successful finished jobs with limit of one successful job" classname="Kubernetes e2e suite" time="0">
          <skipped></skipped>
      </testcase>
      <testcase name="[k8s.io] Probing container should have monotonically increasing restart count [Slow][NodeConformance] [Conformance]" classname="Kubernetes e2e suite" time="154.71945988"></testcase>
      <testcase name="[sig-storage] PersistentVolumes-local  [Volume type: block] [Feature:BlockVolume] Two pods mounting a local volume one after the other should be able to write from pod1 and read from pod2" classname="Kubernetes e2e suite" time="0">
          <skipped></skipped>
      </testcase>
      <testcase name="[sig-storage] PersistentVolumes-local  [Volume type: dir-link] Set fsGroup for local volume should not set different fsGroups for two pods simultaneously" classname="Kubernetes e2e suite" time="0">
          <skipped></skipped>
      </testcase>
      <testcase name="[sig-storage] Node Unregister [Feature:vsphere] [Slow] [Disruptive] node unregister" classname="Kubernetes e2e suite" time="0">
          <skipped></skipped>
      </testcase>
      <testcase name="[sig-api-machinery] Initializers [Feature:Initializers] will be set to nil if a patch removes the last pending initializer" classname="Kubernetes e2e suite" time="0">
          <skipped></skipped>
      </testcase>
      <testcase name="[k8s.io] [sig-node] Security Context [Feature:SecurityContext] should support seccomp alpha runtime/default annotation [Feature:Seccomp]" classname="Kubernetes e2e suite" time="0">
          <skipped></skipped>
      </testcase>
      <testcase name="[sig-storage] Subpath [Volume type: gcePDPartitioned] should fail if subpath file is outside the volume [Slow]" classname="Kubernetes e2e suite" time="0">
          <skipped></skipped>
      </testcase>
      <testcase name="[sig-autoscaling] Cluster size autoscaling [Slow] should increase cluster size if pending pods are small and there is another node pool that is not autoscaled [Feature:ClusterSizeAutoscalingScaleUp]" classname="Kubernetes e2e suite" time="0">
          <skipped></skipped>
      </testcase>
      <testcase name="[sig-network] NetworkPolicy NetworkPolicy between server and client should enforce policy based on NamespaceSelector [Feature:NetworkPolicy]" classname="Kubernetes e2e suite" time="0">
          <skipped></skipped>
      </testcase>
      <testcase name="[sig-storage] Subpath [Volume type: gcePDPVC] should support restarting containers using directory as subpath [Slow]" classname="Kubernetes e2e suite" time="0">
          <skipped></skipped>
      </testcase>
      <testcase name="[sig-autoscaling] [HPA] Horizontal pod autoscaling (scale resource: CPU) [sig-autoscaling] ReplicationController light Should scale from 1 pod to 2 pods" classname="Kubernetes e2e suite" time="0">
          <skipped></skipped>
      </testcase>
      <testcase name="[k8s.io] [sig-node] Kubelet [Serial] [Slow] [k8s.io] [sig-node] experimental resource usage tracking [Feature:ExperimentalResourceUsageTracking] resource tracking for 100 pods per node" classname="Kubernetes e2e suite" time="0">
          <skipped></skipped>
      </testcase>
      <testcase name="[sig-apps] StatefulSet [k8s.io] Deploy clustered applications [Feature:StatefulSet] [Slow] should creating a working CockroachDB cluster" classname="Kubernetes e2e suite" time="0">
          <skipped></skipped>
      </testcase>
      <testcase name="[sig-network] Loadbalancing: L7 GCE [Slow] [Feature:kubemci] should conform to Ingress spec" classname="Kubernetes e2e suite" time="0">
          <skipped></skipped>
      </testcase>
      <testcase name="[sig-network] Loadbalancing: L7 GCE [Slow] [Feature:Ingress] multicluster ingress should get instance group annotation" classname="Kubernetes e2e suite" time="0">
          <skipped></skipped>
      </testcase>
      <testcase name="[sig-cli] Kubectl client [k8s.io] Update Demo should create and stop a replication controller  [Conformance]" classname="Kubernetes e2e suite" time="15.17534742"></testcase>
      <testcase name="[sig-storage] PersistentVolumes-local  [Volume type: dir-link] Set fsGroup for local volume should set different fsGroup for second pod if first pod is deleted" classname="Kubernetes e2e suite" time="0">
          <skipped></skipped>
      </testcase>
      <testcase name="[sig-storage] Dynamic Provisioning DynamicProvisioner should provision storage with mount options" classname="Kubernetes e2e suite" time="0">
          <skipped></skipped>
      </testcase>
      <testcase name="[sig-cli] Kubectl client [k8s.io] Kubectl cluster-info should check if Kubernetes master services is included in cluster-info  [Conformance]" classname="Kubernetes e2e suite" time="6.65098292"></testcase>
      <testcase name="[sig-storage] Subpath [Volume type: hostPath] should fail if subpath with backstepping is outside the volume [Slow]" classname="Kubernetes e2e suite" time="0">
          <skipped></skipped>
      </testcase>
      <testcase name="[sig-scalability] Load capacity [Feature:ManualPerformance] should be able to handle 30 pods per node { Random} with 0 secrets, 0 configmaps and 0 daemons" classname="Kubernetes e2e suite" time="0">
          <skipped></skipped>
      </testcase>
      <testcase name="[sig-storage] Subpath [Volume type: gluster] should support restarting containers using file as subpath [Slow]" classname="Kubernetes e2e suite" time="0">
          <skipped></skipped>
      </testcase>
      <testcase name="[k8s.io] Sysctls [NodeFeature:Sysctls] should reject invalid sysctls" classname="Kubernetes e2e suite" time="0">
          <skipped></skipped>
      </testcase>
      <testcase name="[sig-cli] Kubectl client [k8s.io] Kubectl run CronJob should create a CronJob" classname="Kubernetes e2e suite" time="0">
          <skipped></skipped>
      </testcase>
      <testcase name="[sig-storage] Downward API volume should provide podname as non-root with fsgroup [NodeFeature:FSGroup]" classname="Kubernetes e2e suite" time="0">
          <skipped></skipped>
      </testcase>
      <testcase name="[sig-network] Services should be able to change the type from ClusterIP to ExternalName" classname="Kubernetes e2e suite" time="0">
          <skipped></skipped>
      </testcase>
      <testcase name="[sig-storage] PersistentVolumes GCEPD should test that deleting the PV before the pod does not cause pod deletion to fail on PD detach" classname="Kubernetes e2e suite" time="0">
          <skipped></skipped>
      </testcase>
      <testcase name="[sig-network] Networking Granular Checks: Services [Slow] should function for client IP based session affinity: udp" classname="Kubernetes e2e suite" time="0">
          <skipped></skipped>
      </testcase>
      <testcase name="[k8s.io] [sig-node] Security Context [Feature:SecurityContext] should support volume SELinux relabeling when using hostPID" classname="Kubernetes e2e suite" time="0">
          <skipped></skipped>
      </testcase>
      <testcase name="[sig-storage] Projected should be consumable from pods in volume with mappings [NodeConformance] [Conformance]" classname="Kubernetes e2e suite" time="8.36805776"></testcase>
      <testcase name="[k8s.io] InitContainer [NodeConformance] should invoke init containers on a RestartAlways pod" classname="Kubernetes e2e suite" time="0">
          <skipped></skipped>
      </testcase>
      <testcase name="[sig-autoscaling] [HPA] Horizontal pod autoscaling (scale resource: Custom Metrics from Stackdriver) should scale up with two External metrics from Stackdriver [Feature:CustomMetricsAutoscaling]" classname="Kubernetes e2e suite" time="0">
          <skipped></skipped>
      </testcase>
      <testcase name="[sig-storage] Pod Disks schedule pods each with a PD, delete pod and verify detach [Slow] for read-only PD with pod delete grace period of &#34;default (30s)&#34;" classname="Kubernetes e2e suite" time="0">
          <skipped></skipped>
      </testcase>
      <testcase name="[sig-storage] Subpath [Volume type: gluster] should support non-existent path" classname="Kubernetes e2e suite" time="0">
          <skipped></skipped>
      </testcase>
      <testcase name="[sig-storage] ConfigMap binary data should be reflected in volume [NodeConformance]" classname="Kubernetes e2e suite" time="0">
          <skipped></skipped>
      </testcase>
      <testcase name="[sig-storage] EmptyDir wrapper volumes should not cause race condition when used for git_repo [Serial] [Slow]" classname="Kubernetes e2e suite" time="0">
          <skipped></skipped>
      </testcase>
      <testcase name="[sig-cli] Kubectl client [k8s.io] Kubectl taint [Serial] should update the taint on a node" classname="Kubernetes e2e suite" time="0">
          <skipped></skipped>
      </testcase>
      <testcase name="[sig-storage] Volume plugin streaming [Slow] NFS should write files of various sizes, verify size, validate content" classname="Kubernetes e2e suite" time="0">
          <skipped></skipped>
      </testcase>
      <testcase name="[sig-autoscaling] Cluster size autoscaling [Slow] Should scale down GPU pool from 1 [GpuType:nvidia-tesla-p100] [Feature:ClusterSizeAutoscalingGpu]" classname="Kubernetes e2e suite" time="0">
          <skipped></skipped>
      </testcase>
      <testcase name="[sig-storage] EmptyDir volumes should support (root,0644,tmpfs) [NodeConformance] [Conformance]" classname="Kubernetes e2e suite" time="8.3784379"></testcase>
      <testcase name="[sig-cluster-lifecycle] Reboot [Disruptive] [Feature:Reboot] each node by dropping all outbound packets for a while and ensure they function afterwards" classname="Kubernetes e2e suite" time="0">
          <skipped></skipped>
      </testcase>
      <testcase name="[sig-storage] Secrets should be consumable from pods in volume with defaultMode set [NodeConformance] [Conformance]" classname="Kubernetes e2e suite" time="8.3766405"></testcase>
      <testcase name="[sig-storage] Dynamic Provisioning [k8s.io] GlusterDynamicProvisioner should create and delete persistent volumes [fast]" classname="Kubernetes e2e suite" time="0">
          <skipped></skipped>
      </testcase>
      <testcase name="[sig-api-machinery] Garbage collector should orphan pods created by rc if delete options say so [Conformance]" classname="Kubernetes e2e suite" time="46.37242166"></testcase>
      <testcase name="[sig-storage] Projected should be consumable from pods in volume with defaultMode set [NodeConformance] [Conformance]" classname="Kubernetes e2e suite" time="10.42072374"></testcase>
      <testcase name="[sig-network] Loadbalancing: L7 GCE [Slow] [Feature:NEG] should be able to switch between IG and NEG modes" classname="Kubernetes e2e suite" time="0">
          <skipped></skipped>
      </testcase>
      <testcase name="[sig-network] Loadbalancing: L7 GCE [Slow] [Feature:Ingress] should create ingress with backend HTTPS" classname="Kubernetes e2e suite" time="0">
          <skipped></skipped>
      </testcase>
      <testcase name="[sig-api-machinery] Garbage collector should orphan pods created by rc if deleteOptions.OrphanDependents is nil" classname="Kubernetes e2e suite" time="0">
          <skipped></skipped>
      </testcase>
      <testcase name="[sig-storage] PersistentVolumes-local  [Volume type: tmpfs] Two pods mounting a local volume one after the other should be able to write from pod1 and read from pod2" classname="Kubernetes e2e suite" time="0">
          <skipped></skipped>
      </testcase>
      <testcase name="[sig-auth] ServiceAccounts should mount an API token into pods  [Conformance]" classname="Kubernetes e2e suite" time="14.98944288"></testcase>
      <testcase name="[sig-auth] PodSecurityPolicy should enforce the restricted extensions.PodSecurityPolicy" classname="Kubernetes e2e suite" time="0">
          <skipped></skipped>
      </testcase>
      <testcase name="[sig-storage] Volume Provisioning On Clustered Datastore [Feature:vsphere] verify dynamic provision with spbm policy on clustered datastore" classname="Kubernetes e2e suite" time="0">
          <skipped></skipped>
      </testcase>
      <testcase name="[sig-apps] Deployment iterative rollouts should eventually progress" classname="Kubernetes e2e suite" time="0">
          <skipped></skipped>
      </testcase>
      <testcase name="[sig-storage] Subpath [Volume type: gluster] should unmount if pod is force deleted while kubelet is down [Disruptive][Slow]" classname="Kubernetes e2e suite" time="0">
          <skipped></skipped>
      </testcase>
      <testcase name="[sig-network] DNS should provide DNS for services  [Conformance]" classname="Kubernetes e2e suite" time="40.57459722"></testcase>
      <testcase name="[sig-apps] DaemonRestart [Disruptive] Controller Manager should not create/delete replicas across restart" classname="Kubernetes e2e suite" time="0">
          <skipped></skipped>
      </testcase>
      <testcase name="[k8s.io] [sig-node] Pod garbage collector [Feature:PodGarbageCollector] [Slow] should handle the creation of 1000 pods" classname="Kubernetes e2e suite" time="0">
          <skipped></skipped>
      </testcase>
      <testcase name="[sig-apps] Job should adopt matching orphans and release non-matching pods" classname="Kubernetes e2e suite" time="0">
          <skipped></skipped>
      </testcase>
      <testcase name="[sig-storage] EmptyDir volumes volume on tmpfs should have the correct mode [NodeConformance] [Conformance]" classname="Kubernetes e2e suite" time="8.3752116"></testcase>
      <testcase name="[sig-storage] Subpath [Volume type: hostPathSymlink] should support restarting containers using file as subpath [Slow]" classname="Kubernetes e2e suite" time="0">
          <skipped></skipped>
      </testcase>
      <testcase name="[sig-storage] PersistentVolumes-local  [Volume type: dir] Two pods mounting a local volume one after the other should be able to write from pod1 and read from pod2" classname="Kubernetes e2e suite" time="0">
          <skipped></skipped>
      </testcase>
      <testcase name="[sig-scalability] Load capacity [Feature:ManualPerformance] should be able to handle 30 pods per node { ReplicationController} with 0 secrets, 0 configmaps and 0 daemons with quotas" classname="Kubernetes e2e suite" time="0">
          <skipped></skipped>
      </testcase>
      <testcase name="[sig-cli] Kubectl client [k8s.io] Kubectl apply apply set/view last-applied" classname="Kubernetes e2e suite" time="0">
          <skipped></skipped>
      </testcase>
      <testcase name="[sig-storage] Subpath [Volume type: hostPath] should unmount if pod is force deleted while kubelet is down [Disruptive][Slow]" classname="Kubernetes e2e suite" time="0">
          <skipped></skipped>
      </testcase>
      <testcase name="[sig-api-machinery] Etcd failure [Disruptive] should recover from network partition with master" classname="Kubernetes e2e suite" time="0">
          <skipped></skipped>
      </testcase>
      <testcase name="[sig-storage] Volumes PD should be mountable with ext4" classname="Kubernetes e2e suite" time="0">
          <skipped></skipped>
      </testcase>
      <testcase name="[sig-network] Networking Granular Checks: Services [Slow] should function for node-Service: http" classname="Kubernetes e2e suite" time="0">
          <skipped></skipped>
      </testcase>
      <testcase name="[sig-storage] Subpath [Volume type: gcePDPVC] should fail if subpath file is outside the volume [Slow]" classname="Kubernetes e2e suite" time="0">
          <skipped></skipped>
      </testcase>
      <testcase name="[sig-storage] PersistentVolumes:vsphere should test that deleting the Namespace of a PVC and Pod causes the successful detach of vsphere volume" classname="Kubernetes e2e suite" time="0">
          <skipped></skipped>
      </testcase>
      <testcase name="[sig-storage] GCP Volumes NFSv3 should be mountable for NFSv3" classname="Kubernetes e2e suite" time="0">
          <skipped></skipped>
      </testcase>
      <testcase name="[sig-cli] Kubectl client [k8s.io] Kubectl patch should add annotations for pods in rc  [Conformance]" classname="Kubernetes e2e suite" time="26.27658148"></testcase>
      <testcase name="[sig-storage] Subpath [Volume type: gluster] should support creating multiple subpath from same volumes [Slow]" classname="Kubernetes e2e suite" time="0">
          <skipped></skipped>
      </testcase>
      <testcase name="[sig-storage] [Serial] Volume metrics should create prometheus metrics for volume provisioning and attach/detach" classname="Kubernetes e2e suite" time="0">
          <skipped></skipped>
      </testcase>
      <testcase name="[k8s.io] Probing container with readiness probe should not be ready before initial delay and never restart [NodeConformance] [Conformance]" classname="Kubernetes e2e suite" time="42.3483872"></testcase>
      <testcase name="[sig-autoscaling] Cluster size autoscaling [Slow] Should scale up GPU pool from 1 [GpuType:nvidia-tesla-v100] [Feature:ClusterSizeAutoscalingGpu]" classname="Kubernetes e2e suite" time="0">
          <skipped></skipped>
      </testcase>
      <testcase name="[sig-cluster-lifecycle] HA-master [Feature:HAMaster] survive addition/removal replicas same zone [Serial][Disruptive]" classname="Kubernetes e2e suite" time="0">
          <skipped></skipped>
      </testcase>
      <testcase name="[sig-storage] Volumes NFS should be mountable" classname="Kubernetes e2e suite" time="0">
          <skipped></skipped>
      </testcase>
      <testcase name="[sig-autoscaling] Cluster size autoscaling [Slow] should correctly scale down after a node is not needed and one node is broken [Feature:ClusterSizeAutoscalingScaleDown]" classname="Kubernetes e2e suite" time="0">
          <skipped></skipped>
      </testcase>
      <testcase name="[sig-api-machinery] AdmissionWebhook Should deny crd creation" classname="Kubernetes e2e suite" time="0">
          <skipped></skipped>
      </testcase>
      <testcase name="[sig-cluster-lifecycle] ingress Downgrade [Feature:IngressDowngrade] ingress downgrade should maintain a functioning ingress" classname="Kubernetes e2e suite" time="0">
          <skipped></skipped>
      </testcase>
      <testcase name="[sig-cli] Kubectl client [k8s.io] Guestbook application should create and stop a working application  [Conformance]" classname="Kubernetes e2e suite" time="48.70155626"></testcase>
      <testcase name="[k8s.io] Probing container should *not* be restarted with a /healthz http liveness probe [NodeConformance] [Conformance]" classname="Kubernetes e2e suite" time="248.94296094"></testcase>
      <testcase name="[sig-cluster-lifecycle] [Feature:BootstrapTokens] should delete the signed bootstrap tokens from clusterInfo ConfigMap when bootstrap token is deleted" classname="Kubernetes e2e suite" time="0">
          <skipped></skipped>
      </testcase>
      <testcase name="[sig-cluster-lifecycle] etcd Upgrade [Feature:EtcdUpgrade] etcd upgrade should maintain a functioning cluster" classname="Kubernetes e2e suite" time="0">
          <skipped></skipped>
      </testcase>
      <testcase name="[sig-storage] Subpath [Volume type: nfsPVC] should support restarting containers using file as subpath [Slow]" classname="Kubernetes e2e suite" time="0">
          <skipped></skipped>
      </testcase>
      <testcase name="[sig-apps] StatefulSet [k8s.io] Basic StatefulSet functionality [StatefulSetBasic] Scaling should happen in predictable order and halt if any stateful pod is unhealthy [Conformance]" classname="Kubernetes e2e suite" time="381.3571023"></testcase>
      <testcase name="[k8s.io] EquivalenceCache [Serial] validates pod anti-affinity works properly when new replica pod is scheduled" classname="Kubernetes e2e suite" time="0">
          <skipped></skipped>
      </testcase>
      <testcase name="[sig-storage] Regional PD RegionalPD should provision storage [Slow]" classname="Kubernetes e2e suite" time="0">
          <skipped></skipped>
      </testcase>
      <testcase name="[sig-storage] NFSPersistentVolumes[Disruptive][Flaky] when kubelet restarts Should test that a file written to the mount before kubelet restart is readable after restart." classname="Kubernetes e2e suite" time="0">
          <skipped></skipped>
      </testcase>
      <testcase name="[sig-cli] Kubectl client [k8s.io] Kubectl label should update the label on a resource  [Conformance]" classname="Kubernetes e2e suite" time="11.30329742"></testcase>
      <testcase name="[sig-network] NetworkPolicy NetworkPolicy between server and client should enforce policy based on Ports [Feature:NetworkPolicy]" classname="Kubernetes e2e suite" time="0">
          <skipped></skipped>
      </testcase>
      <testcase name="[sig-network] Loadbalancing: L7 GCE [Slow] [Feature:NEG] rolling update backend pods should not cause service disruption" classname="Kubernetes e2e suite" time="0">
          <skipped></skipped>
      </testcase>
      <testcase name="[sig-storage] Volume Attach Verify [Feature:vsphere][Serial][Disruptive] verify volume remains attached after master kubelet restart" classname="Kubernetes e2e suite" time="0">
          <skipped></skipped>
      </testcase>
      <testcase name="[k8s.io] [sig-node] SSH should SSH to all nodes and run commands" classname="Kubernetes e2e suite" time="0">
          <skipped></skipped>
      </testcase>
      <testcase name="[sig-storage] PersistentVolumes NFS with Single PV - PVC pairs should create a non-pre-bound PV and PVC: test write access " classname="Kubernetes e2e suite" time="0">
          <skipped></skipped>
      </testcase>
      <testcase name="[sig-storage] Subpath [Volume type: gcePDPartitioned] should support existing single file" classname="Kubernetes e2e suite" time="0">
          <skipped></skipped>
      </testcase>
      <testcase name="[sig-network] Services should use same NodePort with same port but different protocols" classname="Kubernetes e2e suite" time="0">
          <skipped></skipped>
      </testcase>
      <testcase name="[sig-autoscaling] Cluster size autoscaling [Slow] Should scale up GPU pool from 1 [GpuType:nvidia-tesla-k80] [Feature:ClusterSizeAutoscalingGpu]" classname="Kubernetes e2e suite" time="0">
          <skipped></skipped>
      </testcase>
      <testcase name="[sig-storage] Projected should be consumable from pods in volume with mappings and Item Mode set [NodeConformance] [Conformance]" classname="Kubernetes e2e suite" time="8.39538798"></testcase>
      <testcase name="[sig-storage] Verify Volume Attach Through vpxd Restart [Feature:vsphere][Serial][Disruptive] verify volume remains attached through vpxd restart" classname="Kubernetes e2e suite" time="0">
          <skipped></skipped>
      </testcase>
      <testcase name="[sig-storage] EmptyDir volumes should support (non-root,0644,tmpfs) [NodeConformance] [Conformance]" classname="Kubernetes e2e suite" time="8.37838362"></testcase>
      <testcase name="[sig-storage] Secrets should be consumable from pods in volume [NodeConformance] [Conformance]" classname="Kubernetes e2e suite" time="8.37854914"></testcase>
      <testcase name="[sig-api-machinery] Downward API should provide pod name, namespace and IP address as env vars [NodeConformance] [Conformance]" classname="Kubernetes e2e suite" time="16.39822176"></testcase>
      <testcase name="[sig-autoscaling] Cluster size autoscaling [Slow] shouldn&#39;t increase cluster size if pending pod is too large [Feature:ClusterSizeAutoscalingScaleUp]" classname="Kubernetes e2e suite" time="0">
          <skipped></skipped>
      </testcase>
      <testcase name="[k8s.io] Pods should contain environment variables for services [NodeConformance] [Conformance]" classname="Kubernetes e2e suite" time="34.43817832"></testcase>
      <testcase name="[k8s.io] Probing container should *not* be restarted with a exec &#34;cat /tmp/health&#34; liveness probe [NodeConformance] [Conformance]" classname="Kubernetes e2e suite" time="254.93650532"></testcase>
      <testcase name="[sig-storage] Pod Disks schedule pods each with a PD, delete pod and verify detach [Slow] for RW PD with pod delete grace period of &#34;immediate (0s)&#34;" classname="Kubernetes e2e suite" time="0">
          <skipped></skipped>
      </testcase>
      <testcase name="[sig-storage] Dynamic Provisioning DynamicProvisioner Default should create and delete default persistent volumes [Slow]" classname="Kubernetes e2e suite" time="0">
          <skipped></skipped>
      </testcase>
      <testcase name="[sig-storage] EmptyDir volumes when FSGroup is specified [NodeFeature:FSGroup] new files should be created with FSGroup ownership when container is root" classname="Kubernetes e2e suite" time="0">
          <skipped></skipped>
      </testcase>
      <testcase name="[sig-network] Services should be able to create a functioning NodePort service" classname="Kubernetes e2e suite" time="0">
          <skipped></skipped>
      </testcase>
      <testcase name="[sig-storage] ConfigMap optional updates should be reflected in volume [NodeConformance] [Conformance]" classname="Kubernetes e2e suite" time="90.95101334"></testcase>
      <testcase name="[sig-api-machinery] AdmissionWebhook Should be able to deny custom resource creation" classname="Kubernetes e2e suite" time="0">
          <skipped></skipped>
      </testcase>
      <testcase name="[sig-cluster-lifecycle] HA-master [Feature:HAMaster] survive addition/removal replicas different zones [Serial][Disruptive]" classname="Kubernetes e2e suite" time="0">
          <skipped></skipped>
      </testcase>
      <testcase name="[sig-network] Networking Granular Checks: Pods should function for node-pod communication: udp [NodeConformance] [Conformance]" classname="Kubernetes e2e suite" time="43.76284178"></testcase>
      <testcase name="[sig-apps] Deployment deployment should support rollover" classname="Kubernetes e2e suite" time="0">
          <skipped></skipped>
      </testcase>
      <testcase name="[sig-scalability] Density [Feature:Performance] should allow starting 30 pods per node using { ReplicationController} with 0 secrets, 0 configmaps and 0 daemons" classname="Kubernetes e2e suite" time="0">
          <skipped></skipped>
      </testcase>
      <testcase name="[sig-api-machinery] Garbage collector should delete jobs and pods created by cronjob" classname="Kubernetes e2e suite" time="0">
          <skipped></skipped>
      </testcase>
      <testcase name="[sig-storage] PersistentVolumes-local  [Volume type: dir-link] Set fsGroup for local volume should set same fsGroup for two pods simultaneously" classname="Kubernetes e2e suite" time="0">
          <skipped></skipped>
      </testcase>
      <testcase name="[sig-apps] ReplicationController should serve a basic image on each replica with a private image" classname="Kubernetes e2e suite" time="0">
          <skipped></skipped>
      </testcase>
      <testcase name="[sig-storage] HostPath should support r/w [NodeConformance]" classname="Kubernetes e2e suite" time="0">
          <skipped></skipped>
      </testcase>
      <testcase name="[sig-scheduling] ResourceQuota should create a ResourceQuota and capture the life of a service." classname="Kubernetes e2e suite" time="0">
          <skipped></skipped>
      </testcase>
      <testcase name="[sig-autoscaling] Cluster size autoscaling [Slow] should be able to scale down by draining system pods with pdb[Feature:ClusterSizeAutoscalingScaleDown]" classname="Kubernetes e2e suite" time="0">
          <skipped></skipped>
      </testcase>
      <testcase name="[sig-auth] PodSecurityPolicy should forbid pod creation when no PSP is available" classname="Kubernetes e2e suite" time="0">
          <skipped></skipped>
      </testcase>
      <testcase name="[sig-storage] Subpath [Volume type: nfs] should support creating multiple subpath from same volumes [Slow]" classname="Kubernetes e2e suite" time="0">
          <skipped></skipped>
      </testcase>
      <testcase name="[sig-storage] PersistentVolumes-local  [Volume type: dir-link] One pod requesting one prebound PVC should be able to mount volume and write from pod1" classname="Kubernetes e2e suite" time="0">
          <skipped></skipped>
      </testcase>
      <testcase name="[sig-storage] Flexvolumes [Disruptive] should be mountable when attachable" classname="Kubernetes e2e suite" time="0">
          <skipped></skipped>
      </testcase>
      <testcase name="[sig-instrumentation] [Feature:PrometheusMonitoring] Prometheus should scrape metrics from annotated pods." classname="Kubernetes e2e suite" time="0">
          <skipped></skipped>
      </testcase>
      <testcase name="[sig-storage] GenericPersistentVolume[Disruptive] When kubelet restarts Should test that a volume mounted to a pod that is force deleted while the kubelet is down unmounts when the kubelet returns." classname="Kubernetes e2e suite" time="0">
          <skipped></skipped>
      </testcase>
      <testcase name="[k8s.io] GKE node pools [Feature:GKENodePool] should create a cluster with multiple node pools [Feature:GKENodePool]" classname="Kubernetes e2e suite" time="0">
          <skipped></skipped>
      </testcase>
      <testcase name="[k8s.io] InitContainer [NodeConformance] should invoke init containers on a RestartNever pod" classname="Kubernetes e2e suite" time="0">
          <skipped></skipped>
      </testcase>
      <testcase name="[sig-storage] Subpath [Volume type: gcePDPartitioned] should support creating multiple subpath from same volumes [Slow]" classname="Kubernetes e2e suite" time="0">
          <skipped></skipped>
      </testcase>
      <testcase name="[sig-storage] ConfigMap should be consumable in multiple volumes in the same pod [NodeConformance] [Conformance]" classname="Kubernetes e2e suite" time="8.37963626"></testcase>
      <testcase name="[sig-cluster-lifecycle] Reboot [Disruptive] [Feature:Reboot] each node by ordering clean reboot and ensure they function upon restart" classname="Kubernetes e2e suite" time="0">
          <skipped></skipped>
      </testcase>
      <testcase name="[sig-storage] Subpath [Volume type: hostPath] should support restarting containers using directory as subpath [Slow]" classname="Kubernetes e2e suite" time="0">
          <skipped></skipped>
      </testcase>
      <testcase name="[sig-instrumentation] Stackdriver Monitoring should run Custom Metrics - Stackdriver Adapter for old resource model [Feature:StackdriverCustomMetrics]" classname="Kubernetes e2e suite" time="0">
          <skipped></skipped>
      </testcase>
      <testcase name="[sig-cli] Kubectl Port forwarding [k8s.io] With a server listening on localhost [k8s.io] that expects NO client request should support a client that connects, sends DATA, and disconnects" classname="Kubernetes e2e suite" time="0">
          <skipped></skipped>
      </testcase>
      <testcase name="[sig-storage] PersistentVolumes-local  [Volume type: block] [Feature:BlockVolume] Set fsGroup for local volume should not set different fsGroups for two pods simultaneously" classname="Kubernetes e2e suite" time="0">
          <skipped></skipped>
      </testcase>
      <testcase name="[sig-cli] Kubectl client [k8s.io] Simple pod should support port-forward" classname="Kubernetes e2e suite" time="0">
          <skipped></skipped>
      </testcase>
      <testcase name="[sig-storage] Subpath [Volume type: emptyDir] should unmount if pod is force deleted while kubelet is down [Disruptive][Slow]" classname="Kubernetes e2e suite" time="0">
          <skipped></skipped>
      </testcase>
      <testcase name="[sig-cli] Kubectl client [k8s.io] Kubectl logs should be able to retrieve and filter logs  [Conformance]" classname="Kubernetes e2e suite" time="14.46294418"></testcase>
      <testcase name="[sig-storage] Subpath [Volume type: gcePDPVC] should support existing directory" classname="Kubernetes e2e suite" time="0">
          <skipped></skipped>
      </testcase>
      <testcase name="[sig-cluster-lifecycle] [Feature:BootstrapTokens] should not delete the token secret when the secret is not expired" classname="Kubernetes e2e suite" time="0">
          <skipped></skipped>
      </testcase>
      <testcase name="[sig-apps] StatefulSet [k8s.io] Deploy clustered applications [Feature:StatefulSet] [Slow] should creating a working redis cluster" classname="Kubernetes e2e suite" time="0">
          <skipped></skipped>
      </testcase>
      <testcase name="[sig-apps] DisruptionController evictions: too few pods, replicaSet, percentage =&gt; should not allow an eviction" classname="Kubernetes e2e suite" time="0">
          <skipped></skipped>
      </testcase>
      <testcase name="[sig-cli] Kubectl Port forwarding [k8s.io] With a server listening on 0.0.0.0 [k8s.io] that expects a client request should support a client that connects, sends DATA, and disconnects" classname="Kubernetes e2e suite" time="0">
          <skipped></skipped>
      </testcase>
      <testcase name="[sig-storage] PersistentVolumes-local  [Volume type: dir-link] Two pods mounting a local volume one after the other should be able to write from pod1 and read from pod2" classname="Kubernetes e2e suite" time="0">
          <skipped></skipped>
      </testcase>
      <testcase name="[sig-storage] Subpath [Volume type: gcePDPartitioned] should support readOnly directory specified in the volumeMount" classname="Kubernetes e2e suite" time="0">
          <skipped></skipped>
      </testcase>
      <testcase name="[sig-storage] Projected should provide node allocatable (memory) as default memory limit if the limit is not set [NodeConformance] [Conformance]" classname="Kubernetes e2e suite" time="8.38473626"></testcase>
      <testcase name="[sig-storage] Subpath [Volume type: hostPathSymlink] should support non-existent path" classname="Kubernetes e2e suite" time="0">
          <skipped></skipped>
      </testcase>
      <testcase name="[sig-cli] Kubectl client [k8s.io] Proxy server should support proxy with --port 0  [Conformance]" classname="Kubernetes e2e suite" time="6.61825476"></testcase>
      <testcase name="[sig-storage] PersistentVolumes-local  Local volume provisioner [Serial] should not create local persistent volume for filesystem volume that was not bind mounted" classname="Kubernetes e2e suite" time="0">
          <skipped></skipped>
      </testcase>
      <testcase name="[k8s.io] [sig-node] Pods Extended [k8s.io] Pods Set QOS Class should be submitted and removed  [Conformance]" classname="Kubernetes e2e suite" time="22.34140432"></testcase>
      <testcase name="[sig-api-machinery] Servers with support for Table transformation should return pod details" classname="Kubernetes e2e suite" time="0">
          <skipped></skipped>
      </testcase>
      <testcase name="[sig-storage] EmptyDir volumes should support (non-root,0666,default) [NodeConformance] [Conformance]" classname="Kubernetes e2e suite" time="8.37897994"></testcase>
      <testcase name="[sig-autoscaling] Cluster size autoscaling [Slow] should add node to the particular mig [Feature:ClusterSizeAutoscalingScaleUp]" classname="Kubernetes e2e suite" time="0">
          <skipped></skipped>
      </testcase>
      <testcase name="[sig-autoscaling] Cluster size autoscaling [Slow] should be able to scale down when rescheduling a pod is required and pdb allows for it[Feature:ClusterSizeAutoscalingScaleDown]" classname="Kubernetes e2e suite" time="0">
          <skipped></skipped>
      </testcase>
      <testcase name="[sig-autoscaling] [HPA] Horizontal pod autoscaling (scale resource: Custom Metrics from Stackdriver) should scale up with two metrics of type Pod from Stackdriver [Feature:CustomMetricsAutoscaling]" classname="Kubernetes e2e suite" time="0">
          <skipped></skipped>
      </testcase>
      <testcase name="[sig-storage] Subpath [Volume type: nfsPVC] should support file as subpath" classname="Kubernetes e2e suite" time="0">
          <skipped></skipped>
      </testcase>
      <testcase name="[sig-scheduling] SchedulerPredicates [Serial] validates that NodeSelector is respected if matching  [Conformance]" classname="Kubernetes e2e suite" time="78.49019094"></testcase>
      <testcase name="[sig-cluster-lifecycle] Restart [Disruptive] should restart all nodes and ensure all nodes and pods recover" classname="Kubernetes e2e suite" time="0">
          <skipped></skipped>
      </testcase>
      <testcase name="[sig-apps] DisruptionController should create a PodDisruptionBudget" classname="Kubernetes e2e suite" time="0">
          <skipped></skipped>
      </testcase>
      <testcase name="[sig-autoscaling] Cluster size autoscaling [Slow] should scale down when expendable pod is running [Feature:ClusterSizeAutoscalingScaleDown]" classname="Kubernetes e2e suite" time="0">
          <skipped></skipped>
      </testcase>
      <testcase name="[k8s.io] [Feature:Example] [k8s.io] CassandraStatefulSet should create statefulset" classname="Kubernetes e2e suite" time="0">
          <skipped></skipped>
      </testcase>
      <testcase name="[sig-cli] Kubectl client [k8s.io] Kubectl rolling-update should support rolling-update to same image  [Conformance]" classname="Kubernetes e2e suite" time="40.08239148"></testcase>
      <testcase name="[sig-storage] Subpath [Volume type: hostPathSymlink] should support file as subpath" classname="Kubernetes e2e suite" time="0">
          <skipped></skipped>
      </testcase>
      <testcase name="[sig-cli] Kubectl client [k8s.io] Kubectl run deployment should create a deployment from an image  [Conformance]" classname="Kubernetes e2e suite" time="25.04331428"></testcase>
      <testcase name="[sig-scheduling] ResourceQuota should verify ResourceQuota with terminating scopes." classname="Kubernetes e2e suite" time="0">
          <skipped></skipped>
      </testcase>
      <testcase name="[sig-instrumentation] [Feature:PrometheusMonitoring] Prometheus should successfully scrape all targets" classname="Kubernetes e2e suite" time="0">
          <skipped></skipped>
      </testcase>
      <testcase name="[sig-storage] Subpath [Volume type: emptyDir] should unmount if pod is gracefully deleted while kubelet is down [Disruptive][Slow]" classname="Kubernetes e2e suite" time="0">
          <skipped></skipped>
      </testcase>
      <testcase name="[sig-auth] [Feature:NodeAuthorizer] Getting a non-existent configmap should exit with the Forbidden error, not a NotFound error" classname="Kubernetes e2e suite" time="0">
          <skipped></skipped>
      </testcase>
      <testcase name="[sig-storage] PVC Protection Verify that scheduling of a pod that uses PVC that is being deleted fails and the pod becomes Unschedulable" classname="Kubernetes e2e suite" time="0">
          <skipped></skipped>
      </testcase>
      <testcase name="[sig-network] Loadbalancing: L7 GCE [Slow] [Feature:Ingress] should be able to switch between HTTPS and HTTP2 modes" classname="Kubernetes e2e suite" time="0">
          <skipped></skipped>
      </testcase>
      <testcase name="[sig-api-machinery] CustomResourceDefinition resources Simple CustomResourceDefinition creating/deleting custom resource definition objects works  [Conformance]" classname="Kubernetes e2e suite" time="7.53078546"></testcase>
      <testcase name="[k8s.io] [Feature:Example] [k8s.io] Hazelcast should create and scale hazelcast" classname="Kubernetes e2e suite" time="0">
          <skipped></skipped>
      </testcase>
      <testcase name="[sig-apps] Job should exceed backoffLimit" classname="Kubernetes e2e suite" time="0">
          <skipped></skipped>
      </testcase>
      <testcase name="[sig-storage] Downward API volume should provide node allocatable (cpu) as default cpu limit if the limit is not set [NodeConformance] [Conformance]" classname="Kubernetes e2e suite" time="8.36610812"></testcase>
      <testcase name="[sig-storage] Volumes PD should be mountable with ext3" classname="Kubernetes e2e suite" time="0">
          <skipped></skipped>
      </testcase>
      <testcase name="[sig-scalability] Density [Feature:ManualPerformance] should allow starting 30 pods per node using {batch Job} with 0 secrets, 0 configmaps and 0 daemons" classname="Kubernetes e2e suite" time="0">
          <skipped></skipped>
      </testcase>
      <testcase name="[k8s.io] Docker Containers should use the image defaults if command and args are blank [NodeConformance] [Conformance]" classname="Kubernetes e2e suite" time="10.37999872"></testcase>
      <testcase name="[sig-autoscaling] [Feature:ClusterSizeAutoscalingScaleUp] [Slow] Autoscaling [sig-autoscaling] Autoscaling a service from 1 pod and 3 nodes to 8 pods and &gt;=4 nodes takes less than 15 minutes" classname="Kubernetes e2e suite" time="0">
          <skipped></skipped>
      </testcase>
      <testcase name="[sig-cli] Kubectl Port forwarding [k8s.io] With a server listening on localhost [k8s.io] that expects a client request should support a client that connects, sends NO DATA, and disconnects" classname="Kubernetes e2e suite" time="0">
          <skipped></skipped>
      </testcase>
      <testcase name="[sig-api-machinery] Downward API should provide default limits.cpu/memory from node allocatable [NodeConformance] [Conformance]" classname="Kubernetes e2e suite" time="309.26238116">
          <failure type="Failure">/root/gopath/src/k8s.io/kubernetes/_output/local/go/src/k8s.io/kubernetes/test/e2e/framework/framework.go:684&#xA;Expected error:&#xA;    &lt;*errors.errorString | 0x4421629300&gt;: {&#xA;        s: &#34;expected pod \&#34;downward-api-3d932d2b-b4a1-11e8-bc45-00073e906c7f\&#34; success: Gave up after waiting 5m0s for pod \&#34;downward-api-3d932d2b-b4a1-11e8-bc45-00073e906c7f\&#34; to be \&#34;success or failure\&#34;&#34;,&#xA;    }&#xA;    expected pod &#34;downward-api-3d932d2b-b4a1-11e8-bc45-00073e906c7f&#34; success: Gave up after waiting 5m0s for pod &#34;downward-api-3d932d2b-b4a1-11e8-bc45-00073e906c7f&#34; to be &#34;success or failure&#34;&#xA;not to have occurred&#xA;/root/gopath/src/k8s.io/kubernetes/_output/local/go/src/k8s.io/kubernetes/test/e2e/framework/util.go:2325</failure>
          <system-out>[BeforeEach] [sig-api-machinery] Downward API&#xA;  /root/gopath/src/k8s.io/kubernetes/_output/local/go/src/k8s.io/kubernetes/test/e2e/framework/framework.go:141&#xA;�[1mSTEP�[0m: Creating a kubernetes client&#xA;Sep 10 02:28:44.892: INFO: &gt;&gt;&gt; kubeConfig: /etc/kubernetes/admin.conf&#xA;�[1mSTEP�[0m: Building a namespace api object&#xA;�[1mSTEP�[0m: Waiting for a default service account to be provisioned in namespace&#xA;[It] should provide default limits.cpu/memory from node allocatable [NodeConformance] [Conformance]&#xA;  /root/gopath/src/k8s.io/kubernetes/_output/local/go/src/k8s.io/kubernetes/test/e2e/framework/framework.go:684&#xA;�[1mSTEP�[0m: Creating a pod to test downward api env vars&#xA;Sep 10 02:28:45.067: INFO: Waiting up to 5m0s for pod &#34;downward-api-3d932d2b-b4a1-11e8-bc45-00073e906c7f&#34; in namespace &#34;e2e-tests-downward-api-gdnw9&#34; to be &#34;success or failure&#34;&#xA;Sep 10 02:28:45.072: INFO: Pod &#34;downward-api-3d932d2b-b4a1-11e8-bc45-00073e906c7f&#34;: Phase=&#34;Pending&#34;, Reason=&#34;&#34;, readiness=false. Elapsed: 4.69626ms&#xA;Sep 10 02:28:47.078: INFO: Pod &#34;downward-api-3d932d2b-b4a1-11e8-bc45-00073e906c7f&#34;: Phase=&#34;Pending&#34;, Reason=&#34;&#34;, readiness=false. Elapsed: 2.01001638s&#xA;Sep 10 02:28:49.083: INFO: Pod &#34;downward-api-3d932d2b-b4a1-11e8-bc45-00073e906c7f&#34;: Phase=&#34;Pending&#34;, Reason=&#34;&#34;, readiness=false. Elapsed: 4.0152064s&#xA;Sep 10 02:28:51.088: INFO: Pod &#34;downward-api-3d932d2b-b4a1-11e8-bc45-00073e906c7f&#34;: Phase=&#34;Pending&#34;, Reason=&#34;&#34;, readiness=false. Elapsed: 6.02034962s&#xA;Sep 10 02:28:53.093: INFO: Pod &#34;downward-api-3d932d2b-b4a1-11e8-bc45-00073e906c7f&#34;: Phase=&#34;Pending&#34;, Reason=&#34;&#34;, readiness=false. Elapsed: 8.02531854s&#xA;Sep 10 02:28:55.098: INFO: Pod &#34;downward-api-3d932d2b-b4a1-11e8-bc45-00073e906c7f&#34;: Phase=&#34;Pending&#34;, Reason=&#34;&#34;, readiness=false. Elapsed: 10.03040312s&#xA;Sep 10 02:28:57.104: INFO: Pod &#34;downward-api-3d932d2b-b4a1-11e8-bc45-00073e906c7f&#34;: Phase=&#34;Pending&#34;, Reason=&#34;&#34;, readiness=false. Elapsed: 12.03614522s&#xA;Sep 10 02:28:59.109: INFO: Pod &#34;downward-api-3d932d2b-b4a1-11e8-bc45-00073e906c7f&#34;: Phase=&#34;Pending&#34;, Reason=&#34;&#34;, readiness=false. Elapsed: 14.04128536s&#xA;Sep 10 02:29:01.114: INFO: Pod &#34;downward-api-3d932d2b-b4a1-11e8-bc45-00073e906c7f&#34;: Phase=&#34;Pending&#34;, Reason=&#34;&#34;, readiness=false. Elapsed: 16.04646526s&#xA;Sep 10 02:29:03.119: INFO: Pod &#34;downward-api-3d932d2b-b4a1-11e8-bc45-00073e906c7f&#34;: Phase=&#34;Pending&#34;, Reason=&#34;&#34;, readiness=false. Elapsed: 18.05158362s&#xA;Sep 10 02:29:05.124: INFO: Pod &#34;downward-api-3d932d2b-b4a1-11e8-bc45-00073e906c7f&#34;: Phase=&#34;Pending&#34;, Reason=&#34;&#34;, readiness=false. Elapsed: 20.0565167s&#xA;Sep 10 02:29:07.129: INFO: Pod &#34;downward-api-3d932d2b-b4a1-11e8-bc45-00073e906c7f&#34;: Phase=&#34;Pending&#34;, Reason=&#34;&#34;, readiness=false. Elapsed: 22.06185132s&#xA;Sep 10 02:29:09.135: INFO: Pod &#34;downward-api-3d932d2b-b4a1-11e8-bc45-00073e906c7f&#34;: Phase=&#34;Pending&#34;, Reason=&#34;&#34;, readiness=false. Elapsed: 24.06727486s&#xA;Sep 10 02:29:11.140: INFO: Pod &#34;downward-api-3d932d2b-b4a1-11e8-bc45-00073e906c7f&#34;: Phase=&#34;Pending&#34;, Reason=&#34;&#34;, readiness=false. Elapsed: 26.0727638s&#xA;Sep 10 02:29:13.146: INFO: Pod &#34;downward-api-3d932d2b-b4a1-11e8-bc45-00073e906c7f&#34;: Phase=&#34;Pending&#34;, Reason=&#34;&#34;, readiness=false. Elapsed: 28.07804472s&#xA;Sep 10 02:29:15.152: INFO: Pod &#34;downward-api-3d932d2b-b4a1-11e8-bc45-00073e906c7f&#34;: Phase=&#34;Pending&#34;, Reason=&#34;&#34;, readiness=false. Elapsed: 30.08405978s&#xA;Sep 10 02:29:17.157: INFO: Pod &#34;downward-api-3d932d2b-b4a1-11e8-bc45-00073e906c7f&#34;: Phase=&#34;Pending&#34;, Reason=&#34;&#34;, readiness=false. Elapsed: 32.08934214s&#xA;Sep 10 02:29:19.162: INFO: Pod &#34;downward-api-3d932d2b-b4a1-11e8-bc45-00073e906c7f&#34;: Phase=&#34;Pending&#34;, Reason=&#34;&#34;, readiness=false. Elapsed: 34.0946636s&#xA;Sep 10 02:29:21.167: INFO: Pod &#34;downward-api-3d932d2b-b4a1-11e8-bc45-00073e906c7f&#34;: Phase=&#34;Pending&#34;, Reason=&#34;&#34;, readiness=false. Elapsed: 36.09970858s&#xA;Sep 10 02:29:23.172: INFO: Pod &#34;downward-api-3d932d2b-b4a1-11e8-bc45-00073e906c7f&#34;: Phase=&#34;Pending&#34;, Reason=&#34;&#34;, readiness=false. Elapsed: 38.10447882s&#xA;Sep 10 02:29:25.177: INFO: Pod &#34;downward-api-3d932d2b-b4a1-11e8-bc45-00073e906c7f&#34;: Phase=&#34;Pending&#34;, Reason=&#34;&#34;, readiness=false. Elapsed: 40.10923662s&#xA;Sep 10 02:29:27.181: INFO: Pod &#34;downward-api-3d932d2b-b4a1-11e8-bc45-00073e906c7f&#34;: Phase=&#34;Pending&#34;, Reason=&#34;&#34;, readiness=false. Elapsed: 42.11396656s&#xA;Sep 10 02:29:29.187: INFO: Pod &#34;downward-api-3d932d2b-b4a1-11e8-bc45-00073e906c7f&#34;: Phase=&#34;Pending&#34;, Reason=&#34;&#34;, readiness=false. Elapsed: 44.11922732s&#xA;Sep 10 02:29:31.192: INFO: Pod &#34;downward-api-3d932d2b-b4a1-11e8-bc45-00073e906c7f&#34;: Phase=&#34;Pending&#34;, Reason=&#34;&#34;, readiness=false. Elapsed: 46.12440526s&#xA;Sep 10 02:29:33.197: INFO: Pod &#34;downward-api-3d932d2b-b4a1-11e8-bc45-00073e906c7f&#34;: Phase=&#34;Pending&#34;, Reason=&#34;&#34;, readiness=false. Elapsed: 48.1295526s&#xA;Sep 10 02:29:35.202: INFO: Pod &#34;downward-api-3d932d2b-b4a1-11e8-bc45-00073e906c7f&#34;: Phase=&#34;Pending&#34;, Reason=&#34;&#34;, readiness=false. Elapsed: 50.13444806s&#xA;Sep 10 02:29:37.207: INFO: Pod &#34;downward-api-3d932d2b-b4a1-11e8-bc45-00073e906c7f&#34;: Phase=&#34;Pending&#34;, Reason=&#34;&#34;, readiness=false. Elapsed: 52.13930376s&#xA;Sep 10 02:29:39.217: INFO: Pod &#34;downward-api-3d932d2b-b4a1-11e8-bc45-00073e906c7f&#34;: Phase=&#34;Pending&#34;, Reason=&#34;&#34;, readiness=false. Elapsed: 54.1495496s&#xA;Sep 10 02:29:41.222: INFO: Pod &#34;downward-api-3d932d2b-b4a1-11e8-bc45-00073e906c7f&#34;: Phase=&#34;Pending&#34;, Reason=&#34;&#34;, readiness=false. Elapsed: 56.15454336s&#xA;Sep 10 02:29:43.227: INFO: Pod &#34;downward-api-3d932d2b-b4a1-11e8-bc45-00073e906c7f&#34;: Phase=&#34;Pending&#34;, Reason=&#34;&#34;, readiness=false. Elapsed: 58.1596417s&#xA;Sep 10 02:29:45.232: INFO: Pod &#34;downward-api-3d932d2b-b4a1-11e8-bc45-00073e906c7f&#34;: Phase=&#34;Pending&#34;, Reason=&#34;&#34;, readiness=false. Elapsed: 1m0.16452802s&#xA;Sep 10 02:29:47.237: INFO: Pod &#34;downward-api-3d932d2b-b4a1-11e8-bc45-00073e906c7f&#34;: Phase=&#34;Pending&#34;, Reason=&#34;&#34;, readiness=false. Elapsed: 1m2.16953162s&#xA;Sep 10 02:29:49.242: INFO: Pod &#34;downward-api-3d932d2b-b4a1-11e8-bc45-00073e906c7f&#34;: Phase=&#34;Pending&#34;, Reason=&#34;&#34;, readiness=false. Elapsed: 1m4.17476674s&#xA;Sep 10 02:29:51.248: INFO: Pod &#34;downward-api-3d932d2b-b4a1-11e8-bc45-00073e906c7f&#34;: Phase=&#34;Pending&#34;, Reason=&#34;&#34;, readiness=false. Elapsed: 1m6.18018374s&#xA;Sep 10 02:29:53.253: INFO: Pod &#34;downward-api-3d932d2b-b4a1-11e8-bc45-00073e906c7f&#34;: Phase=&#34;Pending&#34;, Reason=&#34;&#34;, readiness=false. Elapsed: 1m8.1853386s&#xA;Sep 10 02:29:55.259: INFO: Pod &#34;downward-api-3d932d2b-b4a1-11e8-bc45-00073e906c7f&#34;: Phase=&#34;Pending&#34;, Reason=&#34;&#34;, readiness=false. Elapsed: 1m10.19147552s&#xA;Sep 10 02:29:57.265: INFO: Pod &#34;downward-api-3d932d2b-b4a1-11e8-bc45-00073e906c7f&#34;: Phase=&#34;Pending&#34;, Reason=&#34;&#34;, readiness=false. Elapsed: 1m12.19705254s&#xA;Sep 10 02:29:59.270: INFO: Pod &#34;downward-api-3d932d2b-b4a1-11e8-bc45-00073e906c7f&#34;: Phase=&#34;Pending&#34;, Reason=&#34;&#34;, readiness=false. Elapsed: 1m14.202249s&#xA;Sep 10 02:30:01.275: INFO: Pod &#34;downward-api-3d932d2b-b4a1-11e8-bc45-00073e906c7f&#34;: Phase=&#34;Pending&#34;, Reason=&#34;&#34;, readiness=false. Elapsed: 1m16.20737382s&#xA;Sep 10 02:30:03.280: INFO: Pod &#34;downward-api-3d932d2b-b4a1-11e8-bc45-00073e906c7f&#34;: Phase=&#34;Pending&#34;, Reason=&#34;&#34;, readiness=false. Elapsed: 1m18.2124317s&#xA;Sep 10 02:30:05.285: INFO: Pod &#34;downward-api-3d932d2b-b4a1-11e8-bc45-00073e906c7f&#34;: Phase=&#34;Pending&#34;, Reason=&#34;&#34;, readiness=false. Elapsed: 1m20.21792574s&#xA;Sep 10 02:30:07.291: INFO: Pod &#34;downward-api-3d932d2b-b4a1-11e8-bc45-00073e906c7f&#34;: Phase=&#34;Pending&#34;, Reason=&#34;&#34;, readiness=false. Elapsed: 1m22.22304066s&#xA;Sep 10 02:30:09.295: INFO: Pod &#34;downward-api-3d932d2b-b4a1-11e8-bc45-00073e906c7f&#34;: Phase=&#34;Pending&#34;, Reason=&#34;&#34;, readiness=false. Elapsed: 1m24.22795618s&#xA;Sep 10 02:30:11.300: INFO: Pod &#34;downward-api-3d932d2b-b4a1-11e8-bc45-00073e906c7f&#34;: Phase=&#34;Pending&#34;, Reason=&#34;&#34;, readiness=false. Elapsed: 1m26.23278404s&#xA;Sep 10 02:30:13.305: INFO: Pod &#34;downward-api-3d932d2b-b4a1-11e8-bc45-00073e906c7f&#34;: Phase=&#34;Pending&#34;, Reason=&#34;&#34;, readiness=false. Elapsed: 1m28.23781146s&#xA;Sep 10 02:30:15.310: INFO: Pod &#34;downward-api-3d932d2b-b4a1-11e8-bc45-00073e906c7f&#34;: Phase=&#34;Pending&#34;, Reason=&#34;&#34;, readiness=false. Elapsed: 1m30.24276568s&#xA;Sep 10 02:30:17.315: INFO: Pod &#34;downward-api-3d932d2b-b4a1-11e8-bc45-00073e906c7f&#34;: Phase=&#34;Pending&#34;, Reason=&#34;&#34;, readiness=false. Elapsed: 1m32.24780546s&#xA;Sep 10 02:30:19.321: INFO: Pod &#34;downward-api-3d932d2b-b4a1-11e8-bc45-00073e906c7f&#34;: Phase=&#34;Pending&#34;, Reason=&#34;&#34;, readiness=false. Elapsed: 1m34.25315872s&#xA;Sep 10 02:30:21.326: INFO: Pod &#34;downward-api-3d932d2b-b4a1-11e8-bc45-00073e906c7f&#34;: Phase=&#34;Pending&#34;, Reason=&#34;&#34;, readiness=false. Elapsed: 1m36.25881424s&#xA;Sep 10 02:30:23.332: INFO: Pod &#34;downward-api-3d932d2b-b4a1-11e8-bc45-00073e906c7f&#34;: Phase=&#34;Pending&#34;, Reason=&#34;&#34;, readiness=false. Elapsed: 1m38.26412546s&#xA;Sep 10 02:30:25.336: INFO: Pod &#34;downward-api-3d932d2b-b4a1-11e8-bc45-00073e906c7f&#34;: Phase=&#34;Pending&#34;, Reason=&#34;&#34;, readiness=false. Elapsed: 1m40.26894292s&#xA;Sep 10 02:30:27.341: INFO: Pod &#34;downward-api-3d932d2b-b4a1-11e8-bc45-00073e906c7f&#34;: Phase=&#34;Pending&#34;, Reason=&#34;&#34;, readiness=false. Elapsed: 1m42.27388496s&#xA;Sep 10 02:30:29.346: INFO: Pod &#34;downward-api-3d932d2b-b4a1-11e8-bc45-00073e906c7f&#34;: Phase=&#34;Pending&#34;, Reason=&#34;&#34;, readiness=false. Elapsed: 1m44.27893508s&#xA;Sep 10 02:30:31.352: INFO: Pod &#34;downward-api-3d932d2b-b4a1-11e8-bc45-00073e906c7f&#34;: Phase=&#34;Pending&#34;, Reason=&#34;&#34;, readiness=false. Elapsed: 1m46.2842569s&#xA;Sep 10 02:30:33.357: INFO: Pod &#34;downward-api-3d932d2b-b4a1-11e8-bc45-00073e906c7f&#34;: Phase=&#34;Pending&#34;, Reason=&#34;&#34;, readiness=false. Elapsed: 1m48.2895356s&#xA;Sep 10 02:30:35.362: INFO: Pod &#34;downward-api-3d932d2b-b4a1-11e8-bc45-00073e906c7f&#34;: Phase=&#34;Pending&#34;, Reason=&#34;&#34;, readiness=false. Elapsed: 1m50.29433422s&#xA;Sep 10 02:30:37.367: INFO: Pod &#34;downward-api-3d932d2b-b4a1-11e8-bc45-00073e906c7f&#34;: Phase=&#34;Pending&#34;, Reason=&#34;&#34;, readiness=false. Elapsed: 1m52.29931862s&#xA;Sep 10 02:30:39.372: INFO: Pod &#34;downward-api-3d932d2b-b4a1-11e8-bc45-00073e906c7f&#34;: Phase=&#34;Pending&#34;, Reason=&#34;&#34;, readiness=false. Elapsed: 1m54.30471242s&#xA;Sep 10 02:30:41.377: INFO: Pod &#34;downward-api-3d932d2b-b4a1-11e8-bc45-00073e906c7f&#34;: Phase=&#34;Pending&#34;, Reason=&#34;&#34;, readiness=false. Elapsed: 1m56.30951074s&#xA;Sep 10 02:30:43.382: INFO: Pod &#34;downward-api-3d932d2b-b4a1-11e8-bc45-00073e906c7f&#34;: Phase=&#34;Pending&#34;, Reason=&#34;&#34;, readiness=false. Elapsed: 1m58.31434068s&#xA;Sep 10 02:30:45.387: INFO: Pod &#34;downward-api-3d932d2b-b4a1-11e8-bc45-00073e906c7f&#34;: Phase=&#34;Pending&#34;, Reason=&#34;&#34;, readiness=false. Elapsed: 2m0.31900456s&#xA;Sep 10 02:30:47.391: INFO: Pod &#34;downward-api-3d932d2b-b4a1-11e8-bc45-00073e906c7f&#34;: Phase=&#34;Pending&#34;, Reason=&#34;&#34;, readiness=false. Elapsed: 2m2.3239863s&#xA;Sep 10 02:30:49.397: INFO: Pod &#34;downward-api-3d932d2b-b4a1-11e8-bc45-00073e906c7f&#34;: Phase=&#34;Pending&#34;, Reason=&#34;&#34;, readiness=false. Elapsed: 2m4.32915s&#xA;Sep 10 02:30:51.402: INFO: Pod &#34;downward-api-3d932d2b-b4a1-11e8-bc45-00073e906c7f&#34;: Phase=&#34;Pending&#34;, Reason=&#34;&#34;, readiness=false. Elapsed: 2m6.334225s&#xA;Sep 10 02:30:53.407: INFO: Pod &#34;downward-api-3d932d2b-b4a1-11e8-bc45-00073e906c7f&#34;: Phase=&#34;Pending&#34;, Reason=&#34;&#34;, readiness=false. Elapsed: 2m8.33914428s&#xA;Sep 10 02:30:55.411: INFO: Pod &#34;downward-api-3d932d2b-b4a1-11e8-bc45-00073e906c7f&#34;: Phase=&#34;Pending&#34;, Reason=&#34;&#34;, readiness=false. Elapsed: 2m10.34374658s&#xA;Sep 10 02:30:57.416: INFO: Pod &#34;downward-api-3d932d2b-b4a1-11e8-bc45-00073e906c7f&#34;: Phase=&#34;Pending&#34;, Reason=&#34;&#34;, readiness=false. Elapsed: 2m12.34853998s&#xA;Sep 10 02:30:59.421: INFO: Pod &#34;downward-api-3d932d2b-b4a1-11e8-bc45-00073e906c7f&#34;: Phase=&#34;Pending&#34;, Reason=&#34;&#34;, readiness=false. Elapsed: 2m14.35349478s&#xA;Sep 10 02:31:01.426: INFO: Pod &#34;downward-api-3d932d2b-b4a1-11e8-bc45-00073e906c7f&#34;: Phase=&#34;Pending&#34;, Reason=&#34;&#34;, readiness=false. Elapsed: 2m16.35881012s&#xA;Sep 10 02:31:03.431: INFO: Pod &#34;downward-api-3d932d2b-b4a1-11e8-bc45-00073e906c7f&#34;: Phase=&#34;Pending&#34;, Reason=&#34;&#34;, readiness=false. Elapsed: 2m18.36373426s&#xA;Sep 10 02:31:05.436: INFO: Pod &#34;downward-api-3d932d2b-b4a1-11e8-bc45-00073e906c7f&#34;: Phase=&#34;Pending&#34;, Reason=&#34;&#34;, readiness=false. Elapsed: 2m20.36830346s&#xA;Sep 10 02:31:07.441: INFO: Pod &#34;downward-api-3d932d2b-b4a1-11e8-bc45-00073e906c7f&#34;: Phase=&#34;Pending&#34;, Reason=&#34;&#34;, readiness=false. Elapsed: 2m22.3732464s&#xA;Sep 10 02:31:09.446: INFO: Pod &#34;downward-api-3d932d2b-b4a1-11e8-bc45-00073e906c7f&#34;: Phase=&#34;Pending&#34;, Reason=&#34;&#34;, readiness=false. Elapsed: 2m24.37821844s&#xA;Sep 10 02:31:11.451: INFO: Pod &#34;downward-api-3d932d2b-b4a1-11e8-bc45-00073e906c7f&#34;: Phase=&#34;Pending&#34;, Reason=&#34;&#34;, readiness=false. Elapsed: 2m26.3831008s&#xA;Sep 10 02:31:13.455: INFO: Pod &#34;downward-api-3d932d2b-b4a1-11e8-bc45-00073e906c7f&#34;: Phase=&#34;Pending&#34;, Reason=&#34;&#34;, readiness=false. Elapsed: 2m28.38794376s&#xA;Sep 10 02:31:15.460: INFO: Pod &#34;downward-api-3d932d2b-b4a1-11e8-bc45-00073e906c7f&#34;: Phase=&#34;Pending&#34;, Reason=&#34;&#34;, readiness=false. Elapsed: 2m30.39262762s&#xA;Sep 10 02:31:17.465: INFO: Pod &#34;downward-api-3d932d2b-b4a1-11e8-bc45-00073e906c7f&#34;: Phase=&#34;Pending&#34;, Reason=&#34;&#34;, readiness=false. Elapsed: 2m32.39782s&#xA;Sep 10 02:31:19.470: INFO: Pod &#34;downward-api-3d932d2b-b4a1-11e8-bc45-00073e906c7f&#34;: Phase=&#34;Pending&#34;, Reason=&#34;&#34;, readiness=false. Elapsed: 2m34.40266792s&#xA;Sep 10 02:31:21.475: INFO: Pod &#34;downward-api-3d932d2b-b4a1-11e8-bc45-00073e906c7f&#34;: Phase=&#34;Pending&#34;, Reason=&#34;&#34;, readiness=false. Elapsed: 2m36.4078902s&#xA;Sep 10 02:31:23.480: INFO: Pod &#34;downward-api-3d932d2b-b4a1-11e8-bc45-00073e906c7f&#34;: Phase=&#34;Pending&#34;, Reason=&#34;&#34;, readiness=false. Elapsed: 2m38.41291936s&#xA;Sep 10 02:31:25.485: INFO: Pod &#34;downward-api-3d932d2b-b4a1-11e8-bc45-00073e906c7f&#34;: Phase=&#34;Pending&#34;, Reason=&#34;&#34;, readiness=false. Elapsed: 2m40.41785014s&#xA;Sep 10 02:31:27.490: INFO: Pod &#34;downward-api-3d932d2b-b4a1-11e8-bc45-00073e906c7f&#34;: Phase=&#34;Pending&#34;, Reason=&#34;&#34;, readiness=false. Elapsed: 2m42.42280538s&#xA;Sep 10 02:31:29.495: INFO: Pod &#34;downward-api-3d932d2b-b4a1-11e8-bc45-00073e906c7f&#34;: Phase=&#34;Pending&#34;, Reason=&#34;&#34;, readiness=false. Elapsed: 2m44.4278636s&#xA;Sep 10 02:31:31.500: INFO: Pod &#34;downward-api-3d932d2b-b4a1-11e8-bc45-00073e906c7f&#34;: Phase=&#34;Pending&#34;, Reason=&#34;&#34;, readiness=false. Elapsed: 2m46.43295332s&#xA;Sep 10 02:31:33.505: INFO: Pod &#34;downward-api-3d932d2b-b4a1-11e8-bc45-00073e906c7f&#34;: Phase=&#34;Pending&#34;, Reason=&#34;&#34;, readiness=false. Elapsed: 2m48.4379885s&#xA;Sep 10 02:31:35.510: INFO: Pod &#34;downward-api-3d932d2b-b4a1-11e8-bc45-00073e906c7f&#34;: Phase=&#34;Pending&#34;, Reason=&#34;&#34;, readiness=false. Elapsed: 2m50.44280664s&#xA;Sep 10 02:31:37.515: INFO: Pod &#34;downward-api-3d932d2b-b4a1-11e8-bc45-00073e906c7f&#34;: Phase=&#34;Pending&#34;, Reason=&#34;&#34;, readiness=false. Elapsed: 2m52.44783338s&#xA;Sep 10 02:31:39.521: INFO: Pod &#34;downward-api-3d932d2b-b4a1-11e8-bc45-00073e906c7f&#34;: Phase=&#34;Pending&#34;, Reason=&#34;&#34;, readiness=false. Elapsed: 2m54.45316642s&#xA;Sep 10 02:31:41.526: INFO: Pod &#34;downward-api-3d932d2b-b4a1-11e8-bc45-00073e906c7f&#34;: Phase=&#34;Pending&#34;, Reason=&#34;&#34;, readiness=false. Elapsed: 2m56.45825788s&#xA;Sep 10 02:31:43.531: INFO: Pod &#34;downward-api-3d932d2b-b4a1-11e8-bc45-00073e906c7f&#34;: Phase=&#34;Pending&#34;, Reason=&#34;&#34;, readiness=false. Elapsed: 2m58.46322614s&#xA;Sep 10 02:31:45.536: INFO: Pod &#34;downward-api-3d932d2b-b4a1-11e8-bc45-00073e906c7f&#34;: Phase=&#34;Pending&#34;, Reason=&#34;&#34;, readiness=false. Elapsed: 3m0.46815004s&#xA;Sep 10 02:31:47.541: INFO: Pod &#34;downward-api-3d932d2b-b4a1-11e8-bc45-00073e906c7f&#34;: Phase=&#34;Pending&#34;, Reason=&#34;&#34;, readiness=false. Elapsed: 3m2.47325644s&#xA;Sep 10 02:31:49.546: INFO: Pod &#34;downward-api-3d932d2b-b4a1-11e8-bc45-00073e906c7f&#34;: Phase=&#34;Pending&#34;, Reason=&#34;&#34;, readiness=false. Elapsed: 3m4.47831716s&#xA;Sep 10 02:31:51.551: INFO: Pod &#34;downward-api-3d932d2b-b4a1-11e8-bc45-00073e906c7f&#34;: Phase=&#34;Pending&#34;, Reason=&#34;&#34;, readiness=false. Elapsed: 3m6.48343094s&#xA;Sep 10 02:31:53.556: INFO: Pod &#34;downward-api-3d932d2b-b4a1-11e8-bc45-00073e906c7f&#34;: Phase=&#34;Pending&#34;, Reason=&#34;&#34;, readiness=false. Elapsed: 3m8.48856008s&#xA;Sep 10 02:31:55.561: INFO: Pod &#34;downward-api-3d932d2b-b4a1-11e8-bc45-00073e906c7f&#34;: Phase=&#34;Pending&#34;, Reason=&#34;&#34;, readiness=false. Elapsed: 3m10.4933575s&#xA;Sep 10 02:31:57.566: INFO: Pod &#34;downward-api-3d932d2b-b4a1-11e8-bc45-00073e906c7f&#34;: Phase=&#34;Pending&#34;, Reason=&#34;&#34;, readiness=false. Elapsed: 3m12.49801s&#xA;Sep 10 02:31:59.570: INFO: Pod &#34;downward-api-3d932d2b-b4a1-11e8-bc45-00073e906c7f&#34;: Phase=&#34;Pending&#34;, Reason=&#34;&#34;, readiness=false. Elapsed: 3m14.50297274s&#xA;Sep 10 02:32:01.576: INFO: Pod &#34;downward-api-3d932d2b-b4a1-11e8-bc45-00073e906c7f&#34;: Phase=&#34;Pending&#34;, Reason=&#34;&#34;, readiness=false. Elapsed: 3m16.50810182s&#xA;Sep 10 02:32:03.581: INFO: Pod &#34;downward-api-3d932d2b-b4a1-11e8-bc45-00073e906c7f&#34;: Phase=&#34;Pending&#34;, Reason=&#34;&#34;, readiness=false. Elapsed: 3m18.5131704s&#xA;Sep 10 02:32:05.586: INFO: Pod &#34;downward-api-3d932d2b-b4a1-11e8-bc45-00073e906c7f&#34;: Phase=&#34;Pending&#34;, Reason=&#34;&#34;, readiness=false. Elapsed: 3m20.5180026s&#xA;Sep 10 02:32:07.590: INFO: Pod &#34;downward-api-3d932d2b-b4a1-11e8-bc45-00073e906c7f&#34;: Phase=&#34;Pending&#34;, Reason=&#34;&#34;, readiness=false. Elapsed: 3m22.52271296s&#xA;Sep 10 02:32:09.595: INFO: Pod &#34;downward-api-3d932d2b-b4a1-11e8-bc45-00073e906c7f&#34;: Phase=&#34;Pending&#34;, Reason=&#34;&#34;, readiness=false. Elapsed: 3m24.52756398s&#xA;Sep 10 02:32:11.600: INFO: Pod &#34;downward-api-3d932d2b-b4a1-11e8-bc45-00073e906c7f&#34;: Phase=&#34;Pending&#34;, Reason=&#34;&#34;, readiness=false. Elapsed: 3m26.53259596s&#xA;Sep 10 02:32:13.605: INFO: Pod &#34;downward-api-3d932d2b-b4a1-11e8-bc45-00073e906c7f&#34;: Phase=&#34;Pending&#34;, Reason=&#34;&#34;, readiness=false. Elapsed: 3m28.53763504s&#xA;Sep 10 02:32:15.610: INFO: Pod &#34;downward-api-3d932d2b-b4a1-11e8-bc45-00073e906c7f&#34;: Phase=&#34;Pending&#34;, Reason=&#34;&#34;, readiness=false. Elapsed: 3m30.54250452s&#xA;Sep 10 02:32:17.615: INFO: Pod &#34;downward-api-3d932d2b-b4a1-11e8-bc45-00073e906c7f&#34;: Phase=&#34;Pending&#34;, Reason=&#34;&#34;, readiness=false. Elapsed: 3m32.54762344s&#xA;Sep 10 02:32:19.620: INFO: Pod &#34;downward-api-3d932d2b-b4a1-11e8-bc45-00073e906c7f&#34;: Phase=&#34;Pending&#34;, Reason=&#34;&#34;, readiness=false. Elapsed: 3m34.55258216s&#xA;Sep 10 02:32:21.625: INFO: Pod &#34;downward-api-3d932d2b-b4a1-11e8-bc45-00073e906c7f&#34;: Phase=&#34;Pending&#34;, Reason=&#34;&#34;, readiness=false. Elapsed: 3m36.55732764s&#xA;Sep 10 02:32:23.630: INFO: Pod &#34;downward-api-3d932d2b-b4a1-11e8-bc45-00073e906c7f&#34;: Phase=&#34;Pending&#34;, Reason=&#34;&#34;, readiness=false. Elapsed: 3m38.56250588s&#xA;Sep 10 02:32:25.635: INFO: Pod &#34;downward-api-3d932d2b-b4a1-11e8-bc45-00073e906c7f&#34;: Phase=&#34;Pending&#34;, Reason=&#34;&#34;, readiness=false. Elapsed: 3m40.56725124s&#xA;Sep 10 02:32:27.640: INFO: Pod &#34;downward-api-3d932d2b-b4a1-11e8-bc45-00073e906c7f&#34;: Phase=&#34;Pending&#34;, Reason=&#34;&#34;, readiness=false. Elapsed: 3m42.5720642s&#xA;Sep 10 02:32:29.644: INFO: Pod &#34;downward-api-3d932d2b-b4a1-11e8-bc45-00073e906c7f&#34;: Phase=&#34;Pending&#34;, Reason=&#34;&#34;, readiness=false. Elapsed: 3m44.57695416s&#xA;Sep 10 02:32:31.650: INFO: Pod &#34;downward-api-3d932d2b-b4a1-11e8-bc45-00073e906c7f&#34;: Phase=&#34;Pending&#34;, Reason=&#34;&#34;, readiness=false. Elapsed: 3m46.58207686s&#xA;Sep 10 02:32:33.655: INFO: Pod &#34;downward-api-3d932d2b-b4a1-11e8-bc45-00073e906c7f&#34;: Phase=&#34;Pending&#34;, Reason=&#34;&#34;, readiness=false. Elapsed: 3m48.58720006s&#xA;Sep 10 02:32:35.660: INFO: Pod &#34;downward-api-3d932d2b-b4a1-11e8-bc45-00073e906c7f&#34;: Phase=&#34;Pending&#34;, Reason=&#34;&#34;, readiness=false. Elapsed: 3m50.592053s&#xA;Sep 10 02:32:37.664: INFO: Pod &#34;downward-api-3d932d2b-b4a1-11e8-bc45-00073e906c7f&#34;: Phase=&#34;Pending&#34;, Reason=&#34;&#34;, readiness=false. Elapsed: 3m52.59695314s&#xA;Sep 10 02:32:39.673: INFO: Pod &#34;downward-api-3d932d2b-b4a1-11e8-bc45-00073e906c7f&#34;: Phase=&#34;Pending&#34;, Reason=&#34;&#34;, readiness=false. Elapsed: 3m54.60502632s&#xA;Sep 10 02:32:41.678: INFO: Pod &#34;downward-api-3d932d2b-b4a1-11e8-bc45-00073e906c7f&#34;: Phase=&#34;Pending&#34;, Reason=&#34;&#34;, readiness=false. Elapsed: 3m56.61013978s&#xA;Sep 10 02:32:43.683: INFO: Pod &#34;downward-api-3d932d2b-b4a1-11e8-bc45-00073e906c7f&#34;: Phase=&#34;Pending&#34;, Reason=&#34;&#34;, readiness=false. Elapsed: 3m58.61504378s&#xA;Sep 10 02:32:45.687: INFO: Pod &#34;downward-api-3d932d2b-b4a1-11e8-bc45-00073e906c7f&#34;: Phase=&#34;Pending&#34;, Reason=&#34;&#34;, readiness=false. Elapsed: 4m0.61998476s&#xA;Sep 10 02:32:47.692: INFO: Pod &#34;downward-api-3d932d2b-b4a1-11e8-bc45-00073e906c7f&#34;: Phase=&#34;Pending&#34;, Reason=&#34;&#34;, readiness=false. Elapsed: 4m2.62483126s&#xA;Sep 10 02:32:49.697: INFO: Pod &#34;downward-api-3d932d2b-b4a1-11e8-bc45-00073e906c7f&#34;: Phase=&#34;Pending&#34;, Reason=&#34;&#34;, readiness=false. Elapsed: 4m4.62972652s&#xA;Sep 10 02:32:51.702: INFO: Pod &#34;downward-api-3d932d2b-b4a1-11e8-bc45-00073e906c7f&#34;: Phase=&#34;Pending&#34;, Reason=&#34;&#34;, readiness=false. Elapsed: 4m6.63492646s&#xA;Sep 10 02:32:53.707: INFO: Pod &#34;downward-api-3d932d2b-b4a1-11e8-bc45-00073e906c7f&#34;: Phase=&#34;Pending&#34;, Reason=&#34;&#34;, readiness=false. Elapsed: 4m8.63988694s&#xA;Sep 10 02:32:55.712: INFO: Pod &#34;downward-api-3d932d2b-b4a1-11e8-bc45-00073e906c7f&#34;: Phase=&#34;Pending&#34;, Reason=&#34;&#34;, readiness=false. Elapsed: 4m10.6448543s&#xA;Sep 10 02:32:57.717: INFO: Pod &#34;downward-api-3d932d2b-b4a1-11e8-bc45-00073e906c7f&#34;: Phase=&#34;Pending&#34;, Reason=&#34;&#34;, readiness=false. Elapsed: 4m12.649928s&#xA;Sep 10 02:32:59.722: INFO: Pod &#34;downward-api-3d932d2b-b4a1-11e8-bc45-00073e906c7f&#34;: Phase=&#34;Pending&#34;, Reason=&#34;&#34;, readiness=false. Elapsed: 4m14.65492182s&#xA;Sep 10 02:33:01.727: INFO: Pod &#34;downward-api-3d932d2b-b4a1-11e8-bc45-00073e906c7f&#34;: Phase=&#34;Pending&#34;, Reason=&#34;&#34;, readiness=false. Elapsed: 4m16.65997888s&#xA;Sep 10 02:33:03.733: INFO: Pod &#34;downward-api-3d932d2b-b4a1-11e8-bc45-00073e906c7f&#34;: Phase=&#34;Pending&#34;, Reason=&#34;&#34;, readiness=false. Elapsed: 4m18.66516784s&#xA;Sep 10 02:33:05.737: INFO: Pod &#34;downward-api-3d932d2b-b4a1-11e8-bc45-00073e906c7f&#34;: Phase=&#34;Pending&#34;, Reason=&#34;&#34;, readiness=false. Elapsed: 4m20.66996048s&#xA;Sep 10 02:33:07.742: INFO: Pod &#34;downward-api-3d932d2b-b4a1-11e8-bc45-00073e906c7f&#34;: Phase=&#34;Pending&#34;, Reason=&#34;&#34;, readiness=false. Elapsed: 4m22.674466s&#xA;Sep 10 02:33:09.747: INFO: Pod &#34;downward-api-3d932d2b-b4a1-11e8-bc45-00073e906c7f&#34;: Phase=&#34;Pending&#34;, Reason=&#34;&#34;, readiness=false. Elapsed: 4m24.67935328s&#xA;Sep 10 02:33:11.752: INFO: Pod &#34;downward-api-3d932d2b-b4a1-11e8-bc45-00073e906c7f&#34;: Phase=&#34;Pending&#34;, Reason=&#34;&#34;, readiness=false. Elapsed: 4m26.68434426s&#xA;Sep 10 02:33:13.757: INFO: Pod &#34;downward-api-3d932d2b-b4a1-11e8-bc45-00073e906c7f&#34;: Phase=&#34;Pending&#34;, Reason=&#34;&#34;, readiness=false. Elapsed: 4m28.68935616s&#xA;Sep 10 02:33:15.762: INFO: Pod &#34;downward-api-3d932d2b-b4a1-11e8-bc45-00073e906c7f&#34;: Phase=&#34;Pending&#34;, Reason=&#34;&#34;, readiness=false. Elapsed: 4m30.6944538s&#xA;Sep 10 02:33:17.767: INFO: Pod &#34;downward-api-3d932d2b-b4a1-11e8-bc45-00073e906c7f&#34;: Phase=&#34;Pending&#34;, Reason=&#34;&#34;, readiness=false. Elapsed: 4m32.69945728s&#xA;Sep 10 02:33:19.772: INFO: Pod &#34;downward-api-3d932d2b-b4a1-11e8-bc45-00073e906c7f&#34;: Phase=&#34;Pending&#34;, Reason=&#34;&#34;, readiness=false. Elapsed: 4m34.70426224s&#xA;Sep 10 02:33:21.777: INFO: Pod &#34;downward-api-3d932d2b-b4a1-11e8-bc45-00073e906c7f&#34;: Phase=&#34;Pending&#34;, Reason=&#34;&#34;, readiness=false. Elapsed: 4m36.70927962s&#xA;Sep 10 02:33:23.782: INFO: Pod &#34;downward-api-3d932d2b-b4a1-11e8-bc45-00073e906c7f&#34;: Phase=&#34;Pending&#34;, Reason=&#34;&#34;, readiness=false. Elapsed: 4m38.71417676s&#xA;Sep 10 02:33:25.787: INFO: Pod &#34;downward-api-3d932d2b-b4a1-11e8-bc45-00073e906c7f&#34;: Phase=&#34;Pending&#34;, Reason=&#34;&#34;, readiness=false. Elapsed: 4m40.7190175s&#xA;Sep 10 02:33:27.791: INFO: Pod &#34;downward-api-3d932d2b-b4a1-11e8-bc45-00073e906c7f&#34;: Phase=&#34;Pending&#34;, Reason=&#34;&#34;, readiness=false. Elapsed: 4m42.72369596s&#xA;Sep 10 02:33:29.796: INFO: Pod &#34;downward-api-3d932d2b-b4a1-11e8-bc45-00073e906c7f&#34;: Phase=&#34;Pending&#34;, Reason=&#34;&#34;, readiness=false. Elapsed: 4m44.72874908s&#xA;Sep 10 02:33:31.801: INFO: Pod &#34;downward-api-3d932d2b-b4a1-11e8-bc45-00073e906c7f&#34;: Phase=&#34;Pending&#34;, Reason=&#34;&#34;, readiness=false. Elapsed: 4m46.7333041s&#xA;Sep 10 02:33:33.806: INFO: Pod &#34;downward-api-3d932d2b-b4a1-11e8-bc45-00073e906c7f&#34;: Phase=&#34;Pending&#34;, Reason=&#34;&#34;, readiness=false. Elapsed: 4m48.7382895s&#xA;Sep 10 02:33:35.811: INFO: Pod &#34;downward-api-3d932d2b-b4a1-11e8-bc45-00073e906c7f&#34;: Phase=&#34;Pending&#34;, Reason=&#34;&#34;, readiness=false. Elapsed: 4m50.74329616s&#xA;Sep 10 02:33:37.816: INFO: Pod &#34;downward-api-3d932d2b-b4a1-11e8-bc45-00073e906c7f&#34;: Phase=&#34;Pending&#34;, Reason=&#34;&#34;, readiness=false. Elapsed: 4m52.74805298s&#xA;Sep 10 02:33:39.820: INFO: Pod &#34;downward-api-3d932d2b-b4a1-11e8-bc45-00073e906c7f&#34;: Phase=&#34;Pending&#34;, Reason=&#34;&#34;, readiness=false. Elapsed: 4m54.7528881s&#xA;Sep 10 02:33:41.826: INFO: Pod &#34;downward-api-3d932d2b-b4a1-11e8-bc45-00073e906c7f&#34;: Phase=&#34;Pending&#34;, Reason=&#34;&#34;, readiness=false. Elapsed: 4m56.75802384s&#xA;Sep 10 02:33:43.830: INFO: Pod &#34;downward-api-3d932d2b-b4a1-11e8-bc45-00073e906c7f&#34;: Phase=&#34;Pending&#34;, Reason=&#34;&#34;, readiness=false. Elapsed: 4m58.76289634s&#xA;Sep 10 02:33:45.846: INFO: Failed to get logs from node &#34;node3&#34; pod &#34;downward-api-3d932d2b-b4a1-11e8-bc45-00073e906c7f&#34; container &#34;dapi-container&#34;: the server rejected our request for an unknown reason (get pods downward-api-3d932d2b-b4a1-11e8-bc45-00073e906c7f)&#xA;�[1mSTEP�[0m: delete the pod&#xA;Sep 10 02:33:45.852: INFO: Waiting for pod downward-api-3d932d2b-b4a1-11e8-bc45-00073e906c7f to disappear&#xA;Sep 10 02:33:45.857: INFO: Pod downward-api-3d932d2b-b4a1-11e8-bc45-00073e906c7f still exists&#xA;Sep 10 02:33:47.857: INFO: Waiting for pod downward-api-3d932d2b-b4a1-11e8-bc45-00073e906c7f to disappear&#xA;Sep 10 02:33:47.862: INFO: Pod downward-api-3d932d2b-b4a1-11e8-bc45-00073e906c7f no longer exists&#xA;Sep 10 02:33:47.862: INFO: Unexpected error occurred: expected pod &#34;downward-api-3d932d2b-b4a1-11e8-bc45-00073e906c7f&#34; success: Gave up after waiting 5m0s for pod &#34;downward-api-3d932d2b-b4a1-11e8-bc45-00073e906c7f&#34; to be &#34;success or failure&#34;&#xA;[AfterEach] [sig-api-machinery] Downward API&#xA;  /root/gopath/src/k8s.io/kubernetes/_output/local/go/src/k8s.io/kubernetes/test/e2e/framework/framework.go:142&#xA;�[1mSTEP�[0m: Collecting events from namespace &#34;e2e-tests-downward-api-gdnw9&#34;.&#xA;�[1mSTEP�[0m: Found 5 events.&#xA;Sep 10 02:33:47.868: INFO: At 2018-09-10 02:28:45 +0000 UTC - event for downward-api-3d932d2b-b4a1-11e8-bc45-00073e906c7f: {default-scheduler } Scheduled: Successfully assigned e2e-tests-downward-api-gdnw9/downward-api-3d932d2b-b4a1-11e8-bc45-00073e906c7f to node3&#xA;Sep 10 02:33:47.869: INFO: At 2018-09-10 02:28:46 +0000 UTC - event for downward-api-3d932d2b-b4a1-11e8-bc45-00073e906c7f: {kubelet node3} Pulling: pulling image &#34;busybox&#34;&#xA;Sep 10 02:33:47.869: INFO: At 2018-09-10 02:29:06 +0000 UTC - event for downward-api-3d932d2b-b4a1-11e8-bc45-00073e906c7f: {kubelet node3} Failed: Failed to pull image &#34;busybox&#34;: rpc error: code = Unknown desc = Network timed out while trying to connect to https://index.docker.io/v1/repositories/library/busybox/images. You may want to check your internet connection or if you are behind a proxy.&#xA;Sep 10 02:33:47.869: INFO: At 2018-09-10 02:29:06 +0000 UTC - event for downward-api-3d932d2b-b4a1-11e8-bc45-00073e906c7f: {kubelet node3} Failed: Error: ErrImagePull&#xA;Sep 10 02:33:47.869: INFO: At 2018-09-10 02:29:06 +0000 UTC - event for downward-api-3d932d2b-b4a1-11e8-bc45-00073e906c7f: {kubelet node3} SandboxChanged: Pod sandbox changed, it will be killed and re-created.&#xA;Sep 10 02:33:47.881: INFO: POD                            NODE   PHASE    GRACE  CONDITIONS&#xA;Sep 10 02:33:47.881: INFO: coredns-78fcdf6894-f55jj       node3  Running         [{Initialized True 0001-01-01 00:00:00 +0000 UTC 2018-09-01 03:57:03 +0000 UTC  } {Ready True 0001-01-01 00:00:00 +0000 UTC 2018-09-07 08:42:02 +0000 UTC  } {ContainersReady True 0001-01-01 00:00:00 +0000 UTC 0001-01-01 00:00:00 +0000 UTC  } {PodScheduled True 0001-01-01 00:00:00 +0000 UTC 2018-09-01 03:57:03 +0000 UTC  }]&#xA;Sep 10 02:33:47.881: INFO: coredns-78fcdf6894-vlxkz       node3  Running         [{Initialized True 0001-01-01 00:00:00 +0000 UTC 2018-09-01 03:57:03 +0000 UTC  } {Ready True 0001-01-01 00:00:00 +0000 UTC 2018-09-07 08:42:02 +0000 UTC  } {ContainersReady True 0001-01-01 00:00:00 +0000 UTC 0001-01-01 00:00:00 +0000 UTC  } {PodScheduled True 0001-01-01 00:00:00 +0000 UTC 2018-09-01 03:57:03 +0000 UTC  }]&#xA;Sep 10 02:33:47.881: INFO: etcd-node3                     node3  Running         [{Initialized True 0001-01-01 00:00:00 +0000 UTC 2018-09-07 08:40:49 +0000 UTC  } {Ready True 0001-01-01 00:00:00 +0000 UTC 2018-09-07 08:40:51 +0000 UTC  } {ContainersReady True 0001-01-01 00:00:00 +0000 UTC 0001-01-01 00:00:00 +0000 UTC  } {PodScheduled True 0001-01-01 00:00:00 +0000 UTC 2018-09-07 08:40:49 +0000 UTC  }]&#xA;Sep 10 02:33:47.881: INFO: kube-apiserver-node3           node3  Running         [{Initialized True 0001-01-01 00:00:00 +0000 UTC 2018-09-07 08:40:49 +0000 UTC  } {Ready True 0001-01-01 00:00:00 +0000 UTC 2018-09-07 08:40:51 +0000 UTC  } {ContainersReady True 0001-01-01 00:00:00 +0000 UTC 0001-01-01 00:00:00 +0000 UTC  } {PodScheduled True 0001-01-01 00:00:00 +0000 UTC 2018-09-07 08:40:49 +0000 UTC  }]&#xA;Sep 10 02:33:47.881: INFO: kube-controller-manager-node3  node3  Running         [{Initialized True 0001-01-01 00:00:00 +0000 UTC 2018-09-07 08:40:49 +0000 UTC  } {Ready True 0001-01-01 00:00:00 +0000 UTC 2018-09-07 08:40:51 +0000 UTC  } {ContainersReady True 0001-01-01 00:00:00 +0000 UTC 0001-01-01 00:00:00 +0000 UTC  } {PodScheduled True 0001-01-01 00:00:00 +0000 UTC 2018-09-07 08:40:49 +0000 UTC  }]&#xA;Sep 10 02:33:47.881: INFO: kube-proxy-d6xgq               node3  Running         [{Initialized True 0001-01-01 00:00:00 +0000 UTC 2018-09-01 03:55:38 +0000 UTC  } {Ready True 0001-01-01 00:00:00 +0000 UTC 2018-09-07 08:41:32 +0000 UTC  } {ContainersReady True 0001-01-01 00:00:00 +0000 UTC 0001-01-01 00:00:00 +0000 UTC  } {PodScheduled True 0001-01-01 00:00:00 +0000 UTC 2018-09-01 03:55:38 +0000 UTC  }]&#xA;Sep 10 02:33:47.881: INFO: kube-scheduler-node3           node3  Running         [{Initialized True 0001-01-01 00:00:00 +0000 UTC 2018-09-07 08:40:50 +0000 UTC  } {Ready True 0001-01-01 00:00:00 +0000 UTC 2018-09-07 08:40:51 +0000 UTC  } {ContainersReady True 0001-01-01 00:00:00 +0000 UTC 0001-01-01 00:00:00 +0000 UTC  } {PodScheduled True 0001-01-01 00:00:00 +0000 UTC 2018-09-07 08:40:50 +0000 UTC  }]&#xA;Sep 10 02:33:47.882: INFO: weave-net-qrwm8                node3  Running         [{Initialized True 0001-01-01 00:00:00 +0000 UTC 2018-09-01 03:55:38 +0000 UTC  } {Ready True 0001-01-01 00:00:00 +0000 UTC 2018-09-07 08:41:59 +0000 UTC  } {ContainersReady True 0001-01-01 00:00:00 +0000 UTC 0001-01-01 00:00:00 +0000 UTC  } {PodScheduled True 0001-01-01 00:00:00 +0000 UTC 2018-09-01 03:55:38 +0000 UTC  }]&#xA;Sep 10 02:33:47.882: INFO: &#xA;Sep 10 02:33:47.886: INFO: &#xA;Logging node info for node node3&#xA;Sep 10 02:33:47.891: INFO: Node Info: &amp;Node{ObjectMeta:k8s_io_apimachinery_pkg_apis_meta_v1.ObjectMeta{Name:node3,GenerateName:,Namespace:,SelfLink:/api/v1/nodes/node3,UID:d76c0c97-ad9a-11e8-a7d7-1e59e086a4f1,ResourceVersion:501477,Generation:0,CreationTimestamp:2018-09-01 03:55:18 +0000 UTC,DeletionTimestamp:&lt;nil&gt;,DeletionGracePeriodSeconds:nil,Labels:map[string]string{beta.kubernetes.io/arch: arm64,beta.kubernetes.io/os: linux,kubernetes.io/hostname: node3,node-role.kubernetes.io/master: ,},Annotations:map[string]string{kubeadm.alpha.kubernetes.io/cri-socket: /var/run/dockershim.sock,node.alpha.kubernetes.io/ttl: 0,volumes.kubernetes.io/controller-managed-attach-detach: true,},OwnerReferences:[],Finalizers:[],ClusterName:,Initializers:nil,},Spec:NodeSpec{PodCIDR:10.244.0.0/24,DoNotUse_ExternalID:,ProviderID:,Unschedulable:false,Taints:[],ConfigSource:nil,},Status:NodeStatus{Capacity:ResourceList{cpu: {{16 0} {&lt;nil&gt;} 16 DecimalSI},ephemeral-storage: {{82538430464 0} {&lt;nil&gt;}  BinarySI},hugepages-2Mi: {{0 0} {&lt;nil&gt;} 0 DecimalSI},memory: {{67535159296 0} {&lt;nil&gt;}  BinarySI},pods: {{110 0} {&lt;nil&gt;} 110 DecimalSI},},Allocatable:ResourceList{cpu: {{16 0} {&lt;nil&gt;} 16 DecimalSI},ephemeral-storage: {{74284587295 0} {&lt;nil&gt;} 74284587295 DecimalSI},hugepages-2Mi: {{0 0} {&lt;nil&gt;} 0 DecimalSI},memory: {{67430301696 0} {&lt;nil&gt;}  BinarySI},pods: {{110 0} {&lt;nil&gt;} 110 DecimalSI},},Phase:,Conditions:[{NetworkUnavailable False 2018-09-07 08:42:01 +0000 UTC 2018-09-07 08:42:01 +0000 UTC WeaveIsUp Weave pod has set this} {OutOfDisk False 2018-09-10 02:33:44 +0000 UTC 2018-09-01 03:55:11 +0000 UTC KubeletHasSufficientDisk kubelet has sufficient disk space available} {MemoryPressure False 2018-09-10 02:33:44 +0000 UTC 2018-09-01 03:55:11 +0000 UTC KubeletHasSufficientMemory kubelet has sufficient memory available} {DiskPressure False 2018-09-10 02:33:44 +0000 UTC 2018-09-01 03:55:11 +0000 UTC KubeletHasNoDiskPressure kubelet has no disk pressure} {PIDPressure False 2018-09-10 02:33:44 +0000 UTC 2018-09-01 03:55:11 +0000 UTC KubeletHasSufficientPID kubelet has sufficient PID available} {Ready True 2018-09-10 02:33:44 +0000 UTC 2018-09-04 01:30:47 +0000 UTC KubeletReady kubelet is posting ready status}],Addresses:[{InternalIP 192.168.2.117} {Hostname node3}],DaemonEndpoints:NodeDaemonEndpoints{KubeletEndpoint:DaemonEndpoint{Port:10250,},},NodeInfo:NodeSystemInfo{MachineID:373be5c264ac4b78a49077a4b4ded99c,SystemUUID:373be5c264ac4b78a49077a4b4ded99c,BootID:fa7f8a19-3d16-419b-9318-394c7eac5519,KernelVersion:4.4.58-20171215.kylin.server.YUN+-generic,OSImage:Kylin 4.0.2,ContainerRuntimeVersion:docker://1.12.6,KubeletVersion:v1.11.2,KubeProxyVersion:v1.11.2,OperatingSystem:linux,Architecture:arm64,},Images:[{[k8s.gcr.io/kube-cross@sha256:0c5809a727c38458e9a63b486cf83c504a24ff561d63a031d31e613f6ad50282 k8s.gcr.io/kube-cross:v1.10.2-1] 2076524551} {[mrdreambot/arm64-mysql@sha256:872464bd31f5db2ecfce15824c80a0b78ace914e80e78a0e98d2d9ef7e8bbb79 mrdreambot/arm64-mysql:latest] 529883867} {[bobsense/mysql@sha256:a20cd35207c46b0400ac48fdf21ebb8e432fa5b597eb5f4b6ec6a634ecc26a8a bobsense/mysql:latest] 529882429} {[mariadb@sha256:358f6b50afd9c25707e97869f0c57de802c53973a90a2ff49e283501fccce1b2 mariadb:10.1.14] 387643618} {[wordpress@sha256:b0460dba11737144b232a7794403d4052982f2332caeea82f618fc98d0547387 wordpress:latest] 367973768} {[mariadb@sha256:edef80de393cf4a79504168c663f8b0c6b15060333e5a7d7aee3dc0a4de6e927 mariadb:latest] 348940495} {[hyperhq/mariadb-arm64v8@sha256:bcf8c747e35eddfcd36ffc6011b00ececb56fe467afb290280d80709299fd80d hyperhq/mariadb-arm64v8:10.3-1] 348507360} {[hyperhq/mariadb-arm64v8:10.3] 348507300} {[hyperhq/mariadb-arm64v8@sha256:720d233b09adbea084c15cfa4909008a2df201b300b10c9fd39464bce60af0db hyperhq/mariadb-arm64v8:10.3-2] 348507153} {[bobsense/nginx-arm64@sha256:224f3b5fd469754e5e701bedd28c633c92ba21c00d2b0e9376eaa4adb38b5603 bobsense/nginx-arm64:latest] 338655564} {[gcr.io/google-samples/gb-frontend-arm64@sha256:9587be21f54a9dc04e1f37b83a9d120231b205385d8deba0682d6fb22088e7c9 gcr.io/google-samples/gb-frontend-arm64:v5] 337228898} {[lsioarmhf/mariadb-aarch64@sha256:b2a1bd89d60c579f07ae1837280a2b3b5f35f11f756b9aa61e6a025af03ddf87 lsioarmhf/mariadb-aarch64:latest] 327268490} {[ebspace/aarch64-mysql@sha256:d9f5f5d222a155c930e3837976b5b457e48c000cf34e6919d0f8a0b73dc39965 ebspace/aarch64-mysql:latest] 262591608} {[tobi312/rpi-mysql@sha256:2f0b069765901afbb162838359778088b8d9fdba30b201d5cf51381ec008802a tobi312/rpi-mysql:latest] 256067342} {[k8s.gcr.io/volume-nfs@sha256:83ba87be13a6f74361601c8614527e186ca67f49091e2d0d4ae8a8da67c403ee k8s.gcr.io/volume-nfs:0.8] 247146979} {[postgres@sha256:d9c44f9fc460dd8962c388eacf88a0e252b858ccdf33bc223f68112617e81fc9 postgres:10] 233845668} {[k8s.gcr.io/etcd-arm64@sha256:f0b7368ebb28e6226ab3b4dbce4b5c6d77dab7b5f6579b08fd645c00f7b100ff k8s.gcr.io/etcd-arm64:3.2.18] 229927444} {[k8s.gcr.io/kube-apiserver-arm64@sha256:5c77134dc174453fc0d900ee5cdcb7b488131a0edb934ae8e859a263f8ee55da k8s.gcr.io/kube-apiserver-arm64:v1.10.4] 218561963} {[k8s.gcr.io/kube-apiserver-arm64@sha256:ab41e3e38792750fa122dbeacf7d0d3d52b7ccc466f254c460733846da0ce0c9 k8s.gcr.io/kube-apiserver-arm64:v1.10.3] 218559018} {[hypriot/rpi-mysql@sha256:c1567c885cf560da66a647f91f7e16bfeea2968895f859b5732583a8db3570ea hypriot/rpi-mysql:latest] 209339591} {[gcr.io/kubernetes-e2e-test-images/jessie-dnsutils-arm64@sha256:92105b23ab1bcc1f72b7deeb4b7d72b27b4ba9a47b292fbd4f58f4080f0621a2 gcr.io/kubernetes-e2e-test-images/jessie-dnsutils-arm64:1.0] 193983470} {[k8s.gcr.io/kube-apiserver-arm64@sha256:31fa4a96f582953034fb2906bd2e557620943ebaa2c2f74ee719c89a9bffb0d4 k8s.gcr.io/kube-apiserver-arm64:v1.11.2] 185805939} {[k8s.gcr.io/etcd-arm64@sha256:c6418130352f3632f3858ff466f7fdcde5c2867d9471f40dbb99227ccbb6d458 k8s.gcr.io/etcd-arm64:3.1.12] 180941491} {[functions/faas-netesd@sha256:05072b13c8127d53b48466f6b16beae997ff008e13a74cdb5da64ca2f5708062 functions/faas-netesd:arm64-0.3-alpha6] 154407667} {[k8s.gcr.io/kube-controller-manager-arm64@sha256:af5e55e15e5ab06999716ef72792b0abed63c9fc972db99120b2c40febaf69a7 k8s.gcr.io/kube-controller-manager-arm64:v1.11.2] 153069058} {[functions/faas-netesd@sha256:0903fd0a2c6010fcef6f42eda8fdc22bf4aecc31571b7ab6f461041497f34aa4 functions/faas-netesd:0.4.3-arm64] 148751197} {[k8s.gcr.io/kube-controller-manager-arm64@sha256:138de23ccbdfab3f4e76e05c290aab26c9127a853db8a0cbc2d816b31d5aebbd k8s.gcr.io/kube-controller-manager-arm64:v1.10.4] 142046988} {[k8s.gcr.io/kube-controller-manager-arm64@sha256:4f99bac50d84f8757ef06d06e68eee0aa042fdb5969c300d23ad1ae3b1f914f5 k8s.gcr.io/kube-controller-manager-arm64:v1.10.3] 142046537} {[weaveworks/weave-kube@sha256:3c45b339ab2dc9c11c9c745e44afce27806dc1d8ecd1da84a88deb36756ac713 weaveworks/weave-kube:2.4.0] 131119125} {[k8s.gcr.io/nginx-slim-arm64@sha256:b95f8bebdc6d8a7b65f5954aa5aaea3209ad8a6af5261cf3c8cae0c0a1c0fb79 k8s.gcr.io/nginx-slim-arm64:0.27] 126129565} {[k8s.gcr.io/nginx-slim-arm64@sha256:ef47cf0719891fe4b84467af77f8e13618b05965b6663945411e1e11c15ffa14 k8s.gcr.io/nginx-slim-arm64:0.26] 126125347} {[hyperhq/postgres-wordpress-arm:latest] 110592210} {[wordpress@sha256:3c22b14d0269bd50b2011f6d749d8bee68e328167f774bef8bf11f5878a6035d wordpress:4.9-fpm-alpine] 107828983} {[functions/gateway@sha256:01aea2775bb40d69588d2c6e83e8b9ea5009b9f405b140e643eb4be2a775814d functions/gateway:arm64-0.6.6-beta2] 106004910} {[k8s.gcr.io/kube-proxy-arm64@sha256:3bb2bfdc016ae46d131af74040bec2c48134c733ae90fead4da3568014fb450a k8s.gcr.io/kube-proxy-arm64:v1.11.2] 102835336} {[nginx@sha256:3e2ffcf0edca2a4e9b24ca442d227baea7b7f0e33ad654ef1eb806fbd9bedcf0 nginx:latest] 102594503} {[k8s.gcr.io/kube-proxy-arm64@sha256:f024ad81abe8b9bf473c0b8ff5c96723505b8a592379d606038499f8a77f663b k8s.gcr.io/kube-proxy-arm64:v1.10.4] 100601489} {[k8s.gcr.io/kube-proxy-arm64@sha256:b21badcd0799bb7495ebcbc17557861384da1eac42d6527937a8aaed0c329d6c k8s.gcr.io/kube-proxy-arm64:v1.10.3] 100598796} {[k8s.gcr.io/echoserver@sha256:d2a8af33e4e6dc7f18fc8d0cd345b2c893922083c6e2c2cbf24a2efcaa7aa3ba k8s.gcr.io/echoserver:1.6] 95247805} {[gcr.io/google-samples/gb-redisslave-arm64@sha256:2420127acd816ebbdbaa33cab372493859c1d40b3a2d5d6fc05bc38887ad9511 gcr.io/google-samples/gb-redisslave-arm64:v2] 94082700} {[nginx@sha256:e3456c851a152494c3e4ff5fcc26f240206abac0c9d794affb40e0714846c451 nginx:1.7.9] 91641000} {[&lt;none&gt;@&lt;none&gt; &lt;none&gt;:&lt;none&gt;] 76567645} {[ubuntu@sha256:3f119dc0737f57f704ebecac8a6d8477b0f6ca1ca0332c7ee1395ed2c6a82be7 ubuntu:bionic] 76171071} {[k8s.gcr.io/kube-scheduler-arm64@sha256:3ece3012cc6fedf5193fd1c80aee4b6da2835098b7799d4940fb4a79fc1be0ee k8s.gcr.io/kube-scheduler-arm64:v1.11.2] 56216691} {[weaveworks/weave-npc@sha256:715b03e14874355f1f793f7bc11d843a00b390b2806bd996f1e47e8acb1020aa weaveworks/weave-npc:2.4.0] 51096437} {[k8s.gcr.io/k8s-dns-kube-dns-arm64@sha256:9bcc8fda237765f8b8f8fdf5af220b856adbc8b56d72dc4f336d44510d1749d9 k8s.gcr.io/k8s-dns-kube-dns-arm64:1.14.8] 49350613} {[k8s.gcr.io/kube-scheduler-arm64@sha256:fbff009828de95e14856325ebcfc6e1c0cdb456a052c62ba0c64221773c68686 k8s.gcr.io/kube-scheduler-arm64:v1.10.4] 48502539} {[k8s.gcr.io/kube-scheduler-arm64@sha256:6847ebb67c5a2928d8997d98001eb107a50601e85e07c3245f72b14df4518616 k8s.gcr.io/kube-scheduler-arm64:v1.10.3] 48434682} {[k8s.gcr.io/k8s-dns-dnsmasq-nanny-arm64@sha256:35ac228d45ab5f4209f25317506fa53b762f6d8ad333d1ff795393fa6e97b29c k8s.gcr.io/k8s-dns-dnsmasq-nanny-arm64:1.14.8] 42547598} {[k8s.gcr.io/k8s-dns-sidecar-arm64@sha256:b2c1e4e04d77ed564e918ebd16443dfb2217653b58293e616e36f034068d6da3 k8s.gcr.io/k8s-dns-sidecar-arm64:1.14.8] 41256276}],VolumesInUse:[],VolumesAttached:[],Config:nil,},}&#xA;Sep 10 02:33:47.892: INFO: &#xA;Logging kubelet events for node node3&#xA;Sep 10 02:33:47.896: INFO: &#xA;Logging pods the kubelet thinks is on node node3&#xA;Sep 10 02:33:47.907: INFO: coredns-78fcdf6894-vlxkz started at 2018-09-01 03:57:03 +0000 UTC (0+1 container statuses recorded)&#xA;Sep 10 02:33:47.908: INFO: &#x9;Container coredns ready: true, restart count 2&#xA;Sep 10 02:33:47.908: INFO: weave-net-qrwm8 started at 2018-09-01 03:55:38 +0000 UTC (0+2 container statuses recorded)&#xA;Sep 10 02:33:47.908: INFO: &#x9;Container weave ready: true, restart count 4&#xA;Sep 10 02:33:47.908: INFO: &#x9;Container weave-npc ready: true, restart count 2&#xA;Sep 10 02:33:47.908: INFO: coredns-78fcdf6894-f55jj started at 2018-09-01 03:57:03 +0000 UTC (0+1 container statuses recorded)&#xA;Sep 10 02:33:47.908: INFO: &#x9;Container coredns ready: true, restart count 2&#xA;Sep 10 02:33:47.908: INFO: etcd-node3 started at &lt;nil&gt; (0+0 container statuses recorded)&#xA;Sep 10 02:33:47.908: INFO: kube-apiserver-node3 started at &lt;nil&gt; (0+0 container statuses recorded)&#xA;Sep 10 02:33:47.908: INFO: kube-controller-manager-node3 started at &lt;nil&gt; (0+0 container statuses recorded)&#xA;Sep 10 02:33:47.908: INFO: kube-scheduler-node3 started at &lt;nil&gt; (0+0 container statuses recorded)&#xA;Sep 10 02:33:47.908: INFO: kube-proxy-d6xgq started at 2018-09-01 03:55:38 +0000 UTC (0+1 container statuses recorded)&#xA;Sep 10 02:33:47.908: INFO: &#x9;Container kube-proxy ready: true, restart count 2&#xA;Sep 10 02:33:47.992: INFO: &#xA;Latency metrics for node node3&#xA;Sep 10 02:33:47.992: INFO: {Operation:create Method:pod_worker_latency_microseconds Quantile:0.9 Latency:21.104616s}&#xA;Sep 10 02:33:47.992: INFO: {Operation:create Method:pod_worker_latency_microseconds Quantile:0.99 Latency:21.104616s}&#xA;Sep 10 02:33:47.993: INFO: {Operation:create Method:pod_worker_latency_microseconds Quantile:0.5 Latency:21.104616s}&#xA;Sep 10 02:33:47.993: INFO: {Operation:pull_image Method:docker_operations_latency_microseconds Quantile:0.99 Latency:14.055119s}&#xA;Sep 10 02:33:47.993: INFO: {Operation:pull_image Method:docker_operations_latency_microseconds Quantile:0.9 Latency:14.055119s}&#xA;�[1mSTEP�[0m: Dumping a list of prepulled images on each node to file /e2e/image-puller.txt&#xA;Sep 10 02:33:47.999: INFO: Waiting up to 3m0s for all (but 0) nodes to be ready&#xA;�[1mSTEP�[0m: Destroying namespace &#34;e2e-tests-downward-api-gdnw9&#34; for this suite.&#xA;Sep 10 02:33:54.019: INFO: Waiting up to 30s for server preferred namespaced resources to be successfully discovered&#xA;Sep 10 02:33:54.113: INFO: namespace: e2e-tests-downward-api-gdnw9, resource: bindings, ignored listing per whitelist&#xA;Sep 10 02:33:54.154: INFO: namespace e2e-tests-downward-api-gdnw9 deletion completed in 6.14977594s&#xA;</system-out>
      </testcase>
      <testcase name="[sig-network] Networking Granular Checks: Services [Slow] should function for endpoint-Service: http" classname="Kubernetes e2e suite" time="0">
          <skipped></skipped>
      </testcase>
      <testcase name="[sig-storage] Secrets should be consumable from pods in volume with mappings and Item Mode set [NodeConformance] [Conformance]" classname="Kubernetes e2e suite" time="8.38134378"></testcase>
      <testcase name="[sig-storage] Subpath [Volume type: gcePDPVC] should support restarting containers using file as subpath [Slow]" classname="Kubernetes e2e suite" time="0">
          <skipped></skipped>
      </testcase>
      <testcase name="[sig-storage] PersistentVolumes:vsphere should test that deleting the PV before the pod does not cause pod deletion to fail on vspehre volume detach" classname="Kubernetes e2e suite" time="0">
          <skipped></skipped>
      </testcase>
      <testcase name="[sig-storage] Flexvolumes [Disruptive] should install plugin without kubelet restart" classname="Kubernetes e2e suite" time="0">
          <skipped></skipped>
      </testcase>
      <testcase name="[sig-storage] Subpath [Volume type: gcePDPartitioned] should support readOnly file specified in the volumeMount" classname="Kubernetes e2e suite" time="0">
          <skipped></skipped>
      </testcase>
      <testcase name="[sig-autoscaling] [HPA] Horizontal pod autoscaling (scale resource: CPU) [sig-autoscaling] [Serial] [Slow] ReplicaSet Should scale from 1 pod to 3 pods and from 3 to 5" classname="Kubernetes e2e suite" time="0">
          <skipped></skipped>
      </testcase>
      <testcase name="[sig-storage] Pod Disks schedule a pod w/ RW PD(s) mounted to 1 or more containers, write to PD, verify content, delete pod, and repeat in rapid succession [Slow] using 4 containers and 1 PDs" classname="Kubernetes e2e suite" time="0">
          <skipped></skipped>
      </testcase>
      <testcase name="[sig-autoscaling] Cluster size autoscaling [Slow] Should be able to scale a node group up from 0[Feature:ClusterSizeAutoscalingScaleUp]" classname="Kubernetes e2e suite" time="0">
          <skipped></skipped>
      </testcase>
      <testcase name="[sig-scheduling] ResourceQuota should create a ResourceQuota and capture the life of a persistent volume claim. [sig-storage]" classname="Kubernetes e2e suite" time="0">
          <skipped></skipped>
      </testcase>
      <testcase name="[sig-network] Services should be able to change the type from NodePort to ExternalName" classname="Kubernetes e2e suite" time="0">
          <skipped></skipped>
      </testcase>
      <testcase name="[sig-storage] PersistentVolumes-local  [Volume type: dir-bindmounted] Two pods mounting a local volume at the same time should be able to write from pod1 and read from pod2" classname="Kubernetes e2e suite" time="0">
          <skipped></skipped>
      </testcase>
      <testcase name="[sig-scheduling] SchedulerPredicates [Serial] validates that taints-tolerations is respected if not matching" classname="Kubernetes e2e suite" time="0">
          <skipped></skipped>
      </testcase>
      <testcase name="[sig-storage] Subpath [Volume type: gluster] should support existing directory" classname="Kubernetes e2e suite" time="0">
          <skipped></skipped>
      </testcase>
      <testcase name="[sig-storage] Volume plugin streaming [Slow] GlusterFS should write files of various sizes, verify size, validate content" classname="Kubernetes e2e suite" time="0">
          <skipped></skipped>
      </testcase>
      <testcase name="[sig-storage] PersistentVolumes-local  [Volume type: dir] Set fsGroup for local volume should set same fsGroup for two pods simultaneously" classname="Kubernetes e2e suite" time="0">
          <skipped></skipped>
      </testcase>
      <testcase name="[sig-apps] DaemonRestart [Disruptive] Kubelet should not restart containers across restart" classname="Kubernetes e2e suite" time="0">
          <skipped></skipped>
      </testcase>
      <testcase name="[sig-storage] Subpath [Volume type: nfs] should support readOnly file specified in the volumeMount" classname="Kubernetes e2e suite" time="0">
          <skipped></skipped>
      </testcase>
      <testcase name="[sig-network] Services should work after restarting apiserver [Disruptive]" classname="Kubernetes e2e suite" time="0">
          <skipped></skipped>
      </testcase>
      <testcase name="[sig-network] Networking should provide Internet connection for containers [Feature:Networking-IPv6][Experimental]" classname="Kubernetes e2e suite" time="0">
          <skipped></skipped>
      </testcase>
      <testcase name="[sig-storage] Subpath [Volume type: hostPathSymlink] should support existing directories when readOnly specified in the volumeSource" classname="Kubernetes e2e suite" time="0">
          <skipped></skipped>
      </testcase>
      <testcase name="[sig-autoscaling] Cluster size autoscaling [Slow] Shouldn&#39;t perform scale up operation and should list unhealthy status if most of the cluster is broken[Feature:ClusterSizeAutoscalingScaleUp]" classname="Kubernetes e2e suite" time="0">
          <skipped></skipped>
      </testcase>
      <testcase name="[sig-storage] Storage Policy Based Volume Provisioning [Feature:vsphere] verify VSAN storage capability with valid hostFailuresToTolerate and cacheReservation values is honored for dynamically provisioned pvc using storageclass" classname="Kubernetes e2e suite" time="0">
          <skipped></skipped>
      </testcase>
      <testcase name="[sig-apps] Daemon set [Serial] should run and stop simple daemon [Conformance]" classname="Kubernetes e2e suite" time="24.07886206"></testcase>
      <testcase name="[sig-network] Firewall rule [Slow] [Serial] should create valid firewall rules for LoadBalancer type service" classname="Kubernetes e2e suite" time="0">
          <skipped></skipped>
      </testcase>
      <testcase name="[sig-autoscaling] [HPA] Horizontal pod autoscaling (scale resource: CPU) [sig-autoscaling] [Serial] [Slow] Deployment Should scale from 5 pods to 3 pods and from 3 to 1" classname="Kubernetes e2e suite" time="0">
          <skipped></skipped>
      </testcase>
      <testcase name="[sig-auth] Metadata Concealment should run a check-metadata-concealment job to completion" classname="Kubernetes e2e suite" time="0">
          <skipped></skipped>
      </testcase>
      <testcase name="[sig-storage] Subpath [Volume type: emptyDir] should fail if subpath directory is outside the volume [Slow]" classname="Kubernetes e2e suite" time="0">
          <skipped></skipped>
      </testcase>
      <testcase name="[sig-scheduling] SchedulerPredicates [Serial] validates that NodeAffinity is respected if not matching" classname="Kubernetes e2e suite" time="0">
          <skipped></skipped>
      </testcase>
      <testcase name="[sig-storage] EmptyDir volumes when FSGroup is specified [NodeFeature:FSGroup] new files should be created with FSGroup ownership when container is non-root" classname="Kubernetes e2e suite" time="0">
          <skipped></skipped>
      </testcase>
      <testcase name="[sig-scheduling] SchedulerPreemption [Serial] [Feature:PodPreemption] validates pod anti-affinity works in preemption" classname="Kubernetes e2e suite" time="0">
          <skipped></skipped>
      </testcase>
      <testcase name="[sig-storage] HostPath should support existing directory subPath" classname="Kubernetes e2e suite" time="0">
          <skipped></skipped>
      </testcase>
      <testcase name="[k8s.io] [Feature:Example] [k8s.io] Downward API should create a pod that prints his name and namespace" classname="Kubernetes e2e suite" time="0">
          <skipped></skipped>
      </testcase>
      <testcase name="[sig-storage] Storage Policy Based Volume Provisioning [Feature:vsphere] verify VSAN storage capability with valid diskStripes and objectSpaceReservation values is honored for dynamically provisioned pvc using storageclass" classname="Kubernetes e2e suite" time="0">
          <skipped></skipped>
      </testcase>
      <testcase name="[k8s.io] [sig-node] Security Context [Feature:SecurityContext] should support pod.Spec.SecurityContext.SupplementalGroups" classname="Kubernetes e2e suite" time="0">
          <skipped></skipped>
      </testcase>
      <testcase name="[sig-apps] DaemonRestart [Disruptive] Scheduler should continue assigning pods to nodes across restart" classname="Kubernetes e2e suite" time="0">
          <skipped></skipped>
      </testcase>
      <testcase name="[sig-storage] Subpath [Volume type: nfsPVC] should unmount if pod is gracefully deleted while kubelet is down [Disruptive][Slow]" classname="Kubernetes e2e suite" time="0">
          <skipped></skipped>
      </testcase>
      <testcase name="[sig-storage] Volumes Ceph RBD [Feature:Volumes] should be mountable" classname="Kubernetes e2e suite" time="0">
          <skipped></skipped>
      </testcase>
      <testcase name="[sig-storage] Subpath [Volume type: gluster] should unmount if pod is gracefully deleted while kubelet is down [Disruptive][Slow]" classname="Kubernetes e2e suite" time="0">
          <skipped></skipped>
      </testcase>
      <testcase name="[sig-scalability] Load capacity [Feature:ManualPerformance] should be able to handle 3 pods per node { ReplicationController} with 0 secrets, 0 configmaps and 0 daemons" classname="Kubernetes e2e suite" time="0">
          <skipped></skipped>
      </testcase>
      <testcase name="[sig-network] Networking should check kube-proxy urls" classname="Kubernetes e2e suite" time="0">
          <skipped></skipped>
      </testcase>
      <testcase name="[sig-storage] Projected should be consumable from pods in volume [NodeConformance] [Conformance]" classname="Kubernetes e2e suite" time="8.37369822"></testcase>
      <testcase name="[sig-api-machinery] Generated clientset should create v1beta1 cronJobs, delete cronJobs, watch cronJobs" classname="Kubernetes e2e suite" time="0">
          <skipped></skipped>
      </testcase>
      <testcase name="[sig-network] Service endpoints latency should not be very high  [Conformance]" classname="Kubernetes e2e suite" time="27.03976386"></testcase>
      <testcase name="[sig-apps] CronJob should remove from active list jobs that have been deleted" classname="Kubernetes e2e suite" time="0">
          <skipped></skipped>
      </testcase>
      <testcase name="[sig-network] Loadbalancing: L7 GCE [Slow] [Feature:Ingress] should create ingress with pre-shared certificate" classname="Kubernetes e2e suite" time="0">
          <skipped></skipped>
      </testcase>
      <testcase name="[sig-storage] PersistentVolumes-local  [Volume type: tmpfs] Set fsGroup for local volume should not set different fsGroups for two pods simultaneously" classname="Kubernetes e2e suite" time="0">
          <skipped></skipped>
      </testcase>
      <testcase name="[sig-instrumentation] Stackdriver Monitoring should run Custom Metrics - Stackdriver Adapter for external metrics [Feature:StackdriverExternalMetrics]" classname="Kubernetes e2e suite" time="0">
          <skipped></skipped>
      </testcase>
      <testcase name="[sig-instrumentation] [Feature:PrometheusMonitoring] Prometheus should contain correct container CPU metric." classname="Kubernetes e2e suite" time="0">
          <skipped></skipped>
      </testcase>
      <testcase name="[sig-storage] NFSPersistentVolumes[Disruptive][Flaky] when kubelet restarts Should test that a volume mounted to a pod that is deleted while the kubelet is down unmounts when the kubelet returns." classname="Kubernetes e2e suite" time="0">
          <skipped></skipped>
      </testcase>
      <testcase name="[k8s.io] KubeletManagedEtcHosts should test kubelet managed /etc/hosts file [NodeConformance] [Conformance]" classname="Kubernetes e2e suite" time="47.89149332"></testcase>
      <testcase name="[sig-storage] Downward API volume should provide node allocatable (memory) as default memory limit if the limit is not set [NodeConformance] [Conformance]" classname="Kubernetes e2e suite" time="8.36948436"></testcase>
      <testcase name="[sig-storage] Projected should update annotations on modification [NodeConformance] [Conformance]" classname="Kubernetes e2e suite" time="26.90533606"></testcase>
      <testcase name="[sig-storage] Subpath [Volume type: gluster] should fail for new directories when readOnly specified in the volumeSource" classname="Kubernetes e2e suite" time="0">
          <skipped></skipped>
      </testcase>
      <testcase name="[sig-cli] Kubectl client [k8s.io] Kubectl run default should create an rc or deployment from an image  [Conformance]" classname="Kubernetes e2e suite" time="9.03615694"></testcase>
      <testcase name="[sig-scheduling] Multi-AZ Cluster Volumes [sig-storage] should only be allowed to provision PDs in zones where nodes exist" classname="Kubernetes e2e suite" time="0">
          <skipped></skipped>
      </testcase>
      <testcase name="[sig-storage] PersistentVolumes NFS with Single PV - PVC pairs create a PVC and non-pre-bound PV: test write access" classname="Kubernetes e2e suite" time="0">
          <skipped></skipped>
      </testcase>
      <testcase name="[sig-storage] Subpath [Volume type: hostPath] should support non-existent path" classname="Kubernetes e2e suite" time="0">
          <skipped></skipped>
      </testcase>
      <testcase name="[sig-api-machinery] ConfigMap should be consumable via the environment [NodeConformance] [Conformance]" classname="Kubernetes e2e suite" time="309.21345176">
          <failure type="Failure">/root/gopath/src/k8s.io/kubernetes/_output/local/go/src/k8s.io/kubernetes/test/e2e/framework/framework.go:684&#xA;Expected error:&#xA;    &lt;*errors.errorString | 0x44210a8540&gt;: {&#xA;        s: &#34;expected pod \&#34;pod-configmaps-5552e43f-b4a2-11e8-bc45-00073e906c7f\&#34; success: Gave up after waiting 5m0s for pod \&#34;pod-configmaps-5552e43f-b4a2-11e8-bc45-00073e906c7f\&#34; to be \&#34;success or failure\&#34;&#34;,&#xA;    }&#xA;    expected pod &#34;pod-configmaps-5552e43f-b4a2-11e8-bc45-00073e906c7f&#34; success: Gave up after waiting 5m0s for pod &#34;pod-configmaps-5552e43f-b4a2-11e8-bc45-00073e906c7f&#34; to be &#34;success or failure&#34;&#xA;not to have occurred&#xA;/root/gopath/src/k8s.io/kubernetes/_output/local/go/src/k8s.io/kubernetes/test/e2e/framework/util.go:2325</failure>
          <system-out>[BeforeEach] [sig-api-machinery] ConfigMap&#xA;  /root/gopath/src/k8s.io/kubernetes/_output/local/go/src/k8s.io/kubernetes/test/e2e/framework/framework.go:141&#xA;�[1mSTEP�[0m: Creating a kubernetes client&#xA;Sep 10 02:36:34.234: INFO: &gt;&gt;&gt; kubeConfig: /etc/kubernetes/admin.conf&#xA;�[1mSTEP�[0m: Building a namespace api object&#xA;�[1mSTEP�[0m: Waiting for a default service account to be provisioned in namespace&#xA;[It] should be consumable via the environment [NodeConformance] [Conformance]&#xA;  /root/gopath/src/k8s.io/kubernetes/_output/local/go/src/k8s.io/kubernetes/test/e2e/framework/framework.go:684&#xA;�[1mSTEP�[0m: Creating configMap e2e-tests-configmap-zzxrq/configmap-test-5551ffe7-b4a2-11e8-bc45-00073e906c7f&#xA;�[1mSTEP�[0m: Creating a pod to test consume configMaps&#xA;Sep 10 02:36:34.409: INFO: Waiting up to 5m0s for pod &#34;pod-configmaps-5552e43f-b4a2-11e8-bc45-00073e906c7f&#34; in namespace &#34;e2e-tests-configmap-zzxrq&#34; to be &#34;success or failure&#34;&#xA;Sep 10 02:36:34.415: INFO: Pod &#34;pod-configmaps-5552e43f-b4a2-11e8-bc45-00073e906c7f&#34;: Phase=&#34;Pending&#34;, Reason=&#34;&#34;, readiness=false. Elapsed: 5.0746ms&#xA;Sep 10 02:36:36.420: INFO: Pod &#34;pod-configmaps-5552e43f-b4a2-11e8-bc45-00073e906c7f&#34;: Phase=&#34;Pending&#34;, Reason=&#34;&#34;, readiness=false. Elapsed: 2.01029196s&#xA;Sep 10 02:36:38.425: INFO: Pod &#34;pod-configmaps-5552e43f-b4a2-11e8-bc45-00073e906c7f&#34;: Phase=&#34;Pending&#34;, Reason=&#34;&#34;, readiness=false. Elapsed: 4.01564446s&#xA;Sep 10 02:36:40.430: INFO: Pod &#34;pod-configmaps-5552e43f-b4a2-11e8-bc45-00073e906c7f&#34;: Phase=&#34;Pending&#34;, Reason=&#34;&#34;, readiness=false. Elapsed: 6.02076804s&#xA;Sep 10 02:36:42.435: INFO: Pod &#34;pod-configmaps-5552e43f-b4a2-11e8-bc45-00073e906c7f&#34;: Phase=&#34;Pending&#34;, Reason=&#34;&#34;, readiness=false. Elapsed: 8.02557312s&#xA;Sep 10 02:36:44.440: INFO: Pod &#34;pod-configmaps-5552e43f-b4a2-11e8-bc45-00073e906c7f&#34;: Phase=&#34;Pending&#34;, Reason=&#34;&#34;, readiness=false. Elapsed: 10.03066258s&#xA;Sep 10 02:36:46.445: INFO: Pod &#34;pod-configmaps-5552e43f-b4a2-11e8-bc45-00073e906c7f&#34;: Phase=&#34;Pending&#34;, Reason=&#34;&#34;, readiness=false. Elapsed: 12.03579488s&#xA;Sep 10 02:36:48.450: INFO: Pod &#34;pod-configmaps-5552e43f-b4a2-11e8-bc45-00073e906c7f&#34;: Phase=&#34;Pending&#34;, Reason=&#34;&#34;, readiness=false. Elapsed: 14.04087676s&#xA;Sep 10 02:36:50.455: INFO: Pod &#34;pod-configmaps-5552e43f-b4a2-11e8-bc45-00073e906c7f&#34;: Phase=&#34;Pending&#34;, Reason=&#34;&#34;, readiness=false. Elapsed: 16.045896s&#xA;Sep 10 02:36:52.460: INFO: Pod &#34;pod-configmaps-5552e43f-b4a2-11e8-bc45-00073e906c7f&#34;: Phase=&#34;Pending&#34;, Reason=&#34;&#34;, readiness=false. Elapsed: 18.05100038s&#xA;Sep 10 02:36:54.465: INFO: Pod &#34;pod-configmaps-5552e43f-b4a2-11e8-bc45-00073e906c7f&#34;: Phase=&#34;Pending&#34;, Reason=&#34;&#34;, readiness=false. Elapsed: 20.05580762s&#xA;Sep 10 02:36:56.470: INFO: Pod &#34;pod-configmaps-5552e43f-b4a2-11e8-bc45-00073e906c7f&#34;: Phase=&#34;Pending&#34;, Reason=&#34;&#34;, readiness=false. Elapsed: 22.0608394s&#xA;Sep 10 02:36:58.475: INFO: Pod &#34;pod-configmaps-5552e43f-b4a2-11e8-bc45-00073e906c7f&#34;: Phase=&#34;Pending&#34;, Reason=&#34;&#34;, readiness=false. Elapsed: 24.06574892s&#xA;Sep 10 02:37:00.480: INFO: Pod &#34;pod-configmaps-5552e43f-b4a2-11e8-bc45-00073e906c7f&#34;: Phase=&#34;Pending&#34;, Reason=&#34;&#34;, readiness=false. Elapsed: 26.07058008s&#xA;Sep 10 02:37:02.485: INFO: Pod &#34;pod-configmaps-5552e43f-b4a2-11e8-bc45-00073e906c7f&#34;: Phase=&#34;Pending&#34;, Reason=&#34;&#34;, readiness=false. Elapsed: 28.0756795s&#xA;Sep 10 02:37:04.490: INFO: Pod &#34;pod-configmaps-5552e43f-b4a2-11e8-bc45-00073e906c7f&#34;: Phase=&#34;Pending&#34;, Reason=&#34;&#34;, readiness=false. Elapsed: 30.08054948s&#xA;Sep 10 02:37:06.495: INFO: Pod &#34;pod-configmaps-5552e43f-b4a2-11e8-bc45-00073e906c7f&#34;: Phase=&#34;Pending&#34;, Reason=&#34;&#34;, readiness=false. Elapsed: 32.0858167s&#xA;Sep 10 02:37:08.500: INFO: Pod &#34;pod-configmaps-5552e43f-b4a2-11e8-bc45-00073e906c7f&#34;: Phase=&#34;Pending&#34;, Reason=&#34;&#34;, readiness=false. Elapsed: 34.0907925s&#xA;Sep 10 02:37:10.505: INFO: Pod &#34;pod-configmaps-5552e43f-b4a2-11e8-bc45-00073e906c7f&#34;: Phase=&#34;Pending&#34;, Reason=&#34;&#34;, readiness=false. Elapsed: 36.09577722s&#xA;Sep 10 02:37:12.510: INFO: Pod &#34;pod-configmaps-5552e43f-b4a2-11e8-bc45-00073e906c7f&#34;: Phase=&#34;Pending&#34;, Reason=&#34;&#34;, readiness=false. Elapsed: 38.10088808s&#xA;Sep 10 02:37:14.515: INFO: Pod &#34;pod-configmaps-5552e43f-b4a2-11e8-bc45-00073e906c7f&#34;: Phase=&#34;Pending&#34;, Reason=&#34;&#34;, readiness=false. Elapsed: 40.1056347s&#xA;Sep 10 02:37:16.520: INFO: Pod &#34;pod-configmaps-5552e43f-b4a2-11e8-bc45-00073e906c7f&#34;: Phase=&#34;Pending&#34;, Reason=&#34;&#34;, readiness=false. Elapsed: 42.11041074s&#xA;Sep 10 02:37:18.525: INFO: Pod &#34;pod-configmaps-5552e43f-b4a2-11e8-bc45-00073e906c7f&#34;: Phase=&#34;Pending&#34;, Reason=&#34;&#34;, readiness=false. Elapsed: 44.11550364s&#xA;Sep 10 02:37:20.530: INFO: Pod &#34;pod-configmaps-5552e43f-b4a2-11e8-bc45-00073e906c7f&#34;: Phase=&#34;Pending&#34;, Reason=&#34;&#34;, readiness=false. Elapsed: 46.12027524s&#xA;Sep 10 02:37:22.535: INFO: Pod &#34;pod-configmaps-5552e43f-b4a2-11e8-bc45-00073e906c7f&#34;: Phase=&#34;Pending&#34;, Reason=&#34;&#34;, readiness=false. Elapsed: 48.12516194s&#xA;Sep 10 02:37:24.539: INFO: Pod &#34;pod-configmaps-5552e43f-b4a2-11e8-bc45-00073e906c7f&#34;: Phase=&#34;Pending&#34;, Reason=&#34;&#34;, readiness=false. Elapsed: 50.13002352s&#xA;Sep 10 02:37:26.544: INFO: Pod &#34;pod-configmaps-5552e43f-b4a2-11e8-bc45-00073e906c7f&#34;: Phase=&#34;Pending&#34;, Reason=&#34;&#34;, readiness=false. Elapsed: 52.13494696s&#xA;Sep 10 02:37:28.549: INFO: Pod &#34;pod-configmaps-5552e43f-b4a2-11e8-bc45-00073e906c7f&#34;: Phase=&#34;Pending&#34;, Reason=&#34;&#34;, readiness=false. Elapsed: 54.1397683s&#xA;Sep 10 02:37:30.555: INFO: Pod &#34;pod-configmaps-5552e43f-b4a2-11e8-bc45-00073e906c7f&#34;: Phase=&#34;Pending&#34;, Reason=&#34;&#34;, readiness=false. Elapsed: 56.1451389s&#xA;Sep 10 02:37:32.559: INFO: Pod &#34;pod-configmaps-5552e43f-b4a2-11e8-bc45-00073e906c7f&#34;: Phase=&#34;Pending&#34;, Reason=&#34;&#34;, readiness=false. Elapsed: 58.1498375s&#xA;Sep 10 02:37:34.564: INFO: Pod &#34;pod-configmaps-5552e43f-b4a2-11e8-bc45-00073e906c7f&#34;: Phase=&#34;Pending&#34;, Reason=&#34;&#34;, readiness=false. Elapsed: 1m0.15471632s&#xA;Sep 10 02:37:36.569: INFO: Pod &#34;pod-configmaps-5552e43f-b4a2-11e8-bc45-00073e906c7f&#34;: Phase=&#34;Pending&#34;, Reason=&#34;&#34;, readiness=false. Elapsed: 1m2.15943164s&#xA;Sep 10 02:37:38.574: INFO: Pod &#34;pod-configmaps-5552e43f-b4a2-11e8-bc45-00073e906c7f&#34;: Phase=&#34;Pending&#34;, Reason=&#34;&#34;, readiness=false. Elapsed: 1m4.16433468s&#xA;Sep 10 02:37:40.579: INFO: Pod &#34;pod-configmaps-5552e43f-b4a2-11e8-bc45-00073e906c7f&#34;: Phase=&#34;Pending&#34;, Reason=&#34;&#34;, readiness=false. Elapsed: 1m6.16903438s&#xA;Sep 10 02:37:42.583: INFO: Pod &#34;pod-configmaps-5552e43f-b4a2-11e8-bc45-00073e906c7f&#34;: Phase=&#34;Pending&#34;, Reason=&#34;&#34;, readiness=false. Elapsed: 1m8.1737939s&#xA;Sep 10 02:37:44.588: INFO: Pod &#34;pod-configmaps-5552e43f-b4a2-11e8-bc45-00073e906c7f&#34;: Phase=&#34;Pending&#34;, Reason=&#34;&#34;, readiness=false. Elapsed: 1m10.17852596s&#xA;Sep 10 02:37:46.593: INFO: Pod &#34;pod-configmaps-5552e43f-b4a2-11e8-bc45-00073e906c7f&#34;: Phase=&#34;Pending&#34;, Reason=&#34;&#34;, readiness=false. Elapsed: 1m12.18327382s&#xA;Sep 10 02:37:48.597: INFO: Pod &#34;pod-configmaps-5552e43f-b4a2-11e8-bc45-00073e906c7f&#34;: Phase=&#34;Pending&#34;, Reason=&#34;&#34;, readiness=false. Elapsed: 1m14.1879822s&#xA;Sep 10 02:37:50.602: INFO: Pod &#34;pod-configmaps-5552e43f-b4a2-11e8-bc45-00073e906c7f&#34;: Phase=&#34;Pending&#34;, Reason=&#34;&#34;, readiness=false. Elapsed: 1m16.19260946s&#xA;Sep 10 02:37:52.607: INFO: Pod &#34;pod-configmaps-5552e43f-b4a2-11e8-bc45-00073e906c7f&#34;: Phase=&#34;Pending&#34;, Reason=&#34;&#34;, readiness=false. Elapsed: 1m18.19728082s&#xA;Sep 10 02:37:54.611: INFO: Pod &#34;pod-configmaps-5552e43f-b4a2-11e8-bc45-00073e906c7f&#34;: Phase=&#34;Pending&#34;, Reason=&#34;&#34;, readiness=false. Elapsed: 1m20.20196502s&#xA;Sep 10 02:37:56.616: INFO: Pod &#34;pod-configmaps-5552e43f-b4a2-11e8-bc45-00073e906c7f&#34;: Phase=&#34;Pending&#34;, Reason=&#34;&#34;, readiness=false. Elapsed: 1m22.2068009s&#xA;Sep 10 02:37:58.621: INFO: Pod &#34;pod-configmaps-5552e43f-b4a2-11e8-bc45-00073e906c7f&#34;: Phase=&#34;Pending&#34;, Reason=&#34;&#34;, readiness=false. Elapsed: 1m24.21158334s&#xA;Sep 10 02:38:00.626: INFO: Pod &#34;pod-configmaps-5552e43f-b4a2-11e8-bc45-00073e906c7f&#34;: Phase=&#34;Pending&#34;, Reason=&#34;&#34;, readiness=false. Elapsed: 1m26.21637202s&#xA;Sep 10 02:38:02.631: INFO: Pod &#34;pod-configmaps-5552e43f-b4a2-11e8-bc45-00073e906c7f&#34;: Phase=&#34;Pending&#34;, Reason=&#34;&#34;, readiness=false. Elapsed: 1m28.22113706s&#xA;Sep 10 02:38:04.636: INFO: Pod &#34;pod-configmaps-5552e43f-b4a2-11e8-bc45-00073e906c7f&#34;: Phase=&#34;Pending&#34;, Reason=&#34;&#34;, readiness=false. Elapsed: 1m30.22619788s&#xA;Sep 10 02:38:06.641: INFO: Pod &#34;pod-configmaps-5552e43f-b4a2-11e8-bc45-00073e906c7f&#34;: Phase=&#34;Pending&#34;, Reason=&#34;&#34;, readiness=false. Elapsed: 1m32.23167612s&#xA;Sep 10 02:38:08.646: INFO: Pod &#34;pod-configmaps-5552e43f-b4a2-11e8-bc45-00073e906c7f&#34;: Phase=&#34;Pending&#34;, Reason=&#34;&#34;, readiness=false. Elapsed: 1m34.23691202s&#xA;Sep 10 02:38:10.652: INFO: Pod &#34;pod-configmaps-5552e43f-b4a2-11e8-bc45-00073e906c7f&#34;: Phase=&#34;Pending&#34;, Reason=&#34;&#34;, readiness=false. Elapsed: 1m36.24214878s&#xA;Sep 10 02:38:12.657: INFO: Pod &#34;pod-configmaps-5552e43f-b4a2-11e8-bc45-00073e906c7f&#34;: Phase=&#34;Pending&#34;, Reason=&#34;&#34;, readiness=false. Elapsed: 1m38.24712898s&#xA;Sep 10 02:38:14.661: INFO: Pod &#34;pod-configmaps-5552e43f-b4a2-11e8-bc45-00073e906c7f&#34;: Phase=&#34;Pending&#34;, Reason=&#34;&#34;, readiness=false. Elapsed: 1m40.25185014s&#xA;Sep 10 02:38:16.666: INFO: Pod &#34;pod-configmaps-5552e43f-b4a2-11e8-bc45-00073e906c7f&#34;: Phase=&#34;Pending&#34;, Reason=&#34;&#34;, readiness=false. Elapsed: 1m42.2565018s&#xA;Sep 10 02:38:18.671: INFO: Pod &#34;pod-configmaps-5552e43f-b4a2-11e8-bc45-00073e906c7f&#34;: Phase=&#34;Pending&#34;, Reason=&#34;&#34;, readiness=false. Elapsed: 1m44.26148398s&#xA;Sep 10 02:38:20.676: INFO: Pod &#34;pod-configmaps-5552e43f-b4a2-11e8-bc45-00073e906c7f&#34;: Phase=&#34;Pending&#34;, Reason=&#34;&#34;, readiness=false. Elapsed: 1m46.26641394s&#xA;Sep 10 02:38:22.681: INFO: Pod &#34;pod-configmaps-5552e43f-b4a2-11e8-bc45-00073e906c7f&#34;: Phase=&#34;Pending&#34;, Reason=&#34;&#34;, readiness=false. Elapsed: 1m48.27169198s&#xA;Sep 10 02:38:24.686: INFO: Pod &#34;pod-configmaps-5552e43f-b4a2-11e8-bc45-00073e906c7f&#34;: Phase=&#34;Pending&#34;, Reason=&#34;&#34;, readiness=false. Elapsed: 1m50.27651526s&#xA;Sep 10 02:38:26.691: INFO: Pod &#34;pod-configmaps-5552e43f-b4a2-11e8-bc45-00073e906c7f&#34;: Phase=&#34;Pending&#34;, Reason=&#34;&#34;, readiness=false. Elapsed: 1m52.28142514s&#xA;Sep 10 02:38:28.696: INFO: Pod &#34;pod-configmaps-5552e43f-b4a2-11e8-bc45-00073e906c7f&#34;: Phase=&#34;Pending&#34;, Reason=&#34;&#34;, readiness=false. Elapsed: 1m54.2861489s&#xA;Sep 10 02:38:30.701: INFO: Pod &#34;pod-configmaps-5552e43f-b4a2-11e8-bc45-00073e906c7f&#34;: Phase=&#34;Pending&#34;, Reason=&#34;&#34;, readiness=false. Elapsed: 1m56.29107756s&#xA;Sep 10 02:38:32.706: INFO: Pod &#34;pod-configmaps-5552e43f-b4a2-11e8-bc45-00073e906c7f&#34;: Phase=&#34;Pending&#34;, Reason=&#34;&#34;, readiness=false. Elapsed: 1m58.29606996s&#xA;Sep 10 02:38:34.710: INFO: Pod &#34;pod-configmaps-5552e43f-b4a2-11e8-bc45-00073e906c7f&#34;: Phase=&#34;Pending&#34;, Reason=&#34;&#34;, readiness=false. Elapsed: 2m0.30097174s&#xA;Sep 10 02:38:36.715: INFO: Pod &#34;pod-configmaps-5552e43f-b4a2-11e8-bc45-00073e906c7f&#34;: Phase=&#34;Pending&#34;, Reason=&#34;&#34;, readiness=false. Elapsed: 2m2.3059774s&#xA;Sep 10 02:38:38.720: INFO: Pod &#34;pod-configmaps-5552e43f-b4a2-11e8-bc45-00073e906c7f&#34;: Phase=&#34;Pending&#34;, Reason=&#34;&#34;, readiness=false. Elapsed: 2m4.31044698s&#xA;Sep 10 02:38:40.725: INFO: Pod &#34;pod-configmaps-5552e43f-b4a2-11e8-bc45-00073e906c7f&#34;: Phase=&#34;Pending&#34;, Reason=&#34;&#34;, readiness=false. Elapsed: 2m6.3154815s&#xA;Sep 10 02:38:42.730: INFO: Pod &#34;pod-configmaps-5552e43f-b4a2-11e8-bc45-00073e906c7f&#34;: Phase=&#34;Pending&#34;, Reason=&#34;&#34;, readiness=false. Elapsed: 2m8.32050546s&#xA;Sep 10 02:38:44.735: INFO: Pod &#34;pod-configmaps-5552e43f-b4a2-11e8-bc45-00073e906c7f&#34;: Phase=&#34;Pending&#34;, Reason=&#34;&#34;, readiness=false. Elapsed: 2m10.32523802s&#xA;Sep 10 02:38:46.740: INFO: Pod &#34;pod-configmaps-5552e43f-b4a2-11e8-bc45-00073e906c7f&#34;: Phase=&#34;Pending&#34;, Reason=&#34;&#34;, readiness=false. Elapsed: 2m12.33025888s&#xA;Sep 10 02:38:48.745: INFO: Pod &#34;pod-configmaps-5552e43f-b4a2-11e8-bc45-00073e906c7f&#34;: Phase=&#34;Pending&#34;, Reason=&#34;&#34;, readiness=false. Elapsed: 2m14.33506544s&#xA;Sep 10 02:38:50.750: INFO: Pod &#34;pod-configmaps-5552e43f-b4a2-11e8-bc45-00073e906c7f&#34;: Phase=&#34;Pending&#34;, Reason=&#34;&#34;, readiness=false. Elapsed: 2m16.3400569s&#xA;Sep 10 02:38:52.754: INFO: Pod &#34;pod-configmaps-5552e43f-b4a2-11e8-bc45-00073e906c7f&#34;: Phase=&#34;Pending&#34;, Reason=&#34;&#34;, readiness=false. Elapsed: 2m18.34492618s&#xA;Sep 10 02:38:54.759: INFO: Pod &#34;pod-configmaps-5552e43f-b4a2-11e8-bc45-00073e906c7f&#34;: Phase=&#34;Pending&#34;, Reason=&#34;&#34;, readiness=false. Elapsed: 2m20.34970014s&#xA;Sep 10 02:38:56.764: INFO: Pod &#34;pod-configmaps-5552e43f-b4a2-11e8-bc45-00073e906c7f&#34;: Phase=&#34;Pending&#34;, Reason=&#34;&#34;, readiness=false. Elapsed: 2m22.3547626s&#xA;Sep 10 02:38:58.769: INFO: Pod &#34;pod-configmaps-5552e43f-b4a2-11e8-bc45-00073e906c7f&#34;: Phase=&#34;Pending&#34;, Reason=&#34;&#34;, readiness=false. Elapsed: 2m24.35955418s&#xA;Sep 10 02:39:00.774: INFO: Pod &#34;pod-configmaps-5552e43f-b4a2-11e8-bc45-00073e906c7f&#34;: Phase=&#34;Pending&#34;, Reason=&#34;&#34;, readiness=false. Elapsed: 2m26.3647281s&#xA;Sep 10 02:39:02.779: INFO: Pod &#34;pod-configmaps-5552e43f-b4a2-11e8-bc45-00073e906c7f&#34;: Phase=&#34;Pending&#34;, Reason=&#34;&#34;, readiness=false. Elapsed: 2m28.36996212s&#xA;Sep 10 02:39:04.784: INFO: Pod &#34;pod-configmaps-5552e43f-b4a2-11e8-bc45-00073e906c7f&#34;: Phase=&#34;Pending&#34;, Reason=&#34;&#34;, readiness=false. Elapsed: 2m30.3747518s&#xA;Sep 10 02:39:06.789: INFO: Pod &#34;pod-configmaps-5552e43f-b4a2-11e8-bc45-00073e906c7f&#34;: Phase=&#34;Pending&#34;, Reason=&#34;&#34;, readiness=false. Elapsed: 2m32.37952062s&#xA;Sep 10 02:39:08.794: INFO: Pod &#34;pod-configmaps-5552e43f-b4a2-11e8-bc45-00073e906c7f&#34;: Phase=&#34;Pending&#34;, Reason=&#34;&#34;, readiness=false. Elapsed: 2m34.38428424s&#xA;Sep 10 02:39:10.799: INFO: Pod &#34;pod-configmaps-5552e43f-b4a2-11e8-bc45-00073e906c7f&#34;: Phase=&#34;Pending&#34;, Reason=&#34;&#34;, readiness=false. Elapsed: 2m36.38926664s&#xA;Sep 10 02:39:12.804: INFO: Pod &#34;pod-configmaps-5552e43f-b4a2-11e8-bc45-00073e906c7f&#34;: Phase=&#34;Pending&#34;, Reason=&#34;&#34;, readiness=false. Elapsed: 2m38.39419686s&#xA;Sep 10 02:39:14.809: INFO: Pod &#34;pod-configmaps-5552e43f-b4a2-11e8-bc45-00073e906c7f&#34;: Phase=&#34;Pending&#34;, Reason=&#34;&#34;, readiness=false. Elapsed: 2m40.39912822s&#xA;Sep 10 02:39:16.813: INFO: Pod &#34;pod-configmaps-5552e43f-b4a2-11e8-bc45-00073e906c7f&#34;: Phase=&#34;Pending&#34;, Reason=&#34;&#34;, readiness=false. Elapsed: 2m42.40397014s&#xA;Sep 10 02:39:18.819: INFO: Pod &#34;pod-configmaps-5552e43f-b4a2-11e8-bc45-00073e906c7f&#34;: Phase=&#34;Pending&#34;, Reason=&#34;&#34;, readiness=false. Elapsed: 2m44.40912224s&#xA;Sep 10 02:39:20.824: INFO: Pod &#34;pod-configmaps-5552e43f-b4a2-11e8-bc45-00073e906c7f&#34;: Phase=&#34;Pending&#34;, Reason=&#34;&#34;, readiness=false. Elapsed: 2m46.41407272s&#xA;Sep 10 02:39:22.829: INFO: Pod &#34;pod-configmaps-5552e43f-b4a2-11e8-bc45-00073e906c7f&#34;: Phase=&#34;Pending&#34;, Reason=&#34;&#34;, readiness=false. Elapsed: 2m48.41917886s&#xA;Sep 10 02:39:24.834: INFO: Pod &#34;pod-configmaps-5552e43f-b4a2-11e8-bc45-00073e906c7f&#34;: Phase=&#34;Pending&#34;, Reason=&#34;&#34;, readiness=false. Elapsed: 2m50.42404428s&#xA;Sep 10 02:39:26.839: INFO: Pod &#34;pod-configmaps-5552e43f-b4a2-11e8-bc45-00073e906c7f&#34;: Phase=&#34;Pending&#34;, Reason=&#34;&#34;, readiness=false. Elapsed: 2m52.4290371s&#xA;Sep 10 02:39:28.843: INFO: Pod &#34;pod-configmaps-5552e43f-b4a2-11e8-bc45-00073e906c7f&#34;: Phase=&#34;Pending&#34;, Reason=&#34;&#34;, readiness=false. Elapsed: 2m54.43378236s&#xA;Sep 10 02:39:30.848: INFO: Pod &#34;pod-configmaps-5552e43f-b4a2-11e8-bc45-00073e906c7f&#34;: Phase=&#34;Pending&#34;, Reason=&#34;&#34;, readiness=false. Elapsed: 2m56.43874016s&#xA;Sep 10 02:39:32.853: INFO: Pod &#34;pod-configmaps-5552e43f-b4a2-11e8-bc45-00073e906c7f&#34;: Phase=&#34;Pending&#34;, Reason=&#34;&#34;, readiness=false. Elapsed: 2m58.44369146s&#xA;Sep 10 02:39:34.858: INFO: Pod &#34;pod-configmaps-5552e43f-b4a2-11e8-bc45-00073e906c7f&#34;: Phase=&#34;Pending&#34;, Reason=&#34;&#34;, readiness=false. Elapsed: 3m0.44849696s&#xA;Sep 10 02:39:36.863: INFO: Pod &#34;pod-configmaps-5552e43f-b4a2-11e8-bc45-00073e906c7f&#34;: Phase=&#34;Pending&#34;, Reason=&#34;&#34;, readiness=false. Elapsed: 3m2.45322656s&#xA;Sep 10 02:39:38.867: INFO: Pod &#34;pod-configmaps-5552e43f-b4a2-11e8-bc45-00073e906c7f&#34;: Phase=&#34;Pending&#34;, Reason=&#34;&#34;, readiness=false. Elapsed: 3m4.45802646s&#xA;Sep 10 02:39:40.872: INFO: Pod &#34;pod-configmaps-5552e43f-b4a2-11e8-bc45-00073e906c7f&#34;: Phase=&#34;Pending&#34;, Reason=&#34;&#34;, readiness=false. Elapsed: 3m6.46268892s&#xA;Sep 10 02:39:42.877: INFO: Pod &#34;pod-configmaps-5552e43f-b4a2-11e8-bc45-00073e906c7f&#34;: Phase=&#34;Pending&#34;, Reason=&#34;&#34;, readiness=false. Elapsed: 3m8.46730546s&#xA;Sep 10 02:39:44.882: INFO: Pod &#34;pod-configmaps-5552e43f-b4a2-11e8-bc45-00073e906c7f&#34;: Phase=&#34;Pending&#34;, Reason=&#34;&#34;, readiness=false. Elapsed: 3m10.47210064s&#xA;Sep 10 02:39:46.886: INFO: Pod &#34;pod-configmaps-5552e43f-b4a2-11e8-bc45-00073e906c7f&#34;: Phase=&#34;Pending&#34;, Reason=&#34;&#34;, readiness=false. Elapsed: 3m12.47699214s&#xA;Sep 10 02:39:48.891: INFO: Pod &#34;pod-configmaps-5552e43f-b4a2-11e8-bc45-00073e906c7f&#34;: Phase=&#34;Pending&#34;, Reason=&#34;&#34;, readiness=false. Elapsed: 3m14.48177996s&#xA;Sep 10 02:39:50.896: INFO: Pod &#34;pod-configmaps-5552e43f-b4a2-11e8-bc45-00073e906c7f&#34;: Phase=&#34;Pending&#34;, Reason=&#34;&#34;, readiness=false. Elapsed: 3m16.48654842s&#xA;Sep 10 02:39:52.901: INFO: Pod &#34;pod-configmaps-5552e43f-b4a2-11e8-bc45-00073e906c7f&#34;: Phase=&#34;Pending&#34;, Reason=&#34;&#34;, readiness=false. Elapsed: 3m18.49166328s&#xA;Sep 10 02:39:54.906: INFO: Pod &#34;pod-configmaps-5552e43f-b4a2-11e8-bc45-00073e906c7f&#34;: Phase=&#34;Pending&#34;, Reason=&#34;&#34;, readiness=false. Elapsed: 3m20.4965278s&#xA;Sep 10 02:39:56.910: INFO: Pod &#34;pod-configmaps-5552e43f-b4a2-11e8-bc45-00073e906c7f&#34;: Phase=&#34;Pending&#34;, Reason=&#34;&#34;, readiness=false. Elapsed: 3m22.50096964s&#xA;Sep 10 02:39:58.922: INFO: Pod &#34;pod-configmaps-5552e43f-b4a2-11e8-bc45-00073e906c7f&#34;: Phase=&#34;Pending&#34;, Reason=&#34;&#34;, readiness=false. Elapsed: 3m24.51288226s&#xA;Sep 10 02:40:00.928: INFO: Pod &#34;pod-configmaps-5552e43f-b4a2-11e8-bc45-00073e906c7f&#34;: Phase=&#34;Pending&#34;, Reason=&#34;&#34;, readiness=false. Elapsed: 3m26.5180658s&#xA;Sep 10 02:40:02.932: INFO: Pod &#34;pod-configmaps-5552e43f-b4a2-11e8-bc45-00073e906c7f&#34;: Phase=&#34;Pending&#34;, Reason=&#34;&#34;, readiness=false. Elapsed: 3m28.52301284s&#xA;Sep 10 02:40:04.937: INFO: Pod &#34;pod-configmaps-5552e43f-b4a2-11e8-bc45-00073e906c7f&#34;: Phase=&#34;Pending&#34;, Reason=&#34;&#34;, readiness=false. Elapsed: 3m30.52764646s&#xA;Sep 10 02:40:06.942: INFO: Pod &#34;pod-configmaps-5552e43f-b4a2-11e8-bc45-00073e906c7f&#34;: Phase=&#34;Pending&#34;, Reason=&#34;&#34;, readiness=false. Elapsed: 3m32.53264282s&#xA;Sep 10 02:40:08.947: INFO: Pod &#34;pod-configmaps-5552e43f-b4a2-11e8-bc45-00073e906c7f&#34;: Phase=&#34;Pending&#34;, Reason=&#34;&#34;, readiness=false. Elapsed: 3m34.53756908s&#xA;Sep 10 02:40:10.952: INFO: Pod &#34;pod-configmaps-5552e43f-b4a2-11e8-bc45-00073e906c7f&#34;: Phase=&#34;Pending&#34;, Reason=&#34;&#34;, readiness=false. Elapsed: 3m36.54239672s&#xA;Sep 10 02:40:12.957: INFO: Pod &#34;pod-configmaps-5552e43f-b4a2-11e8-bc45-00073e906c7f&#34;: Phase=&#34;Pending&#34;, Reason=&#34;&#34;, readiness=false. Elapsed: 3m38.54732366s&#xA;Sep 10 02:40:14.962: INFO: Pod &#34;pod-configmaps-5552e43f-b4a2-11e8-bc45-00073e906c7f&#34;: Phase=&#34;Pending&#34;, Reason=&#34;&#34;, readiness=false. Elapsed: 3m40.55207804s&#xA;Sep 10 02:40:16.966: INFO: Pod &#34;pod-configmaps-5552e43f-b4a2-11e8-bc45-00073e906c7f&#34;: Phase=&#34;Pending&#34;, Reason=&#34;&#34;, readiness=false. Elapsed: 3m42.55700226s&#xA;Sep 10 02:40:18.971: INFO: Pod &#34;pod-configmaps-5552e43f-b4a2-11e8-bc45-00073e906c7f&#34;: Phase=&#34;Pending&#34;, Reason=&#34;&#34;, readiness=false. Elapsed: 3m44.56175606s&#xA;Sep 10 02:40:20.976: INFO: Pod &#34;pod-configmaps-5552e43f-b4a2-11e8-bc45-00073e906c7f&#34;: Phase=&#34;Pending&#34;, Reason=&#34;&#34;, readiness=false. Elapsed: 3m46.5667157s&#xA;Sep 10 02:40:22.981: INFO: Pod &#34;pod-configmaps-5552e43f-b4a2-11e8-bc45-00073e906c7f&#34;: Phase=&#34;Pending&#34;, Reason=&#34;&#34;, readiness=false. Elapsed: 3m48.5717009s&#xA;Sep 10 02:40:24.986: INFO: Pod &#34;pod-configmaps-5552e43f-b4a2-11e8-bc45-00073e906c7f&#34;: Phase=&#34;Pending&#34;, Reason=&#34;&#34;, readiness=false. Elapsed: 3m50.57645848s&#xA;Sep 10 02:40:26.991: INFO: Pod &#34;pod-configmaps-5552e43f-b4a2-11e8-bc45-00073e906c7f&#34;: Phase=&#34;Pending&#34;, Reason=&#34;&#34;, readiness=false. Elapsed: 3m52.58119086s&#xA;Sep 10 02:40:28.996: INFO: Pod &#34;pod-configmaps-5552e43f-b4a2-11e8-bc45-00073e906c7f&#34;: Phase=&#34;Pending&#34;, Reason=&#34;&#34;, readiness=false. Elapsed: 3m54.58609608s&#xA;Sep 10 02:40:31.001: INFO: Pod &#34;pod-configmaps-5552e43f-b4a2-11e8-bc45-00073e906c7f&#34;: Phase=&#34;Pending&#34;, Reason=&#34;&#34;, readiness=false. Elapsed: 3m56.59120764s&#xA;Sep 10 02:40:33.006: INFO: Pod &#34;pod-configmaps-5552e43f-b4a2-11e8-bc45-00073e906c7f&#34;: Phase=&#34;Pending&#34;, Reason=&#34;&#34;, readiness=false. Elapsed: 3m58.5961864s&#xA;Sep 10 02:40:35.010: INFO: Pod &#34;pod-configmaps-5552e43f-b4a2-11e8-bc45-00073e906c7f&#34;: Phase=&#34;Pending&#34;, Reason=&#34;&#34;, readiness=false. Elapsed: 4m0.6009358s&#xA;Sep 10 02:40:37.015: INFO: Pod &#34;pod-configmaps-5552e43f-b4a2-11e8-bc45-00073e906c7f&#34;: Phase=&#34;Pending&#34;, Reason=&#34;&#34;, readiness=false. Elapsed: 4m2.60598494s&#xA;Sep 10 02:40:39.021: INFO: Pod &#34;pod-configmaps-5552e43f-b4a2-11e8-bc45-00073e906c7f&#34;: Phase=&#34;Pending&#34;, Reason=&#34;&#34;, readiness=false. Elapsed: 4m4.61111544s&#xA;Sep 10 02:40:41.025: INFO: Pod &#34;pod-configmaps-5552e43f-b4a2-11e8-bc45-00073e906c7f&#34;: Phase=&#34;Pending&#34;, Reason=&#34;&#34;, readiness=false. Elapsed: 4m6.61589144s&#xA;Sep 10 02:40:43.030: INFO: Pod &#34;pod-configmaps-5552e43f-b4a2-11e8-bc45-00073e906c7f&#34;: Phase=&#34;Pending&#34;, Reason=&#34;&#34;, readiness=false. Elapsed: 4m8.62068068s&#xA;Sep 10 02:40:45.035: INFO: Pod &#34;pod-configmaps-5552e43f-b4a2-11e8-bc45-00073e906c7f&#34;: Phase=&#34;Pending&#34;, Reason=&#34;&#34;, readiness=false. Elapsed: 4m10.62533942s&#xA;Sep 10 02:40:47.040: INFO: Pod &#34;pod-configmaps-5552e43f-b4a2-11e8-bc45-00073e906c7f&#34;: Phase=&#34;Pending&#34;, Reason=&#34;&#34;, readiness=false. Elapsed: 4m12.63024132s&#xA;Sep 10 02:40:49.045: INFO: Pod &#34;pod-configmaps-5552e43f-b4a2-11e8-bc45-00073e906c7f&#34;: Phase=&#34;Pending&#34;, Reason=&#34;&#34;, readiness=false. Elapsed: 4m14.63511826s&#xA;Sep 10 02:40:51.049: INFO: Pod &#34;pod-configmaps-5552e43f-b4a2-11e8-bc45-00073e906c7f&#34;: Phase=&#34;Pending&#34;, Reason=&#34;&#34;, readiness=false. Elapsed: 4m16.63990978s&#xA;Sep 10 02:40:53.054: INFO: Pod &#34;pod-configmaps-5552e43f-b4a2-11e8-bc45-00073e906c7f&#34;: Phase=&#34;Pending&#34;, Reason=&#34;&#34;, readiness=false. Elapsed: 4m18.64484498s&#xA;Sep 10 02:40:55.059: INFO: Pod &#34;pod-configmaps-5552e43f-b4a2-11e8-bc45-00073e906c7f&#34;: Phase=&#34;Pending&#34;, Reason=&#34;&#34;, readiness=false. Elapsed: 4m20.64949524s&#xA;Sep 10 02:40:57.064: INFO: Pod &#34;pod-configmaps-5552e43f-b4a2-11e8-bc45-00073e906c7f&#34;: Phase=&#34;Pending&#34;, Reason=&#34;&#34;, readiness=false. Elapsed: 4m22.65441198s&#xA;Sep 10 02:40:59.069: INFO: Pod &#34;pod-configmaps-5552e43f-b4a2-11e8-bc45-00073e906c7f&#34;: Phase=&#34;Pending&#34;, Reason=&#34;&#34;, readiness=false. Elapsed: 4m24.65934236s&#xA;Sep 10 02:41:01.074: INFO: Pod &#34;pod-configmaps-5552e43f-b4a2-11e8-bc45-00073e906c7f&#34;: Phase=&#34;Pending&#34;, Reason=&#34;&#34;, readiness=false. Elapsed: 4m26.66457094s&#xA;Sep 10 02:41:03.079: INFO: Pod &#34;pod-configmaps-5552e43f-b4a2-11e8-bc45-00073e906c7f&#34;: Phase=&#34;Pending&#34;, Reason=&#34;&#34;, readiness=false. Elapsed: 4m28.6694315s&#xA;Sep 10 02:41:05.084: INFO: Pod &#34;pod-configmaps-5552e43f-b4a2-11e8-bc45-00073e906c7f&#34;: Phase=&#34;Pending&#34;, Reason=&#34;&#34;, readiness=false. Elapsed: 4m30.67472894s&#xA;Sep 10 02:41:07.089: INFO: Pod &#34;pod-configmaps-5552e43f-b4a2-11e8-bc45-00073e906c7f&#34;: Phase=&#34;Pending&#34;, Reason=&#34;&#34;, readiness=false. Elapsed: 4m32.67973412s&#xA;Sep 10 02:41:09.094: INFO: Pod &#34;pod-configmaps-5552e43f-b4a2-11e8-bc45-00073e906c7f&#34;: Phase=&#34;Pending&#34;, Reason=&#34;&#34;, readiness=false. Elapsed: 4m34.68452956s&#xA;Sep 10 02:41:11.099: INFO: Pod &#34;pod-configmaps-5552e43f-b4a2-11e8-bc45-00073e906c7f&#34;: Phase=&#34;Pending&#34;, Reason=&#34;&#34;, readiness=false. Elapsed: 4m36.68960388s&#xA;Sep 10 02:41:13.104: INFO: Pod &#34;pod-configmaps-5552e43f-b4a2-11e8-bc45-00073e906c7f&#34;: Phase=&#34;Pending&#34;, Reason=&#34;&#34;, readiness=false. Elapsed: 4m38.69414928s&#xA;Sep 10 02:41:15.108: INFO: Pod &#34;pod-configmaps-5552e43f-b4a2-11e8-bc45-00073e906c7f&#34;: Phase=&#34;Pending&#34;, Reason=&#34;&#34;, readiness=false. Elapsed: 4m40.69895314s&#xA;Sep 10 02:41:17.113: INFO: Pod &#34;pod-configmaps-5552e43f-b4a2-11e8-bc45-00073e906c7f&#34;: Phase=&#34;Pending&#34;, Reason=&#34;&#34;, readiness=false. Elapsed: 4m42.70384168s&#xA;Sep 10 02:41:19.118: INFO: Pod &#34;pod-configmaps-5552e43f-b4a2-11e8-bc45-00073e906c7f&#34;: Phase=&#34;Pending&#34;, Reason=&#34;&#34;, readiness=false. Elapsed: 4m44.70882338s&#xA;Sep 10 02:41:21.123: INFO: Pod &#34;pod-configmaps-5552e43f-b4a2-11e8-bc45-00073e906c7f&#34;: Phase=&#34;Pending&#34;, Reason=&#34;&#34;, readiness=false. Elapsed: 4m46.71368376s&#xA;Sep 10 02:41:23.128: INFO: Pod &#34;pod-configmaps-5552e43f-b4a2-11e8-bc45-00073e906c7f&#34;: Phase=&#34;Pending&#34;, Reason=&#34;&#34;, readiness=false. Elapsed: 4m48.71859768s&#xA;Sep 10 02:41:25.133: INFO: Pod &#34;pod-configmaps-5552e43f-b4a2-11e8-bc45-00073e906c7f&#34;: Phase=&#34;Pending&#34;, Reason=&#34;&#34;, readiness=false. Elapsed: 4m50.72340302s&#xA;Sep 10 02:41:27.138: INFO: Pod &#34;pod-configmaps-5552e43f-b4a2-11e8-bc45-00073e906c7f&#34;: Phase=&#34;Pending&#34;, Reason=&#34;&#34;, readiness=false. Elapsed: 4m52.72830402s&#xA;Sep 10 02:41:29.143: INFO: Pod &#34;pod-configmaps-5552e43f-b4a2-11e8-bc45-00073e906c7f&#34;: Phase=&#34;Pending&#34;, Reason=&#34;&#34;, readiness=false. Elapsed: 4m54.73352372s&#xA;Sep 10 02:41:31.148: INFO: Pod &#34;pod-configmaps-5552e43f-b4a2-11e8-bc45-00073e906c7f&#34;: Phase=&#34;Pending&#34;, Reason=&#34;&#34;, readiness=false. Elapsed: 4m56.73889878s&#xA;Sep 10 02:41:33.153: INFO: Pod &#34;pod-configmaps-5552e43f-b4a2-11e8-bc45-00073e906c7f&#34;: Phase=&#34;Pending&#34;, Reason=&#34;&#34;, readiness=false. Elapsed: 4m58.74365682s&#xA;Sep 10 02:41:35.168: INFO: Failed to get logs from node &#34;node3&#34; pod &#34;pod-configmaps-5552e43f-b4a2-11e8-bc45-00073e906c7f&#34; container &#34;env-test&#34;: the server rejected our request for an unknown reason (get pods pod-configmaps-5552e43f-b4a2-11e8-bc45-00073e906c7f)&#xA;�[1mSTEP�[0m: delete the pod&#xA;Sep 10 02:41:35.175: INFO: Waiting for pod pod-configmaps-5552e43f-b4a2-11e8-bc45-00073e906c7f to disappear&#xA;Sep 10 02:41:35.181: INFO: Pod pod-configmaps-5552e43f-b4a2-11e8-bc45-00073e906c7f still exists&#xA;Sep 10 02:41:37.181: INFO: Waiting for pod pod-configmaps-5552e43f-b4a2-11e8-bc45-00073e906c7f to disappear&#xA;Sep 10 02:41:37.186: INFO: Pod pod-configmaps-5552e43f-b4a2-11e8-bc45-00073e906c7f no longer exists&#xA;Sep 10 02:41:37.186: INFO: Unexpected error occurred: expected pod &#34;pod-configmaps-5552e43f-b4a2-11e8-bc45-00073e906c7f&#34; success: Gave up after waiting 5m0s for pod &#34;pod-configmaps-5552e43f-b4a2-11e8-bc45-00073e906c7f&#34; to be &#34;success or failure&#34;&#xA;[AfterEach] [sig-api-machinery] ConfigMap&#xA;  /root/gopath/src/k8s.io/kubernetes/_output/local/go/src/k8s.io/kubernetes/test/e2e/framework/framework.go:142&#xA;�[1mSTEP�[0m: Collecting events from namespace &#34;e2e-tests-configmap-zzxrq&#34;.&#xA;�[1mSTEP�[0m: Found 7 events.&#xA;Sep 10 02:41:37.193: INFO: At 2018-09-10 02:36:34 +0000 UTC - event for pod-configmaps-5552e43f-b4a2-11e8-bc45-00073e906c7f: {default-scheduler } Scheduled: Successfully assigned e2e-tests-configmap-zzxrq/pod-configmaps-5552e43f-b4a2-11e8-bc45-00073e906c7f to node3&#xA;Sep 10 02:41:37.193: INFO: At 2018-09-10 02:36:35 +0000 UTC - event for pod-configmaps-5552e43f-b4a2-11e8-bc45-00073e906c7f: {kubelet node3} Pulling: pulling image &#34;busybox&#34;&#xA;Sep 10 02:41:37.193: INFO: At 2018-09-10 02:36:41 +0000 UTC - event for pod-configmaps-5552e43f-b4a2-11e8-bc45-00073e906c7f: {kubelet node3} Failed: Failed to pull image &#34;busybox&#34;: rpc error: code = Unknown desc = Error while pulling image: Get https://index.docker.io/v1/repositories/library/busybox/images: http: error connecting to proxy http://192.168.2.109:8118: dial tcp 192.168.2.109:8118: getsockopt: no route to host&#xA;Sep 10 02:41:37.193: INFO: At 2018-09-10 02:36:41 +0000 UTC - event for pod-configmaps-5552e43f-b4a2-11e8-bc45-00073e906c7f: {kubelet node3} Failed: Error: ErrImagePull&#xA;Sep 10 02:41:37.193: INFO: At 2018-09-10 02:36:42 +0000 UTC - event for pod-configmaps-5552e43f-b4a2-11e8-bc45-00073e906c7f: {kubelet node3} SandboxChanged: Pod sandbox changed, it will be killed and re-created.&#xA;Sep 10 02:41:37.193: INFO: At 2018-09-10 02:37:25 +0000 UTC - event for pod-configmaps-5552e43f-b4a2-11e8-bc45-00073e906c7f: {kubelet node3} BackOff: Back-off pulling image &#34;busybox&#34;&#xA;Sep 10 02:41:37.193: INFO: At 2018-09-10 02:37:25 +0000 UTC - event for pod-configmaps-5552e43f-b4a2-11e8-bc45-00073e906c7f: {kubelet node3} Failed: Error: ImagePullBackOff&#xA;Sep 10 02:41:37.205: INFO: POD                            NODE   PHASE    GRACE  CONDITIONS&#xA;Sep 10 02:41:37.205: INFO: coredns-78fcdf6894-f55jj       node3  Running         [{Initialized True 0001-01-01 00:00:00 +0000 UTC 2018-09-01 03:57:03 +0000 UTC  } {Ready True 0001-01-01 00:00:00 +0000 UTC 2018-09-07 08:42:02 +0000 UTC  } {ContainersReady True 0001-01-01 00:00:00 +0000 UTC 0001-01-01 00:00:00 +0000 UTC  } {PodScheduled True 0001-01-01 00:00:00 +0000 UTC 2018-09-01 03:57:03 +0000 UTC  }]&#xA;Sep 10 02:41:37.205: INFO: coredns-78fcdf6894-vlxkz       node3  Running         [{Initialized True 0001-01-01 00:00:00 +0000 UTC 2018-09-01 03:57:03 +0000 UTC  } {Ready True 0001-01-01 00:00:00 +0000 UTC 2018-09-07 08:42:02 +0000 UTC  } {ContainersReady True 0001-01-01 00:00:00 +0000 UTC 0001-01-01 00:00:00 +0000 UTC  } {PodScheduled True 0001-01-01 00:00:00 +0000 UTC 2018-09-01 03:57:03 +0000 UTC  }]&#xA;Sep 10 02:41:37.205: INFO: etcd-node3                     node3  Running         [{Initialized True 0001-01-01 00:00:00 +0000 UTC 2018-09-07 08:40:49 +0000 UTC  } {Ready True 0001-01-01 00:00:00 +0000 UTC 2018-09-07 08:40:51 +0000 UTC  } {ContainersReady True 0001-01-01 00:00:00 +0000 UTC 0001-01-01 00:00:00 +0000 UTC  } {PodScheduled True 0001-01-01 00:00:00 +0000 UTC 2018-09-07 08:40:49 +0000 UTC  }]&#xA;Sep 10 02:41:37.206: INFO: kube-apiserver-node3           node3  Running         [{Initialized True 0001-01-01 00:00:00 +0000 UTC 2018-09-07 08:40:49 +0000 UTC  } {Ready True 0001-01-01 00:00:00 +0000 UTC 2018-09-07 08:40:51 +0000 UTC  } {ContainersReady True 0001-01-01 00:00:00 +0000 UTC 0001-01-01 00:00:00 +0000 UTC  } {PodScheduled True 0001-01-01 00:00:00 +0000 UTC 2018-09-07 08:40:49 +0000 UTC  }]&#xA;Sep 10 02:41:37.206: INFO: kube-controller-manager-node3  node3  Running         [{Initialized True 0001-01-01 00:00:00 +0000 UTC 2018-09-07 08:40:49 +0000 UTC  } {Ready True 0001-01-01 00:00:00 +0000 UTC 2018-09-07 08:40:51 +0000 UTC  } {ContainersReady True 0001-01-01 00:00:00 +0000 UTC 0001-01-01 00:00:00 +0000 UTC  } {PodScheduled True 0001-01-01 00:00:00 +0000 UTC 2018-09-07 08:40:49 +0000 UTC  }]&#xA;Sep 10 02:41:37.206: INFO: kube-proxy-d6xgq               node3  Running         [{Initialized True 0001-01-01 00:00:00 +0000 UTC 2018-09-01 03:55:38 +0000 UTC  } {Ready True 0001-01-01 00:00:00 +0000 UTC 2018-09-07 08:41:32 +0000 UTC  } {ContainersReady True 0001-01-01 00:00:00 +0000 UTC 0001-01-01 00:00:00 +0000 UTC  } {PodScheduled True 0001-01-01 00:00:00 +0000 UTC 2018-09-01 03:55:38 +0000 UTC  }]&#xA;Sep 10 02:41:37.206: INFO: kube-scheduler-node3           node3  Running         [{Initialized True 0001-01-01 00:00:00 +0000 UTC 2018-09-07 08:40:50 +0000 UTC  } {Ready True 0001-01-01 00:00:00 +0000 UTC 2018-09-07 08:40:51 +0000 UTC  } {ContainersReady True 0001-01-01 00:00:00 +0000 UTC 0001-01-01 00:00:00 +0000 UTC  } {PodScheduled True 0001-01-01 00:00:00 +0000 UTC 2018-09-07 08:40:50 +0000 UTC  }]&#xA;Sep 10 02:41:37.206: INFO: weave-net-qrwm8                node3  Running         [{Initialized True 0001-01-01 00:00:00 +0000 UTC 2018-09-01 03:55:38 +0000 UTC  } {Ready True 0001-01-01 00:00:00 +0000 UTC 2018-09-07 08:41:59 +0000 UTC  } {ContainersReady True 0001-01-01 00:00:00 +0000 UTC 0001-01-01 00:00:00 +0000 UTC  } {PodScheduled True 0001-01-01 00:00:00 +0000 UTC 2018-09-01 03:55:38 +0000 UTC  }]&#xA;Sep 10 02:41:37.206: INFO: &#xA;Sep 10 02:41:37.211: INFO: &#xA;Logging node info for node node3&#xA;Sep 10 02:41:37.216: INFO: Node Info: &amp;Node{ObjectMeta:k8s_io_apimachinery_pkg_apis_meta_v1.ObjectMeta{Name:node3,GenerateName:,Namespace:,SelfLink:/api/v1/nodes/node3,UID:d76c0c97-ad9a-11e8-a7d7-1e59e086a4f1,ResourceVersion:503591,Generation:0,CreationTimestamp:2018-09-01 03:55:18 +0000 UTC,DeletionTimestamp:&lt;nil&gt;,DeletionGracePeriodSeconds:nil,Labels:map[string]string{beta.kubernetes.io/arch: arm64,beta.kubernetes.io/os: linux,kubernetes.io/hostname: node3,node-role.kubernetes.io/master: ,},Annotations:map[string]string{kubeadm.alpha.kubernetes.io/cri-socket: /var/run/dockershim.sock,node.alpha.kubernetes.io/ttl: 0,volumes.kubernetes.io/controller-managed-attach-detach: true,},OwnerReferences:[],Finalizers:[],ClusterName:,Initializers:nil,},Spec:NodeSpec{PodCIDR:10.244.0.0/24,DoNotUse_ExternalID:,ProviderID:,Unschedulable:false,Taints:[],ConfigSource:nil,},Status:NodeStatus{Capacity:ResourceList{cpu: {{16 0} {&lt;nil&gt;} 16 DecimalSI},ephemeral-storage: {{82538430464 0} {&lt;nil&gt;}  BinarySI},hugepages-2Mi: {{0 0} {&lt;nil&gt;} 0 DecimalSI},memory: {{67535159296 0} {&lt;nil&gt;}  BinarySI},pods: {{110 0} {&lt;nil&gt;} 110 DecimalSI},},Allocatable:ResourceList{cpu: {{16 0} {&lt;nil&gt;} 16 DecimalSI},ephemeral-storage: {{74284587295 0} {&lt;nil&gt;} 74284587295 DecimalSI},hugepages-2Mi: {{0 0} {&lt;nil&gt;} 0 DecimalSI},memory: {{67430301696 0} {&lt;nil&gt;}  BinarySI},pods: {{110 0} {&lt;nil&gt;} 110 DecimalSI},},Phase:,Conditions:[{NetworkUnavailable False 2018-09-07 08:42:01 +0000 UTC 2018-09-07 08:42:01 +0000 UTC WeaveIsUp Weave pod has set this} {OutOfDisk False 2018-09-10 02:41:35 +0000 UTC 2018-09-01 03:55:11 +0000 UTC KubeletHasSufficientDisk kubelet has sufficient disk space available} {MemoryPressure False 2018-09-10 02:41:35 +0000 UTC 2018-09-01 03:55:11 +0000 UTC KubeletHasSufficientMemory kubelet has sufficient memory available} {DiskPressure False 2018-09-10 02:41:35 +0000 UTC 2018-09-01 03:55:11 +0000 UTC KubeletHasNoDiskPressure kubelet has no disk pressure} {PIDPressure False 2018-09-10 02:41:35 +0000 UTC 2018-09-01 03:55:11 +0000 UTC KubeletHasSufficientPID kubelet has sufficient PID available} {Ready True 2018-09-10 02:41:35 +0000 UTC 2018-09-04 01:30:47 +0000 UTC KubeletReady kubelet is posting ready status}],Addresses:[{InternalIP 192.168.2.117} {Hostname node3}],DaemonEndpoints:NodeDaemonEndpoints{KubeletEndpoint:DaemonEndpoint{Port:10250,},},NodeInfo:NodeSystemInfo{MachineID:373be5c264ac4b78a49077a4b4ded99c,SystemUUID:373be5c264ac4b78a49077a4b4ded99c,BootID:fa7f8a19-3d16-419b-9318-394c7eac5519,KernelVersion:4.4.58-20171215.kylin.server.YUN+-generic,OSImage:Kylin 4.0.2,ContainerRuntimeVersion:docker://1.12.6,KubeletVersion:v1.11.2,KubeProxyVersion:v1.11.2,OperatingSystem:linux,Architecture:arm64,},Images:[{[k8s.gcr.io/kube-cross@sha256:0c5809a727c38458e9a63b486cf83c504a24ff561d63a031d31e613f6ad50282 k8s.gcr.io/kube-cross:v1.10.2-1] 2076524551} {[mrdreambot/arm64-mysql@sha256:872464bd31f5db2ecfce15824c80a0b78ace914e80e78a0e98d2d9ef7e8bbb79 mrdreambot/arm64-mysql:latest] 529883867} {[bobsense/mysql@sha256:a20cd35207c46b0400ac48fdf21ebb8e432fa5b597eb5f4b6ec6a634ecc26a8a bobsense/mysql:latest] 529882429} {[mariadb@sha256:358f6b50afd9c25707e97869f0c57de802c53973a90a2ff49e283501fccce1b2 mariadb:10.1.14] 387643618} {[wordpress@sha256:b0460dba11737144b232a7794403d4052982f2332caeea82f618fc98d0547387 wordpress:latest] 367973768} {[mariadb@sha256:edef80de393cf4a79504168c663f8b0c6b15060333e5a7d7aee3dc0a4de6e927 mariadb:latest] 348940495} {[hyperhq/mariadb-arm64v8@sha256:bcf8c747e35eddfcd36ffc6011b00ececb56fe467afb290280d80709299fd80d hyperhq/mariadb-arm64v8:10.3-1] 348507360} {[hyperhq/mariadb-arm64v8:10.3] 348507300} {[hyperhq/mariadb-arm64v8@sha256:720d233b09adbea084c15cfa4909008a2df201b300b10c9fd39464bce60af0db hyperhq/mariadb-arm64v8:10.3-2] 348507153} {[bobsense/nginx-arm64@sha256:224f3b5fd469754e5e701bedd28c633c92ba21c00d2b0e9376eaa4adb38b5603 bobsense/nginx-arm64:latest] 338655564} {[gcr.io/google-samples/gb-frontend-arm64@sha256:9587be21f54a9dc04e1f37b83a9d120231b205385d8deba0682d6fb22088e7c9 gcr.io/google-samples/gb-frontend-arm64:v5] 337228898} {[lsioarmhf/mariadb-aarch64@sha256:b2a1bd89d60c579f07ae1837280a2b3b5f35f11f756b9aa61e6a025af03ddf87 lsioarmhf/mariadb-aarch64:latest] 327268490} {[ebspace/aarch64-mysql@sha256:d9f5f5d222a155c930e3837976b5b457e48c000cf34e6919d0f8a0b73dc39965 ebspace/aarch64-mysql:latest] 262591608} {[tobi312/rpi-mysql@sha256:2f0b069765901afbb162838359778088b8d9fdba30b201d5cf51381ec008802a tobi312/rpi-mysql:latest] 256067342} {[k8s.gcr.io/volume-nfs@sha256:83ba87be13a6f74361601c8614527e186ca67f49091e2d0d4ae8a8da67c403ee k8s.gcr.io/volume-nfs:0.8] 247146979} {[postgres@sha256:d9c44f9fc460dd8962c388eacf88a0e252b858ccdf33bc223f68112617e81fc9 postgres:10] 233845668} {[k8s.gcr.io/etcd-arm64@sha256:f0b7368ebb28e6226ab3b4dbce4b5c6d77dab7b5f6579b08fd645c00f7b100ff k8s.gcr.io/etcd-arm64:3.2.18] 229927444} {[k8s.gcr.io/kube-apiserver-arm64@sha256:5c77134dc174453fc0d900ee5cdcb7b488131a0edb934ae8e859a263f8ee55da k8s.gcr.io/kube-apiserver-arm64:v1.10.4] 218561963} {[k8s.gcr.io/kube-apiserver-arm64@sha256:ab41e3e38792750fa122dbeacf7d0d3d52b7ccc466f254c460733846da0ce0c9 k8s.gcr.io/kube-apiserver-arm64:v1.10.3] 218559018} {[hypriot/rpi-mysql@sha256:c1567c885cf560da66a647f91f7e16bfeea2968895f859b5732583a8db3570ea hypriot/rpi-mysql:latest] 209339591} {[gcr.io/kubernetes-e2e-test-images/jessie-dnsutils-arm64@sha256:92105b23ab1bcc1f72b7deeb4b7d72b27b4ba9a47b292fbd4f58f4080f0621a2 gcr.io/kubernetes-e2e-test-images/jessie-dnsutils-arm64:1.0] 193983470} {[k8s.gcr.io/kube-apiserver-arm64@sha256:31fa4a96f582953034fb2906bd2e557620943ebaa2c2f74ee719c89a9bffb0d4 k8s.gcr.io/kube-apiserver-arm64:v1.11.2] 185805939} {[k8s.gcr.io/etcd-arm64@sha256:c6418130352f3632f3858ff466f7fdcde5c2867d9471f40dbb99227ccbb6d458 k8s.gcr.io/etcd-arm64:3.1.12] 180941491} {[functions/faas-netesd@sha256:05072b13c8127d53b48466f6b16beae997ff008e13a74cdb5da64ca2f5708062 functions/faas-netesd:arm64-0.3-alpha6] 154407667} {[k8s.gcr.io/kube-controller-manager-arm64@sha256:af5e55e15e5ab06999716ef72792b0abed63c9fc972db99120b2c40febaf69a7 k8s.gcr.io/kube-controller-manager-arm64:v1.11.2] 153069058} {[functions/faas-netesd@sha256:0903fd0a2c6010fcef6f42eda8fdc22bf4aecc31571b7ab6f461041497f34aa4 functions/faas-netesd:0.4.3-arm64] 148751197} {[k8s.gcr.io/kube-controller-manager-arm64@sha256:138de23ccbdfab3f4e76e05c290aab26c9127a853db8a0cbc2d816b31d5aebbd k8s.gcr.io/kube-controller-manager-arm64:v1.10.4] 142046988} {[k8s.gcr.io/kube-controller-manager-arm64@sha256:4f99bac50d84f8757ef06d06e68eee0aa042fdb5969c300d23ad1ae3b1f914f5 k8s.gcr.io/kube-controller-manager-arm64:v1.10.3] 142046537} {[weaveworks/weave-kube@sha256:3c45b339ab2dc9c11c9c745e44afce27806dc1d8ecd1da84a88deb36756ac713 weaveworks/weave-kube:2.4.0] 131119125} {[k8s.gcr.io/nginx-slim-arm64@sha256:b95f8bebdc6d8a7b65f5954aa5aaea3209ad8a6af5261cf3c8cae0c0a1c0fb79 k8s.gcr.io/nginx-slim-arm64:0.27] 126129565} {[k8s.gcr.io/nginx-slim-arm64@sha256:ef47cf0719891fe4b84467af77f8e13618b05965b6663945411e1e11c15ffa14 k8s.gcr.io/nginx-slim-arm64:0.26] 126125347} {[hyperhq/postgres-wordpress-arm:latest] 110592210} {[wordpress@sha256:3c22b14d0269bd50b2011f6d749d8bee68e328167f774bef8bf11f5878a6035d wordpress:4.9-fpm-alpine] 107828983} {[functions/gateway@sha256:01aea2775bb40d69588d2c6e83e8b9ea5009b9f405b140e643eb4be2a775814d functions/gateway:arm64-0.6.6-beta2] 106004910} {[k8s.gcr.io/kube-proxy-arm64@sha256:3bb2bfdc016ae46d131af74040bec2c48134c733ae90fead4da3568014fb450a k8s.gcr.io/kube-proxy-arm64:v1.11.2] 102835336} {[nginx@sha256:3e2ffcf0edca2a4e9b24ca442d227baea7b7f0e33ad654ef1eb806fbd9bedcf0 nginx:latest] 102594503} {[k8s.gcr.io/kube-proxy-arm64@sha256:f024ad81abe8b9bf473c0b8ff5c96723505b8a592379d606038499f8a77f663b k8s.gcr.io/kube-proxy-arm64:v1.10.4] 100601489} {[k8s.gcr.io/kube-proxy-arm64@sha256:b21badcd0799bb7495ebcbc17557861384da1eac42d6527937a8aaed0c329d6c k8s.gcr.io/kube-proxy-arm64:v1.10.3] 100598796} {[k8s.gcr.io/echoserver@sha256:d2a8af33e4e6dc7f18fc8d0cd345b2c893922083c6e2c2cbf24a2efcaa7aa3ba k8s.gcr.io/echoserver:1.6] 95247805} {[gcr.io/google-samples/gb-redisslave-arm64@sha256:2420127acd816ebbdbaa33cab372493859c1d40b3a2d5d6fc05bc38887ad9511 gcr.io/google-samples/gb-redisslave-arm64:v2] 94082700} {[nginx@sha256:e3456c851a152494c3e4ff5fcc26f240206abac0c9d794affb40e0714846c451 nginx:1.7.9] 91641000} {[&lt;none&gt;@&lt;none&gt; &lt;none&gt;:&lt;none&gt;] 76567645} {[ubuntu@sha256:3f119dc0737f57f704ebecac8a6d8477b0f6ca1ca0332c7ee1395ed2c6a82be7 ubuntu:bionic] 76171071} {[k8s.gcr.io/kube-scheduler-arm64@sha256:3ece3012cc6fedf5193fd1c80aee4b6da2835098b7799d4940fb4a79fc1be0ee k8s.gcr.io/kube-scheduler-arm64:v1.11.2] 56216691} {[weaveworks/weave-npc@sha256:715b03e14874355f1f793f7bc11d843a00b390b2806bd996f1e47e8acb1020aa weaveworks/weave-npc:2.4.0] 51096437} {[k8s.gcr.io/k8s-dns-kube-dns-arm64@sha256:9bcc8fda237765f8b8f8fdf5af220b856adbc8b56d72dc4f336d44510d1749d9 k8s.gcr.io/k8s-dns-kube-dns-arm64:1.14.8] 49350613} {[k8s.gcr.io/kube-scheduler-arm64@sha256:fbff009828de95e14856325ebcfc6e1c0cdb456a052c62ba0c64221773c68686 k8s.gcr.io/kube-scheduler-arm64:v1.10.4] 48502539} {[k8s.gcr.io/kube-scheduler-arm64@sha256:6847ebb67c5a2928d8997d98001eb107a50601e85e07c3245f72b14df4518616 k8s.gcr.io/kube-scheduler-arm64:v1.10.3] 48434682} {[k8s.gcr.io/k8s-dns-dnsmasq-nanny-arm64@sha256:35ac228d45ab5f4209f25317506fa53b762f6d8ad333d1ff795393fa6e97b29c k8s.gcr.io/k8s-dns-dnsmasq-nanny-arm64:1.14.8] 42547598} {[k8s.gcr.io/k8s-dns-sidecar-arm64@sha256:b2c1e4e04d77ed564e918ebd16443dfb2217653b58293e616e36f034068d6da3 k8s.gcr.io/k8s-dns-sidecar-arm64:1.14.8] 41256276}],VolumesInUse:[],VolumesAttached:[],Config:nil,},}&#xA;Sep 10 02:41:37.216: INFO: &#xA;Logging kubelet events for node node3&#xA;Sep 10 02:41:37.221: INFO: &#xA;Logging pods the kubelet thinks is on node node3&#xA;Sep 10 02:41:37.232: INFO: coredns-78fcdf6894-vlxkz started at 2018-09-01 03:57:03 +0000 UTC (0+1 container statuses recorded)&#xA;Sep 10 02:41:37.232: INFO: &#x9;Container coredns ready: true, restart count 2&#xA;Sep 10 02:41:37.232: INFO: weave-net-qrwm8 started at 2018-09-01 03:55:38 +0000 UTC (0+2 container statuses recorded)&#xA;Sep 10 02:41:37.232: INFO: &#x9;Container weave ready: true, restart count 4&#xA;Sep 10 02:41:37.232: INFO: &#x9;Container weave-npc ready: true, restart count 2&#xA;Sep 10 02:41:37.232: INFO: coredns-78fcdf6894-f55jj started at 2018-09-01 03:57:03 +0000 UTC (0+1 container statuses recorded)&#xA;Sep 10 02:41:37.232: INFO: &#x9;Container coredns ready: true, restart count 2&#xA;Sep 10 02:41:37.232: INFO: kube-scheduler-node3 started at &lt;nil&gt; (0+0 container statuses recorded)&#xA;Sep 10 02:41:37.232: INFO: kube-proxy-d6xgq started at 2018-09-01 03:55:38 +0000 UTC (0+1 container statuses recorded)&#xA;Sep 10 02:41:37.232: INFO: &#x9;Container kube-proxy ready: true, restart count 2&#xA;Sep 10 02:41:37.232: INFO: etcd-node3 started at &lt;nil&gt; (0+0 container statuses recorded)&#xA;Sep 10 02:41:37.232: INFO: kube-apiserver-node3 started at &lt;nil&gt; (0+0 container statuses recorded)&#xA;Sep 10 02:41:37.232: INFO: kube-controller-manager-node3 started at &lt;nil&gt; (0+0 container statuses recorded)&#xA;Sep 10 02:41:37.289: INFO: &#xA;Latency metrics for node node3&#xA;Sep 10 02:41:37.289: INFO: {Operation:stop_container Method:docker_operations_latency_microseconds Quantile:0.99 Latency:30.123546s}&#xA;�[1mSTEP�[0m: Dumping a list of prepulled images on each node to file /e2e/image-puller.txt&#xA;Sep 10 02:41:37.295: INFO: Waiting up to 3m0s for all (but 0) nodes to be ready&#xA;�[1mSTEP�[0m: Destroying namespace &#34;e2e-tests-configmap-zzxrq&#34; for this suite.&#xA;Sep 10 02:41:43.315: INFO: Waiting up to 30s for server preferred namespaced resources to be successfully discovered&#xA;Sep 10 02:41:43.424: INFO: namespace: e2e-tests-configmap-zzxrq, resource: bindings, ignored listing per whitelist&#xA;Sep 10 02:41:43.447: INFO: namespace e2e-tests-configmap-zzxrq deletion completed in 6.14661692s&#xA;</system-out>
      </testcase>
      <testcase name="[sig-storage] Storage Policy Based Volume Provisioning [Feature:vsphere] verify if a non-existing SPBM policy is not honored for dynamically provisioned pvc using storageclass" classname="Kubernetes e2e suite" time="0">
          <skipped></skipped>
      </testcase>
      <testcase name="[sig-storage] PersistentVolumes-local  [Volume type: gce-localssd-scsi-fs] [Serial] Two pods mounting a local volume one after the other should be able to write from pod1 and read from pod2" classname="Kubernetes e2e suite" time="0">
          <skipped></skipped>
      </testcase>
      <testcase name="[sig-auth] [Feature:NodeAuthorizer] Getting a secret for a workload the node has access to should succeed" classname="Kubernetes e2e suite" time="0">
          <skipped></skipped>
      </testcase>
      <testcase name="[sig-storage] Subpath [Volume type: hostPathSymlink] should unmount if pod is gracefully deleted while kubelet is down [Disruptive][Slow]" classname="Kubernetes e2e suite" time="0">
          <skipped></skipped>
      </testcase>
      <testcase name="[sig-scheduling] SchedulerPredicates [Serial] validates that taints-tolerations is respected if matching" classname="Kubernetes e2e suite" time="0">
          <skipped></skipped>
      </testcase>
      <testcase name="[sig-api-machinery] Servers with support for Table transformation should return chunks of table results for list calls" classname="Kubernetes e2e suite" time="0">
          <skipped></skipped>
      </testcase>
      <testcase name="[sig-network] Loadbalancing: L7 GCE [Slow] [Feature:kubemci] should create ingress with backend HTTPS" classname="Kubernetes e2e suite" time="0">
          <skipped></skipped>
      </testcase>
      <testcase name="[sig-storage] Subpath [Volume type: nfs] should support file as subpath" classname="Kubernetes e2e suite" time="0">
          <skipped></skipped>
      </testcase>
      <testcase name="[sig-storage] Storage Policy Based Volume Provisioning [Feature:vsphere] verify an if a SPBM policy and VSAN capabilities cannot be honored for dynamically provisioned pvc using storageclass" classname="Kubernetes e2e suite" time="0">
          <skipped></skipped>
      </testcase>
      <testcase name="[sig-network] Networking IPerf IPv6 [Experimental] [Feature:Networking-IPv6] [Slow] [Feature:Networking-Performance] should transfer ~ 1GB onto the service endpoint 1 servers (maximum of 1 clients)" classname="Kubernetes e2e suite" time="0">
          <skipped></skipped>
      </testcase>
      <testcase name="[sig-storage] Subpath [Volume type: emptyDir] should support readOnly file specified in the volumeMount" classname="Kubernetes e2e suite" time="0">
          <skipped></skipped>
      </testcase>
      <testcase name="[sig-apps] CronJob should not schedule new jobs when ForbidConcurrent [Slow]" classname="Kubernetes e2e suite" time="0">
          <skipped></skipped>
      </testcase>
      <testcase name="[sig-storage] GCP Volumes NFSv4 should be mountable for NFSv4" classname="Kubernetes e2e suite" time="0">
          <skipped></skipped>
      </testcase>
      <testcase name="[k8s.io] Cluster size autoscaler scalability [Slow] should scale up twice [Feature:ClusterAutoscalerScalability2]" classname="Kubernetes e2e suite" time="0">
          <skipped></skipped>
      </testcase>
      <testcase name="[sig-network] Services should have session affinity work for LoadBalancer service with ESIPP off [Slow] [DisabledForLargeClusters]" classname="Kubernetes e2e suite" time="0">
          <skipped></skipped>
      </testcase>
      <testcase name="[sig-storage] Dynamic Provisioning DynamicProvisioner Default should be disabled by removing the default annotation [Serial] [Disruptive]" classname="Kubernetes e2e suite" time="0">
          <skipped></skipped>
      </testcase>
      <testcase name="[sig-auth] [Feature:NodeAuthorizer] Getting a non-existent secret should exit with the Forbidden error, not a NotFound error" classname="Kubernetes e2e suite" time="0">
          <skipped></skipped>
      </testcase>
      <testcase name="[sig-storage] PersistentVolumes-local  Stress with local volume provisioner [Serial] should use be able to process many pods and reuse local volumes" classname="Kubernetes e2e suite" time="0">
          <skipped></skipped>
      </testcase>
      <testcase name="[sig-storage] PersistentVolumes-local  [Volume type: gce-localssd-scsi-fs] [Serial] One pod requesting one prebound PVC should be able to mount volume and read from pod1" classname="Kubernetes e2e suite" time="0">
          <skipped></skipped>
      </testcase>
      <testcase name="[sig-storage] PersistentVolumes:vsphere should test that a file written to the vspehre volume mount before kubelet restart can be read after restart [Disruptive]" classname="Kubernetes e2e suite" time="0">
          <skipped></skipped>
      </testcase>
      <testcase name="[sig-apps] ReplicationController should serve a basic image on each replica with a public image  [Conformance]" classname="Kubernetes e2e suite" time="16.35326002"></testcase>
      <testcase name="[sig-storage] Subpath [Volume type: nfs] should unmount if pod is gracefully deleted while kubelet is down [Disruptive][Slow]" classname="Kubernetes e2e suite" time="0">
          <skipped></skipped>
      </testcase>
      <testcase name="[sig-network] Networking Granular Checks: Pods should function for node-pod communication: http [NodeConformance] [Conformance]" classname="Kubernetes e2e suite" time="42.75755722"></testcase>
      <testcase name="[sig-storage] Subpath [Volume type: gcePDPartitioned] should fail for new directories when readOnly specified in the volumeSource" classname="Kubernetes e2e suite" time="0">
          <skipped></skipped>
      </testcase>
      <testcase name="[sig-instrumentation] Stackdriver Monitoring should run Stackdriver Metadata Agent [Feature:StackdriverMetadataAgent]" classname="Kubernetes e2e suite" time="0">
          <skipped></skipped>
      </testcase>
      <testcase name="[sig-autoscaling] Cluster size autoscaling [Slow] should disable node pool autoscaling [Feature:ClusterSizeAutoscalingScaleUp]" classname="Kubernetes e2e suite" time="0">
          <skipped></skipped>
      </testcase>
      <testcase name="[k8s.io] Sysctls [NodeFeature:Sysctls] should not launch unsafe, but not explicitly enabled sysctls on the node" classname="Kubernetes e2e suite" time="0">
          <skipped></skipped>
      </testcase>
      <testcase name="[sig-api-machinery] Watchers should observe an object deletion if it stops meeting the requirements of the selector [Conformance]" classname="Kubernetes e2e suite" time="16.37687074"></testcase>
      <testcase name="[sig-cluster-lifecycle] [Feature:BootstrapTokens] should resign the bootstrap tokens when the clusterInfo ConfigMap updated [Serial][Disruptive]" classname="Kubernetes e2e suite" time="0">
          <skipped></skipped>
      </testcase>
      <testcase name="[sig-autoscaling] Cluster size autoscaling [Slow] shouldn&#39;t scale up when expendable pod is preempted [Feature:ClusterSizeAutoscalingScaleUp]" classname="Kubernetes e2e suite" time="0">
          <skipped></skipped>
      </testcase>
      <testcase name="[k8s.io] EquivalenceCache [Serial] validates pod affinity works properly when new replica pod is scheduled" classname="Kubernetes e2e suite" time="0">
          <skipped></skipped>
      </testcase>
      <testcase name="[sig-cluster-lifecycle] gpu Upgrade [Feature:GPUUpgrade] master upgrade should NOT disrupt gpu pod [Feature:GPUMasterUpgrade]" classname="Kubernetes e2e suite" time="0">
          <skipped></skipped>
      </testcase>
      <testcase name="[sig-storage] [Serial] Volume metrics PVController should create bound pv/pvc count metrics for pvc controller after creating both pv and pvc" classname="Kubernetes e2e suite" time="0">
          <skipped></skipped>
      </testcase>
      <testcase name="[sig-storage] Mounted volume expand[Slow] Should verify mounted devices can be resized" classname="Kubernetes e2e suite" time="0">
          <skipped></skipped>
      </testcase>
      <testcase name="[sig-apps] StatefulSet [k8s.io] Basic StatefulSet functionality [StatefulSetBasic] should perform rolling updates and roll backs of template modifications [Conformance]" classname="Kubernetes e2e suite" time="179.39265998"></testcase>
      <testcase name="[sig-scheduling] Multi-AZ Cluster Volumes [sig-storage] should schedule pods in the same zones as statically provisioned PVs" classname="Kubernetes e2e suite" time="0">
          <skipped></skipped>
      </testcase>
      <testcase name="[sig-storage] PersistentVolumes-local  [Volume type: block] [Feature:BlockVolume] Set fsGroup for local volume should set fsGroup for one pod" classname="Kubernetes e2e suite" time="0">
          <skipped></skipped>
      </testcase>
      <testcase name="[sig-cluster-lifecycle] Upgrade [Feature:Upgrade] master upgrade should maintain a functioning cluster [Feature:MasterUpgrade]" classname="Kubernetes e2e suite" time="0">
          <skipped></skipped>
      </testcase>
      <testcase name="[k8s.io] Cluster size autoscaler scalability [Slow] should scale down empty nodes [Feature:ClusterAutoscalerScalability3]" classname="Kubernetes e2e suite" time="0">
          <skipped></skipped>
      </testcase>
      <testcase name="[sig-storage] Subpath [Volume type: gcePDPartitioned] should support file as subpath" classname="Kubernetes e2e suite" time="0">
          <skipped></skipped>
      </testcase>
      <testcase name="[k8s.io] Pods should be updated [NodeConformance] [Conformance]" classname="Kubernetes e2e suite" time="24.86463846"></testcase>
      <testcase name="[sig-storage] Subpath [Volume type: gcePDPVC] should support creating multiple subpath from same volumes [Slow]" classname="Kubernetes e2e suite" time="0">
          <skipped></skipped>
      </testcase>
      <testcase name="[sig-storage] PersistentVolumes:vsphere should test that deleting a PVC before the pod does not cause pod deletion to fail on vsphere volume detach" classname="Kubernetes e2e suite" time="0">
          <skipped></skipped>
      </testcase>
      <testcase name="[sig-network] Services should release NodePorts on delete" classname="Kubernetes e2e suite" time="0">
          <skipped></skipped>
      </testcase>
      <testcase name="[sig-storage] NFSPersistentVolumes[Disruptive][Flaky] when kubelet restarts Should test that a volume mounted to a pod that is force deleted while the kubelet is down unmounts when the kubelet returns." classname="Kubernetes e2e suite" time="0">
          <skipped></skipped>
      </testcase>
      <testcase name="[sig-cluster-lifecycle] Upgrade [Feature:Upgrade] cluster upgrade should maintain a functioning cluster [Feature:ClusterUpgrade]" classname="Kubernetes e2e suite" time="0">
          <skipped></skipped>
      </testcase>
      <testcase name="[sig-storage] Storage Policy Based Volume Provisioning [Feature:vsphere] verify VSAN storage capability with valid diskStripes and objectSpaceReservation values and a VSAN datastore is honored for dynamically provisioned pvc using storageclass" classname="Kubernetes e2e suite" time="0">
          <skipped></skipped>
      </testcase>
      <testcase name="[sig-scalability] Load capacity [Feature:ManualPerformance] should be able to handle 30 pods per node {extensions Deployment} with 0 secrets, 0 configmaps and 0 daemons" classname="Kubernetes e2e suite" time="0">
          <skipped></skipped>
      </testcase>
      <testcase name="[sig-storage] Projected should provide node allocatable (cpu) as default cpu limit if the limit is not set [NodeConformance] [Conformance]" classname="Kubernetes e2e suite" time="8.36907236"></testcase>
      <testcase name="[sig-cluster-lifecycle] Addon update should propagate add-on file changes [Slow]" classname="Kubernetes e2e suite" time="0">
          <skipped></skipped>
      </testcase>
      <testcase name="[sig-storage] PersistentVolumes-local  [Volume type: tmpfs] Set fsGroup for local volume should set fsGroup for one pod" classname="Kubernetes e2e suite" time="0">
          <skipped></skipped>
      </testcase>
      <testcase name="[sig-apps] stateful Upgrade [Feature:StatefulUpgrade] [k8s.io] stateful upgrade should maintain a functioning cluster" classname="Kubernetes e2e suite" time="0">
          <skipped></skipped>
      </testcase>
      <testcase name="[sig-network] Services should be able to change the type from ExternalName to ClusterIP" classname="Kubernetes e2e suite" time="0">
          <skipped></skipped>
      </testcase>
      <testcase name="[sig-cli] Kubectl client [k8s.io] Kubectl run rc should create an rc from an image  [Conformance]" classname="Kubernetes e2e suite" time="25.51693036"></testcase>
      <testcase name="[sig-autoscaling] Cluster size autoscaling [Slow] Should be able to scale a node group down to 0[Feature:ClusterSizeAutoscalingScaleDown]" classname="Kubernetes e2e suite" time="0">
          <skipped></skipped>
      </testcase>
      <testcase name="[k8s.io] Variable Expansion should allow substituting values in a container&#39;s command [NodeConformance] [Conformance]" classname="Kubernetes e2e suite" time="309.28798554">
          <failure type="Failure">/root/gopath/src/k8s.io/kubernetes/_output/local/go/src/k8s.io/kubernetes/test/e2e/framework/framework.go:684&#xA;Expected error:&#xA;    &lt;*errors.errorString | 0x4421571d80&gt;: {&#xA;        s: &#34;expected pod \&#34;var-expansion-c8920f84-b4a3-11e8-bc45-00073e906c7f\&#34; success: Gave up after waiting 5m0s for pod \&#34;var-expansion-c8920f84-b4a3-11e8-bc45-00073e906c7f\&#34; to be \&#34;success or failure\&#34;&#34;,&#xA;    }&#xA;    expected pod &#34;var-expansion-c8920f84-b4a3-11e8-bc45-00073e906c7f&#34; success: Gave up after waiting 5m0s for pod &#34;var-expansion-c8920f84-b4a3-11e8-bc45-00073e906c7f&#34; to be &#34;success or failure&#34;&#xA;not to have occurred&#xA;/root/gopath/src/k8s.io/kubernetes/_output/local/go/src/k8s.io/kubernetes/test/e2e/framework/util.go:2325</failure>
          <system-out>[BeforeEach] [k8s.io] Variable Expansion&#xA;  /root/gopath/src/k8s.io/kubernetes/_output/local/go/src/k8s.io/kubernetes/test/e2e/framework/framework.go:141&#xA;�[1mSTEP�[0m: Creating a kubernetes client&#xA;Sep 10 02:46:57.081: INFO: &gt;&gt;&gt; kubeConfig: /etc/kubernetes/admin.conf&#xA;�[1mSTEP�[0m: Building a namespace api object&#xA;�[1mSTEP�[0m: Waiting for a default service account to be provisioned in namespace&#xA;[It] should allow substituting values in a container&#39;s command [NodeConformance] [Conformance]&#xA;  /root/gopath/src/k8s.io/kubernetes/_output/local/go/src/k8s.io/kubernetes/test/e2e/framework/framework.go:684&#xA;�[1mSTEP�[0m: Creating a pod to test substitution in container&#39;s command&#xA;Sep 10 02:46:57.256: INFO: Waiting up to 5m0s for pod &#34;var-expansion-c8920f84-b4a3-11e8-bc45-00073e906c7f&#34; in namespace &#34;e2e-tests-var-expansion-wrgkn&#34; to be &#34;success or failure&#34;&#xA;Sep 10 02:46:57.261: INFO: Pod &#34;var-expansion-c8920f84-b4a3-11e8-bc45-00073e906c7f&#34;: Phase=&#34;Pending&#34;, Reason=&#34;&#34;, readiness=false. Elapsed: 4.43912ms&#xA;Sep 10 02:46:59.266: INFO: Pod &#34;var-expansion-c8920f84-b4a3-11e8-bc45-00073e906c7f&#34;: Phase=&#34;Pending&#34;, Reason=&#34;&#34;, readiness=false. Elapsed: 2.00961866s&#xA;Sep 10 02:47:01.271: INFO: Pod &#34;var-expansion-c8920f84-b4a3-11e8-bc45-00073e906c7f&#34;: Phase=&#34;Pending&#34;, Reason=&#34;&#34;, readiness=false. Elapsed: 4.01445724s&#xA;Sep 10 02:47:03.276: INFO: Pod &#34;var-expansion-c8920f84-b4a3-11e8-bc45-00073e906c7f&#34;: Phase=&#34;Pending&#34;, Reason=&#34;&#34;, readiness=false. Elapsed: 6.01967218s&#xA;Sep 10 02:47:05.281: INFO: Pod &#34;var-expansion-c8920f84-b4a3-11e8-bc45-00073e906c7f&#34;: Phase=&#34;Pending&#34;, Reason=&#34;&#34;, readiness=false. Elapsed: 8.02468606s&#xA;Sep 10 02:47:07.286: INFO: Pod &#34;var-expansion-c8920f84-b4a3-11e8-bc45-00073e906c7f&#34;: Phase=&#34;Pending&#34;, Reason=&#34;&#34;, readiness=false. Elapsed: 10.0297602s&#xA;Sep 10 02:47:09.291: INFO: Pod &#34;var-expansion-c8920f84-b4a3-11e8-bc45-00073e906c7f&#34;: Phase=&#34;Pending&#34;, Reason=&#34;&#34;, readiness=false. Elapsed: 12.03492168s&#xA;Sep 10 02:47:11.296: INFO: Pod &#34;var-expansion-c8920f84-b4a3-11e8-bc45-00073e906c7f&#34;: Phase=&#34;Pending&#34;, Reason=&#34;&#34;, readiness=false. Elapsed: 14.03973652s&#xA;Sep 10 02:47:13.301: INFO: Pod &#34;var-expansion-c8920f84-b4a3-11e8-bc45-00073e906c7f&#34;: Phase=&#34;Pending&#34;, Reason=&#34;&#34;, readiness=false. Elapsed: 16.04462998s&#xA;Sep 10 02:47:15.306: INFO: Pod &#34;var-expansion-c8920f84-b4a3-11e8-bc45-00073e906c7f&#34;: Phase=&#34;Pending&#34;, Reason=&#34;&#34;, readiness=false. Elapsed: 18.04949796s&#xA;Sep 10 02:47:17.311: INFO: Pod &#34;var-expansion-c8920f84-b4a3-11e8-bc45-00073e906c7f&#34;: Phase=&#34;Pending&#34;, Reason=&#34;&#34;, readiness=false. Elapsed: 20.05442652s&#xA;Sep 10 02:47:19.316: INFO: Pod &#34;var-expansion-c8920f84-b4a3-11e8-bc45-00073e906c7f&#34;: Phase=&#34;Pending&#34;, Reason=&#34;&#34;, readiness=false. Elapsed: 22.0595785s&#xA;Sep 10 02:47:21.321: INFO: Pod &#34;var-expansion-c8920f84-b4a3-11e8-bc45-00073e906c7f&#34;: Phase=&#34;Pending&#34;, Reason=&#34;&#34;, readiness=false. Elapsed: 24.0644986s&#xA;Sep 10 02:47:23.326: INFO: Pod &#34;var-expansion-c8920f84-b4a3-11e8-bc45-00073e906c7f&#34;: Phase=&#34;Pending&#34;, Reason=&#34;&#34;, readiness=false. Elapsed: 26.06947632s&#xA;Sep 10 02:47:25.331: INFO: Pod &#34;var-expansion-c8920f84-b4a3-11e8-bc45-00073e906c7f&#34;: Phase=&#34;Pending&#34;, Reason=&#34;&#34;, readiness=false. Elapsed: 28.07437894s&#xA;Sep 10 02:47:27.336: INFO: Pod &#34;var-expansion-c8920f84-b4a3-11e8-bc45-00073e906c7f&#34;: Phase=&#34;Pending&#34;, Reason=&#34;&#34;, readiness=false. Elapsed: 30.07928874s&#xA;Sep 10 02:47:29.341: INFO: Pod &#34;var-expansion-c8920f84-b4a3-11e8-bc45-00073e906c7f&#34;: Phase=&#34;Pending&#34;, Reason=&#34;&#34;, readiness=false. Elapsed: 32.08440862s&#xA;Sep 10 02:47:31.346: INFO: Pod &#34;var-expansion-c8920f84-b4a3-11e8-bc45-00073e906c7f&#34;: Phase=&#34;Pending&#34;, Reason=&#34;&#34;, readiness=false. Elapsed: 34.08910506s&#xA;Sep 10 02:47:33.351: INFO: Pod &#34;var-expansion-c8920f84-b4a3-11e8-bc45-00073e906c7f&#34;: Phase=&#34;Pending&#34;, Reason=&#34;&#34;, readiness=false. Elapsed: 36.09405976s&#xA;Sep 10 02:47:35.355: INFO: Pod &#34;var-expansion-c8920f84-b4a3-11e8-bc45-00073e906c7f&#34;: Phase=&#34;Pending&#34;, Reason=&#34;&#34;, readiness=false. Elapsed: 38.0987047s&#xA;Sep 10 02:47:37.360: INFO: Pod &#34;var-expansion-c8920f84-b4a3-11e8-bc45-00073e906c7f&#34;: Phase=&#34;Pending&#34;, Reason=&#34;&#34;, readiness=false. Elapsed: 40.10375958s&#xA;Sep 10 02:47:39.365: INFO: Pod &#34;var-expansion-c8920f84-b4a3-11e8-bc45-00073e906c7f&#34;: Phase=&#34;Pending&#34;, Reason=&#34;&#34;, readiness=false. Elapsed: 42.10847104s&#xA;Sep 10 02:47:41.370: INFO: Pod &#34;var-expansion-c8920f84-b4a3-11e8-bc45-00073e906c7f&#34;: Phase=&#34;Pending&#34;, Reason=&#34;&#34;, readiness=false. Elapsed: 44.1133417s&#xA;Sep 10 02:47:43.375: INFO: Pod &#34;var-expansion-c8920f84-b4a3-11e8-bc45-00073e906c7f&#34;: Phase=&#34;Pending&#34;, Reason=&#34;&#34;, readiness=false. Elapsed: 46.11815294s&#xA;Sep 10 02:47:45.380: INFO: Pod &#34;var-expansion-c8920f84-b4a3-11e8-bc45-00073e906c7f&#34;: Phase=&#34;Pending&#34;, Reason=&#34;&#34;, readiness=false. Elapsed: 48.12322102s&#xA;Sep 10 02:47:47.385: INFO: Pod &#34;var-expansion-c8920f84-b4a3-11e8-bc45-00073e906c7f&#34;: Phase=&#34;Pending&#34;, Reason=&#34;&#34;, readiness=false. Elapsed: 50.1283916s&#xA;Sep 10 02:47:49.390: INFO: Pod &#34;var-expansion-c8920f84-b4a3-11e8-bc45-00073e906c7f&#34;: Phase=&#34;Pending&#34;, Reason=&#34;&#34;, readiness=false. Elapsed: 52.13354506s&#xA;Sep 10 02:47:51.395: INFO: Pod &#34;var-expansion-c8920f84-b4a3-11e8-bc45-00073e906c7f&#34;: Phase=&#34;Pending&#34;, Reason=&#34;&#34;, readiness=false. Elapsed: 54.1386787s&#xA;Sep 10 02:47:53.400: INFO: Pod &#34;var-expansion-c8920f84-b4a3-11e8-bc45-00073e906c7f&#34;: Phase=&#34;Pending&#34;, Reason=&#34;&#34;, readiness=false. Elapsed: 56.14369472s&#xA;Sep 10 02:47:55.406: INFO: Pod &#34;var-expansion-c8920f84-b4a3-11e8-bc45-00073e906c7f&#34;: Phase=&#34;Pending&#34;, Reason=&#34;&#34;, readiness=false. Elapsed: 58.1490032s&#xA;Sep 10 02:47:57.410: INFO: Pod &#34;var-expansion-c8920f84-b4a3-11e8-bc45-00073e906c7f&#34;: Phase=&#34;Pending&#34;, Reason=&#34;&#34;, readiness=false. Elapsed: 1m0.15393526s&#xA;Sep 10 02:47:59.415: INFO: Pod &#34;var-expansion-c8920f84-b4a3-11e8-bc45-00073e906c7f&#34;: Phase=&#34;Pending&#34;, Reason=&#34;&#34;, readiness=false. Elapsed: 1m2.15890798s&#xA;Sep 10 02:48:01.427: INFO: Pod &#34;var-expansion-c8920f84-b4a3-11e8-bc45-00073e906c7f&#34;: Phase=&#34;Pending&#34;, Reason=&#34;&#34;, readiness=false. Elapsed: 1m4.17081586s&#xA;Sep 10 02:48:03.432: INFO: Pod &#34;var-expansion-c8920f84-b4a3-11e8-bc45-00073e906c7f&#34;: Phase=&#34;Pending&#34;, Reason=&#34;&#34;, readiness=false. Elapsed: 1m6.17593052s&#xA;Sep 10 02:48:05.438: INFO: Pod &#34;var-expansion-c8920f84-b4a3-11e8-bc45-00073e906c7f&#34;: Phase=&#34;Pending&#34;, Reason=&#34;&#34;, readiness=false. Elapsed: 1m8.18104302s&#xA;Sep 10 02:48:07.442: INFO: Pod &#34;var-expansion-c8920f84-b4a3-11e8-bc45-00073e906c7f&#34;: Phase=&#34;Pending&#34;, Reason=&#34;&#34;, readiness=false. Elapsed: 1m10.185917s&#xA;Sep 10 02:48:09.447: INFO: Pod &#34;var-expansion-c8920f84-b4a3-11e8-bc45-00073e906c7f&#34;: Phase=&#34;Pending&#34;, Reason=&#34;&#34;, readiness=false. Elapsed: 1m12.19079518s&#xA;Sep 10 02:48:11.452: INFO: Pod &#34;var-expansion-c8920f84-b4a3-11e8-bc45-00073e906c7f&#34;: Phase=&#34;Pending&#34;, Reason=&#34;&#34;, readiness=false. Elapsed: 1m14.19557224s&#xA;Sep 10 02:48:13.457: INFO: Pod &#34;var-expansion-c8920f84-b4a3-11e8-bc45-00073e906c7f&#34;: Phase=&#34;Pending&#34;, Reason=&#34;&#34;, readiness=false. Elapsed: 1m16.20066028s&#xA;Sep 10 02:48:15.462: INFO: Pod &#34;var-expansion-c8920f84-b4a3-11e8-bc45-00073e906c7f&#34;: Phase=&#34;Pending&#34;, Reason=&#34;&#34;, readiness=false. Elapsed: 1m18.20570784s&#xA;Sep 10 02:48:17.467: INFO: Pod &#34;var-expansion-c8920f84-b4a3-11e8-bc45-00073e906c7f&#34;: Phase=&#34;Pending&#34;, Reason=&#34;&#34;, readiness=false. Elapsed: 1m20.21033952s&#xA;Sep 10 02:48:19.472: INFO: Pod &#34;var-expansion-c8920f84-b4a3-11e8-bc45-00073e906c7f&#34;: Phase=&#34;Pending&#34;, Reason=&#34;&#34;, readiness=false. Elapsed: 1m22.21535984s&#xA;Sep 10 02:48:21.477: INFO: Pod &#34;var-expansion-c8920f84-b4a3-11e8-bc45-00073e906c7f&#34;: Phase=&#34;Pending&#34;, Reason=&#34;&#34;, readiness=false. Elapsed: 1m24.22019486s&#xA;Sep 10 02:48:23.482: INFO: Pod &#34;var-expansion-c8920f84-b4a3-11e8-bc45-00073e906c7f&#34;: Phase=&#34;Pending&#34;, Reason=&#34;&#34;, readiness=false. Elapsed: 1m26.22511084s&#xA;Sep 10 02:48:25.486: INFO: Pod &#34;var-expansion-c8920f84-b4a3-11e8-bc45-00073e906c7f&#34;: Phase=&#34;Pending&#34;, Reason=&#34;&#34;, readiness=false. Elapsed: 1m28.22994742s&#xA;Sep 10 02:48:27.491: INFO: Pod &#34;var-expansion-c8920f84-b4a3-11e8-bc45-00073e906c7f&#34;: Phase=&#34;Pending&#34;, Reason=&#34;&#34;, readiness=false. Elapsed: 1m30.2348084s&#xA;Sep 10 02:48:29.496: INFO: Pod &#34;var-expansion-c8920f84-b4a3-11e8-bc45-00073e906c7f&#34;: Phase=&#34;Pending&#34;, Reason=&#34;&#34;, readiness=false. Elapsed: 1m32.23971496s&#xA;Sep 10 02:48:31.501: INFO: Pod &#34;var-expansion-c8920f84-b4a3-11e8-bc45-00073e906c7f&#34;: Phase=&#34;Pending&#34;, Reason=&#34;&#34;, readiness=false. Elapsed: 1m34.24465812s&#xA;Sep 10 02:48:33.506: INFO: Pod &#34;var-expansion-c8920f84-b4a3-11e8-bc45-00073e906c7f&#34;: Phase=&#34;Pending&#34;, Reason=&#34;&#34;, readiness=false. Elapsed: 1m36.2494215s&#xA;Sep 10 02:48:35.511: INFO: Pod &#34;var-expansion-c8920f84-b4a3-11e8-bc45-00073e906c7f&#34;: Phase=&#34;Pending&#34;, Reason=&#34;&#34;, readiness=false. Elapsed: 1m38.25452206s&#xA;Sep 10 02:48:37.516: INFO: Pod &#34;var-expansion-c8920f84-b4a3-11e8-bc45-00073e906c7f&#34;: Phase=&#34;Pending&#34;, Reason=&#34;&#34;, readiness=false. Elapsed: 1m40.25939068s&#xA;Sep 10 02:48:39.532: INFO: Pod &#34;var-expansion-c8920f84-b4a3-11e8-bc45-00073e906c7f&#34;: Phase=&#34;Pending&#34;, Reason=&#34;&#34;, readiness=false. Elapsed: 1m42.2758838s&#xA;Sep 10 02:48:41.537: INFO: Pod &#34;var-expansion-c8920f84-b4a3-11e8-bc45-00073e906c7f&#34;: Phase=&#34;Pending&#34;, Reason=&#34;&#34;, readiness=false. Elapsed: 1m44.28056028s&#xA;Sep 10 02:48:43.542: INFO: Pod &#34;var-expansion-c8920f84-b4a3-11e8-bc45-00073e906c7f&#34;: Phase=&#34;Pending&#34;, Reason=&#34;&#34;, readiness=false. Elapsed: 1m46.28548554s&#xA;Sep 10 02:48:45.547: INFO: Pod &#34;var-expansion-c8920f84-b4a3-11e8-bc45-00073e906c7f&#34;: Phase=&#34;Pending&#34;, Reason=&#34;&#34;, readiness=false. Elapsed: 1m48.29033552s&#xA;Sep 10 02:48:47.552: INFO: Pod &#34;var-expansion-c8920f84-b4a3-11e8-bc45-00073e906c7f&#34;: Phase=&#34;Pending&#34;, Reason=&#34;&#34;, readiness=false. Elapsed: 1m50.29510988s&#xA;Sep 10 02:48:49.557: INFO: Pod &#34;var-expansion-c8920f84-b4a3-11e8-bc45-00073e906c7f&#34;: Phase=&#34;Pending&#34;, Reason=&#34;&#34;, readiness=false. Elapsed: 1m52.29999628s&#xA;Sep 10 02:48:51.561: INFO: Pod &#34;var-expansion-c8920f84-b4a3-11e8-bc45-00073e906c7f&#34;: Phase=&#34;Pending&#34;, Reason=&#34;&#34;, readiness=false. Elapsed: 1m54.30482112s&#xA;Sep 10 02:48:53.566: INFO: Pod &#34;var-expansion-c8920f84-b4a3-11e8-bc45-00073e906c7f&#34;: Phase=&#34;Pending&#34;, Reason=&#34;&#34;, readiness=false. Elapsed: 1m56.30963208s&#xA;Sep 10 02:48:55.571: INFO: Pod &#34;var-expansion-c8920f84-b4a3-11e8-bc45-00073e906c7f&#34;: Phase=&#34;Pending&#34;, Reason=&#34;&#34;, readiness=false. Elapsed: 1m58.31454516s&#xA;Sep 10 02:48:57.576: INFO: Pod &#34;var-expansion-c8920f84-b4a3-11e8-bc45-00073e906c7f&#34;: Phase=&#34;Pending&#34;, Reason=&#34;&#34;, readiness=false. Elapsed: 2m0.3195828s&#xA;Sep 10 02:48:59.581: INFO: Pod &#34;var-expansion-c8920f84-b4a3-11e8-bc45-00073e906c7f&#34;: Phase=&#34;Pending&#34;, Reason=&#34;&#34;, readiness=false. Elapsed: 2m2.32434236s&#xA;Sep 10 02:49:01.586: INFO: Pod &#34;var-expansion-c8920f84-b4a3-11e8-bc45-00073e906c7f&#34;: Phase=&#34;Pending&#34;, Reason=&#34;&#34;, readiness=false. Elapsed: 2m4.32917862s&#xA;Sep 10 02:49:03.591: INFO: Pod &#34;var-expansion-c8920f84-b4a3-11e8-bc45-00073e906c7f&#34;: Phase=&#34;Pending&#34;, Reason=&#34;&#34;, readiness=false. Elapsed: 2m6.33421158s&#xA;Sep 10 02:49:05.596: INFO: Pod &#34;var-expansion-c8920f84-b4a3-11e8-bc45-00073e906c7f&#34;: Phase=&#34;Pending&#34;, Reason=&#34;&#34;, readiness=false. Elapsed: 2m8.3391963s&#xA;Sep 10 02:49:07.601: INFO: Pod &#34;var-expansion-c8920f84-b4a3-11e8-bc45-00073e906c7f&#34;: Phase=&#34;Pending&#34;, Reason=&#34;&#34;, readiness=false. Elapsed: 2m10.34437374s&#xA;Sep 10 02:49:09.625: INFO: Pod &#34;var-expansion-c8920f84-b4a3-11e8-bc45-00073e906c7f&#34;: Phase=&#34;Pending&#34;, Reason=&#34;&#34;, readiness=false. Elapsed: 2m12.36828698s&#xA;Sep 10 02:49:11.630: INFO: Pod &#34;var-expansion-c8920f84-b4a3-11e8-bc45-00073e906c7f&#34;: Phase=&#34;Pending&#34;, Reason=&#34;&#34;, readiness=false. Elapsed: 2m14.37336336s&#xA;Sep 10 02:49:13.635: INFO: Pod &#34;var-expansion-c8920f84-b4a3-11e8-bc45-00073e906c7f&#34;: Phase=&#34;Pending&#34;, Reason=&#34;&#34;, readiness=false. Elapsed: 2m16.37849946s&#xA;Sep 10 02:49:15.640: INFO: Pod &#34;var-expansion-c8920f84-b4a3-11e8-bc45-00073e906c7f&#34;: Phase=&#34;Pending&#34;, Reason=&#34;&#34;, readiness=false. Elapsed: 2m18.38344732s&#xA;Sep 10 02:49:17.645: INFO: Pod &#34;var-expansion-c8920f84-b4a3-11e8-bc45-00073e906c7f&#34;: Phase=&#34;Pending&#34;, Reason=&#34;&#34;, readiness=false. Elapsed: 2m20.38854162s&#xA;Sep 10 02:49:19.650: INFO: Pod &#34;var-expansion-c8920f84-b4a3-11e8-bc45-00073e906c7f&#34;: Phase=&#34;Pending&#34;, Reason=&#34;&#34;, readiness=false. Elapsed: 2m22.39323806s&#xA;Sep 10 02:49:21.655: INFO: Pod &#34;var-expansion-c8920f84-b4a3-11e8-bc45-00073e906c7f&#34;: Phase=&#34;Pending&#34;, Reason=&#34;&#34;, readiness=false. Elapsed: 2m24.39805538s&#xA;Sep 10 02:49:23.659: INFO: Pod &#34;var-expansion-c8920f84-b4a3-11e8-bc45-00073e906c7f&#34;: Phase=&#34;Pending&#34;, Reason=&#34;&#34;, readiness=false. Elapsed: 2m26.40294358s&#xA;Sep 10 02:49:25.664: INFO: Pod &#34;var-expansion-c8920f84-b4a3-11e8-bc45-00073e906c7f&#34;: Phase=&#34;Pending&#34;, Reason=&#34;&#34;, readiness=false. Elapsed: 2m28.40768864s&#xA;Sep 10 02:49:27.669: INFO: Pod &#34;var-expansion-c8920f84-b4a3-11e8-bc45-00073e906c7f&#34;: Phase=&#34;Pending&#34;, Reason=&#34;&#34;, readiness=false. Elapsed: 2m30.41253918s&#xA;Sep 10 02:49:29.674: INFO: Pod &#34;var-expansion-c8920f84-b4a3-11e8-bc45-00073e906c7f&#34;: Phase=&#34;Pending&#34;, Reason=&#34;&#34;, readiness=false. Elapsed: 2m32.41728492s&#xA;Sep 10 02:49:31.679: INFO: Pod &#34;var-expansion-c8920f84-b4a3-11e8-bc45-00073e906c7f&#34;: Phase=&#34;Pending&#34;, Reason=&#34;&#34;, readiness=false. Elapsed: 2m34.42220968s&#xA;Sep 10 02:49:33.684: INFO: Pod &#34;var-expansion-c8920f84-b4a3-11e8-bc45-00073e906c7f&#34;: Phase=&#34;Pending&#34;, Reason=&#34;&#34;, readiness=false. Elapsed: 2m36.42709252s&#xA;Sep 10 02:49:35.689: INFO: Pod &#34;var-expansion-c8920f84-b4a3-11e8-bc45-00073e906c7f&#34;: Phase=&#34;Pending&#34;, Reason=&#34;&#34;, readiness=false. Elapsed: 2m38.43203082s&#xA;Sep 10 02:49:37.693: INFO: Pod &#34;var-expansion-c8920f84-b4a3-11e8-bc45-00073e906c7f&#34;: Phase=&#34;Pending&#34;, Reason=&#34;&#34;, readiness=false. Elapsed: 2m40.43646352s&#xA;Sep 10 02:49:39.698: INFO: Pod &#34;var-expansion-c8920f84-b4a3-11e8-bc45-00073e906c7f&#34;: Phase=&#34;Pending&#34;, Reason=&#34;&#34;, readiness=false. Elapsed: 2m42.4413407s&#xA;Sep 10 02:49:41.703: INFO: Pod &#34;var-expansion-c8920f84-b4a3-11e8-bc45-00073e906c7f&#34;: Phase=&#34;Pending&#34;, Reason=&#34;&#34;, readiness=false. Elapsed: 2m44.44628564s&#xA;Sep 10 02:49:43.708: INFO: Pod &#34;var-expansion-c8920f84-b4a3-11e8-bc45-00073e906c7f&#34;: Phase=&#34;Pending&#34;, Reason=&#34;&#34;, readiness=false. Elapsed: 2m46.45135694s&#xA;Sep 10 02:49:45.713: INFO: Pod &#34;var-expansion-c8920f84-b4a3-11e8-bc45-00073e906c7f&#34;: Phase=&#34;Pending&#34;, Reason=&#34;&#34;, readiness=false. Elapsed: 2m48.4560894s&#xA;Sep 10 02:49:47.718: INFO: Pod &#34;var-expansion-c8920f84-b4a3-11e8-bc45-00073e906c7f&#34;: Phase=&#34;Pending&#34;, Reason=&#34;&#34;, readiness=false. Elapsed: 2m50.46100066s&#xA;Sep 10 02:49:49.723: INFO: Pod &#34;var-expansion-c8920f84-b4a3-11e8-bc45-00073e906c7f&#34;: Phase=&#34;Pending&#34;, Reason=&#34;&#34;, readiness=false. Elapsed: 2m52.46622086s&#xA;Sep 10 02:49:51.727: INFO: Pod &#34;var-expansion-c8920f84-b4a3-11e8-bc45-00073e906c7f&#34;: Phase=&#34;Pending&#34;, Reason=&#34;&#34;, readiness=false. Elapsed: 2m54.47085662s&#xA;Sep 10 02:49:53.732: INFO: Pod &#34;var-expansion-c8920f84-b4a3-11e8-bc45-00073e906c7f&#34;: Phase=&#34;Pending&#34;, Reason=&#34;&#34;, readiness=false. Elapsed: 2m56.47580754s&#xA;Sep 10 02:49:55.737: INFO: Pod &#34;var-expansion-c8920f84-b4a3-11e8-bc45-00073e906c7f&#34;: Phase=&#34;Pending&#34;, Reason=&#34;&#34;, readiness=false. Elapsed: 2m58.48068028s&#xA;Sep 10 02:49:57.742: INFO: Pod &#34;var-expansion-c8920f84-b4a3-11e8-bc45-00073e906c7f&#34;: Phase=&#34;Pending&#34;, Reason=&#34;&#34;, readiness=false. Elapsed: 3m0.48559588s&#xA;Sep 10 02:49:59.747: INFO: Pod &#34;var-expansion-c8920f84-b4a3-11e8-bc45-00073e906c7f&#34;: Phase=&#34;Pending&#34;, Reason=&#34;&#34;, readiness=false. Elapsed: 3m2.49040064s&#xA;Sep 10 02:50:01.758: INFO: Pod &#34;var-expansion-c8920f84-b4a3-11e8-bc45-00073e906c7f&#34;: Phase=&#34;Pending&#34;, Reason=&#34;&#34;, readiness=false. Elapsed: 3m4.50133778s&#xA;Sep 10 02:50:03.763: INFO: Pod &#34;var-expansion-c8920f84-b4a3-11e8-bc45-00073e906c7f&#34;: Phase=&#34;Pending&#34;, Reason=&#34;&#34;, readiness=false. Elapsed: 3m6.50635146s&#xA;Sep 10 02:50:05.768: INFO: Pod &#34;var-expansion-c8920f84-b4a3-11e8-bc45-00073e906c7f&#34;: Phase=&#34;Pending&#34;, Reason=&#34;&#34;, readiness=false. Elapsed: 3m8.51127292s&#xA;Sep 10 02:50:07.773: INFO: Pod &#34;var-expansion-c8920f84-b4a3-11e8-bc45-00073e906c7f&#34;: Phase=&#34;Pending&#34;, Reason=&#34;&#34;, readiness=false. Elapsed: 3m10.51627086s&#xA;Sep 10 02:50:09.778: INFO: Pod &#34;var-expansion-c8920f84-b4a3-11e8-bc45-00073e906c7f&#34;: Phase=&#34;Pending&#34;, Reason=&#34;&#34;, readiness=false. Elapsed: 3m12.52130436s&#xA;Sep 10 02:50:11.783: INFO: Pod &#34;var-expansion-c8920f84-b4a3-11e8-bc45-00073e906c7f&#34;: Phase=&#34;Pending&#34;, Reason=&#34;&#34;, readiness=false. Elapsed: 3m14.5262919s&#xA;Sep 10 02:50:13.788: INFO: Pod &#34;var-expansion-c8920f84-b4a3-11e8-bc45-00073e906c7f&#34;: Phase=&#34;Pending&#34;, Reason=&#34;&#34;, readiness=false. Elapsed: 3m16.53128988s&#xA;Sep 10 02:50:15.793: INFO: Pod &#34;var-expansion-c8920f84-b4a3-11e8-bc45-00073e906c7f&#34;: Phase=&#34;Pending&#34;, Reason=&#34;&#34;, readiness=false. Elapsed: 3m18.53634596s&#xA;Sep 10 02:50:17.798: INFO: Pod &#34;var-expansion-c8920f84-b4a3-11e8-bc45-00073e906c7f&#34;: Phase=&#34;Pending&#34;, Reason=&#34;&#34;, readiness=false. Elapsed: 3m20.54133462s&#xA;Sep 10 02:50:19.803: INFO: Pod &#34;var-expansion-c8920f84-b4a3-11e8-bc45-00073e906c7f&#34;: Phase=&#34;Pending&#34;, Reason=&#34;&#34;, readiness=false. Elapsed: 3m22.54607448s&#xA;Sep 10 02:50:21.807: INFO: Pod &#34;var-expansion-c8920f84-b4a3-11e8-bc45-00073e906c7f&#34;: Phase=&#34;Pending&#34;, Reason=&#34;&#34;, readiness=false. Elapsed: 3m24.55090388s&#xA;Sep 10 02:50:23.812: INFO: Pod &#34;var-expansion-c8920f84-b4a3-11e8-bc45-00073e906c7f&#34;: Phase=&#34;Pending&#34;, Reason=&#34;&#34;, readiness=false. Elapsed: 3m26.55585828s&#xA;Sep 10 02:50:25.817: INFO: Pod &#34;var-expansion-c8920f84-b4a3-11e8-bc45-00073e906c7f&#34;: Phase=&#34;Pending&#34;, Reason=&#34;&#34;, readiness=false. Elapsed: 3m28.56065024s&#xA;Sep 10 02:50:27.822: INFO: Pod &#34;var-expansion-c8920f84-b4a3-11e8-bc45-00073e906c7f&#34;: Phase=&#34;Pending&#34;, Reason=&#34;&#34;, readiness=false. Elapsed: 3m30.5655644s&#xA;Sep 10 02:50:29.827: INFO: Pod &#34;var-expansion-c8920f84-b4a3-11e8-bc45-00073e906c7f&#34;: Phase=&#34;Pending&#34;, Reason=&#34;&#34;, readiness=false. Elapsed: 3m32.57028726s&#xA;Sep 10 02:50:31.832: INFO: Pod &#34;var-expansion-c8920f84-b4a3-11e8-bc45-00073e906c7f&#34;: Phase=&#34;Pending&#34;, Reason=&#34;&#34;, readiness=false. Elapsed: 3m34.57516336s&#xA;Sep 10 02:50:33.837: INFO: Pod &#34;var-expansion-c8920f84-b4a3-11e8-bc45-00073e906c7f&#34;: Phase=&#34;Pending&#34;, Reason=&#34;&#34;, readiness=false. Elapsed: 3m36.58009108s&#xA;Sep 10 02:50:35.841: INFO: Pod &#34;var-expansion-c8920f84-b4a3-11e8-bc45-00073e906c7f&#34;: Phase=&#34;Pending&#34;, Reason=&#34;&#34;, readiness=false. Elapsed: 3m38.58486896s&#xA;Sep 10 02:50:37.846: INFO: Pod &#34;var-expansion-c8920f84-b4a3-11e8-bc45-00073e906c7f&#34;: Phase=&#34;Pending&#34;, Reason=&#34;&#34;, readiness=false. Elapsed: 3m40.58968086s&#xA;Sep 10 02:50:39.851: INFO: Pod &#34;var-expansion-c8920f84-b4a3-11e8-bc45-00073e906c7f&#34;: Phase=&#34;Pending&#34;, Reason=&#34;&#34;, readiness=false. Elapsed: 3m42.594727s&#xA;Sep 10 02:50:41.856: INFO: Pod &#34;var-expansion-c8920f84-b4a3-11e8-bc45-00073e906c7f&#34;: Phase=&#34;Pending&#34;, Reason=&#34;&#34;, readiness=false. Elapsed: 3m44.59953014s&#xA;Sep 10 02:50:43.861: INFO: Pod &#34;var-expansion-c8920f84-b4a3-11e8-bc45-00073e906c7f&#34;: Phase=&#34;Pending&#34;, Reason=&#34;&#34;, readiness=false. Elapsed: 3m46.60429928s&#xA;Sep 10 02:50:45.866: INFO: Pod &#34;var-expansion-c8920f84-b4a3-11e8-bc45-00073e906c7f&#34;: Phase=&#34;Pending&#34;, Reason=&#34;&#34;, readiness=false. Elapsed: 3m48.6092451s&#xA;Sep 10 02:50:47.871: INFO: Pod &#34;var-expansion-c8920f84-b4a3-11e8-bc45-00073e906c7f&#34;: Phase=&#34;Pending&#34;, Reason=&#34;&#34;, readiness=false. Elapsed: 3m50.61414172s&#xA;Sep 10 02:50:49.875: INFO: Pod &#34;var-expansion-c8920f84-b4a3-11e8-bc45-00073e906c7f&#34;: Phase=&#34;Pending&#34;, Reason=&#34;&#34;, readiness=false. Elapsed: 3m52.61877228s&#xA;Sep 10 02:50:51.880: INFO: Pod &#34;var-expansion-c8920f84-b4a3-11e8-bc45-00073e906c7f&#34;: Phase=&#34;Pending&#34;, Reason=&#34;&#34;, readiness=false. Elapsed: 3m54.6233327s&#xA;Sep 10 02:50:53.885: INFO: Pod &#34;var-expansion-c8920f84-b4a3-11e8-bc45-00073e906c7f&#34;: Phase=&#34;Pending&#34;, Reason=&#34;&#34;, readiness=false. Elapsed: 3m56.62814722s&#xA;Sep 10 02:50:55.890: INFO: Pod &#34;var-expansion-c8920f84-b4a3-11e8-bc45-00073e906c7f&#34;: Phase=&#34;Pending&#34;, Reason=&#34;&#34;, readiness=false. Elapsed: 3m58.63297786s&#xA;Sep 10 02:50:57.894: INFO: Pod &#34;var-expansion-c8920f84-b4a3-11e8-bc45-00073e906c7f&#34;: Phase=&#34;Pending&#34;, Reason=&#34;&#34;, readiness=false. Elapsed: 4m0.63794246s&#xA;Sep 10 02:50:59.900: INFO: Pod &#34;var-expansion-c8920f84-b4a3-11e8-bc45-00073e906c7f&#34;: Phase=&#34;Pending&#34;, Reason=&#34;&#34;, readiness=false. Elapsed: 4m2.64295546s&#xA;Sep 10 02:51:01.905: INFO: Pod &#34;var-expansion-c8920f84-b4a3-11e8-bc45-00073e906c7f&#34;: Phase=&#34;Pending&#34;, Reason=&#34;&#34;, readiness=false. Elapsed: 4m4.64815582s&#xA;Sep 10 02:51:03.910: INFO: Pod &#34;var-expansion-c8920f84-b4a3-11e8-bc45-00073e906c7f&#34;: Phase=&#34;Pending&#34;, Reason=&#34;&#34;, readiness=false. Elapsed: 4m6.65302838s&#xA;Sep 10 02:51:05.914: INFO: Pod &#34;var-expansion-c8920f84-b4a3-11e8-bc45-00073e906c7f&#34;: Phase=&#34;Pending&#34;, Reason=&#34;&#34;, readiness=false. Elapsed: 4m8.65782854s&#xA;Sep 10 02:51:07.919: INFO: Pod &#34;var-expansion-c8920f84-b4a3-11e8-bc45-00073e906c7f&#34;: Phase=&#34;Pending&#34;, Reason=&#34;&#34;, readiness=false. Elapsed: 4m10.66271164s&#xA;Sep 10 02:51:09.924: INFO: Pod &#34;var-expansion-c8920f84-b4a3-11e8-bc45-00073e906c7f&#34;: Phase=&#34;Pending&#34;, Reason=&#34;&#34;, readiness=false. Elapsed: 4m12.66766562s&#xA;Sep 10 02:51:11.929: INFO: Pod &#34;var-expansion-c8920f84-b4a3-11e8-bc45-00073e906c7f&#34;: Phase=&#34;Pending&#34;, Reason=&#34;&#34;, readiness=false. Elapsed: 4m14.67249946s&#xA;Sep 10 02:51:13.934: INFO: Pod &#34;var-expansion-c8920f84-b4a3-11e8-bc45-00073e906c7f&#34;: Phase=&#34;Pending&#34;, Reason=&#34;&#34;, readiness=false. Elapsed: 4m16.67740122s&#xA;Sep 10 02:51:15.939: INFO: Pod &#34;var-expansion-c8920f84-b4a3-11e8-bc45-00073e906c7f&#34;: Phase=&#34;Pending&#34;, Reason=&#34;&#34;, readiness=false. Elapsed: 4m18.68273576s&#xA;Sep 10 02:51:17.944: INFO: Pod &#34;var-expansion-c8920f84-b4a3-11e8-bc45-00073e906c7f&#34;: Phase=&#34;Pending&#34;, Reason=&#34;&#34;, readiness=false. Elapsed: 4m20.68766416s&#xA;Sep 10 02:51:19.949: INFO: Pod &#34;var-expansion-c8920f84-b4a3-11e8-bc45-00073e906c7f&#34;: Phase=&#34;Pending&#34;, Reason=&#34;&#34;, readiness=false. Elapsed: 4m22.69271536s&#xA;Sep 10 02:51:21.954: INFO: Pod &#34;var-expansion-c8920f84-b4a3-11e8-bc45-00073e906c7f&#34;: Phase=&#34;Pending&#34;, Reason=&#34;&#34;, readiness=false. Elapsed: 4m24.69759124s&#xA;Sep 10 02:51:23.959: INFO: Pod &#34;var-expansion-c8920f84-b4a3-11e8-bc45-00073e906c7f&#34;: Phase=&#34;Pending&#34;, Reason=&#34;&#34;, readiness=false. Elapsed: 4m26.70249376s&#xA;Sep 10 02:51:25.964: INFO: Pod &#34;var-expansion-c8920f84-b4a3-11e8-bc45-00073e906c7f&#34;: Phase=&#34;Pending&#34;, Reason=&#34;&#34;, readiness=false. Elapsed: 4m28.70733494s&#xA;Sep 10 02:51:27.969: INFO: Pod &#34;var-expansion-c8920f84-b4a3-11e8-bc45-00073e906c7f&#34;: Phase=&#34;Pending&#34;, Reason=&#34;&#34;, readiness=false. Elapsed: 4m30.71228974s&#xA;Sep 10 02:51:29.974: INFO: Pod &#34;var-expansion-c8920f84-b4a3-11e8-bc45-00073e906c7f&#34;: Phase=&#34;Pending&#34;, Reason=&#34;&#34;, readiness=false. Elapsed: 4m32.7175387s&#xA;Sep 10 02:51:31.979: INFO: Pod &#34;var-expansion-c8920f84-b4a3-11e8-bc45-00073e906c7f&#34;: Phase=&#34;Pending&#34;, Reason=&#34;&#34;, readiness=false. Elapsed: 4m34.72238602s&#xA;Sep 10 02:51:33.984: INFO: Pod &#34;var-expansion-c8920f84-b4a3-11e8-bc45-00073e906c7f&#34;: Phase=&#34;Pending&#34;, Reason=&#34;&#34;, readiness=false. Elapsed: 4m36.72747176s&#xA;Sep 10 02:51:35.989: INFO: Pod &#34;var-expansion-c8920f84-b4a3-11e8-bc45-00073e906c7f&#34;: Phase=&#34;Pending&#34;, Reason=&#34;&#34;, readiness=false. Elapsed: 4m38.7322468s&#xA;Sep 10 02:51:37.994: INFO: Pod &#34;var-expansion-c8920f84-b4a3-11e8-bc45-00073e906c7f&#34;: Phase=&#34;Pending&#34;, Reason=&#34;&#34;, readiness=false. Elapsed: 4m40.73727238s&#xA;Sep 10 02:51:39.999: INFO: Pod &#34;var-expansion-c8920f84-b4a3-11e8-bc45-00073e906c7f&#34;: Phase=&#34;Pending&#34;, Reason=&#34;&#34;, readiness=false. Elapsed: 4m42.74201392s&#xA;Sep 10 02:51:42.003: INFO: Pod &#34;var-expansion-c8920f84-b4a3-11e8-bc45-00073e906c7f&#34;: Phase=&#34;Pending&#34;, Reason=&#34;&#34;, readiness=false. Elapsed: 4m44.74659438s&#xA;Sep 10 02:51:44.008: INFO: Pod &#34;var-expansion-c8920f84-b4a3-11e8-bc45-00073e906c7f&#34;: Phase=&#34;Pending&#34;, Reason=&#34;&#34;, readiness=false. Elapsed: 4m46.75147266s&#xA;Sep 10 02:51:46.013: INFO: Pod &#34;var-expansion-c8920f84-b4a3-11e8-bc45-00073e906c7f&#34;: Phase=&#34;Pending&#34;, Reason=&#34;&#34;, readiness=false. Elapsed: 4m48.75648344s&#xA;Sep 10 02:51:48.018: INFO: Pod &#34;var-expansion-c8920f84-b4a3-11e8-bc45-00073e906c7f&#34;: Phase=&#34;Pending&#34;, Reason=&#34;&#34;, readiness=false. Elapsed: 4m50.76118802s&#xA;Sep 10 02:51:50.023: INFO: Pod &#34;var-expansion-c8920f84-b4a3-11e8-bc45-00073e906c7f&#34;: Phase=&#34;Pending&#34;, Reason=&#34;&#34;, readiness=false. Elapsed: 4m52.76604366s&#xA;Sep 10 02:51:52.027: INFO: Pod &#34;var-expansion-c8920f84-b4a3-11e8-bc45-00073e906c7f&#34;: Phase=&#34;Pending&#34;, Reason=&#34;&#34;, readiness=false. Elapsed: 4m54.77091206s&#xA;Sep 10 02:51:54.032: INFO: Pod &#34;var-expansion-c8920f84-b4a3-11e8-bc45-00073e906c7f&#34;: Phase=&#34;Pending&#34;, Reason=&#34;&#34;, readiness=false. Elapsed: 4m56.7758846s&#xA;Sep 10 02:51:56.038: INFO: Pod &#34;var-expansion-c8920f84-b4a3-11e8-bc45-00073e906c7f&#34;: Phase=&#34;Pending&#34;, Reason=&#34;&#34;, readiness=false. Elapsed: 4m58.78117516s&#xA;Sep 10 02:51:58.053: INFO: Failed to get logs from node &#34;node3&#34; pod &#34;var-expansion-c8920f84-b4a3-11e8-bc45-00073e906c7f&#34; container &#34;dapi-container&#34;: the server rejected our request for an unknown reason (get pods var-expansion-c8920f84-b4a3-11e8-bc45-00073e906c7f)&#xA;�[1mSTEP�[0m: delete the pod&#xA;Sep 10 02:51:58.059: INFO: Waiting for pod var-expansion-c8920f84-b4a3-11e8-bc45-00073e906c7f to disappear&#xA;Sep 10 02:51:58.064: INFO: Pod var-expansion-c8920f84-b4a3-11e8-bc45-00073e906c7f still exists&#xA;Sep 10 02:52:00.064: INFO: Waiting for pod var-expansion-c8920f84-b4a3-11e8-bc45-00073e906c7f to disappear&#xA;Sep 10 02:52:00.068: INFO: Pod var-expansion-c8920f84-b4a3-11e8-bc45-00073e906c7f no longer exists&#xA;Sep 10 02:52:00.068: INFO: Unexpected error occurred: expected pod &#34;var-expansion-c8920f84-b4a3-11e8-bc45-00073e906c7f&#34; success: Gave up after waiting 5m0s for pod &#34;var-expansion-c8920f84-b4a3-11e8-bc45-00073e906c7f&#34; to be &#34;success or failure&#34;&#xA;[AfterEach] [k8s.io] Variable Expansion&#xA;  /root/gopath/src/k8s.io/kubernetes/_output/local/go/src/k8s.io/kubernetes/test/e2e/framework/framework.go:142&#xA;�[1mSTEP�[0m: Collecting events from namespace &#34;e2e-tests-var-expansion-wrgkn&#34;.&#xA;�[1mSTEP�[0m: Found 6 events.&#xA;Sep 10 02:52:00.076: INFO: At 2018-09-10 02:46:57 +0000 UTC - event for var-expansion-c8920f84-b4a3-11e8-bc45-00073e906c7f: {default-scheduler } Scheduled: Successfully assigned e2e-tests-var-expansion-wrgkn/var-expansion-c8920f84-b4a3-11e8-bc45-00073e906c7f to node3&#xA;Sep 10 02:52:00.076: INFO: At 2018-09-10 02:46:58 +0000 UTC - event for var-expansion-c8920f84-b4a3-11e8-bc45-00073e906c7f: {kubelet node3} Pulling: pulling image &#34;busybox&#34;&#xA;Sep 10 02:52:00.076: INFO: At 2018-09-10 02:47:04 +0000 UTC - event for var-expansion-c8920f84-b4a3-11e8-bc45-00073e906c7f: {kubelet node3} Failed: Failed to pull image &#34;busybox&#34;: rpc error: code = Unknown desc = Error while pulling image: Get https://index.docker.io/v1/repositories/library/busybox/images: http: error connecting to proxy http://192.168.2.109:8118: dial tcp 192.168.2.109:8118: getsockopt: no route to host&#xA;Sep 10 02:52:00.076: INFO: At 2018-09-10 02:47:04 +0000 UTC - event for var-expansion-c8920f84-b4a3-11e8-bc45-00073e906c7f: {kubelet node3} Failed: Error: ErrImagePull&#xA;Sep 10 02:52:00.076: INFO: At 2018-09-10 02:47:04 +0000 UTC - event for var-expansion-c8920f84-b4a3-11e8-bc45-00073e906c7f: {kubelet node3} BackOff: Back-off pulling image &#34;busybox&#34;&#xA;Sep 10 02:52:00.076: INFO: At 2018-09-10 02:47:04 +0000 UTC - event for var-expansion-c8920f84-b4a3-11e8-bc45-00073e906c7f: {kubelet node3} Failed: Error: ImagePullBackOff&#xA;Sep 10 02:52:00.089: INFO: POD                            NODE   PHASE    GRACE  CONDITIONS&#xA;Sep 10 02:52:00.089: INFO: coredns-78fcdf6894-f55jj       node3  Running         [{Initialized True 0001-01-01 00:00:00 +0000 UTC 2018-09-01 03:57:03 +0000 UTC  } {Ready True 0001-01-01 00:00:00 +0000 UTC 2018-09-07 08:42:02 +0000 UTC  } {ContainersReady True 0001-01-01 00:00:00 +0000 UTC 0001-01-01 00:00:00 +0000 UTC  } {PodScheduled True 0001-01-01 00:00:00 +0000 UTC 2018-09-01 03:57:03 +0000 UTC  }]&#xA;Sep 10 02:52:00.089: INFO: coredns-78fcdf6894-vlxkz       node3  Running         [{Initialized True 0001-01-01 00:00:00 +0000 UTC 2018-09-01 03:57:03 +0000 UTC  } {Ready True 0001-01-01 00:00:00 +0000 UTC 2018-09-07 08:42:02 +0000 UTC  } {ContainersReady True 0001-01-01 00:00:00 +0000 UTC 0001-01-01 00:00:00 +0000 UTC  } {PodScheduled True 0001-01-01 00:00:00 +0000 UTC 2018-09-01 03:57:03 +0000 UTC  }]&#xA;Sep 10 02:52:00.089: INFO: etcd-node3                     node3  Running         [{Initialized True 0001-01-01 00:00:00 +0000 UTC 2018-09-07 08:40:49 +0000 UTC  } {Ready True 0001-01-01 00:00:00 +0000 UTC 2018-09-07 08:40:51 +0000 UTC  } {ContainersReady True 0001-01-01 00:00:00 +0000 UTC 0001-01-01 00:00:00 +0000 UTC  } {PodScheduled True 0001-01-01 00:00:00 +0000 UTC 2018-09-07 08:40:49 +0000 UTC  }]&#xA;Sep 10 02:52:00.089: INFO: kube-apiserver-node3           node3  Running         [{Initialized True 0001-01-01 00:00:00 +0000 UTC 2018-09-07 08:40:49 +0000 UTC  } {Ready True 0001-01-01 00:00:00 +0000 UTC 2018-09-07 08:40:51 +0000 UTC  } {ContainersReady True 0001-01-01 00:00:00 +0000 UTC 0001-01-01 00:00:00 +0000 UTC  } {PodScheduled True 0001-01-01 00:00:00 +0000 UTC 2018-09-07 08:40:49 +0000 UTC  }]&#xA;Sep 10 02:52:00.090: INFO: kube-controller-manager-node3  node3  Running         [{Initialized True 0001-01-01 00:00:00 +0000 UTC 2018-09-07 08:40:49 +0000 UTC  } {Ready True 0001-01-01 00:00:00 +0000 UTC 2018-09-07 08:40:51 +0000 UTC  } {ContainersReady True 0001-01-01 00:00:00 +0000 UTC 0001-01-01 00:00:00 +0000 UTC  } {PodScheduled True 0001-01-01 00:00:00 +0000 UTC 2018-09-07 08:40:49 +0000 UTC  }]&#xA;Sep 10 02:52:00.090: INFO: kube-proxy-d6xgq               node3  Running         [{Initialized True 0001-01-01 00:00:00 +0000 UTC 2018-09-01 03:55:38 +0000 UTC  } {Ready True 0001-01-01 00:00:00 +0000 UTC 2018-09-07 08:41:32 +0000 UTC  } {ContainersReady True 0001-01-01 00:00:00 +0000 UTC 0001-01-01 00:00:00 +0000 UTC  } {PodScheduled True 0001-01-01 00:00:00 +0000 UTC 2018-09-01 03:55:38 +0000 UTC  }]&#xA;Sep 10 02:52:00.090: INFO: kube-scheduler-node3           node3  Running         [{Initialized True 0001-01-01 00:00:00 +0000 UTC 2018-09-07 08:40:50 +0000 UTC  } {Ready True 0001-01-01 00:00:00 +0000 UTC 2018-09-07 08:40:51 +0000 UTC  } {ContainersReady True 0001-01-01 00:00:00 +0000 UTC 0001-01-01 00:00:00 +0000 UTC  } {PodScheduled True 0001-01-01 00:00:00 +0000 UTC 2018-09-07 08:40:50 +0000 UTC  }]&#xA;Sep 10 02:52:00.090: INFO: weave-net-qrwm8                node3  Running         [{Initialized True 0001-01-01 00:00:00 +0000 UTC 2018-09-01 03:55:38 +0000 UTC  } {Ready True 0001-01-01 00:00:00 +0000 UTC 2018-09-07 08:41:59 +0000 UTC  } {ContainersReady True 0001-01-01 00:00:00 +0000 UTC 0001-01-01 00:00:00 +0000 UTC  } {PodScheduled True 0001-01-01 00:00:00 +0000 UTC 2018-09-01 03:55:38 +0000 UTC  }]&#xA;Sep 10 02:52:00.090: INFO: &#xA;Sep 10 02:52:00.095: INFO: &#xA;Logging node info for node node3&#xA;Sep 10 02:52:00.100: INFO: Node Info: &amp;Node{ObjectMeta:k8s_io_apimachinery_pkg_apis_meta_v1.ObjectMeta{Name:node3,GenerateName:,Namespace:,SelfLink:/api/v1/nodes/node3,UID:d76c0c97-ad9a-11e8-a7d7-1e59e086a4f1,ResourceVersion:504927,Generation:0,CreationTimestamp:2018-09-01 03:55:18 +0000 UTC,DeletionTimestamp:&lt;nil&gt;,DeletionGracePeriodSeconds:nil,Labels:map[string]string{beta.kubernetes.io/arch: arm64,beta.kubernetes.io/os: linux,kubernetes.io/hostname: node3,node-role.kubernetes.io/master: ,},Annotations:map[string]string{kubeadm.alpha.kubernetes.io/cri-socket: /var/run/dockershim.sock,node.alpha.kubernetes.io/ttl: 0,volumes.kubernetes.io/controller-managed-attach-detach: true,},OwnerReferences:[],Finalizers:[],ClusterName:,Initializers:nil,},Spec:NodeSpec{PodCIDR:10.244.0.0/24,DoNotUse_ExternalID:,ProviderID:,Unschedulable:false,Taints:[],ConfigSource:nil,},Status:NodeStatus{Capacity:ResourceList{cpu: {{16 0} {&lt;nil&gt;} 16 DecimalSI},ephemeral-storage: {{82538430464 0} {&lt;nil&gt;}  BinarySI},hugepages-2Mi: {{0 0} {&lt;nil&gt;} 0 DecimalSI},memory: {{67535159296 0} {&lt;nil&gt;}  BinarySI},pods: {{110 0} {&lt;nil&gt;} 110 DecimalSI},},Allocatable:ResourceList{cpu: {{16 0} {&lt;nil&gt;} 16 DecimalSI},ephemeral-storage: {{74284587295 0} {&lt;nil&gt;} 74284587295 DecimalSI},hugepages-2Mi: {{0 0} {&lt;nil&gt;} 0 DecimalSI},memory: {{67430301696 0} {&lt;nil&gt;}  BinarySI},pods: {{110 0} {&lt;nil&gt;} 110 DecimalSI},},Phase:,Conditions:[{NetworkUnavailable False 2018-09-07 08:42:01 +0000 UTC 2018-09-07 08:42:01 +0000 UTC WeaveIsUp Weave pod has set this} {OutOfDisk False 2018-09-10 02:51:56 +0000 UTC 2018-09-01 03:55:11 +0000 UTC KubeletHasSufficientDisk kubelet has sufficient disk space available} {MemoryPressure False 2018-09-10 02:51:56 +0000 UTC 2018-09-01 03:55:11 +0000 UTC KubeletHasSufficientMemory kubelet has sufficient memory available} {DiskPressure False 2018-09-10 02:51:56 +0000 UTC 2018-09-01 03:55:11 +0000 UTC KubeletHasNoDiskPressure kubelet has no disk pressure} {PIDPressure False 2018-09-10 02:51:56 +0000 UTC 2018-09-01 03:55:11 +0000 UTC KubeletHasSufficientPID kubelet has sufficient PID available} {Ready True 2018-09-10 02:51:56 +0000 UTC 2018-09-04 01:30:47 +0000 UTC KubeletReady kubelet is posting ready status}],Addresses:[{InternalIP 192.168.2.117} {Hostname node3}],DaemonEndpoints:NodeDaemonEndpoints{KubeletEndpoint:DaemonEndpoint{Port:10250,},},NodeInfo:NodeSystemInfo{MachineID:373be5c264ac4b78a49077a4b4ded99c,SystemUUID:373be5c264ac4b78a49077a4b4ded99c,BootID:fa7f8a19-3d16-419b-9318-394c7eac5519,KernelVersion:4.4.58-20171215.kylin.server.YUN+-generic,OSImage:Kylin 4.0.2,ContainerRuntimeVersion:docker://1.12.6,KubeletVersion:v1.11.2,KubeProxyVersion:v1.11.2,OperatingSystem:linux,Architecture:arm64,},Images:[{[k8s.gcr.io/kube-cross@sha256:0c5809a727c38458e9a63b486cf83c504a24ff561d63a031d31e613f6ad50282 k8s.gcr.io/kube-cross:v1.10.2-1] 2076524551} {[mrdreambot/arm64-mysql@sha256:872464bd31f5db2ecfce15824c80a0b78ace914e80e78a0e98d2d9ef7e8bbb79 mrdreambot/arm64-mysql:latest] 529883867} {[bobsense/mysql@sha256:a20cd35207c46b0400ac48fdf21ebb8e432fa5b597eb5f4b6ec6a634ecc26a8a bobsense/mysql:latest] 529882429} {[mariadb@sha256:358f6b50afd9c25707e97869f0c57de802c53973a90a2ff49e283501fccce1b2 mariadb:10.1.14] 387643618} {[wordpress@sha256:b0460dba11737144b232a7794403d4052982f2332caeea82f618fc98d0547387 wordpress:latest] 367973768} {[mariadb@sha256:edef80de393cf4a79504168c663f8b0c6b15060333e5a7d7aee3dc0a4de6e927 mariadb:latest] 348940495} {[hyperhq/mariadb-arm64v8@sha256:bcf8c747e35eddfcd36ffc6011b00ececb56fe467afb290280d80709299fd80d hyperhq/mariadb-arm64v8:10.3-1] 348507360} {[hyperhq/mariadb-arm64v8:10.3] 348507300} {[hyperhq/mariadb-arm64v8@sha256:720d233b09adbea084c15cfa4909008a2df201b300b10c9fd39464bce60af0db hyperhq/mariadb-arm64v8:10.3-2] 348507153} {[bobsense/nginx-arm64@sha256:224f3b5fd469754e5e701bedd28c633c92ba21c00d2b0e9376eaa4adb38b5603 bobsense/nginx-arm64:latest] 338655564} {[gcr.io/google-samples/gb-frontend-arm64@sha256:9587be21f54a9dc04e1f37b83a9d120231b205385d8deba0682d6fb22088e7c9 gcr.io/google-samples/gb-frontend-arm64:v5] 337228898} {[lsioarmhf/mariadb-aarch64@sha256:b2a1bd89d60c579f07ae1837280a2b3b5f35f11f756b9aa61e6a025af03ddf87 lsioarmhf/mariadb-aarch64:latest] 327268490} {[ebspace/aarch64-mysql@sha256:d9f5f5d222a155c930e3837976b5b457e48c000cf34e6919d0f8a0b73dc39965 ebspace/aarch64-mysql:latest] 262591608} {[tobi312/rpi-mysql@sha256:2f0b069765901afbb162838359778088b8d9fdba30b201d5cf51381ec008802a tobi312/rpi-mysql:latest] 256067342} {[k8s.gcr.io/volume-nfs@sha256:83ba87be13a6f74361601c8614527e186ca67f49091e2d0d4ae8a8da67c403ee k8s.gcr.io/volume-nfs:0.8] 247146979} {[postgres@sha256:d9c44f9fc460dd8962c388eacf88a0e252b858ccdf33bc223f68112617e81fc9 postgres:10] 233845668} {[k8s.gcr.io/etcd-arm64@sha256:f0b7368ebb28e6226ab3b4dbce4b5c6d77dab7b5f6579b08fd645c00f7b100ff k8s.gcr.io/etcd-arm64:3.2.18] 229927444} {[k8s.gcr.io/kube-apiserver-arm64@sha256:5c77134dc174453fc0d900ee5cdcb7b488131a0edb934ae8e859a263f8ee55da k8s.gcr.io/kube-apiserver-arm64:v1.10.4] 218561963} {[k8s.gcr.io/kube-apiserver-arm64@sha256:ab41e3e38792750fa122dbeacf7d0d3d52b7ccc466f254c460733846da0ce0c9 k8s.gcr.io/kube-apiserver-arm64:v1.10.3] 218559018} {[hypriot/rpi-mysql@sha256:c1567c885cf560da66a647f91f7e16bfeea2968895f859b5732583a8db3570ea hypriot/rpi-mysql:latest] 209339591} {[gcr.io/kubernetes-e2e-test-images/jessie-dnsutils-arm64@sha256:92105b23ab1bcc1f72b7deeb4b7d72b27b4ba9a47b292fbd4f58f4080f0621a2 gcr.io/kubernetes-e2e-test-images/jessie-dnsutils-arm64:1.0] 193983470} {[k8s.gcr.io/kube-apiserver-arm64@sha256:31fa4a96f582953034fb2906bd2e557620943ebaa2c2f74ee719c89a9bffb0d4 k8s.gcr.io/kube-apiserver-arm64:v1.11.2] 185805939} {[k8s.gcr.io/etcd-arm64@sha256:c6418130352f3632f3858ff466f7fdcde5c2867d9471f40dbb99227ccbb6d458 k8s.gcr.io/etcd-arm64:3.1.12] 180941491} {[functions/faas-netesd@sha256:05072b13c8127d53b48466f6b16beae997ff008e13a74cdb5da64ca2f5708062 functions/faas-netesd:arm64-0.3-alpha6] 154407667} {[k8s.gcr.io/kube-controller-manager-arm64@sha256:af5e55e15e5ab06999716ef72792b0abed63c9fc972db99120b2c40febaf69a7 k8s.gcr.io/kube-controller-manager-arm64:v1.11.2] 153069058} {[functions/faas-netesd@sha256:0903fd0a2c6010fcef6f42eda8fdc22bf4aecc31571b7ab6f461041497f34aa4 functions/faas-netesd:0.4.3-arm64] 148751197} {[k8s.gcr.io/kube-controller-manager-arm64@sha256:138de23ccbdfab3f4e76e05c290aab26c9127a853db8a0cbc2d816b31d5aebbd k8s.gcr.io/kube-controller-manager-arm64:v1.10.4] 142046988} {[k8s.gcr.io/kube-controller-manager-arm64@sha256:4f99bac50d84f8757ef06d06e68eee0aa042fdb5969c300d23ad1ae3b1f914f5 k8s.gcr.io/kube-controller-manager-arm64:v1.10.3] 142046537} {[weaveworks/weave-kube@sha256:3c45b339ab2dc9c11c9c745e44afce27806dc1d8ecd1da84a88deb36756ac713 weaveworks/weave-kube:2.4.0] 131119125} {[k8s.gcr.io/nginx-slim-arm64@sha256:b95f8bebdc6d8a7b65f5954aa5aaea3209ad8a6af5261cf3c8cae0c0a1c0fb79 k8s.gcr.io/nginx-slim-arm64:0.27] 126129565} {[k8s.gcr.io/nginx-slim-arm64@sha256:ef47cf0719891fe4b84467af77f8e13618b05965b6663945411e1e11c15ffa14 k8s.gcr.io/nginx-slim-arm64:0.26] 126125347} {[hyperhq/postgres-wordpress-arm:latest] 110592210} {[wordpress@sha256:3c22b14d0269bd50b2011f6d749d8bee68e328167f774bef8bf11f5878a6035d wordpress:4.9-fpm-alpine] 107828983} {[functions/gateway@sha256:01aea2775bb40d69588d2c6e83e8b9ea5009b9f405b140e643eb4be2a775814d functions/gateway:arm64-0.6.6-beta2] 106004910} {[k8s.gcr.io/kube-proxy-arm64@sha256:3bb2bfdc016ae46d131af74040bec2c48134c733ae90fead4da3568014fb450a k8s.gcr.io/kube-proxy-arm64:v1.11.2] 102835336} {[nginx@sha256:3e2ffcf0edca2a4e9b24ca442d227baea7b7f0e33ad654ef1eb806fbd9bedcf0 nginx:latest] 102594503} {[k8s.gcr.io/kube-proxy-arm64@sha256:f024ad81abe8b9bf473c0b8ff5c96723505b8a592379d606038499f8a77f663b k8s.gcr.io/kube-proxy-arm64:v1.10.4] 100601489} {[k8s.gcr.io/kube-proxy-arm64@sha256:b21badcd0799bb7495ebcbc17557861384da1eac42d6527937a8aaed0c329d6c k8s.gcr.io/kube-proxy-arm64:v1.10.3] 100598796} {[k8s.gcr.io/echoserver@sha256:d2a8af33e4e6dc7f18fc8d0cd345b2c893922083c6e2c2cbf24a2efcaa7aa3ba k8s.gcr.io/echoserver:1.6] 95247805} {[gcr.io/google-samples/gb-redisslave-arm64@sha256:2420127acd816ebbdbaa33cab372493859c1d40b3a2d5d6fc05bc38887ad9511 gcr.io/google-samples/gb-redisslave-arm64:v2] 94082700} {[nginx@sha256:e3456c851a152494c3e4ff5fcc26f240206abac0c9d794affb40e0714846c451 nginx:1.7.9] 91641000} {[&lt;none&gt;@&lt;none&gt; &lt;none&gt;:&lt;none&gt;] 76567645} {[ubuntu@sha256:3f119dc0737f57f704ebecac8a6d8477b0f6ca1ca0332c7ee1395ed2c6a82be7 ubuntu:bionic] 76171071} {[k8s.gcr.io/kube-scheduler-arm64@sha256:3ece3012cc6fedf5193fd1c80aee4b6da2835098b7799d4940fb4a79fc1be0ee k8s.gcr.io/kube-scheduler-arm64:v1.11.2] 56216691} {[weaveworks/weave-npc@sha256:715b03e14874355f1f793f7bc11d843a00b390b2806bd996f1e47e8acb1020aa weaveworks/weave-npc:2.4.0] 51096437} {[k8s.gcr.io/k8s-dns-kube-dns-arm64@sha256:9bcc8fda237765f8b8f8fdf5af220b856adbc8b56d72dc4f336d44510d1749d9 k8s.gcr.io/k8s-dns-kube-dns-arm64:1.14.8] 49350613} {[k8s.gcr.io/kube-scheduler-arm64@sha256:fbff009828de95e14856325ebcfc6e1c0cdb456a052c62ba0c64221773c68686 k8s.gcr.io/kube-scheduler-arm64:v1.10.4] 48502539} {[k8s.gcr.io/kube-scheduler-arm64@sha256:6847ebb67c5a2928d8997d98001eb107a50601e85e07c3245f72b14df4518616 k8s.gcr.io/kube-scheduler-arm64:v1.10.3] 48434682} {[k8s.gcr.io/k8s-dns-dnsmasq-nanny-arm64@sha256:35ac228d45ab5f4209f25317506fa53b762f6d8ad333d1ff795393fa6e97b29c k8s.gcr.io/k8s-dns-dnsmasq-nanny-arm64:1.14.8] 42547598} {[k8s.gcr.io/k8s-dns-sidecar-arm64@sha256:b2c1e4e04d77ed564e918ebd16443dfb2217653b58293e616e36f034068d6da3 k8s.gcr.io/k8s-dns-sidecar-arm64:1.14.8] 41256276}],VolumesInUse:[],VolumesAttached:[],Config:nil,},}&#xA;Sep 10 02:52:00.100: INFO: &#xA;Logging kubelet events for node node3&#xA;Sep 10 02:52:00.105: INFO: &#xA;Logging pods the kubelet thinks is on node node3&#xA;Sep 10 02:52:00.117: INFO: coredns-78fcdf6894-vlxkz started at 2018-09-01 03:57:03 +0000 UTC (0+1 container statuses recorded)&#xA;Sep 10 02:52:00.117: INFO: &#x9;Container coredns ready: true, restart count 2&#xA;Sep 10 02:52:00.117: INFO: weave-net-qrwm8 started at 2018-09-01 03:55:38 +0000 UTC (0+2 container statuses recorded)&#xA;Sep 10 02:52:00.117: INFO: &#x9;Container weave ready: true, restart count 4&#xA;Sep 10 02:52:00.117: INFO: &#x9;Container weave-npc ready: true, restart count 2&#xA;Sep 10 02:52:00.117: INFO: coredns-78fcdf6894-f55jj started at 2018-09-01 03:57:03 +0000 UTC (0+1 container statuses recorded)&#xA;Sep 10 02:52:00.117: INFO: &#x9;Container coredns ready: true, restart count 2&#xA;Sep 10 02:52:00.117: INFO: kube-proxy-d6xgq started at 2018-09-01 03:55:38 +0000 UTC (0+1 container statuses recorded)&#xA;Sep 10 02:52:00.117: INFO: &#x9;Container kube-proxy ready: true, restart count 2&#xA;Sep 10 02:52:00.117: INFO: etcd-node3 started at &lt;nil&gt; (0+0 container statuses recorded)&#xA;Sep 10 02:52:00.117: INFO: kube-apiserver-node3 started at &lt;nil&gt; (0+0 container statuses recorded)&#xA;Sep 10 02:52:00.117: INFO: kube-controller-manager-node3 started at &lt;nil&gt; (0+0 container statuses recorded)&#xA;Sep 10 02:52:00.117: INFO: kube-scheduler-node3 started at &lt;nil&gt; (0+0 container statuses recorded)&#xA;Sep 10 02:52:00.206: INFO: &#xA;Latency metrics for node node3&#xA;Sep 10 02:52:00.206: INFO: {Operation:stop_container Method:docker_operations_latency_microseconds Quantile:0.99 Latency:20.02517s}&#xA;Sep 10 02:52:00.206: INFO: {Operation:stop_container Method:docker_operations_latency_microseconds Quantile:0.9 Latency:20.003405s}&#xA;�[1mSTEP�[0m: Dumping a list of prepulled images on each node to file /e2e/image-puller.txt&#xA;Sep 10 02:52:00.213: INFO: Waiting up to 3m0s for all (but 0) nodes to be ready&#xA;�[1mSTEP�[0m: Destroying namespace &#34;e2e-tests-var-expansion-wrgkn&#34; for this suite.&#xA;Sep 10 02:52:06.234: INFO: Waiting up to 30s for server preferred namespaced resources to be successfully discovered&#xA;Sep 10 02:52:06.357: INFO: namespace: e2e-tests-var-expansion-wrgkn, resource: bindings, ignored listing per whitelist&#xA;Sep 10 02:52:06.369: INFO: namespace e2e-tests-var-expansion-wrgkn deletion completed in 6.15129064s&#xA;</system-out>
      </testcase>
      <testcase name="[sig-storage] vsphere statefulset vsphere statefulset testing" classname="Kubernetes e2e suite" time="0">
          <skipped></skipped>
      </testcase>
      <testcase name="[sig-storage] Secrets optional updates should be reflected in volume [NodeConformance] [Conformance]" classname="Kubernetes e2e suite" time="103.0542515"></testcase>
      <testcase name="[sig-apps] Job should run a job to completion when tasks sometimes fail and are locally restarted" classname="Kubernetes e2e suite" time="0">
          <skipped></skipped>
      </testcase>
      <testcase name="[sig-scalability] Load capacity [Feature:ManualPerformance] should be able to handle 30 pods per node {batch Job} with 0 secrets, 0 configmaps and 0 daemons" classname="Kubernetes e2e suite" time="0">
          <skipped></skipped>
      </testcase>
      <testcase name="[sig-apps] DisruptionController evictions: maxUnavailable allow single eviction, percentage =&gt; should allow an eviction" classname="Kubernetes e2e suite" time="0">
          <skipped></skipped>
      </testcase>
      <testcase name="[sig-api-machinery] Watchers should be able to restart watching from the last resource version observed by the previous watch [Conformance]" classname="Kubernetes e2e suite" time="6.37377698"></testcase>
      <testcase name="[sig-storage] PersistentVolumes NFS with Single PV - PVC pairs create a PVC and a pre-bound PV: test write access" classname="Kubernetes e2e suite" time="0">
          <skipped></skipped>
      </testcase>
      <testcase name="[sig-network] Loadbalancing: L7 GCE [Slow] [Feature:kubemci] should support https-only annotation" classname="Kubernetes e2e suite" time="0">
          <skipped></skipped>
      </testcase>
      <testcase name="[sig-storage] EmptyDir wrapper volumes should not conflict" classname="Kubernetes e2e suite" time="0">
          <skipped></skipped>
      </testcase>
      <testcase name="[sig-storage] PersistentVolumes-local  [Volume type: blockfs] Set fsGroup for local volume should not set different fsGroups for two pods simultaneously" classname="Kubernetes e2e suite" time="0">
          <skipped></skipped>
      </testcase>
      <testcase name="[sig-network] ClusterDns [Feature:Example] should create pod that uses dns" classname="Kubernetes e2e suite" time="0">
          <skipped></skipped>
      </testcase>
      <testcase name="[k8s.io] [Feature:Example] [k8s.io] RethinkDB should create and stop rethinkdb servers" classname="Kubernetes e2e suite" time="0">
          <skipped></skipped>
      </testcase>
      <testcase name="[sig-cli] Kubectl client [k8s.io] Kubectl apply should apply a new configuration to an existing RC" classname="Kubernetes e2e suite" time="0">
          <skipped></skipped>
      </testcase>
      <testcase name="[sig-storage] Pod Disks should be able to delete a non-existent PD without error" classname="Kubernetes e2e suite" time="0">
          <skipped></skipped>
      </testcase>
      <testcase name="[sig-network] Services should prevent NodePort collisions" classname="Kubernetes e2e suite" time="0">
          <skipped></skipped>
      </testcase>
      <testcase name="[sig-storage] Dynamic Provisioning DynamicProvisioner Default should be disabled by changing the default annotation [Serial] [Disruptive]" classname="Kubernetes e2e suite" time="0">
          <skipped></skipped>
      </testcase>
      <testcase name="[sig-storage] Volume FStype [Feature:vsphere] verify fstype - ext3 formatted volume" classname="Kubernetes e2e suite" time="0">
          <skipped></skipped>
      </testcase>
      <testcase name="[sig-storage] EmptyDir volumes should support (root,0666,default) [NodeConformance] [Conformance]" classname="Kubernetes e2e suite" time="8.36743964"></testcase>
      <testcase name="[sig-apps] ReplicaSet should surface a failure condition on a common issue like exceeded quota" classname="Kubernetes e2e suite" time="0">
          <skipped></skipped>
      </testcase>
      <testcase name="[sig-storage] Subpath [Volume type: nfsPVC] should fail for new directories when readOnly specified in the volumeSource" classname="Kubernetes e2e suite" time="0">
          <skipped></skipped>
      </testcase>
      <testcase name="[sig-storage] vsphere cloud provider stress [Feature:vsphere] vsphere stress tests" classname="Kubernetes e2e suite" time="0">
          <skipped></skipped>
      </testcase>
      <testcase name="[sig-apps] ReplicationController should surface a failure condition on a common issue like exceeded quota" classname="Kubernetes e2e suite" time="0">
          <skipped></skipped>
      </testcase>
      <testcase name="[sig-storage] Pod Disks detach in a disrupted environment [Slow] [Disruptive] when node is deleted" classname="Kubernetes e2e suite" time="0">
          <skipped></skipped>
      </testcase>
      <testcase name="[sig-storage] Subpath [Volume type: gcePDPartitioned] should unmount if pod is force deleted while kubelet is down [Disruptive][Slow]" classname="Kubernetes e2e suite" time="0">
          <skipped></skipped>
      </testcase>
      <testcase name="[k8s.io] Sysctls [NodeFeature:Sysctls] should support unsafe sysctls which are actually whitelisted" classname="Kubernetes e2e suite" time="0">
          <skipped></skipped>
      </testcase>
      <testcase name="[sig-api-machinery] AdmissionWebhook Should mutate pod and apply defaults after mutation" classname="Kubernetes e2e suite" time="0">
          <skipped></skipped>
      </testcase>
      <testcase name="[sig-apps] Network Partition [Disruptive] [Slow] [k8s.io] [StatefulSet] should come back up if node goes down [Slow] [Disruptive]" classname="Kubernetes e2e suite" time="0">
          <skipped></skipped>
      </testcase>
      <testcase name="[k8s.io] Docker Containers should be able to override the image&#39;s default command and arguments [NodeConformance] [Conformance]" classname="Kubernetes e2e suite" time="8.37095832"></testcase>
      <testcase name="[sig-storage] PersistentVolumes-local  [Volume type: dir] One pod requesting one prebound PVC should be able to mount volume and read from pod1" classname="Kubernetes e2e suite" time="0">
          <skipped></skipped>
      </testcase>
      <testcase name="[sig-instrumentation] Monitoring should verify monitoring pods and all cluster nodes are available on influxdb using heapster [Feature:InfluxdbMonitoring]" classname="Kubernetes e2e suite" time="0">
          <skipped></skipped>
      </testcase>
      <testcase name="[sig-scheduling] ResourceQuota [Feature:Initializers] should create a ResourceQuota and capture the life of an uninitialized pod." classname="Kubernetes e2e suite" time="0">
          <skipped></skipped>
      </testcase>
      <testcase name="[k8s.io] [sig-node] kubelet [k8s.io] [sig-node] host cleanup with volume mounts [sig-storage][HostCleanup][Flaky] Host cleanup after disrupting NFS volume [NFS] after stopping the nfs-server and deleting the (active) client pod, the NFS mount and the pod&#39;s UID directory should be removed." classname="Kubernetes e2e suite" time="0">
          <skipped></skipped>
      </testcase>
      <testcase name="[sig-storage] Subpath [Volume type: gcePDPVC] should support existing directories when readOnly specified in the volumeSource" classname="Kubernetes e2e suite" time="0">
          <skipped></skipped>
      </testcase>
      <testcase name="[sig-network] DNS configMap federations should be able to change federation configuration [Slow][Serial]" classname="Kubernetes e2e suite" time="0">
          <skipped></skipped>
      </testcase>
      <testcase name="[sig-storage] Subpath [Volume type: gcePDPartitioned] should support non-existent path" classname="Kubernetes e2e suite" time="0">
          <skipped></skipped>
      </testcase>
      <testcase name="[sig-network] Networking Granular Checks: Services [Slow] should function for endpoint-Service: udp" classname="Kubernetes e2e suite" time="0">
          <skipped></skipped>
      </testcase>
      <testcase name="[sig-storage] PersistentVolumes-local  Local volume provisioner [Serial] should discover dynamicly created local persistent volume mountpoint in discovery directory" classname="Kubernetes e2e suite" time="0">
          <skipped></skipped>
      </testcase>
      <testcase name="[k8s.io] Downward API [Serial] [Disruptive] [NodeFeature:EphemeralStorage] Downward API tests for local ephemeral storage should provide container&#39;s limits.ephemeral-storage and requests.ephemeral-storage as env vars" classname="Kubernetes e2e suite" time="0">
          <skipped></skipped>
      </testcase>
      <testcase name="[sig-storage] CSI Volumes CSI plugin test using CSI driver: hostPath should provision storage" classname="Kubernetes e2e suite" time="0">
          <skipped></skipped>
      </testcase>
      <testcase name="[sig-api-machinery] AdmissionWebhook Should mutate configmap" classname="Kubernetes e2e suite" time="0">
          <skipped></skipped>
      </testcase>
      <testcase name="[sig-network] Loadbalancing: L7 GCE [Slow] [Feature:NEG] should sync endpoints to NEG" classname="Kubernetes e2e suite" time="0">
          <skipped></skipped>
      </testcase>
      <testcase name="[sig-scheduling] SchedulerPreemption [Serial] [Feature:PodPreemption] validates basic preemption works" classname="Kubernetes e2e suite" time="0">
          <skipped></skipped>
      </testcase>
      <testcase name="[sig-storage] HostPath should support subPath [NodeConformance]" classname="Kubernetes e2e suite" time="0">
          <skipped></skipped>
      </testcase>
      <testcase name="[sig-storage] Volume Disk Format [Feature:vsphere] verify disk format type - thin is honored for dynamically provisioned pv using storageclass" classname="Kubernetes e2e suite" time="0">
          <skipped></skipped>
      </testcase>
      <testcase name="[sig-storage] Pod Disks schedule a pod w/ RW PD(s) mounted to 1 or more containers, write to PD, verify content, delete pod, and repeat in rapid succession [Slow] using 1 containers and 2 PDs" classname="Kubernetes e2e suite" time="0">
          <skipped></skipped>
      </testcase>
      <testcase name="[sig-storage] Subpath [Volume type: gluster] should support file as subpath" classname="Kubernetes e2e suite" time="0">
          <skipped></skipped>
      </testcase>
      <testcase name="[sig-storage] Volume Disk Format [Feature:vsphere] verify disk format type - zeroedthick is honored for dynamically provisioned pv using storageclass" classname="Kubernetes e2e suite" time="0">
          <skipped></skipped>
      </testcase>
      <testcase name="[sig-scheduling] SchedulerPriorities [Serial] Pod should avoid to schedule to node that have avoidPod annotation" classname="Kubernetes e2e suite" time="0">
          <skipped></skipped>
      </testcase>
      <testcase name="[sig-storage] Subpath [Volume type: nfs] should fail for new directories when readOnly specified in the volumeSource" classname="Kubernetes e2e suite" time="0">
          <skipped></skipped>
      </testcase>
      <testcase name="[sig-apps] Job should run a job to completion when tasks sometimes fail and are not locally restarted" classname="Kubernetes e2e suite" time="0">
          <skipped></skipped>
      </testcase>
      <testcase name="[sig-apps] DisruptionController should update PodDisruptionBudget status" classname="Kubernetes e2e suite" time="0">
          <skipped></skipped>
      </testcase>
      <testcase name="[sig-storage] Subpath [Volume type: emptyDir] should support readOnly directory specified in the volumeMount" classname="Kubernetes e2e suite" time="0">
          <skipped></skipped>
      </testcase>
      <testcase name="[sig-network] ESIPP [Slow] [DisabledForLargeClusters] should work for type=NodePort" classname="Kubernetes e2e suite" time="0">
          <skipped></skipped>
      </testcase>
      <testcase name="[sig-storage] Subpath [Volume type: gcePDPVC] should support existing single file" classname="Kubernetes e2e suite" time="0">
          <skipped></skipped>
      </testcase>
      <testcase name="[sig-scalability] Density [Feature:ManualPerformance] should allow starting 30 pods per node using {extensions Deployment} with 0 secrets, 0 configmaps and 0 daemons" classname="Kubernetes e2e suite" time="0">
          <skipped></skipped>
      </testcase>
      <testcase name="[sig-cli] Kubectl client [k8s.io] Simple pod should support inline execution and attach" classname="Kubernetes e2e suite" time="0">
          <skipped></skipped>
      </testcase>
      <testcase name="[sig-instrumentation] Cluster level logging implemented by Stackdriver should ingest events" classname="Kubernetes e2e suite" time="0">
          <skipped></skipped>
      </testcase>
      <testcase name="[sig-storage] Volumes Cinder [Feature:Volumes] should be mountable" classname="Kubernetes e2e suite" time="0">
          <skipped></skipped>
      </testcase>
      <testcase name="[sig-apps] Deployment test Deployment ReplicaSet orphaning and adoption regarding controllerRef" classname="Kubernetes e2e suite" time="0">
          <skipped></skipped>
      </testcase>
      <testcase name="[k8s.io] [sig-node] Security Context [Feature:SecurityContext] should support seccomp alpha unconfined annotation on the pod [Feature:Seccomp]" classname="Kubernetes e2e suite" time="0">
          <skipped></skipped>
      </testcase>
      <testcase name="[k8s.io] EquivalenceCache [Serial] validates GeneralPredicates is properly invalidated when a pod is scheduled [Slow]" classname="Kubernetes e2e suite" time="0">
          <skipped></skipped>
      </testcase>
      <testcase name="[sig-apps] StatefulSet [k8s.io] Deploy clustered applications [Feature:StatefulSet] [Slow] should creating a working zookeeper cluster" classname="Kubernetes e2e suite" time="0">
          <skipped></skipped>
      </testcase>
      <testcase name="[sig-storage] Volume Disk Format [Feature:vsphere] verify disk format type - eagerzeroedthick is honored for dynamically provisioned pv using storageclass" classname="Kubernetes e2e suite" time="0">
          <skipped></skipped>
      </testcase>
      <testcase name="[sig-storage] Dynamic Provisioning DynamicProvisioner External should let an external dynamic provisioner create and delete persistent volumes [Slow]" classname="Kubernetes e2e suite" time="0">
          <skipped></skipped>
      </testcase>
      <testcase name="[sig-network] Services should check NodePort out-of-range" classname="Kubernetes e2e suite" time="0">
          <skipped></skipped>
      </testcase>
      <testcase name="[sig-api-machinery] CustomResourceDefinition Watch CustomResourceDefinition Watch watch on custom resource definition objects" classname="Kubernetes e2e suite" time="0">
          <skipped></skipped>
      </testcase>
      <testcase name="[sig-storage] Subpath [Volume type: hostPath] should support file as subpath" classname="Kubernetes e2e suite" time="0">
          <skipped></skipped>
      </testcase>
      <testcase name="[sig-storage] PersistentVolumes-local  [Volume type: gce-localssd-scsi-fs] [Serial] One pod requesting one prebound PVC should be able to mount volume and write from pod1" classname="Kubernetes e2e suite" time="0">
          <skipped></skipped>
      </testcase>
      <testcase name="[sig-storage] PersistentVolumes-local  [Volume type: blockfs] Two pods mounting a local volume at the same time should be able to write from pod1 and read from pod2" classname="Kubernetes e2e suite" time="0">
          <skipped></skipped>
      </testcase>
      <testcase name="[sig-apps] DisruptionController evictions: enough pods, replicaSet, percentage =&gt; should allow an eviction" classname="Kubernetes e2e suite" time="0">
          <skipped></skipped>
      </testcase>
      <testcase name="[sig-network] Network should set TCP CLOSE_WAIT timeout" classname="Kubernetes e2e suite" time="0">
          <skipped></skipped>
      </testcase>
      <testcase name="[sig-api-machinery] Watchers should be able to start watching from a specific resource version [Conformance]" classname="Kubernetes e2e suite" time="6.34590814"></testcase>
      <testcase name="[sig-api-machinery] Namespaces [Serial] should ensure that all services are removed when a namespace is deleted." classname="Kubernetes e2e suite" time="0">
          <skipped></skipped>
      </testcase>
      <testcase name="[sig-apps] Daemon set [Serial] should run and stop complex daemon [Conformance]" classname="Kubernetes e2e suite" time="27.72441902"></testcase>
      <testcase name="[sig-network] Networking Granular Checks: Pods should function for intra-pod communication: udp [NodeConformance] [Conformance]" classname="Kubernetes e2e suite" time="44.8071226"></testcase>
      <testcase name="[sig-storage] Subpath [Volume type: gcePDPVC] should unmount if pod is force deleted while kubelet is down [Disruptive][Slow]" classname="Kubernetes e2e suite" time="0">
          <skipped></skipped>
      </testcase>
      <testcase name="[sig-cluster-lifecycle] Reboot [Disruptive] [Feature:Reboot] each node by ordering unclean reboot and ensure they function upon restart" classname="Kubernetes e2e suite" time="0">
          <skipped></skipped>
      </testcase>
      <testcase name="[sig-scheduling] SchedulerPredicates [Serial] validates that NodeSelector is respected if not matching  [Conformance]" classname="Kubernetes e2e suite" time="67.42511556"></testcase>
      <testcase name="[sig-storage] Secrets should be consumable in multiple volumes in a pod [NodeConformance] [Conformance]" classname="Kubernetes e2e suite" time="8.37402682"></testcase>
      <testcase name="[sig-storage] Subpath [Volume type: gcePDPartitioned] should fail if non-existent subpath is outside the volume [Slow]" classname="Kubernetes e2e suite" time="0">
          <skipped></skipped>
      </testcase>
      <testcase name="[sig-storage] Volumes PD should be mountable with xfs" classname="Kubernetes e2e suite" time="0">
          <skipped></skipped>
      </testcase>
      <testcase name="[sig-api-machinery] Initializers [Feature:Initializers] don&#39;t cause replicaset controller creating extra pods if the initializer is not handled [Serial]" classname="Kubernetes e2e suite" time="0">
          <skipped></skipped>
      </testcase>
      <testcase name="[sig-storage] Volume Provisioning On Clustered Datastore [Feature:vsphere] verify dynamic provision with default parameter on clustered datastore" classname="Kubernetes e2e suite" time="0">
          <skipped></skipped>
      </testcase>
      <testcase name="[sig-storage] Dynamic Provisioning DynamicProvisioner should provision storage with different parameters [Slow]" classname="Kubernetes e2e suite" time="0">
          <skipped></skipped>
      </testcase>
      <testcase name="[sig-network] Proxy version v1 should proxy through a service and a pod  [Conformance]" classname="Kubernetes e2e suite" time="17.81410326"></testcase>
      <testcase name="[sig-storage] Subpath [Volume type: hostPathSymlink] should fail if non-existent subpath is outside the volume [Slow]" classname="Kubernetes e2e suite" time="0">
          <skipped></skipped>
      </testcase>
      <testcase name="[sig-apps] ReplicaSet should serve a basic image on each replica with a private image" classname="Kubernetes e2e suite" time="0">
          <skipped></skipped>
      </testcase>
      <testcase name="[sig-storage] Downward API volume should provide podname only [NodeConformance] [Conformance]" classname="Kubernetes e2e suite" time="8.36791836"></testcase>
      <testcase name="[sig-storage] Volume Placement test back to back pod creation and deletion with different volume sources on the same worker node" classname="Kubernetes e2e suite" time="0">
          <skipped></skipped>
      </testcase>
      <testcase name="[sig-storage] EmptyDir volumes should support (non-root,0777,default) [NodeConformance] [Conformance]" classname="Kubernetes e2e suite" time="8.35738476"></testcase>
      <testcase name="[sig-autoscaling] Cluster size autoscaling [Slow] Should scale up GPU pool from 0 [GpuType:nvidia-tesla-k80] [Feature:ClusterSizeAutoscalingGpu]" classname="Kubernetes e2e suite" time="0">
          <skipped></skipped>
      </testcase>
      <testcase name="[sig-scalability] Density [Feature:ManualPerformance] should allow starting 30 pods per node using {extensions Deployment} with 2 secrets, 0 configmaps and 0 daemons" classname="Kubernetes e2e suite" time="0">
          <skipped></skipped>
      </testcase>
      <testcase name="[sig-cluster-lifecycle] gpu Upgrade [Feature:GPUUpgrade] cluster upgrade should be able to run gpu pod after upgrade [Feature:GPUClusterUpgrade]" classname="Kubernetes e2e suite" time="0">
          <skipped></skipped>
      </testcase>
      <testcase name="[sig-scalability] Load capacity [Feature:ManualPerformance] should be able to handle 30 pods per node { ReplicationController} with 0 secrets, 0 configmaps and 2 daemons" classname="Kubernetes e2e suite" time="0">
          <skipped></skipped>
      </testcase>
      <testcase name="[sig-network] DNS configMap nameserver Change stubDomain should be able to change stubDomain configuration [Slow][Serial]" classname="Kubernetes e2e suite" time="0">
          <skipped></skipped>
      </testcase>
      <testcase name="[sig-storage] Subpath [Volume type: nfs] should support existing single file" classname="Kubernetes e2e suite" time="0">
          <skipped></skipped>
      </testcase>
      <testcase name="[sig-storage] Subpath [Volume type: hostPath] should fail if subpath directory is outside the volume [Slow]" classname="Kubernetes e2e suite" time="0">
          <skipped></skipped>
      </testcase>
      <testcase name="[k8s.io] [Feature:Example] [k8s.io] Spark should start spark master, driver and workers" classname="Kubernetes e2e suite" time="0">
          <skipped></skipped>
      </testcase>
      <testcase name="[sig-apps] Daemon set [Serial] should not update pod when spec was updated and update strategy is OnDelete" classname="Kubernetes e2e suite" time="0">
          <skipped></skipped>
      </testcase>
      <testcase name="[sig-apps] CronJob should not schedule jobs when suspended [Slow]" classname="Kubernetes e2e suite" time="0">
          <skipped></skipped>
      </testcase>
      <testcase name="[k8s.io] [Feature:Example] [k8s.io] Cassandra should create and scale cassandra" classname="Kubernetes e2e suite" time="0">
          <skipped></skipped>
      </testcase>
      <testcase name="[sig-network] Networking Granular Checks: Services [Slow] should update nodePort: udp [Slow]" classname="Kubernetes e2e suite" time="0">
          <skipped></skipped>
      </testcase>
      <testcase name="[sig-storage] EmptyDir volumes should support (non-root,0777,tmpfs) [NodeConformance] [Conformance]" classname="Kubernetes e2e suite" time="8.36952556"></testcase>
      <testcase name="[sig-storage] ConfigMap should be consumable from pods in volume with defaultMode set [NodeConformance] [Conformance]" classname="Kubernetes e2e suite" time="8.3772304"></testcase>
      <testcase name="[sig-autoscaling] Cluster size autoscaling [Slow] should correctly scale down after a node is not needed when there is non autoscaled pool[Feature:ClusterSizeAutoscalingScaleDown]" classname="Kubernetes e2e suite" time="0">
          <skipped></skipped>
      </testcase>
      <testcase name="[sig-api-machinery] Initializers [Feature:Initializers] should be invisible to controllers by default" classname="Kubernetes e2e suite" time="0">
          <skipped></skipped>
      </testcase>
      <testcase name="[sig-storage] Projected should provide podname only [NodeConformance] [Conformance]" classname="Kubernetes e2e suite" time="8.3733763"></testcase>
      <testcase name="[sig-apps] ReplicationController should release no longer matching pods" classname="Kubernetes e2e suite" time="0">
          <skipped></skipped>
      </testcase>
      <testcase name="[sig-network] DNS configMap nameserver Forward PTR lookup should forward PTR records lookup to upstream nameserver [Slow][Serial]" classname="Kubernetes e2e suite" time="0">
          <skipped></skipped>
      </testcase>
      <testcase name="[sig-cli] Kubectl client [k8s.io] Kubectl create quota should create a quota without scopes" classname="Kubernetes e2e suite" time="0">
          <skipped></skipped>
      </testcase>
      <testcase name="[sig-storage] Subpath [Volume type: nfsPVC] should fail if subpath directory is outside the volume [Slow]" classname="Kubernetes e2e suite" time="0">
          <skipped></skipped>
      </testcase>
      <testcase name="[sig-cluster-lifecycle] Reboot [Disruptive] [Feature:Reboot] each node by switching off the network interface and ensure they function upon switch on" classname="Kubernetes e2e suite" time="0">
          <skipped></skipped>
      </testcase>
      <testcase name="[sig-storage] Subpath [Volume type: gcePDPVC] should unmount if pod is gracefully deleted while kubelet is down [Disruptive][Slow]" classname="Kubernetes e2e suite" time="0">
          <skipped></skipped>
      </testcase>
      <testcase name="[k8s.io] Cluster size autoscaler scalability [Slow] should scale down underutilized nodes [Feature:ClusterAutoscalerScalability4]" classname="Kubernetes e2e suite" time="0">
          <skipped></skipped>
      </testcase>
      <testcase name="[sig-storage] PersistentVolumes:vsphere should test that a vspehre volume mounted to a pod that is deleted while the kubelet is down unmounts when the kubelet returns [Disruptive]" classname="Kubernetes e2e suite" time="0">
          <skipped></skipped>
      </testcase>
      <testcase name="[sig-storage] Downward API volume should provide podname as non-root with fsgroup and defaultMode [NodeFeature:FSGroup]" classname="Kubernetes e2e suite" time="0">
          <skipped></skipped>
      </testcase>
      <testcase name="[sig-autoscaling] Cluster size autoscaling [Slow] should increase cluster size if pods are pending due to pod anti-affinity [Feature:ClusterSizeAutoscalingScaleUp]" classname="Kubernetes e2e suite" time="0">
          <skipped></skipped>
      </testcase>
      <testcase name="[sig-storage] Projected should provide podname as non-root with fsgroup [NodeFeature:FSGroup]" classname="Kubernetes e2e suite" time="0">
          <skipped></skipped>
      </testcase>
      <testcase name="[sig-storage] Subpath [Volume type: gcePDPVC] should support readOnly directory specified in the volumeMount" classname="Kubernetes e2e suite" time="0">
          <skipped></skipped>
      </testcase>
      <testcase name="[sig-cli] Kubectl Port forwarding [k8s.io] With a server listening on localhost should support forwarding over websockets" classname="Kubernetes e2e suite" time="0">
          <skipped></skipped>
      </testcase>
      <testcase name="[sig-storage] Subpath [Volume type: nfs] should fail if subpath file is outside the volume [Slow]" classname="Kubernetes e2e suite" time="0">
          <skipped></skipped>
      </testcase>
      <testcase name="[sig-apps] Deployment deployment should support rollback" classname="Kubernetes e2e suite" time="0">
          <skipped></skipped>
      </testcase>
      <testcase name="[sig-storage] Subpath [Volume type: nfsPVC] should support existing directories when readOnly specified in the volumeSource" classname="Kubernetes e2e suite" time="0">
          <skipped></skipped>
      </testcase>
      <testcase name="[sig-autoscaling] Cluster size autoscaling [Slow] should increase cluster size if pod requesting EmptyDir volume is pending [Feature:ClusterSizeAutoscalingScaleUp]" classname="Kubernetes e2e suite" time="0">
          <skipped></skipped>
      </testcase>
      <testcase name="[sig-network] Services should work after restarting kube-proxy [Disruptive]" classname="Kubernetes e2e suite" time="0">
          <skipped></skipped>
      </testcase>
      <testcase name="[sig-api-machinery] Garbage collector should orphan RS created by deployment when deleteOptions.PropagationPolicy is Orphan [Conformance]" classname="Kubernetes e2e suite" time="36.85986302"></testcase>
      <testcase name="[sig-storage] PersistentVolumes-local  [Volume type: gce-localssd-scsi-fs] [Serial] Set fsGroup for local volume should not set different fsGroups for two pods simultaneously" classname="Kubernetes e2e suite" time="0">
          <skipped></skipped>
      </testcase>
      <testcase name="[sig-network] Loadbalancing: L7 GCE [Slow] [Feature:kubemci] single and multi-cluster ingresses should be able to exist together" classname="Kubernetes e2e suite" time="0">
          <skipped></skipped>
      </testcase>
      <testcase name="[sig-storage] PersistentVolumes NFS with multiple PVs and PVCs all in same ns should create 3 PVs and 3 PVCs: test write access" classname="Kubernetes e2e suite" time="0">
          <skipped></skipped>
      </testcase>
      <testcase name="[sig-instrumentation] Cadvisor should be healthy on every node." classname="Kubernetes e2e suite" time="0">
          <skipped></skipped>
      </testcase>
      <testcase name="[sig-storage] CSI Volumes CSI plugin test using CSI driver: [Feature: GCE PD CSI Plugin] gcePD should provision storage" classname="Kubernetes e2e suite" time="0">
          <skipped></skipped>
      </testcase>
      <testcase name="[k8s.io] Variable Expansion should allow composing env vars into new env vars [NodeConformance] [Conformance]" classname="Kubernetes e2e suite" time="311.24807272">
          <failure type="Failure">/root/gopath/src/k8s.io/kubernetes/_output/local/go/src/k8s.io/kubernetes/test/e2e/framework/framework.go:684&#xA;Expected error:&#xA;    &lt;*errors.errorString | 0x44207c3d70&gt;: {&#xA;        s: &#34;expected pod \&#34;var-expansion-61d93b5c-b4a5-11e8-bc45-00073e906c7f\&#34; success: Gave up after waiting 5m0s for pod \&#34;var-expansion-61d93b5c-b4a5-11e8-bc45-00073e906c7f\&#34; to be \&#34;success or failure\&#34;&#34;,&#xA;    }&#xA;    expected pod &#34;var-expansion-61d93b5c-b4a5-11e8-bc45-00073e906c7f&#34; success: Gave up after waiting 5m0s for pod &#34;var-expansion-61d93b5c-b4a5-11e8-bc45-00073e906c7f&#34; to be &#34;success or failure&#34;&#xA;not to have occurred&#xA;/root/gopath/src/k8s.io/kubernetes/_output/local/go/src/k8s.io/kubernetes/test/e2e/framework/util.go:2325</failure>
          <system-out>[BeforeEach] [k8s.io] Variable Expansion&#xA;  /root/gopath/src/k8s.io/kubernetes/_output/local/go/src/k8s.io/kubernetes/test/e2e/framework/framework.go:141&#xA;�[1mSTEP�[0m: Creating a kubernetes client&#xA;Sep 10 02:58:23.737: INFO: &gt;&gt;&gt; kubeConfig: /etc/kubernetes/admin.conf&#xA;�[1mSTEP�[0m: Building a namespace api object&#xA;�[1mSTEP�[0m: Waiting for a default service account to be provisioned in namespace&#xA;[It] should allow composing env vars into new env vars [NodeConformance] [Conformance]&#xA;  /root/gopath/src/k8s.io/kubernetes/_output/local/go/src/k8s.io/kubernetes/test/e2e/framework/framework.go:684&#xA;�[1mSTEP�[0m: Creating a pod to test env composition&#xA;Sep 10 02:58:23.910: INFO: Waiting up to 5m0s for pod &#34;var-expansion-61d93b5c-b4a5-11e8-bc45-00073e906c7f&#34; in namespace &#34;e2e-tests-var-expansion-qhhsq&#34; to be &#34;success or failure&#34;&#xA;Sep 10 02:58:23.916: INFO: Pod &#34;var-expansion-61d93b5c-b4a5-11e8-bc45-00073e906c7f&#34;: Phase=&#34;Pending&#34;, Reason=&#34;&#34;, readiness=false. Elapsed: 5.62464ms&#xA;Sep 10 02:58:25.921: INFO: Pod &#34;var-expansion-61d93b5c-b4a5-11e8-bc45-00073e906c7f&#34;: Phase=&#34;Pending&#34;, Reason=&#34;&#34;, readiness=false. Elapsed: 2.01096758s&#xA;Sep 10 02:58:27.926: INFO: Pod &#34;var-expansion-61d93b5c-b4a5-11e8-bc45-00073e906c7f&#34;: Phase=&#34;Pending&#34;, Reason=&#34;&#34;, readiness=false. Elapsed: 4.01557034s&#xA;Sep 10 02:58:29.931: INFO: Pod &#34;var-expansion-61d93b5c-b4a5-11e8-bc45-00073e906c7f&#34;: Phase=&#34;Pending&#34;, Reason=&#34;&#34;, readiness=false. Elapsed: 6.02046008s&#xA;Sep 10 02:58:31.936: INFO: Pod &#34;var-expansion-61d93b5c-b4a5-11e8-bc45-00073e906c7f&#34;: Phase=&#34;Pending&#34;, Reason=&#34;&#34;, readiness=false. Elapsed: 8.02521672s&#xA;Sep 10 02:58:33.941: INFO: Pod &#34;var-expansion-61d93b5c-b4a5-11e8-bc45-00073e906c7f&#34;: Phase=&#34;Pending&#34;, Reason=&#34;&#34;, readiness=false. Elapsed: 10.03029156s&#xA;Sep 10 02:58:35.946: INFO: Pod &#34;var-expansion-61d93b5c-b4a5-11e8-bc45-00073e906c7f&#34;: Phase=&#34;Pending&#34;, Reason=&#34;&#34;, readiness=false. Elapsed: 12.0352412s&#xA;Sep 10 02:58:37.951: INFO: Pod &#34;var-expansion-61d93b5c-b4a5-11e8-bc45-00073e906c7f&#34;: Phase=&#34;Pending&#34;, Reason=&#34;&#34;, readiness=false. Elapsed: 14.04014806s&#xA;Sep 10 02:58:39.955: INFO: Pod &#34;var-expansion-61d93b5c-b4a5-11e8-bc45-00073e906c7f&#34;: Phase=&#34;Pending&#34;, Reason=&#34;&#34;, readiness=false. Elapsed: 16.04500912s&#xA;Sep 10 02:58:41.960: INFO: Pod &#34;var-expansion-61d93b5c-b4a5-11e8-bc45-00073e906c7f&#34;: Phase=&#34;Pending&#34;, Reason=&#34;&#34;, readiness=false. Elapsed: 18.0497931s&#xA;Sep 10 02:58:43.965: INFO: Pod &#34;var-expansion-61d93b5c-b4a5-11e8-bc45-00073e906c7f&#34;: Phase=&#34;Pending&#34;, Reason=&#34;&#34;, readiness=false. Elapsed: 20.05482056s&#xA;Sep 10 02:58:45.970: INFO: Pod &#34;var-expansion-61d93b5c-b4a5-11e8-bc45-00073e906c7f&#34;: Phase=&#34;Pending&#34;, Reason=&#34;&#34;, readiness=false. Elapsed: 22.0596861s&#xA;Sep 10 02:58:47.975: INFO: Pod &#34;var-expansion-61d93b5c-b4a5-11e8-bc45-00073e906c7f&#34;: Phase=&#34;Pending&#34;, Reason=&#34;&#34;, readiness=false. Elapsed: 24.06457964s&#xA;Sep 10 02:58:49.980: INFO: Pod &#34;var-expansion-61d93b5c-b4a5-11e8-bc45-00073e906c7f&#34;: Phase=&#34;Pending&#34;, Reason=&#34;&#34;, readiness=false. Elapsed: 26.06955018s&#xA;Sep 10 02:58:51.985: INFO: Pod &#34;var-expansion-61d93b5c-b4a5-11e8-bc45-00073e906c7f&#34;: Phase=&#34;Pending&#34;, Reason=&#34;&#34;, readiness=false. Elapsed: 28.0748815s&#xA;Sep 10 02:58:53.991: INFO: Pod &#34;var-expansion-61d93b5c-b4a5-11e8-bc45-00073e906c7f&#34;: Phase=&#34;Pending&#34;, Reason=&#34;&#34;, readiness=false. Elapsed: 30.08037946s&#xA;Sep 10 02:58:55.996: INFO: Pod &#34;var-expansion-61d93b5c-b4a5-11e8-bc45-00073e906c7f&#34;: Phase=&#34;Pending&#34;, Reason=&#34;&#34;, readiness=false. Elapsed: 32.08530672s&#xA;Sep 10 02:58:58.001: INFO: Pod &#34;var-expansion-61d93b5c-b4a5-11e8-bc45-00073e906c7f&#34;: Phase=&#34;Pending&#34;, Reason=&#34;&#34;, readiness=false. Elapsed: 34.09026386s&#xA;Sep 10 02:59:00.006: INFO: Pod &#34;var-expansion-61d93b5c-b4a5-11e8-bc45-00073e906c7f&#34;: Phase=&#34;Pending&#34;, Reason=&#34;&#34;, readiness=false. Elapsed: 36.09537996s&#xA;Sep 10 02:59:02.010: INFO: Pod &#34;var-expansion-61d93b5c-b4a5-11e8-bc45-00073e906c7f&#34;: Phase=&#34;Pending&#34;, Reason=&#34;&#34;, readiness=false. Elapsed: 38.10002278s&#xA;Sep 10 02:59:04.016: INFO: Pod &#34;var-expansion-61d93b5c-b4a5-11e8-bc45-00073e906c7f&#34;: Phase=&#34;Pending&#34;, Reason=&#34;&#34;, readiness=false. Elapsed: 40.1053854s&#xA;Sep 10 02:59:06.021: INFO: Pod &#34;var-expansion-61d93b5c-b4a5-11e8-bc45-00073e906c7f&#34;: Phase=&#34;Pending&#34;, Reason=&#34;&#34;, readiness=false. Elapsed: 42.110445s&#xA;Sep 10 02:59:08.026: INFO: Pod &#34;var-expansion-61d93b5c-b4a5-11e8-bc45-00073e906c7f&#34;: Phase=&#34;Pending&#34;, Reason=&#34;&#34;, readiness=false. Elapsed: 44.11508766s&#xA;Sep 10 02:59:10.031: INFO: Pod &#34;var-expansion-61d93b5c-b4a5-11e8-bc45-00073e906c7f&#34;: Phase=&#34;Pending&#34;, Reason=&#34;&#34;, readiness=false. Elapsed: 46.12046246s&#xA;Sep 10 02:59:12.036: INFO: Pod &#34;var-expansion-61d93b5c-b4a5-11e8-bc45-00073e906c7f&#34;: Phase=&#34;Pending&#34;, Reason=&#34;&#34;, readiness=false. Elapsed: 48.12515976s&#xA;Sep 10 02:59:14.040: INFO: Pod &#34;var-expansion-61d93b5c-b4a5-11e8-bc45-00073e906c7f&#34;: Phase=&#34;Pending&#34;, Reason=&#34;&#34;, readiness=false. Elapsed: 50.1298872s&#xA;Sep 10 02:59:16.045: INFO: Pod &#34;var-expansion-61d93b5c-b4a5-11e8-bc45-00073e906c7f&#34;: Phase=&#34;Pending&#34;, Reason=&#34;&#34;, readiness=false. Elapsed: 52.13487268s&#xA;Sep 10 02:59:18.050: INFO: Pod &#34;var-expansion-61d93b5c-b4a5-11e8-bc45-00073e906c7f&#34;: Phase=&#34;Pending&#34;, Reason=&#34;&#34;, readiness=false. Elapsed: 54.13969906s&#xA;Sep 10 02:59:20.055: INFO: Pod &#34;var-expansion-61d93b5c-b4a5-11e8-bc45-00073e906c7f&#34;: Phase=&#34;Pending&#34;, Reason=&#34;&#34;, readiness=false. Elapsed: 56.1444858s&#xA;Sep 10 02:59:22.060: INFO: Pod &#34;var-expansion-61d93b5c-b4a5-11e8-bc45-00073e906c7f&#34;: Phase=&#34;Pending&#34;, Reason=&#34;&#34;, readiness=false. Elapsed: 58.149376s&#xA;Sep 10 02:59:24.065: INFO: Pod &#34;var-expansion-61d93b5c-b4a5-11e8-bc45-00073e906c7f&#34;: Phase=&#34;Pending&#34;, Reason=&#34;&#34;, readiness=false. Elapsed: 1m0.15427094s&#xA;Sep 10 02:59:26.070: INFO: Pod &#34;var-expansion-61d93b5c-b4a5-11e8-bc45-00073e906c7f&#34;: Phase=&#34;Pending&#34;, Reason=&#34;&#34;, readiness=false. Elapsed: 1m2.15929308s&#xA;Sep 10 02:59:28.075: INFO: Pod &#34;var-expansion-61d93b5c-b4a5-11e8-bc45-00073e906c7f&#34;: Phase=&#34;Pending&#34;, Reason=&#34;&#34;, readiness=false. Elapsed: 1m4.16420442s&#xA;Sep 10 02:59:30.080: INFO: Pod &#34;var-expansion-61d93b5c-b4a5-11e8-bc45-00073e906c7f&#34;: Phase=&#34;Pending&#34;, Reason=&#34;&#34;, readiness=false. Elapsed: 1m6.1692961s&#xA;Sep 10 02:59:32.085: INFO: Pod &#34;var-expansion-61d93b5c-b4a5-11e8-bc45-00073e906c7f&#34;: Phase=&#34;Pending&#34;, Reason=&#34;&#34;, readiness=false. Elapsed: 1m8.17432504s&#xA;Sep 10 02:59:34.090: INFO: Pod &#34;var-expansion-61d93b5c-b4a5-11e8-bc45-00073e906c7f&#34;: Phase=&#34;Pending&#34;, Reason=&#34;&#34;, readiness=false. Elapsed: 1m10.17922674s&#xA;Sep 10 02:59:36.094: INFO: Pod &#34;var-expansion-61d93b5c-b4a5-11e8-bc45-00073e906c7f&#34;: Phase=&#34;Pending&#34;, Reason=&#34;&#34;, readiness=false. Elapsed: 1m12.18399564s&#xA;Sep 10 02:59:38.099: INFO: Pod &#34;var-expansion-61d93b5c-b4a5-11e8-bc45-00073e906c7f&#34;: Phase=&#34;Pending&#34;, Reason=&#34;&#34;, readiness=false. Elapsed: 1m14.18899752s&#xA;Sep 10 02:59:40.104: INFO: Pod &#34;var-expansion-61d93b5c-b4a5-11e8-bc45-00073e906c7f&#34;: Phase=&#34;Pending&#34;, Reason=&#34;&#34;, readiness=false. Elapsed: 1m16.1939979s&#xA;Sep 10 02:59:42.109: INFO: Pod &#34;var-expansion-61d93b5c-b4a5-11e8-bc45-00073e906c7f&#34;: Phase=&#34;Pending&#34;, Reason=&#34;&#34;, readiness=false. Elapsed: 1m18.19892498s&#xA;Sep 10 02:59:44.114: INFO: Pod &#34;var-expansion-61d93b5c-b4a5-11e8-bc45-00073e906c7f&#34;: Phase=&#34;Pending&#34;, Reason=&#34;&#34;, readiness=false. Elapsed: 1m20.20388934s&#xA;Sep 10 02:59:46.119: INFO: Pod &#34;var-expansion-61d93b5c-b4a5-11e8-bc45-00073e906c7f&#34;: Phase=&#34;Pending&#34;, Reason=&#34;&#34;, readiness=false. Elapsed: 1m22.20852942s&#xA;Sep 10 02:59:48.124: INFO: Pod &#34;var-expansion-61d93b5c-b4a5-11e8-bc45-00073e906c7f&#34;: Phase=&#34;Pending&#34;, Reason=&#34;&#34;, readiness=false. Elapsed: 1m24.2135987s&#xA;Sep 10 02:59:50.129: INFO: Pod &#34;var-expansion-61d93b5c-b4a5-11e8-bc45-00073e906c7f&#34;: Phase=&#34;Pending&#34;, Reason=&#34;&#34;, readiness=false. Elapsed: 1m26.21861326s&#xA;Sep 10 02:59:52.134: INFO: Pod &#34;var-expansion-61d93b5c-b4a5-11e8-bc45-00073e906c7f&#34;: Phase=&#34;Pending&#34;, Reason=&#34;&#34;, readiness=false. Elapsed: 1m28.2235871s&#xA;Sep 10 02:59:54.139: INFO: Pod &#34;var-expansion-61d93b5c-b4a5-11e8-bc45-00073e906c7f&#34;: Phase=&#34;Pending&#34;, Reason=&#34;&#34;, readiness=false. Elapsed: 1m30.22841934s&#xA;Sep 10 02:59:56.144: INFO: Pod &#34;var-expansion-61d93b5c-b4a5-11e8-bc45-00073e906c7f&#34;: Phase=&#34;Pending&#34;, Reason=&#34;&#34;, readiness=false. Elapsed: 1m32.2334505s&#xA;Sep 10 02:59:58.149: INFO: Pod &#34;var-expansion-61d93b5c-b4a5-11e8-bc45-00073e906c7f&#34;: Phase=&#34;Pending&#34;, Reason=&#34;&#34;, readiness=false. Elapsed: 1m34.23853062s&#xA;Sep 10 03:00:00.154: INFO: Pod &#34;var-expansion-61d93b5c-b4a5-11e8-bc45-00073e906c7f&#34;: Phase=&#34;Pending&#34;, Reason=&#34;&#34;, readiness=false. Elapsed: 1m36.24341416s&#xA;Sep 10 03:00:02.159: INFO: Pod &#34;var-expansion-61d93b5c-b4a5-11e8-bc45-00073e906c7f&#34;: Phase=&#34;Pending&#34;, Reason=&#34;&#34;, readiness=false. Elapsed: 1m38.24853212s&#xA;Sep 10 03:00:04.164: INFO: Pod &#34;var-expansion-61d93b5c-b4a5-11e8-bc45-00073e906c7f&#34;: Phase=&#34;Pending&#34;, Reason=&#34;&#34;, readiness=false. Elapsed: 1m40.2535394s&#xA;Sep 10 03:00:06.169: INFO: Pod &#34;var-expansion-61d93b5c-b4a5-11e8-bc45-00073e906c7f&#34;: Phase=&#34;Pending&#34;, Reason=&#34;&#34;, readiness=false. Elapsed: 1m42.25847178s&#xA;Sep 10 03:00:08.174: INFO: Pod &#34;var-expansion-61d93b5c-b4a5-11e8-bc45-00073e906c7f&#34;: Phase=&#34;Pending&#34;, Reason=&#34;&#34;, readiness=false. Elapsed: 1m44.26330132s&#xA;Sep 10 03:00:10.178: INFO: Pod &#34;var-expansion-61d93b5c-b4a5-11e8-bc45-00073e906c7f&#34;: Phase=&#34;Pending&#34;, Reason=&#34;&#34;, readiness=false. Elapsed: 1m46.26796218s&#xA;Sep 10 03:00:12.183: INFO: Pod &#34;var-expansion-61d93b5c-b4a5-11e8-bc45-00073e906c7f&#34;: Phase=&#34;Pending&#34;, Reason=&#34;&#34;, readiness=false. Elapsed: 1m48.27263324s&#xA;Sep 10 03:00:14.188: INFO: Pod &#34;var-expansion-61d93b5c-b4a5-11e8-bc45-00073e906c7f&#34;: Phase=&#34;Pending&#34;, Reason=&#34;&#34;, readiness=false. Elapsed: 1m50.27755226s&#xA;Sep 10 03:00:16.193: INFO: Pod &#34;var-expansion-61d93b5c-b4a5-11e8-bc45-00073e906c7f&#34;: Phase=&#34;Pending&#34;, Reason=&#34;&#34;, readiness=false. Elapsed: 1m52.28223552s&#xA;Sep 10 03:00:18.198: INFO: Pod &#34;var-expansion-61d93b5c-b4a5-11e8-bc45-00073e906c7f&#34;: Phase=&#34;Pending&#34;, Reason=&#34;&#34;, readiness=false. Elapsed: 1m54.28727896s&#xA;Sep 10 03:00:20.202: INFO: Pod &#34;var-expansion-61d93b5c-b4a5-11e8-bc45-00073e906c7f&#34;: Phase=&#34;Pending&#34;, Reason=&#34;&#34;, readiness=false. Elapsed: 1m56.29196274s&#xA;Sep 10 03:00:22.207: INFO: Pod &#34;var-expansion-61d93b5c-b4a5-11e8-bc45-00073e906c7f&#34;: Phase=&#34;Pending&#34;, Reason=&#34;&#34;, readiness=false. Elapsed: 1m58.2966423s&#xA;Sep 10 03:00:24.212: INFO: Pod &#34;var-expansion-61d93b5c-b4a5-11e8-bc45-00073e906c7f&#34;: Phase=&#34;Pending&#34;, Reason=&#34;&#34;, readiness=false. Elapsed: 2m0.30159548s&#xA;Sep 10 03:00:26.217: INFO: Pod &#34;var-expansion-61d93b5c-b4a5-11e8-bc45-00073e906c7f&#34;: Phase=&#34;Pending&#34;, Reason=&#34;&#34;, readiness=false. Elapsed: 2m2.30624128s&#xA;Sep 10 03:00:28.222: INFO: Pod &#34;var-expansion-61d93b5c-b4a5-11e8-bc45-00073e906c7f&#34;: Phase=&#34;Pending&#34;, Reason=&#34;&#34;, readiness=false. Elapsed: 2m4.31105688s&#xA;Sep 10 03:00:30.226: INFO: Pod &#34;var-expansion-61d93b5c-b4a5-11e8-bc45-00073e906c7f&#34;: Phase=&#34;Pending&#34;, Reason=&#34;&#34;, readiness=false. Elapsed: 2m6.31593638s&#xA;Sep 10 03:00:32.231: INFO: Pod &#34;var-expansion-61d93b5c-b4a5-11e8-bc45-00073e906c7f&#34;: Phase=&#34;Pending&#34;, Reason=&#34;&#34;, readiness=false. Elapsed: 2m8.32091304s&#xA;Sep 10 03:00:34.236: INFO: Pod &#34;var-expansion-61d93b5c-b4a5-11e8-bc45-00073e906c7f&#34;: Phase=&#34;Pending&#34;, Reason=&#34;&#34;, readiness=false. Elapsed: 2m10.32570642s&#xA;Sep 10 03:00:36.241: INFO: Pod &#34;var-expansion-61d93b5c-b4a5-11e8-bc45-00073e906c7f&#34;: Phase=&#34;Pending&#34;, Reason=&#34;&#34;, readiness=false. Elapsed: 2m12.33071058s&#xA;Sep 10 03:00:38.246: INFO: Pod &#34;var-expansion-61d93b5c-b4a5-11e8-bc45-00073e906c7f&#34;: Phase=&#34;Pending&#34;, Reason=&#34;&#34;, readiness=false. Elapsed: 2m14.33555412s&#xA;Sep 10 03:00:40.251: INFO: Pod &#34;var-expansion-61d93b5c-b4a5-11e8-bc45-00073e906c7f&#34;: Phase=&#34;Pending&#34;, Reason=&#34;&#34;, readiness=false. Elapsed: 2m16.34043684s&#xA;Sep 10 03:00:42.256: INFO: Pod &#34;var-expansion-61d93b5c-b4a5-11e8-bc45-00073e906c7f&#34;: Phase=&#34;Pending&#34;, Reason=&#34;&#34;, readiness=false. Elapsed: 2m18.345407s&#xA;Sep 10 03:00:44.261: INFO: Pod &#34;var-expansion-61d93b5c-b4a5-11e8-bc45-00073e906c7f&#34;: Phase=&#34;Pending&#34;, Reason=&#34;&#34;, readiness=false. Elapsed: 2m20.3501383s&#xA;Sep 10 03:00:46.266: INFO: Pod &#34;var-expansion-61d93b5c-b4a5-11e8-bc45-00073e906c7f&#34;: Phase=&#34;Pending&#34;, Reason=&#34;&#34;, readiness=false. Elapsed: 2m22.35520626s&#xA;Sep 10 03:00:48.270: INFO: Pod &#34;var-expansion-61d93b5c-b4a5-11e8-bc45-00073e906c7f&#34;: Phase=&#34;Pending&#34;, Reason=&#34;&#34;, readiness=false. Elapsed: 2m24.36001054s&#xA;Sep 10 03:00:50.275: INFO: Pod &#34;var-expansion-61d93b5c-b4a5-11e8-bc45-00073e906c7f&#34;: Phase=&#34;Pending&#34;, Reason=&#34;&#34;, readiness=false. Elapsed: 2m26.3648033s&#xA;Sep 10 03:00:52.280: INFO: Pod &#34;var-expansion-61d93b5c-b4a5-11e8-bc45-00073e906c7f&#34;: Phase=&#34;Pending&#34;, Reason=&#34;&#34;, readiness=false. Elapsed: 2m28.36976608s&#xA;Sep 10 03:00:54.285: INFO: Pod &#34;var-expansion-61d93b5c-b4a5-11e8-bc45-00073e906c7f&#34;: Phase=&#34;Pending&#34;, Reason=&#34;&#34;, readiness=false. Elapsed: 2m30.37469628s&#xA;Sep 10 03:00:56.290: INFO: Pod &#34;var-expansion-61d93b5c-b4a5-11e8-bc45-00073e906c7f&#34;: Phase=&#34;Pending&#34;, Reason=&#34;&#34;, readiness=false. Elapsed: 2m32.37998094s&#xA;Sep 10 03:00:58.296: INFO: Pod &#34;var-expansion-61d93b5c-b4a5-11e8-bc45-00073e906c7f&#34;: Phase=&#34;Pending&#34;, Reason=&#34;&#34;, readiness=false. Elapsed: 2m34.38507648s&#xA;Sep 10 03:01:00.300: INFO: Pod &#34;var-expansion-61d93b5c-b4a5-11e8-bc45-00073e906c7f&#34;: Phase=&#34;Pending&#34;, Reason=&#34;&#34;, readiness=false. Elapsed: 2m36.38972366s&#xA;Sep 10 03:01:02.305: INFO: Pod &#34;var-expansion-61d93b5c-b4a5-11e8-bc45-00073e906c7f&#34;: Phase=&#34;Pending&#34;, Reason=&#34;&#34;, readiness=false. Elapsed: 2m38.39440598s&#xA;Sep 10 03:01:04.310: INFO: Pod &#34;var-expansion-61d93b5c-b4a5-11e8-bc45-00073e906c7f&#34;: Phase=&#34;Pending&#34;, Reason=&#34;&#34;, readiness=false. Elapsed: 2m40.39937578s&#xA;Sep 10 03:01:06.315: INFO: Pod &#34;var-expansion-61d93b5c-b4a5-11e8-bc45-00073e906c7f&#34;: Phase=&#34;Pending&#34;, Reason=&#34;&#34;, readiness=false. Elapsed: 2m42.40409084s&#xA;Sep 10 03:01:08.320: INFO: Pod &#34;var-expansion-61d93b5c-b4a5-11e8-bc45-00073e906c7f&#34;: Phase=&#34;Pending&#34;, Reason=&#34;&#34;, readiness=false. Elapsed: 2m44.40918214s&#xA;Sep 10 03:01:10.325: INFO: Pod &#34;var-expansion-61d93b5c-b4a5-11e8-bc45-00073e906c7f&#34;: Phase=&#34;Pending&#34;, Reason=&#34;&#34;, readiness=false. Elapsed: 2m46.41420296s&#xA;Sep 10 03:01:12.330: INFO: Pod &#34;var-expansion-61d93b5c-b4a5-11e8-bc45-00073e906c7f&#34;: Phase=&#34;Pending&#34;, Reason=&#34;&#34;, readiness=false. Elapsed: 2m48.41914736s&#xA;Sep 10 03:01:14.334: INFO: Pod &#34;var-expansion-61d93b5c-b4a5-11e8-bc45-00073e906c7f&#34;: Phase=&#34;Pending&#34;, Reason=&#34;&#34;, readiness=false. Elapsed: 2m50.4238691s&#xA;Sep 10 03:01:16.339: INFO: Pod &#34;var-expansion-61d93b5c-b4a5-11e8-bc45-00073e906c7f&#34;: Phase=&#34;Pending&#34;, Reason=&#34;&#34;, readiness=false. Elapsed: 2m52.42869458s&#xA;Sep 10 03:01:18.344: INFO: Pod &#34;var-expansion-61d93b5c-b4a5-11e8-bc45-00073e906c7f&#34;: Phase=&#34;Pending&#34;, Reason=&#34;&#34;, readiness=false. Elapsed: 2m54.43328834s&#xA;Sep 10 03:01:20.349: INFO: Pod &#34;var-expansion-61d93b5c-b4a5-11e8-bc45-00073e906c7f&#34;: Phase=&#34;Pending&#34;, Reason=&#34;&#34;, readiness=false. Elapsed: 2m56.4380918s&#xA;Sep 10 03:01:22.353: INFO: Pod &#34;var-expansion-61d93b5c-b4a5-11e8-bc45-00073e906c7f&#34;: Phase=&#34;Pending&#34;, Reason=&#34;&#34;, readiness=false. Elapsed: 2m58.44299128s&#xA;Sep 10 03:01:24.358: INFO: Pod &#34;var-expansion-61d93b5c-b4a5-11e8-bc45-00073e906c7f&#34;: Phase=&#34;Pending&#34;, Reason=&#34;&#34;, readiness=false. Elapsed: 3m0.44790114s&#xA;Sep 10 03:01:26.365: INFO: Pod &#34;var-expansion-61d93b5c-b4a5-11e8-bc45-00073e906c7f&#34;: Phase=&#34;Pending&#34;, Reason=&#34;&#34;, readiness=false. Elapsed: 3m2.4542394s&#xA;Sep 10 03:01:28.370: INFO: Pod &#34;var-expansion-61d93b5c-b4a5-11e8-bc45-00073e906c7f&#34;: Phase=&#34;Pending&#34;, Reason=&#34;&#34;, readiness=false. Elapsed: 3m4.45922738s&#xA;Sep 10 03:01:30.375: INFO: Pod &#34;var-expansion-61d93b5c-b4a5-11e8-bc45-00073e906c7f&#34;: Phase=&#34;Pending&#34;, Reason=&#34;&#34;, readiness=false. Elapsed: 3m6.46424196s&#xA;Sep 10 03:01:32.380: INFO: Pod &#34;var-expansion-61d93b5c-b4a5-11e8-bc45-00073e906c7f&#34;: Phase=&#34;Pending&#34;, Reason=&#34;&#34;, readiness=false. Elapsed: 3m8.46931168s&#xA;Sep 10 03:01:34.385: INFO: Pod &#34;var-expansion-61d93b5c-b4a5-11e8-bc45-00073e906c7f&#34;: Phase=&#34;Pending&#34;, Reason=&#34;&#34;, readiness=false. Elapsed: 3m10.47451532s&#xA;Sep 10 03:01:36.390: INFO: Pod &#34;var-expansion-61d93b5c-b4a5-11e8-bc45-00073e906c7f&#34;: Phase=&#34;Pending&#34;, Reason=&#34;&#34;, readiness=false. Elapsed: 3m12.47945432s&#xA;Sep 10 03:01:38.395: INFO: Pod &#34;var-expansion-61d93b5c-b4a5-11e8-bc45-00073e906c7f&#34;: Phase=&#34;Pending&#34;, Reason=&#34;&#34;, readiness=false. Elapsed: 3m14.48465456s&#xA;Sep 10 03:01:40.404: INFO: Pod &#34;var-expansion-61d93b5c-b4a5-11e8-bc45-00073e906c7f&#34;: Phase=&#34;Pending&#34;, Reason=&#34;&#34;, readiness=false. Elapsed: 3m16.49356248s&#xA;Sep 10 03:01:42.409: INFO: Pod &#34;var-expansion-61d93b5c-b4a5-11e8-bc45-00073e906c7f&#34;: Phase=&#34;Pending&#34;, Reason=&#34;&#34;, readiness=false. Elapsed: 3m18.49846894s&#xA;Sep 10 03:01:44.414: INFO: Pod &#34;var-expansion-61d93b5c-b4a5-11e8-bc45-00073e906c7f&#34;: Phase=&#34;Pending&#34;, Reason=&#34;&#34;, readiness=false. Elapsed: 3m20.50343788s&#xA;Sep 10 03:01:46.419: INFO: Pod &#34;var-expansion-61d93b5c-b4a5-11e8-bc45-00073e906c7f&#34;: Phase=&#34;Pending&#34;, Reason=&#34;&#34;, readiness=false. Elapsed: 3m22.50851252s&#xA;Sep 10 03:01:48.424: INFO: Pod &#34;var-expansion-61d93b5c-b4a5-11e8-bc45-00073e906c7f&#34;: Phase=&#34;Pending&#34;, Reason=&#34;&#34;, readiness=false. Elapsed: 3m24.5135995s&#xA;Sep 10 03:01:50.429: INFO: Pod &#34;var-expansion-61d93b5c-b4a5-11e8-bc45-00073e906c7f&#34;: Phase=&#34;Pending&#34;, Reason=&#34;&#34;, readiness=false. Elapsed: 3m26.51849282s&#xA;Sep 10 03:01:52.434: INFO: Pod &#34;var-expansion-61d93b5c-b4a5-11e8-bc45-00073e906c7f&#34;: Phase=&#34;Pending&#34;, Reason=&#34;&#34;, readiness=false. Elapsed: 3m28.52329238s&#xA;Sep 10 03:01:54.439: INFO: Pod &#34;var-expansion-61d93b5c-b4a5-11e8-bc45-00073e906c7f&#34;: Phase=&#34;Pending&#34;, Reason=&#34;&#34;, readiness=false. Elapsed: 3m30.5282885s&#xA;Sep 10 03:01:56.444: INFO: Pod &#34;var-expansion-61d93b5c-b4a5-11e8-bc45-00073e906c7f&#34;: Phase=&#34;Pending&#34;, Reason=&#34;&#34;, readiness=false. Elapsed: 3m32.53315276s&#xA;Sep 10 03:01:58.448: INFO: Pod &#34;var-expansion-61d93b5c-b4a5-11e8-bc45-00073e906c7f&#34;: Phase=&#34;Pending&#34;, Reason=&#34;&#34;, readiness=false. Elapsed: 3m34.5379606s&#xA;Sep 10 03:02:00.453: INFO: Pod &#34;var-expansion-61d93b5c-b4a5-11e8-bc45-00073e906c7f&#34;: Phase=&#34;Pending&#34;, Reason=&#34;&#34;, readiness=false. Elapsed: 3m36.5428852s&#xA;Sep 10 03:02:02.458: INFO: Pod &#34;var-expansion-61d93b5c-b4a5-11e8-bc45-00073e906c7f&#34;: Phase=&#34;Pending&#34;, Reason=&#34;&#34;, readiness=false. Elapsed: 3m38.54749122s&#xA;Sep 10 03:02:04.463: INFO: Pod &#34;var-expansion-61d93b5c-b4a5-11e8-bc45-00073e906c7f&#34;: Phase=&#34;Pending&#34;, Reason=&#34;&#34;, readiness=false. Elapsed: 3m40.55235336s&#xA;Sep 10 03:02:06.468: INFO: Pod &#34;var-expansion-61d93b5c-b4a5-11e8-bc45-00073e906c7f&#34;: Phase=&#34;Pending&#34;, Reason=&#34;&#34;, readiness=false. Elapsed: 3m42.55731698s&#xA;Sep 10 03:02:08.473: INFO: Pod &#34;var-expansion-61d93b5c-b4a5-11e8-bc45-00073e906c7f&#34;: Phase=&#34;Pending&#34;, Reason=&#34;&#34;, readiness=false. Elapsed: 3m44.5624528s&#xA;Sep 10 03:02:10.478: INFO: Pod &#34;var-expansion-61d93b5c-b4a5-11e8-bc45-00073e906c7f&#34;: Phase=&#34;Pending&#34;, Reason=&#34;&#34;, readiness=false. Elapsed: 3m46.56706362s&#xA;Sep 10 03:02:12.482: INFO: Pod &#34;var-expansion-61d93b5c-b4a5-11e8-bc45-00073e906c7f&#34;: Phase=&#34;Pending&#34;, Reason=&#34;&#34;, readiness=false. Elapsed: 3m48.57192472s&#xA;Sep 10 03:02:14.487: INFO: Pod &#34;var-expansion-61d93b5c-b4a5-11e8-bc45-00073e906c7f&#34;: Phase=&#34;Pending&#34;, Reason=&#34;&#34;, readiness=false. Elapsed: 3m50.57671612s&#xA;Sep 10 03:02:16.492: INFO: Pod &#34;var-expansion-61d93b5c-b4a5-11e8-bc45-00073e906c7f&#34;: Phase=&#34;Pending&#34;, Reason=&#34;&#34;, readiness=false. Elapsed: 3m52.581437s&#xA;Sep 10 03:02:18.497: INFO: Pod &#34;var-expansion-61d93b5c-b4a5-11e8-bc45-00073e906c7f&#34;: Phase=&#34;Pending&#34;, Reason=&#34;&#34;, readiness=false. Elapsed: 3m54.58641422s&#xA;Sep 10 03:02:20.502: INFO: Pod &#34;var-expansion-61d93b5c-b4a5-11e8-bc45-00073e906c7f&#34;: Phase=&#34;Pending&#34;, Reason=&#34;&#34;, readiness=false. Elapsed: 3m56.59111418s&#xA;Sep 10 03:02:22.506: INFO: Pod &#34;var-expansion-61d93b5c-b4a5-11e8-bc45-00073e906c7f&#34;: Phase=&#34;Pending&#34;, Reason=&#34;&#34;, readiness=false. Elapsed: 3m58.59565982s&#xA;Sep 10 03:02:24.511: INFO: Pod &#34;var-expansion-61d93b5c-b4a5-11e8-bc45-00073e906c7f&#34;: Phase=&#34;Pending&#34;, Reason=&#34;&#34;, readiness=false. Elapsed: 4m0.60041818s&#xA;Sep 10 03:02:26.516: INFO: Pod &#34;var-expansion-61d93b5c-b4a5-11e8-bc45-00073e906c7f&#34;: Phase=&#34;Pending&#34;, Reason=&#34;&#34;, readiness=false. Elapsed: 4m2.6051721s&#xA;Sep 10 03:02:28.520: INFO: Pod &#34;var-expansion-61d93b5c-b4a5-11e8-bc45-00073e906c7f&#34;: Phase=&#34;Pending&#34;, Reason=&#34;&#34;, readiness=false. Elapsed: 4m4.60988866s&#xA;Sep 10 03:02:30.525: INFO: Pod &#34;var-expansion-61d93b5c-b4a5-11e8-bc45-00073e906c7f&#34;: Phase=&#34;Pending&#34;, Reason=&#34;&#34;, readiness=false. Elapsed: 4m6.61463578s&#xA;Sep 10 03:02:32.530: INFO: Pod &#34;var-expansion-61d93b5c-b4a5-11e8-bc45-00073e906c7f&#34;: Phase=&#34;Pending&#34;, Reason=&#34;&#34;, readiness=false. Elapsed: 4m8.61928338s&#xA;Sep 10 03:02:34.535: INFO: Pod &#34;var-expansion-61d93b5c-b4a5-11e8-bc45-00073e906c7f&#34;: Phase=&#34;Pending&#34;, Reason=&#34;&#34;, readiness=false. Elapsed: 4m10.62404772s&#xA;Sep 10 03:02:36.540: INFO: Pod &#34;var-expansion-61d93b5c-b4a5-11e8-bc45-00073e906c7f&#34;: Phase=&#34;Pending&#34;, Reason=&#34;&#34;, readiness=false. Elapsed: 4m12.6292369s&#xA;Sep 10 03:02:38.544: INFO: Pod &#34;var-expansion-61d93b5c-b4a5-11e8-bc45-00073e906c7f&#34;: Phase=&#34;Pending&#34;, Reason=&#34;&#34;, readiness=false. Elapsed: 4m14.63380624s&#xA;Sep 10 03:02:40.549: INFO: Pod &#34;var-expansion-61d93b5c-b4a5-11e8-bc45-00073e906c7f&#34;: Phase=&#34;Pending&#34;, Reason=&#34;&#34;, readiness=false. Elapsed: 4m16.63841602s&#xA;Sep 10 03:02:42.553: INFO: Pod &#34;var-expansion-61d93b5c-b4a5-11e8-bc45-00073e906c7f&#34;: Phase=&#34;Pending&#34;, Reason=&#34;&#34;, readiness=false. Elapsed: 4m18.64302672s&#xA;Sep 10 03:02:44.558: INFO: Pod &#34;var-expansion-61d93b5c-b4a5-11e8-bc45-00073e906c7f&#34;: Phase=&#34;Pending&#34;, Reason=&#34;&#34;, readiness=false. Elapsed: 4m20.6477321s&#xA;Sep 10 03:02:46.563: INFO: Pod &#34;var-expansion-61d93b5c-b4a5-11e8-bc45-00073e906c7f&#34;: Phase=&#34;Pending&#34;, Reason=&#34;&#34;, readiness=false. Elapsed: 4m22.6523549s&#xA;Sep 10 03:02:48.569: INFO: Pod &#34;var-expansion-61d93b5c-b4a5-11e8-bc45-00073e906c7f&#34;: Phase=&#34;Pending&#34;, Reason=&#34;&#34;, readiness=false. Elapsed: 4m24.6584739s&#xA;Sep 10 03:02:50.574: INFO: Pod &#34;var-expansion-61d93b5c-b4a5-11e8-bc45-00073e906c7f&#34;: Phase=&#34;Pending&#34;, Reason=&#34;&#34;, readiness=false. Elapsed: 4m26.6636922s&#xA;Sep 10 03:02:52.579: INFO: Pod &#34;var-expansion-61d93b5c-b4a5-11e8-bc45-00073e906c7f&#34;: Phase=&#34;Pending&#34;, Reason=&#34;&#34;, readiness=false. Elapsed: 4m28.66882504s&#xA;Sep 10 03:02:54.584: INFO: Pod &#34;var-expansion-61d93b5c-b4a5-11e8-bc45-00073e906c7f&#34;: Phase=&#34;Pending&#34;, Reason=&#34;&#34;, readiness=false. Elapsed: 4m30.67392812s&#xA;Sep 10 03:02:56.589: INFO: Pod &#34;var-expansion-61d93b5c-b4a5-11e8-bc45-00073e906c7f&#34;: Phase=&#34;Pending&#34;, Reason=&#34;&#34;, readiness=false. Elapsed: 4m32.67899092s&#xA;Sep 10 03:02:58.594: INFO: Pod &#34;var-expansion-61d93b5c-b4a5-11e8-bc45-00073e906c7f&#34;: Phase=&#34;Pending&#34;, Reason=&#34;&#34;, readiness=false. Elapsed: 4m34.68370546s&#xA;Sep 10 03:03:00.599: INFO: Pod &#34;var-expansion-61d93b5c-b4a5-11e8-bc45-00073e906c7f&#34;: Phase=&#34;Pending&#34;, Reason=&#34;&#34;, readiness=false. Elapsed: 4m36.68895414s&#xA;Sep 10 03:03:02.604: INFO: Pod &#34;var-expansion-61d93b5c-b4a5-11e8-bc45-00073e906c7f&#34;: Phase=&#34;Pending&#34;, Reason=&#34;&#34;, readiness=false. Elapsed: 4m38.69392086s&#xA;Sep 10 03:03:04.609: INFO: Pod &#34;var-expansion-61d93b5c-b4a5-11e8-bc45-00073e906c7f&#34;: Phase=&#34;Pending&#34;, Reason=&#34;&#34;, readiness=false. Elapsed: 4m40.69903758s&#xA;Sep 10 03:03:06.614: INFO: Pod &#34;var-expansion-61d93b5c-b4a5-11e8-bc45-00073e906c7f&#34;: Phase=&#34;Pending&#34;, Reason=&#34;&#34;, readiness=false. Elapsed: 4m42.7036749s&#xA;Sep 10 03:03:08.619: INFO: Pod &#34;var-expansion-61d93b5c-b4a5-11e8-bc45-00073e906c7f&#34;: Phase=&#34;Pending&#34;, Reason=&#34;&#34;, readiness=false. Elapsed: 4m44.70866292s&#xA;Sep 10 03:03:10.625: INFO: Pod &#34;var-expansion-61d93b5c-b4a5-11e8-bc45-00073e906c7f&#34;: Phase=&#34;Pending&#34;, Reason=&#34;&#34;, readiness=false. Elapsed: 4m46.71413178s&#xA;Sep 10 03:03:12.630: INFO: Pod &#34;var-expansion-61d93b5c-b4a5-11e8-bc45-00073e906c7f&#34;: Phase=&#34;Pending&#34;, Reason=&#34;&#34;, readiness=false. Elapsed: 4m48.71921354s&#xA;Sep 10 03:03:14.635: INFO: Pod &#34;var-expansion-61d93b5c-b4a5-11e8-bc45-00073e906c7f&#34;: Phase=&#34;Pending&#34;, Reason=&#34;&#34;, readiness=false. Elapsed: 4m50.72422428s&#xA;Sep 10 03:03:16.640: INFO: Pod &#34;var-expansion-61d93b5c-b4a5-11e8-bc45-00073e906c7f&#34;: Phase=&#34;Pending&#34;, Reason=&#34;&#34;, readiness=false. Elapsed: 4m52.72914822s&#xA;Sep 10 03:03:18.645: INFO: Pod &#34;var-expansion-61d93b5c-b4a5-11e8-bc45-00073e906c7f&#34;: Phase=&#34;Pending&#34;, Reason=&#34;&#34;, readiness=false. Elapsed: 4m54.73436128s&#xA;Sep 10 03:03:20.650: INFO: Pod &#34;var-expansion-61d93b5c-b4a5-11e8-bc45-00073e906c7f&#34;: Phase=&#34;Pending&#34;, Reason=&#34;&#34;, readiness=false. Elapsed: 4m56.73921284s&#xA;Sep 10 03:03:22.655: INFO: Pod &#34;var-expansion-61d93b5c-b4a5-11e8-bc45-00073e906c7f&#34;: Phase=&#34;Pending&#34;, Reason=&#34;&#34;, readiness=false. Elapsed: 4m58.744216s&#xA;Sep 10 03:03:24.670: INFO: Failed to get logs from node &#34;node3&#34; pod &#34;var-expansion-61d93b5c-b4a5-11e8-bc45-00073e906c7f&#34; container &#34;dapi-container&#34;: the server rejected our request for an unknown reason (get pods var-expansion-61d93b5c-b4a5-11e8-bc45-00073e906c7f)&#xA;�[1mSTEP�[0m: delete the pod&#xA;Sep 10 03:03:24.677: INFO: Waiting for pod var-expansion-61d93b5c-b4a5-11e8-bc45-00073e906c7f to disappear&#xA;Sep 10 03:03:24.683: INFO: Pod var-expansion-61d93b5c-b4a5-11e8-bc45-00073e906c7f still exists&#xA;Sep 10 03:03:26.684: INFO: Waiting for pod var-expansion-61d93b5c-b4a5-11e8-bc45-00073e906c7f to disappear&#xA;Sep 10 03:03:26.689: INFO: Pod var-expansion-61d93b5c-b4a5-11e8-bc45-00073e906c7f still exists&#xA;Sep 10 03:03:28.684: INFO: Waiting for pod var-expansion-61d93b5c-b4a5-11e8-bc45-00073e906c7f to disappear&#xA;Sep 10 03:03:28.688: INFO: Pod var-expansion-61d93b5c-b4a5-11e8-bc45-00073e906c7f no longer exists&#xA;Sep 10 03:03:28.688: INFO: Unexpected error occurred: expected pod &#34;var-expansion-61d93b5c-b4a5-11e8-bc45-00073e906c7f&#34; success: Gave up after waiting 5m0s for pod &#34;var-expansion-61d93b5c-b4a5-11e8-bc45-00073e906c7f&#34; to be &#34;success or failure&#34;&#xA;[AfterEach] [k8s.io] Variable Expansion&#xA;  /root/gopath/src/k8s.io/kubernetes/_output/local/go/src/k8s.io/kubernetes/test/e2e/framework/framework.go:142&#xA;�[1mSTEP�[0m: Collecting events from namespace &#34;e2e-tests-var-expansion-qhhsq&#34;.&#xA;�[1mSTEP�[0m: Found 6 events.&#xA;Sep 10 03:03:28.695: INFO: At 2018-09-10 02:58:23 +0000 UTC - event for var-expansion-61d93b5c-b4a5-11e8-bc45-00073e906c7f: {default-scheduler } Scheduled: Successfully assigned e2e-tests-var-expansion-qhhsq/var-expansion-61d93b5c-b4a5-11e8-bc45-00073e906c7f to node3&#xA;Sep 10 03:03:28.695: INFO: At 2018-09-10 02:58:24 +0000 UTC - event for var-expansion-61d93b5c-b4a5-11e8-bc45-00073e906c7f: {kubelet node3} Pulling: pulling image &#34;busybox&#34;&#xA;Sep 10 03:03:28.695: INFO: At 2018-09-10 02:58:30 +0000 UTC - event for var-expansion-61d93b5c-b4a5-11e8-bc45-00073e906c7f: {kubelet node3} Failed: Failed to pull image &#34;busybox&#34;: rpc error: code = Unknown desc = Error while pulling image: Get https://index.docker.io/v1/repositories/library/busybox/images: http: error connecting to proxy http://192.168.2.109:8118: dial tcp 192.168.2.109:8118: getsockopt: no route to host&#xA;Sep 10 03:03:28.695: INFO: At 2018-09-10 02:58:30 +0000 UTC - event for var-expansion-61d93b5c-b4a5-11e8-bc45-00073e906c7f: {kubelet node3} Failed: Error: ErrImagePull&#xA;Sep 10 03:03:28.695: INFO: At 2018-09-10 02:58:31 +0000 UTC - event for var-expansion-61d93b5c-b4a5-11e8-bc45-00073e906c7f: {kubelet node3} BackOff: Back-off pulling image &#34;busybox&#34;&#xA;Sep 10 03:03:28.695: INFO: At 2018-09-10 02:58:31 +0000 UTC - event for var-expansion-61d93b5c-b4a5-11e8-bc45-00073e906c7f: {kubelet node3} Failed: Error: ImagePullBackOff&#xA;Sep 10 03:03:28.708: INFO: POD                            NODE   PHASE    GRACE  CONDITIONS&#xA;Sep 10 03:03:28.708: INFO: coredns-78fcdf6894-f55jj       node3  Running         [{Initialized True 0001-01-01 00:00:00 +0000 UTC 2018-09-01 03:57:03 +0000 UTC  } {Ready True 0001-01-01 00:00:00 +0000 UTC 2018-09-07 08:42:02 +0000 UTC  } {ContainersReady True 0001-01-01 00:00:00 +0000 UTC 0001-01-01 00:00:00 +0000 UTC  } {PodScheduled True 0001-01-01 00:00:00 +0000 UTC 2018-09-01 03:57:03 +0000 UTC  }]&#xA;Sep 10 03:03:28.708: INFO: coredns-78fcdf6894-vlxkz       node3  Running         [{Initialized True 0001-01-01 00:00:00 +0000 UTC 2018-09-01 03:57:03 +0000 UTC  } {Ready True 0001-01-01 00:00:00 +0000 UTC 2018-09-07 08:42:02 +0000 UTC  } {ContainersReady True 0001-01-01 00:00:00 +0000 UTC 0001-01-01 00:00:00 +0000 UTC  } {PodScheduled True 0001-01-01 00:00:00 +0000 UTC 2018-09-01 03:57:03 +0000 UTC  }]&#xA;Sep 10 03:03:28.708: INFO: etcd-node3                     node3  Running         [{Initialized True 0001-01-01 00:00:00 +0000 UTC 2018-09-07 08:40:49 +0000 UTC  } {Ready True 0001-01-01 00:00:00 +0000 UTC 2018-09-07 08:40:51 +0000 UTC  } {ContainersReady True 0001-01-01 00:00:00 +0000 UTC 0001-01-01 00:00:00 +0000 UTC  } {PodScheduled True 0001-01-01 00:00:00 +0000 UTC 2018-09-07 08:40:49 +0000 UTC  }]&#xA;Sep 10 03:03:28.708: INFO: kube-apiserver-node3           node3  Running         [{Initialized True 0001-01-01 00:00:00 +0000 UTC 2018-09-07 08:40:49 +0000 UTC  } {Ready True 0001-01-01 00:00:00 +0000 UTC 2018-09-07 08:40:51 +0000 UTC  } {ContainersReady True 0001-01-01 00:00:00 +0000 UTC 0001-01-01 00:00:00 +0000 UTC  } {PodScheduled True 0001-01-01 00:00:00 +0000 UTC 2018-09-07 08:40:49 +0000 UTC  }]&#xA;Sep 10 03:03:28.708: INFO: kube-controller-manager-node3  node3  Running         [{Initialized True 0001-01-01 00:00:00 +0000 UTC 2018-09-07 08:40:49 +0000 UTC  } {Ready True 0001-01-01 00:00:00 +0000 UTC 2018-09-07 08:40:51 +0000 UTC  } {ContainersReady True 0001-01-01 00:00:00 +0000 UTC 0001-01-01 00:00:00 +0000 UTC  } {PodScheduled True 0001-01-01 00:00:00 +0000 UTC 2018-09-07 08:40:49 +0000 UTC  }]&#xA;Sep 10 03:03:28.708: INFO: kube-proxy-d6xgq               node3  Running         [{Initialized True 0001-01-01 00:00:00 +0000 UTC 2018-09-01 03:55:38 +0000 UTC  } {Ready True 0001-01-01 00:00:00 +0000 UTC 2018-09-07 08:41:32 +0000 UTC  } {ContainersReady True 0001-01-01 00:00:00 +0000 UTC 0001-01-01 00:00:00 +0000 UTC  } {PodScheduled True 0001-01-01 00:00:00 +0000 UTC 2018-09-01 03:55:38 +0000 UTC  }]&#xA;Sep 10 03:03:28.708: INFO: kube-scheduler-node3           node3  Running         [{Initialized True 0001-01-01 00:00:00 +0000 UTC 2018-09-07 08:40:50 +0000 UTC  } {Ready True 0001-01-01 00:00:00 +0000 UTC 2018-09-07 08:40:51 +0000 UTC  } {ContainersReady True 0001-01-01 00:00:00 +0000 UTC 0001-01-01 00:00:00 +0000 UTC  } {PodScheduled True 0001-01-01 00:00:00 +0000 UTC 2018-09-07 08:40:50 +0000 UTC  }]&#xA;Sep 10 03:03:28.708: INFO: weave-net-qrwm8                node3  Running         [{Initialized True 0001-01-01 00:00:00 +0000 UTC 2018-09-01 03:55:38 +0000 UTC  } {Ready True 0001-01-01 00:00:00 +0000 UTC 2018-09-07 08:41:59 +0000 UTC  } {ContainersReady True 0001-01-01 00:00:00 +0000 UTC 0001-01-01 00:00:00 +0000 UTC  } {PodScheduled True 0001-01-01 00:00:00 +0000 UTC 2018-09-01 03:55:38 +0000 UTC  }]&#xA;Sep 10 03:03:28.708: INFO: &#xA;Sep 10 03:03:28.713: INFO: &#xA;Logging node info for node node3&#xA;Sep 10 03:03:28.718: INFO: Node Info: &amp;Node{ObjectMeta:k8s_io_apimachinery_pkg_apis_meta_v1.ObjectMeta{Name:node3,GenerateName:,Namespace:,SelfLink:/api/v1/nodes/node3,UID:d76c0c97-ad9a-11e8-a7d7-1e59e086a4f1,ResourceVersion:506322,Generation:0,CreationTimestamp:2018-09-01 03:55:18 +0000 UTC,DeletionTimestamp:&lt;nil&gt;,DeletionGracePeriodSeconds:nil,Labels:map[string]string{beta.kubernetes.io/arch: arm64,beta.kubernetes.io/os: linux,kubernetes.io/hostname: node3,node-role.kubernetes.io/master: ,},Annotations:map[string]string{kubeadm.alpha.kubernetes.io/cri-socket: /var/run/dockershim.sock,node.alpha.kubernetes.io/ttl: 0,volumes.kubernetes.io/controller-managed-attach-detach: true,},OwnerReferences:[],Finalizers:[],ClusterName:,Initializers:nil,},Spec:NodeSpec{PodCIDR:10.244.0.0/24,DoNotUse_ExternalID:,ProviderID:,Unschedulable:false,Taints:[],ConfigSource:nil,},Status:NodeStatus{Capacity:ResourceList{cpu: {{16 0} {&lt;nil&gt;} 16 DecimalSI},ephemeral-storage: {{82538430464 0} {&lt;nil&gt;}  BinarySI},hugepages-2Mi: {{0 0} {&lt;nil&gt;} 0 DecimalSI},memory: {{67535159296 0} {&lt;nil&gt;}  BinarySI},pods: {{110 0} {&lt;nil&gt;} 110 DecimalSI},},Allocatable:ResourceList{cpu: {{16 0} {&lt;nil&gt;} 16 DecimalSI},ephemeral-storage: {{74284587295 0} {&lt;nil&gt;} 74284587295 DecimalSI},hugepages-2Mi: {{0 0} {&lt;nil&gt;} 0 DecimalSI},memory: {{67430301696 0} {&lt;nil&gt;}  BinarySI},pods: {{110 0} {&lt;nil&gt;} 110 DecimalSI},},Phase:,Conditions:[{NetworkUnavailable False 2018-09-07 08:42:01 +0000 UTC 2018-09-07 08:42:01 +0000 UTC WeaveIsUp Weave pod has set this} {OutOfDisk False 2018-09-10 03:03:27 +0000 UTC 2018-09-01 03:55:11 +0000 UTC KubeletHasSufficientDisk kubelet has sufficient disk space available} {MemoryPressure False 2018-09-10 03:03:27 +0000 UTC 2018-09-01 03:55:11 +0000 UTC KubeletHasSufficientMemory kubelet has sufficient memory available} {DiskPressure False 2018-09-10 03:03:27 +0000 UTC 2018-09-01 03:55:11 +0000 UTC KubeletHasNoDiskPressure kubelet has no disk pressure} {PIDPressure False 2018-09-10 03:03:27 +0000 UTC 2018-09-01 03:55:11 +0000 UTC KubeletHasSufficientPID kubelet has sufficient PID available} {Ready True 2018-09-10 03:03:27 +0000 UTC 2018-09-04 01:30:47 +0000 UTC KubeletReady kubelet is posting ready status}],Addresses:[{InternalIP 192.168.2.117} {Hostname node3}],DaemonEndpoints:NodeDaemonEndpoints{KubeletEndpoint:DaemonEndpoint{Port:10250,},},NodeInfo:NodeSystemInfo{MachineID:373be5c264ac4b78a49077a4b4ded99c,SystemUUID:373be5c264ac4b78a49077a4b4ded99c,BootID:fa7f8a19-3d16-419b-9318-394c7eac5519,KernelVersion:4.4.58-20171215.kylin.server.YUN+-generic,OSImage:Kylin 4.0.2,ContainerRuntimeVersion:docker://1.12.6,KubeletVersion:v1.11.2,KubeProxyVersion:v1.11.2,OperatingSystem:linux,Architecture:arm64,},Images:[{[k8s.gcr.io/kube-cross@sha256:0c5809a727c38458e9a63b486cf83c504a24ff561d63a031d31e613f6ad50282 k8s.gcr.io/kube-cross:v1.10.2-1] 2076524551} {[mrdreambot/arm64-mysql@sha256:872464bd31f5db2ecfce15824c80a0b78ace914e80e78a0e98d2d9ef7e8bbb79 mrdreambot/arm64-mysql:latest] 529883867} {[bobsense/mysql@sha256:a20cd35207c46b0400ac48fdf21ebb8e432fa5b597eb5f4b6ec6a634ecc26a8a bobsense/mysql:latest] 529882429} {[mariadb@sha256:358f6b50afd9c25707e97869f0c57de802c53973a90a2ff49e283501fccce1b2 mariadb:10.1.14] 387643618} {[wordpress@sha256:b0460dba11737144b232a7794403d4052982f2332caeea82f618fc98d0547387 wordpress:latest] 367973768} {[mariadb@sha256:edef80de393cf4a79504168c663f8b0c6b15060333e5a7d7aee3dc0a4de6e927 mariadb:latest] 348940495} {[hyperhq/mariadb-arm64v8@sha256:bcf8c747e35eddfcd36ffc6011b00ececb56fe467afb290280d80709299fd80d hyperhq/mariadb-arm64v8:10.3-1] 348507360} {[hyperhq/mariadb-arm64v8:10.3] 348507300} {[hyperhq/mariadb-arm64v8@sha256:720d233b09adbea084c15cfa4909008a2df201b300b10c9fd39464bce60af0db hyperhq/mariadb-arm64v8:10.3-2] 348507153} {[bobsense/nginx-arm64@sha256:224f3b5fd469754e5e701bedd28c633c92ba21c00d2b0e9376eaa4adb38b5603 bobsense/nginx-arm64:latest] 338655564} {[gcr.io/google-samples/gb-frontend-arm64@sha256:9587be21f54a9dc04e1f37b83a9d120231b205385d8deba0682d6fb22088e7c9 gcr.io/google-samples/gb-frontend-arm64:v5] 337228898} {[lsioarmhf/mariadb-aarch64@sha256:b2a1bd89d60c579f07ae1837280a2b3b5f35f11f756b9aa61e6a025af03ddf87 lsioarmhf/mariadb-aarch64:latest] 327268490} {[ebspace/aarch64-mysql@sha256:d9f5f5d222a155c930e3837976b5b457e48c000cf34e6919d0f8a0b73dc39965 ebspace/aarch64-mysql:latest] 262591608} {[tobi312/rpi-mysql@sha256:2f0b069765901afbb162838359778088b8d9fdba30b201d5cf51381ec008802a tobi312/rpi-mysql:latest] 256067342} {[k8s.gcr.io/volume-nfs@sha256:83ba87be13a6f74361601c8614527e186ca67f49091e2d0d4ae8a8da67c403ee k8s.gcr.io/volume-nfs:0.8] 247146979} {[postgres@sha256:d9c44f9fc460dd8962c388eacf88a0e252b858ccdf33bc223f68112617e81fc9 postgres:10] 233845668} {[k8s.gcr.io/etcd-arm64@sha256:f0b7368ebb28e6226ab3b4dbce4b5c6d77dab7b5f6579b08fd645c00f7b100ff k8s.gcr.io/etcd-arm64:3.2.18] 229927444} {[k8s.gcr.io/kube-apiserver-arm64@sha256:5c77134dc174453fc0d900ee5cdcb7b488131a0edb934ae8e859a263f8ee55da k8s.gcr.io/kube-apiserver-arm64:v1.10.4] 218561963} {[k8s.gcr.io/kube-apiserver-arm64@sha256:ab41e3e38792750fa122dbeacf7d0d3d52b7ccc466f254c460733846da0ce0c9 k8s.gcr.io/kube-apiserver-arm64:v1.10.3] 218559018} {[hypriot/rpi-mysql@sha256:c1567c885cf560da66a647f91f7e16bfeea2968895f859b5732583a8db3570ea hypriot/rpi-mysql:latest] 209339591} {[gcr.io/kubernetes-e2e-test-images/jessie-dnsutils-arm64@sha256:92105b23ab1bcc1f72b7deeb4b7d72b27b4ba9a47b292fbd4f58f4080f0621a2 gcr.io/kubernetes-e2e-test-images/jessie-dnsutils-arm64:1.0] 193983470} {[k8s.gcr.io/kube-apiserver-arm64@sha256:31fa4a96f582953034fb2906bd2e557620943ebaa2c2f74ee719c89a9bffb0d4 k8s.gcr.io/kube-apiserver-arm64:v1.11.2] 185805939} {[k8s.gcr.io/etcd-arm64@sha256:c6418130352f3632f3858ff466f7fdcde5c2867d9471f40dbb99227ccbb6d458 k8s.gcr.io/etcd-arm64:3.1.12] 180941491} {[functions/faas-netesd@sha256:05072b13c8127d53b48466f6b16beae997ff008e13a74cdb5da64ca2f5708062 functions/faas-netesd:arm64-0.3-alpha6] 154407667} {[k8s.gcr.io/kube-controller-manager-arm64@sha256:af5e55e15e5ab06999716ef72792b0abed63c9fc972db99120b2c40febaf69a7 k8s.gcr.io/kube-controller-manager-arm64:v1.11.2] 153069058} {[functions/faas-netesd@sha256:0903fd0a2c6010fcef6f42eda8fdc22bf4aecc31571b7ab6f461041497f34aa4 functions/faas-netesd:0.4.3-arm64] 148751197} {[k8s.gcr.io/kube-controller-manager-arm64@sha256:138de23ccbdfab3f4e76e05c290aab26c9127a853db8a0cbc2d816b31d5aebbd k8s.gcr.io/kube-controller-manager-arm64:v1.10.4] 142046988} {[k8s.gcr.io/kube-controller-manager-arm64@sha256:4f99bac50d84f8757ef06d06e68eee0aa042fdb5969c300d23ad1ae3b1f914f5 k8s.gcr.io/kube-controller-manager-arm64:v1.10.3] 142046537} {[weaveworks/weave-kube@sha256:3c45b339ab2dc9c11c9c745e44afce27806dc1d8ecd1da84a88deb36756ac713 weaveworks/weave-kube:2.4.0] 131119125} {[k8s.gcr.io/nginx-slim-arm64@sha256:b95f8bebdc6d8a7b65f5954aa5aaea3209ad8a6af5261cf3c8cae0c0a1c0fb79 k8s.gcr.io/nginx-slim-arm64:0.27] 126129565} {[k8s.gcr.io/nginx-slim-arm64@sha256:ef47cf0719891fe4b84467af77f8e13618b05965b6663945411e1e11c15ffa14 k8s.gcr.io/nginx-slim-arm64:0.26] 126125347} {[hyperhq/postgres-wordpress-arm:latest] 110592210} {[wordpress@sha256:3c22b14d0269bd50b2011f6d749d8bee68e328167f774bef8bf11f5878a6035d wordpress:4.9-fpm-alpine] 107828983} {[functions/gateway@sha256:01aea2775bb40d69588d2c6e83e8b9ea5009b9f405b140e643eb4be2a775814d functions/gateway:arm64-0.6.6-beta2] 106004910} {[k8s.gcr.io/kube-proxy-arm64@sha256:3bb2bfdc016ae46d131af74040bec2c48134c733ae90fead4da3568014fb450a k8s.gcr.io/kube-proxy-arm64:v1.11.2] 102835336} {[nginx@sha256:3e2ffcf0edca2a4e9b24ca442d227baea7b7f0e33ad654ef1eb806fbd9bedcf0 nginx:latest] 102594503} {[k8s.gcr.io/kube-proxy-arm64@sha256:f024ad81abe8b9bf473c0b8ff5c96723505b8a592379d606038499f8a77f663b k8s.gcr.io/kube-proxy-arm64:v1.10.4] 100601489} {[k8s.gcr.io/kube-proxy-arm64@sha256:b21badcd0799bb7495ebcbc17557861384da1eac42d6527937a8aaed0c329d6c k8s.gcr.io/kube-proxy-arm64:v1.10.3] 100598796} {[k8s.gcr.io/echoserver@sha256:d2a8af33e4e6dc7f18fc8d0cd345b2c893922083c6e2c2cbf24a2efcaa7aa3ba k8s.gcr.io/echoserver:1.6] 95247805} {[gcr.io/google-samples/gb-redisslave-arm64@sha256:2420127acd816ebbdbaa33cab372493859c1d40b3a2d5d6fc05bc38887ad9511 gcr.io/google-samples/gb-redisslave-arm64:v2] 94082700} {[nginx@sha256:e3456c851a152494c3e4ff5fcc26f240206abac0c9d794affb40e0714846c451 nginx:1.7.9] 91641000} {[&lt;none&gt;@&lt;none&gt; &lt;none&gt;:&lt;none&gt;] 76567645} {[ubuntu@sha256:3f119dc0737f57f704ebecac8a6d8477b0f6ca1ca0332c7ee1395ed2c6a82be7 ubuntu:bionic] 76171071} {[k8s.gcr.io/kube-scheduler-arm64@sha256:3ece3012cc6fedf5193fd1c80aee4b6da2835098b7799d4940fb4a79fc1be0ee k8s.gcr.io/kube-scheduler-arm64:v1.11.2] 56216691} {[weaveworks/weave-npc@sha256:715b03e14874355f1f793f7bc11d843a00b390b2806bd996f1e47e8acb1020aa weaveworks/weave-npc:2.4.0] 51096437} {[k8s.gcr.io/k8s-dns-kube-dns-arm64@sha256:9bcc8fda237765f8b8f8fdf5af220b856adbc8b56d72dc4f336d44510d1749d9 k8s.gcr.io/k8s-dns-kube-dns-arm64:1.14.8] 49350613} {[k8s.gcr.io/kube-scheduler-arm64@sha256:fbff009828de95e14856325ebcfc6e1c0cdb456a052c62ba0c64221773c68686 k8s.gcr.io/kube-scheduler-arm64:v1.10.4] 48502539} {[k8s.gcr.io/kube-scheduler-arm64@sha256:6847ebb67c5a2928d8997d98001eb107a50601e85e07c3245f72b14df4518616 k8s.gcr.io/kube-scheduler-arm64:v1.10.3] 48434682} {[k8s.gcr.io/k8s-dns-dnsmasq-nanny-arm64@sha256:35ac228d45ab5f4209f25317506fa53b762f6d8ad333d1ff795393fa6e97b29c k8s.gcr.io/k8s-dns-dnsmasq-nanny-arm64:1.14.8] 42547598} {[k8s.gcr.io/k8s-dns-sidecar-arm64@sha256:b2c1e4e04d77ed564e918ebd16443dfb2217653b58293e616e36f034068d6da3 k8s.gcr.io/k8s-dns-sidecar-arm64:1.14.8] 41256276}],VolumesInUse:[],VolumesAttached:[],Config:nil,},}&#xA;Sep 10 03:03:28.719: INFO: &#xA;Logging kubelet events for node node3&#xA;Sep 10 03:03:28.723: INFO: &#xA;Logging pods the kubelet thinks is on node node3&#xA;Sep 10 03:03:28.735: INFO: kube-scheduler-node3 started at &lt;nil&gt; (0+0 container statuses recorded)&#xA;Sep 10 03:03:28.735: INFO: kube-proxy-d6xgq started at 2018-09-01 03:55:38 +0000 UTC (0+1 container statuses recorded)&#xA;Sep 10 03:03:28.735: INFO: &#x9;Container kube-proxy ready: true, restart count 2&#xA;Sep 10 03:03:28.735: INFO: etcd-node3 started at &lt;nil&gt; (0+0 container statuses recorded)&#xA;Sep 10 03:03:28.735: INFO: kube-apiserver-node3 started at &lt;nil&gt; (0+0 container statuses recorded)&#xA;Sep 10 03:03:28.735: INFO: kube-controller-manager-node3 started at &lt;nil&gt; (0+0 container statuses recorded)&#xA;Sep 10 03:03:28.735: INFO: coredns-78fcdf6894-vlxkz started at 2018-09-01 03:57:03 +0000 UTC (0+1 container statuses recorded)&#xA;Sep 10 03:03:28.735: INFO: &#x9;Container coredns ready: true, restart count 2&#xA;Sep 10 03:03:28.735: INFO: weave-net-qrwm8 started at 2018-09-01 03:55:38 +0000 UTC (0+2 container statuses recorded)&#xA;Sep 10 03:03:28.735: INFO: &#x9;Container weave ready: true, restart count 4&#xA;Sep 10 03:03:28.735: INFO: &#x9;Container weave-npc ready: true, restart count 2&#xA;Sep 10 03:03:28.735: INFO: coredns-78fcdf6894-f55jj started at 2018-09-01 03:57:03 +0000 UTC (0+1 container statuses recorded)&#xA;Sep 10 03:03:28.735: INFO: &#x9;Container coredns ready: true, restart count 2&#xA;Sep 10 03:03:28.825: INFO: &#xA;Latency metrics for node node3&#xA;Sep 10 03:03:28.825: INFO: {Operation:stop_container Method:docker_operations_latency_microseconds Quantile:0.99 Latency:20.016373s}&#xA;Sep 10 03:03:28.825: INFO: {Operation:stop_container Method:docker_operations_latency_microseconds Quantile:0.9 Latency:20.003681s}&#xA;�[1mSTEP�[0m: Dumping a list of prepulled images on each node to file /e2e/image-puller.txt&#xA;Sep 10 03:03:28.831: INFO: Waiting up to 3m0s for all (but 0) nodes to be ready&#xA;�[1mSTEP�[0m: Destroying namespace &#34;e2e-tests-var-expansion-qhhsq&#34; for this suite.&#xA;Sep 10 03:03:34.851: INFO: Waiting up to 30s for server preferred namespaced resources to be successfully discovered&#xA;Sep 10 03:03:34.936: INFO: namespace: e2e-tests-var-expansion-qhhsq, resource: bindings, ignored listing per whitelist&#xA;Sep 10 03:03:34.985: INFO: namespace e2e-tests-var-expansion-qhhsq deletion completed in 6.14858534s&#xA;</system-out>
      </testcase>
      <testcase name="[sig-scheduling] ResourceQuota should create a ResourceQuota and capture the life of a pod." classname="Kubernetes e2e suite" time="0">
          <skipped></skipped>
      </testcase>
      <testcase name="[sig-storage] Downward API volume should provide container&#39;s cpu request [NodeConformance] [Conformance]" classname="Kubernetes e2e suite" time="8.3724361"></testcase>
      <testcase name="[sig-scalability] Density [Feature:ManualPerformance] should allow starting 50 pods per node using { ReplicationController} with 0 secrets, 0 configmaps and 0 daemons" classname="Kubernetes e2e suite" time="0">
          <skipped></skipped>
      </testcase>
      <testcase name="[sig-storage] Downward API volume should provide container&#39;s memory request [NodeConformance] [Conformance]" classname="Kubernetes e2e suite" time="8.36488054"></testcase>
      <testcase name="[sig-network] Services should have session affinity work for LoadBalancer service with ESIPP on [Slow] [DisabledForLargeClusters]" classname="Kubernetes e2e suite" time="0">
          <skipped></skipped>
      </testcase>
      <testcase name="[sig-storage] PersistentVolumes-local  [Volume type: blockfs] One pod requesting one prebound PVC should be able to mount volume and read from pod1" classname="Kubernetes e2e suite" time="0">
          <skipped></skipped>
      </testcase>
      <testcase name="[sig-storage] PersistentVolumes-local  [Volume type: dir-bindmounted] One pod requesting one prebound PVC should be able to mount volume and read from pod1" classname="Kubernetes e2e suite" time="0">
          <skipped></skipped>
      </testcase>
      <testcase name="[sig-instrumentation] Cluster level logging using Elasticsearch [Feature:Elasticsearch] should check that logs from containers are ingested into Elasticsearch" classname="Kubernetes e2e suite" time="0">
          <skipped></skipped>
      </testcase>
      <testcase name="[sig-storage] PersistentVolumes-local  [Volume type: dir] Set fsGroup for local volume should set different fsGroup for second pod if first pod is deleted" classname="Kubernetes e2e suite" time="0">
          <skipped></skipped>
      </testcase>
      <testcase name="[sig-cluster-lifecycle] gpu Upgrade [Feature:GPUUpgrade] cluster downgrade should be able to run gpu pod after downgrade [Feature:GPUClusterDowngrade]" classname="Kubernetes e2e suite" time="0">
          <skipped></skipped>
      </testcase>
      <testcase name="[sig-storage] Subpath [Volume type: hostPathSymlink] should fail if subpath with backstepping is outside the volume [Slow]" classname="Kubernetes e2e suite" time="0">
          <skipped></skipped>
      </testcase>
      <testcase name="[sig-storage] Dynamic Provisioning DynamicProvisioner deletion should be idempotent" classname="Kubernetes e2e suite" time="0">
          <skipped></skipped>
      </testcase>
      <testcase name="[sig-network] DNS should provide DNS for the cluster  [Conformance]" classname="Kubernetes e2e suite" time="20.45748956"></testcase>
      <testcase name="[k8s.io] Probing container with readiness probe that fails should never be ready and never restart [NodeConformance] [Conformance]" classname="Kubernetes e2e suite" time="82.33866896"></testcase>
      <testcase name="[sig-storage] Projected should be consumable from pods in volume as non-root [NodeConformance] [Conformance]" classname="Kubernetes e2e suite" time="8.3763092"></testcase>
      <testcase name="[k8s.io] [sig-node] Security Context [Feature:SecurityContext] should support volume SELinux relabeling" classname="Kubernetes e2e suite" time="0">
          <skipped></skipped>
      </testcase>
      <testcase name="[sig-autoscaling] Cluster size autoscaling [Slow] Should not scale GPU pool up if pod does not require GPUs [GpuType:nvidia-tesla-v100] [Feature:ClusterSizeAutoscalingGpu]" classname="Kubernetes e2e suite" time="0">
          <skipped></skipped>
      </testcase>
      <testcase name="[sig-storage] Ephemeralstorage When pod refers to non-existent ephemeral storage should allow deletion of pod with invalid volume : projected" classname="Kubernetes e2e suite" time="0">
          <skipped></skipped>
      </testcase>
      <testcase name="[sig-storage] Subpath [Volume type: nfs] should fail if non-existent subpath is outside the volume [Slow]" classname="Kubernetes e2e suite" time="0">
          <skipped></skipped>
      </testcase>
      <testcase name="[sig-network] Loadbalancing: L7 GCE [Slow] [Feature:NEG] should be able to create a ClusterIP service [Unreleased]" classname="Kubernetes e2e suite" time="0">
          <skipped></skipped>
      </testcase>
      <testcase name="[sig-api-machinery] Aggregator Should be able to support the 1.7 Sample API Server using the current Aggregator" classname="Kubernetes e2e suite" time="0">
          <skipped></skipped>
      </testcase>
      <testcase name="[sig-scheduling] SchedulerPredicates [Serial] validates that required NodeAffinity setting is respected if matching" classname="Kubernetes e2e suite" time="0">
          <skipped></skipped>
      </testcase>
      <testcase name="[sig-scalability] Empty [Feature:Empty] starts a pod" classname="Kubernetes e2e suite" time="0">
          <skipped></skipped>
      </testcase>
      <testcase name="[sig-storage] Secrets should be consumable from pods in volume as non-root with defaultMode and fsGroup set [NodeConformance] [Conformance]" classname="Kubernetes e2e suite" time="8.37115468"></testcase>
      <testcase name="[sig-autoscaling] Cluster size autoscaling [Slow] shouldn&#39;t be able to scale down when rescheduling a pod is required, but pdb doesn&#39;t allow drain[Feature:ClusterSizeAutoscalingScaleDown]" classname="Kubernetes e2e suite" time="0">
          <skipped></skipped>
      </testcase>
      <testcase name="[sig-scheduling] ResourceQuota should create a ResourceQuota and ensure its status is promptly calculated." classname="Kubernetes e2e suite" time="0">
          <skipped></skipped>
      </testcase>
      <testcase name="[sig-autoscaling] [HPA] Horizontal pod autoscaling (scale resource: Custom Metrics from Stackdriver) should scale down with External Metric with target value from Stackdriver [Feature:CustomMetricsAutoscaling]" classname="Kubernetes e2e suite" time="0">
          <skipped></skipped>
      </testcase>
      <testcase name="[sig-storage] Projected should be consumable in multiple volumes in the same pod [NodeConformance] [Conformance]" classname="Kubernetes e2e suite" time="8.39446724"></testcase>
      <testcase name="[sig-storage] PersistentVolumes-local  [Volume type: dir-link-bindmounted] Two pods mounting a local volume at the same time should be able to write from pod1 and read from pod2" classname="Kubernetes e2e suite" time="0">
          <skipped></skipped>
      </testcase>
      <testcase name="[sig-storage] PersistentVolumes NFS with multiple PVs and PVCs all in same ns should create 4 PVs and 2 PVCs: test write access [Slow]" classname="Kubernetes e2e suite" time="0">
          <skipped></skipped>
      </testcase>
      <testcase name="[sig-storage] PersistentVolumes-local  Local volume that cannot be mounted [Slow] should fail due to non-existent path" classname="Kubernetes e2e suite" time="0">
          <skipped></skipped>
      </testcase>
      <testcase name="[sig-network] DNS should provide DNS for ExternalName services" classname="Kubernetes e2e suite" time="0">
          <skipped></skipped>
      </testcase>
      <testcase name="[sig-storage] Subpath [Volume type: hostPath] should fail for new directories when readOnly specified in the volumeSource" classname="Kubernetes e2e suite" time="0">
          <skipped></skipped>
      </testcase>
      <testcase name="[sig-cli] Kubectl Port forwarding [k8s.io] With a server listening on 0.0.0.0 should support forwarding over websockets" classname="Kubernetes e2e suite" time="0">
          <skipped></skipped>
      </testcase>
      <testcase name="[sig-scheduling] SchedulerPredicates [Serial] validates resource limits of pods that are allowed to run  [Conformance]" classname="Kubernetes e2e suite" time="69.47967932"></testcase>
      <testcase name="[sig-scalability] Load capacity [Feature:ManualPerformance] should be able to handle 30 pods per node {extensions Deployment} with 0 secrets, 2 configmaps and 0 daemons" classname="Kubernetes e2e suite" time="0">
          <skipped></skipped>
      </testcase>
      <testcase name="[sig-autoscaling] Cluster size autoscaling [Slow] should correctly scale down after a node is not needed [Feature:ClusterSizeAutoscalingScaleDown]" classname="Kubernetes e2e suite" time="0">
          <skipped></skipped>
      </testcase>
      <testcase name="[sig-storage] PersistentVolumes-local  [Volume type: blockfs] Set fsGroup for local volume should set different fsGroup for second pod if first pod is deleted" classname="Kubernetes e2e suite" time="0">
          <skipped></skipped>
      </testcase>
      <testcase name="[k8s.io] Pods should support retrieving logs from the container over websockets [NodeConformance]" classname="Kubernetes e2e suite" time="0">
          <skipped></skipped>
      </testcase>
      <testcase name="[sig-network] Services should be able to update NodePorts with two same port numbers but different protocols" classname="Kubernetes e2e suite" time="0">
          <skipped></skipped>
      </testcase>
      <testcase name="[sig-autoscaling] Cluster size autoscaling [Slow] should increase cluster size if pending pods are small and one node is broken [Feature:ClusterSizeAutoscalingScaleUp]" classname="Kubernetes e2e suite" time="0">
          <skipped></skipped>
      </testcase>
      <testcase name="[sig-cli] Kubectl Port forwarding [k8s.io] With a server listening on 0.0.0.0 [k8s.io] that expects a client request should support a client that connects, sends NO DATA, and disconnects" classname="Kubernetes e2e suite" time="0">
          <skipped></skipped>
      </testcase>
      <testcase name="[sig-autoscaling] Cluster size autoscaling [Slow] should increase cluster size if pods are pending due to host port conflict [Feature:ClusterSizeAutoscalingScaleUp]" classname="Kubernetes e2e suite" time="0">
          <skipped></skipped>
      </testcase>
      <testcase name="[sig-apps] StatefulSet [k8s.io] Basic StatefulSet functionality [StatefulSetBasic] should not deadlock when a pod&#39;s predecessor fails" classname="Kubernetes e2e suite" time="0">
          <skipped></skipped>
      </testcase>
      <testcase name="[sig-storage] Volume Placement should create and delete pod with the same volume source on the same worker node" classname="Kubernetes e2e suite" time="0">
          <skipped></skipped>
      </testcase>
      <testcase name="[k8s.io] Pods should support remote command execution over websockets [NodeConformance]" classname="Kubernetes e2e suite" time="0">
          <skipped></skipped>
      </testcase>
      <testcase name="[sig-storage] Subpath Atomic writer volumes should support subpaths with downward pod" classname="Kubernetes e2e suite" time="0">
          <skipped></skipped>
      </testcase>
      <testcase name="[sig-storage] Volumes iSCSI [Feature:Volumes] should be mountable" classname="Kubernetes e2e suite" time="0">
          <skipped></skipped>
      </testcase>
      <testcase name="[sig-autoscaling] DNS horizontal autoscaling [DisabledForLargeClusters] kube-dns-autoscaler should scale kube-dns pods in both nonfaulty and faulty scenarios" classname="Kubernetes e2e suite" time="0">
          <skipped></skipped>
      </testcase>
      <testcase name="[sig-storage] ConfigMap should be consumable from pods in volume with mappings [NodeConformance] [Conformance]" classname="Kubernetes e2e suite" time="8.3683617"></testcase>
      <testcase name="[sig-storage] Subpath [Volume type: emptyDir] should support creating multiple subpath from same volumes [Slow]" classname="Kubernetes e2e suite" time="0">
          <skipped></skipped>
      </testcase>
      <testcase name="[sig-ui] Kubernetes Dashboard should check that the kubernetes-dashboard instance is alive" classname="Kubernetes e2e suite" time="0">
          <skipped></skipped>
      </testcase>
      <testcase name="[sig-storage] EmptyDir volumes when FSGroup is specified [NodeFeature:FSGroup] files with FSGroup ownership should support (root,0644,tmpfs)" classname="Kubernetes e2e suite" time="0">
          <skipped></skipped>
      </testcase>
      <testcase name="[k8s.io] Variable Expansion should fail substituting values in a volume subpath with backticks [Feature:VolumeSubpathEnvExpansion][NodeAlphaFeature:VolumeSubpathEnvExpansion][Slow]" classname="Kubernetes e2e suite" time="0">
          <skipped></skipped>
      </testcase>
      <testcase name="[sig-autoscaling] DNS horizontal autoscaling [Serial] [Slow] kube-dns-autoscaler should scale kube-dns pods when cluster size changed" classname="Kubernetes e2e suite" time="0">
          <skipped></skipped>
      </testcase>
      <testcase name="[sig-storage] PersistentVolumes-local  [Volume type: tmpfs] One pod requesting one prebound PVC should be able to mount volume and read from pod1" classname="Kubernetes e2e suite" time="0">
          <skipped></skipped>
      </testcase>
      <testcase name="[sig-storage] Volume Provisioning on Datastore [Feature:vsphere] verify dynamically provisioned pv using storageclass fails on an invalid datastore" classname="Kubernetes e2e suite" time="0">
          <skipped></skipped>
      </testcase>
      <testcase name="[sig-network] DNS configMap nameserver Forward external name lookup should forward externalname lookup to upstream nameserver [Slow][Serial]" classname="Kubernetes e2e suite" time="0">
          <skipped></skipped>
      </testcase>
      <testcase name="[sig-cli] Kubectl client [k8s.io] Kubectl version should check is all data is printed  [Conformance]" classname="Kubernetes e2e suite" time="6.6319213"></testcase>
      <testcase name="[k8s.io] [sig-node] Security Context [Feature:SecurityContext] should support pod.Spec.SecurityContext.RunAsUser" classname="Kubernetes e2e suite" time="0">
          <skipped></skipped>
      </testcase>
      <testcase name="[sig-apps] StatefulSet [k8s.io] Basic StatefulSet functionality [StatefulSetBasic] Burst scaling should run to completion even with unhealthy pods [Conformance]" classname="Kubernetes e2e suite" time="61.42927806"></testcase>
      <testcase name="[sig-api-machinery] Garbage collector should not delete dependents that have both valid owner and owner that&#39;s waiting for dependents to be deleted [Conformance]" classname="Kubernetes e2e suite" time="16.40839428"></testcase>
      <testcase name="[sig-autoscaling] Cluster size autoscaling [Slow] shouldn&#39;t trigger additional scale-ups during processing scale-up [Feature:ClusterSizeAutoscalingScaleUp]" classname="Kubernetes e2e suite" time="0">
          <skipped></skipped>
      </testcase>
      <testcase name="[sig-network] NetworkPolicy NetworkPolicy between server and client should allow egress access on one named port [Feature:NetworkPolicy]" classname="Kubernetes e2e suite" time="0">
          <skipped></skipped>
      </testcase>
      <testcase name="[k8s.io] Pods should get a host IP [NodeConformance] [Conformance]" classname="Kubernetes e2e suite" time="24.35585204"></testcase>
      <testcase name="[sig-storage] Dynamic Provisioning DynamicProvisioner should test that deleting a claim before the volume is provisioned deletes the volume." classname="Kubernetes e2e suite" time="0">
          <skipped></skipped>
      </testcase>
      <testcase name="[sig-storage] Subpath [Volume type: nfs] should support existing directory" classname="Kubernetes e2e suite" time="0">
          <skipped></skipped>
      </testcase>
      <testcase name="[sig-apps] Daemon set [Serial] should retry creating failed daemon pods [Conformance]" classname="Kubernetes e2e suite" time="14.6948084"></testcase>
      <testcase name="[sig-autoscaling] Cluster size autoscaling [Slow] Should scale down GPU pool from 1 [GpuType:nvidia-tesla-v100] [Feature:ClusterSizeAutoscalingGpu]" classname="Kubernetes e2e suite" time="0">
          <skipped></skipped>
      </testcase>
      <testcase name="[sig-network] Networking should provide Internet connection for containers [Feature:Networking-IPv4]" classname="Kubernetes e2e suite" time="0">
          <skipped></skipped>
      </testcase>
      <testcase name="[sig-storage] Subpath [Volume type: nfsPVC] should support existing directory" classname="Kubernetes e2e suite" time="0">
          <skipped></skipped>
      </testcase>
      <testcase name="[sig-storage] Projected should be consumable from pods in volume with mappings as non-root with FSGroup [NodeFeature:FSGroup]" classname="Kubernetes e2e suite" time="0">
          <skipped></skipped>
      </testcase>
      <testcase name="[sig-storage] PersistentVolumes [Feature:ReclaimPolicy] [sig-storage] persistentvolumereclaim:vsphere should retain persistent volume when reclaimPolicy set to retain when associated claim is deleted" classname="Kubernetes e2e suite" time="0">
          <skipped></skipped>
      </testcase>
      <testcase name="[sig-network] ServiceLoadBalancer [Feature:ServiceLoadBalancer] should support simple GET on Ingress ips" classname="Kubernetes e2e suite" time="0">
          <skipped></skipped>
      </testcase>
      <testcase name="[sig-instrumentation] Logging soak [Performance] [Slow] [Disruptive] should survive logging 1KB every 1s seconds, for a duration of 2m0s, scaling up to 1 pods per node" classname="Kubernetes e2e suite" time="0">
          <skipped></skipped>
      </testcase>
      <testcase name="[sig-network] NetworkPolicy NetworkPolicy between server and client should enforce policy based on PodSelector [Feature:NetworkPolicy]" classname="Kubernetes e2e suite" time="0">
          <skipped></skipped>
      </testcase>
      <testcase name="[sig-network] Networking Granular Checks: Services [Slow] should function for pod-Service: http" classname="Kubernetes e2e suite" time="0">
          <skipped></skipped>
      </testcase>
      <testcase name="[sig-storage] Projected should provide container&#39;s cpu request [NodeConformance] [Conformance]" classname="Kubernetes e2e suite" time="8.38844756"></testcase>
      <testcase name="[sig-network] Services should preserve source pod IP for traffic thru service cluster IP" classname="Kubernetes e2e suite" time="0">
          <skipped></skipped>
      </testcase>
      <testcase name="[sig-storage] Regional PD RegionalPD should failover to a different zone when all nodes in one zone become unreachable [Slow] [Disruptive]" classname="Kubernetes e2e suite" time="0">
          <skipped></skipped>
      </testcase>
      <testcase name="[sig-autoscaling] Cluster size autoscaling [Slow] Should not scale GPU pool up if pod does not require GPUs [GpuType:nvidia-tesla-k80] [Feature:ClusterSizeAutoscalingGpu]" classname="Kubernetes e2e suite" time="0">
          <skipped></skipped>
      </testcase>
      <testcase name="[sig-storage] Subpath [Volume type: emptyDir] should support file as subpath" classname="Kubernetes e2e suite" time="0">
          <skipped></skipped>
      </testcase>
      <testcase name="[sig-cli] Kubectl client [k8s.io] Simple pod should handle in-cluster config" classname="Kubernetes e2e suite" time="0">
          <skipped></skipped>
      </testcase>
      <testcase name="[sig-storage] Projected should provide container&#39;s memory limit [NodeConformance] [Conformance]" classname="Kubernetes e2e suite" time="8.37228884"></testcase>
      <testcase name="[sig-autoscaling] Cluster size autoscaling [Slow] should scale up correct target pool [Feature:ClusterSizeAutoscalingScaleUp]" classname="Kubernetes e2e suite" time="0">
          <skipped></skipped>
      </testcase>
      <testcase name="[sig-storage] Subpath [Volume type: gcePDPVC] should fail if subpath directory is outside the volume [Slow]" classname="Kubernetes e2e suite" time="0">
          <skipped></skipped>
      </testcase>
      <testcase name="[sig-storage] Ephemeralstorage When pod refers to non-existent ephemeral storage should allow deletion of pod with invalid volume : secret" classname="Kubernetes e2e suite" time="0">
          <skipped></skipped>
      </testcase>
      <testcase name="[sig-auth] [Feature:NodeAuthorizer] A node shouldn&#39;t be able to create another node" classname="Kubernetes e2e suite" time="0">
          <skipped></skipped>
      </testcase>
      <testcase name="[sig-storage] Subpath [Volume type: gluster] should fail if subpath file is outside the volume [Slow]" classname="Kubernetes e2e suite" time="0">
          <skipped></skipped>
      </testcase>
      <testcase name="[sig-storage] PersistentVolumes-local  [Volume type: dir-link] Set fsGroup for local volume should set fsGroup for one pod" classname="Kubernetes e2e suite" time="0">
          <skipped></skipped>
      </testcase>
      <testcase name="[sig-scalability] Load capacity [Feature:ManualPerformance] should be able to handle 30 pods per node {extensions Deployment} with 2 secrets, 0 configmaps and 0 daemons" classname="Kubernetes e2e suite" time="0">
          <skipped></skipped>
      </testcase>
      <testcase name="[sig-storage] HostPath should give a volume the correct mode [NodeConformance] [Conformance]" classname="Kubernetes e2e suite" time="8.3684905"></testcase>
      <testcase name="[sig-storage] Subpath [Volume type: hostPath] should unmount if pod is gracefully deleted while kubelet is down [Disruptive][Slow]" classname="Kubernetes e2e suite" time="0">
          <skipped></skipped>
      </testcase>
      <testcase name="[sig-storage] PersistentVolumes GCEPD should test that deleting the Namespace of a PVC and Pod causes the successful detach of Persistent Disk" classname="Kubernetes e2e suite" time="0">
          <skipped></skipped>
      </testcase>
      <testcase name="[sig-api-machinery] Garbage collector should support cascading deletion of custom resources" classname="Kubernetes e2e suite" time="0">
          <skipped></skipped>
      </testcase>
      <testcase name="[sig-storage] EmptyDir volumes when FSGroup is specified [NodeFeature:FSGroup] volume on tmpfs should have the correct mode using FSGroup" classname="Kubernetes e2e suite" time="0">
          <skipped></skipped>
      </testcase>
      <testcase name="[sig-storage] PersistentVolumes-local  [Volume type: dir-link-bindmounted] Set fsGroup for local volume should not set different fsGroups for two pods simultaneously" classname="Kubernetes e2e suite" time="0">
          <skipped></skipped>
      </testcase>
      <testcase name="[sig-storage] PersistentVolumes-local  [Volume type: dir-link-bindmounted] Set fsGroup for local volume should set fsGroup for one pod" classname="Kubernetes e2e suite" time="0">
          <skipped></skipped>
      </testcase>
      <testcase name="[sig-api-machinery] Etcd failure [Disruptive] should recover from SIGKILL" classname="Kubernetes e2e suite" time="0">
          <skipped></skipped>
      </testcase>
      <testcase name="[sig-storage] Storage Policy Based Volume Provisioning [Feature:vsphere] verify VSAN storage capability with invalid hostFailuresToTolerate value is not honored for dynamically provisioned pvc using storageclass" classname="Kubernetes e2e suite" time="0">
          <skipped></skipped>
      </testcase>
      <testcase name="[sig-storage] PersistentVolumes NFS with multiple PVs and PVCs all in same ns should create 2 PVs and 4 PVCs: test write access" classname="Kubernetes e2e suite" time="0">
          <skipped></skipped>
      </testcase>
      <testcase name="[sig-network] Proxy version v1 should proxy logs on node with explicit kubelet port using proxy subresource  [Conformance]" classname="Kubernetes e2e suite" time="6.47357434"></testcase>
      <testcase name="[sig-scheduling] SchedulerPreemption [Serial] [Feature:PodPreemption] validates lower priority pod preemption by critical pod" classname="Kubernetes e2e suite" time="0">
          <skipped></skipped>
      </testcase>
      <testcase name="[sig-storage] PersistentVolumes-local  [Volume type: dir-bindmounted] Set fsGroup for local volume should set different fsGroup for second pod if first pod is deleted" classname="Kubernetes e2e suite" time="0">
          <skipped></skipped>
      </testcase>
      <testcase name="[sig-storage] PersistentVolumes [Feature:ReclaimPolicy] [sig-storage] persistentvolumereclaim:vsphere should delete persistent volume when reclaimPolicy set to delete and associated claim is deleted" classname="Kubernetes e2e suite" time="0">
          <skipped></skipped>
      </testcase>
      <testcase name="[sig-autoscaling] Cluster size autoscaling [Slow] should increase cluster size if pending pods are small [Feature:ClusterSizeAutoscalingScaleUp]" classname="Kubernetes e2e suite" time="0">
          <skipped></skipped>
      </testcase>
      <testcase name="[sig-storage] Storage Policy Based Volume Provisioning [Feature:vsphere] verify VSAN storage capability with valid objectSpaceReservation and iopsLimit values is honored for dynamically provisioned pvc using storageclass" classname="Kubernetes e2e suite" time="0">
          <skipped></skipped>
      </testcase>
      <testcase name="[sig-storage] Storage Policy Based Volume Provisioning [Feature:vsphere] verify VSAN storage capability with non-vsan datastore is not honored for dynamically provisioned pvc using storageclass" classname="Kubernetes e2e suite" time="0">
          <skipped></skipped>
      </testcase>
      <testcase name="[sig-network] Loadbalancing: L7 GCE [Slow] [Feature:kubemci] should create ingress with pre-shared certificate" classname="Kubernetes e2e suite" time="0">
          <skipped></skipped>
      </testcase>
      <testcase name="[sig-storage] PersistentVolumes-local  [Volume type: gce-localssd-scsi-fs] [Serial] Two pods mounting a local volume at the same time should be able to write from pod1 and read from pod2" classname="Kubernetes e2e suite" time="0">
          <skipped></skipped>
      </testcase>
      <testcase name="[sig-storage] PersistentVolumes-local  Local volume that cannot be mounted [Slow] should fail due to wrong node" classname="Kubernetes e2e suite" time="0">
          <skipped></skipped>
      </testcase>
      <testcase name="[sig-network] Services should provide secure master service  [Conformance]" classname="Kubernetes e2e suite" time="6.3294241"></testcase>
      <testcase name="[sig-instrumentation] Kibana Logging Instances Is Alive [Feature:Elasticsearch] should check that the Kibana logging instance is alive" classname="Kubernetes e2e suite" time="0">
          <skipped></skipped>
      </testcase>
      <testcase name="[sig-service-catalog] [Feature:PodPreset] PodPreset should not modify the pod on conflict" classname="Kubernetes e2e suite" time="0">
          <skipped></skipped>
      </testcase>
      <testcase name="[sig-cli] Kubectl client [k8s.io] Simple pod should support exec through an HTTP proxy" classname="Kubernetes e2e suite" time="0">
          <skipped></skipped>
      </testcase>
      <testcase name="[sig-storage] Projected should be consumable from pods in volume with mappings [NodeConformance] [Conformance]" classname="Kubernetes e2e suite" time="8.38366524"></testcase>
      <testcase name="[sig-storage] Subpath [Volume type: nfsPVC] should fail if subpath file is outside the volume [Slow]" classname="Kubernetes e2e suite" time="0">
          <skipped></skipped>
      </testcase>
      <testcase name="[sig-api-machinery] Servers with support for Table transformation should return generic metadata details across all namespaces for nodes" classname="Kubernetes e2e suite" time="0">
          <skipped></skipped>
      </testcase>
      <testcase name="[k8s.io] [sig-node] Kubelet [Serial] [Slow] [k8s.io] [sig-node] regular resource usage tracking resource tracking for 0 pods per node" classname="Kubernetes e2e suite" time="0">
          <skipped></skipped>
      </testcase>
      <testcase name="[k8s.io] Pods should allow activeDeadlineSeconds to be updated [NodeConformance] [Conformance]" classname="Kubernetes e2e suite" time="12.87182784"></testcase>
      <testcase name="[sig-cli] Kubectl client [k8s.io] Kubectl create quota should create a quota with scopes" classname="Kubernetes e2e suite" time="0">
          <skipped></skipped>
      </testcase>
      <testcase name="[sig-storage] PersistentVolumes-local  [Volume type: dir] Set fsGroup for local volume should not set different fsGroups for two pods simultaneously" classname="Kubernetes e2e suite" time="0">
          <skipped></skipped>
      </testcase>
      <testcase name="[sig-instrumentation] [Feature:PrometheusMonitoring] Prometheus should scrape metrics from annotated services." classname="Kubernetes e2e suite" time="0">
          <skipped></skipped>
      </testcase>
      <testcase name="[sig-storage] PersistentVolumes-local  StatefulSet with pod anti-affinity should use volumes spread across nodes" classname="Kubernetes e2e suite" time="0">
          <skipped></skipped>
      </testcase>
      <testcase name="[sig-storage] Projected should be consumable from pods in volume [NodeConformance] [Conformance]" classname="Kubernetes e2e suite" time="8.37765858"></testcase>
      <testcase name="[sig-instrumentation] Stackdriver Monitoring should run Custom Metrics - Stackdriver Adapter for new resource model [Feature:StackdriverCustomMetrics]" classname="Kubernetes e2e suite" time="0">
          <skipped></skipped>
      </testcase>
      <testcase name="[sig-storage] Projected should set DefaultMode on files [NodeConformance] [Conformance]" classname="Kubernetes e2e suite" time="8.36081296"></testcase>
      <testcase name="[sig-storage] Volume plugin streaming [Slow] Ceph-RBD [Feature:Volumes] should write files of various sizes, verify size, validate content" classname="Kubernetes e2e suite" time="0">
          <skipped></skipped>
      </testcase>
      <testcase name="[sig-apps] Job should run a job to completion when tasks succeed" classname="Kubernetes e2e suite" time="0">
          <skipped></skipped>
      </testcase>
      <testcase name="[sig-network] Networking Granular Checks: Services [Slow] should update nodePort: http [Slow]" classname="Kubernetes e2e suite" time="0">
          <skipped></skipped>
      </testcase>
      <testcase name="[sig-network] [Feature:PerformanceDNS] Should answer DNS query for maximum number of services per cluster" classname="Kubernetes e2e suite" time="0">
          <skipped></skipped>
      </testcase>
      <testcase name="[sig-storage] Subpath [Volume type: hostPathSymlink] should support existing single file" classname="Kubernetes e2e suite" time="0">
          <skipped></skipped>
      </testcase>
      <testcase name="[sig-storage] Flexvolumes [Disruptive] should be mountable when non-attachable" classname="Kubernetes e2e suite" time="0">
          <skipped></skipped>
      </testcase>
      <testcase name="[sig-storage] Subpath [Volume type: hostPath] should fail if subpath file is outside the volume [Slow]" classname="Kubernetes e2e suite" time="0">
          <skipped></skipped>
      </testcase>
      <testcase name="[sig-autoscaling] [HPA] Horizontal pod autoscaling (scale resource: CPU) [sig-autoscaling] [Serial] [Slow] ReplicaSet Should scale from 5 pods to 3 pods and from 3 to 1" classname="Kubernetes e2e suite" time="0">
          <skipped></skipped>
      </testcase>
      <testcase name="[sig-storage] PersistentVolumes-local  [Volume type: dir] Set fsGroup for local volume should set fsGroup for one pod" classname="Kubernetes e2e suite" time="0">
          <skipped></skipped>
      </testcase>
      <testcase name="[sig-storage] Subpath [Volume type: gluster] should support readOnly file specified in the volumeMount" classname="Kubernetes e2e suite" time="0">
          <skipped></skipped>
      </testcase>
      <testcase name="[k8s.io] Downward API [Serial] [Disruptive] [NodeFeature:EphemeralStorage] Downward API tests for local ephemeral storage should provide default limits.ephemeral-storage from node allocatable" classname="Kubernetes e2e suite" time="0">
          <skipped></skipped>
      </testcase>
      <testcase name="[sig-storage] Volume Operations Storm [Feature:vsphere] should create pod with many volumes and verify no attach call fails" classname="Kubernetes e2e suite" time="0">
          <skipped></skipped>
      </testcase>
      <testcase name="[sig-network] ESIPP [Slow] [DisabledForLargeClusters] should work for type=LoadBalancer" classname="Kubernetes e2e suite" time="0">
          <skipped></skipped>
      </testcase>
      <testcase name="[sig-instrumentation] Cluster level logging implemented by Stackdriver should ingest system logs from all nodes [Feature:StackdriverLogging]" classname="Kubernetes e2e suite" time="0">
          <skipped></skipped>
      </testcase>
      <testcase name="[sig-instrumentation] MetricsGrabber should grab all metrics from a ControllerManager." classname="Kubernetes e2e suite" time="0">
          <skipped></skipped>
      </testcase>
      <testcase name="[sig-storage] EmptyDir volumes should support (root,0777,tmpfs) [NodeConformance] [Conformance]" classname="Kubernetes e2e suite" time="8.3718255"></testcase>
      <testcase name="[sig-scalability] Load capacity [Feature:ManualPerformance] should be able to handle 30 pods per node { Random} with 0 secrets, 0 configmaps and 0 daemons with quotas" classname="Kubernetes e2e suite" time="0">
          <skipped></skipped>
      </testcase>
      <testcase name="[sig-scalability] Density [Feature:ManualPerformance] should allow starting 100 pods per node using { ReplicationController} with 0 secrets, 0 configmaps and 0 daemons" classname="Kubernetes e2e suite" time="0">
          <skipped></skipped>
      </testcase>
      <testcase name="[sig-storage] Projected should be consumable in multiple volumes in a pod [NodeConformance] [Conformance]" classname="Kubernetes e2e suite" time="8.38441672"></testcase>
      <testcase name="[sig-autoscaling] Cluster size autoscaling [Slow] should be able to scale down by draining multiple pods one by one as dictated by pdb[Feature:ClusterSizeAutoscalingScaleDown]" classname="Kubernetes e2e suite" time="0">
          <skipped></skipped>
      </testcase>
      <testcase name="[sig-storage] PersistentVolumes-local  [Volume type: block] [Feature:BlockVolume] One pod requesting one prebound PVC should be able to mount volume and read from pod1" classname="Kubernetes e2e suite" time="0">
          <skipped></skipped>
      </testcase>
      <testcase name="[sig-storage] Dynamic Provisioning DynamicProvisioner should not provision a volume in an unmanaged GCE zone." classname="Kubernetes e2e suite" time="0">
          <skipped></skipped>
      </testcase>
      <testcase name="[sig-storage] PersistentVolumes-local  [Volume type: dir-link-bindmounted] One pod requesting one prebound PVC should be able to mount volume and read from pod1" classname="Kubernetes e2e suite" time="0">
          <skipped></skipped>
      </testcase>
      <testcase name="[sig-cli] Kubectl Port forwarding [k8s.io] With a server listening on localhost [k8s.io] that expects a client request should support a client that connects, sends DATA, and disconnects" classname="Kubernetes e2e suite" time="0">
          <skipped></skipped>
      </testcase>
      <testcase name="[sig-network] Networking Granular Checks: Services [Slow] should function for pod-Service: udp" classname="Kubernetes e2e suite" time="0">
          <skipped></skipped>
      </testcase>
      <testcase name="[sig-storage] EmptyDir volumes should support (root,0777,default) [NodeConformance] [Conformance]" classname="Kubernetes e2e suite" time="8.37853088"></testcase>
      <testcase name="[sig-storage] Volume FStype [Feature:vsphere] verify fstype - default value should be ext4" classname="Kubernetes e2e suite" time="0">
          <skipped></skipped>
      </testcase>
      <testcase name="[sig-storage] PersistentVolumes [Feature:ReclaimPolicy] [sig-storage] persistentvolumereclaim:vsphere should not detach and unmount PV when associated pvc with delete as reclaimPolicy is deleted when it is in use by the pod" classname="Kubernetes e2e suite" time="0">
          <skipped></skipped>
      </testcase>
      <testcase name="[sig-cluster-lifecycle] ingress Upgrade [Feature:IngressUpgrade] ingress upgrade should maintain a functioning ingress" classname="Kubernetes e2e suite" time="0">
          <skipped></skipped>
      </testcase>
      <testcase name="[sig-scheduling] PodPriorityResolution [Serial] [Feature:PodPreemption] validates critical system priorities are created and resolved" classname="Kubernetes e2e suite" time="0">
          <skipped></skipped>
      </testcase>
      <testcase name="[sig-storage] Subpath [Volume type: hostPathSymlink] should support readOnly directory specified in the volumeMount" classname="Kubernetes e2e suite" time="0">
          <skipped></skipped>
      </testcase>
      <testcase name="[sig-cli] Kubectl client [k8s.io] Kubectl replace should update a single-container pod&#39;s image  [Conformance]" classname="Kubernetes e2e suite" time="15.17484894"></testcase>
      <testcase name="[sig-apps] StatefulSet [k8s.io] Basic StatefulSet functionality [StatefulSetBasic] should perform canary updates and phased rolling updates of template modifications [Conformance]" classname="Kubernetes e2e suite" time="126.6141962"></testcase>
      <testcase name="[sig-scheduling] Multi-AZ Clusters should spread the pods of a replication controller across zones" classname="Kubernetes e2e suite" time="0">
          <skipped></skipped>
      </testcase>
      <testcase name="[sig-storage] Subpath [Volume type: nfs] should support restarting containers using directory as subpath [Slow]" classname="Kubernetes e2e suite" time="0">
          <skipped></skipped>
      </testcase>
      <testcase name="[sig-storage] [Serial] Volume metrics PVController should create none metrics for pvc controller before creating any PV or PVC" classname="Kubernetes e2e suite" time="0">
          <skipped></skipped>
      </testcase>
      <testcase name="[sig-storage] PersistentVolumes-local  [Volume type: gce-localssd-scsi-fs] [Serial] Set fsGroup for local volume should set fsGroup for one pod" classname="Kubernetes e2e suite" time="0">
          <skipped></skipped>
      </testcase>
      <testcase name="[sig-storage] Secrets should be consumable from pods in volume with mappings [NodeConformance] [Conformance]" classname="Kubernetes e2e suite" time="8.37519694"></testcase>
      <testcase name="[sig-apps] StatefulSet [k8s.io] Basic StatefulSet functionality [StatefulSetBasic] should implement legacy replacement when the update strategy is OnDelete" classname="Kubernetes e2e suite" time="0">
          <skipped></skipped>
      </testcase>
      <testcase name="[sig-storage] Dynamic Provisioning Block volume provisioning [Feature:BlockVolume] should create and delete block persistent volumes" classname="Kubernetes e2e suite" time="0">
          <skipped></skipped>
      </testcase>
      <testcase name="[sig-network] Services should serve multiport endpoints from pods  [Conformance]" classname="Kubernetes e2e suite" time="26.47719028"></testcase>
      <testcase name="[sig-network] Loadbalancing: L7 GCE [Slow] [Feature:Ingress] should support multiple TLS certs" classname="Kubernetes e2e suite" time="0">
          <skipped></skipped>
      </testcase>
      <testcase name="[sig-storage] Projected should be consumable from pods in volume with defaultMode set [NodeConformance] [Conformance]" classname="Kubernetes e2e suite" time="8.3856929"></testcase>
      <testcase name="[sig-storage] PersistentVolumes-local  [Volume type: blockfs] One pod requesting one prebound PVC should be able to mount volume and write from pod1" classname="Kubernetes e2e suite" time="0">
          <skipped></skipped>
      </testcase>
      <testcase name="[sig-storage] Subpath [Volume type: hostPathSymlink] should support creating multiple subpath from same volumes [Slow]" classname="Kubernetes e2e suite" time="0">
          <skipped></skipped>
      </testcase>
      <testcase name="[sig-api-machinery] Garbage collector should delete RS created by deployment when not orphaning [Conformance]" classname="Kubernetes e2e suite" time="7.3711098"></testcase>
      <testcase name="[sig-storage] PersistentVolumes-local  [Volume type: tmpfs] One pod requesting one prebound PVC should be able to mount volume and write from pod1" classname="Kubernetes e2e suite" time="0">
          <skipped></skipped>
      </testcase>
      <testcase name="[sig-storage] Subpath [Volume type: emptyDir] should support restarting containers using file as subpath [Slow]" classname="Kubernetes e2e suite" time="0">
          <skipped></skipped>
      </testcase>
      <testcase name="[sig-api-machinery] Downward API should provide container&#39;s limits.cpu/memory and requests.cpu/memory as env vars [NodeConformance] [Conformance]" classname="Kubernetes e2e suite" time="309.31374916">
          <failure type="Failure">/root/gopath/src/k8s.io/kubernetes/_output/local/go/src/k8s.io/kubernetes/test/e2e/framework/framework.go:684&#xA;Expected error:&#xA;    &lt;*errors.errorString | 0x44217806a0&gt;: {&#xA;        s: &#34;expected pod \&#34;downward-api-988c42db-b4a7-11e8-bc45-00073e906c7f\&#34; success: Gave up after waiting 5m0s for pod \&#34;downward-api-988c42db-b4a7-11e8-bc45-00073e906c7f\&#34; to be \&#34;success or failure\&#34;&#34;,&#xA;    }&#xA;    expected pod &#34;downward-api-988c42db-b4a7-11e8-bc45-00073e906c7f&#34; success: Gave up after waiting 5m0s for pod &#34;downward-api-988c42db-b4a7-11e8-bc45-00073e906c7f&#34; to be &#34;success or failure&#34;&#xA;not to have occurred&#xA;/root/gopath/src/k8s.io/kubernetes/_output/local/go/src/k8s.io/kubernetes/test/e2e/framework/util.go:2325</failure>
          <system-out>[BeforeEach] [sig-api-machinery] Downward API&#xA;  /root/gopath/src/k8s.io/kubernetes/_output/local/go/src/k8s.io/kubernetes/test/e2e/framework/framework.go:141&#xA;�[1mSTEP�[0m: Creating a kubernetes client&#xA;Sep 10 03:14:14.498: INFO: &gt;&gt;&gt; kubeConfig: /etc/kubernetes/admin.conf&#xA;�[1mSTEP�[0m: Building a namespace api object&#xA;�[1mSTEP�[0m: Waiting for a default service account to be provisioned in namespace&#xA;[It] should provide container&#39;s limits.cpu/memory and requests.cpu/memory as env vars [NodeConformance] [Conformance]&#xA;  /root/gopath/src/k8s.io/kubernetes/_output/local/go/src/k8s.io/kubernetes/test/e2e/framework/framework.go:684&#xA;�[1mSTEP�[0m: Creating a pod to test downward api env vars&#xA;Sep 10 03:14:14.674: INFO: Waiting up to 5m0s for pod &#34;downward-api-988c42db-b4a7-11e8-bc45-00073e906c7f&#34; in namespace &#34;e2e-tests-downward-api-d58pn&#34; to be &#34;success or failure&#34;&#xA;Sep 10 03:14:14.679: INFO: Pod &#34;downward-api-988c42db-b4a7-11e8-bc45-00073e906c7f&#34;: Phase=&#34;Pending&#34;, Reason=&#34;&#34;, readiness=false. Elapsed: 4.48164ms&#xA;Sep 10 03:14:16.684: INFO: Pod &#34;downward-api-988c42db-b4a7-11e8-bc45-00073e906c7f&#34;: Phase=&#34;Pending&#34;, Reason=&#34;&#34;, readiness=false. Elapsed: 2.00959518s&#xA;Sep 10 03:14:18.689: INFO: Pod &#34;downward-api-988c42db-b4a7-11e8-bc45-00073e906c7f&#34;: Phase=&#34;Pending&#34;, Reason=&#34;&#34;, readiness=false. Elapsed: 4.0147162s&#xA;Sep 10 03:14:20.694: INFO: Pod &#34;downward-api-988c42db-b4a7-11e8-bc45-00073e906c7f&#34;: Phase=&#34;Pending&#34;, Reason=&#34;&#34;, readiness=false. Elapsed: 6.01994294s&#xA;Sep 10 03:14:22.699: INFO: Pod &#34;downward-api-988c42db-b4a7-11e8-bc45-00073e906c7f&#34;: Phase=&#34;Pending&#34;, Reason=&#34;&#34;, readiness=false. Elapsed: 8.0247037s&#xA;Sep 10 03:14:24.704: INFO: Pod &#34;downward-api-988c42db-b4a7-11e8-bc45-00073e906c7f&#34;: Phase=&#34;Pending&#34;, Reason=&#34;&#34;, readiness=false. Elapsed: 10.029616s&#xA;Sep 10 03:14:26.709: INFO: Pod &#34;downward-api-988c42db-b4a7-11e8-bc45-00073e906c7f&#34;: Phase=&#34;Pending&#34;, Reason=&#34;&#34;, readiness=false. Elapsed: 12.03464184s&#xA;Sep 10 03:14:28.714: INFO: Pod &#34;downward-api-988c42db-b4a7-11e8-bc45-00073e906c7f&#34;: Phase=&#34;Pending&#34;, Reason=&#34;&#34;, readiness=false. Elapsed: 14.03978894s&#xA;Sep 10 03:14:30.719: INFO: Pod &#34;downward-api-988c42db-b4a7-11e8-bc45-00073e906c7f&#34;: Phase=&#34;Pending&#34;, Reason=&#34;&#34;, readiness=false. Elapsed: 16.04498294s&#xA;Sep 10 03:14:32.725: INFO: Pod &#34;downward-api-988c42db-b4a7-11e8-bc45-00073e906c7f&#34;: Phase=&#34;Pending&#34;, Reason=&#34;&#34;, readiness=false. Elapsed: 18.05020936s&#xA;Sep 10 03:14:34.730: INFO: Pod &#34;downward-api-988c42db-b4a7-11e8-bc45-00073e906c7f&#34;: Phase=&#34;Pending&#34;, Reason=&#34;&#34;, readiness=false. Elapsed: 20.05546084s&#xA;Sep 10 03:14:36.735: INFO: Pod &#34;downward-api-988c42db-b4a7-11e8-bc45-00073e906c7f&#34;: Phase=&#34;Pending&#34;, Reason=&#34;&#34;, readiness=false. Elapsed: 22.06060446s&#xA;Sep 10 03:14:38.740: INFO: Pod &#34;downward-api-988c42db-b4a7-11e8-bc45-00073e906c7f&#34;: Phase=&#34;Pending&#34;, Reason=&#34;&#34;, readiness=false. Elapsed: 24.06543536s&#xA;Sep 10 03:14:40.745: INFO: Pod &#34;downward-api-988c42db-b4a7-11e8-bc45-00073e906c7f&#34;: Phase=&#34;Pending&#34;, Reason=&#34;&#34;, readiness=false. Elapsed: 26.07033974s&#xA;Sep 10 03:14:42.750: INFO: Pod &#34;downward-api-988c42db-b4a7-11e8-bc45-00073e906c7f&#34;: Phase=&#34;Pending&#34;, Reason=&#34;&#34;, readiness=false. Elapsed: 28.07517374s&#xA;Sep 10 03:14:44.755: INFO: Pod &#34;downward-api-988c42db-b4a7-11e8-bc45-00073e906c7f&#34;: Phase=&#34;Pending&#34;, Reason=&#34;&#34;, readiness=false. Elapsed: 30.08035886s&#xA;Sep 10 03:14:46.760: INFO: Pod &#34;downward-api-988c42db-b4a7-11e8-bc45-00073e906c7f&#34;: Phase=&#34;Pending&#34;, Reason=&#34;&#34;, readiness=false. Elapsed: 32.08534166s&#xA;Sep 10 03:14:48.773: INFO: Pod &#34;downward-api-988c42db-b4a7-11e8-bc45-00073e906c7f&#34;: Phase=&#34;Pending&#34;, Reason=&#34;&#34;, readiness=false. Elapsed: 34.09853534s&#xA;Sep 10 03:14:50.778: INFO: Pod &#34;downward-api-988c42db-b4a7-11e8-bc45-00073e906c7f&#34;: Phase=&#34;Pending&#34;, Reason=&#34;&#34;, readiness=false. Elapsed: 36.10371424s&#xA;Sep 10 03:14:52.784: INFO: Pod &#34;downward-api-988c42db-b4a7-11e8-bc45-00073e906c7f&#34;: Phase=&#34;Pending&#34;, Reason=&#34;&#34;, readiness=false. Elapsed: 38.10962858s&#xA;Sep 10 03:14:54.789: INFO: Pod &#34;downward-api-988c42db-b4a7-11e8-bc45-00073e906c7f&#34;: Phase=&#34;Pending&#34;, Reason=&#34;&#34;, readiness=false. Elapsed: 40.11496448s&#xA;Sep 10 03:14:56.794: INFO: Pod &#34;downward-api-988c42db-b4a7-11e8-bc45-00073e906c7f&#34;: Phase=&#34;Pending&#34;, Reason=&#34;&#34;, readiness=false. Elapsed: 42.11993184s&#xA;Sep 10 03:14:58.799: INFO: Pod &#34;downward-api-988c42db-b4a7-11e8-bc45-00073e906c7f&#34;: Phase=&#34;Pending&#34;, Reason=&#34;&#34;, readiness=false. Elapsed: 44.12487614s&#xA;Sep 10 03:15:00.805: INFO: Pod &#34;downward-api-988c42db-b4a7-11e8-bc45-00073e906c7f&#34;: Phase=&#34;Pending&#34;, Reason=&#34;&#34;, readiness=false. Elapsed: 46.13014504s&#xA;Sep 10 03:15:02.810: INFO: Pod &#34;downward-api-988c42db-b4a7-11e8-bc45-00073e906c7f&#34;: Phase=&#34;Pending&#34;, Reason=&#34;&#34;, readiness=false. Elapsed: 48.13509874s&#xA;Sep 10 03:15:04.815: INFO: Pod &#34;downward-api-988c42db-b4a7-11e8-bc45-00073e906c7f&#34;: Phase=&#34;Pending&#34;, Reason=&#34;&#34;, readiness=false. Elapsed: 50.14032428s&#xA;Sep 10 03:15:06.820: INFO: Pod &#34;downward-api-988c42db-b4a7-11e8-bc45-00073e906c7f&#34;: Phase=&#34;Pending&#34;, Reason=&#34;&#34;, readiness=false. Elapsed: 52.14528422s&#xA;Sep 10 03:15:08.825: INFO: Pod &#34;downward-api-988c42db-b4a7-11e8-bc45-00073e906c7f&#34;: Phase=&#34;Pending&#34;, Reason=&#34;&#34;, readiness=false. Elapsed: 54.15025344s&#xA;Sep 10 03:15:10.830: INFO: Pod &#34;downward-api-988c42db-b4a7-11e8-bc45-00073e906c7f&#34;: Phase=&#34;Pending&#34;, Reason=&#34;&#34;, readiness=false. Elapsed: 56.15549166s&#xA;Sep 10 03:15:12.835: INFO: Pod &#34;downward-api-988c42db-b4a7-11e8-bc45-00073e906c7f&#34;: Phase=&#34;Pending&#34;, Reason=&#34;&#34;, readiness=false. Elapsed: 58.16027624s&#xA;Sep 10 03:15:14.840: INFO: Pod &#34;downward-api-988c42db-b4a7-11e8-bc45-00073e906c7f&#34;: Phase=&#34;Pending&#34;, Reason=&#34;&#34;, readiness=false. Elapsed: 1m0.16508142s&#xA;Sep 10 03:15:16.844: INFO: Pod &#34;downward-api-988c42db-b4a7-11e8-bc45-00073e906c7f&#34;: Phase=&#34;Pending&#34;, Reason=&#34;&#34;, readiness=false. Elapsed: 1m2.16998622s&#xA;Sep 10 03:15:18.849: INFO: Pod &#34;downward-api-988c42db-b4a7-11e8-bc45-00073e906c7f&#34;: Phase=&#34;Pending&#34;, Reason=&#34;&#34;, readiness=false. Elapsed: 1m4.17491304s&#xA;Sep 10 03:15:20.854: INFO: Pod &#34;downward-api-988c42db-b4a7-11e8-bc45-00073e906c7f&#34;: Phase=&#34;Pending&#34;, Reason=&#34;&#34;, readiness=false. Elapsed: 1m6.17972316s&#xA;Sep 10 03:15:22.859: INFO: Pod &#34;downward-api-988c42db-b4a7-11e8-bc45-00073e906c7f&#34;: Phase=&#34;Pending&#34;, Reason=&#34;&#34;, readiness=false. Elapsed: 1m8.18459382s&#xA;Sep 10 03:15:24.864: INFO: Pod &#34;downward-api-988c42db-b4a7-11e8-bc45-00073e906c7f&#34;: Phase=&#34;Pending&#34;, Reason=&#34;&#34;, readiness=false. Elapsed: 1m10.18948242s&#xA;Sep 10 03:15:26.869: INFO: Pod &#34;downward-api-988c42db-b4a7-11e8-bc45-00073e906c7f&#34;: Phase=&#34;Pending&#34;, Reason=&#34;&#34;, readiness=false. Elapsed: 1m12.19459572s&#xA;Sep 10 03:15:28.874: INFO: Pod &#34;downward-api-988c42db-b4a7-11e8-bc45-00073e906c7f&#34;: Phase=&#34;Pending&#34;, Reason=&#34;&#34;, readiness=false. Elapsed: 1m14.19951732s&#xA;Sep 10 03:15:30.879: INFO: Pod &#34;downward-api-988c42db-b4a7-11e8-bc45-00073e906c7f&#34;: Phase=&#34;Pending&#34;, Reason=&#34;&#34;, readiness=false. Elapsed: 1m16.20458926s&#xA;Sep 10 03:15:32.884: INFO: Pod &#34;downward-api-988c42db-b4a7-11e8-bc45-00073e906c7f&#34;: Phase=&#34;Pending&#34;, Reason=&#34;&#34;, readiness=false. Elapsed: 1m18.20957756s&#xA;Sep 10 03:15:34.889: INFO: Pod &#34;downward-api-988c42db-b4a7-11e8-bc45-00073e906c7f&#34;: Phase=&#34;Pending&#34;, Reason=&#34;&#34;, readiness=false. Elapsed: 1m20.21451348s&#xA;Sep 10 03:15:36.894: INFO: Pod &#34;downward-api-988c42db-b4a7-11e8-bc45-00073e906c7f&#34;: Phase=&#34;Pending&#34;, Reason=&#34;&#34;, readiness=false. Elapsed: 1m22.2195246s&#xA;Sep 10 03:15:38.899: INFO: Pod &#34;downward-api-988c42db-b4a7-11e8-bc45-00073e906c7f&#34;: Phase=&#34;Pending&#34;, Reason=&#34;&#34;, readiness=false. Elapsed: 1m24.22459508s&#xA;Sep 10 03:15:40.904: INFO: Pod &#34;downward-api-988c42db-b4a7-11e8-bc45-00073e906c7f&#34;: Phase=&#34;Pending&#34;, Reason=&#34;&#34;, readiness=false. Elapsed: 1m26.22941644s&#xA;Sep 10 03:15:42.909: INFO: Pod &#34;downward-api-988c42db-b4a7-11e8-bc45-00073e906c7f&#34;: Phase=&#34;Pending&#34;, Reason=&#34;&#34;, readiness=false. Elapsed: 1m28.23469458s&#xA;Sep 10 03:15:44.914: INFO: Pod &#34;downward-api-988c42db-b4a7-11e8-bc45-00073e906c7f&#34;: Phase=&#34;Pending&#34;, Reason=&#34;&#34;, readiness=false. Elapsed: 1m30.23955004s&#xA;Sep 10 03:15:46.919: INFO: Pod &#34;downward-api-988c42db-b4a7-11e8-bc45-00073e906c7f&#34;: Phase=&#34;Pending&#34;, Reason=&#34;&#34;, readiness=false. Elapsed: 1m32.24443662s&#xA;Sep 10 03:15:48.924: INFO: Pod &#34;downward-api-988c42db-b4a7-11e8-bc45-00073e906c7f&#34;: Phase=&#34;Pending&#34;, Reason=&#34;&#34;, readiness=false. Elapsed: 1m34.24938284s&#xA;Sep 10 03:15:50.929: INFO: Pod &#34;downward-api-988c42db-b4a7-11e8-bc45-00073e906c7f&#34;: Phase=&#34;Pending&#34;, Reason=&#34;&#34;, readiness=false. Elapsed: 1m36.25434626s&#xA;Sep 10 03:15:52.934: INFO: Pod &#34;downward-api-988c42db-b4a7-11e8-bc45-00073e906c7f&#34;: Phase=&#34;Pending&#34;, Reason=&#34;&#34;, readiness=false. Elapsed: 1m38.25935716s&#xA;Sep 10 03:15:54.939: INFO: Pod &#34;downward-api-988c42db-b4a7-11e8-bc45-00073e906c7f&#34;: Phase=&#34;Pending&#34;, Reason=&#34;&#34;, readiness=false. Elapsed: 1m40.26447686s&#xA;Sep 10 03:15:56.944: INFO: Pod &#34;downward-api-988c42db-b4a7-11e8-bc45-00073e906c7f&#34;: Phase=&#34;Pending&#34;, Reason=&#34;&#34;, readiness=false. Elapsed: 1m42.26947868s&#xA;Sep 10 03:15:58.949: INFO: Pod &#34;downward-api-988c42db-b4a7-11e8-bc45-00073e906c7f&#34;: Phase=&#34;Pending&#34;, Reason=&#34;&#34;, readiness=false. Elapsed: 1m44.27453072s&#xA;Sep 10 03:16:00.954: INFO: Pod &#34;downward-api-988c42db-b4a7-11e8-bc45-00073e906c7f&#34;: Phase=&#34;Pending&#34;, Reason=&#34;&#34;, readiness=false. Elapsed: 1m46.27959258s&#xA;Sep 10 03:16:02.960: INFO: Pod &#34;downward-api-988c42db-b4a7-11e8-bc45-00073e906c7f&#34;: Phase=&#34;Pending&#34;, Reason=&#34;&#34;, readiness=false. Elapsed: 1m48.28506286s&#xA;Sep 10 03:16:04.964: INFO: Pod &#34;downward-api-988c42db-b4a7-11e8-bc45-00073e906c7f&#34;: Phase=&#34;Pending&#34;, Reason=&#34;&#34;, readiness=false. Elapsed: 1m50.28986834s&#xA;Sep 10 03:16:06.969: INFO: Pod &#34;downward-api-988c42db-b4a7-11e8-bc45-00073e906c7f&#34;: Phase=&#34;Pending&#34;, Reason=&#34;&#34;, readiness=false. Elapsed: 1m52.2947066s&#xA;Sep 10 03:16:08.974: INFO: Pod &#34;downward-api-988c42db-b4a7-11e8-bc45-00073e906c7f&#34;: Phase=&#34;Pending&#34;, Reason=&#34;&#34;, readiness=false. Elapsed: 1m54.29956622s&#xA;Sep 10 03:16:10.979: INFO: Pod &#34;downward-api-988c42db-b4a7-11e8-bc45-00073e906c7f&#34;: Phase=&#34;Pending&#34;, Reason=&#34;&#34;, readiness=false. Elapsed: 1m56.3043799s&#xA;Sep 10 03:16:12.984: INFO: Pod &#34;downward-api-988c42db-b4a7-11e8-bc45-00073e906c7f&#34;: Phase=&#34;Pending&#34;, Reason=&#34;&#34;, readiness=false. Elapsed: 1m58.30931296s&#xA;Sep 10 03:16:14.989: INFO: Pod &#34;downward-api-988c42db-b4a7-11e8-bc45-00073e906c7f&#34;: Phase=&#34;Pending&#34;, Reason=&#34;&#34;, readiness=false. Elapsed: 2m0.31414326s&#xA;Sep 10 03:16:16.993: INFO: Pod &#34;downward-api-988c42db-b4a7-11e8-bc45-00073e906c7f&#34;: Phase=&#34;Pending&#34;, Reason=&#34;&#34;, readiness=false. Elapsed: 2m2.31870944s&#xA;Sep 10 03:16:18.998: INFO: Pod &#34;downward-api-988c42db-b4a7-11e8-bc45-00073e906c7f&#34;: Phase=&#34;Pending&#34;, Reason=&#34;&#34;, readiness=false. Elapsed: 2m4.32364628s&#xA;Sep 10 03:16:21.003: INFO: Pod &#34;downward-api-988c42db-b4a7-11e8-bc45-00073e906c7f&#34;: Phase=&#34;Pending&#34;, Reason=&#34;&#34;, readiness=false. Elapsed: 2m6.3286516s&#xA;Sep 10 03:16:23.008: INFO: Pod &#34;downward-api-988c42db-b4a7-11e8-bc45-00073e906c7f&#34;: Phase=&#34;Pending&#34;, Reason=&#34;&#34;, readiness=false. Elapsed: 2m8.3335608s&#xA;Sep 10 03:16:25.013: INFO: Pod &#34;downward-api-988c42db-b4a7-11e8-bc45-00073e906c7f&#34;: Phase=&#34;Pending&#34;, Reason=&#34;&#34;, readiness=false. Elapsed: 2m10.3385043s&#xA;Sep 10 03:16:27.018: INFO: Pod &#34;downward-api-988c42db-b4a7-11e8-bc45-00073e906c7f&#34;: Phase=&#34;Pending&#34;, Reason=&#34;&#34;, readiness=false. Elapsed: 2m12.34334s&#xA;Sep 10 03:16:29.023: INFO: Pod &#34;downward-api-988c42db-b4a7-11e8-bc45-00073e906c7f&#34;: Phase=&#34;Pending&#34;, Reason=&#34;&#34;, readiness=false. Elapsed: 2m14.34817662s&#xA;Sep 10 03:16:31.029: INFO: Pod &#34;downward-api-988c42db-b4a7-11e8-bc45-00073e906c7f&#34;: Phase=&#34;Pending&#34;, Reason=&#34;&#34;, readiness=false. Elapsed: 2m16.35497894s&#xA;Sep 10 03:16:33.034: INFO: Pod &#34;downward-api-988c42db-b4a7-11e8-bc45-00073e906c7f&#34;: Phase=&#34;Pending&#34;, Reason=&#34;&#34;, readiness=false. Elapsed: 2m18.3597857s&#xA;Sep 10 03:16:35.039: INFO: Pod &#34;downward-api-988c42db-b4a7-11e8-bc45-00073e906c7f&#34;: Phase=&#34;Pending&#34;, Reason=&#34;&#34;, readiness=false. Elapsed: 2m20.36480572s&#xA;Sep 10 03:16:37.044: INFO: Pod &#34;downward-api-988c42db-b4a7-11e8-bc45-00073e906c7f&#34;: Phase=&#34;Pending&#34;, Reason=&#34;&#34;, readiness=false. Elapsed: 2m22.36968928s&#xA;Sep 10 03:16:39.049: INFO: Pod &#34;downward-api-988c42db-b4a7-11e8-bc45-00073e906c7f&#34;: Phase=&#34;Pending&#34;, Reason=&#34;&#34;, readiness=false. Elapsed: 2m24.3744571s&#xA;Sep 10 03:16:41.054: INFO: Pod &#34;downward-api-988c42db-b4a7-11e8-bc45-00073e906c7f&#34;: Phase=&#34;Pending&#34;, Reason=&#34;&#34;, readiness=false. Elapsed: 2m26.37918122s&#xA;Sep 10 03:16:43.059: INFO: Pod &#34;downward-api-988c42db-b4a7-11e8-bc45-00073e906c7f&#34;: Phase=&#34;Pending&#34;, Reason=&#34;&#34;, readiness=false. Elapsed: 2m28.38417252s&#xA;Sep 10 03:16:45.065: INFO: Pod &#34;downward-api-988c42db-b4a7-11e8-bc45-00073e906c7f&#34;: Phase=&#34;Pending&#34;, Reason=&#34;&#34;, readiness=false. Elapsed: 2m30.39090224s&#xA;Sep 10 03:16:47.073: INFO: Pod &#34;downward-api-988c42db-b4a7-11e8-bc45-00073e906c7f&#34;: Phase=&#34;Pending&#34;, Reason=&#34;&#34;, readiness=false. Elapsed: 2m32.39825954s&#xA;Sep 10 03:16:49.083: INFO: Pod &#34;downward-api-988c42db-b4a7-11e8-bc45-00073e906c7f&#34;: Phase=&#34;Pending&#34;, Reason=&#34;&#34;, readiness=false. Elapsed: 2m34.40902172s&#xA;Sep 10 03:16:51.089: INFO: Pod &#34;downward-api-988c42db-b4a7-11e8-bc45-00073e906c7f&#34;: Phase=&#34;Pending&#34;, Reason=&#34;&#34;, readiness=false. Elapsed: 2m36.41430466s&#xA;Sep 10 03:16:53.094: INFO: Pod &#34;downward-api-988c42db-b4a7-11e8-bc45-00073e906c7f&#34;: Phase=&#34;Pending&#34;, Reason=&#34;&#34;, readiness=false. Elapsed: 2m38.4193708s&#xA;Sep 10 03:16:55.099: INFO: Pod &#34;downward-api-988c42db-b4a7-11e8-bc45-00073e906c7f&#34;: Phase=&#34;Pending&#34;, Reason=&#34;&#34;, readiness=false. Elapsed: 2m40.424591s&#xA;Sep 10 03:16:57.104: INFO: Pod &#34;downward-api-988c42db-b4a7-11e8-bc45-00073e906c7f&#34;: Phase=&#34;Pending&#34;, Reason=&#34;&#34;, readiness=false. Elapsed: 2m42.42970876s&#xA;Sep 10 03:16:59.109: INFO: Pod &#34;downward-api-988c42db-b4a7-11e8-bc45-00073e906c7f&#34;: Phase=&#34;Pending&#34;, Reason=&#34;&#34;, readiness=false. Elapsed: 2m44.43460496s&#xA;Sep 10 03:17:01.114: INFO: Pod &#34;downward-api-988c42db-b4a7-11e8-bc45-00073e906c7f&#34;: Phase=&#34;Pending&#34;, Reason=&#34;&#34;, readiness=false. Elapsed: 2m46.4398374s&#xA;Sep 10 03:17:03.119: INFO: Pod &#34;downward-api-988c42db-b4a7-11e8-bc45-00073e906c7f&#34;: Phase=&#34;Pending&#34;, Reason=&#34;&#34;, readiness=false. Elapsed: 2m48.4447196s&#xA;Sep 10 03:17:05.124: INFO: Pod &#34;downward-api-988c42db-b4a7-11e8-bc45-00073e906c7f&#34;: Phase=&#34;Pending&#34;, Reason=&#34;&#34;, readiness=false. Elapsed: 2m50.44984512s&#xA;Sep 10 03:17:07.129: INFO: Pod &#34;downward-api-988c42db-b4a7-11e8-bc45-00073e906c7f&#34;: Phase=&#34;Pending&#34;, Reason=&#34;&#34;, readiness=false. Elapsed: 2m52.45487468s&#xA;Sep 10 03:17:09.135: INFO: Pod &#34;downward-api-988c42db-b4a7-11e8-bc45-00073e906c7f&#34;: Phase=&#34;Pending&#34;, Reason=&#34;&#34;, readiness=false. Elapsed: 2m54.46010804s&#xA;Sep 10 03:17:11.140: INFO: Pod &#34;downward-api-988c42db-b4a7-11e8-bc45-00073e906c7f&#34;: Phase=&#34;Pending&#34;, Reason=&#34;&#34;, readiness=false. Elapsed: 2m56.46533414s&#xA;Sep 10 03:17:13.145: INFO: Pod &#34;downward-api-988c42db-b4a7-11e8-bc45-00073e906c7f&#34;: Phase=&#34;Pending&#34;, Reason=&#34;&#34;, readiness=false. Elapsed: 2m58.47049802s&#xA;Sep 10 03:17:15.150: INFO: Pod &#34;downward-api-988c42db-b4a7-11e8-bc45-00073e906c7f&#34;: Phase=&#34;Pending&#34;, Reason=&#34;&#34;, readiness=false. Elapsed: 3m0.47564926s&#xA;Sep 10 03:17:17.155: INFO: Pod &#34;downward-api-988c42db-b4a7-11e8-bc45-00073e906c7f&#34;: Phase=&#34;Pending&#34;, Reason=&#34;&#34;, readiness=false. Elapsed: 3m2.48073532s&#xA;Sep 10 03:17:19.160: INFO: Pod &#34;downward-api-988c42db-b4a7-11e8-bc45-00073e906c7f&#34;: Phase=&#34;Pending&#34;, Reason=&#34;&#34;, readiness=false. Elapsed: 3m4.48603276s&#xA;Sep 10 03:17:21.165: INFO: Pod &#34;downward-api-988c42db-b4a7-11e8-bc45-00073e906c7f&#34;: Phase=&#34;Pending&#34;, Reason=&#34;&#34;, readiness=false. Elapsed: 3m6.4908423s&#xA;Sep 10 03:17:23.170: INFO: Pod &#34;downward-api-988c42db-b4a7-11e8-bc45-00073e906c7f&#34;: Phase=&#34;Pending&#34;, Reason=&#34;&#34;, readiness=false. Elapsed: 3m8.4959625s&#xA;Sep 10 03:17:25.176: INFO: Pod &#34;downward-api-988c42db-b4a7-11e8-bc45-00073e906c7f&#34;: Phase=&#34;Pending&#34;, Reason=&#34;&#34;, readiness=false. Elapsed: 3m10.50110292s&#xA;Sep 10 03:17:27.181: INFO: Pod &#34;downward-api-988c42db-b4a7-11e8-bc45-00073e906c7f&#34;: Phase=&#34;Pending&#34;, Reason=&#34;&#34;, readiness=false. Elapsed: 3m12.50621688s&#xA;Sep 10 03:17:29.199: INFO: Pod &#34;downward-api-988c42db-b4a7-11e8-bc45-00073e906c7f&#34;: Phase=&#34;Pending&#34;, Reason=&#34;&#34;, readiness=false. Elapsed: 3m14.5245544s&#xA;Sep 10 03:17:31.204: INFO: Pod &#34;downward-api-988c42db-b4a7-11e8-bc45-00073e906c7f&#34;: Phase=&#34;Pending&#34;, Reason=&#34;&#34;, readiness=false. Elapsed: 3m16.52984272s&#xA;Sep 10 03:17:33.209: INFO: Pod &#34;downward-api-988c42db-b4a7-11e8-bc45-00073e906c7f&#34;: Phase=&#34;Pending&#34;, Reason=&#34;&#34;, readiness=false. Elapsed: 3m18.5348516s&#xA;Sep 10 03:17:35.214: INFO: Pod &#34;downward-api-988c42db-b4a7-11e8-bc45-00073e906c7f&#34;: Phase=&#34;Pending&#34;, Reason=&#34;&#34;, readiness=false. Elapsed: 3m20.53990624s&#xA;Sep 10 03:17:37.220: INFO: Pod &#34;downward-api-988c42db-b4a7-11e8-bc45-00073e906c7f&#34;: Phase=&#34;Pending&#34;, Reason=&#34;&#34;, readiness=false. Elapsed: 3m22.5450868s&#xA;Sep 10 03:17:39.227: INFO: Pod &#34;downward-api-988c42db-b4a7-11e8-bc45-00073e906c7f&#34;: Phase=&#34;Pending&#34;, Reason=&#34;&#34;, readiness=false. Elapsed: 3m24.5525773s&#xA;Sep 10 03:17:41.232: INFO: Pod &#34;downward-api-988c42db-b4a7-11e8-bc45-00073e906c7f&#34;: Phase=&#34;Pending&#34;, Reason=&#34;&#34;, readiness=false. Elapsed: 3m26.55770244s&#xA;Sep 10 03:17:43.238: INFO: Pod &#34;downward-api-988c42db-b4a7-11e8-bc45-00073e906c7f&#34;: Phase=&#34;Pending&#34;, Reason=&#34;&#34;, readiness=false. Elapsed: 3m28.5631408s&#xA;Sep 10 03:17:45.243: INFO: Pod &#34;downward-api-988c42db-b4a7-11e8-bc45-00073e906c7f&#34;: Phase=&#34;Pending&#34;, Reason=&#34;&#34;, readiness=false. Elapsed: 3m30.56828606s&#xA;Sep 10 03:17:47.248: INFO: Pod &#34;downward-api-988c42db-b4a7-11e8-bc45-00073e906c7f&#34;: Phase=&#34;Pending&#34;, Reason=&#34;&#34;, readiness=false. Elapsed: 3m32.57343984s&#xA;Sep 10 03:17:49.253: INFO: Pod &#34;downward-api-988c42db-b4a7-11e8-bc45-00073e906c7f&#34;: Phase=&#34;Pending&#34;, Reason=&#34;&#34;, readiness=false. Elapsed: 3m34.57818494s&#xA;Sep 10 03:17:51.258: INFO: Pod &#34;downward-api-988c42db-b4a7-11e8-bc45-00073e906c7f&#34;: Phase=&#34;Pending&#34;, Reason=&#34;&#34;, readiness=false. Elapsed: 3m36.58325056s&#xA;Sep 10 03:17:53.263: INFO: Pod &#34;downward-api-988c42db-b4a7-11e8-bc45-00073e906c7f&#34;: Phase=&#34;Pending&#34;, Reason=&#34;&#34;, readiness=false. Elapsed: 3m38.58834888s&#xA;Sep 10 03:17:55.267: INFO: Pod &#34;downward-api-988c42db-b4a7-11e8-bc45-00073e906c7f&#34;: Phase=&#34;Pending&#34;, Reason=&#34;&#34;, readiness=false. Elapsed: 3m40.59302808s&#xA;Sep 10 03:17:57.273: INFO: Pod &#34;downward-api-988c42db-b4a7-11e8-bc45-00073e906c7f&#34;: Phase=&#34;Pending&#34;, Reason=&#34;&#34;, readiness=false. Elapsed: 3m42.59831104s&#xA;Sep 10 03:17:59.278: INFO: Pod &#34;downward-api-988c42db-b4a7-11e8-bc45-00073e906c7f&#34;: Phase=&#34;Pending&#34;, Reason=&#34;&#34;, readiness=false. Elapsed: 3m44.60347658s&#xA;Sep 10 03:18:01.283: INFO: Pod &#34;downward-api-988c42db-b4a7-11e8-bc45-00073e906c7f&#34;: Phase=&#34;Pending&#34;, Reason=&#34;&#34;, readiness=false. Elapsed: 3m46.60855038s&#xA;Sep 10 03:18:03.288: INFO: Pod &#34;downward-api-988c42db-b4a7-11e8-bc45-00073e906c7f&#34;: Phase=&#34;Pending&#34;, Reason=&#34;&#34;, readiness=false. Elapsed: 3m48.61356292s&#xA;Sep 10 03:18:05.293: INFO: Pod &#34;downward-api-988c42db-b4a7-11e8-bc45-00073e906c7f&#34;: Phase=&#34;Pending&#34;, Reason=&#34;&#34;, readiness=false. Elapsed: 3m50.61874842s&#xA;Sep 10 03:18:07.298: INFO: Pod &#34;downward-api-988c42db-b4a7-11e8-bc45-00073e906c7f&#34;: Phase=&#34;Pending&#34;, Reason=&#34;&#34;, readiness=false. Elapsed: 3m52.6238467s&#xA;Sep 10 03:18:09.303: INFO: Pod &#34;downward-api-988c42db-b4a7-11e8-bc45-00073e906c7f&#34;: Phase=&#34;Pending&#34;, Reason=&#34;&#34;, readiness=false. Elapsed: 3m54.62863628s&#xA;Sep 10 03:18:11.308: INFO: Pod &#34;downward-api-988c42db-b4a7-11e8-bc45-00073e906c7f&#34;: Phase=&#34;Pending&#34;, Reason=&#34;&#34;, readiness=false. Elapsed: 3m56.63379542s&#xA;Sep 10 03:18:13.314: INFO: Pod &#34;downward-api-988c42db-b4a7-11e8-bc45-00073e906c7f&#34;: Phase=&#34;Pending&#34;, Reason=&#34;&#34;, readiness=false. Elapsed: 3m58.63905302s&#xA;Sep 10 03:18:15.318: INFO: Pod &#34;downward-api-988c42db-b4a7-11e8-bc45-00073e906c7f&#34;: Phase=&#34;Pending&#34;, Reason=&#34;&#34;, readiness=false. Elapsed: 4m0.64402424s&#xA;Sep 10 03:18:17.324: INFO: Pod &#34;downward-api-988c42db-b4a7-11e8-bc45-00073e906c7f&#34;: Phase=&#34;Pending&#34;, Reason=&#34;&#34;, readiness=false. Elapsed: 4m2.64916622s&#xA;Sep 10 03:18:19.329: INFO: Pod &#34;downward-api-988c42db-b4a7-11e8-bc45-00073e906c7f&#34;: Phase=&#34;Pending&#34;, Reason=&#34;&#34;, readiness=false. Elapsed: 4m4.65412758s&#xA;Sep 10 03:18:21.334: INFO: Pod &#34;downward-api-988c42db-b4a7-11e8-bc45-00073e906c7f&#34;: Phase=&#34;Pending&#34;, Reason=&#34;&#34;, readiness=false. Elapsed: 4m6.65937658s&#xA;Sep 10 03:18:23.339: INFO: Pod &#34;downward-api-988c42db-b4a7-11e8-bc45-00073e906c7f&#34;: Phase=&#34;Pending&#34;, Reason=&#34;&#34;, readiness=false. Elapsed: 4m8.66423838s&#xA;Sep 10 03:18:25.344: INFO: Pod &#34;downward-api-988c42db-b4a7-11e8-bc45-00073e906c7f&#34;: Phase=&#34;Pending&#34;, Reason=&#34;&#34;, readiness=false. Elapsed: 4m10.66917862s&#xA;Sep 10 03:18:27.349: INFO: Pod &#34;downward-api-988c42db-b4a7-11e8-bc45-00073e906c7f&#34;: Phase=&#34;Pending&#34;, Reason=&#34;&#34;, readiness=false. Elapsed: 4m12.6743994s&#xA;Sep 10 03:18:29.354: INFO: Pod &#34;downward-api-988c42db-b4a7-11e8-bc45-00073e906c7f&#34;: Phase=&#34;Pending&#34;, Reason=&#34;&#34;, readiness=false. Elapsed: 4m14.67923094s&#xA;Sep 10 03:18:31.359: INFO: Pod &#34;downward-api-988c42db-b4a7-11e8-bc45-00073e906c7f&#34;: Phase=&#34;Pending&#34;, Reason=&#34;&#34;, readiness=false. Elapsed: 4m16.6841105s&#xA;Sep 10 03:18:33.364: INFO: Pod &#34;downward-api-988c42db-b4a7-11e8-bc45-00073e906c7f&#34;: Phase=&#34;Pending&#34;, Reason=&#34;&#34;, readiness=false. Elapsed: 4m18.68922982s&#xA;Sep 10 03:18:35.369: INFO: Pod &#34;downward-api-988c42db-b4a7-11e8-bc45-00073e906c7f&#34;: Phase=&#34;Pending&#34;, Reason=&#34;&#34;, readiness=false. Elapsed: 4m20.69431722s&#xA;Sep 10 03:18:37.374: INFO: Pod &#34;downward-api-988c42db-b4a7-11e8-bc45-00073e906c7f&#34;: Phase=&#34;Pending&#34;, Reason=&#34;&#34;, readiness=false. Elapsed: 4m22.69937976s&#xA;Sep 10 03:18:39.379: INFO: Pod &#34;downward-api-988c42db-b4a7-11e8-bc45-00073e906c7f&#34;: Phase=&#34;Pending&#34;, Reason=&#34;&#34;, readiness=false. Elapsed: 4m24.70437944s&#xA;Sep 10 03:18:41.384: INFO: Pod &#34;downward-api-988c42db-b4a7-11e8-bc45-00073e906c7f&#34;: Phase=&#34;Pending&#34;, Reason=&#34;&#34;, readiness=false. Elapsed: 4m26.70923736s&#xA;Sep 10 03:18:43.389: INFO: Pod &#34;downward-api-988c42db-b4a7-11e8-bc45-00073e906c7f&#34;: Phase=&#34;Pending&#34;, Reason=&#34;&#34;, readiness=false. Elapsed: 4m28.71435472s&#xA;Sep 10 03:18:45.394: INFO: Pod &#34;downward-api-988c42db-b4a7-11e8-bc45-00073e906c7f&#34;: Phase=&#34;Pending&#34;, Reason=&#34;&#34;, readiness=false. Elapsed: 4m30.71967142s&#xA;Sep 10 03:18:47.399: INFO: Pod &#34;downward-api-988c42db-b4a7-11e8-bc45-00073e906c7f&#34;: Phase=&#34;Pending&#34;, Reason=&#34;&#34;, readiness=false. Elapsed: 4m32.72473756s&#xA;Sep 10 03:18:49.414: INFO: Pod &#34;downward-api-988c42db-b4a7-11e8-bc45-00073e906c7f&#34;: Phase=&#34;Pending&#34;, Reason=&#34;&#34;, readiness=false. Elapsed: 4m34.73955678s&#xA;Sep 10 03:18:51.419: INFO: Pod &#34;downward-api-988c42db-b4a7-11e8-bc45-00073e906c7f&#34;: Phase=&#34;Pending&#34;, Reason=&#34;&#34;, readiness=false. Elapsed: 4m36.7446356s&#xA;Sep 10 03:18:53.424: INFO: Pod &#34;downward-api-988c42db-b4a7-11e8-bc45-00073e906c7f&#34;: Phase=&#34;Pending&#34;, Reason=&#34;&#34;, readiness=false. Elapsed: 4m38.74980854s&#xA;Sep 10 03:18:55.429: INFO: Pod &#34;downward-api-988c42db-b4a7-11e8-bc45-00073e906c7f&#34;: Phase=&#34;Pending&#34;, Reason=&#34;&#34;, readiness=false. Elapsed: 4m40.75491158s&#xA;Sep 10 03:18:57.434: INFO: Pod &#34;downward-api-988c42db-b4a7-11e8-bc45-00073e906c7f&#34;: Phase=&#34;Pending&#34;, Reason=&#34;&#34;, readiness=false. Elapsed: 4m42.7598685s&#xA;Sep 10 03:18:59.439: INFO: Pod &#34;downward-api-988c42db-b4a7-11e8-bc45-00073e906c7f&#34;: Phase=&#34;Pending&#34;, Reason=&#34;&#34;, readiness=false. Elapsed: 4m44.76489156s&#xA;Sep 10 03:19:01.445: INFO: Pod &#34;downward-api-988c42db-b4a7-11e8-bc45-00073e906c7f&#34;: Phase=&#34;Pending&#34;, Reason=&#34;&#34;, readiness=false. Elapsed: 4m46.77013204s&#xA;Sep 10 03:19:03.450: INFO: Pod &#34;downward-api-988c42db-b4a7-11e8-bc45-00073e906c7f&#34;: Phase=&#34;Pending&#34;, Reason=&#34;&#34;, readiness=false. Elapsed: 4m48.7755871s&#xA;Sep 10 03:19:05.455: INFO: Pod &#34;downward-api-988c42db-b4a7-11e8-bc45-00073e906c7f&#34;: Phase=&#34;Pending&#34;, Reason=&#34;&#34;, readiness=false. Elapsed: 4m50.78076468s&#xA;Sep 10 03:19:07.460: INFO: Pod &#34;downward-api-988c42db-b4a7-11e8-bc45-00073e906c7f&#34;: Phase=&#34;Pending&#34;, Reason=&#34;&#34;, readiness=false. Elapsed: 4m52.78546416s&#xA;Sep 10 03:19:09.465: INFO: Pod &#34;downward-api-988c42db-b4a7-11e8-bc45-00073e906c7f&#34;: Phase=&#34;Pending&#34;, Reason=&#34;&#34;, readiness=false. Elapsed: 4m54.7905666s&#xA;Sep 10 03:19:11.470: INFO: Pod &#34;downward-api-988c42db-b4a7-11e8-bc45-00073e906c7f&#34;: Phase=&#34;Pending&#34;, Reason=&#34;&#34;, readiness=false. Elapsed: 4m56.79566996s&#xA;Sep 10 03:19:13.475: INFO: Pod &#34;downward-api-988c42db-b4a7-11e8-bc45-00073e906c7f&#34;: Phase=&#34;Pending&#34;, Reason=&#34;&#34;, readiness=false. Elapsed: 4m58.80079226s&#xA;Sep 10 03:19:15.491: INFO: Failed to get logs from node &#34;node3&#34; pod &#34;downward-api-988c42db-b4a7-11e8-bc45-00073e906c7f&#34; container &#34;dapi-container&#34;: the server rejected our request for an unknown reason (get pods downward-api-988c42db-b4a7-11e8-bc45-00073e906c7f)&#xA;�[1mSTEP�[0m: delete the pod&#xA;Sep 10 03:19:15.498: INFO: Waiting for pod downward-api-988c42db-b4a7-11e8-bc45-00073e906c7f to disappear&#xA;Sep 10 03:19:15.504: INFO: Pod downward-api-988c42db-b4a7-11e8-bc45-00073e906c7f still exists&#xA;Sep 10 03:19:17.504: INFO: Waiting for pod downward-api-988c42db-b4a7-11e8-bc45-00073e906c7f to disappear&#xA;Sep 10 03:19:17.509: INFO: Pod downward-api-988c42db-b4a7-11e8-bc45-00073e906c7f no longer exists&#xA;Sep 10 03:19:17.509: INFO: Unexpected error occurred: expected pod &#34;downward-api-988c42db-b4a7-11e8-bc45-00073e906c7f&#34; success: Gave up after waiting 5m0s for pod &#34;downward-api-988c42db-b4a7-11e8-bc45-00073e906c7f&#34; to be &#34;success or failure&#34;&#xA;[AfterEach] [sig-api-machinery] Downward API&#xA;  /root/gopath/src/k8s.io/kubernetes/_output/local/go/src/k8s.io/kubernetes/test/e2e/framework/framework.go:142&#xA;�[1mSTEP�[0m: Collecting events from namespace &#34;e2e-tests-downward-api-d58pn&#34;.&#xA;�[1mSTEP�[0m: Found 7 events.&#xA;Sep 10 03:19:17.516: INFO: At 2018-09-10 03:14:14 +0000 UTC - event for downward-api-988c42db-b4a7-11e8-bc45-00073e906c7f: {default-scheduler } Scheduled: Successfully assigned e2e-tests-downward-api-d58pn/downward-api-988c42db-b4a7-11e8-bc45-00073e906c7f to node3&#xA;Sep 10 03:19:17.516: INFO: At 2018-09-10 03:14:15 +0000 UTC - event for downward-api-988c42db-b4a7-11e8-bc45-00073e906c7f: {kubelet node3} Pulling: pulling image &#34;busybox&#34;&#xA;Sep 10 03:19:17.516: INFO: At 2018-09-10 03:14:21 +0000 UTC - event for downward-api-988c42db-b4a7-11e8-bc45-00073e906c7f: {kubelet node3} Failed: Failed to pull image &#34;busybox&#34;: rpc error: code = Unknown desc = Error while pulling image: Get https://index.docker.io/v1/repositories/library/busybox/images: http: error connecting to proxy http://192.168.2.109:8118: dial tcp 192.168.2.109:8118: getsockopt: no route to host&#xA;Sep 10 03:19:17.516: INFO: At 2018-09-10 03:14:21 +0000 UTC - event for downward-api-988c42db-b4a7-11e8-bc45-00073e906c7f: {kubelet node3} Failed: Error: ErrImagePull&#xA;Sep 10 03:19:17.516: INFO: At 2018-09-10 03:14:22 +0000 UTC - event for downward-api-988c42db-b4a7-11e8-bc45-00073e906c7f: {kubelet node3} SandboxChanged: Pod sandbox changed, it will be killed and re-created.&#xA;Sep 10 03:19:17.516: INFO: At 2018-09-10 03:15:03 +0000 UTC - event for downward-api-988c42db-b4a7-11e8-bc45-00073e906c7f: {kubelet node3} BackOff: Back-off pulling image &#34;busybox&#34;&#xA;Sep 10 03:19:17.516: INFO: At 2018-09-10 03:15:03 +0000 UTC - event for downward-api-988c42db-b4a7-11e8-bc45-00073e906c7f: {kubelet node3} Failed: Error: ImagePullBackOff&#xA;Sep 10 03:19:17.529: INFO: POD                            NODE   PHASE    GRACE  CONDITIONS&#xA;Sep 10 03:19:17.529: INFO: coredns-78fcdf6894-f55jj       node3  Running         [{Initialized True 0001-01-01 00:00:00 +0000 UTC 2018-09-01 03:57:03 +0000 UTC  } {Ready True 0001-01-01 00:00:00 +0000 UTC 2018-09-07 08:42:02 +0000 UTC  } {ContainersReady True 0001-01-01 00:00:00 +0000 UTC 0001-01-01 00:00:00 +0000 UTC  } {PodScheduled True 0001-01-01 00:00:00 +0000 UTC 2018-09-01 03:57:03 +0000 UTC  }]&#xA;Sep 10 03:19:17.529: INFO: coredns-78fcdf6894-vlxkz       node3  Running         [{Initialized True 0001-01-01 00:00:00 +0000 UTC 2018-09-01 03:57:03 +0000 UTC  } {Ready True 0001-01-01 00:00:00 +0000 UTC 2018-09-07 08:42:02 +0000 UTC  } {ContainersReady True 0001-01-01 00:00:00 +0000 UTC 0001-01-01 00:00:00 +0000 UTC  } {PodScheduled True 0001-01-01 00:00:00 +0000 UTC 2018-09-01 03:57:03 +0000 UTC  }]&#xA;Sep 10 03:19:17.529: INFO: etcd-node3                     node3  Running         [{Initialized True 0001-01-01 00:00:00 +0000 UTC 2018-09-07 08:40:49 +0000 UTC  } {Ready True 0001-01-01 00:00:00 +0000 UTC 2018-09-07 08:40:51 +0000 UTC  } {ContainersReady True 0001-01-01 00:00:00 +0000 UTC 0001-01-01 00:00:00 +0000 UTC  } {PodScheduled True 0001-01-01 00:00:00 +0000 UTC 2018-09-07 08:40:49 +0000 UTC  }]&#xA;Sep 10 03:19:17.529: INFO: kube-apiserver-node3           node3  Running         [{Initialized True 0001-01-01 00:00:00 +0000 UTC 2018-09-07 08:40:49 +0000 UTC  } {Ready True 0001-01-01 00:00:00 +0000 UTC 2018-09-07 08:40:51 +0000 UTC  } {ContainersReady True 0001-01-01 00:00:00 +0000 UTC 0001-01-01 00:00:00 +0000 UTC  } {PodScheduled True 0001-01-01 00:00:00 +0000 UTC 2018-09-07 08:40:49 +0000 UTC  }]&#xA;Sep 10 03:19:17.529: INFO: kube-controller-manager-node3  node3  Running         [{Initialized True 0001-01-01 00:00:00 +0000 UTC 2018-09-07 08:40:49 +0000 UTC  } {Ready True 0001-01-01 00:00:00 +0000 UTC 2018-09-07 08:40:51 +0000 UTC  } {ContainersReady True 0001-01-01 00:00:00 +0000 UTC 0001-01-01 00:00:00 +0000 UTC  } {PodScheduled True 0001-01-01 00:00:00 +0000 UTC 2018-09-07 08:40:49 +0000 UTC  }]&#xA;Sep 10 03:19:17.529: INFO: kube-proxy-d6xgq               node3  Running         [{Initialized True 0001-01-01 00:00:00 +0000 UTC 2018-09-01 03:55:38 +0000 UTC  } {Ready True 0001-01-01 00:00:00 +0000 UTC 2018-09-07 08:41:32 +0000 UTC  } {ContainersReady True 0001-01-01 00:00:00 +0000 UTC 0001-01-01 00:00:00 +0000 UTC  } {PodScheduled True 0001-01-01 00:00:00 +0000 UTC 2018-09-01 03:55:38 +0000 UTC  }]&#xA;Sep 10 03:19:17.529: INFO: kube-scheduler-node3           node3  Running         [{Initialized True 0001-01-01 00:00:00 +0000 UTC 2018-09-07 08:40:50 +0000 UTC  } {Ready True 0001-01-01 00:00:00 +0000 UTC 2018-09-07 08:40:51 +0000 UTC  } {ContainersReady True 0001-01-01 00:00:00 +0000 UTC 0001-01-01 00:00:00 +0000 UTC  } {PodScheduled True 0001-01-01 00:00:00 +0000 UTC 2018-09-07 08:40:50 +0000 UTC  }]&#xA;Sep 10 03:19:17.529: INFO: weave-net-qrwm8                node3  Running         [{Initialized True 0001-01-01 00:00:00 +0000 UTC 2018-09-01 03:55:38 +0000 UTC  } {Ready True 0001-01-01 00:00:00 +0000 UTC 2018-09-07 08:41:59 +0000 UTC  } {ContainersReady True 0001-01-01 00:00:00 +0000 UTC 0001-01-01 00:00:00 +0000 UTC  } {PodScheduled True 0001-01-01 00:00:00 +0000 UTC 2018-09-01 03:55:38 +0000 UTC  }]&#xA;Sep 10 03:19:17.529: INFO: &#xA;Sep 10 03:19:17.534: INFO: &#xA;Logging node info for node node3&#xA;Sep 10 03:19:17.539: INFO: Node Info: &amp;Node{ObjectMeta:k8s_io_apimachinery_pkg_apis_meta_v1.ObjectMeta{Name:node3,GenerateName:,Namespace:,SelfLink:/api/v1/nodes/node3,UID:d76c0c97-ad9a-11e8-a7d7-1e59e086a4f1,ResourceVersion:508928,Generation:0,CreationTimestamp:2018-09-01 03:55:18 +0000 UTC,DeletionTimestamp:&lt;nil&gt;,DeletionGracePeriodSeconds:nil,Labels:map[string]string{beta.kubernetes.io/arch: arm64,beta.kubernetes.io/os: linux,kubernetes.io/hostname: node3,node-role.kubernetes.io/master: ,},Annotations:map[string]string{kubeadm.alpha.kubernetes.io/cri-socket: /var/run/dockershim.sock,node.alpha.kubernetes.io/ttl: 0,volumes.kubernetes.io/controller-managed-attach-detach: true,},OwnerReferences:[],Finalizers:[],ClusterName:,Initializers:nil,},Spec:NodeSpec{PodCIDR:10.244.0.0/24,DoNotUse_ExternalID:,ProviderID:,Unschedulable:false,Taints:[],ConfigSource:nil,},Status:NodeStatus{Capacity:ResourceList{cpu: {{16 0} {&lt;nil&gt;} 16 DecimalSI},ephemeral-storage: {{82538430464 0} {&lt;nil&gt;}  BinarySI},hugepages-2Mi: {{0 0} {&lt;nil&gt;} 0 DecimalSI},memory: {{67535159296 0} {&lt;nil&gt;}  BinarySI},pods: {{110 0} {&lt;nil&gt;} 110 DecimalSI},},Allocatable:ResourceList{cpu: {{16 0} {&lt;nil&gt;} 16 DecimalSI},ephemeral-storage: {{74284587295 0} {&lt;nil&gt;} 74284587295 DecimalSI},hugepages-2Mi: {{0 0} {&lt;nil&gt;} 0 DecimalSI},memory: {{67430301696 0} {&lt;nil&gt;}  BinarySI},pods: {{110 0} {&lt;nil&gt;} 110 DecimalSI},},Phase:,Conditions:[{NetworkUnavailable False 2018-09-07 08:42:01 +0000 UTC 2018-09-07 08:42:01 +0000 UTC WeaveIsUp Weave pod has set this} {OutOfDisk False 2018-09-10 03:19:10 +0000 UTC 2018-09-01 03:55:11 +0000 UTC KubeletHasSufficientDisk kubelet has sufficient disk space available} {MemoryPressure False 2018-09-10 03:19:10 +0000 UTC 2018-09-01 03:55:11 +0000 UTC KubeletHasSufficientMemory kubelet has sufficient memory available} {DiskPressure False 2018-09-10 03:19:10 +0000 UTC 2018-09-01 03:55:11 +0000 UTC KubeletHasNoDiskPressure kubelet has no disk pressure} {PIDPressure False 2018-09-10 03:19:10 +0000 UTC 2018-09-01 03:55:11 +0000 UTC KubeletHasSufficientPID kubelet has sufficient PID available} {Ready True 2018-09-10 03:19:10 +0000 UTC 2018-09-04 01:30:47 +0000 UTC KubeletReady kubelet is posting ready status}],Addresses:[{InternalIP 192.168.2.117} {Hostname node3}],DaemonEndpoints:NodeDaemonEndpoints{KubeletEndpoint:DaemonEndpoint{Port:10250,},},NodeInfo:NodeSystemInfo{MachineID:373be5c264ac4b78a49077a4b4ded99c,SystemUUID:373be5c264ac4b78a49077a4b4ded99c,BootID:fa7f8a19-3d16-419b-9318-394c7eac5519,KernelVersion:4.4.58-20171215.kylin.server.YUN+-generic,OSImage:Kylin 4.0.2,ContainerRuntimeVersion:docker://1.12.6,KubeletVersion:v1.11.2,KubeProxyVersion:v1.11.2,OperatingSystem:linux,Architecture:arm64,},Images:[{[k8s.gcr.io/kube-cross@sha256:0c5809a727c38458e9a63b486cf83c504a24ff561d63a031d31e613f6ad50282 k8s.gcr.io/kube-cross:v1.10.2-1] 2076524551} {[mrdreambot/arm64-mysql@sha256:872464bd31f5db2ecfce15824c80a0b78ace914e80e78a0e98d2d9ef7e8bbb79 mrdreambot/arm64-mysql:latest] 529883867} {[bobsense/mysql@sha256:a20cd35207c46b0400ac48fdf21ebb8e432fa5b597eb5f4b6ec6a634ecc26a8a bobsense/mysql:latest] 529882429} {[mariadb@sha256:358f6b50afd9c25707e97869f0c57de802c53973a90a2ff49e283501fccce1b2 mariadb:10.1.14] 387643618} {[wordpress@sha256:b0460dba11737144b232a7794403d4052982f2332caeea82f618fc98d0547387 wordpress:latest] 367973768} {[mariadb@sha256:edef80de393cf4a79504168c663f8b0c6b15060333e5a7d7aee3dc0a4de6e927 mariadb:latest] 348940495} {[hyperhq/mariadb-arm64v8@sha256:bcf8c747e35eddfcd36ffc6011b00ececb56fe467afb290280d80709299fd80d hyperhq/mariadb-arm64v8:10.3-1] 348507360} {[hyperhq/mariadb-arm64v8:10.3] 348507300} {[hyperhq/mariadb-arm64v8@sha256:720d233b09adbea084c15cfa4909008a2df201b300b10c9fd39464bce60af0db hyperhq/mariadb-arm64v8:10.3-2] 348507153} {[bobsense/nginx-arm64@sha256:224f3b5fd469754e5e701bedd28c633c92ba21c00d2b0e9376eaa4adb38b5603 bobsense/nginx-arm64:latest] 338655564} {[gcr.io/google-samples/gb-frontend-arm64@sha256:9587be21f54a9dc04e1f37b83a9d120231b205385d8deba0682d6fb22088e7c9 gcr.io/google-samples/gb-frontend-arm64:v5] 337228898} {[lsioarmhf/mariadb-aarch64@sha256:b2a1bd89d60c579f07ae1837280a2b3b5f35f11f756b9aa61e6a025af03ddf87 lsioarmhf/mariadb-aarch64:latest] 327268490} {[ebspace/aarch64-mysql@sha256:d9f5f5d222a155c930e3837976b5b457e48c000cf34e6919d0f8a0b73dc39965 ebspace/aarch64-mysql:latest] 262591608} {[tobi312/rpi-mysql@sha256:2f0b069765901afbb162838359778088b8d9fdba30b201d5cf51381ec008802a tobi312/rpi-mysql:latest] 256067342} {[k8s.gcr.io/volume-nfs@sha256:83ba87be13a6f74361601c8614527e186ca67f49091e2d0d4ae8a8da67c403ee k8s.gcr.io/volume-nfs:0.8] 247146979} {[postgres@sha256:d9c44f9fc460dd8962c388eacf88a0e252b858ccdf33bc223f68112617e81fc9 postgres:10] 233845668} {[k8s.gcr.io/etcd-arm64@sha256:f0b7368ebb28e6226ab3b4dbce4b5c6d77dab7b5f6579b08fd645c00f7b100ff k8s.gcr.io/etcd-arm64:3.2.18] 229927444} {[k8s.gcr.io/kube-apiserver-arm64@sha256:5c77134dc174453fc0d900ee5cdcb7b488131a0edb934ae8e859a263f8ee55da k8s.gcr.io/kube-apiserver-arm64:v1.10.4] 218561963} {[k8s.gcr.io/kube-apiserver-arm64@sha256:ab41e3e38792750fa122dbeacf7d0d3d52b7ccc466f254c460733846da0ce0c9 k8s.gcr.io/kube-apiserver-arm64:v1.10.3] 218559018} {[hypriot/rpi-mysql@sha256:c1567c885cf560da66a647f91f7e16bfeea2968895f859b5732583a8db3570ea hypriot/rpi-mysql:latest] 209339591} {[gcr.io/kubernetes-e2e-test-images/jessie-dnsutils-arm64@sha256:92105b23ab1bcc1f72b7deeb4b7d72b27b4ba9a47b292fbd4f58f4080f0621a2 gcr.io/kubernetes-e2e-test-images/jessie-dnsutils-arm64:1.0] 193983470} {[k8s.gcr.io/kube-apiserver-arm64@sha256:31fa4a96f582953034fb2906bd2e557620943ebaa2c2f74ee719c89a9bffb0d4 k8s.gcr.io/kube-apiserver-arm64:v1.11.2] 185805939} {[k8s.gcr.io/etcd-arm64@sha256:c6418130352f3632f3858ff466f7fdcde5c2867d9471f40dbb99227ccbb6d458 k8s.gcr.io/etcd-arm64:3.1.12] 180941491} {[functions/faas-netesd@sha256:05072b13c8127d53b48466f6b16beae997ff008e13a74cdb5da64ca2f5708062 functions/faas-netesd:arm64-0.3-alpha6] 154407667} {[k8s.gcr.io/kube-controller-manager-arm64@sha256:af5e55e15e5ab06999716ef72792b0abed63c9fc972db99120b2c40febaf69a7 k8s.gcr.io/kube-controller-manager-arm64:v1.11.2] 153069058} {[functions/faas-netesd@sha256:0903fd0a2c6010fcef6f42eda8fdc22bf4aecc31571b7ab6f461041497f34aa4 functions/faas-netesd:0.4.3-arm64] 148751197} {[k8s.gcr.io/kube-controller-manager-arm64@sha256:138de23ccbdfab3f4e76e05c290aab26c9127a853db8a0cbc2d816b31d5aebbd k8s.gcr.io/kube-controller-manager-arm64:v1.10.4] 142046988} {[k8s.gcr.io/kube-controller-manager-arm64@sha256:4f99bac50d84f8757ef06d06e68eee0aa042fdb5969c300d23ad1ae3b1f914f5 k8s.gcr.io/kube-controller-manager-arm64:v1.10.3] 142046537} {[weaveworks/weave-kube@sha256:3c45b339ab2dc9c11c9c745e44afce27806dc1d8ecd1da84a88deb36756ac713 weaveworks/weave-kube:2.4.0] 131119125} {[k8s.gcr.io/nginx-slim-arm64@sha256:b95f8bebdc6d8a7b65f5954aa5aaea3209ad8a6af5261cf3c8cae0c0a1c0fb79 k8s.gcr.io/nginx-slim-arm64:0.27] 126129565} {[k8s.gcr.io/nginx-slim-arm64@sha256:ef47cf0719891fe4b84467af77f8e13618b05965b6663945411e1e11c15ffa14 k8s.gcr.io/nginx-slim-arm64:0.26] 126125347} {[hyperhq/postgres-wordpress-arm:latest] 110592210} {[wordpress@sha256:3c22b14d0269bd50b2011f6d749d8bee68e328167f774bef8bf11f5878a6035d wordpress:4.9-fpm-alpine] 107828983} {[functions/gateway@sha256:01aea2775bb40d69588d2c6e83e8b9ea5009b9f405b140e643eb4be2a775814d functions/gateway:arm64-0.6.6-beta2] 106004910} {[k8s.gcr.io/kube-proxy-arm64@sha256:3bb2bfdc016ae46d131af74040bec2c48134c733ae90fead4da3568014fb450a k8s.gcr.io/kube-proxy-arm64:v1.11.2] 102835336} {[nginx@sha256:3e2ffcf0edca2a4e9b24ca442d227baea7b7f0e33ad654ef1eb806fbd9bedcf0 nginx:latest] 102594503} {[k8s.gcr.io/kube-proxy-arm64@sha256:f024ad81abe8b9bf473c0b8ff5c96723505b8a592379d606038499f8a77f663b k8s.gcr.io/kube-proxy-arm64:v1.10.4] 100601489} {[k8s.gcr.io/kube-proxy-arm64@sha256:b21badcd0799bb7495ebcbc17557861384da1eac42d6527937a8aaed0c329d6c k8s.gcr.io/kube-proxy-arm64:v1.10.3] 100598796} {[k8s.gcr.io/echoserver@sha256:d2a8af33e4e6dc7f18fc8d0cd345b2c893922083c6e2c2cbf24a2efcaa7aa3ba k8s.gcr.io/echoserver:1.6] 95247805} {[gcr.io/google-samples/gb-redisslave-arm64@sha256:2420127acd816ebbdbaa33cab372493859c1d40b3a2d5d6fc05bc38887ad9511 gcr.io/google-samples/gb-redisslave-arm64:v2] 94082700} {[nginx@sha256:e3456c851a152494c3e4ff5fcc26f240206abac0c9d794affb40e0714846c451 nginx:1.7.9] 91641000} {[&lt;none&gt;@&lt;none&gt; &lt;none&gt;:&lt;none&gt;] 76567645} {[ubuntu@sha256:3f119dc0737f57f704ebecac8a6d8477b0f6ca1ca0332c7ee1395ed2c6a82be7 ubuntu:bionic] 76171071} {[k8s.gcr.io/kube-scheduler-arm64@sha256:3ece3012cc6fedf5193fd1c80aee4b6da2835098b7799d4940fb4a79fc1be0ee k8s.gcr.io/kube-scheduler-arm64:v1.11.2] 56216691} {[weaveworks/weave-npc@sha256:715b03e14874355f1f793f7bc11d843a00b390b2806bd996f1e47e8acb1020aa weaveworks/weave-npc:2.4.0] 51096437} {[k8s.gcr.io/k8s-dns-kube-dns-arm64@sha256:9bcc8fda237765f8b8f8fdf5af220b856adbc8b56d72dc4f336d44510d1749d9 k8s.gcr.io/k8s-dns-kube-dns-arm64:1.14.8] 49350613} {[k8s.gcr.io/kube-scheduler-arm64@sha256:fbff009828de95e14856325ebcfc6e1c0cdb456a052c62ba0c64221773c68686 k8s.gcr.io/kube-scheduler-arm64:v1.10.4] 48502539} {[k8s.gcr.io/kube-scheduler-arm64@sha256:6847ebb67c5a2928d8997d98001eb107a50601e85e07c3245f72b14df4518616 k8s.gcr.io/kube-scheduler-arm64:v1.10.3] 48434682} {[k8s.gcr.io/k8s-dns-dnsmasq-nanny-arm64@sha256:35ac228d45ab5f4209f25317506fa53b762f6d8ad333d1ff795393fa6e97b29c k8s.gcr.io/k8s-dns-dnsmasq-nanny-arm64:1.14.8] 42547598} {[k8s.gcr.io/k8s-dns-sidecar-arm64@sha256:b2c1e4e04d77ed564e918ebd16443dfb2217653b58293e616e36f034068d6da3 k8s.gcr.io/k8s-dns-sidecar-arm64:1.14.8] 41256276}],VolumesInUse:[],VolumesAttached:[],Config:nil,},}&#xA;Sep 10 03:19:17.540: INFO: &#xA;Logging kubelet events for node node3&#xA;Sep 10 03:19:17.544: INFO: &#xA;Logging pods the kubelet thinks is on node node3&#xA;Sep 10 03:19:17.556: INFO: weave-net-qrwm8 started at 2018-09-01 03:55:38 +0000 UTC (0+2 container statuses recorded)&#xA;Sep 10 03:19:17.556: INFO: &#x9;Container weave ready: true, restart count 4&#xA;Sep 10 03:19:17.556: INFO: &#x9;Container weave-npc ready: true, restart count 2&#xA;Sep 10 03:19:17.556: INFO: coredns-78fcdf6894-f55jj started at 2018-09-01 03:57:03 +0000 UTC (0+1 container statuses recorded)&#xA;Sep 10 03:19:17.556: INFO: &#x9;Container coredns ready: true, restart count 2&#xA;Sep 10 03:19:17.556: INFO: etcd-node3 started at &lt;nil&gt; (0+0 container statuses recorded)&#xA;Sep 10 03:19:17.556: INFO: kube-apiserver-node3 started at &lt;nil&gt; (0+0 container statuses recorded)&#xA;Sep 10 03:19:17.556: INFO: kube-controller-manager-node3 started at &lt;nil&gt; (0+0 container statuses recorded)&#xA;Sep 10 03:19:17.556: INFO: kube-scheduler-node3 started at &lt;nil&gt; (0+0 container statuses recorded)&#xA;Sep 10 03:19:17.556: INFO: kube-proxy-d6xgq started at 2018-09-01 03:55:38 +0000 UTC (0+1 container statuses recorded)&#xA;Sep 10 03:19:17.556: INFO: &#x9;Container kube-proxy ready: true, restart count 2&#xA;Sep 10 03:19:17.556: INFO: coredns-78fcdf6894-vlxkz started at 2018-09-01 03:57:03 +0000 UTC (0+1 container statuses recorded)&#xA;Sep 10 03:19:17.556: INFO: &#x9;Container coredns ready: true, restart count 2&#xA;Sep 10 03:19:17.647: INFO: &#xA;Latency metrics for node node3&#xA;Sep 10 03:19:17.647: INFO: {Operation:stop_container Method:docker_operations_latency_microseconds Quantile:0.99 Latency:20.00488s}&#xA;�[1mSTEP�[0m: Dumping a list of prepulled images on each node to file /e2e/image-puller.txt&#xA;Sep 10 03:19:17.654: INFO: Waiting up to 3m0s for all (but 0) nodes to be ready&#xA;�[1mSTEP�[0m: Destroying namespace &#34;e2e-tests-downward-api-d58pn&#34; for this suite.&#xA;Sep 10 03:19:23.674: INFO: Waiting up to 30s for server preferred namespaced resources to be successfully discovered&#xA;Sep 10 03:19:23.729: INFO: namespace: e2e-tests-downward-api-d58pn, resource: bindings, ignored listing per whitelist&#xA;Sep 10 03:19:23.811: INFO: namespace e2e-tests-downward-api-d58pn deletion completed in 6.15200344s&#xA;</system-out>
      </testcase>
      <testcase name="[sig-storage] Subpath [Volume type: gluster] should support readOnly directory specified in the volumeMount" classname="Kubernetes e2e suite" time="0">
          <skipped></skipped>
      </testcase>
      <testcase name="[sig-storage] EmptyDir volumes when FSGroup is specified [NodeFeature:FSGroup] volume on default medium should have the correct mode using FSGroup" classname="Kubernetes e2e suite" time="0">
          <skipped></skipped>
      </testcase>
      <testcase name="[sig-scalability] Load capacity [Feature:Performance] should be able to handle 30 pods per node { ReplicationController} with 0 secrets, 0 configmaps and 0 daemons" classname="Kubernetes e2e suite" time="0">
          <skipped></skipped>
      </testcase>
      <testcase name="[k8s.io] Probing container should be restarted with a docker exec liveness probe with timeout " classname="Kubernetes e2e suite" time="0">
          <skipped></skipped>
      </testcase>
      <testcase name="[sig-storage] Subpath [Volume type: gluster] should support existing directories when readOnly specified in the volumeSource" classname="Kubernetes e2e suite" time="0">
          <skipped></skipped>
      </testcase>
      <testcase name="[sig-cli] Kubectl client [k8s.io] Kubectl run pod should create a pod from an image when restart is Never  [Conformance]" classname="Kubernetes e2e suite" time="9.69786104"></testcase>
      <testcase name="[sig-storage] PersistentVolumes-local  [Volume type: tmpfs] Set fsGroup for local volume should set different fsGroup for second pod if first pod is deleted" classname="Kubernetes e2e suite" time="0">
          <skipped></skipped>
      </testcase>
      <testcase name="[sig-storage] EmptyDir volumes should support (non-root,0644,default) [NodeConformance] [Conformance]" classname="Kubernetes e2e suite" time="8.37123512"></testcase>
      <testcase name="[sig-storage] Subpath [Volume type: nfsPVC] should fail if subpath with backstepping is outside the volume [Slow]" classname="Kubernetes e2e suite" time="0">
          <skipped></skipped>
      </testcase>
      <testcase name="[sig-storage] PersistentVolumes-local  [Volume type: block] [Feature:BlockVolume] One pod requesting one prebound PVC should be able to mount volume and write from pod1" classname="Kubernetes e2e suite" time="0">
          <skipped></skipped>
      </testcase>
      <testcase name="[k8s.io] [sig-node] Security Context [Feature:SecurityContext] should support seccomp alpha unconfined annotation on the container [Feature:Seccomp]" classname="Kubernetes e2e suite" time="0">
          <skipped></skipped>
      </testcase>
      <testcase name="[k8s.io] [sig-node] AppArmor load AppArmor profiles can disable an AppArmor profile, using unconfined" classname="Kubernetes e2e suite" time="0">
          <skipped></skipped>
      </testcase>
      <testcase name="[sig-storage] Subpath [Volume type: gcePDPartitioned] should support existing directories when readOnly specified in the volumeSource" classname="Kubernetes e2e suite" time="0">
          <skipped></skipped>
      </testcase>
      <testcase name="[k8s.io] GKE local SSD [Feature:GKELocalSSD] should write and read from node local SSD [Feature:GKELocalSSD]" classname="Kubernetes e2e suite" time="0">
          <skipped></skipped>
      </testcase>
      <testcase name="[sig-apps] Deployment RecreateDeployment should delete old pods and create new ones" classname="Kubernetes e2e suite" time="0">
          <skipped></skipped>
      </testcase>
      <testcase name="[sig-storage] Subpath [Volume type: hostPath] should support readOnly file specified in the volumeMount" classname="Kubernetes e2e suite" time="0">
          <skipped></skipped>
      </testcase>
      <testcase name="[sig-scalability] Density [Feature:ManualPerformance] should allow starting 30 pods per node using { ReplicationController} with 0 secrets, 0 configmaps and 2 daemons" classname="Kubernetes e2e suite" time="0">
          <skipped></skipped>
      </testcase>
      <testcase name="[sig-storage] Volume Provisioning On Clustered Datastore [Feature:vsphere] verify static provisioning on clustered datastore" classname="Kubernetes e2e suite" time="0">
          <skipped></skipped>
      </testcase>
      <testcase name="[sig-apps] DisruptionController evictions: no PDB =&gt; should allow an eviction" classname="Kubernetes e2e suite" time="0">
          <skipped></skipped>
      </testcase>
      <testcase name="[sig-api-machinery] AdmissionWebhook Should be able to deny pod and configmap creation" classname="Kubernetes e2e suite" time="0">
          <skipped></skipped>
      </testcase>
      <testcase name="[sig-network] Services should serve a basic endpoint from pods  [Conformance]" classname="Kubernetes e2e suite" time="12.48132518"></testcase>
      <testcase name="[sig-network] ESIPP [Slow] [DisabledForLargeClusters] should only target nodes with endpoints" classname="Kubernetes e2e suite" time="0">
          <skipped></skipped>
      </testcase>
      <testcase name="[k8s.io] Cluster size autoscaler scalability [Slow] should scale up at all [Feature:ClusterAutoscalerScalability1]" classname="Kubernetes e2e suite" time="0">
          <skipped></skipped>
      </testcase>
      <testcase name="[sig-storage] Downward API volume should update annotations on modification [NodeConformance] [Conformance]" classname="Kubernetes e2e suite" time="26.90175238"></testcase>
      <testcase name="[sig-autoscaling] [HPA] Horizontal pod autoscaling (scale resource: CPU) [sig-autoscaling] [Serial] [Slow] ReplicationController Should scale from 5 pods to 3 pods and from 3 to 1 and verify decision stability" classname="Kubernetes e2e suite" time="0">
          <skipped></skipped>
      </testcase>
      <testcase name="[sig-cluster-lifecycle] Downgrade [Feature:Downgrade] cluster downgrade should maintain a functioning cluster [Feature:ClusterDowngrade]" classname="Kubernetes e2e suite" time="0">
          <skipped></skipped>
      </testcase>
      <testcase name="[sig-network] Services should have session affinity work for NodePort service" classname="Kubernetes e2e suite" time="0">
          <skipped></skipped>
      </testcase>
      <testcase name="[sig-scheduling] SchedulerPriorities [Serial] Pod should perfer to scheduled to nodes pod can tolerate" classname="Kubernetes e2e suite" time="0">
          <skipped></skipped>
      </testcase>
      <testcase name="[k8s.io] Docker Containers should be able to override the image&#39;s default command (docker entrypoint) [NodeConformance] [Conformance]" classname="Kubernetes e2e suite" time="8.37917936"></testcase>
      <testcase name="[sig-instrumentation] Cluster level logging implemented by Stackdriver [Feature:StackdriverLogging] [Soak] should ingest logs from applications running for a prolonged amount of time" classname="Kubernetes e2e suite" time="0">
          <skipped></skipped>
      </testcase>
      <testcase name="[sig-api-machinery] Watchers should observe add, update, and delete watch notifications on configmaps [Conformance]" classname="Kubernetes e2e suite" time="66.37296574"></testcase>
      <testcase name="[sig-api-machinery] Initializers [Feature:Initializers] should dynamically register and apply initializers to pods [Serial]" classname="Kubernetes e2e suite" time="0">
          <skipped></skipped>
      </testcase>
      <testcase name="[sig-cli] Kubectl client [k8s.io] Kubectl run --rm job should create a job from an image, then delete the job  [Conformance]" classname="Kubernetes e2e suite" time="322.46549406">
          <failure type="Failure">/root/gopath/src/k8s.io/kubernetes/_output/local/go/src/k8s.io/kubernetes/test/e2e/framework/framework.go:684&#xA;Expected error:&#xA;    &lt;*errors.errorString | 0x4421fc8180&gt;: {&#xA;        s: &#34;timed out waiting for command &amp;{/root/gopath/src/k8s.io/kubernetes/_output/bin/kubectl [kubectl --server=https://192.168.2.117:6443 --kubeconfig=/etc/kubernetes/admin.conf --namespace=e2e-tests-kubectl-gzcqn run e2e-test-rm-busybox-job --image=busybox --rm=true --generator=job/v1 --restart=OnFailure --attach=true --stdin -- sh -c cat &amp;&amp; echo &#39;stdin closed&#39;] []  0x4420a76ac0 \x00\x00\x00\x00\x00\x00\x00\x00\x00\x00\x00\x00\x00\x00\x00\x00\x00\x00\x00\x00\x00\x00\x00\x00\x00\x00\x00\x00\x00\x00\x00\x00\x00\x00\x00\x00\x00\x00\x00\x00\x00\x00\x00\x00\x00\x00\x00\x00\x00\x00\x00\x00\x00\x00\x00\x00\x00\x00\x00\x00\x00\x00\x00\x00\x00\x00\x00\x00\x00\x00\x00\x00\x00\x00\x00\x00\x00\x00\x00\x00\x00\x00\x00\x00\x00\x00\x00\x00\x00\x00\x00\x00\x00\x00\x00\x00\x00\x00\x00\x00\x00\x00\x00\x00\x00\x00\x00\x00\x00\x00\x00\x00\x00\x00\x00\x00\x00\x00\x00\x00\x00\x00\x00\x00\x00\x00\x00\x00\x00\x00\x00\x00\x00\x00\x00\x00\x00\x00\x00\x00\x00\x00\x00\x00\x00\x00\x00\x00\x00\x00\x00\x00\x00\x00\x00\x00\x00\x00\x00\x00\x00\x00\x00\x00\x00\x00\x00\x00\x00\x00\x00\x00\x00\x00\x00\x00\x00\x00\x00\x00\x00\x00\x00\x00\x00\x00\x00\x00\x00\x00\x00\x00\x00\x00\x00\x00\x00\x00\x00\x00\x00\x00\x00\x00\x00\x00\x00\x00\x00\x00\x00\x00\x00\x00\x00\x00\x00\x00\x00\x00\x00\x00\x00\x00\x00\x00\x00\x00\x00\x00\x00\x00\x00\x00\x00\x00\x00\x00\x00\x00\x00\x00\x00\x00\x00\x00\x00\x00\x00\x00\x00\x00\x00\x00\x00\x00\x00\x00\x00\x00\x00\x00\x00\x00\x00\x00\x00\x00\x00\x00\x00\x00\x00\x00\x00\x00\x00\x00\x00\x00\x00\x00\x00\x00\x00\x00\x00\x00\x00\x00\x00\x00\x00\x00\x00\x00\x00\x00\x00\x00\x00\x00\x00\x00\x00\x00\x00\x00\x00\x00\x00\x00\x00\x00\x00\x00\x00\x00\x00\x00\x00\x00\x00\x00\x00\x00\x00\x00\x00\x00\x00\x00\x00\x00\x00\x00\x00\x00\x00\x00\x00\x00\x00\x00\x00\x00\x00\x00\x00\x00\x00\x00\x00\x00\x00\x00\x00\x00\x00\x00\x00\x00\x00\x00\x00\x00\x00\x00\x00\x00\x00\x00\x00\x00\x00\x00\x00\x00\x00\x00\x00\x00\x00\x00\x00\x00\x00\x00\x00\x00\x00\x00\x00\x00\x00\x00\x00\x00\x00\x00\x00\x00\x00\x00\x00\x00\x00\x00\x00\x00\x00\x00\x00\x00\x00\x00\x00\x00\x00\x00\x00\x00\x00\x00\x00\x00\x00\x00\x00\x00\x00\x00\x00\x00\x00\x00\x00\x00\x00\x00\x00\x00\x00\x00\x00\x00\x00\x00\x00\x00\x00\x00\x00\x00\x00\x00\x00\x00\x00\x00\x00\x00\x00\x00\x00\x00\x00\x00\x00\x00\x00\x00\x00\x00\x00\x00\x00\x00\x00\x00\x00\x00\x00\x00\x00\x00\x00\x00\x00\x00\x00\x00\x00\x00\x00\x00\x00\x00\x00\x00\x00\x00\x00\x00\x00\x00\x00\x00\x00\x00\x00\x00 \x00\x00\x00\x00\x00\x00\x00\x00\x00\x00\x00\x00\x00\x00\x00\x00\x00\x00\x00\x00\x00\x00\x00\x00\x00\x00\x00\x00\x00\x00\x00\x00\x00\x00\x00\x00\x00\x00\x00\x00\x00\x00\x00\x00\x00\x00\x00\x00\x00\x00\x00\x00\x00\x00\x00\x00\x00\x00\x00\x00\x00\x00\x00\x00\x00\x00\x00\x00\x00\x00\x00\x00\x00\x00\x00\x00\x00\x00\x00\x00\x00\x00\x00\x00\x00\x00\x00\x00\x00\x00\x00\x00\x00\x00\x00\x00\x00\x00\x00\x00\x00\x00\x00\x00\x00\x00\x00\x00\x00\x00\x00\x00\x00\x00\x00\x00\x00\x00\x00\x00\x00\x00\x00\x00\x00\x00\x00\x00\x00\x00\x00\x00\x00\x00\x00\x00\x00\x00\x00\x00\x00\x00\x00\x00\x00\x00\x00\x00\x00\x00\x00\x00\x00\x00\x00\x00\x00\x00\x00\x00\x00\x00\x00\x00\x00\x00\x00\x00\x00\x00\x00\x00\x00\x00\x00\x00\x00\x00\x00\x00\x00\x00\x00\x00\x00\x00\x00\x00\x00\x00\x00\x00\x00\x00\x00\x00\x00\x00\x00\x00\x00\x00\x00\x00\x00\x00\x00\x00\x00\x00\x00\x00\x00\x00\x00\x00\x00\x00\x00\x00\x00\x00\x00\x00\x00\x00\x00\x00\x00\x00\x00\x00\x00\x00\x00\x00\x00\x00\x00\x00\x00\x00\x00\x00\x00\x00\x00\x00\x00\x00\x00\x00\x00\x00\x00\x00\x00\x00\x00\x00\x00\x00\x00\x00\x00\x00\x00\x00\x00\x00\x00\x00\x00\x00\x00\x00\x00\x00\x00\x00\x00\x00\x00\x00\x00\x00\x00\x00\x00\x00\x00\x00\x00\x00\x00\x00\x00\x00\x00\x00\x00\x00\x00\x00\x00\x00\x00\x00\x00\x00\x00\x00\x00\x00\x00\x00\x00\x00\x00\x00\x00\x00\x00\x00\x00\x00\x00\x00\x00\x00\x00\x00\x00\x00\x00\x00\x00\x00\x00\x00\x00\x00\x00\x00\x00\x00\x00\x00\x00\x00\x00\x00\x00\x00\x00\x00\x00\x00\x00\x00\x00\x00\x00\x00\x00\x00\x00\x00\x00\x00\x00\x00\x00\x00\x00\x00\x00\x00\x00\x00\x00\x00\x00\x00\x00\x00\x00\x00\x00\x00\x00\x00\x00\x00\x00\x00\x00\x00\x00\x00\x00\x00\x00\x00\x00\x00\x00\x00\x00\x00\x00\x00\x00\x00\x00\x00\x00\x00\x00\x00\x00\x00\x00\x00\x00\x00\x00\x00\x00\x00\x00\x00\x00\x00\x00\x00\x00\x00\x00\x00\x00\x00\x00\x00\x00\x00\x00\x00\x00\x00\x00\x00\x00\x00\x00\x00\x00\x00\x00\x00\x00\x00\x00\x00\x00\x00\x00\x00\x00\x00\x00\x00\x00\x00\x00\x00\x00\x00\x00\x00\x00\x00\x00\x00\x00\x00\x00\x00\x00\x00\x00\x00\x00\x00\x00\x00\x00\x00\x00\x00\x00\x00\x00\x00\x00\x00\x00\x00\x00\x00\x00\x00 [] &lt;nil&gt; 0x442155cd80 &lt;nil&gt; &lt;nil&gt; &lt;nil&gt; true [0x44218ce480 0x44218ce4a8 0x44218ce4b8] [0x44218ce480 0x44218ce4a8 0x44218ce4b8] [0x44218ce488 0x44218ce4a0 0x44218ce4b0] [0x84d960 0x84da50 0x84da50] 0x4421b09da0 &lt;nil&gt;}:\nCommand stdout:\n\x00\x00\x00\x00\x00\x00\x00\x00\x00\x00\x00\x00\x00\x00\x00\x00\x00\x00\x00\x00\x00\x00\x00\x00\x00\x00\x00\x00\x00\x00\x00\x00\x00\x00\x00\x00\x00\x00\x00\x00\x00\x00\x00\x00\x00\x00\x00\x00\x00\x00\x00\x00\x00\x00\x00\x00\x00\x00\x00\x00\x00\x00\x00\x00\x00\x00\x00\x00\x00\x00\x00\x00\x00\x00\x00\x00\x00\x00\x00\x00\x00\x00\x00\x00\x00\x00\x00\x00\x00\x00\x00\x00\x00\x00\x00\x00\x00\x00\x00\x00\x00\x00\x00\x00\x00\x00\x00\x00\x00\x00\x00\x00\x00\x00\x00\x00\x00\x00\x00\x00\x00\x00\x00\x00\x00\x00\x00\x00\x00\x00\x00\x00\x00\x00\x00\x00\x00\x00\x00\x00\x00\x00\x00\x00\x00\x00\x00\x00\x00\x00\x00\x00\x00\x00\x00\x00\x00\x00\x00\x00\x00\x00\x00\x00\x00\x00\x00\x00\x00\x00\x00\x00\x00\x00\x00\x00\x00\x00\x00\x00\x00\x00\x00\x00\x00\x00\x00\x00\x00\x00\x00\x00\x00\x00\x00\x00\x00\x00\x00\x00\x00\x00\x00\x00\x00\x00\x00\x00\x00\x00\x00\x00\x00\x00\x00\x00\x00\x00\x00\x00\x00\x00\x00\x00\x00\x00\x00\x00\x00\x00\x00\x00\x00\x00\x00\x00\x00\x00\x00\x00\x00\x00\x00\x00\x00\x00\x00\x00\x00\x00\x00\x00\x00\x00\x00\x00\x00\x00\x00\x00\x00\x00\x00\x00\x00\x00\x00\x00\x00\x00\x00\x00\x00\x00\x00\x00\x00\x00\x00\x00\x00\x00\x00\x00\x00\x00\x00\x00\x00\x00\x00\x00\x00\x00\x00\x00\x00\x00\x00\x00\x00\x00\x00\x00\x00\x00\x00\x00\x00\x00\x00\x00\x00\x00\x00\x00\x00\x00\x00\x00\x00\x00\x00\x00\x00\x00\x00\x00\x00\x00\x00\x00\x00\x00\x00\x00\x00\x00\x00\x00\x00\x00\x00\x00\x00\x00\x00\x00\x00\x00\x00\x00\x00\x00\x00\x00\x00\x00\x00\x00\x00\x00\x00\x00\x00\x00\x00\x00\x00\x00\x00\x00\x00\x00\x00\x00\x00\x00\x00\x00\x00\x00\x00\x00\x00\x00\x00\x00\x00\x00\x00\x00\x00\x00\x00\x00\x00\x00\x00\x00\x00\x00\x00\x00\x00\x00\x00\x00\x00\x00\x00\x00\x00\x00\x00\x00\x00\x00\x00\x00\x00\x00\x00\x00\x00\x00\x00\x00\x00\x00\x00\x00\x00\x00\x00\x00\x00\x00\x00\x00\x00\x00\x00\x00\x00\x00\x00\x00\x00\x00\x00\x00\x00\x00\x00\x00\x00\x00\x00\x00\x00\x00\x00\x00\x00\x00\x00\x00\x00\x00\x00\x00\x00\x00\x00\x00\x00\x00\x00\x00\x00\x00\x00\x00\x00\x00\x00\x00\x00\x00\x00\x00\x00\x00\x00\x00\x00\x00\x00\x00\x00\x00\x00\x00\x00\x00\x00\x00\x00\x00\x00\x00\nstderr:\n\x00\x00\x00\x00\x00\x00\x00\x00\x00\x00\x00\x00\x00\x00\x00\x00\x00\x00\x00\x00\x00\x00\x00\x00\x00\x00\x00\x00\x00\x00\x00\x00\x00\x00\x00\x00\x00\x00\x00\x00\x00\x00\x00\x00\x00\x00\x00\x00\x00\x00\x00\x00\x00\x00\x00\x00\x00\x00\x00\x00\x00\x00\x00\x00\x00\x00\x00\x00\x00\x00\x00\x00\x00\x00\x00\x00\x00\x00\x00\x00\x00\x00\x00\x00\x00\x00\x00\x00\x00\x00\x00\x00\x00\x00\x00\x00\x00\x00\x00\x00\x00\x00\x00\x00\x00\x00\x00\x00\x00\x00\x00\x00\x00\x00\x00\x00\x00\x00\x00\x00\x00\x00\x00\x00\x00\x00\x00\x00\x00\x00\x00\x00\x00\x00\x00\x00\x00\x00\x00\x00\x00\x00\x00\x00\x00\x00\x00\x00\x00\x00\x00\x00\x00\x00\x00\x00\x00\x00\x00\x00\x00\x00\x00\x00\x00\x00\x00\x00\x00\x00\x00\x00\x00\x00\x00\x00\x00\x00\x00\x00\x00\x00\x00\x00\x00\x00\x00\x00\x00\x00\x00\x00\x00\x00\x00\x00\x00\x00\x00\x00\x00\x00\x00\x00\x00\x00\x00\x00\x00\x00\x00\x00\x00\x00\x00\x00\x00\x00\x00\x00\x00\x00\x00\x00\x00\x00\x00\x00\x00\x00\x00\x00\x00\x00\x00\x00\x00\x00\x00\x00\x00\x00\x00\x00\x00\x00\x00\x00\x00\x00\x00\x00\x00\x00\x00\x00\x00\x00\x00\x00\x00\x00\x00\x00\x00\x00\x00\x00\x00\x00\x00\x00\x00\x00\x00\x00\x00\x00\x00\x00\x00\x00\x00\x00\x00\x00\x00\x00\x00\x00\x00\x00\x00\x00\x00\x00\x00\x00\x00\x00\x00\x00\x00\x00\x00\x00\x00\x00\x00\x00\x00\x00\x00\x00\x00\x00\x00\x00\x00\x00\x00\x00\x00\x00\x00\x00\x00\x00\x00\x00\x00\x00\x00\x00\x00\x00\x00\x00\x00\x00\x00\x00\x00\x00\x00\x00\x00\x00\x00\x00\x00\x00\x00\x00\x00\x00\x00\x00\x00\x00\x00\x00\x00\x00\x00\x00\x00\x00\x00\x00\x00\x00\x00\x00\x00\x00\x00\x00\x00\x00\x00\x00\x00\x00\x00\x00\x00\x00\x00\x00\x00\x00\x00\x00\x00\x00\x00\x00\x00\x00\x00\x00\x00\x00\x00\x00\x00\x00\x00\x00\x00\x00\x00\x00\x00\x00\x00\x00\x00\x00\x00\x00\x00\x00\x00\x00\x00\x00\x00\x00\x00\x00\x00\x00\x00\x00\x00\x00\x00\x00\x00\x00\x00\x00\x00\x00\x00\x00\x00\x00\x00\x00\x00\x00\x00\x00\x00\x00\x00\x00\x00\x00\x00\x00\x00\x00\x00\x00\x00\x00\x00\x00\x00\x00\x00\x00\x00\x00\x00\x00\x00\x00\x00\x00\x00\x00\x00\x00\x00\x00\x00\x00\x00\x00\x00\x00\x00\x00\x00\x00\x00\x00\x00\x00\x00\x00\x00\x00\x00\x00\x00\x00\n&#34;,&#xA;    }&#xA;    timed out waiting for command &amp;{/root/gopath/src/k8s.io/kubernetes/_output/bin/kubectl [kubectl --server=https://192.168.2.117:6443 --kubeconfig=/etc/kubernetes/admin.conf --namespace=e2e-tests-kubectl-gzcqn run e2e-test-rm-busybox-job --image=busybox --rm=true --generator=job/v1 --restart=OnFailure --attach=true --stdin -- sh -c cat &amp;&amp; echo &#39;stdin closed&#39;] []  0x4420a76ac0 �������������������������������������������������������������������������������������������������������������������������������������������������������������������������������������������������������������������������������������������������������������������������������������������������������������������������������������������������������������������������������������������������������������������������������������������������������������������������������������������������������������������������������� �������������������������������������������������������������������������������������������������������������������������������������������������������������������������������������������������������������������������������������������������������������������������������������������������������������������������������������������������������������������������������������������������������������������������������������������������������������������������������������������������������������������������������� [] &lt;nil&gt; 0x442155cd80 &lt;nil&gt; &lt;nil&gt; &lt;nil&gt; true [0x44218ce480 0x44218ce4a8 0x44218ce4b8] [0x44218ce480 0x44218ce4a8 0x44218ce4b8] [0x44218ce488 0x44218ce4a0 0x44218ce4b0] [0x84d960 0x84da50 0x84da50] 0x4421b09da0 &lt;nil&gt;}:&#xA;    Command stdout:&#xA;    ��������������������������������������������������������������������������������������������������������������������������������������������������������������������������������������������������������������������������������������������������������������������������������������������������������������������������������������������������������������������������������������������������������������������������������������������������������������������������������������������������������������������������������&#xA;    stderr:&#xA;    ��������������������������������������������������������������������������������������������������������������������������������������������������������������������������������������������������������������������������������������������������������������������������������������������������������������������������������������������������������������������������������������������������������������������������������������������������������������������������������������������������������������������������������&#xA;    &#xA;not to have occurred&#xA;/root/gopath/src/k8s.io/kubernetes/_output/local/go/src/k8s.io/kubernetes/test/e2e/framework/util.go:2204</failure>
          <system-out>[BeforeEach] [sig-cli] Kubectl client&#xA;  /root/gopath/src/k8s.io/kubernetes/_output/local/go/src/k8s.io/kubernetes/test/e2e/framework/framework.go:141&#xA;�[1mSTEP�[0m: Creating a kubernetes client&#xA;Sep 10 03:21:36.018: INFO: &gt;&gt;&gt; kubeConfig: /etc/kubernetes/admin.conf&#xA;�[1mSTEP�[0m: Building a namespace api object&#xA;�[1mSTEP�[0m: Waiting for a default service account to be provisioned in namespace&#xA;[BeforeEach] [sig-cli] Kubectl client&#xA;  /root/gopath/src/k8s.io/kubernetes/_output/local/go/src/k8s.io/kubernetes/test/e2e/kubectl/kubectl.go:244&#xA;[It] should create a job from an image, then delete the job  [Conformance]&#xA;  /root/gopath/src/k8s.io/kubernetes/_output/local/go/src/k8s.io/kubernetes/test/e2e/framework/framework.go:684&#xA;�[1mSTEP�[0m: executing a command with run --rm and attach with stdin&#xA;Sep 10 03:21:36.186: INFO: Running &#39;/root/gopath/src/k8s.io/kubernetes/_output/bin/kubectl --server=https://192.168.2.117:6443 --kubeconfig=/etc/kubernetes/admin.conf --namespace=e2e-tests-kubectl-gzcqn run e2e-test-rm-busybox-job --image=busybox --rm=true --generator=job/v1 --restart=OnFailure --attach=true --stdin -- sh -c cat &amp;&amp; echo &#39;stdin closed&#39;&#39;&#xA;[AfterEach] [sig-cli] Kubectl client&#xA;  /root/gopath/src/k8s.io/kubernetes/_output/local/go/src/k8s.io/kubernetes/test/e2e/framework/framework.go:142&#xA;�[1mSTEP�[0m: Collecting events from namespace &#34;e2e-tests-kubectl-gzcqn&#34;.&#xA;�[1mSTEP�[0m: Found 8 events.&#xA;Sep 10 03:26:36.194: INFO: At 2018-09-10 03:21:36 +0000 UTC - event for e2e-test-rm-busybox-job: {job-controller } SuccessfulCreate: Created pod: e2e-test-rm-busybox-job-fbvs5&#xA;Sep 10 03:26:36.194: INFO: At 2018-09-10 03:21:36 +0000 UTC - event for e2e-test-rm-busybox-job-fbvs5: {default-scheduler } Scheduled: Successfully assigned e2e-tests-kubectl-gzcqn/e2e-test-rm-busybox-job-fbvs5 to node3&#xA;Sep 10 03:26:36.194: INFO: At 2018-09-10 03:21:37 +0000 UTC - event for e2e-test-rm-busybox-job-fbvs5: {kubelet node3} Pulling: pulling image &#34;busybox&#34;&#xA;Sep 10 03:26:36.194: INFO: At 2018-09-10 03:21:43 +0000 UTC - event for e2e-test-rm-busybox-job-fbvs5: {kubelet node3} Failed: Failed to pull image &#34;busybox&#34;: rpc error: code = Unknown desc = Error while pulling image: Get https://index.docker.io/v1/repositories/library/busybox/images: http: error connecting to proxy http://192.168.2.109:8118: dial tcp 192.168.2.109:8118: getsockopt: no route to host&#xA;Sep 10 03:26:36.194: INFO: At 2018-09-10 03:21:43 +0000 UTC - event for e2e-test-rm-busybox-job-fbvs5: {kubelet node3} Failed: Error: ErrImagePull&#xA;Sep 10 03:26:36.194: INFO: At 2018-09-10 03:21:44 +0000 UTC - event for e2e-test-rm-busybox-job-fbvs5: {kubelet node3} SandboxChanged: Pod sandbox changed, it will be killed and re-created.&#xA;Sep 10 03:26:36.194: INFO: At 2018-09-10 03:21:45 +0000 UTC - event for e2e-test-rm-busybox-job-fbvs5: {kubelet node3} BackOff: Back-off pulling image &#34;busybox&#34;&#xA;Sep 10 03:26:36.194: INFO: At 2018-09-10 03:21:45 +0000 UTC - event for e2e-test-rm-busybox-job-fbvs5: {kubelet node3} Failed: Error: ImagePullBackOff&#xA;Sep 10 03:26:36.208: INFO: POD                            NODE   PHASE    GRACE  CONDITIONS&#xA;Sep 10 03:26:36.208: INFO: e2e-test-rm-busybox-job-fbvs5  node3  Pending         [{Initialized True 0001-01-01 00:00:00 +0000 UTC 2018-09-10 03:21:36 +0000 UTC  } {Ready False 0001-01-01 00:00:00 +0000 UTC 2018-09-10 03:21:36 +0000 UTC ContainersNotReady containers with unready status: [e2e-test-rm-busybox-job]} {ContainersReady False 0001-01-01 00:00:00 +0000 UTC 0001-01-01 00:00:00 +0000 UTC ContainersNotReady containers with unready status: [e2e-test-rm-busybox-job]} {PodScheduled True 0001-01-01 00:00:00 +0000 UTC 2018-09-10 03:21:36 +0000 UTC  }]&#xA;Sep 10 03:26:36.208: INFO: coredns-78fcdf6894-f55jj       node3  Running         [{Initialized True 0001-01-01 00:00:00 +0000 UTC 2018-09-01 03:57:03 +0000 UTC  } {Ready True 0001-01-01 00:00:00 +0000 UTC 2018-09-07 08:42:02 +0000 UTC  } {ContainersReady True 0001-01-01 00:00:00 +0000 UTC 0001-01-01 00:00:00 +0000 UTC  } {PodScheduled True 0001-01-01 00:00:00 +0000 UTC 2018-09-01 03:57:03 +0000 UTC  }]&#xA;Sep 10 03:26:36.208: INFO: coredns-78fcdf6894-vlxkz       node3  Running         [{Initialized True 0001-01-01 00:00:00 +0000 UTC 2018-09-01 03:57:03 +0000 UTC  } {Ready True 0001-01-01 00:00:00 +0000 UTC 2018-09-07 08:42:02 +0000 UTC  } {ContainersReady True 0001-01-01 00:00:00 +0000 UTC 0001-01-01 00:00:00 +0000 UTC  } {PodScheduled True 0001-01-01 00:00:00 +0000 UTC 2018-09-01 03:57:03 +0000 UTC  }]&#xA;Sep 10 03:26:36.208: INFO: etcd-node3                     node3  Running         [{Initialized True 0001-01-01 00:00:00 +0000 UTC 2018-09-07 08:40:49 +0000 UTC  } {Ready True 0001-01-01 00:00:00 +0000 UTC 2018-09-07 08:40:51 +0000 UTC  } {ContainersReady True 0001-01-01 00:00:00 +0000 UTC 0001-01-01 00:00:00 +0000 UTC  } {PodScheduled True 0001-01-01 00:00:00 +0000 UTC 2018-09-07 08:40:49 +0000 UTC  }]&#xA;Sep 10 03:26:36.208: INFO: kube-apiserver-node3           node3  Running         [{Initialized True 0001-01-01 00:00:00 +0000 UTC 2018-09-07 08:40:49 +0000 UTC  } {Ready True 0001-01-01 00:00:00 +0000 UTC 2018-09-07 08:40:51 +0000 UTC  } {ContainersReady True 0001-01-01 00:00:00 +0000 UTC 0001-01-01 00:00:00 +0000 UTC  } {PodScheduled True 0001-01-01 00:00:00 +0000 UTC 2018-09-07 08:40:49 +0000 UTC  }]&#xA;Sep 10 03:26:36.208: INFO: kube-controller-manager-node3  node3  Running         [{Initialized True 0001-01-01 00:00:00 +0000 UTC 2018-09-07 08:40:49 +0000 UTC  } {Ready True 0001-01-01 00:00:00 +0000 UTC 2018-09-07 08:40:51 +0000 UTC  } {ContainersReady True 0001-01-01 00:00:00 +0000 UTC 0001-01-01 00:00:00 +0000 UTC  } {PodScheduled True 0001-01-01 00:00:00 +0000 UTC 2018-09-07 08:40:49 +0000 UTC  }]&#xA;Sep 10 03:26:36.208: INFO: kube-proxy-d6xgq               node3  Running         [{Initialized True 0001-01-01 00:00:00 +0000 UTC 2018-09-01 03:55:38 +0000 UTC  } {Ready True 0001-01-01 00:00:00 +0000 UTC 2018-09-07 08:41:32 +0000 UTC  } {ContainersReady True 0001-01-01 00:00:00 +0000 UTC 0001-01-01 00:00:00 +0000 UTC  } {PodScheduled True 0001-01-01 00:00:00 +0000 UTC 2018-09-01 03:55:38 +0000 UTC  }]&#xA;Sep 10 03:26:36.208: INFO: kube-scheduler-node3           node3  Running         [{Initialized True 0001-01-01 00:00:00 +0000 UTC 2018-09-07 08:40:50 +0000 UTC  } {Ready True 0001-01-01 00:00:00 +0000 UTC 2018-09-07 08:40:51 +0000 UTC  } {ContainersReady True 0001-01-01 00:00:00 +0000 UTC 0001-01-01 00:00:00 +0000 UTC  } {PodScheduled True 0001-01-01 00:00:00 +0000 UTC 2018-09-07 08:40:50 +0000 UTC  }]&#xA;Sep 10 03:26:36.209: INFO: weave-net-qrwm8                node3  Running         [{Initialized True 0001-01-01 00:00:00 +0000 UTC 2018-09-01 03:55:38 +0000 UTC  } {Ready True 0001-01-01 00:00:00 +0000 UTC 2018-09-07 08:41:59 +0000 UTC  } {ContainersReady True 0001-01-01 00:00:00 +0000 UTC 0001-01-01 00:00:00 +0000 UTC  } {PodScheduled True 0001-01-01 00:00:00 +0000 UTC 2018-09-01 03:55:38 +0000 UTC  }]&#xA;Sep 10 03:26:36.209: INFO: &#xA;Sep 10 03:26:36.214: INFO: &#xA;Logging node info for node node3&#xA;Sep 10 03:26:36.219: INFO: Node Info: &amp;Node{ObjectMeta:k8s_io_apimachinery_pkg_apis_meta_v1.ObjectMeta{Name:node3,GenerateName:,Namespace:,SelfLink:/api/v1/nodes/node3,UID:d76c0c97-ad9a-11e8-a7d7-1e59e086a4f1,ResourceVersion:509689,Generation:0,CreationTimestamp:2018-09-01 03:55:18 +0000 UTC,DeletionTimestamp:&lt;nil&gt;,DeletionGracePeriodSeconds:nil,Labels:map[string]string{beta.kubernetes.io/arch: arm64,beta.kubernetes.io/os: linux,kubernetes.io/hostname: node3,node-role.kubernetes.io/master: ,},Annotations:map[string]string{kubeadm.alpha.kubernetes.io/cri-socket: /var/run/dockershim.sock,node.alpha.kubernetes.io/ttl: 0,volumes.kubernetes.io/controller-managed-attach-detach: true,},OwnerReferences:[],Finalizers:[],ClusterName:,Initializers:nil,},Spec:NodeSpec{PodCIDR:10.244.0.0/24,DoNotUse_ExternalID:,ProviderID:,Unschedulable:false,Taints:[],ConfigSource:nil,},Status:NodeStatus{Capacity:ResourceList{cpu: {{16 0} {&lt;nil&gt;} 16 DecimalSI},ephemeral-storage: {{82538430464 0} {&lt;nil&gt;}  BinarySI},hugepages-2Mi: {{0 0} {&lt;nil&gt;} 0 DecimalSI},memory: {{67535159296 0} {&lt;nil&gt;}  BinarySI},pods: {{110 0} {&lt;nil&gt;} 110 DecimalSI},},Allocatable:ResourceList{cpu: {{16 0} {&lt;nil&gt;} 16 DecimalSI},ephemeral-storage: {{74284587295 0} {&lt;nil&gt;} 74284587295 DecimalSI},hugepages-2Mi: {{0 0} {&lt;nil&gt;} 0 DecimalSI},memory: {{67430301696 0} {&lt;nil&gt;}  BinarySI},pods: {{110 0} {&lt;nil&gt;} 110 DecimalSI},},Phase:,Conditions:[{NetworkUnavailable False 2018-09-07 08:42:01 +0000 UTC 2018-09-07 08:42:01 +0000 UTC WeaveIsUp Weave pod has set this} {OutOfDisk False 2018-09-10 03:26:30 +0000 UTC 2018-09-01 03:55:11 +0000 UTC KubeletHasSufficientDisk kubelet has sufficient disk space available} {MemoryPressure False 2018-09-10 03:26:30 +0000 UTC 2018-09-01 03:55:11 +0000 UTC KubeletHasSufficientMemory kubelet has sufficient memory available} {DiskPressure False 2018-09-10 03:26:30 +0000 UTC 2018-09-01 03:55:11 +0000 UTC KubeletHasNoDiskPressure kubelet has no disk pressure} {PIDPressure False 2018-09-10 03:26:30 +0000 UTC 2018-09-01 03:55:11 +0000 UTC KubeletHasSufficientPID kubelet has sufficient PID available} {Ready True 2018-09-10 03:26:30 +0000 UTC 2018-09-04 01:30:47 +0000 UTC KubeletReady kubelet is posting ready status}],Addresses:[{InternalIP 192.168.2.117} {Hostname node3}],DaemonEndpoints:NodeDaemonEndpoints{KubeletEndpoint:DaemonEndpoint{Port:10250,},},NodeInfo:NodeSystemInfo{MachineID:373be5c264ac4b78a49077a4b4ded99c,SystemUUID:373be5c264ac4b78a49077a4b4ded99c,BootID:fa7f8a19-3d16-419b-9318-394c7eac5519,KernelVersion:4.4.58-20171215.kylin.server.YUN+-generic,OSImage:Kylin 4.0.2,ContainerRuntimeVersion:docker://1.12.6,KubeletVersion:v1.11.2,KubeProxyVersion:v1.11.2,OperatingSystem:linux,Architecture:arm64,},Images:[{[k8s.gcr.io/kube-cross@sha256:0c5809a727c38458e9a63b486cf83c504a24ff561d63a031d31e613f6ad50282 k8s.gcr.io/kube-cross:v1.10.2-1] 2076524551} {[mrdreambot/arm64-mysql@sha256:872464bd31f5db2ecfce15824c80a0b78ace914e80e78a0e98d2d9ef7e8bbb79 mrdreambot/arm64-mysql:latest] 529883867} {[bobsense/mysql@sha256:a20cd35207c46b0400ac48fdf21ebb8e432fa5b597eb5f4b6ec6a634ecc26a8a bobsense/mysql:latest] 529882429} {[mariadb@sha256:358f6b50afd9c25707e97869f0c57de802c53973a90a2ff49e283501fccce1b2 mariadb:10.1.14] 387643618} {[wordpress@sha256:b0460dba11737144b232a7794403d4052982f2332caeea82f618fc98d0547387 wordpress:latest] 367973768} {[mariadb@sha256:edef80de393cf4a79504168c663f8b0c6b15060333e5a7d7aee3dc0a4de6e927 mariadb:latest] 348940495} {[hyperhq/mariadb-arm64v8@sha256:bcf8c747e35eddfcd36ffc6011b00ececb56fe467afb290280d80709299fd80d hyperhq/mariadb-arm64v8:10.3-1] 348507360} {[hyperhq/mariadb-arm64v8:10.3] 348507300} {[hyperhq/mariadb-arm64v8@sha256:720d233b09adbea084c15cfa4909008a2df201b300b10c9fd39464bce60af0db hyperhq/mariadb-arm64v8:10.3-2] 348507153} {[bobsense/nginx-arm64@sha256:224f3b5fd469754e5e701bedd28c633c92ba21c00d2b0e9376eaa4adb38b5603 bobsense/nginx-arm64:latest] 338655564} {[gcr.io/google-samples/gb-frontend-arm64@sha256:9587be21f54a9dc04e1f37b83a9d120231b205385d8deba0682d6fb22088e7c9 gcr.io/google-samples/gb-frontend-arm64:v5] 337228898} {[lsioarmhf/mariadb-aarch64@sha256:b2a1bd89d60c579f07ae1837280a2b3b5f35f11f756b9aa61e6a025af03ddf87 lsioarmhf/mariadb-aarch64:latest] 327268490} {[ebspace/aarch64-mysql@sha256:d9f5f5d222a155c930e3837976b5b457e48c000cf34e6919d0f8a0b73dc39965 ebspace/aarch64-mysql:latest] 262591608} {[tobi312/rpi-mysql@sha256:2f0b069765901afbb162838359778088b8d9fdba30b201d5cf51381ec008802a tobi312/rpi-mysql:latest] 256067342} {[k8s.gcr.io/volume-nfs@sha256:83ba87be13a6f74361601c8614527e186ca67f49091e2d0d4ae8a8da67c403ee k8s.gcr.io/volume-nfs:0.8] 247146979} {[postgres@sha256:d9c44f9fc460dd8962c388eacf88a0e252b858ccdf33bc223f68112617e81fc9 postgres:10] 233845668} {[k8s.gcr.io/etcd-arm64@sha256:f0b7368ebb28e6226ab3b4dbce4b5c6d77dab7b5f6579b08fd645c00f7b100ff k8s.gcr.io/etcd-arm64:3.2.18] 229927444} {[k8s.gcr.io/kube-apiserver-arm64@sha256:5c77134dc174453fc0d900ee5cdcb7b488131a0edb934ae8e859a263f8ee55da k8s.gcr.io/kube-apiserver-arm64:v1.10.4] 218561963} {[k8s.gcr.io/kube-apiserver-arm64@sha256:ab41e3e38792750fa122dbeacf7d0d3d52b7ccc466f254c460733846da0ce0c9 k8s.gcr.io/kube-apiserver-arm64:v1.10.3] 218559018} {[hypriot/rpi-mysql@sha256:c1567c885cf560da66a647f91f7e16bfeea2968895f859b5732583a8db3570ea hypriot/rpi-mysql:latest] 209339591} {[gcr.io/kubernetes-e2e-test-images/jessie-dnsutils-arm64@sha256:92105b23ab1bcc1f72b7deeb4b7d72b27b4ba9a47b292fbd4f58f4080f0621a2 gcr.io/kubernetes-e2e-test-images/jessie-dnsutils-arm64:1.0] 193983470} {[k8s.gcr.io/kube-apiserver-arm64@sha256:31fa4a96f582953034fb2906bd2e557620943ebaa2c2f74ee719c89a9bffb0d4 k8s.gcr.io/kube-apiserver-arm64:v1.11.2] 185805939} {[k8s.gcr.io/etcd-arm64@sha256:c6418130352f3632f3858ff466f7fdcde5c2867d9471f40dbb99227ccbb6d458 k8s.gcr.io/etcd-arm64:3.1.12] 180941491} {[functions/faas-netesd@sha256:05072b13c8127d53b48466f6b16beae997ff008e13a74cdb5da64ca2f5708062 functions/faas-netesd:arm64-0.3-alpha6] 154407667} {[k8s.gcr.io/kube-controller-manager-arm64@sha256:af5e55e15e5ab06999716ef72792b0abed63c9fc972db99120b2c40febaf69a7 k8s.gcr.io/kube-controller-manager-arm64:v1.11.2] 153069058} {[functions/faas-netesd@sha256:0903fd0a2c6010fcef6f42eda8fdc22bf4aecc31571b7ab6f461041497f34aa4 functions/faas-netesd:0.4.3-arm64] 148751197} {[k8s.gcr.io/kube-controller-manager-arm64@sha256:138de23ccbdfab3f4e76e05c290aab26c9127a853db8a0cbc2d816b31d5aebbd k8s.gcr.io/kube-controller-manager-arm64:v1.10.4] 142046988} {[k8s.gcr.io/kube-controller-manager-arm64@sha256:4f99bac50d84f8757ef06d06e68eee0aa042fdb5969c300d23ad1ae3b1f914f5 k8s.gcr.io/kube-controller-manager-arm64:v1.10.3] 142046537} {[weaveworks/weave-kube@sha256:3c45b339ab2dc9c11c9c745e44afce27806dc1d8ecd1da84a88deb36756ac713 weaveworks/weave-kube:2.4.0] 131119125} {[k8s.gcr.io/nginx-slim-arm64@sha256:b95f8bebdc6d8a7b65f5954aa5aaea3209ad8a6af5261cf3c8cae0c0a1c0fb79 k8s.gcr.io/nginx-slim-arm64:0.27] 126129565} {[k8s.gcr.io/nginx-slim-arm64@sha256:ef47cf0719891fe4b84467af77f8e13618b05965b6663945411e1e11c15ffa14 k8s.gcr.io/nginx-slim-arm64:0.26] 126125347} {[hyperhq/postgres-wordpress-arm:latest] 110592210} {[wordpress@sha256:3c22b14d0269bd50b2011f6d749d8bee68e328167f774bef8bf11f5878a6035d wordpress:4.9-fpm-alpine] 107828983} {[functions/gateway@sha256:01aea2775bb40d69588d2c6e83e8b9ea5009b9f405b140e643eb4be2a775814d functions/gateway:arm64-0.6.6-beta2] 106004910} {[k8s.gcr.io/kube-proxy-arm64@sha256:3bb2bfdc016ae46d131af74040bec2c48134c733ae90fead4da3568014fb450a k8s.gcr.io/kube-proxy-arm64:v1.11.2] 102835336} {[nginx@sha256:3e2ffcf0edca2a4e9b24ca442d227baea7b7f0e33ad654ef1eb806fbd9bedcf0 nginx:latest] 102594503} {[k8s.gcr.io/kube-proxy-arm64@sha256:f024ad81abe8b9bf473c0b8ff5c96723505b8a592379d606038499f8a77f663b k8s.gcr.io/kube-proxy-arm64:v1.10.4] 100601489} {[k8s.gcr.io/kube-proxy-arm64@sha256:b21badcd0799bb7495ebcbc17557861384da1eac42d6527937a8aaed0c329d6c k8s.gcr.io/kube-proxy-arm64:v1.10.3] 100598796} {[k8s.gcr.io/echoserver@sha256:d2a8af33e4e6dc7f18fc8d0cd345b2c893922083c6e2c2cbf24a2efcaa7aa3ba k8s.gcr.io/echoserver:1.6] 95247805} {[gcr.io/google-samples/gb-redisslave-arm64@sha256:2420127acd816ebbdbaa33cab372493859c1d40b3a2d5d6fc05bc38887ad9511 gcr.io/google-samples/gb-redisslave-arm64:v2] 94082700} {[nginx@sha256:e3456c851a152494c3e4ff5fcc26f240206abac0c9d794affb40e0714846c451 nginx:1.7.9] 91641000} {[&lt;none&gt;@&lt;none&gt; &lt;none&gt;:&lt;none&gt;] 76567645} {[ubuntu@sha256:3f119dc0737f57f704ebecac8a6d8477b0f6ca1ca0332c7ee1395ed2c6a82be7 ubuntu:bionic] 76171071} {[k8s.gcr.io/kube-scheduler-arm64@sha256:3ece3012cc6fedf5193fd1c80aee4b6da2835098b7799d4940fb4a79fc1be0ee k8s.gcr.io/kube-scheduler-arm64:v1.11.2] 56216691} {[weaveworks/weave-npc@sha256:715b03e14874355f1f793f7bc11d843a00b390b2806bd996f1e47e8acb1020aa weaveworks/weave-npc:2.4.0] 51096437} {[k8s.gcr.io/k8s-dns-kube-dns-arm64@sha256:9bcc8fda237765f8b8f8fdf5af220b856adbc8b56d72dc4f336d44510d1749d9 k8s.gcr.io/k8s-dns-kube-dns-arm64:1.14.8] 49350613} {[k8s.gcr.io/kube-scheduler-arm64@sha256:fbff009828de95e14856325ebcfc6e1c0cdb456a052c62ba0c64221773c68686 k8s.gcr.io/kube-scheduler-arm64:v1.10.4] 48502539} {[k8s.gcr.io/kube-scheduler-arm64@sha256:6847ebb67c5a2928d8997d98001eb107a50601e85e07c3245f72b14df4518616 k8s.gcr.io/kube-scheduler-arm64:v1.10.3] 48434682} {[k8s.gcr.io/k8s-dns-dnsmasq-nanny-arm64@sha256:35ac228d45ab5f4209f25317506fa53b762f6d8ad333d1ff795393fa6e97b29c k8s.gcr.io/k8s-dns-dnsmasq-nanny-arm64:1.14.8] 42547598} {[k8s.gcr.io/k8s-dns-sidecar-arm64@sha256:b2c1e4e04d77ed564e918ebd16443dfb2217653b58293e616e36f034068d6da3 k8s.gcr.io/k8s-dns-sidecar-arm64:1.14.8] 41256276}],VolumesInUse:[],VolumesAttached:[],Config:nil,},}&#xA;Sep 10 03:26:36.219: INFO: &#xA;Logging kubelet events for node node3&#xA;Sep 10 03:26:36.224: INFO: &#xA;Logging pods the kubelet thinks is on node node3&#xA;Sep 10 03:26:36.239: INFO: e2e-test-rm-busybox-job-fbvs5 started at 2018-09-10 03:21:36 +0000 UTC (0+1 container statuses recorded)&#xA;Sep 10 03:26:36.239: INFO: &#x9;Container e2e-test-rm-busybox-job ready: false, restart count 0&#xA;Sep 10 03:26:36.239: INFO: weave-net-qrwm8 started at 2018-09-01 03:55:38 +0000 UTC (0+2 container statuses recorded)&#xA;Sep 10 03:26:36.239: INFO: &#x9;Container weave ready: true, restart count 4&#xA;Sep 10 03:26:36.239: INFO: &#x9;Container weave-npc ready: true, restart count 2&#xA;Sep 10 03:26:36.239: INFO: coredns-78fcdf6894-f55jj started at 2018-09-01 03:57:03 +0000 UTC (0+1 container statuses recorded)&#xA;Sep 10 03:26:36.239: INFO: &#x9;Container coredns ready: true, restart count 2&#xA;Sep 10 03:26:36.239: INFO: etcd-node3 started at &lt;nil&gt; (0+0 container statuses recorded)&#xA;Sep 10 03:26:36.239: INFO: kube-apiserver-node3 started at &lt;nil&gt; (0+0 container statuses recorded)&#xA;Sep 10 03:26:36.239: INFO: kube-controller-manager-node3 started at &lt;nil&gt; (0+0 container statuses recorded)&#xA;Sep 10 03:26:36.239: INFO: kube-scheduler-node3 started at &lt;nil&gt; (0+0 container statuses recorded)&#xA;Sep 10 03:26:36.239: INFO: kube-proxy-d6xgq started at 2018-09-01 03:55:38 +0000 UTC (0+1 container statuses recorded)&#xA;Sep 10 03:26:36.239: INFO: &#x9;Container kube-proxy ready: true, restart count 2&#xA;Sep 10 03:26:36.239: INFO: coredns-78fcdf6894-vlxkz started at 2018-09-01 03:57:03 +0000 UTC (0+1 container statuses recorded)&#xA;Sep 10 03:26:36.239: INFO: &#x9;Container coredns ready: true, restart count 2&#xA;Sep 10 03:26:36.293: INFO: &#xA;Latency metrics for node node3&#xA;Sep 10 03:26:36.293: INFO: {Operation:stop_container Method:docker_operations_latency_microseconds Quantile:0.99 Latency:20.009871s}&#xA;Sep 10 03:26:36.293: INFO: {Operation:stop_container Method:docker_operations_latency_microseconds Quantile:0.9 Latency:20.003323s}&#xA;�[1mSTEP�[0m: Dumping a list of prepulled images on each node to file /e2e/image-puller.txt&#xA;Sep 10 03:26:36.299: INFO: Waiting up to 3m0s for all (but 0) nodes to be ready&#xA;�[1mSTEP�[0m: Destroying namespace &#34;e2e-tests-kubectl-gzcqn&#34; for this suite.&#xA;Sep 10 03:26:58.344: INFO: Waiting up to 30s for server preferred namespaced resources to be successfully discovered&#xA;Sep 10 03:26:58.367: INFO: namespace: e2e-tests-kubectl-gzcqn, resource: bindings, ignored listing per whitelist&#xA;Sep 10 03:26:58.483: INFO: namespace e2e-tests-kubectl-gzcqn deletion completed in 22.17778486s&#xA;</system-out>
      </testcase>
      <testcase name="[sig-storage] EmptyDir volumes should support (non-root,0666,tmpfs) [NodeConformance] [Conformance]" classname="Kubernetes e2e suite" time="8.38115848"></testcase>
      <testcase name="[sig-storage] Downward API volume should provide container&#39;s cpu limit [NodeConformance] [Conformance]" classname="Kubernetes e2e suite" time="8.36493648"></testcase>
      <testcase name="[sig-apps] Network Partition [Disruptive] [Slow] [k8s.io] [StatefulSet] should not reschedule stateful pods if there is a network partition [Slow] [Disruptive]" classname="Kubernetes e2e suite" time="0">
          <skipped></skipped>
      </testcase>
      <testcase name="[sig-api-machinery] Garbage collector should not be blocked by dependency circle [Conformance]" classname="Kubernetes e2e suite" time="11.40530026"></testcase>
      <testcase name="[sig-apps] Deployment deployment should delete old replica sets" classname="Kubernetes e2e suite" time="0">
          <skipped></skipped>
      </testcase>
      <testcase name="[sig-storage] PersistentVolumes-local  [Volume type: block] [Feature:BlockVolume] Set fsGroup for local volume should set different fsGroup for second pod if first pod is deleted" classname="Kubernetes e2e suite" time="0">
          <skipped></skipped>
      </testcase>
      <testcase name="[sig-storage] Projected optional updates should be reflected in volume [NodeConformance] [Conformance]" classname="Kubernetes e2e suite" time="26.46413454"></testcase>
      <testcase name="[sig-storage] Subpath [Volume type: hostPathSymlink] should support existing directory" classname="Kubernetes e2e suite" time="0">
          <skipped></skipped>
      </testcase>
      <testcase name="[sig-storage] PVC Protection Verify that PVC in active use by a pod is not removed immediately" classname="Kubernetes e2e suite" time="0">
          <skipped></skipped>
      </testcase>
      <testcase name="[sig-api-machinery] Secrets should be consumable from pods in env vars [NodeConformance] [Conformance]" classname="Kubernetes e2e suite" time="309.23674952">
          <failure type="Failure">/root/gopath/src/k8s.io/kubernetes/_output/local/go/src/k8s.io/kubernetes/test/e2e/framework/framework.go:684&#xA;Expected error:&#xA;    &lt;*errors.errorString | 0x4421780510&gt;: {&#xA;        s: &#34;expected pod \&#34;pod-secrets-807aef84-b4a9-11e8-bc45-00073e906c7f\&#34; success: Gave up after waiting 5m0s for pod \&#34;pod-secrets-807aef84-b4a9-11e8-bc45-00073e906c7f\&#34; to be \&#34;success or failure\&#34;&#34;,&#xA;    }&#xA;    expected pod &#34;pod-secrets-807aef84-b4a9-11e8-bc45-00073e906c7f&#34; success: Gave up after waiting 5m0s for pod &#34;pod-secrets-807aef84-b4a9-11e8-bc45-00073e906c7f&#34; to be &#34;success or failure&#34;&#xA;not to have occurred&#xA;/root/gopath/src/k8s.io/kubernetes/_output/local/go/src/k8s.io/kubernetes/test/e2e/framework/util.go:2325</failure>
          <system-out>[BeforeEach] [sig-api-machinery] Secrets&#xA;  /root/gopath/src/k8s.io/kubernetes/_output/local/go/src/k8s.io/kubernetes/test/e2e/framework/framework.go:141&#xA;�[1mSTEP�[0m: Creating a kubernetes client&#xA;Sep 10 03:27:53.100: INFO: &gt;&gt;&gt; kubeConfig: /etc/kubernetes/admin.conf&#xA;�[1mSTEP�[0m: Building a namespace api object&#xA;�[1mSTEP�[0m: Waiting for a default service account to be provisioned in namespace&#xA;[It] should be consumable from pods in env vars [NodeConformance] [Conformance]&#xA;  /root/gopath/src/k8s.io/kubernetes/_output/local/go/src/k8s.io/kubernetes/test/e2e/framework/framework.go:684&#xA;�[1mSTEP�[0m: Creating secret with name secret-test-807a0fc4-b4a9-11e8-bc45-00073e906c7f&#xA;�[1mSTEP�[0m: Creating a pod to test consume secrets&#xA;Sep 10 03:27:53.290: INFO: Waiting up to 5m0s for pod &#34;pod-secrets-807aef84-b4a9-11e8-bc45-00073e906c7f&#34; in namespace &#34;e2e-tests-secrets-rg4df&#34; to be &#34;success or failure&#34;&#xA;Sep 10 03:27:53.295: INFO: Pod &#34;pod-secrets-807aef84-b4a9-11e8-bc45-00073e906c7f&#34;: Phase=&#34;Pending&#34;, Reason=&#34;&#34;, readiness=false. Elapsed: 5.56672ms&#xA;Sep 10 03:27:55.300: INFO: Pod &#34;pod-secrets-807aef84-b4a9-11e8-bc45-00073e906c7f&#34;: Phase=&#34;Pending&#34;, Reason=&#34;&#34;, readiness=false. Elapsed: 2.0105647s&#xA;Sep 10 03:27:57.305: INFO: Pod &#34;pod-secrets-807aef84-b4a9-11e8-bc45-00073e906c7f&#34;: Phase=&#34;Pending&#34;, Reason=&#34;&#34;, readiness=false. Elapsed: 4.0155257s&#xA;Sep 10 03:27:59.311: INFO: Pod &#34;pod-secrets-807aef84-b4a9-11e8-bc45-00073e906c7f&#34;: Phase=&#34;Pending&#34;, Reason=&#34;&#34;, readiness=false. Elapsed: 6.02063416s&#xA;Sep 10 03:28:01.316: INFO: Pod &#34;pod-secrets-807aef84-b4a9-11e8-bc45-00073e906c7f&#34;: Phase=&#34;Pending&#34;, Reason=&#34;&#34;, readiness=false. Elapsed: 8.02561682s&#xA;Sep 10 03:28:03.320: INFO: Pod &#34;pod-secrets-807aef84-b4a9-11e8-bc45-00073e906c7f&#34;: Phase=&#34;Pending&#34;, Reason=&#34;&#34;, readiness=false. Elapsed: 10.03032962s&#xA;Sep 10 03:28:05.326: INFO: Pod &#34;pod-secrets-807aef84-b4a9-11e8-bc45-00073e906c7f&#34;: Phase=&#34;Pending&#34;, Reason=&#34;&#34;, readiness=false. Elapsed: 12.03566494s&#xA;Sep 10 03:28:07.330: INFO: Pod &#34;pod-secrets-807aef84-b4a9-11e8-bc45-00073e906c7f&#34;: Phase=&#34;Pending&#34;, Reason=&#34;&#34;, readiness=false. Elapsed: 14.04040998s&#xA;Sep 10 03:28:09.335: INFO: Pod &#34;pod-secrets-807aef84-b4a9-11e8-bc45-00073e906c7f&#34;: Phase=&#34;Pending&#34;, Reason=&#34;&#34;, readiness=false. Elapsed: 16.04551768s&#xA;Sep 10 03:28:11.340: INFO: Pod &#34;pod-secrets-807aef84-b4a9-11e8-bc45-00073e906c7f&#34;: Phase=&#34;Pending&#34;, Reason=&#34;&#34;, readiness=false. Elapsed: 18.05049858s&#xA;Sep 10 03:28:13.345: INFO: Pod &#34;pod-secrets-807aef84-b4a9-11e8-bc45-00073e906c7f&#34;: Phase=&#34;Pending&#34;, Reason=&#34;&#34;, readiness=false. Elapsed: 20.05542976s&#xA;Sep 10 03:28:15.350: INFO: Pod &#34;pod-secrets-807aef84-b4a9-11e8-bc45-00073e906c7f&#34;: Phase=&#34;Pending&#34;, Reason=&#34;&#34;, readiness=false. Elapsed: 22.06024086s&#xA;Sep 10 03:28:17.355: INFO: Pod &#34;pod-secrets-807aef84-b4a9-11e8-bc45-00073e906c7f&#34;: Phase=&#34;Pending&#34;, Reason=&#34;&#34;, readiness=false. Elapsed: 24.0650362s&#xA;Sep 10 03:28:19.360: INFO: Pod &#34;pod-secrets-807aef84-b4a9-11e8-bc45-00073e906c7f&#34;: Phase=&#34;Pending&#34;, Reason=&#34;&#34;, readiness=false. Elapsed: 26.06992816s&#xA;Sep 10 03:28:21.364: INFO: Pod &#34;pod-secrets-807aef84-b4a9-11e8-bc45-00073e906c7f&#34;: Phase=&#34;Pending&#34;, Reason=&#34;&#34;, readiness=false. Elapsed: 28.07456398s&#xA;Sep 10 03:28:23.369: INFO: Pod &#34;pod-secrets-807aef84-b4a9-11e8-bc45-00073e906c7f&#34;: Phase=&#34;Pending&#34;, Reason=&#34;&#34;, readiness=false. Elapsed: 30.07924906s&#xA;Sep 10 03:28:25.374: INFO: Pod &#34;pod-secrets-807aef84-b4a9-11e8-bc45-00073e906c7f&#34;: Phase=&#34;Pending&#34;, Reason=&#34;&#34;, readiness=false. Elapsed: 32.08403186s&#xA;Sep 10 03:28:27.379: INFO: Pod &#34;pod-secrets-807aef84-b4a9-11e8-bc45-00073e906c7f&#34;: Phase=&#34;Pending&#34;, Reason=&#34;&#34;, readiness=false. Elapsed: 34.08890414s&#xA;Sep 10 03:28:29.384: INFO: Pod &#34;pod-secrets-807aef84-b4a9-11e8-bc45-00073e906c7f&#34;: Phase=&#34;Pending&#34;, Reason=&#34;&#34;, readiness=false. Elapsed: 36.0941246s&#xA;Sep 10 03:28:31.389: INFO: Pod &#34;pod-secrets-807aef84-b4a9-11e8-bc45-00073e906c7f&#34;: Phase=&#34;Pending&#34;, Reason=&#34;&#34;, readiness=false. Elapsed: 38.09902702s&#xA;Sep 10 03:28:33.394: INFO: Pod &#34;pod-secrets-807aef84-b4a9-11e8-bc45-00073e906c7f&#34;: Phase=&#34;Pending&#34;, Reason=&#34;&#34;, readiness=false. Elapsed: 40.10382578s&#xA;Sep 10 03:28:35.399: INFO: Pod &#34;pod-secrets-807aef84-b4a9-11e8-bc45-00073e906c7f&#34;: Phase=&#34;Pending&#34;, Reason=&#34;&#34;, readiness=false. Elapsed: 42.10934482s&#xA;Sep 10 03:28:37.404: INFO: Pod &#34;pod-secrets-807aef84-b4a9-11e8-bc45-00073e906c7f&#34;: Phase=&#34;Pending&#34;, Reason=&#34;&#34;, readiness=false. Elapsed: 44.11409148s&#xA;Sep 10 03:28:39.409: INFO: Pod &#34;pod-secrets-807aef84-b4a9-11e8-bc45-00073e906c7f&#34;: Phase=&#34;Pending&#34;, Reason=&#34;&#34;, readiness=false. Elapsed: 46.1191354s&#xA;Sep 10 03:28:41.414: INFO: Pod &#34;pod-secrets-807aef84-b4a9-11e8-bc45-00073e906c7f&#34;: Phase=&#34;Pending&#34;, Reason=&#34;&#34;, readiness=false. Elapsed: 48.12397584s&#xA;Sep 10 03:28:43.419: INFO: Pod &#34;pod-secrets-807aef84-b4a9-11e8-bc45-00073e906c7f&#34;: Phase=&#34;Pending&#34;, Reason=&#34;&#34;, readiness=false. Elapsed: 50.12913622s&#xA;Sep 10 03:28:45.424: INFO: Pod &#34;pod-secrets-807aef84-b4a9-11e8-bc45-00073e906c7f&#34;: Phase=&#34;Pending&#34;, Reason=&#34;&#34;, readiness=false. Elapsed: 52.1341932s&#xA;Sep 10 03:28:47.429: INFO: Pod &#34;pod-secrets-807aef84-b4a9-11e8-bc45-00073e906c7f&#34;: Phase=&#34;Pending&#34;, Reason=&#34;&#34;, readiness=false. Elapsed: 54.1390636s&#xA;Sep 10 03:28:49.434: INFO: Pod &#34;pod-secrets-807aef84-b4a9-11e8-bc45-00073e906c7f&#34;: Phase=&#34;Pending&#34;, Reason=&#34;&#34;, readiness=false. Elapsed: 56.14411598s&#xA;Sep 10 03:28:51.439: INFO: Pod &#34;pod-secrets-807aef84-b4a9-11e8-bc45-00073e906c7f&#34;: Phase=&#34;Pending&#34;, Reason=&#34;&#34;, readiness=false. Elapsed: 58.14874132s&#xA;Sep 10 03:28:53.444: INFO: Pod &#34;pod-secrets-807aef84-b4a9-11e8-bc45-00073e906c7f&#34;: Phase=&#34;Pending&#34;, Reason=&#34;&#34;, readiness=false. Elapsed: 1m0.15386884s&#xA;Sep 10 03:28:55.449: INFO: Pod &#34;pod-secrets-807aef84-b4a9-11e8-bc45-00073e906c7f&#34;: Phase=&#34;Pending&#34;, Reason=&#34;&#34;, readiness=false. Elapsed: 1m2.15902814s&#xA;Sep 10 03:28:57.454: INFO: Pod &#34;pod-secrets-807aef84-b4a9-11e8-bc45-00073e906c7f&#34;: Phase=&#34;Pending&#34;, Reason=&#34;&#34;, readiness=false. Elapsed: 1m4.16392532s&#xA;Sep 10 03:28:59.459: INFO: Pod &#34;pod-secrets-807aef84-b4a9-11e8-bc45-00073e906c7f&#34;: Phase=&#34;Pending&#34;, Reason=&#34;&#34;, readiness=false. Elapsed: 1m6.16874094s&#xA;Sep 10 03:29:01.463: INFO: Pod &#34;pod-secrets-807aef84-b4a9-11e8-bc45-00073e906c7f&#34;: Phase=&#34;Pending&#34;, Reason=&#34;&#34;, readiness=false. Elapsed: 1m8.17357426s&#xA;Sep 10 03:29:03.468: INFO: Pod &#34;pod-secrets-807aef84-b4a9-11e8-bc45-00073e906c7f&#34;: Phase=&#34;Pending&#34;, Reason=&#34;&#34;, readiness=false. Elapsed: 1m10.17839488s&#xA;Sep 10 03:29:05.473: INFO: Pod &#34;pod-secrets-807aef84-b4a9-11e8-bc45-00073e906c7f&#34;: Phase=&#34;Pending&#34;, Reason=&#34;&#34;, readiness=false. Elapsed: 1m12.18342804s&#xA;Sep 10 03:29:07.478: INFO: Pod &#34;pod-secrets-807aef84-b4a9-11e8-bc45-00073e906c7f&#34;: Phase=&#34;Pending&#34;, Reason=&#34;&#34;, readiness=false. Elapsed: 1m14.18826474s&#xA;Sep 10 03:29:09.483: INFO: Pod &#34;pod-secrets-807aef84-b4a9-11e8-bc45-00073e906c7f&#34;: Phase=&#34;Pending&#34;, Reason=&#34;&#34;, readiness=false. Elapsed: 1m16.1931734s&#xA;Sep 10 03:29:11.488: INFO: Pod &#34;pod-secrets-807aef84-b4a9-11e8-bc45-00073e906c7f&#34;: Phase=&#34;Pending&#34;, Reason=&#34;&#34;, readiness=false. Elapsed: 1m18.19809504s&#xA;Sep 10 03:29:13.493: INFO: Pod &#34;pod-secrets-807aef84-b4a9-11e8-bc45-00073e906c7f&#34;: Phase=&#34;Pending&#34;, Reason=&#34;&#34;, readiness=false. Elapsed: 1m20.20316122s&#xA;Sep 10 03:29:15.498: INFO: Pod &#34;pod-secrets-807aef84-b4a9-11e8-bc45-00073e906c7f&#34;: Phase=&#34;Pending&#34;, Reason=&#34;&#34;, readiness=false. Elapsed: 1m22.20811278s&#xA;Sep 10 03:29:17.503: INFO: Pod &#34;pod-secrets-807aef84-b4a9-11e8-bc45-00073e906c7f&#34;: Phase=&#34;Pending&#34;, Reason=&#34;&#34;, readiness=false. Elapsed: 1m24.21303952s&#xA;Sep 10 03:29:19.508: INFO: Pod &#34;pod-secrets-807aef84-b4a9-11e8-bc45-00073e906c7f&#34;: Phase=&#34;Pending&#34;, Reason=&#34;&#34;, readiness=false. Elapsed: 1m26.2179197s&#xA;Sep 10 03:29:21.512: INFO: Pod &#34;pod-secrets-807aef84-b4a9-11e8-bc45-00073e906c7f&#34;: Phase=&#34;Pending&#34;, Reason=&#34;&#34;, readiness=false. Elapsed: 1m28.22247338s&#xA;Sep 10 03:29:23.517: INFO: Pod &#34;pod-secrets-807aef84-b4a9-11e8-bc45-00073e906c7f&#34;: Phase=&#34;Pending&#34;, Reason=&#34;&#34;, readiness=false. Elapsed: 1m30.2273378s&#xA;Sep 10 03:29:25.522: INFO: Pod &#34;pod-secrets-807aef84-b4a9-11e8-bc45-00073e906c7f&#34;: Phase=&#34;Pending&#34;, Reason=&#34;&#34;, readiness=false. Elapsed: 1m32.2319199s&#xA;Sep 10 03:29:27.527: INFO: Pod &#34;pod-secrets-807aef84-b4a9-11e8-bc45-00073e906c7f&#34;: Phase=&#34;Pending&#34;, Reason=&#34;&#34;, readiness=false. Elapsed: 1m34.23664406s&#xA;Sep 10 03:29:29.532: INFO: Pod &#34;pod-secrets-807aef84-b4a9-11e8-bc45-00073e906c7f&#34;: Phase=&#34;Pending&#34;, Reason=&#34;&#34;, readiness=false. Elapsed: 1m36.24189758s&#xA;Sep 10 03:29:31.537: INFO: Pod &#34;pod-secrets-807aef84-b4a9-11e8-bc45-00073e906c7f&#34;: Phase=&#34;Pending&#34;, Reason=&#34;&#34;, readiness=false. Elapsed: 1m38.24663294s&#xA;Sep 10 03:29:33.541: INFO: Pod &#34;pod-secrets-807aef84-b4a9-11e8-bc45-00073e906c7f&#34;: Phase=&#34;Pending&#34;, Reason=&#34;&#34;, readiness=false. Elapsed: 1m40.25155442s&#xA;Sep 10 03:29:35.546: INFO: Pod &#34;pod-secrets-807aef84-b4a9-11e8-bc45-00073e906c7f&#34;: Phase=&#34;Pending&#34;, Reason=&#34;&#34;, readiness=false. Elapsed: 1m42.2564557s&#xA;Sep 10 03:29:37.551: INFO: Pod &#34;pod-secrets-807aef84-b4a9-11e8-bc45-00073e906c7f&#34;: Phase=&#34;Pending&#34;, Reason=&#34;&#34;, readiness=false. Elapsed: 1m44.26132858s&#xA;Sep 10 03:29:39.556: INFO: Pod &#34;pod-secrets-807aef84-b4a9-11e8-bc45-00073e906c7f&#34;: Phase=&#34;Pending&#34;, Reason=&#34;&#34;, readiness=false. Elapsed: 1m46.26577778s&#xA;Sep 10 03:29:41.560: INFO: Pod &#34;pod-secrets-807aef84-b4a9-11e8-bc45-00073e906c7f&#34;: Phase=&#34;Pending&#34;, Reason=&#34;&#34;, readiness=false. Elapsed: 1m48.27047288s&#xA;Sep 10 03:29:43.565: INFO: Pod &#34;pod-secrets-807aef84-b4a9-11e8-bc45-00073e906c7f&#34;: Phase=&#34;Pending&#34;, Reason=&#34;&#34;, readiness=false. Elapsed: 1m50.27528624s&#xA;Sep 10 03:29:45.570: INFO: Pod &#34;pod-secrets-807aef84-b4a9-11e8-bc45-00073e906c7f&#34;: Phase=&#34;Pending&#34;, Reason=&#34;&#34;, readiness=false. Elapsed: 1m52.28002476s&#xA;Sep 10 03:29:47.575: INFO: Pod &#34;pod-secrets-807aef84-b4a9-11e8-bc45-00073e906c7f&#34;: Phase=&#34;Pending&#34;, Reason=&#34;&#34;, readiness=false. Elapsed: 1m54.28517578s&#xA;Sep 10 03:29:49.581: INFO: Pod &#34;pod-secrets-807aef84-b4a9-11e8-bc45-00073e906c7f&#34;: Phase=&#34;Pending&#34;, Reason=&#34;&#34;, readiness=false. Elapsed: 1m56.29064008s&#xA;Sep 10 03:29:51.585: INFO: Pod &#34;pod-secrets-807aef84-b4a9-11e8-bc45-00073e906c7f&#34;: Phase=&#34;Pending&#34;, Reason=&#34;&#34;, readiness=false. Elapsed: 1m58.29547322s&#xA;Sep 10 03:29:53.590: INFO: Pod &#34;pod-secrets-807aef84-b4a9-11e8-bc45-00073e906c7f&#34;: Phase=&#34;Pending&#34;, Reason=&#34;&#34;, readiness=false. Elapsed: 2m0.30037788s&#xA;Sep 10 03:29:55.595: INFO: Pod &#34;pod-secrets-807aef84-b4a9-11e8-bc45-00073e906c7f&#34;: Phase=&#34;Pending&#34;, Reason=&#34;&#34;, readiness=false. Elapsed: 2m2.30522672s&#xA;Sep 10 03:29:57.600: INFO: Pod &#34;pod-secrets-807aef84-b4a9-11e8-bc45-00073e906c7f&#34;: Phase=&#34;Pending&#34;, Reason=&#34;&#34;, readiness=false. Elapsed: 2m4.3102393s&#xA;Sep 10 03:29:59.605: INFO: Pod &#34;pod-secrets-807aef84-b4a9-11e8-bc45-00073e906c7f&#34;: Phase=&#34;Pending&#34;, Reason=&#34;&#34;, readiness=false. Elapsed: 2m6.31507748s&#xA;Sep 10 03:30:01.610: INFO: Pod &#34;pod-secrets-807aef84-b4a9-11e8-bc45-00073e906c7f&#34;: Phase=&#34;Pending&#34;, Reason=&#34;&#34;, readiness=false. Elapsed: 2m8.31982s&#xA;Sep 10 03:30:03.615: INFO: Pod &#34;pod-secrets-807aef84-b4a9-11e8-bc45-00073e906c7f&#34;: Phase=&#34;Pending&#34;, Reason=&#34;&#34;, readiness=false. Elapsed: 2m10.3246185s&#xA;Sep 10 03:30:05.620: INFO: Pod &#34;pod-secrets-807aef84-b4a9-11e8-bc45-00073e906c7f&#34;: Phase=&#34;Pending&#34;, Reason=&#34;&#34;, readiness=false. Elapsed: 2m12.32988474s&#xA;Sep 10 03:30:07.625: INFO: Pod &#34;pod-secrets-807aef84-b4a9-11e8-bc45-00073e906c7f&#34;: Phase=&#34;Pending&#34;, Reason=&#34;&#34;, readiness=false. Elapsed: 2m14.33472576s&#xA;Sep 10 03:30:09.629: INFO: Pod &#34;pod-secrets-807aef84-b4a9-11e8-bc45-00073e906c7f&#34;: Phase=&#34;Pending&#34;, Reason=&#34;&#34;, readiness=false. Elapsed: 2m16.33954376s&#xA;Sep 10 03:30:11.634: INFO: Pod &#34;pod-secrets-807aef84-b4a9-11e8-bc45-00073e906c7f&#34;: Phase=&#34;Pending&#34;, Reason=&#34;&#34;, readiness=false. Elapsed: 2m18.34430492s&#xA;Sep 10 03:30:13.639: INFO: Pod &#34;pod-secrets-807aef84-b4a9-11e8-bc45-00073e906c7f&#34;: Phase=&#34;Pending&#34;, Reason=&#34;&#34;, readiness=false. Elapsed: 2m20.34928012s&#xA;Sep 10 03:30:15.644: INFO: Pod &#34;pod-secrets-807aef84-b4a9-11e8-bc45-00073e906c7f&#34;: Phase=&#34;Pending&#34;, Reason=&#34;&#34;, readiness=false. Elapsed: 2m22.35416006s&#xA;Sep 10 03:30:17.649: INFO: Pod &#34;pod-secrets-807aef84-b4a9-11e8-bc45-00073e906c7f&#34;: Phase=&#34;Pending&#34;, Reason=&#34;&#34;, readiness=false. Elapsed: 2m24.35897584s&#xA;Sep 10 03:30:19.654: INFO: Pod &#34;pod-secrets-807aef84-b4a9-11e8-bc45-00073e906c7f&#34;: Phase=&#34;Pending&#34;, Reason=&#34;&#34;, readiness=false. Elapsed: 2m26.3636439s&#xA;Sep 10 03:30:21.658: INFO: Pod &#34;pod-secrets-807aef84-b4a9-11e8-bc45-00073e906c7f&#34;: Phase=&#34;Pending&#34;, Reason=&#34;&#34;, readiness=false. Elapsed: 2m28.36835768s&#xA;Sep 10 03:30:23.663: INFO: Pod &#34;pod-secrets-807aef84-b4a9-11e8-bc45-00073e906c7f&#34;: Phase=&#34;Pending&#34;, Reason=&#34;&#34;, readiness=false. Elapsed: 2m30.37312302s&#xA;Sep 10 03:30:25.668: INFO: Pod &#34;pod-secrets-807aef84-b4a9-11e8-bc45-00073e906c7f&#34;: Phase=&#34;Pending&#34;, Reason=&#34;&#34;, readiness=false. Elapsed: 2m32.37811848s&#xA;Sep 10 03:30:27.673: INFO: Pod &#34;pod-secrets-807aef84-b4a9-11e8-bc45-00073e906c7f&#34;: Phase=&#34;Pending&#34;, Reason=&#34;&#34;, readiness=false. Elapsed: 2m34.3830776s&#xA;Sep 10 03:30:29.678: INFO: Pod &#34;pod-secrets-807aef84-b4a9-11e8-bc45-00073e906c7f&#34;: Phase=&#34;Pending&#34;, Reason=&#34;&#34;, readiness=false. Elapsed: 2m36.38784378s&#xA;Sep 10 03:30:31.683: INFO: Pod &#34;pod-secrets-807aef84-b4a9-11e8-bc45-00073e906c7f&#34;: Phase=&#34;Pending&#34;, Reason=&#34;&#34;, readiness=false. Elapsed: 2m38.3927433s&#xA;Sep 10 03:30:33.688: INFO: Pod &#34;pod-secrets-807aef84-b4a9-11e8-bc45-00073e906c7f&#34;: Phase=&#34;Pending&#34;, Reason=&#34;&#34;, readiness=false. Elapsed: 2m40.39794988s&#xA;Sep 10 03:30:35.692: INFO: Pod &#34;pod-secrets-807aef84-b4a9-11e8-bc45-00073e906c7f&#34;: Phase=&#34;Pending&#34;, Reason=&#34;&#34;, readiness=false. Elapsed: 2m42.4025146s&#xA;Sep 10 03:30:37.697: INFO: Pod &#34;pod-secrets-807aef84-b4a9-11e8-bc45-00073e906c7f&#34;: Phase=&#34;Pending&#34;, Reason=&#34;&#34;, readiness=false. Elapsed: 2m44.40724984s&#xA;Sep 10 03:30:39.702: INFO: Pod &#34;pod-secrets-807aef84-b4a9-11e8-bc45-00073e906c7f&#34;: Phase=&#34;Pending&#34;, Reason=&#34;&#34;, readiness=false. Elapsed: 2m46.41212876s&#xA;Sep 10 03:30:41.707: INFO: Pod &#34;pod-secrets-807aef84-b4a9-11e8-bc45-00073e906c7f&#34;: Phase=&#34;Pending&#34;, Reason=&#34;&#34;, readiness=false. Elapsed: 2m48.4168159s&#xA;Sep 10 03:30:43.711: INFO: Pod &#34;pod-secrets-807aef84-b4a9-11e8-bc45-00073e906c7f&#34;: Phase=&#34;Pending&#34;, Reason=&#34;&#34;, readiness=false. Elapsed: 2m50.4214528s&#xA;Sep 10 03:30:45.716: INFO: Pod &#34;pod-secrets-807aef84-b4a9-11e8-bc45-00073e906c7f&#34;: Phase=&#34;Pending&#34;, Reason=&#34;&#34;, readiness=false. Elapsed: 2m52.42622772s&#xA;Sep 10 03:30:47.721: INFO: Pod &#34;pod-secrets-807aef84-b4a9-11e8-bc45-00073e906c7f&#34;: Phase=&#34;Pending&#34;, Reason=&#34;&#34;, readiness=false. Elapsed: 2m54.43099632s&#xA;Sep 10 03:30:49.726: INFO: Pod &#34;pod-secrets-807aef84-b4a9-11e8-bc45-00073e906c7f&#34;: Phase=&#34;Pending&#34;, Reason=&#34;&#34;, readiness=false. Elapsed: 2m56.43591342s&#xA;Sep 10 03:30:51.730: INFO: Pod &#34;pod-secrets-807aef84-b4a9-11e8-bc45-00073e906c7f&#34;: Phase=&#34;Pending&#34;, Reason=&#34;&#34;, readiness=false. Elapsed: 2m58.44057322s&#xA;Sep 10 03:30:53.735: INFO: Pod &#34;pod-secrets-807aef84-b4a9-11e8-bc45-00073e906c7f&#34;: Phase=&#34;Pending&#34;, Reason=&#34;&#34;, readiness=false. Elapsed: 3m0.4453136s&#xA;Sep 10 03:30:55.740: INFO: Pod &#34;pod-secrets-807aef84-b4a9-11e8-bc45-00073e906c7f&#34;: Phase=&#34;Pending&#34;, Reason=&#34;&#34;, readiness=false. Elapsed: 3m2.44996812s&#xA;Sep 10 03:30:57.744: INFO: Pod &#34;pod-secrets-807aef84-b4a9-11e8-bc45-00073e906c7f&#34;: Phase=&#34;Pending&#34;, Reason=&#34;&#34;, readiness=false. Elapsed: 3m4.45456544s&#xA;Sep 10 03:30:59.749: INFO: Pod &#34;pod-secrets-807aef84-b4a9-11e8-bc45-00073e906c7f&#34;: Phase=&#34;Pending&#34;, Reason=&#34;&#34;, readiness=false. Elapsed: 3m6.45917322s&#xA;Sep 10 03:31:01.754: INFO: Pod &#34;pod-secrets-807aef84-b4a9-11e8-bc45-00073e906c7f&#34;: Phase=&#34;Pending&#34;, Reason=&#34;&#34;, readiness=false. Elapsed: 3m8.46391704s&#xA;Sep 10 03:31:03.759: INFO: Pod &#34;pod-secrets-807aef84-b4a9-11e8-bc45-00073e906c7f&#34;: Phase=&#34;Pending&#34;, Reason=&#34;&#34;, readiness=false. Elapsed: 3m10.46885414s&#xA;Sep 10 03:31:05.764: INFO: Pod &#34;pod-secrets-807aef84-b4a9-11e8-bc45-00073e906c7f&#34;: Phase=&#34;Pending&#34;, Reason=&#34;&#34;, readiness=false. Elapsed: 3m12.4738993s&#xA;Sep 10 03:31:07.769: INFO: Pod &#34;pod-secrets-807aef84-b4a9-11e8-bc45-00073e906c7f&#34;: Phase=&#34;Pending&#34;, Reason=&#34;&#34;, readiness=false. Elapsed: 3m14.47914966s&#xA;Sep 10 03:31:09.774: INFO: Pod &#34;pod-secrets-807aef84-b4a9-11e8-bc45-00073e906c7f&#34;: Phase=&#34;Pending&#34;, Reason=&#34;&#34;, readiness=false. Elapsed: 3m16.48455758s&#xA;Sep 10 03:31:11.780: INFO: Pod &#34;pod-secrets-807aef84-b4a9-11e8-bc45-00073e906c7f&#34;: Phase=&#34;Pending&#34;, Reason=&#34;&#34;, readiness=false. Elapsed: 3m18.48960852s&#xA;Sep 10 03:31:13.785: INFO: Pod &#34;pod-secrets-807aef84-b4a9-11e8-bc45-00073e906c7f&#34;: Phase=&#34;Pending&#34;, Reason=&#34;&#34;, readiness=false. Elapsed: 3m20.49460302s&#xA;Sep 10 03:31:15.789: INFO: Pod &#34;pod-secrets-807aef84-b4a9-11e8-bc45-00073e906c7f&#34;: Phase=&#34;Pending&#34;, Reason=&#34;&#34;, readiness=false. Elapsed: 3m22.49949308s&#xA;Sep 10 03:31:17.794: INFO: Pod &#34;pod-secrets-807aef84-b4a9-11e8-bc45-00073e906c7f&#34;: Phase=&#34;Pending&#34;, Reason=&#34;&#34;, readiness=false. Elapsed: 3m24.50444728s&#xA;Sep 10 03:31:19.799: INFO: Pod &#34;pod-secrets-807aef84-b4a9-11e8-bc45-00073e906c7f&#34;: Phase=&#34;Pending&#34;, Reason=&#34;&#34;, readiness=false. Elapsed: 3m26.5090068s&#xA;Sep 10 03:31:21.804: INFO: Pod &#34;pod-secrets-807aef84-b4a9-11e8-bc45-00073e906c7f&#34;: Phase=&#34;Pending&#34;, Reason=&#34;&#34;, readiness=false. Elapsed: 3m28.51378686s&#xA;Sep 10 03:31:23.809: INFO: Pod &#34;pod-secrets-807aef84-b4a9-11e8-bc45-00073e906c7f&#34;: Phase=&#34;Pending&#34;, Reason=&#34;&#34;, readiness=false. Elapsed: 3m30.51870188s&#xA;Sep 10 03:31:25.814: INFO: Pod &#34;pod-secrets-807aef84-b4a9-11e8-bc45-00073e906c7f&#34;: Phase=&#34;Pending&#34;, Reason=&#34;&#34;, readiness=false. Elapsed: 3m32.52376194s&#xA;Sep 10 03:31:27.818: INFO: Pod &#34;pod-secrets-807aef84-b4a9-11e8-bc45-00073e906c7f&#34;: Phase=&#34;Pending&#34;, Reason=&#34;&#34;, readiness=false. Elapsed: 3m34.52854376s&#xA;Sep 10 03:31:29.824: INFO: Pod &#34;pod-secrets-807aef84-b4a9-11e8-bc45-00073e906c7f&#34;: Phase=&#34;Pending&#34;, Reason=&#34;&#34;, readiness=false. Elapsed: 3m36.53369398s&#xA;Sep 10 03:31:31.829: INFO: Pod &#34;pod-secrets-807aef84-b4a9-11e8-bc45-00073e906c7f&#34;: Phase=&#34;Pending&#34;, Reason=&#34;&#34;, readiness=false. Elapsed: 3m38.53864498s&#xA;Sep 10 03:31:33.834: INFO: Pod &#34;pod-secrets-807aef84-b4a9-11e8-bc45-00073e906c7f&#34;: Phase=&#34;Pending&#34;, Reason=&#34;&#34;, readiness=false. Elapsed: 3m40.54373608s&#xA;Sep 10 03:31:35.839: INFO: Pod &#34;pod-secrets-807aef84-b4a9-11e8-bc45-00073e906c7f&#34;: Phase=&#34;Pending&#34;, Reason=&#34;&#34;, readiness=false. Elapsed: 3m42.54877308s&#xA;Sep 10 03:31:37.844: INFO: Pod &#34;pod-secrets-807aef84-b4a9-11e8-bc45-00073e906c7f&#34;: Phase=&#34;Pending&#34;, Reason=&#34;&#34;, readiness=false. Elapsed: 3m44.553789s&#xA;Sep 10 03:31:39.849: INFO: Pod &#34;pod-secrets-807aef84-b4a9-11e8-bc45-00073e906c7f&#34;: Phase=&#34;Pending&#34;, Reason=&#34;&#34;, readiness=false. Elapsed: 3m46.55873852s&#xA;Sep 10 03:31:41.854: INFO: Pod &#34;pod-secrets-807aef84-b4a9-11e8-bc45-00073e906c7f&#34;: Phase=&#34;Pending&#34;, Reason=&#34;&#34;, readiness=false. Elapsed: 3m48.56363432s&#xA;Sep 10 03:31:43.859: INFO: Pod &#34;pod-secrets-807aef84-b4a9-11e8-bc45-00073e906c7f&#34;: Phase=&#34;Pending&#34;, Reason=&#34;&#34;, readiness=false. Elapsed: 3m50.56869106s&#xA;Sep 10 03:31:45.864: INFO: Pod &#34;pod-secrets-807aef84-b4a9-11e8-bc45-00073e906c7f&#34;: Phase=&#34;Pending&#34;, Reason=&#34;&#34;, readiness=false. Elapsed: 3m52.57380816s&#xA;Sep 10 03:31:47.868: INFO: Pod &#34;pod-secrets-807aef84-b4a9-11e8-bc45-00073e906c7f&#34;: Phase=&#34;Pending&#34;, Reason=&#34;&#34;, readiness=false. Elapsed: 3m54.5785565s&#xA;Sep 10 03:31:49.873: INFO: Pod &#34;pod-secrets-807aef84-b4a9-11e8-bc45-00073e906c7f&#34;: Phase=&#34;Pending&#34;, Reason=&#34;&#34;, readiness=false. Elapsed: 3m56.58335964s&#xA;Sep 10 03:31:51.877: INFO: Pod &#34;pod-secrets-807aef84-b4a9-11e8-bc45-00073e906c7f&#34;: Phase=&#34;Pending&#34;, Reason=&#34;&#34;, readiness=false. Elapsed: 3m58.58758276s&#xA;Sep 10 03:31:53.890: INFO: Pod &#34;pod-secrets-807aef84-b4a9-11e8-bc45-00073e906c7f&#34;: Phase=&#34;Pending&#34;, Reason=&#34;&#34;, readiness=false. Elapsed: 4m0.5998548s&#xA;Sep 10 03:31:55.895: INFO: Pod &#34;pod-secrets-807aef84-b4a9-11e8-bc45-00073e906c7f&#34;: Phase=&#34;Pending&#34;, Reason=&#34;&#34;, readiness=false. Elapsed: 4m2.60484196s&#xA;Sep 10 03:31:57.900: INFO: Pod &#34;pod-secrets-807aef84-b4a9-11e8-bc45-00073e906c7f&#34;: Phase=&#34;Pending&#34;, Reason=&#34;&#34;, readiness=false. Elapsed: 4m4.60993686s&#xA;Sep 10 03:31:59.905: INFO: Pod &#34;pod-secrets-807aef84-b4a9-11e8-bc45-00073e906c7f&#34;: Phase=&#34;Pending&#34;, Reason=&#34;&#34;, readiness=false. Elapsed: 4m6.61470628s&#xA;Sep 10 03:32:01.910: INFO: Pod &#34;pod-secrets-807aef84-b4a9-11e8-bc45-00073e906c7f&#34;: Phase=&#34;Pending&#34;, Reason=&#34;&#34;, readiness=false. Elapsed: 4m8.61961312s&#xA;Sep 10 03:32:03.915: INFO: Pod &#34;pod-secrets-807aef84-b4a9-11e8-bc45-00073e906c7f&#34;: Phase=&#34;Pending&#34;, Reason=&#34;&#34;, readiness=false. Elapsed: 4m10.62490236s&#xA;Sep 10 03:32:05.920: INFO: Pod &#34;pod-secrets-807aef84-b4a9-11e8-bc45-00073e906c7f&#34;: Phase=&#34;Pending&#34;, Reason=&#34;&#34;, readiness=false. Elapsed: 4m12.62996924s&#xA;Sep 10 03:32:07.925: INFO: Pod &#34;pod-secrets-807aef84-b4a9-11e8-bc45-00073e906c7f&#34;: Phase=&#34;Pending&#34;, Reason=&#34;&#34;, readiness=false. Elapsed: 4m14.63502222s&#xA;Sep 10 03:32:09.930: INFO: Pod &#34;pod-secrets-807aef84-b4a9-11e8-bc45-00073e906c7f&#34;: Phase=&#34;Pending&#34;, Reason=&#34;&#34;, readiness=false. Elapsed: 4m16.63981982s&#xA;Sep 10 03:32:11.934: INFO: Pod &#34;pod-secrets-807aef84-b4a9-11e8-bc45-00073e906c7f&#34;: Phase=&#34;Pending&#34;, Reason=&#34;&#34;, readiness=false. Elapsed: 4m18.644554s&#xA;Sep 10 03:32:13.939: INFO: Pod &#34;pod-secrets-807aef84-b4a9-11e8-bc45-00073e906c7f&#34;: Phase=&#34;Pending&#34;, Reason=&#34;&#34;, readiness=false. Elapsed: 4m20.64941348s&#xA;Sep 10 03:32:15.944: INFO: Pod &#34;pod-secrets-807aef84-b4a9-11e8-bc45-00073e906c7f&#34;: Phase=&#34;Pending&#34;, Reason=&#34;&#34;, readiness=false. Elapsed: 4m22.65442032s&#xA;Sep 10 03:32:17.949: INFO: Pod &#34;pod-secrets-807aef84-b4a9-11e8-bc45-00073e906c7f&#34;: Phase=&#34;Pending&#34;, Reason=&#34;&#34;, readiness=false. Elapsed: 4m24.6594941s&#xA;Sep 10 03:32:19.954: INFO: Pod &#34;pod-secrets-807aef84-b4a9-11e8-bc45-00073e906c7f&#34;: Phase=&#34;Pending&#34;, Reason=&#34;&#34;, readiness=false. Elapsed: 4m26.6641916s&#xA;Sep 10 03:32:21.959: INFO: Pod &#34;pod-secrets-807aef84-b4a9-11e8-bc45-00073e906c7f&#34;: Phase=&#34;Pending&#34;, Reason=&#34;&#34;, readiness=false. Elapsed: 4m28.66933738s&#xA;Sep 10 03:32:23.964: INFO: Pod &#34;pod-secrets-807aef84-b4a9-11e8-bc45-00073e906c7f&#34;: Phase=&#34;Pending&#34;, Reason=&#34;&#34;, readiness=false. Elapsed: 4m30.67444442s&#xA;Sep 10 03:32:25.969: INFO: Pod &#34;pod-secrets-807aef84-b4a9-11e8-bc45-00073e906c7f&#34;: Phase=&#34;Pending&#34;, Reason=&#34;&#34;, readiness=false. Elapsed: 4m32.67922716s&#xA;Sep 10 03:32:27.974: INFO: Pod &#34;pod-secrets-807aef84-b4a9-11e8-bc45-00073e906c7f&#34;: Phase=&#34;Pending&#34;, Reason=&#34;&#34;, readiness=false. Elapsed: 4m34.68431264s&#xA;Sep 10 03:32:29.979: INFO: Pod &#34;pod-secrets-807aef84-b4a9-11e8-bc45-00073e906c7f&#34;: Phase=&#34;Pending&#34;, Reason=&#34;&#34;, readiness=false. Elapsed: 4m36.68939448s&#xA;Sep 10 03:32:31.984: INFO: Pod &#34;pod-secrets-807aef84-b4a9-11e8-bc45-00073e906c7f&#34;: Phase=&#34;Pending&#34;, Reason=&#34;&#34;, readiness=false. Elapsed: 4m38.69443138s&#xA;Sep 10 03:32:33.989: INFO: Pod &#34;pod-secrets-807aef84-b4a9-11e8-bc45-00073e906c7f&#34;: Phase=&#34;Pending&#34;, Reason=&#34;&#34;, readiness=false. Elapsed: 4m40.69939276s&#xA;Sep 10 03:32:35.994: INFO: Pod &#34;pod-secrets-807aef84-b4a9-11e8-bc45-00073e906c7f&#34;: Phase=&#34;Pending&#34;, Reason=&#34;&#34;, readiness=false. Elapsed: 4m42.70432424s&#xA;Sep 10 03:32:37.999: INFO: Pod &#34;pod-secrets-807aef84-b4a9-11e8-bc45-00073e906c7f&#34;: Phase=&#34;Pending&#34;, Reason=&#34;&#34;, readiness=false. Elapsed: 4m44.70943948s&#xA;Sep 10 03:32:40.005: INFO: Pod &#34;pod-secrets-807aef84-b4a9-11e8-bc45-00073e906c7f&#34;: Phase=&#34;Pending&#34;, Reason=&#34;&#34;, readiness=false. Elapsed: 4m46.71459968s&#xA;Sep 10 03:32:42.009: INFO: Pod &#34;pod-secrets-807aef84-b4a9-11e8-bc45-00073e906c7f&#34;: Phase=&#34;Pending&#34;, Reason=&#34;&#34;, readiness=false. Elapsed: 4m48.71954638s&#xA;Sep 10 03:32:44.014: INFO: Pod &#34;pod-secrets-807aef84-b4a9-11e8-bc45-00073e906c7f&#34;: Phase=&#34;Pending&#34;, Reason=&#34;&#34;, readiness=false. Elapsed: 4m50.72456836s&#xA;Sep 10 03:32:46.020: INFO: Pod &#34;pod-secrets-807aef84-b4a9-11e8-bc45-00073e906c7f&#34;: Phase=&#34;Pending&#34;, Reason=&#34;&#34;, readiness=false. Elapsed: 4m52.72975636s&#xA;Sep 10 03:32:48.025: INFO: Pod &#34;pod-secrets-807aef84-b4a9-11e8-bc45-00073e906c7f&#34;: Phase=&#34;Pending&#34;, Reason=&#34;&#34;, readiness=false. Elapsed: 4m54.73493724s&#xA;Sep 10 03:32:50.030: INFO: Pod &#34;pod-secrets-807aef84-b4a9-11e8-bc45-00073e906c7f&#34;: Phase=&#34;Pending&#34;, Reason=&#34;&#34;, readiness=false. Elapsed: 4m56.73984876s&#xA;Sep 10 03:32:52.035: INFO: Pod &#34;pod-secrets-807aef84-b4a9-11e8-bc45-00073e906c7f&#34;: Phase=&#34;Pending&#34;, Reason=&#34;&#34;, readiness=false. Elapsed: 4m58.74459984s&#xA;Sep 10 03:32:54.050: INFO: Failed to get logs from node &#34;node3&#34; pod &#34;pod-secrets-807aef84-b4a9-11e8-bc45-00073e906c7f&#34; container &#34;secret-env-test&#34;: the server rejected our request for an unknown reason (get pods pod-secrets-807aef84-b4a9-11e8-bc45-00073e906c7f)&#xA;�[1mSTEP�[0m: delete the pod&#xA;Sep 10 03:32:54.056: INFO: Waiting for pod pod-secrets-807aef84-b4a9-11e8-bc45-00073e906c7f to disappear&#xA;Sep 10 03:32:54.061: INFO: Pod pod-secrets-807aef84-b4a9-11e8-bc45-00073e906c7f still exists&#xA;Sep 10 03:32:56.061: INFO: Waiting for pod pod-secrets-807aef84-b4a9-11e8-bc45-00073e906c7f to disappear&#xA;Sep 10 03:32:56.066: INFO: Pod pod-secrets-807aef84-b4a9-11e8-bc45-00073e906c7f no longer exists&#xA;Sep 10 03:32:56.066: INFO: Unexpected error occurred: expected pod &#34;pod-secrets-807aef84-b4a9-11e8-bc45-00073e906c7f&#34; success: Gave up after waiting 5m0s for pod &#34;pod-secrets-807aef84-b4a9-11e8-bc45-00073e906c7f&#34; to be &#34;success or failure&#34;&#xA;[AfterEach] [sig-api-machinery] Secrets&#xA;  /root/gopath/src/k8s.io/kubernetes/_output/local/go/src/k8s.io/kubernetes/test/e2e/framework/framework.go:142&#xA;�[1mSTEP�[0m: Collecting events from namespace &#34;e2e-tests-secrets-rg4df&#34;.&#xA;�[1mSTEP�[0m: Found 6 events.&#xA;Sep 10 03:32:56.073: INFO: At 2018-09-10 03:27:53 +0000 UTC - event for pod-secrets-807aef84-b4a9-11e8-bc45-00073e906c7f: {default-scheduler } Scheduled: Successfully assigned e2e-tests-secrets-rg4df/pod-secrets-807aef84-b4a9-11e8-bc45-00073e906c7f to node3&#xA;Sep 10 03:32:56.073: INFO: At 2018-09-10 03:27:54 +0000 UTC - event for pod-secrets-807aef84-b4a9-11e8-bc45-00073e906c7f: {kubelet node3} Pulling: pulling image &#34;busybox&#34;&#xA;Sep 10 03:32:56.073: INFO: At 2018-09-10 03:28:00 +0000 UTC - event for pod-secrets-807aef84-b4a9-11e8-bc45-00073e906c7f: {kubelet node3} Failed: Failed to pull image &#34;busybox&#34;: rpc error: code = Unknown desc = Error while pulling image: Get https://index.docker.io/v1/repositories/library/busybox/images: http: error connecting to proxy http://192.168.2.109:8118: dial tcp 192.168.2.109:8118: getsockopt: no route to host&#xA;Sep 10 03:32:56.073: INFO: At 2018-09-10 03:28:00 +0000 UTC - event for pod-secrets-807aef84-b4a9-11e8-bc45-00073e906c7f: {kubelet node3} Failed: Error: ErrImagePull&#xA;Sep 10 03:32:56.073: INFO: At 2018-09-10 03:28:00 +0000 UTC - event for pod-secrets-807aef84-b4a9-11e8-bc45-00073e906c7f: {kubelet node3} BackOff: Back-off pulling image &#34;busybox&#34;&#xA;Sep 10 03:32:56.073: INFO: At 2018-09-10 03:28:00 +0000 UTC - event for pod-secrets-807aef84-b4a9-11e8-bc45-00073e906c7f: {kubelet node3} Failed: Error: ImagePullBackOff&#xA;Sep 10 03:32:56.085: INFO: POD                            NODE   PHASE    GRACE  CONDITIONS&#xA;Sep 10 03:32:56.085: INFO: coredns-78fcdf6894-f55jj       node3  Running         [{Initialized True 0001-01-01 00:00:00 +0000 UTC 2018-09-01 03:57:03 +0000 UTC  } {Ready True 0001-01-01 00:00:00 +0000 UTC 2018-09-07 08:42:02 +0000 UTC  } {ContainersReady True 0001-01-01 00:00:00 +0000 UTC 0001-01-01 00:00:00 +0000 UTC  } {PodScheduled True 0001-01-01 00:00:00 +0000 UTC 2018-09-01 03:57:03 +0000 UTC  }]&#xA;Sep 10 03:32:56.085: INFO: coredns-78fcdf6894-vlxkz       node3  Running         [{Initialized True 0001-01-01 00:00:00 +0000 UTC 2018-09-01 03:57:03 +0000 UTC  } {Ready True 0001-01-01 00:00:00 +0000 UTC 2018-09-07 08:42:02 +0000 UTC  } {ContainersReady True 0001-01-01 00:00:00 +0000 UTC 0001-01-01 00:00:00 +0000 UTC  } {PodScheduled True 0001-01-01 00:00:00 +0000 UTC 2018-09-01 03:57:03 +0000 UTC  }]&#xA;Sep 10 03:32:56.086: INFO: etcd-node3                     node3  Running         [{Initialized True 0001-01-01 00:00:00 +0000 UTC 2018-09-07 08:40:49 +0000 UTC  } {Ready True 0001-01-01 00:00:00 +0000 UTC 2018-09-07 08:40:51 +0000 UTC  } {ContainersReady True 0001-01-01 00:00:00 +0000 UTC 0001-01-01 00:00:00 +0000 UTC  } {PodScheduled True 0001-01-01 00:00:00 +0000 UTC 2018-09-07 08:40:49 +0000 UTC  }]&#xA;Sep 10 03:32:56.086: INFO: kube-apiserver-node3           node3  Running         [{Initialized True 0001-01-01 00:00:00 +0000 UTC 2018-09-07 08:40:49 +0000 UTC  } {Ready True 0001-01-01 00:00:00 +0000 UTC 2018-09-07 08:40:51 +0000 UTC  } {ContainersReady True 0001-01-01 00:00:00 +0000 UTC 0001-01-01 00:00:00 +0000 UTC  } {PodScheduled True 0001-01-01 00:00:00 +0000 UTC 2018-09-07 08:40:49 +0000 UTC  }]&#xA;Sep 10 03:32:56.086: INFO: kube-controller-manager-node3  node3  Running         [{Initialized True 0001-01-01 00:00:00 +0000 UTC 2018-09-07 08:40:49 +0000 UTC  } {Ready True 0001-01-01 00:00:00 +0000 UTC 2018-09-07 08:40:51 +0000 UTC  } {ContainersReady True 0001-01-01 00:00:00 +0000 UTC 0001-01-01 00:00:00 +0000 UTC  } {PodScheduled True 0001-01-01 00:00:00 +0000 UTC 2018-09-07 08:40:49 +0000 UTC  }]&#xA;Sep 10 03:32:56.086: INFO: kube-proxy-d6xgq               node3  Running         [{Initialized True 0001-01-01 00:00:00 +0000 UTC 2018-09-01 03:55:38 +0000 UTC  } {Ready True 0001-01-01 00:00:00 +0000 UTC 2018-09-07 08:41:32 +0000 UTC  } {ContainersReady True 0001-01-01 00:00:00 +0000 UTC 0001-01-01 00:00:00 +0000 UTC  } {PodScheduled True 0001-01-01 00:00:00 +0000 UTC 2018-09-01 03:55:38 +0000 UTC  }]&#xA;Sep 10 03:32:56.086: INFO: kube-scheduler-node3           node3  Running         [{Initialized True 0001-01-01 00:00:00 +0000 UTC 2018-09-07 08:40:50 +0000 UTC  } {Ready True 0001-01-01 00:00:00 +0000 UTC 2018-09-07 08:40:51 +0000 UTC  } {ContainersReady True 0001-01-01 00:00:00 +0000 UTC 0001-01-01 00:00:00 +0000 UTC  } {PodScheduled True 0001-01-01 00:00:00 +0000 UTC 2018-09-07 08:40:50 +0000 UTC  }]&#xA;Sep 10 03:32:56.086: INFO: weave-net-qrwm8                node3  Running         [{Initialized True 0001-01-01 00:00:00 +0000 UTC 2018-09-01 03:55:38 +0000 UTC  } {Ready True 0001-01-01 00:00:00 +0000 UTC 2018-09-07 08:41:59 +0000 UTC  } {ContainersReady True 0001-01-01 00:00:00 +0000 UTC 0001-01-01 00:00:00 +0000 UTC  } {PodScheduled True 0001-01-01 00:00:00 +0000 UTC 2018-09-01 03:55:38 +0000 UTC  }]&#xA;Sep 10 03:32:56.086: INFO: &#xA;Sep 10 03:32:56.091: INFO: &#xA;Logging node info for node node3&#xA;Sep 10 03:32:56.095: INFO: Node Info: &amp;Node{ObjectMeta:k8s_io_apimachinery_pkg_apis_meta_v1.ObjectMeta{Name:node3,GenerateName:,Namespace:,SelfLink:/api/v1/nodes/node3,UID:d76c0c97-ad9a-11e8-a7d7-1e59e086a4f1,ResourceVersion:510336,Generation:0,CreationTimestamp:2018-09-01 03:55:18 +0000 UTC,DeletionTimestamp:&lt;nil&gt;,DeletionGracePeriodSeconds:nil,Labels:map[string]string{beta.kubernetes.io/arch: arm64,beta.kubernetes.io/os: linux,kubernetes.io/hostname: node3,node-role.kubernetes.io/master: ,},Annotations:map[string]string{kubeadm.alpha.kubernetes.io/cri-socket: /var/run/dockershim.sock,node.alpha.kubernetes.io/ttl: 0,volumes.kubernetes.io/controller-managed-attach-detach: true,},OwnerReferences:[],Finalizers:[],ClusterName:,Initializers:nil,},Spec:NodeSpec{PodCIDR:10.244.0.0/24,DoNotUse_ExternalID:,ProviderID:,Unschedulable:false,Taints:[],ConfigSource:nil,},Status:NodeStatus{Capacity:ResourceList{cpu: {{16 0} {&lt;nil&gt;} 16 DecimalSI},ephemeral-storage: {{82538430464 0} {&lt;nil&gt;}  BinarySI},hugepages-2Mi: {{0 0} {&lt;nil&gt;} 0 DecimalSI},memory: {{67535159296 0} {&lt;nil&gt;}  BinarySI},pods: {{110 0} {&lt;nil&gt;} 110 DecimalSI},},Allocatable:ResourceList{cpu: {{16 0} {&lt;nil&gt;} 16 DecimalSI},ephemeral-storage: {{74284587295 0} {&lt;nil&gt;} 74284587295 DecimalSI},hugepages-2Mi: {{0 0} {&lt;nil&gt;} 0 DecimalSI},memory: {{67430301696 0} {&lt;nil&gt;}  BinarySI},pods: {{110 0} {&lt;nil&gt;} 110 DecimalSI},},Phase:,Conditions:[{NetworkUnavailable False 2018-09-07 08:42:01 +0000 UTC 2018-09-07 08:42:01 +0000 UTC WeaveIsUp Weave pod has set this} {OutOfDisk False 2018-09-10 03:32:51 +0000 UTC 2018-09-01 03:55:11 +0000 UTC KubeletHasSufficientDisk kubelet has sufficient disk space available} {MemoryPressure False 2018-09-10 03:32:51 +0000 UTC 2018-09-01 03:55:11 +0000 UTC KubeletHasSufficientMemory kubelet has sufficient memory available} {DiskPressure False 2018-09-10 03:32:51 +0000 UTC 2018-09-01 03:55:11 +0000 UTC KubeletHasNoDiskPressure kubelet has no disk pressure} {PIDPressure False 2018-09-10 03:32:51 +0000 UTC 2018-09-01 03:55:11 +0000 UTC KubeletHasSufficientPID kubelet has sufficient PID available} {Ready True 2018-09-10 03:32:51 +0000 UTC 2018-09-04 01:30:47 +0000 UTC KubeletReady kubelet is posting ready status}],Addresses:[{InternalIP 192.168.2.117} {Hostname node3}],DaemonEndpoints:NodeDaemonEndpoints{KubeletEndpoint:DaemonEndpoint{Port:10250,},},NodeInfo:NodeSystemInfo{MachineID:373be5c264ac4b78a49077a4b4ded99c,SystemUUID:373be5c264ac4b78a49077a4b4ded99c,BootID:fa7f8a19-3d16-419b-9318-394c7eac5519,KernelVersion:4.4.58-20171215.kylin.server.YUN+-generic,OSImage:Kylin 4.0.2,ContainerRuntimeVersion:docker://1.12.6,KubeletVersion:v1.11.2,KubeProxyVersion:v1.11.2,OperatingSystem:linux,Architecture:arm64,},Images:[{[k8s.gcr.io/kube-cross@sha256:0c5809a727c38458e9a63b486cf83c504a24ff561d63a031d31e613f6ad50282 k8s.gcr.io/kube-cross:v1.10.2-1] 2076524551} {[mrdreambot/arm64-mysql@sha256:872464bd31f5db2ecfce15824c80a0b78ace914e80e78a0e98d2d9ef7e8bbb79 mrdreambot/arm64-mysql:latest] 529883867} {[bobsense/mysql@sha256:a20cd35207c46b0400ac48fdf21ebb8e432fa5b597eb5f4b6ec6a634ecc26a8a bobsense/mysql:latest] 529882429} {[mariadb@sha256:358f6b50afd9c25707e97869f0c57de802c53973a90a2ff49e283501fccce1b2 mariadb:10.1.14] 387643618} {[wordpress@sha256:b0460dba11737144b232a7794403d4052982f2332caeea82f618fc98d0547387 wordpress:latest] 367973768} {[mariadb@sha256:edef80de393cf4a79504168c663f8b0c6b15060333e5a7d7aee3dc0a4de6e927 mariadb:latest] 348940495} {[hyperhq/mariadb-arm64v8@sha256:bcf8c747e35eddfcd36ffc6011b00ececb56fe467afb290280d80709299fd80d hyperhq/mariadb-arm64v8:10.3-1] 348507360} {[hyperhq/mariadb-arm64v8:10.3] 348507300} {[hyperhq/mariadb-arm64v8@sha256:720d233b09adbea084c15cfa4909008a2df201b300b10c9fd39464bce60af0db hyperhq/mariadb-arm64v8:10.3-2] 348507153} {[bobsense/nginx-arm64@sha256:224f3b5fd469754e5e701bedd28c633c92ba21c00d2b0e9376eaa4adb38b5603 bobsense/nginx-arm64:latest] 338655564} {[gcr.io/google-samples/gb-frontend-arm64@sha256:9587be21f54a9dc04e1f37b83a9d120231b205385d8deba0682d6fb22088e7c9 gcr.io/google-samples/gb-frontend-arm64:v5] 337228898} {[lsioarmhf/mariadb-aarch64@sha256:b2a1bd89d60c579f07ae1837280a2b3b5f35f11f756b9aa61e6a025af03ddf87 lsioarmhf/mariadb-aarch64:latest] 327268490} {[ebspace/aarch64-mysql@sha256:d9f5f5d222a155c930e3837976b5b457e48c000cf34e6919d0f8a0b73dc39965 ebspace/aarch64-mysql:latest] 262591608} {[tobi312/rpi-mysql@sha256:2f0b069765901afbb162838359778088b8d9fdba30b201d5cf51381ec008802a tobi312/rpi-mysql:latest] 256067342} {[k8s.gcr.io/volume-nfs@sha256:83ba87be13a6f74361601c8614527e186ca67f49091e2d0d4ae8a8da67c403ee k8s.gcr.io/volume-nfs:0.8] 247146979} {[postgres@sha256:d9c44f9fc460dd8962c388eacf88a0e252b858ccdf33bc223f68112617e81fc9 postgres:10] 233845668} {[k8s.gcr.io/etcd-arm64@sha256:f0b7368ebb28e6226ab3b4dbce4b5c6d77dab7b5f6579b08fd645c00f7b100ff k8s.gcr.io/etcd-arm64:3.2.18] 229927444} {[k8s.gcr.io/kube-apiserver-arm64@sha256:5c77134dc174453fc0d900ee5cdcb7b488131a0edb934ae8e859a263f8ee55da k8s.gcr.io/kube-apiserver-arm64:v1.10.4] 218561963} {[k8s.gcr.io/kube-apiserver-arm64@sha256:ab41e3e38792750fa122dbeacf7d0d3d52b7ccc466f254c460733846da0ce0c9 k8s.gcr.io/kube-apiserver-arm64:v1.10.3] 218559018} {[hypriot/rpi-mysql@sha256:c1567c885cf560da66a647f91f7e16bfeea2968895f859b5732583a8db3570ea hypriot/rpi-mysql:latest] 209339591} {[gcr.io/kubernetes-e2e-test-images/jessie-dnsutils-arm64@sha256:92105b23ab1bcc1f72b7deeb4b7d72b27b4ba9a47b292fbd4f58f4080f0621a2 gcr.io/kubernetes-e2e-test-images/jessie-dnsutils-arm64:1.0] 193983470} {[k8s.gcr.io/kube-apiserver-arm64@sha256:31fa4a96f582953034fb2906bd2e557620943ebaa2c2f74ee719c89a9bffb0d4 k8s.gcr.io/kube-apiserver-arm64:v1.11.2] 185805939} {[k8s.gcr.io/etcd-arm64@sha256:c6418130352f3632f3858ff466f7fdcde5c2867d9471f40dbb99227ccbb6d458 k8s.gcr.io/etcd-arm64:3.1.12] 180941491} {[functions/faas-netesd@sha256:05072b13c8127d53b48466f6b16beae997ff008e13a74cdb5da64ca2f5708062 functions/faas-netesd:arm64-0.3-alpha6] 154407667} {[k8s.gcr.io/kube-controller-manager-arm64@sha256:af5e55e15e5ab06999716ef72792b0abed63c9fc972db99120b2c40febaf69a7 k8s.gcr.io/kube-controller-manager-arm64:v1.11.2] 153069058} {[functions/faas-netesd@sha256:0903fd0a2c6010fcef6f42eda8fdc22bf4aecc31571b7ab6f461041497f34aa4 functions/faas-netesd:0.4.3-arm64] 148751197} {[k8s.gcr.io/kube-controller-manager-arm64@sha256:138de23ccbdfab3f4e76e05c290aab26c9127a853db8a0cbc2d816b31d5aebbd k8s.gcr.io/kube-controller-manager-arm64:v1.10.4] 142046988} {[k8s.gcr.io/kube-controller-manager-arm64@sha256:4f99bac50d84f8757ef06d06e68eee0aa042fdb5969c300d23ad1ae3b1f914f5 k8s.gcr.io/kube-controller-manager-arm64:v1.10.3] 142046537} {[weaveworks/weave-kube@sha256:3c45b339ab2dc9c11c9c745e44afce27806dc1d8ecd1da84a88deb36756ac713 weaveworks/weave-kube:2.4.0] 131119125} {[k8s.gcr.io/nginx-slim-arm64@sha256:b95f8bebdc6d8a7b65f5954aa5aaea3209ad8a6af5261cf3c8cae0c0a1c0fb79 k8s.gcr.io/nginx-slim-arm64:0.27] 126129565} {[k8s.gcr.io/nginx-slim-arm64@sha256:ef47cf0719891fe4b84467af77f8e13618b05965b6663945411e1e11c15ffa14 k8s.gcr.io/nginx-slim-arm64:0.26] 126125347} {[hyperhq/postgres-wordpress-arm:latest] 110592210} {[wordpress@sha256:3c22b14d0269bd50b2011f6d749d8bee68e328167f774bef8bf11f5878a6035d wordpress:4.9-fpm-alpine] 107828983} {[functions/gateway@sha256:01aea2775bb40d69588d2c6e83e8b9ea5009b9f405b140e643eb4be2a775814d functions/gateway:arm64-0.6.6-beta2] 106004910} {[k8s.gcr.io/kube-proxy-arm64@sha256:3bb2bfdc016ae46d131af74040bec2c48134c733ae90fead4da3568014fb450a k8s.gcr.io/kube-proxy-arm64:v1.11.2] 102835336} {[nginx@sha256:3e2ffcf0edca2a4e9b24ca442d227baea7b7f0e33ad654ef1eb806fbd9bedcf0 nginx:latest] 102594503} {[k8s.gcr.io/kube-proxy-arm64@sha256:f024ad81abe8b9bf473c0b8ff5c96723505b8a592379d606038499f8a77f663b k8s.gcr.io/kube-proxy-arm64:v1.10.4] 100601489} {[k8s.gcr.io/kube-proxy-arm64@sha256:b21badcd0799bb7495ebcbc17557861384da1eac42d6527937a8aaed0c329d6c k8s.gcr.io/kube-proxy-arm64:v1.10.3] 100598796} {[k8s.gcr.io/echoserver@sha256:d2a8af33e4e6dc7f18fc8d0cd345b2c893922083c6e2c2cbf24a2efcaa7aa3ba k8s.gcr.io/echoserver:1.6] 95247805} {[gcr.io/google-samples/gb-redisslave-arm64@sha256:2420127acd816ebbdbaa33cab372493859c1d40b3a2d5d6fc05bc38887ad9511 gcr.io/google-samples/gb-redisslave-arm64:v2] 94082700} {[nginx@sha256:e3456c851a152494c3e4ff5fcc26f240206abac0c9d794affb40e0714846c451 nginx:1.7.9] 91641000} {[&lt;none&gt;@&lt;none&gt; &lt;none&gt;:&lt;none&gt;] 76567645} {[ubuntu@sha256:3f119dc0737f57f704ebecac8a6d8477b0f6ca1ca0332c7ee1395ed2c6a82be7 ubuntu:bionic] 76171071} {[k8s.gcr.io/kube-scheduler-arm64@sha256:3ece3012cc6fedf5193fd1c80aee4b6da2835098b7799d4940fb4a79fc1be0ee k8s.gcr.io/kube-scheduler-arm64:v1.11.2] 56216691} {[weaveworks/weave-npc@sha256:715b03e14874355f1f793f7bc11d843a00b390b2806bd996f1e47e8acb1020aa weaveworks/weave-npc:2.4.0] 51096437} {[k8s.gcr.io/k8s-dns-kube-dns-arm64@sha256:9bcc8fda237765f8b8f8fdf5af220b856adbc8b56d72dc4f336d44510d1749d9 k8s.gcr.io/k8s-dns-kube-dns-arm64:1.14.8] 49350613} {[k8s.gcr.io/kube-scheduler-arm64@sha256:fbff009828de95e14856325ebcfc6e1c0cdb456a052c62ba0c64221773c68686 k8s.gcr.io/kube-scheduler-arm64:v1.10.4] 48502539} {[k8s.gcr.io/kube-scheduler-arm64@sha256:6847ebb67c5a2928d8997d98001eb107a50601e85e07c3245f72b14df4518616 k8s.gcr.io/kube-scheduler-arm64:v1.10.3] 48434682} {[k8s.gcr.io/k8s-dns-dnsmasq-nanny-arm64@sha256:35ac228d45ab5f4209f25317506fa53b762f6d8ad333d1ff795393fa6e97b29c k8s.gcr.io/k8s-dns-dnsmasq-nanny-arm64:1.14.8] 42547598} {[k8s.gcr.io/k8s-dns-sidecar-arm64@sha256:b2c1e4e04d77ed564e918ebd16443dfb2217653b58293e616e36f034068d6da3 k8s.gcr.io/k8s-dns-sidecar-arm64:1.14.8] 41256276}],VolumesInUse:[],VolumesAttached:[],Config:nil,},}&#xA;Sep 10 03:32:56.096: INFO: &#xA;Logging kubelet events for node node3&#xA;Sep 10 03:32:56.100: INFO: &#xA;Logging pods the kubelet thinks is on node node3&#xA;Sep 10 03:32:56.111: INFO: coredns-78fcdf6894-vlxkz started at 2018-09-01 03:57:03 +0000 UTC (0+1 container statuses recorded)&#xA;Sep 10 03:32:56.112: INFO: &#x9;Container coredns ready: true, restart count 2&#xA;Sep 10 03:32:56.112: INFO: weave-net-qrwm8 started at 2018-09-01 03:55:38 +0000 UTC (0+2 container statuses recorded)&#xA;Sep 10 03:32:56.112: INFO: &#x9;Container weave ready: true, restart count 4&#xA;Sep 10 03:32:56.112: INFO: &#x9;Container weave-npc ready: true, restart count 2&#xA;Sep 10 03:32:56.112: INFO: coredns-78fcdf6894-f55jj started at 2018-09-01 03:57:03 +0000 UTC (0+1 container statuses recorded)&#xA;Sep 10 03:32:56.112: INFO: &#x9;Container coredns ready: true, restart count 2&#xA;Sep 10 03:32:56.112: INFO: kube-proxy-d6xgq started at 2018-09-01 03:55:38 +0000 UTC (0+1 container statuses recorded)&#xA;Sep 10 03:32:56.112: INFO: &#x9;Container kube-proxy ready: true, restart count 2&#xA;Sep 10 03:32:56.112: INFO: etcd-node3 started at &lt;nil&gt; (0+0 container statuses recorded)&#xA;Sep 10 03:32:56.112: INFO: kube-apiserver-node3 started at &lt;nil&gt; (0+0 container statuses recorded)&#xA;Sep 10 03:32:56.112: INFO: kube-controller-manager-node3 started at &lt;nil&gt; (0+0 container statuses recorded)&#xA;Sep 10 03:32:56.112: INFO: kube-scheduler-node3 started at &lt;nil&gt; (0+0 container statuses recorded)&#xA;Sep 10 03:32:56.163: INFO: &#xA;Latency metrics for node node3&#xA;Sep 10 03:32:56.163: INFO: {Operation:create Method:pod_worker_latency_microseconds Quantile:0.99 Latency:2m3.013455s}&#xA;Sep 10 03:32:56.163: INFO: {Operation:create Method:pod_worker_latency_microseconds Quantile:0.9 Latency:2m3.013455s}&#xA;Sep 10 03:32:56.164: INFO: {Operation:create Method:pod_worker_latency_microseconds Quantile:0.5 Latency:2m3.012702s}&#xA;Sep 10 03:32:56.164: INFO: {Operation:stop_container Method:docker_operations_latency_microseconds Quantile:0.99 Latency:20.005264s}&#xA;Sep 10 03:32:56.164: INFO: {Operation:stop_container Method:docker_operations_latency_microseconds Quantile:0.9 Latency:20.003699s}&#xA;�[1mSTEP�[0m: Dumping a list of prepulled images on each node to file /e2e/image-puller.txt&#xA;Sep 10 03:32:56.170: INFO: Waiting up to 3m0s for all (but 0) nodes to be ready&#xA;�[1mSTEP�[0m: Destroying namespace &#34;e2e-tests-secrets-rg4df&#34; for this suite.&#xA;Sep 10 03:33:02.189: INFO: Waiting up to 30s for server preferred namespaced resources to be successfully discovered&#xA;Sep 10 03:33:02.311: INFO: namespace: e2e-tests-secrets-rg4df, resource: bindings, ignored listing per whitelist&#xA;Sep 10 03:33:02.337: INFO: namespace e2e-tests-secrets-rg4df deletion completed in 6.16171146s&#xA;</system-out>
      </testcase>
      <testcase name="[sig-storage] Projected should update labels on modification [NodeConformance] [Conformance]" classname="Kubernetes e2e suite" time="26.93443406"></testcase>
      <testcase name="[sig-storage] Subpath [Volume type: gcePDPVC] should support readOnly file specified in the volumeMount" classname="Kubernetes e2e suite" time="0">
          <skipped></skipped>
      </testcase>
      <testcase name="[sig-autoscaling] [HPA] Horizontal pod autoscaling (scale resource: CPU) [sig-autoscaling] [Serial] [Slow] ReplicationController Should scale from 1 pod to 3 pods and from 3 to 5 and verify decision stability" classname="Kubernetes e2e suite" time="0">
          <skipped></skipped>
      </testcase>
      <testcase name="[sig-apps] ReplicaSet should serve a basic image on each replica with a public image  [Conformance]" classname="Kubernetes e2e suite" time="16.35541534"></testcase>
      <testcase name="[sig-cluster-lifecycle] [Feature:BootstrapTokens] should sign the new added bootstrap tokens" classname="Kubernetes e2e suite" time="0">
          <skipped></skipped>
      </testcase>
      <testcase name="[k8s.io] Sysctls [NodeFeature:Sysctls] should support sysctls" classname="Kubernetes e2e suite" time="0">
          <skipped></skipped>
      </testcase>
      <testcase name="[sig-storage] Subpath [Volume type: gcePDPVC] should fail for new directories when readOnly specified in the volumeSource" classname="Kubernetes e2e suite" time="0">
          <skipped></skipped>
      </testcase>
      <testcase name="[k8s.io] [sig-node] PreStop should call prestop when killing a pod  [Conformance]" classname="Kubernetes e2e suite" time="324.54955362">
          <failure type="Failure">/root/gopath/src/k8s.io/kubernetes/_output/local/go/src/k8s.io/kubernetes/test/e2e/framework/framework.go:684&#xA;waiting for tester pod to start&#xA;Expected error:&#xA;    &lt;*errors.errorString | 0x44200a3530&gt;: {&#xA;        s: &#34;timed out waiting for the condition&#34;,&#xA;    }&#xA;    timed out waiting for the condition&#xA;not to have occurred&#xA;/root/gopath/src/k8s.io/kubernetes/_output/local/go/src/k8s.io/kubernetes/test/e2e/node/pre_stop.go:113</failure>
          <system-out>[BeforeEach] [k8s.io] [sig-node] PreStop&#xA;  /root/gopath/src/k8s.io/kubernetes/_output/local/go/src/k8s.io/kubernetes/test/e2e/framework/framework.go:141&#xA;�[1mSTEP�[0m: Creating a kubernetes client&#xA;Sep 10 03:33:45.627: INFO: &gt;&gt;&gt; kubeConfig: /etc/kubernetes/admin.conf&#xA;�[1mSTEP�[0m: Building a namespace api object&#xA;�[1mSTEP�[0m: Waiting for a default service account to be provisioned in namespace&#xA;[It] should call prestop when killing a pod  [Conformance]&#xA;  /root/gopath/src/k8s.io/kubernetes/_output/local/go/src/k8s.io/kubernetes/test/e2e/framework/framework.go:684&#xA;�[1mSTEP�[0m: Creating server pod server in namespace e2e-tests-prestop-5lzh4&#xA;�[1mSTEP�[0m: Waiting for pods to come up.&#xA;�[1mSTEP�[0m: Creating tester pod tester in namespace e2e-tests-prestop-5lzh4&#xA;Sep 10 03:38:47.830: INFO: Unexpected error occurred: timed out waiting for the condition&#xA;�[1mSTEP�[0m: Deleting the tester pod&#xA;�[1mSTEP�[0m: Deleting the server pod&#xA;[AfterEach] [k8s.io] [sig-node] PreStop&#xA;  /root/gopath/src/k8s.io/kubernetes/_output/local/go/src/k8s.io/kubernetes/test/e2e/framework/framework.go:142&#xA;�[1mSTEP�[0m: Collecting events from namespace &#34;e2e-tests-prestop-5lzh4&#34;.&#xA;�[1mSTEP�[0m: Found 10 events.&#xA;Sep 10 03:38:47.854: INFO: At 2018-09-10 03:33:45 +0000 UTC - event for server: {default-scheduler } Scheduled: Successfully assigned e2e-tests-prestop-5lzh4/server to node3&#xA;Sep 10 03:38:47.854: INFO: At 2018-09-10 03:33:46 +0000 UTC - event for server: {kubelet node3} Pulled: Container image &#34;gcr.io/kubernetes-e2e-test-images/nettest-arm64:1.0&#34; already present on machine&#xA;Sep 10 03:38:47.854: INFO: At 2018-09-10 03:33:46 +0000 UTC - event for server: {kubelet node3} Created: Created container&#xA;Sep 10 03:38:47.854: INFO: At 2018-09-10 03:33:46 +0000 UTC - event for server: {kubelet node3} Started: Started container&#xA;Sep 10 03:38:47.854: INFO: At 2018-09-10 03:33:47 +0000 UTC - event for tester: {default-scheduler } Scheduled: Successfully assigned e2e-tests-prestop-5lzh4/tester to node3&#xA;Sep 10 03:38:47.854: INFO: At 2018-09-10 03:33:48 +0000 UTC - event for tester: {kubelet node3} Pulling: pulling image &#34;busybox&#34;&#xA;Sep 10 03:38:47.854: INFO: At 2018-09-10 03:33:54 +0000 UTC - event for tester: {kubelet node3} Failed: Failed to pull image &#34;busybox&#34;: rpc error: code = Unknown desc = Error while pulling image: Get https://index.docker.io/v1/repositories/library/busybox/images: http: error connecting to proxy http://192.168.2.109:8118: dial tcp 192.168.2.109:8118: getsockopt: no route to host&#xA;Sep 10 03:38:47.854: INFO: At 2018-09-10 03:33:54 +0000 UTC - event for tester: {kubelet node3} Failed: Error: ErrImagePull&#xA;Sep 10 03:38:47.854: INFO: At 2018-09-10 03:33:55 +0000 UTC - event for tester: {kubelet node3} BackOff: Back-off pulling image &#34;busybox&#34;&#xA;Sep 10 03:38:47.854: INFO: At 2018-09-10 03:33:55 +0000 UTC - event for tester: {kubelet node3} Failed: Error: ImagePullBackOff&#xA;Sep 10 03:38:47.869: INFO: POD                            NODE   PHASE    GRACE  CONDITIONS&#xA;Sep 10 03:38:47.870: INFO: server                         node3  Running  30s    [{Initialized True 0001-01-01 00:00:00 +0000 UTC 2018-09-10 03:33:45 +0000 UTC  } {Ready True 0001-01-01 00:00:00 +0000 UTC 2018-09-10 03:33:47 +0000 UTC  } {ContainersReady True 0001-01-01 00:00:00 +0000 UTC 0001-01-01 00:00:00 +0000 UTC  } {PodScheduled True 0001-01-01 00:00:00 +0000 UTC 2018-09-10 03:33:45 +0000 UTC  }]&#xA;Sep 10 03:38:47.870: INFO: tester                         node3  Pending  30s    [{Initialized True 0001-01-01 00:00:00 +0000 UTC 2018-09-10 03:33:47 +0000 UTC  } {Ready False 0001-01-01 00:00:00 +0000 UTC 2018-09-10 03:33:47 +0000 UTC ContainersNotReady containers with unready status: [tester]} {ContainersReady False 0001-01-01 00:00:00 +0000 UTC 0001-01-01 00:00:00 +0000 UTC ContainersNotReady containers with unready status: [tester]} {PodScheduled True 0001-01-01 00:00:00 +0000 UTC 2018-09-10 03:33:47 +0000 UTC  }]&#xA;Sep 10 03:38:47.870: INFO: coredns-78fcdf6894-f55jj       node3  Running         [{Initialized True 0001-01-01 00:00:00 +0000 UTC 2018-09-01 03:57:03 +0000 UTC  } {Ready True 0001-01-01 00:00:00 +0000 UTC 2018-09-07 08:42:02 +0000 UTC  } {ContainersReady True 0001-01-01 00:00:00 +0000 UTC 0001-01-01 00:00:00 +0000 UTC  } {PodScheduled True 0001-01-01 00:00:00 +0000 UTC 2018-09-01 03:57:03 +0000 UTC  }]&#xA;Sep 10 03:38:47.870: INFO: coredns-78fcdf6894-vlxkz       node3  Running         [{Initialized True 0001-01-01 00:00:00 +0000 UTC 2018-09-01 03:57:03 +0000 UTC  } {Ready True 0001-01-01 00:00:00 +0000 UTC 2018-09-07 08:42:02 +0000 UTC  } {ContainersReady True 0001-01-01 00:00:00 +0000 UTC 0001-01-01 00:00:00 +0000 UTC  } {PodScheduled True 0001-01-01 00:00:00 +0000 UTC 2018-09-01 03:57:03 +0000 UTC  }]&#xA;Sep 10 03:38:47.870: INFO: etcd-node3                     node3  Running         [{Initialized True 0001-01-01 00:00:00 +0000 UTC 2018-09-07 08:40:49 +0000 UTC  } {Ready True 0001-01-01 00:00:00 +0000 UTC 2018-09-07 08:40:51 +0000 UTC  } {ContainersReady True 0001-01-01 00:00:00 +0000 UTC 0001-01-01 00:00:00 +0000 UTC  } {PodScheduled True 0001-01-01 00:00:00 +0000 UTC 2018-09-07 08:40:49 +0000 UTC  }]&#xA;Sep 10 03:38:47.870: INFO: kube-apiserver-node3           node3  Running         [{Initialized True 0001-01-01 00:00:00 +0000 UTC 2018-09-07 08:40:49 +0000 UTC  } {Ready True 0001-01-01 00:00:00 +0000 UTC 2018-09-07 08:40:51 +0000 UTC  } {ContainersReady True 0001-01-01 00:00:00 +0000 UTC 0001-01-01 00:00:00 +0000 UTC  } {PodScheduled True 0001-01-01 00:00:00 +0000 UTC 2018-09-07 08:40:49 +0000 UTC  }]&#xA;Sep 10 03:38:47.870: INFO: kube-controller-manager-node3  node3  Running         [{Initialized True 0001-01-01 00:00:00 +0000 UTC 2018-09-07 08:40:49 +0000 UTC  } {Ready True 0001-01-01 00:00:00 +0000 UTC 2018-09-07 08:40:51 +0000 UTC  } {ContainersReady True 0001-01-01 00:00:00 +0000 UTC 0001-01-01 00:00:00 +0000 UTC  } {PodScheduled True 0001-01-01 00:00:00 +0000 UTC 2018-09-07 08:40:49 +0000 UTC  }]&#xA;Sep 10 03:38:47.870: INFO: kube-proxy-d6xgq               node3  Running         [{Initialized True 0001-01-01 00:00:00 +0000 UTC 2018-09-01 03:55:38 +0000 UTC  } {Ready True 0001-01-01 00:00:00 +0000 UTC 2018-09-07 08:41:32 +0000 UTC  } {ContainersReady True 0001-01-01 00:00:00 +0000 UTC 0001-01-01 00:00:00 +0000 UTC  } {PodScheduled True 0001-01-01 00:00:00 +0000 UTC 2018-09-01 03:55:38 +0000 UTC  }]&#xA;Sep 10 03:38:47.870: INFO: kube-scheduler-node3           node3  Running         [{Initialized True 0001-01-01 00:00:00 +0000 UTC 2018-09-07 08:40:50 +0000 UTC  } {Ready True 0001-01-01 00:00:00 +0000 UTC 2018-09-07 08:40:51 +0000 UTC  } {ContainersReady True 0001-01-01 00:00:00 +0000 UTC 0001-01-01 00:00:00 +0000 UTC  } {PodScheduled True 0001-01-01 00:00:00 +0000 UTC 2018-09-07 08:40:50 +0000 UTC  }]&#xA;Sep 10 03:38:47.870: INFO: weave-net-qrwm8                node3  Running         [{Initialized True 0001-01-01 00:00:00 +0000 UTC 2018-09-01 03:55:38 +0000 UTC  } {Ready True 0001-01-01 00:00:00 +0000 UTC 2018-09-07 08:41:59 +0000 UTC  } {ContainersReady True 0001-01-01 00:00:00 +0000 UTC 0001-01-01 00:00:00 +0000 UTC  } {PodScheduled True 0001-01-01 00:00:00 +0000 UTC 2018-09-01 03:55:38 +0000 UTC  }]&#xA;Sep 10 03:38:47.870: INFO: &#xA;Sep 10 03:38:47.875: INFO: &#xA;Logging node info for node node3&#xA;Sep 10 03:38:47.880: INFO: Node Info: &amp;Node{ObjectMeta:k8s_io_apimachinery_pkg_apis_meta_v1.ObjectMeta{Name:node3,GenerateName:,Namespace:,SelfLink:/api/v1/nodes/node3,UID:d76c0c97-ad9a-11e8-a7d7-1e59e086a4f1,ResourceVersion:510881,Generation:0,CreationTimestamp:2018-09-01 03:55:18 +0000 UTC,DeletionTimestamp:&lt;nil&gt;,DeletionGracePeriodSeconds:nil,Labels:map[string]string{beta.kubernetes.io/arch: arm64,beta.kubernetes.io/os: linux,kubernetes.io/hostname: node3,node-role.kubernetes.io/master: ,},Annotations:map[string]string{kubeadm.alpha.kubernetes.io/cri-socket: /var/run/dockershim.sock,node.alpha.kubernetes.io/ttl: 0,volumes.kubernetes.io/controller-managed-attach-detach: true,},OwnerReferences:[],Finalizers:[],ClusterName:,Initializers:nil,},Spec:NodeSpec{PodCIDR:10.244.0.0/24,DoNotUse_ExternalID:,ProviderID:,Unschedulable:false,Taints:[],ConfigSource:nil,},Status:NodeStatus{Capacity:ResourceList{cpu: {{16 0} {&lt;nil&gt;} 16 DecimalSI},ephemeral-storage: {{82538430464 0} {&lt;nil&gt;}  BinarySI},hugepages-2Mi: {{0 0} {&lt;nil&gt;} 0 DecimalSI},memory: {{67535159296 0} {&lt;nil&gt;}  BinarySI},pods: {{110 0} {&lt;nil&gt;} 110 DecimalSI},},Allocatable:ResourceList{cpu: {{16 0} {&lt;nil&gt;} 16 DecimalSI},ephemeral-storage: {{74284587295 0} {&lt;nil&gt;} 74284587295 DecimalSI},hugepages-2Mi: {{0 0} {&lt;nil&gt;} 0 DecimalSI},memory: {{67430301696 0} {&lt;nil&gt;}  BinarySI},pods: {{110 0} {&lt;nil&gt;} 110 DecimalSI},},Phase:,Conditions:[{NetworkUnavailable False 2018-09-07 08:42:01 +0000 UTC 2018-09-07 08:42:01 +0000 UTC WeaveIsUp Weave pod has set this} {OutOfDisk False 2018-09-10 03:38:42 +0000 UTC 2018-09-01 03:55:11 +0000 UTC KubeletHasSufficientDisk kubelet has sufficient disk space available} {MemoryPressure False 2018-09-10 03:38:42 +0000 UTC 2018-09-01 03:55:11 +0000 UTC KubeletHasSufficientMemory kubelet has sufficient memory available} {DiskPressure False 2018-09-10 03:38:42 +0000 UTC 2018-09-01 03:55:11 +0000 UTC KubeletHasNoDiskPressure kubelet has no disk pressure} {PIDPressure False 2018-09-10 03:38:42 +0000 UTC 2018-09-01 03:55:11 +0000 UTC KubeletHasSufficientPID kubelet has sufficient PID available} {Ready True 2018-09-10 03:38:42 +0000 UTC 2018-09-04 01:30:47 +0000 UTC KubeletReady kubelet is posting ready status}],Addresses:[{InternalIP 192.168.2.117} {Hostname node3}],DaemonEndpoints:NodeDaemonEndpoints{KubeletEndpoint:DaemonEndpoint{Port:10250,},},NodeInfo:NodeSystemInfo{MachineID:373be5c264ac4b78a49077a4b4ded99c,SystemUUID:373be5c264ac4b78a49077a4b4ded99c,BootID:fa7f8a19-3d16-419b-9318-394c7eac5519,KernelVersion:4.4.58-20171215.kylin.server.YUN+-generic,OSImage:Kylin 4.0.2,ContainerRuntimeVersion:docker://1.12.6,KubeletVersion:v1.11.2,KubeProxyVersion:v1.11.2,OperatingSystem:linux,Architecture:arm64,},Images:[{[k8s.gcr.io/kube-cross@sha256:0c5809a727c38458e9a63b486cf83c504a24ff561d63a031d31e613f6ad50282 k8s.gcr.io/kube-cross:v1.10.2-1] 2076524551} {[mrdreambot/arm64-mysql@sha256:872464bd31f5db2ecfce15824c80a0b78ace914e80e78a0e98d2d9ef7e8bbb79 mrdreambot/arm64-mysql:latest] 529883867} {[bobsense/mysql@sha256:a20cd35207c46b0400ac48fdf21ebb8e432fa5b597eb5f4b6ec6a634ecc26a8a bobsense/mysql:latest] 529882429} {[mariadb@sha256:358f6b50afd9c25707e97869f0c57de802c53973a90a2ff49e283501fccce1b2 mariadb:10.1.14] 387643618} {[wordpress@sha256:b0460dba11737144b232a7794403d4052982f2332caeea82f618fc98d0547387 wordpress:latest] 367973768} {[mariadb@sha256:edef80de393cf4a79504168c663f8b0c6b15060333e5a7d7aee3dc0a4de6e927 mariadb:latest] 348940495} {[hyperhq/mariadb-arm64v8@sha256:bcf8c747e35eddfcd36ffc6011b00ececb56fe467afb290280d80709299fd80d hyperhq/mariadb-arm64v8:10.3-1] 348507360} {[hyperhq/mariadb-arm64v8:10.3] 348507300} {[hyperhq/mariadb-arm64v8@sha256:720d233b09adbea084c15cfa4909008a2df201b300b10c9fd39464bce60af0db hyperhq/mariadb-arm64v8:10.3-2] 348507153} {[bobsense/nginx-arm64@sha256:224f3b5fd469754e5e701bedd28c633c92ba21c00d2b0e9376eaa4adb38b5603 bobsense/nginx-arm64:latest] 338655564} {[gcr.io/google-samples/gb-frontend-arm64@sha256:9587be21f54a9dc04e1f37b83a9d120231b205385d8deba0682d6fb22088e7c9 gcr.io/google-samples/gb-frontend-arm64:v5] 337228898} {[lsioarmhf/mariadb-aarch64@sha256:b2a1bd89d60c579f07ae1837280a2b3b5f35f11f756b9aa61e6a025af03ddf87 lsioarmhf/mariadb-aarch64:latest] 327268490} {[ebspace/aarch64-mysql@sha256:d9f5f5d222a155c930e3837976b5b457e48c000cf34e6919d0f8a0b73dc39965 ebspace/aarch64-mysql:latest] 262591608} {[tobi312/rpi-mysql@sha256:2f0b069765901afbb162838359778088b8d9fdba30b201d5cf51381ec008802a tobi312/rpi-mysql:latest] 256067342} {[k8s.gcr.io/volume-nfs@sha256:83ba87be13a6f74361601c8614527e186ca67f49091e2d0d4ae8a8da67c403ee k8s.gcr.io/volume-nfs:0.8] 247146979} {[postgres@sha256:d9c44f9fc460dd8962c388eacf88a0e252b858ccdf33bc223f68112617e81fc9 postgres:10] 233845668} {[k8s.gcr.io/etcd-arm64@sha256:f0b7368ebb28e6226ab3b4dbce4b5c6d77dab7b5f6579b08fd645c00f7b100ff k8s.gcr.io/etcd-arm64:3.2.18] 229927444} {[k8s.gcr.io/kube-apiserver-arm64@sha256:5c77134dc174453fc0d900ee5cdcb7b488131a0edb934ae8e859a263f8ee55da k8s.gcr.io/kube-apiserver-arm64:v1.10.4] 218561963} {[k8s.gcr.io/kube-apiserver-arm64@sha256:ab41e3e38792750fa122dbeacf7d0d3d52b7ccc466f254c460733846da0ce0c9 k8s.gcr.io/kube-apiserver-arm64:v1.10.3] 218559018} {[hypriot/rpi-mysql@sha256:c1567c885cf560da66a647f91f7e16bfeea2968895f859b5732583a8db3570ea hypriot/rpi-mysql:latest] 209339591} {[gcr.io/kubernetes-e2e-test-images/jessie-dnsutils-arm64@sha256:92105b23ab1bcc1f72b7deeb4b7d72b27b4ba9a47b292fbd4f58f4080f0621a2 gcr.io/kubernetes-e2e-test-images/jessie-dnsutils-arm64:1.0] 193983470} {[k8s.gcr.io/kube-apiserver-arm64@sha256:31fa4a96f582953034fb2906bd2e557620943ebaa2c2f74ee719c89a9bffb0d4 k8s.gcr.io/kube-apiserver-arm64:v1.11.2] 185805939} {[k8s.gcr.io/etcd-arm64@sha256:c6418130352f3632f3858ff466f7fdcde5c2867d9471f40dbb99227ccbb6d458 k8s.gcr.io/etcd-arm64:3.1.12] 180941491} {[functions/faas-netesd@sha256:05072b13c8127d53b48466f6b16beae997ff008e13a74cdb5da64ca2f5708062 functions/faas-netesd:arm64-0.3-alpha6] 154407667} {[k8s.gcr.io/kube-controller-manager-arm64@sha256:af5e55e15e5ab06999716ef72792b0abed63c9fc972db99120b2c40febaf69a7 k8s.gcr.io/kube-controller-manager-arm64:v1.11.2] 153069058} {[functions/faas-netesd@sha256:0903fd0a2c6010fcef6f42eda8fdc22bf4aecc31571b7ab6f461041497f34aa4 functions/faas-netesd:0.4.3-arm64] 148751197} {[k8s.gcr.io/kube-controller-manager-arm64@sha256:138de23ccbdfab3f4e76e05c290aab26c9127a853db8a0cbc2d816b31d5aebbd k8s.gcr.io/kube-controller-manager-arm64:v1.10.4] 142046988} {[k8s.gcr.io/kube-controller-manager-arm64@sha256:4f99bac50d84f8757ef06d06e68eee0aa042fdb5969c300d23ad1ae3b1f914f5 k8s.gcr.io/kube-controller-manager-arm64:v1.10.3] 142046537} {[weaveworks/weave-kube@sha256:3c45b339ab2dc9c11c9c745e44afce27806dc1d8ecd1da84a88deb36756ac713 weaveworks/weave-kube:2.4.0] 131119125} {[k8s.gcr.io/nginx-slim-arm64@sha256:b95f8bebdc6d8a7b65f5954aa5aaea3209ad8a6af5261cf3c8cae0c0a1c0fb79 k8s.gcr.io/nginx-slim-arm64:0.27] 126129565} {[k8s.gcr.io/nginx-slim-arm64@sha256:ef47cf0719891fe4b84467af77f8e13618b05965b6663945411e1e11c15ffa14 k8s.gcr.io/nginx-slim-arm64:0.26] 126125347} {[hyperhq/postgres-wordpress-arm:latest] 110592210} {[wordpress@sha256:3c22b14d0269bd50b2011f6d749d8bee68e328167f774bef8bf11f5878a6035d wordpress:4.9-fpm-alpine] 107828983} {[functions/gateway@sha256:01aea2775bb40d69588d2c6e83e8b9ea5009b9f405b140e643eb4be2a775814d functions/gateway:arm64-0.6.6-beta2] 106004910} {[k8s.gcr.io/kube-proxy-arm64@sha256:3bb2bfdc016ae46d131af74040bec2c48134c733ae90fead4da3568014fb450a k8s.gcr.io/kube-proxy-arm64:v1.11.2] 102835336} {[nginx@sha256:3e2ffcf0edca2a4e9b24ca442d227baea7b7f0e33ad654ef1eb806fbd9bedcf0 nginx:latest] 102594503} {[k8s.gcr.io/kube-proxy-arm64@sha256:f024ad81abe8b9bf473c0b8ff5c96723505b8a592379d606038499f8a77f663b k8s.gcr.io/kube-proxy-arm64:v1.10.4] 100601489} {[k8s.gcr.io/kube-proxy-arm64@sha256:b21badcd0799bb7495ebcbc17557861384da1eac42d6527937a8aaed0c329d6c k8s.gcr.io/kube-proxy-arm64:v1.10.3] 100598796} {[k8s.gcr.io/echoserver@sha256:d2a8af33e4e6dc7f18fc8d0cd345b2c893922083c6e2c2cbf24a2efcaa7aa3ba k8s.gcr.io/echoserver:1.6] 95247805} {[gcr.io/google-samples/gb-redisslave-arm64@sha256:2420127acd816ebbdbaa33cab372493859c1d40b3a2d5d6fc05bc38887ad9511 gcr.io/google-samples/gb-redisslave-arm64:v2] 94082700} {[nginx@sha256:e3456c851a152494c3e4ff5fcc26f240206abac0c9d794affb40e0714846c451 nginx:1.7.9] 91641000} {[&lt;none&gt;@&lt;none&gt; &lt;none&gt;:&lt;none&gt;] 76567645} {[ubuntu@sha256:3f119dc0737f57f704ebecac8a6d8477b0f6ca1ca0332c7ee1395ed2c6a82be7 ubuntu:bionic] 76171071} {[k8s.gcr.io/kube-scheduler-arm64@sha256:3ece3012cc6fedf5193fd1c80aee4b6da2835098b7799d4940fb4a79fc1be0ee k8s.gcr.io/kube-scheduler-arm64:v1.11.2] 56216691} {[weaveworks/weave-npc@sha256:715b03e14874355f1f793f7bc11d843a00b390b2806bd996f1e47e8acb1020aa weaveworks/weave-npc:2.4.0] 51096437} {[k8s.gcr.io/k8s-dns-kube-dns-arm64@sha256:9bcc8fda237765f8b8f8fdf5af220b856adbc8b56d72dc4f336d44510d1749d9 k8s.gcr.io/k8s-dns-kube-dns-arm64:1.14.8] 49350613} {[k8s.gcr.io/kube-scheduler-arm64@sha256:fbff009828de95e14856325ebcfc6e1c0cdb456a052c62ba0c64221773c68686 k8s.gcr.io/kube-scheduler-arm64:v1.10.4] 48502539} {[k8s.gcr.io/kube-scheduler-arm64@sha256:6847ebb67c5a2928d8997d98001eb107a50601e85e07c3245f72b14df4518616 k8s.gcr.io/kube-scheduler-arm64:v1.10.3] 48434682} {[k8s.gcr.io/k8s-dns-dnsmasq-nanny-arm64@sha256:35ac228d45ab5f4209f25317506fa53b762f6d8ad333d1ff795393fa6e97b29c k8s.gcr.io/k8s-dns-dnsmasq-nanny-arm64:1.14.8] 42547598} {[k8s.gcr.io/k8s-dns-sidecar-arm64@sha256:b2c1e4e04d77ed564e918ebd16443dfb2217653b58293e616e36f034068d6da3 k8s.gcr.io/k8s-dns-sidecar-arm64:1.14.8] 41256276}],VolumesInUse:[],VolumesAttached:[],Config:nil,},}&#xA;Sep 10 03:38:47.881: INFO: &#xA;Logging kubelet events for node node3&#xA;Sep 10 03:38:47.885: INFO: &#xA;Logging pods the kubelet thinks is on node node3&#xA;Sep 10 03:38:47.901: INFO: coredns-78fcdf6894-vlxkz started at 2018-09-01 03:57:03 +0000 UTC (0+1 container statuses recorded)&#xA;Sep 10 03:38:47.901: INFO: &#x9;Container coredns ready: true, restart count 2&#xA;Sep 10 03:38:47.901: INFO: weave-net-qrwm8 started at 2018-09-01 03:55:38 +0000 UTC (0+2 container statuses recorded)&#xA;Sep 10 03:38:47.901: INFO: &#x9;Container weave ready: true, restart count 4&#xA;Sep 10 03:38:47.901: INFO: &#x9;Container weave-npc ready: true, restart count 2&#xA;Sep 10 03:38:47.901: INFO: coredns-78fcdf6894-f55jj started at 2018-09-01 03:57:03 +0000 UTC (0+1 container statuses recorded)&#xA;Sep 10 03:38:47.901: INFO: &#x9;Container coredns ready: true, restart count 2&#xA;Sep 10 03:38:47.901: INFO: server started at 2018-09-10 03:33:45 +0000 UTC (0+1 container statuses recorded)&#xA;Sep 10 03:38:47.901: INFO: &#x9;Container server ready: true, restart count 0&#xA;Sep 10 03:38:47.901: INFO: tester started at 2018-09-10 03:33:47 +0000 UTC (0+1 container statuses recorded)&#xA;Sep 10 03:38:47.901: INFO: &#x9;Container tester ready: false, restart count 0&#xA;Sep 10 03:38:47.901: INFO: kube-proxy-d6xgq started at 2018-09-01 03:55:38 +0000 UTC (0+1 container statuses recorded)&#xA;Sep 10 03:38:47.901: INFO: &#x9;Container kube-proxy ready: true, restart count 2&#xA;Sep 10 03:38:47.901: INFO: etcd-node3 started at &lt;nil&gt; (0+0 container statuses recorded)&#xA;Sep 10 03:38:47.901: INFO: kube-apiserver-node3 started at &lt;nil&gt; (0+0 container statuses recorded)&#xA;Sep 10 03:38:47.901: INFO: kube-controller-manager-node3 started at &lt;nil&gt; (0+0 container statuses recorded)&#xA;Sep 10 03:38:47.901: INFO: kube-scheduler-node3 started at &lt;nil&gt; (0+0 container statuses recorded)&#xA;Sep 10 03:38:48.013: INFO: &#xA;Latency metrics for node node3&#xA;Sep 10 03:38:48.013: INFO: {Operation:stop_container Method:docker_operations_latency_microseconds Quantile:0.99 Latency:20.004691s}&#xA;Sep 10 03:38:48.013: INFO: {Operation:stop_container Method:docker_operations_latency_microseconds Quantile:0.9 Latency:20.004517s}&#xA;Sep 10 03:38:48.013: INFO: {Operation:stop_container Method:docker_operations_latency_microseconds Quantile:0.5 Latency:20.003141s}&#xA;�[1mSTEP�[0m: Dumping a list of prepulled images on each node to file /e2e/image-puller.txt&#xA;Sep 10 03:38:48.020: INFO: Waiting up to 3m0s for all (but 0) nodes to be ready&#xA;�[1mSTEP�[0m: Destroying namespace &#34;e2e-tests-prestop-5lzh4&#34; for this suite.&#xA;Sep 10 03:39:10.039: INFO: Waiting up to 30s for server preferred namespaced resources to be successfully discovered&#xA;Sep 10 03:39:10.135: INFO: namespace: e2e-tests-prestop-5lzh4, resource: bindings, ignored listing per whitelist&#xA;Sep 10 03:39:10.177: INFO: namespace e2e-tests-prestop-5lzh4 deletion completed in 22.15157278s&#xA;</system-out>
      </testcase>
      <testcase name="[sig-autoscaling] Cluster size autoscaling [Slow] should increase cluster size if pod requesting volume is pending [Feature:ClusterSizeAutoscalingScaleUp]" classname="Kubernetes e2e suite" time="0">
          <skipped></skipped>
      </testcase>
      <testcase name="[sig-storage] Volume FStype [Feature:vsphere] verify invalid fstype" classname="Kubernetes e2e suite" time="0">
          <skipped></skipped>
      </testcase>
      <testcase name="[sig-storage] Volumes ConfigMap should be mountable" classname="Kubernetes e2e suite" time="0">
          <skipped></skipped>
      </testcase>
      <testcase name="[sig-cli] Kubectl client [k8s.io] Proxy server should support --unix-socket=/path  [Conformance]" classname="Kubernetes e2e suite" time="6.50323738"></testcase>
      <testcase name="[sig-storage] Subpath [Volume type: gcePDPartitioned] should fail if subpath with backstepping is outside the volume [Slow]" classname="Kubernetes e2e suite" time="0">
          <skipped></skipped>
      </testcase>
      <testcase name="[sig-storage] Subpath [Volume type: gcePDPVC] should support file as subpath" classname="Kubernetes e2e suite" time="0">
          <skipped></skipped>
      </testcase>
      <testcase name="[sig-network] Loadbalancing: L7 GCE [Slow] [Feature:Ingress] should conform to Ingress spec" classname="Kubernetes e2e suite" time="0">
          <skipped></skipped>
      </testcase>
      <testcase name="[sig-cli] Kubectl client [k8s.io] Kubectl taint [Serial] should remove all the taints with the same key off a node" classname="Kubernetes e2e suite" time="0">
          <skipped></skipped>
      </testcase>
      <testcase name="[sig-auth] PodSecurityPolicy should enforce the restricted policy.PodSecurityPolicy" classname="Kubernetes e2e suite" time="0">
          <skipped></skipped>
      </testcase>
      <testcase name="[sig-scheduling] ResourceQuota should create a ResourceQuota and capture the life of a secret." classname="Kubernetes e2e suite" time="0">
          <skipped></skipped>
      </testcase>
      <testcase name="[sig-cli] Kubectl client [k8s.io] Kubectl run job should create a job from an image when restart is OnFailure  [Conformance]" classname="Kubernetes e2e suite" time="7.13966306"></testcase>
      <testcase name="[sig-scheduling] SchedulerPredicates [Serial] validates that there exists conflict between pods with same hostPort and protocol but one using 0.0.0.0 hostIP" classname="Kubernetes e2e suite" time="0">
          <skipped></skipped>
      </testcase>
      <testcase name="[sig-storage] Subpath [Volume type: nfs] should unmount if pod is force deleted while kubelet is down [Disruptive][Slow]" classname="Kubernetes e2e suite" time="0">
          <skipped></skipped>
      </testcase>
      <testcase name="[sig-storage] Subpath [Volume type: hostPathSymlink] should support readOnly file specified in the volumeMount" classname="Kubernetes e2e suite" time="0">
          <skipped></skipped>
      </testcase>
      <testcase name="[sig-cli] Kubectl client [k8s.io] Kubectl describe should check if kubectl describe prints relevant information for rc and pods  [Conformance]" classname="Kubernetes e2e suite" time="27.31655374"></testcase>
      <testcase name="[sig-storage] PersistentVolumes-local  [Volume type: dir] One pod requesting one prebound PVC should be able to mount volume and write from pod1" classname="Kubernetes e2e suite" time="0">
          <skipped></skipped>
      </testcase>
      <testcase name="[sig-apps] StatefulSet [k8s.io] Basic StatefulSet functionality [StatefulSetBasic] should adopt matching orphans and release non-matching pods" classname="Kubernetes e2e suite" time="0">
          <skipped></skipped>
      </testcase>
      <testcase name="[sig-storage] Subpath [Volume type: nfsPVC] should support creating multiple subpath from same volumes [Slow]" classname="Kubernetes e2e suite" time="0">
          <skipped></skipped>
      </testcase>
      <testcase name="[sig-network] Firewall rule should have correct firewall rules for e2e cluster" classname="Kubernetes e2e suite" time="0">
          <skipped></skipped>
      </testcase>
      <testcase name="[sig-api-machinery] Servers with support for Table transformation should return a 406 for a backend which does not implement metadata" classname="Kubernetes e2e suite" time="0">
          <skipped></skipped>
      </testcase>
      <testcase name="[sig-storage] Subpath [Volume type: nfsPVC] should support readOnly directory specified in the volumeMount" classname="Kubernetes e2e suite" time="0">
          <skipped></skipped>
      </testcase>
      <testcase name="[sig-api-machinery] Generated clientset should create pods, set the deletionTimestamp and deletionGracePeriodSeconds of the pod" classname="Kubernetes e2e suite" time="0">
          <skipped></skipped>
      </testcase>
      <testcase name="[sig-storage] Projected should be consumable from pods in volume with mappings and Item mode set [NodeConformance] [Conformance]" classname="Kubernetes e2e suite" time="10.38165778"></testcase>
      <testcase name="[sig-api-machinery] Namespaces [Serial] should ensure that all pods are removed when a namespace is deleted." classname="Kubernetes e2e suite" time="0">
          <skipped></skipped>
      </testcase>
      <testcase name="[sig-storage] Subpath [Volume type: gluster] should fail if subpath directory is outside the volume [Slow]" classname="Kubernetes e2e suite" time="0">
          <skipped></skipped>
      </testcase>
      <testcase name="[sig-storage] Subpath [Volume type: emptyDir] should support existing single file" classname="Kubernetes e2e suite" time="0">
          <skipped></skipped>
      </testcase>
      <testcase name="[sig-storage] PersistentVolumes-local  [Volume type: gce-localssd-scsi-fs] [Serial] Set fsGroup for local volume should set different fsGroup for second pod if first pod is deleted" classname="Kubernetes e2e suite" time="0">
          <skipped></skipped>
      </testcase>
      <testcase name="[sig-storage] Subpath Atomic writer volumes should support subpaths with configmap pod" classname="Kubernetes e2e suite" time="0">
          <skipped></skipped>
      </testcase>
      <testcase name="[sig-network] Loadbalancing: L7 GCE [Slow] [Feature:Ingress] should create ingress with given static-ip" classname="Kubernetes e2e suite" time="0">
          <skipped></skipped>
      </testcase>
      <testcase name="[sig-storage] EmptyDir volumes when FSGroup is specified [NodeFeature:FSGroup] nonexistent volume subPath should have the correct mode and owner using FSGroup" classname="Kubernetes e2e suite" time="0">
          <skipped></skipped>
      </testcase>
      <testcase name="[sig-storage] Subpath [Volume type: gcePDPartitioned] should support existing directory" classname="Kubernetes e2e suite" time="0">
          <skipped></skipped>
      </testcase>
      <testcase name="[sig-cluster-lifecycle] Upgrade [Feature:Upgrade] node upgrade should maintain a functioning cluster [Feature:NodeUpgrade]" classname="Kubernetes e2e suite" time="0">
          <skipped></skipped>
      </testcase>
      <testcase name="[sig-storage] Subpath [Volume type: hostPath] should support readOnly directory specified in the volumeMount" classname="Kubernetes e2e suite" time="0">
          <skipped></skipped>
      </testcase>
      <testcase name="[sig-storage] Subpath [Volume type: hostPath] should support existing directories when readOnly specified in the volumeSource" classname="Kubernetes e2e suite" time="0">
          <skipped></skipped>
      </testcase>
      <testcase name="[sig-storage] Storage Policy Based Volume Provisioning [Feature:vsphere] verify clean up of stale dummy VM for dynamically provisioned pvc using SPBM policy" classname="Kubernetes e2e suite" time="0">
          <skipped></skipped>
      </testcase>
      <testcase name="[sig-storage] Subpath [Volume type: hostPath] should support existing single file" classname="Kubernetes e2e suite" time="0">
          <skipped></skipped>
      </testcase>
      <testcase name="[sig-auth] Advanced Audit should audit API calls [DisabledForLargeClusters]" classname="Kubernetes e2e suite" time="0">
          <skipped></skipped>
      </testcase>
      <testcase name="[sig-network] Services should be able to switch session affinity for LoadBalancer service with ESIPP off [Slow] [DisabledForLargeClusters]" classname="Kubernetes e2e suite" time="0">
          <skipped></skipped>
      </testcase>
      <testcase name="[k8s.io] Cluster size autoscaler scalability [Slow] shouldn&#39;t scale down with underutilized nodes due to host port conflicts [Feature:ClusterAutoscalerScalability5]" classname="Kubernetes e2e suite" time="0">
          <skipped></skipped>
      </testcase>
      <testcase name="[sig-cli] Kubectl client [k8s.io] Kubectl api-versions should check if v1 is in available api versions  [Conformance]" classname="Kubernetes e2e suite" time="6.6388779"></testcase>
      <testcase name="[sig-network] Networking Granular Checks: Pods should function for intra-pod communication: http [NodeConformance] [Conformance]" classname="Kubernetes e2e suite" time="42.7502117"></testcase>
      <testcase name="[sig-storage] Storage Policy Based Volume Provisioning [Feature:vsphere] verify VSAN storage capability with invalid diskStripes value is not honored for dynamically provisioned pvc using storageclass" classname="Kubernetes e2e suite" time="0">
          <skipped></skipped>
      </testcase>
      <testcase name="[sig-network] NetworkPolicy NetworkPolicy between server and client should support allow-all policy [Feature:NetworkPolicy]" classname="Kubernetes e2e suite" time="0">
          <skipped></skipped>
      </testcase>
      <testcase name="[sig-cli] Kubectl client [k8s.io] Kubectl expose should create services for rc  [Conformance]" classname="Kubernetes e2e suite" time="29.93448132"></testcase>
      <testcase name="[sig-storage] PersistentVolumes-local  [Volume type: block] [Feature:BlockVolume] Two pods mounting a local volume at the same time should be able to write from pod1 and read from pod2" classname="Kubernetes e2e suite" time="0">
          <skipped></skipped>
      </testcase>
      <testcase name="[sig-storage] Storage Policy Based Volume Provisioning [Feature:vsphere] verify if a SPBM policy is not honored on a non-compatible datastore for dynamically provisioned pvc using storageclass" classname="Kubernetes e2e suite" time="0">
          <skipped></skipped>
      </testcase>
      <testcase name="[sig-storage] Subpath [Volume type: nfs] should support existing directories when readOnly specified in the volumeSource" classname="Kubernetes e2e suite" time="0">
          <skipped></skipped>
      </testcase>
      <testcase name="[sig-cluster-lifecycle] Reboot [Disruptive] [Feature:Reboot] each node by triggering kernel panic and ensure they function upon restart" classname="Kubernetes e2e suite" time="0">
          <skipped></skipped>
      </testcase>
      <testcase name="[sig-storage] Projected should provide container&#39;s memory request [NodeConformance] [Conformance]" classname="Kubernetes e2e suite" time="8.3924948"></testcase>
      <testcase name="[k8s.io] PrivilegedPod [NodeConformance] should enable privileged commands" classname="Kubernetes e2e suite" time="0">
          <skipped></skipped>
      </testcase>
      <testcase name="[sig-cli] Kubectl Port forwarding [k8s.io] With a server listening on 0.0.0.0 [k8s.io] that expects NO client request should support a client that connects, sends DATA, and disconnects" classname="Kubernetes e2e suite" time="0">
          <skipped></skipped>
      </testcase>
      <testcase name="[sig-storage] Storage Policy Based Volume Provisioning [Feature:vsphere] verify an existing and compatible SPBM policy is honored for dynamically provisioned pvc using storageclass" classname="Kubernetes e2e suite" time="0">
          <skipped></skipped>
      </testcase>
      <testcase name="[k8s.io] [Feature:Example] [k8s.io] Liveness liveness pods should be automatically restarted" classname="Kubernetes e2e suite" time="0">
          <skipped></skipped>
      </testcase>
      <testcase name="[sig-auth] [Feature:NodeAuthorizer] A node shouldn&#39;t be able to delete another node" classname="Kubernetes e2e suite" time="0">
          <skipped></skipped>
      </testcase>
      <testcase name="[sig-storage] Subpath [Volume type: gcePDPartitioned] should unmount if pod is gracefully deleted while kubelet is down [Disruptive][Slow]" classname="Kubernetes e2e suite" time="0">
          <skipped></skipped>
      </testcase>
      <testcase name="[sig-storage] Subpath [Volume type: emptyDir] should support existing directories when readOnly specified in the volumeSource" classname="Kubernetes e2e suite" time="0">
          <skipped></skipped>
      </testcase>
      <testcase name="[k8s.io] [sig-node] Security Context [Feature:SecurityContext] should support container.SecurityContext.RunAsUser And container.SecurityContext.RunAsGroup [Feature:RunAsGroup]" classname="Kubernetes e2e suite" time="0">
          <skipped></skipped>
      </testcase>
      <testcase name="[sig-apps] Deployment deployment should support proportional scaling" classname="Kubernetes e2e suite" time="0">
          <skipped></skipped>
      </testcase>
      <testcase name="[sig-storage] Projected should be consumable from pods in volume with mappings as non-root [NodeConformance] [Conformance]" classname="Kubernetes e2e suite" time="8.37649214"></testcase>
      <testcase name="[sig-storage] PersistentVolumes-local  [Volume type: blockfs] Two pods mounting a local volume one after the other should be able to write from pod1 and read from pod2" classname="Kubernetes e2e suite" time="0">
          <skipped></skipped>
      </testcase>
      <testcase name="[sig-cluster-lifecycle] Reboot [Disruptive] [Feature:Reboot] each node by dropping all inbound packets for a while and ensure they function afterwards" classname="Kubernetes e2e suite" time="0">
          <skipped></skipped>
      </testcase>
      <testcase name="[sig-apps] CronJob should schedule multiple jobs concurrently" classname="Kubernetes e2e suite" time="0">
          <skipped></skipped>
      </testcase>
      <testcase name="[sig-storage] Subpath [Volume type: nfs] should support non-existent path" classname="Kubernetes e2e suite" time="0">
          <skipped></skipped>
      </testcase>
      <testcase name="[sig-storage] Ephemeralstorage When pod refers to non-existent ephemeral storage should allow deletion of pod with invalid volume : configmap" classname="Kubernetes e2e suite" time="0">
          <skipped></skipped>
      </testcase>
      <testcase name="[sig-scalability] Density [Feature:ManualPerformance] should allow starting 3 pods per node using { ReplicationController} with 0 secrets, 0 configmaps and 0 daemons" classname="Kubernetes e2e suite" time="0">
          <skipped></skipped>
      </testcase>
      <testcase name="[sig-storage] Storage Policy Based Volume Provisioning [Feature:vsphere] verify VSAN storage capability with invalid capability name objectSpaceReserve is not honored for dynamically provisioned pvc using storageclass" classname="Kubernetes e2e suite" time="0">
          <skipped></skipped>
      </testcase>
      <testcase name="[sig-storage] PersistentVolumes-local  [Volume type: tmpfs] Set fsGroup for local volume should set same fsGroup for two pods simultaneously" classname="Kubernetes e2e suite" time="0">
          <skipped></skipped>
      </testcase>
      <testcase name="[sig-api-machinery] Downward API should provide pod UID as env vars [NodeConformance] [Conformance]" classname="Kubernetes e2e suite" time="311.27635452">
          <failure type="Failure">/root/gopath/src/k8s.io/kubernetes/_output/local/go/src/k8s.io/kubernetes/test/e2e/framework/framework.go:684&#xA;Expected error:&#xA;    &lt;*errors.errorString | 0x44218569f0&gt;: {&#xA;        s: &#34;expected pod \&#34;downward-api-6becb987-b4ab-11e8-bc45-00073e906c7f\&#34; success: Gave up after waiting 5m0s for pod \&#34;downward-api-6becb987-b4ab-11e8-bc45-00073e906c7f\&#34; to be \&#34;success or failure\&#34;&#34;,&#xA;    }&#xA;    expected pod &#34;downward-api-6becb987-b4ab-11e8-bc45-00073e906c7f&#34; success: Gave up after waiting 5m0s for pod &#34;downward-api-6becb987-b4ab-11e8-bc45-00073e906c7f&#34; to be &#34;success or failure&#34;&#xA;not to have occurred&#xA;/root/gopath/src/k8s.io/kubernetes/_output/local/go/src/k8s.io/kubernetes/test/e2e/framework/util.go:2325</failure>
          <system-out>[BeforeEach] [sig-api-machinery] Downward API&#xA;  /root/gopath/src/k8s.io/kubernetes/_output/local/go/src/k8s.io/kubernetes/test/e2e/framework/framework.go:141&#xA;�[1mSTEP�[0m: Creating a kubernetes client&#xA;Sep 10 03:41:37.614: INFO: &gt;&gt;&gt; kubeConfig: /etc/kubernetes/admin.conf&#xA;�[1mSTEP�[0m: Building a namespace api object&#xA;�[1mSTEP�[0m: Waiting for a default service account to be provisioned in namespace&#xA;[It] should provide pod UID as env vars [NodeConformance] [Conformance]&#xA;  /root/gopath/src/k8s.io/kubernetes/_output/local/go/src/k8s.io/kubernetes/test/e2e/framework/framework.go:684&#xA;�[1mSTEP�[0m: Creating a pod to test downward api env vars&#xA;Sep 10 03:41:37.797: INFO: Waiting up to 5m0s for pod &#34;downward-api-6becb987-b4ab-11e8-bc45-00073e906c7f&#34; in namespace &#34;e2e-tests-downward-api-qbllj&#34; to be &#34;success or failure&#34;&#xA;Sep 10 03:41:37.802: INFO: Pod &#34;downward-api-6becb987-b4ab-11e8-bc45-00073e906c7f&#34;: Phase=&#34;Pending&#34;, Reason=&#34;&#34;, readiness=false. Elapsed: 4.72264ms&#xA;Sep 10 03:41:39.807: INFO: Pod &#34;downward-api-6becb987-b4ab-11e8-bc45-00073e906c7f&#34;: Phase=&#34;Pending&#34;, Reason=&#34;&#34;, readiness=false. Elapsed: 2.00981782s&#xA;Sep 10 03:41:41.812: INFO: Pod &#34;downward-api-6becb987-b4ab-11e8-bc45-00073e906c7f&#34;: Phase=&#34;Pending&#34;, Reason=&#34;&#34;, readiness=false. Elapsed: 4.01495436s&#xA;Sep 10 03:41:43.817: INFO: Pod &#34;downward-api-6becb987-b4ab-11e8-bc45-00073e906c7f&#34;: Phase=&#34;Pending&#34;, Reason=&#34;&#34;, readiness=false. Elapsed: 6.02001018s&#xA;Sep 10 03:41:45.822: INFO: Pod &#34;downward-api-6becb987-b4ab-11e8-bc45-00073e906c7f&#34;: Phase=&#34;Pending&#34;, Reason=&#34;&#34;, readiness=false. Elapsed: 8.02491716s&#xA;Sep 10 03:41:47.828: INFO: Pod &#34;downward-api-6becb987-b4ab-11e8-bc45-00073e906c7f&#34;: Phase=&#34;Pending&#34;, Reason=&#34;&#34;, readiness=false. Elapsed: 10.03005812s&#xA;Sep 10 03:41:49.833: INFO: Pod &#34;downward-api-6becb987-b4ab-11e8-bc45-00073e906c7f&#34;: Phase=&#34;Pending&#34;, Reason=&#34;&#34;, readiness=false. Elapsed: 12.03545814s&#xA;Sep 10 03:41:51.838: INFO: Pod &#34;downward-api-6becb987-b4ab-11e8-bc45-00073e906c7f&#34;: Phase=&#34;Pending&#34;, Reason=&#34;&#34;, readiness=false. Elapsed: 14.04038204s&#xA;Sep 10 03:41:53.843: INFO: Pod &#34;downward-api-6becb987-b4ab-11e8-bc45-00073e906c7f&#34;: Phase=&#34;Pending&#34;, Reason=&#34;&#34;, readiness=false. Elapsed: 16.04556454s&#xA;Sep 10 03:41:55.848: INFO: Pod &#34;downward-api-6becb987-b4ab-11e8-bc45-00073e906c7f&#34;: Phase=&#34;Pending&#34;, Reason=&#34;&#34;, readiness=false. Elapsed: 18.05060374s&#xA;Sep 10 03:41:57.853: INFO: Pod &#34;downward-api-6becb987-b4ab-11e8-bc45-00073e906c7f&#34;: Phase=&#34;Pending&#34;, Reason=&#34;&#34;, readiness=false. Elapsed: 20.05555994s&#xA;Sep 10 03:41:59.858: INFO: Pod &#34;downward-api-6becb987-b4ab-11e8-bc45-00073e906c7f&#34;: Phase=&#34;Pending&#34;, Reason=&#34;&#34;, readiness=false. Elapsed: 22.06070072s&#xA;Sep 10 03:42:01.863: INFO: Pod &#34;downward-api-6becb987-b4ab-11e8-bc45-00073e906c7f&#34;: Phase=&#34;Pending&#34;, Reason=&#34;&#34;, readiness=false. Elapsed: 24.06579826s&#xA;Sep 10 03:42:03.869: INFO: Pod &#34;downward-api-6becb987-b4ab-11e8-bc45-00073e906c7f&#34;: Phase=&#34;Pending&#34;, Reason=&#34;&#34;, readiness=false. Elapsed: 26.07106302s&#xA;Sep 10 03:42:05.874: INFO: Pod &#34;downward-api-6becb987-b4ab-11e8-bc45-00073e906c7f&#34;: Phase=&#34;Pending&#34;, Reason=&#34;&#34;, readiness=false. Elapsed: 28.07625132s&#xA;Sep 10 03:42:07.879: INFO: Pod &#34;downward-api-6becb987-b4ab-11e8-bc45-00073e906c7f&#34;: Phase=&#34;Pending&#34;, Reason=&#34;&#34;, readiness=false. Elapsed: 30.08132292s&#xA;Sep 10 03:42:09.884: INFO: Pod &#34;downward-api-6becb987-b4ab-11e8-bc45-00073e906c7f&#34;: Phase=&#34;Pending&#34;, Reason=&#34;&#34;, readiness=false. Elapsed: 32.086267s&#xA;Sep 10 03:42:11.889: INFO: Pod &#34;downward-api-6becb987-b4ab-11e8-bc45-00073e906c7f&#34;: Phase=&#34;Pending&#34;, Reason=&#34;&#34;, readiness=false. Elapsed: 34.09141856s&#xA;Sep 10 03:42:13.894: INFO: Pod &#34;downward-api-6becb987-b4ab-11e8-bc45-00073e906c7f&#34;: Phase=&#34;Pending&#34;, Reason=&#34;&#34;, readiness=false. Elapsed: 36.09634298s&#xA;Sep 10 03:42:15.899: INFO: Pod &#34;downward-api-6becb987-b4ab-11e8-bc45-00073e906c7f&#34;: Phase=&#34;Pending&#34;, Reason=&#34;&#34;, readiness=false. Elapsed: 38.10136104s&#xA;Sep 10 03:42:17.904: INFO: Pod &#34;downward-api-6becb987-b4ab-11e8-bc45-00073e906c7f&#34;: Phase=&#34;Pending&#34;, Reason=&#34;&#34;, readiness=false. Elapsed: 40.10632138s&#xA;Sep 10 03:42:19.909: INFO: Pod &#34;downward-api-6becb987-b4ab-11e8-bc45-00073e906c7f&#34;: Phase=&#34;Pending&#34;, Reason=&#34;&#34;, readiness=false. Elapsed: 42.11145172s&#xA;Sep 10 03:42:21.914: INFO: Pod &#34;downward-api-6becb987-b4ab-11e8-bc45-00073e906c7f&#34;: Phase=&#34;Pending&#34;, Reason=&#34;&#34;, readiness=false. Elapsed: 44.1166081s&#xA;Sep 10 03:42:23.919: INFO: Pod &#34;downward-api-6becb987-b4ab-11e8-bc45-00073e906c7f&#34;: Phase=&#34;Pending&#34;, Reason=&#34;&#34;, readiness=false. Elapsed: 46.12172662s&#xA;Sep 10 03:42:25.924: INFO: Pod &#34;downward-api-6becb987-b4ab-11e8-bc45-00073e906c7f&#34;: Phase=&#34;Pending&#34;, Reason=&#34;&#34;, readiness=false. Elapsed: 48.12664558s&#xA;Sep 10 03:42:27.929: INFO: Pod &#34;downward-api-6becb987-b4ab-11e8-bc45-00073e906c7f&#34;: Phase=&#34;Pending&#34;, Reason=&#34;&#34;, readiness=false. Elapsed: 50.13158634s&#xA;Sep 10 03:42:29.934: INFO: Pod &#34;downward-api-6becb987-b4ab-11e8-bc45-00073e906c7f&#34;: Phase=&#34;Pending&#34;, Reason=&#34;&#34;, readiness=false. Elapsed: 52.13680898s&#xA;Sep 10 03:42:31.939: INFO: Pod &#34;downward-api-6becb987-b4ab-11e8-bc45-00073e906c7f&#34;: Phase=&#34;Pending&#34;, Reason=&#34;&#34;, readiness=false. Elapsed: 54.14191522s&#xA;Sep 10 03:42:33.944: INFO: Pod &#34;downward-api-6becb987-b4ab-11e8-bc45-00073e906c7f&#34;: Phase=&#34;Pending&#34;, Reason=&#34;&#34;, readiness=false. Elapsed: 56.1467965s&#xA;Sep 10 03:42:35.950: INFO: Pod &#34;downward-api-6becb987-b4ab-11e8-bc45-00073e906c7f&#34;: Phase=&#34;Pending&#34;, Reason=&#34;&#34;, readiness=false. Elapsed: 58.15210498s&#xA;Sep 10 03:42:37.954: INFO: Pod &#34;downward-api-6becb987-b4ab-11e8-bc45-00073e906c7f&#34;: Phase=&#34;Pending&#34;, Reason=&#34;&#34;, readiness=false. Elapsed: 1m0.15698s&#xA;Sep 10 03:42:39.960: INFO: Pod &#34;downward-api-6becb987-b4ab-11e8-bc45-00073e906c7f&#34;: Phase=&#34;Pending&#34;, Reason=&#34;&#34;, readiness=false. Elapsed: 1m2.16220794s&#xA;Sep 10 03:42:41.965: INFO: Pod &#34;downward-api-6becb987-b4ab-11e8-bc45-00073e906c7f&#34;: Phase=&#34;Pending&#34;, Reason=&#34;&#34;, readiness=false. Elapsed: 1m4.16722334s&#xA;Sep 10 03:42:43.970: INFO: Pod &#34;downward-api-6becb987-b4ab-11e8-bc45-00073e906c7f&#34;: Phase=&#34;Pending&#34;, Reason=&#34;&#34;, readiness=false. Elapsed: 1m6.17209454s&#xA;Sep 10 03:42:45.974: INFO: Pod &#34;downward-api-6becb987-b4ab-11e8-bc45-00073e906c7f&#34;: Phase=&#34;Pending&#34;, Reason=&#34;&#34;, readiness=false. Elapsed: 1m8.17703182s&#xA;Sep 10 03:42:47.979: INFO: Pod &#34;downward-api-6becb987-b4ab-11e8-bc45-00073e906c7f&#34;: Phase=&#34;Pending&#34;, Reason=&#34;&#34;, readiness=false. Elapsed: 1m10.18170682s&#xA;Sep 10 03:42:49.984: INFO: Pod &#34;downward-api-6becb987-b4ab-11e8-bc45-00073e906c7f&#34;: Phase=&#34;Pending&#34;, Reason=&#34;&#34;, readiness=false. Elapsed: 1m12.18665436s&#xA;Sep 10 03:42:51.989: INFO: Pod &#34;downward-api-6becb987-b4ab-11e8-bc45-00073e906c7f&#34;: Phase=&#34;Pending&#34;, Reason=&#34;&#34;, readiness=false. Elapsed: 1m14.19130264s&#xA;Sep 10 03:42:53.994: INFO: Pod &#34;downward-api-6becb987-b4ab-11e8-bc45-00073e906c7f&#34;: Phase=&#34;Pending&#34;, Reason=&#34;&#34;, readiness=false. Elapsed: 1m16.19648478s&#xA;Sep 10 03:42:55.999: INFO: Pod &#34;downward-api-6becb987-b4ab-11e8-bc45-00073e906c7f&#34;: Phase=&#34;Pending&#34;, Reason=&#34;&#34;, readiness=false. Elapsed: 1m18.20134646s&#xA;Sep 10 03:42:58.004: INFO: Pod &#34;downward-api-6becb987-b4ab-11e8-bc45-00073e906c7f&#34;: Phase=&#34;Pending&#34;, Reason=&#34;&#34;, readiness=false. Elapsed: 1m20.20614978s&#xA;Sep 10 03:43:00.009: INFO: Pod &#34;downward-api-6becb987-b4ab-11e8-bc45-00073e906c7f&#34;: Phase=&#34;Pending&#34;, Reason=&#34;&#34;, readiness=false. Elapsed: 1m22.21127784s&#xA;Sep 10 03:43:02.014: INFO: Pod &#34;downward-api-6becb987-b4ab-11e8-bc45-00073e906c7f&#34;: Phase=&#34;Pending&#34;, Reason=&#34;&#34;, readiness=false. Elapsed: 1m24.21641684s&#xA;Sep 10 03:43:04.019: INFO: Pod &#34;downward-api-6becb987-b4ab-11e8-bc45-00073e906c7f&#34;: Phase=&#34;Pending&#34;, Reason=&#34;&#34;, readiness=false. Elapsed: 1m26.22127578s&#xA;Sep 10 03:43:06.024: INFO: Pod &#34;downward-api-6becb987-b4ab-11e8-bc45-00073e906c7f&#34;: Phase=&#34;Pending&#34;, Reason=&#34;&#34;, readiness=false. Elapsed: 1m28.2263167s&#xA;Sep 10 03:43:08.029: INFO: Pod &#34;downward-api-6becb987-b4ab-11e8-bc45-00073e906c7f&#34;: Phase=&#34;Pending&#34;, Reason=&#34;&#34;, readiness=false. Elapsed: 1m30.23119708s&#xA;Sep 10 03:43:10.034: INFO: Pod &#34;downward-api-6becb987-b4ab-11e8-bc45-00073e906c7f&#34;: Phase=&#34;Pending&#34;, Reason=&#34;&#34;, readiness=false. Elapsed: 1m32.23621844s&#xA;Sep 10 03:43:12.039: INFO: Pod &#34;downward-api-6becb987-b4ab-11e8-bc45-00073e906c7f&#34;: Phase=&#34;Pending&#34;, Reason=&#34;&#34;, readiness=false. Elapsed: 1m34.24119382s&#xA;Sep 10 03:43:14.044: INFO: Pod &#34;downward-api-6becb987-b4ab-11e8-bc45-00073e906c7f&#34;: Phase=&#34;Pending&#34;, Reason=&#34;&#34;, readiness=false. Elapsed: 1m36.24627286s&#xA;Sep 10 03:43:16.049: INFO: Pod &#34;downward-api-6becb987-b4ab-11e8-bc45-00073e906c7f&#34;: Phase=&#34;Pending&#34;, Reason=&#34;&#34;, readiness=false. Elapsed: 1m38.25122564s&#xA;Sep 10 03:43:18.054: INFO: Pod &#34;downward-api-6becb987-b4ab-11e8-bc45-00073e906c7f&#34;: Phase=&#34;Pending&#34;, Reason=&#34;&#34;, readiness=false. Elapsed: 1m40.25607606s&#xA;Sep 10 03:43:20.059: INFO: Pod &#34;downward-api-6becb987-b4ab-11e8-bc45-00073e906c7f&#34;: Phase=&#34;Pending&#34;, Reason=&#34;&#34;, readiness=false. Elapsed: 1m42.26111172s&#xA;Sep 10 03:43:22.063: INFO: Pod &#34;downward-api-6becb987-b4ab-11e8-bc45-00073e906c7f&#34;: Phase=&#34;Pending&#34;, Reason=&#34;&#34;, readiness=false. Elapsed: 1m44.26600554s&#xA;Sep 10 03:43:24.069: INFO: Pod &#34;downward-api-6becb987-b4ab-11e8-bc45-00073e906c7f&#34;: Phase=&#34;Pending&#34;, Reason=&#34;&#34;, readiness=false. Elapsed: 1m46.27116148s&#xA;Sep 10 03:43:26.074: INFO: Pod &#34;downward-api-6becb987-b4ab-11e8-bc45-00073e906c7f&#34;: Phase=&#34;Pending&#34;, Reason=&#34;&#34;, readiness=false. Elapsed: 1m48.27643996s&#xA;Sep 10 03:43:28.079: INFO: Pod &#34;downward-api-6becb987-b4ab-11e8-bc45-00073e906c7f&#34;: Phase=&#34;Pending&#34;, Reason=&#34;&#34;, readiness=false. Elapsed: 1m50.28144572s&#xA;Sep 10 03:43:30.084: INFO: Pod &#34;downward-api-6becb987-b4ab-11e8-bc45-00073e906c7f&#34;: Phase=&#34;Pending&#34;, Reason=&#34;&#34;, readiness=false. Elapsed: 1m52.2863167s&#xA;Sep 10 03:43:32.089: INFO: Pod &#34;downward-api-6becb987-b4ab-11e8-bc45-00073e906c7f&#34;: Phase=&#34;Pending&#34;, Reason=&#34;&#34;, readiness=false. Elapsed: 1m54.29127542s&#xA;Sep 10 03:43:34.094: INFO: Pod &#34;downward-api-6becb987-b4ab-11e8-bc45-00073e906c7f&#34;: Phase=&#34;Pending&#34;, Reason=&#34;&#34;, readiness=false. Elapsed: 1m56.29631616s&#xA;Sep 10 03:43:36.100: INFO: Pod &#34;downward-api-6becb987-b4ab-11e8-bc45-00073e906c7f&#34;: Phase=&#34;Pending&#34;, Reason=&#34;&#34;, readiness=false. Elapsed: 1m58.30221246s&#xA;Sep 10 03:43:38.105: INFO: Pod &#34;downward-api-6becb987-b4ab-11e8-bc45-00073e906c7f&#34;: Phase=&#34;Pending&#34;, Reason=&#34;&#34;, readiness=false. Elapsed: 2m0.307303s&#xA;Sep 10 03:43:40.110: INFO: Pod &#34;downward-api-6becb987-b4ab-11e8-bc45-00073e906c7f&#34;: Phase=&#34;Pending&#34;, Reason=&#34;&#34;, readiness=false. Elapsed: 2m2.3122594s&#xA;Sep 10 03:43:42.115: INFO: Pod &#34;downward-api-6becb987-b4ab-11e8-bc45-00073e906c7f&#34;: Phase=&#34;Pending&#34;, Reason=&#34;&#34;, readiness=false. Elapsed: 2m4.31741938s&#xA;Sep 10 03:43:44.120: INFO: Pod &#34;downward-api-6becb987-b4ab-11e8-bc45-00073e906c7f&#34;: Phase=&#34;Pending&#34;, Reason=&#34;&#34;, readiness=false. Elapsed: 2m6.3223307s&#xA;Sep 10 03:43:46.125: INFO: Pod &#34;downward-api-6becb987-b4ab-11e8-bc45-00073e906c7f&#34;: Phase=&#34;Pending&#34;, Reason=&#34;&#34;, readiness=false. Elapsed: 2m8.32714642s&#xA;Sep 10 03:43:48.129: INFO: Pod &#34;downward-api-6becb987-b4ab-11e8-bc45-00073e906c7f&#34;: Phase=&#34;Pending&#34;, Reason=&#34;&#34;, readiness=false. Elapsed: 2m10.3319639s&#xA;Sep 10 03:43:50.134: INFO: Pod &#34;downward-api-6becb987-b4ab-11e8-bc45-00073e906c7f&#34;: Phase=&#34;Pending&#34;, Reason=&#34;&#34;, readiness=false. Elapsed: 2m12.33656902s&#xA;Sep 10 03:43:52.139: INFO: Pod &#34;downward-api-6becb987-b4ab-11e8-bc45-00073e906c7f&#34;: Phase=&#34;Pending&#34;, Reason=&#34;&#34;, readiness=false. Elapsed: 2m14.34169996s&#xA;Sep 10 03:43:54.144: INFO: Pod &#34;downward-api-6becb987-b4ab-11e8-bc45-00073e906c7f&#34;: Phase=&#34;Pending&#34;, Reason=&#34;&#34;, readiness=false. Elapsed: 2m16.34677376s&#xA;Sep 10 03:43:56.149: INFO: Pod &#34;downward-api-6becb987-b4ab-11e8-bc45-00073e906c7f&#34;: Phase=&#34;Pending&#34;, Reason=&#34;&#34;, readiness=false. Elapsed: 2m18.3516747s&#xA;Sep 10 03:43:58.154: INFO: Pod &#34;downward-api-6becb987-b4ab-11e8-bc45-00073e906c7f&#34;: Phase=&#34;Pending&#34;, Reason=&#34;&#34;, readiness=false. Elapsed: 2m20.35656528s&#xA;Sep 10 03:44:00.159: INFO: Pod &#34;downward-api-6becb987-b4ab-11e8-bc45-00073e906c7f&#34;: Phase=&#34;Pending&#34;, Reason=&#34;&#34;, readiness=false. Elapsed: 2m22.3615833s&#xA;Sep 10 03:44:02.164: INFO: Pod &#34;downward-api-6becb987-b4ab-11e8-bc45-00073e906c7f&#34;: Phase=&#34;Pending&#34;, Reason=&#34;&#34;, readiness=false. Elapsed: 2m24.36660994s&#xA;Sep 10 03:44:04.169: INFO: Pod &#34;downward-api-6becb987-b4ab-11e8-bc45-00073e906c7f&#34;: Phase=&#34;Pending&#34;, Reason=&#34;&#34;, readiness=false. Elapsed: 2m26.37143318s&#xA;Sep 10 03:44:06.174: INFO: Pod &#34;downward-api-6becb987-b4ab-11e8-bc45-00073e906c7f&#34;: Phase=&#34;Pending&#34;, Reason=&#34;&#34;, readiness=false. Elapsed: 2m28.37630422s&#xA;Sep 10 03:44:08.179: INFO: Pod &#34;downward-api-6becb987-b4ab-11e8-bc45-00073e906c7f&#34;: Phase=&#34;Pending&#34;, Reason=&#34;&#34;, readiness=false. Elapsed: 2m30.38112384s&#xA;Sep 10 03:44:10.183: INFO: Pod &#34;downward-api-6becb987-b4ab-11e8-bc45-00073e906c7f&#34;: Phase=&#34;Pending&#34;, Reason=&#34;&#34;, readiness=false. Elapsed: 2m32.38571918s&#xA;Sep 10 03:44:12.188: INFO: Pod &#34;downward-api-6becb987-b4ab-11e8-bc45-00073e906c7f&#34;: Phase=&#34;Pending&#34;, Reason=&#34;&#34;, readiness=false. Elapsed: 2m34.39053638s&#xA;Sep 10 03:44:14.193: INFO: Pod &#34;downward-api-6becb987-b4ab-11e8-bc45-00073e906c7f&#34;: Phase=&#34;Pending&#34;, Reason=&#34;&#34;, readiness=false. Elapsed: 2m36.3955045s&#xA;Sep 10 03:44:16.198: INFO: Pod &#34;downward-api-6becb987-b4ab-11e8-bc45-00073e906c7f&#34;: Phase=&#34;Pending&#34;, Reason=&#34;&#34;, readiness=false. Elapsed: 2m38.40056734s&#xA;Sep 10 03:44:18.203: INFO: Pod &#34;downward-api-6becb987-b4ab-11e8-bc45-00073e906c7f&#34;: Phase=&#34;Pending&#34;, Reason=&#34;&#34;, readiness=false. Elapsed: 2m40.40562448s&#xA;Sep 10 03:44:20.208: INFO: Pod &#34;downward-api-6becb987-b4ab-11e8-bc45-00073e906c7f&#34;: Phase=&#34;Pending&#34;, Reason=&#34;&#34;, readiness=false. Elapsed: 2m42.41044632s&#xA;Sep 10 03:44:22.213: INFO: Pod &#34;downward-api-6becb987-b4ab-11e8-bc45-00073e906c7f&#34;: Phase=&#34;Pending&#34;, Reason=&#34;&#34;, readiness=false. Elapsed: 2m44.41537242s&#xA;Sep 10 03:44:24.218: INFO: Pod &#34;downward-api-6becb987-b4ab-11e8-bc45-00073e906c7f&#34;: Phase=&#34;Pending&#34;, Reason=&#34;&#34;, readiness=false. Elapsed: 2m46.42030254s&#xA;Sep 10 03:44:26.223: INFO: Pod &#34;downward-api-6becb987-b4ab-11e8-bc45-00073e906c7f&#34;: Phase=&#34;Pending&#34;, Reason=&#34;&#34;, readiness=false. Elapsed: 2m48.42551712s&#xA;Sep 10 03:44:28.228: INFO: Pod &#34;downward-api-6becb987-b4ab-11e8-bc45-00073e906c7f&#34;: Phase=&#34;Pending&#34;, Reason=&#34;&#34;, readiness=false. Elapsed: 2m50.43031988s&#xA;Sep 10 03:44:30.233: INFO: Pod &#34;downward-api-6becb987-b4ab-11e8-bc45-00073e906c7f&#34;: Phase=&#34;Pending&#34;, Reason=&#34;&#34;, readiness=false. Elapsed: 2m52.43519054s&#xA;Sep 10 03:44:32.237: INFO: Pod &#34;downward-api-6becb987-b4ab-11e8-bc45-00073e906c7f&#34;: Phase=&#34;Pending&#34;, Reason=&#34;&#34;, readiness=false. Elapsed: 2m54.44002012s&#xA;Sep 10 03:44:34.243: INFO: Pod &#34;downward-api-6becb987-b4ab-11e8-bc45-00073e906c7f&#34;: Phase=&#34;Pending&#34;, Reason=&#34;&#34;, readiness=false. Elapsed: 2m56.44515672s&#xA;Sep 10 03:44:36.247: INFO: Pod &#34;downward-api-6becb987-b4ab-11e8-bc45-00073e906c7f&#34;: Phase=&#34;Pending&#34;, Reason=&#34;&#34;, readiness=false. Elapsed: 2m58.44990328s&#xA;Sep 10 03:44:38.252: INFO: Pod &#34;downward-api-6becb987-b4ab-11e8-bc45-00073e906c7f&#34;: Phase=&#34;Pending&#34;, Reason=&#34;&#34;, readiness=false. Elapsed: 3m0.45471382s&#xA;Sep 10 03:44:40.257: INFO: Pod &#34;downward-api-6becb987-b4ab-11e8-bc45-00073e906c7f&#34;: Phase=&#34;Pending&#34;, Reason=&#34;&#34;, readiness=false. Elapsed: 3m2.4595091s&#xA;Sep 10 03:44:42.262: INFO: Pod &#34;downward-api-6becb987-b4ab-11e8-bc45-00073e906c7f&#34;: Phase=&#34;Pending&#34;, Reason=&#34;&#34;, readiness=false. Elapsed: 3m4.46435352s&#xA;Sep 10 03:44:44.267: INFO: Pod &#34;downward-api-6becb987-b4ab-11e8-bc45-00073e906c7f&#34;: Phase=&#34;Pending&#34;, Reason=&#34;&#34;, readiness=false. Elapsed: 3m6.46930712s&#xA;Sep 10 03:44:46.272: INFO: Pod &#34;downward-api-6becb987-b4ab-11e8-bc45-00073e906c7f&#34;: Phase=&#34;Pending&#34;, Reason=&#34;&#34;, readiness=false. Elapsed: 3m8.47406786s&#xA;Sep 10 03:44:48.277: INFO: Pod &#34;downward-api-6becb987-b4ab-11e8-bc45-00073e906c7f&#34;: Phase=&#34;Pending&#34;, Reason=&#34;&#34;, readiness=false. Elapsed: 3m10.47920146s&#xA;Sep 10 03:44:50.281: INFO: Pod &#34;downward-api-6becb987-b4ab-11e8-bc45-00073e906c7f&#34;: Phase=&#34;Pending&#34;, Reason=&#34;&#34;, readiness=false. Elapsed: 3m12.48395844s&#xA;Sep 10 03:44:52.286: INFO: Pod &#34;downward-api-6becb987-b4ab-11e8-bc45-00073e906c7f&#34;: Phase=&#34;Pending&#34;, Reason=&#34;&#34;, readiness=false. Elapsed: 3m14.4888592s&#xA;Sep 10 03:44:54.291: INFO: Pod &#34;downward-api-6becb987-b4ab-11e8-bc45-00073e906c7f&#34;: Phase=&#34;Pending&#34;, Reason=&#34;&#34;, readiness=false. Elapsed: 3m16.49404218s&#xA;Sep 10 03:44:56.296: INFO: Pod &#34;downward-api-6becb987-b4ab-11e8-bc45-00073e906c7f&#34;: Phase=&#34;Pending&#34;, Reason=&#34;&#34;, readiness=false. Elapsed: 3m18.49877982s&#xA;Sep 10 03:44:58.301: INFO: Pod &#34;downward-api-6becb987-b4ab-11e8-bc45-00073e906c7f&#34;: Phase=&#34;Pending&#34;, Reason=&#34;&#34;, readiness=false. Elapsed: 3m20.50360302s&#xA;Sep 10 03:45:00.306: INFO: Pod &#34;downward-api-6becb987-b4ab-11e8-bc45-00073e906c7f&#34;: Phase=&#34;Pending&#34;, Reason=&#34;&#34;, readiness=false. Elapsed: 3m22.50831608s&#xA;Sep 10 03:45:02.310: INFO: Pod &#34;downward-api-6becb987-b4ab-11e8-bc45-00073e906c7f&#34;: Phase=&#34;Pending&#34;, Reason=&#34;&#34;, readiness=false. Elapsed: 3m24.5129421s&#xA;Sep 10 03:45:04.315: INFO: Pod &#34;downward-api-6becb987-b4ab-11e8-bc45-00073e906c7f&#34;: Phase=&#34;Pending&#34;, Reason=&#34;&#34;, readiness=false. Elapsed: 3m26.5177927s&#xA;Sep 10 03:45:06.320: INFO: Pod &#34;downward-api-6becb987-b4ab-11e8-bc45-00073e906c7f&#34;: Phase=&#34;Pending&#34;, Reason=&#34;&#34;, readiness=false. Elapsed: 3m28.52260304s&#xA;Sep 10 03:45:08.325: INFO: Pod &#34;downward-api-6becb987-b4ab-11e8-bc45-00073e906c7f&#34;: Phase=&#34;Pending&#34;, Reason=&#34;&#34;, readiness=false. Elapsed: 3m30.52769618s&#xA;Sep 10 03:45:10.330: INFO: Pod &#34;downward-api-6becb987-b4ab-11e8-bc45-00073e906c7f&#34;: Phase=&#34;Pending&#34;, Reason=&#34;&#34;, readiness=false. Elapsed: 3m32.53238076s&#xA;Sep 10 03:45:12.335: INFO: Pod &#34;downward-api-6becb987-b4ab-11e8-bc45-00073e906c7f&#34;: Phase=&#34;Pending&#34;, Reason=&#34;&#34;, readiness=false. Elapsed: 3m34.53729088s&#xA;Sep 10 03:45:14.341: INFO: Pod &#34;downward-api-6becb987-b4ab-11e8-bc45-00073e906c7f&#34;: Phase=&#34;Pending&#34;, Reason=&#34;&#34;, readiness=false. Elapsed: 3m36.54313616s&#xA;Sep 10 03:45:16.346: INFO: Pod &#34;downward-api-6becb987-b4ab-11e8-bc45-00073e906c7f&#34;: Phase=&#34;Pending&#34;, Reason=&#34;&#34;, readiness=false. Elapsed: 3m38.54815414s&#xA;Sep 10 03:45:18.351: INFO: Pod &#34;downward-api-6becb987-b4ab-11e8-bc45-00073e906c7f&#34;: Phase=&#34;Pending&#34;, Reason=&#34;&#34;, readiness=false. Elapsed: 3m40.55305814s&#xA;Sep 10 03:45:20.356: INFO: Pod &#34;downward-api-6becb987-b4ab-11e8-bc45-00073e906c7f&#34;: Phase=&#34;Pending&#34;, Reason=&#34;&#34;, readiness=false. Elapsed: 3m42.55819486s&#xA;Sep 10 03:45:22.361: INFO: Pod &#34;downward-api-6becb987-b4ab-11e8-bc45-00073e906c7f&#34;: Phase=&#34;Pending&#34;, Reason=&#34;&#34;, readiness=false. Elapsed: 3m44.56349058s&#xA;Sep 10 03:45:24.366: INFO: Pod &#34;downward-api-6becb987-b4ab-11e8-bc45-00073e906c7f&#34;: Phase=&#34;Pending&#34;, Reason=&#34;&#34;, readiness=false. Elapsed: 3m46.5684501s&#xA;Sep 10 03:45:26.371: INFO: Pod &#34;downward-api-6becb987-b4ab-11e8-bc45-00073e906c7f&#34;: Phase=&#34;Pending&#34;, Reason=&#34;&#34;, readiness=false. Elapsed: 3m48.57364166s&#xA;Sep 10 03:45:28.376: INFO: Pod &#34;downward-api-6becb987-b4ab-11e8-bc45-00073e906c7f&#34;: Phase=&#34;Pending&#34;, Reason=&#34;&#34;, readiness=false. Elapsed: 3m50.57876686s&#xA;Sep 10 03:45:30.381: INFO: Pod &#34;downward-api-6becb987-b4ab-11e8-bc45-00073e906c7f&#34;: Phase=&#34;Pending&#34;, Reason=&#34;&#34;, readiness=false. Elapsed: 3m52.58379588s&#xA;Sep 10 03:45:32.387: INFO: Pod &#34;downward-api-6becb987-b4ab-11e8-bc45-00073e906c7f&#34;: Phase=&#34;Pending&#34;, Reason=&#34;&#34;, readiness=false. Elapsed: 3m54.58907658s&#xA;Sep 10 03:45:34.392: INFO: Pod &#34;downward-api-6becb987-b4ab-11e8-bc45-00073e906c7f&#34;: Phase=&#34;Pending&#34;, Reason=&#34;&#34;, readiness=false. Elapsed: 3m56.59409008s&#xA;Sep 10 03:45:36.397: INFO: Pod &#34;downward-api-6becb987-b4ab-11e8-bc45-00073e906c7f&#34;: Phase=&#34;Pending&#34;, Reason=&#34;&#34;, readiness=false. Elapsed: 3m58.59933968s&#xA;Sep 10 03:45:38.410: INFO: Pod &#34;downward-api-6becb987-b4ab-11e8-bc45-00073e906c7f&#34;: Phase=&#34;Pending&#34;, Reason=&#34;&#34;, readiness=false. Elapsed: 4m0.61224258s&#xA;Sep 10 03:45:40.415: INFO: Pod &#34;downward-api-6becb987-b4ab-11e8-bc45-00073e906c7f&#34;: Phase=&#34;Pending&#34;, Reason=&#34;&#34;, readiness=false. Elapsed: 4m2.61709948s&#xA;Sep 10 03:45:42.419: INFO: Pod &#34;downward-api-6becb987-b4ab-11e8-bc45-00073e906c7f&#34;: Phase=&#34;Pending&#34;, Reason=&#34;&#34;, readiness=false. Elapsed: 4m4.62202632s&#xA;Sep 10 03:45:44.425: INFO: Pod &#34;downward-api-6becb987-b4ab-11e8-bc45-00073e906c7f&#34;: Phase=&#34;Pending&#34;, Reason=&#34;&#34;, readiness=false. Elapsed: 4m6.62710366s&#xA;Sep 10 03:45:46.430: INFO: Pod &#34;downward-api-6becb987-b4ab-11e8-bc45-00073e906c7f&#34;: Phase=&#34;Pending&#34;, Reason=&#34;&#34;, readiness=false. Elapsed: 4m8.63218106s&#xA;Sep 10 03:45:48.435: INFO: Pod &#34;downward-api-6becb987-b4ab-11e8-bc45-00073e906c7f&#34;: Phase=&#34;Pending&#34;, Reason=&#34;&#34;, readiness=false. Elapsed: 4m10.63721182s&#xA;Sep 10 03:45:50.440: INFO: Pod &#34;downward-api-6becb987-b4ab-11e8-bc45-00073e906c7f&#34;: Phase=&#34;Pending&#34;, Reason=&#34;&#34;, readiness=false. Elapsed: 4m12.6423595s&#xA;Sep 10 03:45:52.445: INFO: Pod &#34;downward-api-6becb987-b4ab-11e8-bc45-00073e906c7f&#34;: Phase=&#34;Pending&#34;, Reason=&#34;&#34;, readiness=false. Elapsed: 4m14.6474021s&#xA;Sep 10 03:45:54.450: INFO: Pod &#34;downward-api-6becb987-b4ab-11e8-bc45-00073e906c7f&#34;: Phase=&#34;Pending&#34;, Reason=&#34;&#34;, readiness=false. Elapsed: 4m16.65284026s&#xA;Sep 10 03:45:56.455: INFO: Pod &#34;downward-api-6becb987-b4ab-11e8-bc45-00073e906c7f&#34;: Phase=&#34;Pending&#34;, Reason=&#34;&#34;, readiness=false. Elapsed: 4m18.65782904s&#xA;Sep 10 03:45:58.460: INFO: Pod &#34;downward-api-6becb987-b4ab-11e8-bc45-00073e906c7f&#34;: Phase=&#34;Pending&#34;, Reason=&#34;&#34;, readiness=false. Elapsed: 4m20.6628675s&#xA;Sep 10 03:46:00.466: INFO: Pod &#34;downward-api-6becb987-b4ab-11e8-bc45-00073e906c7f&#34;: Phase=&#34;Pending&#34;, Reason=&#34;&#34;, readiness=false. Elapsed: 4m22.66814642s&#xA;Sep 10 03:46:02.471: INFO: Pod &#34;downward-api-6becb987-b4ab-11e8-bc45-00073e906c7f&#34;: Phase=&#34;Pending&#34;, Reason=&#34;&#34;, readiness=false. Elapsed: 4m24.6732674s&#xA;Sep 10 03:46:04.476: INFO: Pod &#34;downward-api-6becb987-b4ab-11e8-bc45-00073e906c7f&#34;: Phase=&#34;Pending&#34;, Reason=&#34;&#34;, readiness=false. Elapsed: 4m26.6781953s&#xA;Sep 10 03:46:06.481: INFO: Pod &#34;downward-api-6becb987-b4ab-11e8-bc45-00073e906c7f&#34;: Phase=&#34;Pending&#34;, Reason=&#34;&#34;, readiness=false. Elapsed: 4m28.68329758s&#xA;Sep 10 03:46:08.486: INFO: Pod &#34;downward-api-6becb987-b4ab-11e8-bc45-00073e906c7f&#34;: Phase=&#34;Pending&#34;, Reason=&#34;&#34;, readiness=false. Elapsed: 4m30.68839226s&#xA;Sep 10 03:46:10.491: INFO: Pod &#34;downward-api-6becb987-b4ab-11e8-bc45-00073e906c7f&#34;: Phase=&#34;Pending&#34;, Reason=&#34;&#34;, readiness=false. Elapsed: 4m32.69345694s&#xA;Sep 10 03:46:12.496: INFO: Pod &#34;downward-api-6becb987-b4ab-11e8-bc45-00073e906c7f&#34;: Phase=&#34;Pending&#34;, Reason=&#34;&#34;, readiness=false. Elapsed: 4m34.69856534s&#xA;Sep 10 03:46:14.501: INFO: Pod &#34;downward-api-6becb987-b4ab-11e8-bc45-00073e906c7f&#34;: Phase=&#34;Pending&#34;, Reason=&#34;&#34;, readiness=false. Elapsed: 4m36.70369496s&#xA;Sep 10 03:46:16.506: INFO: Pod &#34;downward-api-6becb987-b4ab-11e8-bc45-00073e906c7f&#34;: Phase=&#34;Pending&#34;, Reason=&#34;&#34;, readiness=false. Elapsed: 4m38.70897502s&#xA;Sep 10 03:46:18.511: INFO: Pod &#34;downward-api-6becb987-b4ab-11e8-bc45-00073e906c7f&#34;: Phase=&#34;Pending&#34;, Reason=&#34;&#34;, readiness=false. Elapsed: 4m40.71404284s&#xA;Sep 10 03:46:20.517: INFO: Pod &#34;downward-api-6becb987-b4ab-11e8-bc45-00073e906c7f&#34;: Phase=&#34;Pending&#34;, Reason=&#34;&#34;, readiness=false. Elapsed: 4m42.7191194s&#xA;Sep 10 03:46:22.521: INFO: Pod &#34;downward-api-6becb987-b4ab-11e8-bc45-00073e906c7f&#34;: Phase=&#34;Pending&#34;, Reason=&#34;&#34;, readiness=false. Elapsed: 4m44.72394798s&#xA;Sep 10 03:46:24.526: INFO: Pod &#34;downward-api-6becb987-b4ab-11e8-bc45-00073e906c7f&#34;: Phase=&#34;Pending&#34;, Reason=&#34;&#34;, readiness=false. Elapsed: 4m46.7290042s&#xA;Sep 10 03:46:26.532: INFO: Pod &#34;downward-api-6becb987-b4ab-11e8-bc45-00073e906c7f&#34;: Phase=&#34;Pending&#34;, Reason=&#34;&#34;, readiness=false. Elapsed: 4m48.73445082s&#xA;Sep 10 03:46:28.537: INFO: Pod &#34;downward-api-6becb987-b4ab-11e8-bc45-00073e906c7f&#34;: Phase=&#34;Pending&#34;, Reason=&#34;&#34;, readiness=false. Elapsed: 4m50.73943646s&#xA;Sep 10 03:46:30.542: INFO: Pod &#34;downward-api-6becb987-b4ab-11e8-bc45-00073e906c7f&#34;: Phase=&#34;Pending&#34;, Reason=&#34;&#34;, readiness=false. Elapsed: 4m52.74419732s&#xA;Sep 10 03:46:32.546: INFO: Pod &#34;downward-api-6becb987-b4ab-11e8-bc45-00073e906c7f&#34;: Phase=&#34;Pending&#34;, Reason=&#34;&#34;, readiness=false. Elapsed: 4m54.7490125s&#xA;Sep 10 03:46:34.551: INFO: Pod &#34;downward-api-6becb987-b4ab-11e8-bc45-00073e906c7f&#34;: Phase=&#34;Pending&#34;, Reason=&#34;&#34;, readiness=false. Elapsed: 4m56.75393264s&#xA;Sep 10 03:46:36.556: INFO: Pod &#34;downward-api-6becb987-b4ab-11e8-bc45-00073e906c7f&#34;: Phase=&#34;Pending&#34;, Reason=&#34;&#34;, readiness=false. Elapsed: 4m58.75892982s&#xA;Sep 10 03:46:38.572: INFO: Failed to get logs from node &#34;node3&#34; pod &#34;downward-api-6becb987-b4ab-11e8-bc45-00073e906c7f&#34; container &#34;dapi-container&#34;: the server rejected our request for an unknown reason (get pods downward-api-6becb987-b4ab-11e8-bc45-00073e906c7f)&#xA;�[1mSTEP�[0m: delete the pod&#xA;Sep 10 03:46:38.579: INFO: Waiting for pod downward-api-6becb987-b4ab-11e8-bc45-00073e906c7f to disappear&#xA;Sep 10 03:46:38.584: INFO: Pod downward-api-6becb987-b4ab-11e8-bc45-00073e906c7f still exists&#xA;Sep 10 03:46:40.584: INFO: Waiting for pod downward-api-6becb987-b4ab-11e8-bc45-00073e906c7f to disappear&#xA;Sep 10 03:46:40.590: INFO: Pod downward-api-6becb987-b4ab-11e8-bc45-00073e906c7f still exists&#xA;Sep 10 03:46:42.584: INFO: Waiting for pod downward-api-6becb987-b4ab-11e8-bc45-00073e906c7f to disappear&#xA;Sep 10 03:46:42.589: INFO: Pod downward-api-6becb987-b4ab-11e8-bc45-00073e906c7f no longer exists&#xA;Sep 10 03:46:42.589: INFO: Unexpected error occurred: expected pod &#34;downward-api-6becb987-b4ab-11e8-bc45-00073e906c7f&#34; success: Gave up after waiting 5m0s for pod &#34;downward-api-6becb987-b4ab-11e8-bc45-00073e906c7f&#34; to be &#34;success or failure&#34;&#xA;[AfterEach] [sig-api-machinery] Downward API&#xA;  /root/gopath/src/k8s.io/kubernetes/_output/local/go/src/k8s.io/kubernetes/test/e2e/framework/framework.go:142&#xA;�[1mSTEP�[0m: Collecting events from namespace &#34;e2e-tests-downward-api-qbllj&#34;.&#xA;�[1mSTEP�[0m: Found 7 events.&#xA;Sep 10 03:46:42.597: INFO: At 2018-09-10 03:41:37 +0000 UTC - event for downward-api-6becb987-b4ab-11e8-bc45-00073e906c7f: {default-scheduler } Scheduled: Successfully assigned e2e-tests-downward-api-qbllj/downward-api-6becb987-b4ab-11e8-bc45-00073e906c7f to node3&#xA;Sep 10 03:46:42.597: INFO: At 2018-09-10 03:41:38 +0000 UTC - event for downward-api-6becb987-b4ab-11e8-bc45-00073e906c7f: {kubelet node3} Pulling: pulling image &#34;busybox&#34;&#xA;Sep 10 03:46:42.597: INFO: At 2018-09-10 03:41:44 +0000 UTC - event for downward-api-6becb987-b4ab-11e8-bc45-00073e906c7f: {kubelet node3} Failed: Failed to pull image &#34;busybox&#34;: rpc error: code = Unknown desc = Error while pulling image: Get https://index.docker.io/v1/repositories/library/busybox/images: http: error connecting to proxy http://192.168.2.109:8118: dial tcp 192.168.2.109:8118: getsockopt: no route to host&#xA;Sep 10 03:46:42.597: INFO: At 2018-09-10 03:41:44 +0000 UTC - event for downward-api-6becb987-b4ab-11e8-bc45-00073e906c7f: {kubelet node3} Failed: Error: ErrImagePull&#xA;Sep 10 03:46:42.597: INFO: At 2018-09-10 03:41:45 +0000 UTC - event for downward-api-6becb987-b4ab-11e8-bc45-00073e906c7f: {kubelet node3} SandboxChanged: Pod sandbox changed, it will be killed and re-created.&#xA;Sep 10 03:46:42.597: INFO: At 2018-09-10 03:42:30 +0000 UTC - event for downward-api-6becb987-b4ab-11e8-bc45-00073e906c7f: {kubelet node3} BackOff: Back-off pulling image &#34;busybox&#34;&#xA;Sep 10 03:46:42.597: INFO: At 2018-09-10 03:42:30 +0000 UTC - event for downward-api-6becb987-b4ab-11e8-bc45-00073e906c7f: {kubelet node3} Failed: Error: ImagePullBackOff&#xA;Sep 10 03:46:42.609: INFO: POD                            NODE   PHASE    GRACE  CONDITIONS&#xA;Sep 10 03:46:42.609: INFO: coredns-78fcdf6894-f55jj       node3  Running         [{Initialized True 0001-01-01 00:00:00 +0000 UTC 2018-09-01 03:57:03 +0000 UTC  } {Ready True 0001-01-01 00:00:00 +0000 UTC 2018-09-07 08:42:02 +0000 UTC  } {ContainersReady True 0001-01-01 00:00:00 +0000 UTC 0001-01-01 00:00:00 +0000 UTC  } {PodScheduled True 0001-01-01 00:00:00 +0000 UTC 2018-09-01 03:57:03 +0000 UTC  }]&#xA;Sep 10 03:46:42.609: INFO: coredns-78fcdf6894-vlxkz       node3  Running         [{Initialized True 0001-01-01 00:00:00 +0000 UTC 2018-09-01 03:57:03 +0000 UTC  } {Ready True 0001-01-01 00:00:00 +0000 UTC 2018-09-07 08:42:02 +0000 UTC  } {ContainersReady True 0001-01-01 00:00:00 +0000 UTC 0001-01-01 00:00:00 +0000 UTC  } {PodScheduled True 0001-01-01 00:00:00 +0000 UTC 2018-09-01 03:57:03 +0000 UTC  }]&#xA;Sep 10 03:46:42.609: INFO: etcd-node3                     node3  Running         [{Initialized True 0001-01-01 00:00:00 +0000 UTC 2018-09-07 08:40:49 +0000 UTC  } {Ready True 0001-01-01 00:00:00 +0000 UTC 2018-09-07 08:40:51 +0000 UTC  } {ContainersReady True 0001-01-01 00:00:00 +0000 UTC 0001-01-01 00:00:00 +0000 UTC  } {PodScheduled True 0001-01-01 00:00:00 +0000 UTC 2018-09-07 08:40:49 +0000 UTC  }]&#xA;Sep 10 03:46:42.609: INFO: kube-apiserver-node3           node3  Running         [{Initialized True 0001-01-01 00:00:00 +0000 UTC 2018-09-07 08:40:49 +0000 UTC  } {Ready True 0001-01-01 00:00:00 +0000 UTC 2018-09-07 08:40:51 +0000 UTC  } {ContainersReady True 0001-01-01 00:00:00 +0000 UTC 0001-01-01 00:00:00 +0000 UTC  } {PodScheduled True 0001-01-01 00:00:00 +0000 UTC 2018-09-07 08:40:49 +0000 UTC  }]&#xA;Sep 10 03:46:42.609: INFO: kube-controller-manager-node3  node3  Running         [{Initialized True 0001-01-01 00:00:00 +0000 UTC 2018-09-07 08:40:49 +0000 UTC  } {Ready True 0001-01-01 00:00:00 +0000 UTC 2018-09-07 08:40:51 +0000 UTC  } {ContainersReady True 0001-01-01 00:00:00 +0000 UTC 0001-01-01 00:00:00 +0000 UTC  } {PodScheduled True 0001-01-01 00:00:00 +0000 UTC 2018-09-07 08:40:49 +0000 UTC  }]&#xA;Sep 10 03:46:42.609: INFO: kube-proxy-d6xgq               node3  Running         [{Initialized True 0001-01-01 00:00:00 +0000 UTC 2018-09-01 03:55:38 +0000 UTC  } {Ready True 0001-01-01 00:00:00 +0000 UTC 2018-09-07 08:41:32 +0000 UTC  } {ContainersReady True 0001-01-01 00:00:00 +0000 UTC 0001-01-01 00:00:00 +0000 UTC  } {PodScheduled True 0001-01-01 00:00:00 +0000 UTC 2018-09-01 03:55:38 +0000 UTC  }]&#xA;Sep 10 03:46:42.609: INFO: kube-scheduler-node3           node3  Running         [{Initialized True 0001-01-01 00:00:00 +0000 UTC 2018-09-07 08:40:50 +0000 UTC  } {Ready True 0001-01-01 00:00:00 +0000 UTC 2018-09-07 08:40:51 +0000 UTC  } {ContainersReady True 0001-01-01 00:00:00 +0000 UTC 0001-01-01 00:00:00 +0000 UTC  } {PodScheduled True 0001-01-01 00:00:00 +0000 UTC 2018-09-07 08:40:50 +0000 UTC  }]&#xA;Sep 10 03:46:42.609: INFO: weave-net-qrwm8                node3  Running         [{Initialized True 0001-01-01 00:00:00 +0000 UTC 2018-09-01 03:55:38 +0000 UTC  } {Ready True 0001-01-01 00:00:00 +0000 UTC 2018-09-07 08:41:59 +0000 UTC  } {ContainersReady True 0001-01-01 00:00:00 +0000 UTC 0001-01-01 00:00:00 +0000 UTC  } {PodScheduled True 0001-01-01 00:00:00 +0000 UTC 2018-09-01 03:55:38 +0000 UTC  }]&#xA;Sep 10 03:46:42.610: INFO: &#xA;Sep 10 03:46:42.614: INFO: &#xA;Logging node info for node node3&#xA;Sep 10 03:46:42.619: INFO: Node Info: &amp;Node{ObjectMeta:k8s_io_apimachinery_pkg_apis_meta_v1.ObjectMeta{Name:node3,GenerateName:,Namespace:,SelfLink:/api/v1/nodes/node3,UID:d76c0c97-ad9a-11e8-a7d7-1e59e086a4f1,ResourceVersion:511773,Generation:0,CreationTimestamp:2018-09-01 03:55:18 +0000 UTC,DeletionTimestamp:&lt;nil&gt;,DeletionGracePeriodSeconds:nil,Labels:map[string]string{beta.kubernetes.io/arch: arm64,beta.kubernetes.io/os: linux,kubernetes.io/hostname: node3,node-role.kubernetes.io/master: ,},Annotations:map[string]string{kubeadm.alpha.kubernetes.io/cri-socket: /var/run/dockershim.sock,node.alpha.kubernetes.io/ttl: 0,volumes.kubernetes.io/controller-managed-attach-detach: true,},OwnerReferences:[],Finalizers:[],ClusterName:,Initializers:nil,},Spec:NodeSpec{PodCIDR:10.244.0.0/24,DoNotUse_ExternalID:,ProviderID:,Unschedulable:false,Taints:[],ConfigSource:nil,},Status:NodeStatus{Capacity:ResourceList{cpu: {{16 0} {&lt;nil&gt;} 16 DecimalSI},ephemeral-storage: {{82538430464 0} {&lt;nil&gt;}  BinarySI},hugepages-2Mi: {{0 0} {&lt;nil&gt;} 0 DecimalSI},memory: {{67535159296 0} {&lt;nil&gt;}  BinarySI},pods: {{110 0} {&lt;nil&gt;} 110 DecimalSI},},Allocatable:ResourceList{cpu: {{16 0} {&lt;nil&gt;} 16 DecimalSI},ephemeral-storage: {{74284587295 0} {&lt;nil&gt;} 74284587295 DecimalSI},hugepages-2Mi: {{0 0} {&lt;nil&gt;} 0 DecimalSI},memory: {{67430301696 0} {&lt;nil&gt;}  BinarySI},pods: {{110 0} {&lt;nil&gt;} 110 DecimalSI},},Phase:,Conditions:[{NetworkUnavailable False 2018-09-07 08:42:01 +0000 UTC 2018-09-07 08:42:01 +0000 UTC WeaveIsUp Weave pod has set this} {OutOfDisk False 2018-09-10 03:46:33 +0000 UTC 2018-09-01 03:55:11 +0000 UTC KubeletHasSufficientDisk kubelet has sufficient disk space available} {MemoryPressure False 2018-09-10 03:46:33 +0000 UTC 2018-09-01 03:55:11 +0000 UTC KubeletHasSufficientMemory kubelet has sufficient memory available} {DiskPressure False 2018-09-10 03:46:33 +0000 UTC 2018-09-01 03:55:11 +0000 UTC KubeletHasNoDiskPressure kubelet has no disk pressure} {PIDPressure False 2018-09-10 03:46:33 +0000 UTC 2018-09-01 03:55:11 +0000 UTC KubeletHasSufficientPID kubelet has sufficient PID available} {Ready True 2018-09-10 03:46:33 +0000 UTC 2018-09-04 01:30:47 +0000 UTC KubeletReady kubelet is posting ready status}],Addresses:[{InternalIP 192.168.2.117} {Hostname node3}],DaemonEndpoints:NodeDaemonEndpoints{KubeletEndpoint:DaemonEndpoint{Port:10250,},},NodeInfo:NodeSystemInfo{MachineID:373be5c264ac4b78a49077a4b4ded99c,SystemUUID:373be5c264ac4b78a49077a4b4ded99c,BootID:fa7f8a19-3d16-419b-9318-394c7eac5519,KernelVersion:4.4.58-20171215.kylin.server.YUN+-generic,OSImage:Kylin 4.0.2,ContainerRuntimeVersion:docker://1.12.6,KubeletVersion:v1.11.2,KubeProxyVersion:v1.11.2,OperatingSystem:linux,Architecture:arm64,},Images:[{[k8s.gcr.io/kube-cross@sha256:0c5809a727c38458e9a63b486cf83c504a24ff561d63a031d31e613f6ad50282 k8s.gcr.io/kube-cross:v1.10.2-1] 2076524551} {[mrdreambot/arm64-mysql@sha256:872464bd31f5db2ecfce15824c80a0b78ace914e80e78a0e98d2d9ef7e8bbb79 mrdreambot/arm64-mysql:latest] 529883867} {[bobsense/mysql@sha256:a20cd35207c46b0400ac48fdf21ebb8e432fa5b597eb5f4b6ec6a634ecc26a8a bobsense/mysql:latest] 529882429} {[mariadb@sha256:358f6b50afd9c25707e97869f0c57de802c53973a90a2ff49e283501fccce1b2 mariadb:10.1.14] 387643618} {[wordpress@sha256:b0460dba11737144b232a7794403d4052982f2332caeea82f618fc98d0547387 wordpress:latest] 367973768} {[mariadb@sha256:edef80de393cf4a79504168c663f8b0c6b15060333e5a7d7aee3dc0a4de6e927 mariadb:latest] 348940495} {[hyperhq/mariadb-arm64v8@sha256:bcf8c747e35eddfcd36ffc6011b00ececb56fe467afb290280d80709299fd80d hyperhq/mariadb-arm64v8:10.3-1] 348507360} {[hyperhq/mariadb-arm64v8:10.3] 348507300} {[hyperhq/mariadb-arm64v8@sha256:720d233b09adbea084c15cfa4909008a2df201b300b10c9fd39464bce60af0db hyperhq/mariadb-arm64v8:10.3-2] 348507153} {[bobsense/nginx-arm64@sha256:224f3b5fd469754e5e701bedd28c633c92ba21c00d2b0e9376eaa4adb38b5603 bobsense/nginx-arm64:latest] 338655564} {[gcr.io/google-samples/gb-frontend-arm64@sha256:9587be21f54a9dc04e1f37b83a9d120231b205385d8deba0682d6fb22088e7c9 gcr.io/google-samples/gb-frontend-arm64:v5] 337228898} {[lsioarmhf/mariadb-aarch64@sha256:b2a1bd89d60c579f07ae1837280a2b3b5f35f11f756b9aa61e6a025af03ddf87 lsioarmhf/mariadb-aarch64:latest] 327268490} {[ebspace/aarch64-mysql@sha256:d9f5f5d222a155c930e3837976b5b457e48c000cf34e6919d0f8a0b73dc39965 ebspace/aarch64-mysql:latest] 262591608} {[tobi312/rpi-mysql@sha256:2f0b069765901afbb162838359778088b8d9fdba30b201d5cf51381ec008802a tobi312/rpi-mysql:latest] 256067342} {[k8s.gcr.io/volume-nfs@sha256:83ba87be13a6f74361601c8614527e186ca67f49091e2d0d4ae8a8da67c403ee k8s.gcr.io/volume-nfs:0.8] 247146979} {[postgres@sha256:d9c44f9fc460dd8962c388eacf88a0e252b858ccdf33bc223f68112617e81fc9 postgres:10] 233845668} {[k8s.gcr.io/etcd-arm64@sha256:f0b7368ebb28e6226ab3b4dbce4b5c6d77dab7b5f6579b08fd645c00f7b100ff k8s.gcr.io/etcd-arm64:3.2.18] 229927444} {[k8s.gcr.io/kube-apiserver-arm64@sha256:5c77134dc174453fc0d900ee5cdcb7b488131a0edb934ae8e859a263f8ee55da k8s.gcr.io/kube-apiserver-arm64:v1.10.4] 218561963} {[k8s.gcr.io/kube-apiserver-arm64@sha256:ab41e3e38792750fa122dbeacf7d0d3d52b7ccc466f254c460733846da0ce0c9 k8s.gcr.io/kube-apiserver-arm64:v1.10.3] 218559018} {[hypriot/rpi-mysql@sha256:c1567c885cf560da66a647f91f7e16bfeea2968895f859b5732583a8db3570ea hypriot/rpi-mysql:latest] 209339591} {[gcr.io/kubernetes-e2e-test-images/jessie-dnsutils-arm64@sha256:92105b23ab1bcc1f72b7deeb4b7d72b27b4ba9a47b292fbd4f58f4080f0621a2 gcr.io/kubernetes-e2e-test-images/jessie-dnsutils-arm64:1.0] 193983470} {[k8s.gcr.io/kube-apiserver-arm64@sha256:31fa4a96f582953034fb2906bd2e557620943ebaa2c2f74ee719c89a9bffb0d4 k8s.gcr.io/kube-apiserver-arm64:v1.11.2] 185805939} {[k8s.gcr.io/etcd-arm64@sha256:c6418130352f3632f3858ff466f7fdcde5c2867d9471f40dbb99227ccbb6d458 k8s.gcr.io/etcd-arm64:3.1.12] 180941491} {[functions/faas-netesd@sha256:05072b13c8127d53b48466f6b16beae997ff008e13a74cdb5da64ca2f5708062 functions/faas-netesd:arm64-0.3-alpha6] 154407667} {[k8s.gcr.io/kube-controller-manager-arm64@sha256:af5e55e15e5ab06999716ef72792b0abed63c9fc972db99120b2c40febaf69a7 k8s.gcr.io/kube-controller-manager-arm64:v1.11.2] 153069058} {[functions/faas-netesd@sha256:0903fd0a2c6010fcef6f42eda8fdc22bf4aecc31571b7ab6f461041497f34aa4 functions/faas-netesd:0.4.3-arm64] 148751197} {[k8s.gcr.io/kube-controller-manager-arm64@sha256:138de23ccbdfab3f4e76e05c290aab26c9127a853db8a0cbc2d816b31d5aebbd k8s.gcr.io/kube-controller-manager-arm64:v1.10.4] 142046988} {[k8s.gcr.io/kube-controller-manager-arm64@sha256:4f99bac50d84f8757ef06d06e68eee0aa042fdb5969c300d23ad1ae3b1f914f5 k8s.gcr.io/kube-controller-manager-arm64:v1.10.3] 142046537} {[weaveworks/weave-kube@sha256:3c45b339ab2dc9c11c9c745e44afce27806dc1d8ecd1da84a88deb36756ac713 weaveworks/weave-kube:2.4.0] 131119125} {[k8s.gcr.io/nginx-slim-arm64@sha256:b95f8bebdc6d8a7b65f5954aa5aaea3209ad8a6af5261cf3c8cae0c0a1c0fb79 k8s.gcr.io/nginx-slim-arm64:0.27] 126129565} {[k8s.gcr.io/nginx-slim-arm64@sha256:ef47cf0719891fe4b84467af77f8e13618b05965b6663945411e1e11c15ffa14 k8s.gcr.io/nginx-slim-arm64:0.26] 126125347} {[hyperhq/postgres-wordpress-arm:latest] 110592210} {[wordpress@sha256:3c22b14d0269bd50b2011f6d749d8bee68e328167f774bef8bf11f5878a6035d wordpress:4.9-fpm-alpine] 107828983} {[functions/gateway@sha256:01aea2775bb40d69588d2c6e83e8b9ea5009b9f405b140e643eb4be2a775814d functions/gateway:arm64-0.6.6-beta2] 106004910} {[k8s.gcr.io/kube-proxy-arm64@sha256:3bb2bfdc016ae46d131af74040bec2c48134c733ae90fead4da3568014fb450a k8s.gcr.io/kube-proxy-arm64:v1.11.2] 102835336} {[nginx@sha256:3e2ffcf0edca2a4e9b24ca442d227baea7b7f0e33ad654ef1eb806fbd9bedcf0 nginx:latest] 102594503} {[k8s.gcr.io/kube-proxy-arm64@sha256:f024ad81abe8b9bf473c0b8ff5c96723505b8a592379d606038499f8a77f663b k8s.gcr.io/kube-proxy-arm64:v1.10.4] 100601489} {[k8s.gcr.io/kube-proxy-arm64@sha256:b21badcd0799bb7495ebcbc17557861384da1eac42d6527937a8aaed0c329d6c k8s.gcr.io/kube-proxy-arm64:v1.10.3] 100598796} {[k8s.gcr.io/echoserver@sha256:d2a8af33e4e6dc7f18fc8d0cd345b2c893922083c6e2c2cbf24a2efcaa7aa3ba k8s.gcr.io/echoserver:1.6] 95247805} {[gcr.io/google-samples/gb-redisslave-arm64@sha256:2420127acd816ebbdbaa33cab372493859c1d40b3a2d5d6fc05bc38887ad9511 gcr.io/google-samples/gb-redisslave-arm64:v2] 94082700} {[nginx@sha256:e3456c851a152494c3e4ff5fcc26f240206abac0c9d794affb40e0714846c451 nginx:1.7.9] 91641000} {[&lt;none&gt;@&lt;none&gt; &lt;none&gt;:&lt;none&gt;] 76567645} {[ubuntu@sha256:3f119dc0737f57f704ebecac8a6d8477b0f6ca1ca0332c7ee1395ed2c6a82be7 ubuntu:bionic] 76171071} {[k8s.gcr.io/kube-scheduler-arm64@sha256:3ece3012cc6fedf5193fd1c80aee4b6da2835098b7799d4940fb4a79fc1be0ee k8s.gcr.io/kube-scheduler-arm64:v1.11.2] 56216691} {[weaveworks/weave-npc@sha256:715b03e14874355f1f793f7bc11d843a00b390b2806bd996f1e47e8acb1020aa weaveworks/weave-npc:2.4.0] 51096437} {[k8s.gcr.io/k8s-dns-kube-dns-arm64@sha256:9bcc8fda237765f8b8f8fdf5af220b856adbc8b56d72dc4f336d44510d1749d9 k8s.gcr.io/k8s-dns-kube-dns-arm64:1.14.8] 49350613} {[k8s.gcr.io/kube-scheduler-arm64@sha256:fbff009828de95e14856325ebcfc6e1c0cdb456a052c62ba0c64221773c68686 k8s.gcr.io/kube-scheduler-arm64:v1.10.4] 48502539} {[k8s.gcr.io/kube-scheduler-arm64@sha256:6847ebb67c5a2928d8997d98001eb107a50601e85e07c3245f72b14df4518616 k8s.gcr.io/kube-scheduler-arm64:v1.10.3] 48434682} {[k8s.gcr.io/k8s-dns-dnsmasq-nanny-arm64@sha256:35ac228d45ab5f4209f25317506fa53b762f6d8ad333d1ff795393fa6e97b29c k8s.gcr.io/k8s-dns-dnsmasq-nanny-arm64:1.14.8] 42547598} {[k8s.gcr.io/k8s-dns-sidecar-arm64@sha256:b2c1e4e04d77ed564e918ebd16443dfb2217653b58293e616e36f034068d6da3 k8s.gcr.io/k8s-dns-sidecar-arm64:1.14.8] 41256276}],VolumesInUse:[],VolumesAttached:[],Config:nil,},}&#xA;Sep 10 03:46:42.620: INFO: &#xA;Logging kubelet events for node node3&#xA;Sep 10 03:46:42.624: INFO: &#xA;Logging pods the kubelet thinks is on node node3&#xA;Sep 10 03:46:42.635: INFO: coredns-78fcdf6894-f55jj started at 2018-09-01 03:57:03 +0000 UTC (0+1 container statuses recorded)&#xA;Sep 10 03:46:42.635: INFO: &#x9;Container coredns ready: true, restart count 2&#xA;Sep 10 03:46:42.635: INFO: weave-net-qrwm8 started at 2018-09-01 03:55:38 +0000 UTC (0+2 container statuses recorded)&#xA;Sep 10 03:46:42.635: INFO: &#x9;Container weave ready: true, restart count 4&#xA;Sep 10 03:46:42.635: INFO: &#x9;Container weave-npc ready: true, restart count 2&#xA;Sep 10 03:46:42.635: INFO: kube-apiserver-node3 started at &lt;nil&gt; (0+0 container statuses recorded)&#xA;Sep 10 03:46:42.635: INFO: kube-controller-manager-node3 started at &lt;nil&gt; (0+0 container statuses recorded)&#xA;Sep 10 03:46:42.635: INFO: kube-scheduler-node3 started at &lt;nil&gt; (0+0 container statuses recorded)&#xA;Sep 10 03:46:42.635: INFO: kube-proxy-d6xgq started at 2018-09-01 03:55:38 +0000 UTC (0+1 container statuses recorded)&#xA;Sep 10 03:46:42.635: INFO: &#x9;Container kube-proxy ready: true, restart count 2&#xA;Sep 10 03:46:42.635: INFO: etcd-node3 started at &lt;nil&gt; (0+0 container statuses recorded)&#xA;Sep 10 03:46:42.635: INFO: coredns-78fcdf6894-vlxkz started at 2018-09-01 03:57:03 +0000 UTC (0+1 container statuses recorded)&#xA;Sep 10 03:46:42.635: INFO: &#x9;Container coredns ready: true, restart count 2&#xA;Sep 10 03:46:42.730: INFO: &#xA;Latency metrics for node node3&#xA;Sep 10 03:46:42.730: INFO: {Operation:stop_container Method:docker_operations_latency_microseconds Quantile:0.99 Latency:20.006218s}&#xA;Sep 10 03:46:42.730: INFO: {Operation:stop_container Method:docker_operations_latency_microseconds Quantile:0.9 Latency:20.003178s}&#xA;�[1mSTEP�[0m: Dumping a list of prepulled images on each node to file /e2e/image-puller.txt&#xA;Sep 10 03:46:42.737: INFO: Waiting up to 3m0s for all (but 0) nodes to be ready&#xA;�[1mSTEP�[0m: Destroying namespace &#34;e2e-tests-downward-api-qbllj&#34; for this suite.&#xA;Sep 10 03:46:48.757: INFO: Waiting up to 30s for server preferred namespaced resources to be successfully discovered&#xA;Sep 10 03:46:48.842: INFO: namespace: e2e-tests-downward-api-qbllj, resource: bindings, ignored listing per whitelist&#xA;Sep 10 03:46:48.890: INFO: namespace e2e-tests-downward-api-qbllj deletion completed in 6.14849706s&#xA;</system-out>
      </testcase>
      <testcase name="[sig-auth] [Feature:NodeAuthorizer] Getting an existing secret should exit with the Forbidden error" classname="Kubernetes e2e suite" time="0">
          <skipped></skipped>
      </testcase>
      <testcase name="[sig-scheduling] Rescheduler [Serial] should ensure that critical pod is scheduled in case there is no resources available" classname="Kubernetes e2e suite" time="0">
          <skipped></skipped>
      </testcase>
      <testcase name="[k8s.io] [sig-node] Security Context [Feature:SecurityContext] should support pod.Spec.SecurityContext.RunAsUser And pod.Spec.SecurityContext.RunAsGroup [Feature:RunAsGroup]" classname="Kubernetes e2e suite" time="0">
          <skipped></skipped>
      </testcase>
      <testcase name="[sig-instrumentation] Stackdriver Monitoring should have cluster metrics [Feature:StackdriverMonitoring]" classname="Kubernetes e2e suite" time="0">
          <skipped></skipped>
      </testcase>
      <testcase name="[sig-storage] Subpath [Volume type: hostPathSymlink] should unmount if pod is force deleted while kubelet is down [Disruptive][Slow]" classname="Kubernetes e2e suite" time="0">
          <skipped></skipped>
      </testcase>
      <testcase name="[sig-network] Loadbalancing: L7 GCE [Slow] [Feature:NEG] should conform to Ingress spec" classname="Kubernetes e2e suite" time="0">
          <skipped></skipped>
      </testcase>
      <testcase name="[sig-autoscaling] [HPA] Horizontal pod autoscaling (scale resource: Custom Metrics from Stackdriver) should scale down with External Metric with target average value from Stackdriver [Feature:CustomMetricsAutoscaling]" classname="Kubernetes e2e suite" time="0">
          <skipped></skipped>
      </testcase>
      <testcase name="[sig-storage] Subpath Atomic writer volumes should support subpaths with secret pod" classname="Kubernetes e2e suite" time="0">
          <skipped></skipped>
      </testcase>
      <testcase name="[sig-storage] Subpath [Volume type: hostPath] should support restarting containers using file as subpath [Slow]" classname="Kubernetes e2e suite" time="0">
          <skipped></skipped>
      </testcase>
      <testcase name="[sig-autoscaling] Cluster size autoscaling [Slow] shouldn&#39;t scale up when expendable pod is created [Feature:ClusterSizeAutoscalingScaleUp]" classname="Kubernetes e2e suite" time="0">
          <skipped></skipped>
      </testcase>
      <testcase name="[k8s.io] Variable Expansion should fail substituting values in a volume subpath with absolute path [Feature:VolumeSubpathEnvExpansion][NodeAlphaFeature:VolumeSubpathEnvExpansion][Slow]" classname="Kubernetes e2e suite" time="0">
          <skipped></skipped>
      </testcase>
      <testcase name="[sig-storage] Projected should be consumable from pods in volume as non-root with defaultMode and fsGroup set [NodeConformance] [Conformance]" classname="Kubernetes e2e suite" time="8.37323686"></testcase>
      <testcase name="[sig-storage] PersistentVolumes-local  [Volume type: blockfs] Set fsGroup for local volume should set same fsGroup for two pods simultaneously" classname="Kubernetes e2e suite" time="0">
          <skipped></skipped>
      </testcase>
      <testcase name="[sig-storage] Subpath [Volume type: hostPath] should fail if non-existent subpath is outside the volume [Slow]" classname="Kubernetes e2e suite" time="0">
          <skipped></skipped>
      </testcase>
      <testcase name="[sig-storage] Subpath Atomic writer volumes should support subpaths with projected pod" classname="Kubernetes e2e suite" time="0">
          <skipped></skipped>
      </testcase>
      <testcase name="[sig-storage] Subpath [Volume type: gluster] should support restarting containers using directory as subpath [Slow]" classname="Kubernetes e2e suite" time="0">
          <skipped></skipped>
      </testcase>
      <testcase name="[sig-storage] Pod Disks detach in a disrupted environment [Slow] [Disruptive] when pod is evicted" classname="Kubernetes e2e suite" time="0">
          <skipped></skipped>
      </testcase>
      <testcase name="[sig-network] Services should have session affinity work for service with type clusterIP" classname="Kubernetes e2e suite" time="0">
          <skipped></skipped>
      </testcase>
      <testcase name="[sig-cli] Kubectl client [k8s.io] Update Demo should scale a replication controller  [Conformance]" classname="Kubernetes e2e suite" time="31.6451975"></testcase>
      <testcase name="[sig-storage] Downward API volume should update labels on modification [NodeConformance] [Conformance]" classname="Kubernetes e2e suite" time="28.91221074"></testcase>
      <testcase name="[k8s.io] Cluster size autoscaler scalability [Slow] CA ignores unschedulable pods while scheduling schedulable pods [Feature:ClusterAutoscalerScalability6]" classname="Kubernetes e2e suite" time="0">
          <skipped></skipped>
      </testcase>
      <testcase name="[sig-network] Proxy version v1 should proxy logs on node using proxy subresource  [Conformance]" classname="Kubernetes e2e suite" time="6.46578738"></testcase>
      <testcase name="[sig-api-machinery] Garbage collector should keep the rc around until all its pods are deleted if the deleteOptions says so [Conformance]" classname="Kubernetes e2e suite" time="12.35431992"></testcase>
      <testcase name="[sig-network] Loadbalancing: L7 [Slow] Nginx should conform to Ingress spec" classname="Kubernetes e2e suite" time="0">
          <skipped></skipped>
      </testcase>
      <testcase name="[sig-apps] Network Partition [Disruptive] [Slow] [k8s.io] [Job] should create new pods when node is partitioned" classname="Kubernetes e2e suite" time="0">
          <skipped></skipped>
      </testcase>
      <testcase name="[sig-auth] [Feature:NodeAuthorizer] Getting an existing configmap should exit with the Forbidden error" classname="Kubernetes e2e suite" time="0">
          <skipped></skipped>
      </testcase>
      <testcase name="[sig-storage] PersistentVolumes-local  [Volume type: dir-link-bindmounted] Two pods mounting a local volume one after the other should be able to write from pod1 and read from pod2" classname="Kubernetes e2e suite" time="0">
          <skipped></skipped>
      </testcase>
      <testcase name="[sig-storage] [Serial] Volume metrics PVController should create unbound pvc count metrics for pvc controller after creating pvc only" classname="Kubernetes e2e suite" time="0">
          <skipped></skipped>
      </testcase>
      <testcase name="[sig-storage] Pod Disks schedule pods each with a PD, delete pod and verify detach [Slow] for read-only PD with pod delete grace period of &#34;immediate (0s)&#34;" classname="Kubernetes e2e suite" time="0">
          <skipped></skipped>
      </testcase>
      <testcase name="[sig-network] NetworkPolicy NetworkPolicy between server and client should enforce multiple, stacked policies with overlapping podSelectors [Feature:NetworkPolicy]" classname="Kubernetes e2e suite" time="0">
          <skipped></skipped>
      </testcase>
      <testcase name="[sig-storage] Subpath [Volume type: nfsPVC] should support readOnly file specified in the volumeMount" classname="Kubernetes e2e suite" time="0">
          <skipped></skipped>
      </testcase>
      <testcase name="[sig-service-catalog] [Feature:PodPreset] PodPreset should create a pod preset" classname="Kubernetes e2e suite" time="0">
          <skipped></skipped>
      </testcase>
      <testcase name="[k8s.io] [sig-node] kubelet [k8s.io] [sig-node] host cleanup with volume mounts [sig-storage][HostCleanup][Flaky] Host cleanup after disrupting NFS volume [NFS] after stopping the nfs-server and deleting the (sleeping) client pod, the NFS mount and the pod&#39;s UID directory should be removed." classname="Kubernetes e2e suite" time="0">
          <skipped></skipped>
      </testcase>
      <testcase name="[sig-apps] ReplicationController should adopt matching pods on creation" classname="Kubernetes e2e suite" time="0">
          <skipped></skipped>
      </testcase>
      <testcase name="[sig-auth] ServiceAccounts should ensure a single API token exists" classname="Kubernetes e2e suite" time="0">
          <skipped></skipped>
      </testcase>
      <testcase name="[sig-network] Networking Granular Checks: Services [Slow] should function for node-Service: udp" classname="Kubernetes e2e suite" time="0">
          <skipped></skipped>
      </testcase>
      <testcase name="[sig-storage] Volumes Azure Disk [Feature:Volumes] should be mountable [Slow]" classname="Kubernetes e2e suite" time="0">
          <skipped></skipped>
      </testcase>
      <testcase name="[sig-apps] CronJob should replace jobs when ReplaceConcurrent" classname="Kubernetes e2e suite" time="0">
          <skipped></skipped>
      </testcase>
      <testcase name="[sig-network] ESIPP [Slow] [DisabledForLargeClusters] should handle updates to ExternalTrafficPolicy field" classname="Kubernetes e2e suite" time="0">
          <skipped></skipped>
      </testcase>
      <testcase name="[sig-cli] Kubectl client [k8s.io] Kubectl create quota should reject quota with invalid scopes" classname="Kubernetes e2e suite" time="0">
          <skipped></skipped>
      </testcase>
      <testcase name="[sig-storage] Subpath [Volume type: nfs] should fail if subpath with backstepping is outside the volume [Slow]" classname="Kubernetes e2e suite" time="0">
          <skipped></skipped>
      </testcase>
      <testcase name="[sig-storage] ConfigMap should be consumable from pods in volume as non-root with FSGroup [NodeFeature:FSGroup]" classname="Kubernetes e2e suite" time="0">
          <skipped></skipped>
      </testcase>
      <testcase name="[sig-storage] Node Poweroff [Feature:vsphere] [Slow] [Disruptive] verify volume status after node power off" classname="Kubernetes e2e suite" time="0">
          <skipped></skipped>
      </testcase>
      <testcase name="[sig-storage] Subpath [Volume type: hostPathSymlink] should fail for new directories when readOnly specified in the volumeSource" classname="Kubernetes e2e suite" time="0">
          <skipped></skipped>
      </testcase>
      <testcase name="[sig-network] NetworkPolicy NetworkPolicy between server and client should support a &#39;default-deny&#39; policy [Feature:NetworkPolicy]" classname="Kubernetes e2e suite" time="0">
          <skipped></skipped>
      </testcase>
      <testcase name="[sig-storage] Volumes GlusterFS should be mountable" classname="Kubernetes e2e suite" time="0">
          <skipped></skipped>
      </testcase>
      <testcase name="[sig-storage] PersistentVolumes GCEPD should test that deleting a PVC before the pod does not cause pod deletion to fail on PD detach" classname="Kubernetes e2e suite" time="0">
          <skipped></skipped>
      </testcase>
      <testcase name="[sig-storage] Subpath [Volume type: nfs] should fail if subpath directory is outside the volume [Slow]" classname="Kubernetes e2e suite" time="0">
          <skipped></skipped>
      </testcase>
      <testcase name="[sig-network] Services should create endpoints for unready pods" classname="Kubernetes e2e suite" time="0">
          <skipped></skipped>
      </testcase>
      <testcase name="[sig-autoscaling] [HPA] Horizontal pod autoscaling (scale resource: Custom Metrics from Stackdriver) should scale down with Custom Metric of type Pod from Stackdriver with Prometheus [Feature:CustomMetricsAutoscaling]" classname="Kubernetes e2e suite" time="0">
          <skipped></skipped>
      </testcase>
      <testcase name="[sig-api-machinery] Garbage collector should support orphan deletion of custom resources" classname="Kubernetes e2e suite" time="0">
          <skipped></skipped>
      </testcase>
      <testcase name="[sig-cli] Kubectl client [k8s.io] Simple pod should support exec" classname="Kubernetes e2e suite" time="0">
          <skipped></skipped>
      </testcase>
      <testcase name="[sig-storage] PersistentVolumes NFS when invoking the Recycle reclaim policy should test that a PV becomes Available and is clean after the PVC is deleted." classname="Kubernetes e2e suite" time="0">
          <skipped></skipped>
      </testcase>
      <testcase name="[sig-scheduling] ResourceQuota should create a ResourceQuota and capture the life of a persistent volume claim with a storage class. [sig-storage]" classname="Kubernetes e2e suite" time="0">
          <skipped></skipped>
      </testcase>
      <testcase name="[k8s.io] [sig-node] Security Context [Feature:SecurityContext] should support seccomp default which is unconfined [Feature:Seccomp]" classname="Kubernetes e2e suite" time="0">
          <skipped></skipped>
      </testcase>
      <testcase name="[sig-autoscaling] Cluster size autoscaling [Slow] Should scale up GPU pool from 0 [GpuType:nvidia-tesla-p100] [Feature:ClusterSizeAutoscalingGpu]" classname="Kubernetes e2e suite" time="0">
          <skipped></skipped>
      </testcase>
      <testcase name="[sig-network] Networking should provide unchanging, static URL paths for kubernetes api services" classname="Kubernetes e2e suite" time="0">
          <skipped></skipped>
      </testcase>
      <testcase name="[sig-storage] Subpath [Volume type: emptyDir] should fail if non-existent subpath is outside the volume [Slow]" classname="Kubernetes e2e suite" time="0">
          <skipped></skipped>
      </testcase>
      <testcase name="[sig-storage] PersistentVolumes-local  [Volume type: dir-link] Two pods mounting a local volume at the same time should be able to write from pod1 and read from pod2" classname="Kubernetes e2e suite" time="0">
          <skipped></skipped>
      </testcase>
      <testcase name="[sig-scalability] Density [Feature:ManualPerformance] should allow starting 30 pods per node using {extensions Deployment} with 0 secrets, 2 configmaps and 0 daemons" classname="Kubernetes e2e suite" time="0">
          <skipped></skipped>
      </testcase>
      <testcase name="[sig-storage] Volume plugin streaming [Slow] iSCSI [Feature:Volumes] should write files of various sizes, verify size, validate content" classname="Kubernetes e2e suite" time="0">
          <skipped></skipped>
      </testcase>
      <testcase name="[k8s.io] Probing container should be restarted with a /healthz http liveness probe [NodeConformance] [Conformance]" classname="Kubernetes e2e suite" time="24.4044892"></testcase>
      <testcase name="[sig-scalability] Density [Feature:ManualPerformance] should allow starting 30 pods per node using { ReplicationController} with 0 secrets, 0 configmaps and 0 daemons with quotas" classname="Kubernetes e2e suite" time="0">
          <skipped></skipped>
      </testcase>
      <testcase name="[sig-storage] Subpath [Volume type: hostPathSymlink] should fail if subpath directory is outside the volume [Slow]" classname="Kubernetes e2e suite" time="0">
          <skipped></skipped>
      </testcase>
      <testcase name="[sig-storage] PersistentVolumes-local  [Volume type: dir-link] One pod requesting one prebound PVC should be able to mount volume and read from pod1" classname="Kubernetes e2e suite" time="0">
          <skipped></skipped>
      </testcase>
      <testcase name="[sig-api-machinery] Namespaces [Serial] should always delete fast (ALL of 100 namespaces in 150 seconds) [Feature:ComprehensiveNamespaceDraining]" classname="Kubernetes e2e suite" time="0">
          <skipped></skipped>
      </testcase>
      <testcase name="[sig-autoscaling] Cluster size autoscaling [Slow] Should scale down GPU pool from 1 [GpuType:nvidia-tesla-k80] [Feature:ClusterSizeAutoscalingGpu]" classname="Kubernetes e2e suite" time="0">
          <skipped></skipped>
      </testcase>
      <testcase name="[k8s.io] Probing container should be restarted with a exec &#34;cat /tmp/health&#34; liveness probe [NodeConformance] [Conformance]" classname="Kubernetes e2e suite" time="306.46832126">
          <failure type="Failure">/root/gopath/src/k8s.io/kubernetes/_output/local/go/src/k8s.io/kubernetes/test/e2e/framework/framework.go:684&#xA;starting pod liveness-exec in namespace e2e-tests-container-probe-nplmx&#xA;Expected error:&#xA;    &lt;*errors.errorString | 0x44200a3530&gt;: {&#xA;        s: &#34;timed out waiting for the condition&#34;,&#xA;    }&#xA;    timed out waiting for the condition&#xA;not to have occurred&#xA;/root/gopath/src/k8s.io/kubernetes/_output/local/go/src/k8s.io/kubernetes/test/e2e/common/container_probe.go:406</failure>
          <system-out>[BeforeEach] [k8s.io] Probing container&#xA;  /root/gopath/src/k8s.io/kubernetes/_output/local/go/src/k8s.io/kubernetes/test/e2e/framework/framework.go:141&#xA;�[1mSTEP�[0m: Creating a kubernetes client&#xA;Sep 10 03:48:41.048: INFO: &gt;&gt;&gt; kubeConfig: /etc/kubernetes/admin.conf&#xA;�[1mSTEP�[0m: Building a namespace api object&#xA;�[1mSTEP�[0m: Waiting for a default service account to be provisioned in namespace&#xA;[BeforeEach] [k8s.io] Probing container&#xA;  /root/gopath/src/k8s.io/kubernetes/_output/local/go/src/k8s.io/kubernetes/test/e2e/common/container_probe.go:48&#xA;[It] should be restarted with a exec &#34;cat /tmp/health&#34; liveness probe [NodeConformance] [Conformance]&#xA;  /root/gopath/src/k8s.io/kubernetes/_output/local/go/src/k8s.io/kubernetes/test/e2e/framework/framework.go:684&#xA;�[1mSTEP�[0m: Creating pod liveness-exec in namespace e2e-tests-container-probe-nplmx&#xA;Sep 10 03:53:41.234: INFO: Unexpected error occurred: timed out waiting for the condition&#xA;�[1mSTEP�[0m: deleting the pod&#xA;[AfterEach] [k8s.io] Probing container&#xA;  /root/gopath/src/k8s.io/kubernetes/_output/local/go/src/k8s.io/kubernetes/test/e2e/framework/framework.go:142&#xA;�[1mSTEP�[0m: Collecting events from namespace &#34;e2e-tests-container-probe-nplmx&#34;.&#xA;�[1mSTEP�[0m: Found 6 events.&#xA;Sep 10 03:53:41.252: INFO: At 2018-09-10 03:48:41 +0000 UTC - event for liveness-exec: {default-scheduler } Scheduled: Successfully assigned e2e-tests-container-probe-nplmx/liveness-exec to node3&#xA;Sep 10 03:53:41.252: INFO: At 2018-09-10 03:48:42 +0000 UTC - event for liveness-exec: {kubelet node3} Pulling: pulling image &#34;busybox&#34;&#xA;Sep 10 03:53:41.252: INFO: At 2018-09-10 03:48:48 +0000 UTC - event for liveness-exec: {kubelet node3} Failed: Failed to pull image &#34;busybox&#34;: rpc error: code = Unknown desc = Error while pulling image: Get https://index.docker.io/v1/repositories/library/busybox/images: http: error connecting to proxy http://192.168.2.109:8118: dial tcp 192.168.2.109:8118: getsockopt: no route to host&#xA;Sep 10 03:53:41.252: INFO: At 2018-09-10 03:48:48 +0000 UTC - event for liveness-exec: {kubelet node3} Failed: Error: ErrImagePull&#xA;Sep 10 03:53:41.253: INFO: At 2018-09-10 03:48:48 +0000 UTC - event for liveness-exec: {kubelet node3} BackOff: Back-off pulling image &#34;busybox&#34;&#xA;Sep 10 03:53:41.253: INFO: At 2018-09-10 03:48:48 +0000 UTC - event for liveness-exec: {kubelet node3} Failed: Error: ImagePullBackOff&#xA;Sep 10 03:53:41.266: INFO: POD                            NODE   PHASE    GRACE  CONDITIONS&#xA;Sep 10 03:53:41.266: INFO: coredns-78fcdf6894-f55jj       node3  Running         [{Initialized True 0001-01-01 00:00:00 +0000 UTC 2018-09-01 03:57:03 +0000 UTC  } {Ready True 0001-01-01 00:00:00 +0000 UTC 2018-09-07 08:42:02 +0000 UTC  } {ContainersReady True 0001-01-01 00:00:00 +0000 UTC 0001-01-01 00:00:00 +0000 UTC  } {PodScheduled True 0001-01-01 00:00:00 +0000 UTC 2018-09-01 03:57:03 +0000 UTC  }]&#xA;Sep 10 03:53:41.266: INFO: coredns-78fcdf6894-vlxkz       node3  Running         [{Initialized True 0001-01-01 00:00:00 +0000 UTC 2018-09-01 03:57:03 +0000 UTC  } {Ready True 0001-01-01 00:00:00 +0000 UTC 2018-09-07 08:42:02 +0000 UTC  } {ContainersReady True 0001-01-01 00:00:00 +0000 UTC 0001-01-01 00:00:00 +0000 UTC  } {PodScheduled True 0001-01-01 00:00:00 +0000 UTC 2018-09-01 03:57:03 +0000 UTC  }]&#xA;Sep 10 03:53:41.266: INFO: etcd-node3                     node3  Running         [{Initialized True 0001-01-01 00:00:00 +0000 UTC 2018-09-07 08:40:49 +0000 UTC  } {Ready True 0001-01-01 00:00:00 +0000 UTC 2018-09-07 08:40:51 +0000 UTC  } {ContainersReady True 0001-01-01 00:00:00 +0000 UTC 0001-01-01 00:00:00 +0000 UTC  } {PodScheduled True 0001-01-01 00:00:00 +0000 UTC 2018-09-07 08:40:49 +0000 UTC  }]&#xA;Sep 10 03:53:41.266: INFO: kube-apiserver-node3           node3  Running         [{Initialized True 0001-01-01 00:00:00 +0000 UTC 2018-09-07 08:40:49 +0000 UTC  } {Ready True 0001-01-01 00:00:00 +0000 UTC 2018-09-07 08:40:51 +0000 UTC  } {ContainersReady True 0001-01-01 00:00:00 +0000 UTC 0001-01-01 00:00:00 +0000 UTC  } {PodScheduled True 0001-01-01 00:00:00 +0000 UTC 2018-09-07 08:40:49 +0000 UTC  }]&#xA;Sep 10 03:53:41.266: INFO: kube-controller-manager-node3  node3  Running         [{Initialized True 0001-01-01 00:00:00 +0000 UTC 2018-09-07 08:40:49 +0000 UTC  } {Ready True 0001-01-01 00:00:00 +0000 UTC 2018-09-07 08:40:51 +0000 UTC  } {ContainersReady True 0001-01-01 00:00:00 +0000 UTC 0001-01-01 00:00:00 +0000 UTC  } {PodScheduled True 0001-01-01 00:00:00 +0000 UTC 2018-09-07 08:40:49 +0000 UTC  }]&#xA;Sep 10 03:53:41.267: INFO: kube-proxy-d6xgq               node3  Running         [{Initialized True 0001-01-01 00:00:00 +0000 UTC 2018-09-01 03:55:38 +0000 UTC  } {Ready True 0001-01-01 00:00:00 +0000 UTC 2018-09-07 08:41:32 +0000 UTC  } {ContainersReady True 0001-01-01 00:00:00 +0000 UTC 0001-01-01 00:00:00 +0000 UTC  } {PodScheduled True 0001-01-01 00:00:00 +0000 UTC 2018-09-01 03:55:38 +0000 UTC  }]&#xA;Sep 10 03:53:41.267: INFO: kube-scheduler-node3           node3  Running         [{Initialized True 0001-01-01 00:00:00 +0000 UTC 2018-09-07 08:40:50 +0000 UTC  } {Ready True 0001-01-01 00:00:00 +0000 UTC 2018-09-07 08:40:51 +0000 UTC  } {ContainersReady True 0001-01-01 00:00:00 +0000 UTC 0001-01-01 00:00:00 +0000 UTC  } {PodScheduled True 0001-01-01 00:00:00 +0000 UTC 2018-09-07 08:40:50 +0000 UTC  }]&#xA;Sep 10 03:53:41.267: INFO: weave-net-qrwm8                node3  Running         [{Initialized True 0001-01-01 00:00:00 +0000 UTC 2018-09-01 03:55:38 +0000 UTC  } {Ready True 0001-01-01 00:00:00 +0000 UTC 2018-09-07 08:41:59 +0000 UTC  } {ContainersReady True 0001-01-01 00:00:00 +0000 UTC 0001-01-01 00:00:00 +0000 UTC  } {PodScheduled True 0001-01-01 00:00:00 +0000 UTC 2018-09-01 03:55:38 +0000 UTC  }]&#xA;Sep 10 03:53:41.267: INFO: &#xA;Sep 10 03:53:41.272: INFO: &#xA;Logging node info for node node3&#xA;Sep 10 03:53:41.278: INFO: Node Info: &amp;Node{ObjectMeta:k8s_io_apimachinery_pkg_apis_meta_v1.ObjectMeta{Name:node3,GenerateName:,Namespace:,SelfLink:/api/v1/nodes/node3,UID:d76c0c97-ad9a-11e8-a7d7-1e59e086a4f1,ResourceVersion:512693,Generation:0,CreationTimestamp:2018-09-01 03:55:18 +0000 UTC,DeletionTimestamp:&lt;nil&gt;,DeletionGracePeriodSeconds:nil,Labels:map[string]string{beta.kubernetes.io/arch: arm64,beta.kubernetes.io/os: linux,kubernetes.io/hostname: node3,node-role.kubernetes.io/master: ,},Annotations:map[string]string{kubeadm.alpha.kubernetes.io/cri-socket: /var/run/dockershim.sock,node.alpha.kubernetes.io/ttl: 0,volumes.kubernetes.io/controller-managed-attach-detach: true,},OwnerReferences:[],Finalizers:[],ClusterName:,Initializers:nil,},Spec:NodeSpec{PodCIDR:10.244.0.0/24,DoNotUse_ExternalID:,ProviderID:,Unschedulable:false,Taints:[],ConfigSource:nil,},Status:NodeStatus{Capacity:ResourceList{cpu: {{16 0} {&lt;nil&gt;} 16 DecimalSI},ephemeral-storage: {{82538430464 0} {&lt;nil&gt;}  BinarySI},hugepages-2Mi: {{0 0} {&lt;nil&gt;} 0 DecimalSI},memory: {{67535159296 0} {&lt;nil&gt;}  BinarySI},pods: {{110 0} {&lt;nil&gt;} 110 DecimalSI},},Allocatable:ResourceList{cpu: {{16 0} {&lt;nil&gt;} 16 DecimalSI},ephemeral-storage: {{74284587295 0} {&lt;nil&gt;} 74284587295 DecimalSI},hugepages-2Mi: {{0 0} {&lt;nil&gt;} 0 DecimalSI},memory: {{67430301696 0} {&lt;nil&gt;}  BinarySI},pods: {{110 0} {&lt;nil&gt;} 110 DecimalSI},},Phase:,Conditions:[{NetworkUnavailable False 2018-09-07 08:42:01 +0000 UTC 2018-09-07 08:42:01 +0000 UTC WeaveIsUp Weave pod has set this} {OutOfDisk False 2018-09-10 03:53:34 +0000 UTC 2018-09-01 03:55:11 +0000 UTC KubeletHasSufficientDisk kubelet has sufficient disk space available} {MemoryPressure False 2018-09-10 03:53:34 +0000 UTC 2018-09-01 03:55:11 +0000 UTC KubeletHasSufficientMemory kubelet has sufficient memory available} {DiskPressure False 2018-09-10 03:53:34 +0000 UTC 2018-09-01 03:55:11 +0000 UTC KubeletHasNoDiskPressure kubelet has no disk pressure} {PIDPressure False 2018-09-10 03:53:34 +0000 UTC 2018-09-01 03:55:11 +0000 UTC KubeletHasSufficientPID kubelet has sufficient PID available} {Ready True 2018-09-10 03:53:34 +0000 UTC 2018-09-04 01:30:47 +0000 UTC KubeletReady kubelet is posting ready status}],Addresses:[{InternalIP 192.168.2.117} {Hostname node3}],DaemonEndpoints:NodeDaemonEndpoints{KubeletEndpoint:DaemonEndpoint{Port:10250,},},NodeInfo:NodeSystemInfo{MachineID:373be5c264ac4b78a49077a4b4ded99c,SystemUUID:373be5c264ac4b78a49077a4b4ded99c,BootID:fa7f8a19-3d16-419b-9318-394c7eac5519,KernelVersion:4.4.58-20171215.kylin.server.YUN+-generic,OSImage:Kylin 4.0.2,ContainerRuntimeVersion:docker://1.12.6,KubeletVersion:v1.11.2,KubeProxyVersion:v1.11.2,OperatingSystem:linux,Architecture:arm64,},Images:[{[k8s.gcr.io/kube-cross@sha256:0c5809a727c38458e9a63b486cf83c504a24ff561d63a031d31e613f6ad50282 k8s.gcr.io/kube-cross:v1.10.2-1] 2076524551} {[mrdreambot/arm64-mysql@sha256:872464bd31f5db2ecfce15824c80a0b78ace914e80e78a0e98d2d9ef7e8bbb79 mrdreambot/arm64-mysql:latest] 529883867} {[bobsense/mysql@sha256:a20cd35207c46b0400ac48fdf21ebb8e432fa5b597eb5f4b6ec6a634ecc26a8a bobsense/mysql:latest] 529882429} {[mariadb@sha256:358f6b50afd9c25707e97869f0c57de802c53973a90a2ff49e283501fccce1b2 mariadb:10.1.14] 387643618} {[wordpress@sha256:b0460dba11737144b232a7794403d4052982f2332caeea82f618fc98d0547387 wordpress:latest] 367973768} {[mariadb@sha256:edef80de393cf4a79504168c663f8b0c6b15060333e5a7d7aee3dc0a4de6e927 mariadb:latest] 348940495} {[hyperhq/mariadb-arm64v8@sha256:bcf8c747e35eddfcd36ffc6011b00ececb56fe467afb290280d80709299fd80d hyperhq/mariadb-arm64v8:10.3-1] 348507360} {[hyperhq/mariadb-arm64v8:10.3] 348507300} {[hyperhq/mariadb-arm64v8@sha256:720d233b09adbea084c15cfa4909008a2df201b300b10c9fd39464bce60af0db hyperhq/mariadb-arm64v8:10.3-2] 348507153} {[bobsense/nginx-arm64@sha256:224f3b5fd469754e5e701bedd28c633c92ba21c00d2b0e9376eaa4adb38b5603 bobsense/nginx-arm64:latest] 338655564} {[gcr.io/google-samples/gb-frontend-arm64@sha256:9587be21f54a9dc04e1f37b83a9d120231b205385d8deba0682d6fb22088e7c9 gcr.io/google-samples/gb-frontend-arm64:v5] 337228898} {[lsioarmhf/mariadb-aarch64@sha256:b2a1bd89d60c579f07ae1837280a2b3b5f35f11f756b9aa61e6a025af03ddf87 lsioarmhf/mariadb-aarch64:latest] 327268490} {[ebspace/aarch64-mysql@sha256:d9f5f5d222a155c930e3837976b5b457e48c000cf34e6919d0f8a0b73dc39965 ebspace/aarch64-mysql:latest] 262591608} {[tobi312/rpi-mysql@sha256:2f0b069765901afbb162838359778088b8d9fdba30b201d5cf51381ec008802a tobi312/rpi-mysql:latest] 256067342} {[k8s.gcr.io/volume-nfs@sha256:83ba87be13a6f74361601c8614527e186ca67f49091e2d0d4ae8a8da67c403ee k8s.gcr.io/volume-nfs:0.8] 247146979} {[postgres@sha256:d9c44f9fc460dd8962c388eacf88a0e252b858ccdf33bc223f68112617e81fc9 postgres:10] 233845668} {[k8s.gcr.io/etcd-arm64@sha256:f0b7368ebb28e6226ab3b4dbce4b5c6d77dab7b5f6579b08fd645c00f7b100ff k8s.gcr.io/etcd-arm64:3.2.18] 229927444} {[k8s.gcr.io/kube-apiserver-arm64@sha256:5c77134dc174453fc0d900ee5cdcb7b488131a0edb934ae8e859a263f8ee55da k8s.gcr.io/kube-apiserver-arm64:v1.10.4] 218561963} {[k8s.gcr.io/kube-apiserver-arm64@sha256:ab41e3e38792750fa122dbeacf7d0d3d52b7ccc466f254c460733846da0ce0c9 k8s.gcr.io/kube-apiserver-arm64:v1.10.3] 218559018} {[hypriot/rpi-mysql@sha256:c1567c885cf560da66a647f91f7e16bfeea2968895f859b5732583a8db3570ea hypriot/rpi-mysql:latest] 209339591} {[gcr.io/kubernetes-e2e-test-images/jessie-dnsutils-arm64@sha256:92105b23ab1bcc1f72b7deeb4b7d72b27b4ba9a47b292fbd4f58f4080f0621a2 gcr.io/kubernetes-e2e-test-images/jessie-dnsutils-arm64:1.0] 193983470} {[k8s.gcr.io/kube-apiserver-arm64@sha256:31fa4a96f582953034fb2906bd2e557620943ebaa2c2f74ee719c89a9bffb0d4 k8s.gcr.io/kube-apiserver-arm64:v1.11.2] 185805939} {[k8s.gcr.io/etcd-arm64@sha256:c6418130352f3632f3858ff466f7fdcde5c2867d9471f40dbb99227ccbb6d458 k8s.gcr.io/etcd-arm64:3.1.12] 180941491} {[functions/faas-netesd@sha256:05072b13c8127d53b48466f6b16beae997ff008e13a74cdb5da64ca2f5708062 functions/faas-netesd:arm64-0.3-alpha6] 154407667} {[k8s.gcr.io/kube-controller-manager-arm64@sha256:af5e55e15e5ab06999716ef72792b0abed63c9fc972db99120b2c40febaf69a7 k8s.gcr.io/kube-controller-manager-arm64:v1.11.2] 153069058} {[functions/faas-netesd@sha256:0903fd0a2c6010fcef6f42eda8fdc22bf4aecc31571b7ab6f461041497f34aa4 functions/faas-netesd:0.4.3-arm64] 148751197} {[k8s.gcr.io/kube-controller-manager-arm64@sha256:138de23ccbdfab3f4e76e05c290aab26c9127a853db8a0cbc2d816b31d5aebbd k8s.gcr.io/kube-controller-manager-arm64:v1.10.4] 142046988} {[k8s.gcr.io/kube-controller-manager-arm64@sha256:4f99bac50d84f8757ef06d06e68eee0aa042fdb5969c300d23ad1ae3b1f914f5 k8s.gcr.io/kube-controller-manager-arm64:v1.10.3] 142046537} {[weaveworks/weave-kube@sha256:3c45b339ab2dc9c11c9c745e44afce27806dc1d8ecd1da84a88deb36756ac713 weaveworks/weave-kube:2.4.0] 131119125} {[k8s.gcr.io/nginx-slim-arm64@sha256:b95f8bebdc6d8a7b65f5954aa5aaea3209ad8a6af5261cf3c8cae0c0a1c0fb79 k8s.gcr.io/nginx-slim-arm64:0.27] 126129565} {[k8s.gcr.io/nginx-slim-arm64@sha256:ef47cf0719891fe4b84467af77f8e13618b05965b6663945411e1e11c15ffa14 k8s.gcr.io/nginx-slim-arm64:0.26] 126125347} {[hyperhq/postgres-wordpress-arm:latest] 110592210} {[wordpress@sha256:3c22b14d0269bd50b2011f6d749d8bee68e328167f774bef8bf11f5878a6035d wordpress:4.9-fpm-alpine] 107828983} {[functions/gateway@sha256:01aea2775bb40d69588d2c6e83e8b9ea5009b9f405b140e643eb4be2a775814d functions/gateway:arm64-0.6.6-beta2] 106004910} {[k8s.gcr.io/kube-proxy-arm64@sha256:3bb2bfdc016ae46d131af74040bec2c48134c733ae90fead4da3568014fb450a k8s.gcr.io/kube-proxy-arm64:v1.11.2] 102835336} {[nginx@sha256:3e2ffcf0edca2a4e9b24ca442d227baea7b7f0e33ad654ef1eb806fbd9bedcf0 nginx:latest] 102594503} {[k8s.gcr.io/kube-proxy-arm64@sha256:f024ad81abe8b9bf473c0b8ff5c96723505b8a592379d606038499f8a77f663b k8s.gcr.io/kube-proxy-arm64:v1.10.4] 100601489} {[k8s.gcr.io/kube-proxy-arm64@sha256:b21badcd0799bb7495ebcbc17557861384da1eac42d6527937a8aaed0c329d6c k8s.gcr.io/kube-proxy-arm64:v1.10.3] 100598796} {[k8s.gcr.io/echoserver@sha256:d2a8af33e4e6dc7f18fc8d0cd345b2c893922083c6e2c2cbf24a2efcaa7aa3ba k8s.gcr.io/echoserver:1.6] 95247805} {[gcr.io/google-samples/gb-redisslave-arm64@sha256:2420127acd816ebbdbaa33cab372493859c1d40b3a2d5d6fc05bc38887ad9511 gcr.io/google-samples/gb-redisslave-arm64:v2] 94082700} {[nginx@sha256:e3456c851a152494c3e4ff5fcc26f240206abac0c9d794affb40e0714846c451 nginx:1.7.9] 91641000} {[&lt;none&gt;@&lt;none&gt; &lt;none&gt;:&lt;none&gt;] 76567645} {[ubuntu@sha256:3f119dc0737f57f704ebecac8a6d8477b0f6ca1ca0332c7ee1395ed2c6a82be7 ubuntu:bionic] 76171071} {[k8s.gcr.io/kube-scheduler-arm64@sha256:3ece3012cc6fedf5193fd1c80aee4b6da2835098b7799d4940fb4a79fc1be0ee k8s.gcr.io/kube-scheduler-arm64:v1.11.2] 56216691} {[weaveworks/weave-npc@sha256:715b03e14874355f1f793f7bc11d843a00b390b2806bd996f1e47e8acb1020aa weaveworks/weave-npc:2.4.0] 51096437} {[k8s.gcr.io/k8s-dns-kube-dns-arm64@sha256:9bcc8fda237765f8b8f8fdf5af220b856adbc8b56d72dc4f336d44510d1749d9 k8s.gcr.io/k8s-dns-kube-dns-arm64:1.14.8] 49350613} {[k8s.gcr.io/kube-scheduler-arm64@sha256:fbff009828de95e14856325ebcfc6e1c0cdb456a052c62ba0c64221773c68686 k8s.gcr.io/kube-scheduler-arm64:v1.10.4] 48502539} {[k8s.gcr.io/kube-scheduler-arm64@sha256:6847ebb67c5a2928d8997d98001eb107a50601e85e07c3245f72b14df4518616 k8s.gcr.io/kube-scheduler-arm64:v1.10.3] 48434682} {[k8s.gcr.io/k8s-dns-dnsmasq-nanny-arm64@sha256:35ac228d45ab5f4209f25317506fa53b762f6d8ad333d1ff795393fa6e97b29c k8s.gcr.io/k8s-dns-dnsmasq-nanny-arm64:1.14.8] 42547598} {[k8s.gcr.io/k8s-dns-sidecar-arm64@sha256:b2c1e4e04d77ed564e918ebd16443dfb2217653b58293e616e36f034068d6da3 k8s.gcr.io/k8s-dns-sidecar-arm64:1.14.8] 41256276}],VolumesInUse:[],VolumesAttached:[],Config:nil,},}&#xA;Sep 10 03:53:41.278: INFO: &#xA;Logging kubelet events for node node3&#xA;Sep 10 03:53:41.283: INFO: &#xA;Logging pods the kubelet thinks is on node node3&#xA;Sep 10 03:53:41.298: INFO: weave-net-qrwm8 started at 2018-09-01 03:55:38 +0000 UTC (0+2 container statuses recorded)&#xA;Sep 10 03:53:41.298: INFO: &#x9;Container weave ready: true, restart count 4&#xA;Sep 10 03:53:41.298: INFO: &#x9;Container weave-npc ready: true, restart count 2&#xA;Sep 10 03:53:41.298: INFO: coredns-78fcdf6894-f55jj started at 2018-09-01 03:57:03 +0000 UTC (0+1 container statuses recorded)&#xA;Sep 10 03:53:41.299: INFO: &#x9;Container coredns ready: true, restart count 2&#xA;Sep 10 03:53:41.299: INFO: kube-scheduler-node3 started at &lt;nil&gt; (0+0 container statuses recorded)&#xA;Sep 10 03:53:41.299: INFO: kube-proxy-d6xgq started at 2018-09-01 03:55:38 +0000 UTC (0+1 container statuses recorded)&#xA;Sep 10 03:53:41.299: INFO: &#x9;Container kube-proxy ready: true, restart count 2&#xA;Sep 10 03:53:41.299: INFO: etcd-node3 started at &lt;nil&gt; (0+0 container statuses recorded)&#xA;Sep 10 03:53:41.299: INFO: kube-apiserver-node3 started at &lt;nil&gt; (0+0 container statuses recorded)&#xA;Sep 10 03:53:41.299: INFO: kube-controller-manager-node3 started at &lt;nil&gt; (0+0 container statuses recorded)&#xA;Sep 10 03:53:41.299: INFO: coredns-78fcdf6894-vlxkz started at 2018-09-01 03:57:03 +0000 UTC (0+1 container statuses recorded)&#xA;Sep 10 03:53:41.299: INFO: &#x9;Container coredns ready: true, restart count 2&#xA;Sep 10 03:53:41.358: INFO: &#xA;Latency metrics for node node3&#xA;Sep 10 03:53:41.358: INFO: {Operation:stop_container Method:docker_operations_latency_microseconds Quantile:0.99 Latency:20.006325s}&#xA;Sep 10 03:53:41.358: INFO: {Operation:stop_container Method:docker_operations_latency_microseconds Quantile:0.9 Latency:20.00334s}&#xA;�[1mSTEP�[0m: Dumping a list of prepulled images on each node to file /e2e/image-puller.txt&#xA;Sep 10 03:53:41.364: INFO: Waiting up to 3m0s for all (but 0) nodes to be ready&#xA;�[1mSTEP�[0m: Destroying namespace &#34;e2e-tests-container-probe-nplmx&#34; for this suite.&#xA;Sep 10 03:53:47.385: INFO: Waiting up to 30s for server preferred namespaced resources to be successfully discovered&#xA;Sep 10 03:53:47.412: INFO: namespace: e2e-tests-container-probe-nplmx, resource: bindings, ignored listing per whitelist&#xA;Sep 10 03:53:47.516: INFO: namespace e2e-tests-container-probe-nplmx deletion completed in 6.14654528s&#xA;</system-out>
      </testcase>
      <testcase name="[sig-storage] Projected should provide container&#39;s cpu limit [NodeConformance] [Conformance]" classname="Kubernetes e2e suite" time="8.37123084"></testcase>
      <testcase name="[sig-scheduling] SchedulerPriorities [Serial] Pod should be schedule to node that don&#39;t match the PodAntiAffinity terms" classname="Kubernetes e2e suite" time="0">
          <skipped></skipped>
      </testcase>
      <testcase name="[sig-apps] DisruptionController evictions: too few pods, absolute =&gt; should not allow an eviction" classname="Kubernetes e2e suite" time="0">
          <skipped></skipped>
      </testcase>
      <testcase name="[k8s.io] InitContainer [NodeConformance] should not start app containers and fail the pod if init containers fail on a RestartNever pod" classname="Kubernetes e2e suite" time="0">
          <skipped></skipped>
      </testcase>
      <testcase name="[sig-apps] Job should exceed active deadline" classname="Kubernetes e2e suite" time="0">
          <skipped></skipped>
      </testcase>
      <testcase name="[sig-autoscaling] [HPA] Horizontal pod autoscaling (scale resource: Custom Metrics from Stackdriver) should scale down with Custom Metric of type Object from Stackdriver [Feature:CustomMetricsAutoscaling]" classname="Kubernetes e2e suite" time="0">
          <skipped></skipped>
      </testcase>
      <testcase name="[sig-storage] PersistentVolumes-local  [Volume type: dir] Two pods mounting a local volume at the same time should be able to write from pod1 and read from pod2" classname="Kubernetes e2e suite" time="0">
          <skipped></skipped>
      </testcase>
      <testcase name="[sig-api-machinery] ConfigMap should be consumable via environment variable [NodeConformance] [Conformance]" classname="Kubernetes e2e suite" time="309.27009544">
          <failure type="Failure">/root/gopath/src/k8s.io/kubernetes/_output/local/go/src/k8s.io/kubernetes/test/e2e/framework/framework.go:684&#xA;Expected error:&#xA;    &lt;*errors.errorString | 0x4421252880&gt;: {&#xA;        s: &#34;expected pod \&#34;pod-configmaps-23f6e6ec-b4ad-11e8-bc45-00073e906c7f\&#34; success: Gave up after waiting 5m0s for pod \&#34;pod-configmaps-23f6e6ec-b4ad-11e8-bc45-00073e906c7f\&#34; to be \&#34;success or failure\&#34;&#34;,&#xA;    }&#xA;    expected pod &#34;pod-configmaps-23f6e6ec-b4ad-11e8-bc45-00073e906c7f&#34; success: Gave up after waiting 5m0s for pod &#34;pod-configmaps-23f6e6ec-b4ad-11e8-bc45-00073e906c7f&#34; to be &#34;success or failure&#34;&#xA;not to have occurred&#xA;/root/gopath/src/k8s.io/kubernetes/_output/local/go/src/k8s.io/kubernetes/test/e2e/framework/util.go:2325</failure>
          <system-out>[BeforeEach] [sig-api-machinery] ConfigMap&#xA;  /root/gopath/src/k8s.io/kubernetes/_output/local/go/src/k8s.io/kubernetes/test/e2e/framework/framework.go:141&#xA;�[1mSTEP�[0m: Creating a kubernetes client&#xA;Sep 10 03:53:55.888: INFO: &gt;&gt;&gt; kubeConfig: /etc/kubernetes/admin.conf&#xA;�[1mSTEP�[0m: Building a namespace api object&#xA;�[1mSTEP�[0m: Waiting for a default service account to be provisioned in namespace&#xA;[It] should be consumable via environment variable [NodeConformance] [Conformance]&#xA;  /root/gopath/src/k8s.io/kubernetes/_output/local/go/src/k8s.io/kubernetes/test/e2e/framework/framework.go:684&#xA;�[1mSTEP�[0m: Creating configMap e2e-tests-configmap-skghf/configmap-test-23f61c04-b4ad-11e8-bc45-00073e906c7f&#xA;�[1mSTEP�[0m: Creating a pod to test consume configMaps&#xA;Sep 10 03:53:56.061: INFO: Waiting up to 5m0s for pod &#34;pod-configmaps-23f6e6ec-b4ad-11e8-bc45-00073e906c7f&#34; in namespace &#34;e2e-tests-configmap-skghf&#34; to be &#34;success or failure&#34;&#xA;Sep 10 03:53:56.065: INFO: Pod &#34;pod-configmaps-23f6e6ec-b4ad-11e8-bc45-00073e906c7f&#34;: Phase=&#34;Pending&#34;, Reason=&#34;&#34;, readiness=false. Elapsed: 4.61134ms&#xA;Sep 10 03:53:58.071: INFO: Pod &#34;pod-configmaps-23f6e6ec-b4ad-11e8-bc45-00073e906c7f&#34;: Phase=&#34;Pending&#34;, Reason=&#34;&#34;, readiness=false. Elapsed: 2.009925s&#xA;Sep 10 03:54:00.076: INFO: Pod &#34;pod-configmaps-23f6e6ec-b4ad-11e8-bc45-00073e906c7f&#34;: Phase=&#34;Pending&#34;, Reason=&#34;&#34;, readiness=false. Elapsed: 4.01494346s&#xA;Sep 10 03:54:02.081: INFO: Pod &#34;pod-configmaps-23f6e6ec-b4ad-11e8-bc45-00073e906c7f&#34;: Phase=&#34;Pending&#34;, Reason=&#34;&#34;, readiness=false. Elapsed: 6.01990162s&#xA;Sep 10 03:54:04.086: INFO: Pod &#34;pod-configmaps-23f6e6ec-b4ad-11e8-bc45-00073e906c7f&#34;: Phase=&#34;Pending&#34;, Reason=&#34;&#34;, readiness=false. Elapsed: 8.0250147s&#xA;Sep 10 03:54:06.091: INFO: Pod &#34;pod-configmaps-23f6e6ec-b4ad-11e8-bc45-00073e906c7f&#34;: Phase=&#34;Pending&#34;, Reason=&#34;&#34;, readiness=false. Elapsed: 10.03000078s&#xA;Sep 10 03:54:08.096: INFO: Pod &#34;pod-configmaps-23f6e6ec-b4ad-11e8-bc45-00073e906c7f&#34;: Phase=&#34;Pending&#34;, Reason=&#34;&#34;, readiness=false. Elapsed: 12.03529356s&#xA;Sep 10 03:54:10.101: INFO: Pod &#34;pod-configmaps-23f6e6ec-b4ad-11e8-bc45-00073e906c7f&#34;: Phase=&#34;Pending&#34;, Reason=&#34;&#34;, readiness=false. Elapsed: 14.04027572s&#xA;Sep 10 03:54:12.106: INFO: Pod &#34;pod-configmaps-23f6e6ec-b4ad-11e8-bc45-00073e906c7f&#34;: Phase=&#34;Pending&#34;, Reason=&#34;&#34;, readiness=false. Elapsed: 16.04522884s&#xA;Sep 10 03:54:14.111: INFO: Pod &#34;pod-configmaps-23f6e6ec-b4ad-11e8-bc45-00073e906c7f&#34;: Phase=&#34;Pending&#34;, Reason=&#34;&#34;, readiness=false. Elapsed: 18.05034936s&#xA;Sep 10 03:54:16.116: INFO: Pod &#34;pod-configmaps-23f6e6ec-b4ad-11e8-bc45-00073e906c7f&#34;: Phase=&#34;Pending&#34;, Reason=&#34;&#34;, readiness=false. Elapsed: 20.05559528s&#xA;Sep 10 03:54:18.121: INFO: Pod &#34;pod-configmaps-23f6e6ec-b4ad-11e8-bc45-00073e906c7f&#34;: Phase=&#34;Pending&#34;, Reason=&#34;&#34;, readiness=false. Elapsed: 22.0607927s&#xA;Sep 10 03:54:20.127: INFO: Pod &#34;pod-configmaps-23f6e6ec-b4ad-11e8-bc45-00073e906c7f&#34;: Phase=&#34;Pending&#34;, Reason=&#34;&#34;, readiness=false. Elapsed: 24.06596196s&#xA;Sep 10 03:54:22.132: INFO: Pod &#34;pod-configmaps-23f6e6ec-b4ad-11e8-bc45-00073e906c7f&#34;: Phase=&#34;Pending&#34;, Reason=&#34;&#34;, readiness=false. Elapsed: 26.07098706s&#xA;Sep 10 03:54:24.137: INFO: Pod &#34;pod-configmaps-23f6e6ec-b4ad-11e8-bc45-00073e906c7f&#34;: Phase=&#34;Pending&#34;, Reason=&#34;&#34;, readiness=false. Elapsed: 28.07591788s&#xA;Sep 10 03:54:26.141: INFO: Pod &#34;pod-configmaps-23f6e6ec-b4ad-11e8-bc45-00073e906c7f&#34;: Phase=&#34;Pending&#34;, Reason=&#34;&#34;, readiness=false. Elapsed: 30.08073998s&#xA;Sep 10 03:54:28.146: INFO: Pod &#34;pod-configmaps-23f6e6ec-b4ad-11e8-bc45-00073e906c7f&#34;: Phase=&#34;Pending&#34;, Reason=&#34;&#34;, readiness=false. Elapsed: 32.08576902s&#xA;Sep 10 03:54:30.151: INFO: Pod &#34;pod-configmaps-23f6e6ec-b4ad-11e8-bc45-00073e906c7f&#34;: Phase=&#34;Pending&#34;, Reason=&#34;&#34;, readiness=false. Elapsed: 34.09071472s&#xA;Sep 10 03:54:32.156: INFO: Pod &#34;pod-configmaps-23f6e6ec-b4ad-11e8-bc45-00073e906c7f&#34;: Phase=&#34;Pending&#34;, Reason=&#34;&#34;, readiness=false. Elapsed: 36.09563054s&#xA;Sep 10 03:54:34.161: INFO: Pod &#34;pod-configmaps-23f6e6ec-b4ad-11e8-bc45-00073e906c7f&#34;: Phase=&#34;Pending&#34;, Reason=&#34;&#34;, readiness=false. Elapsed: 38.10065884s&#xA;Sep 10 03:54:36.166: INFO: Pod &#34;pod-configmaps-23f6e6ec-b4ad-11e8-bc45-00073e906c7f&#34;: Phase=&#34;Pending&#34;, Reason=&#34;&#34;, readiness=false. Elapsed: 40.10580576s&#xA;Sep 10 03:54:38.171: INFO: Pod &#34;pod-configmaps-23f6e6ec-b4ad-11e8-bc45-00073e906c7f&#34;: Phase=&#34;Pending&#34;, Reason=&#34;&#34;, readiness=false. Elapsed: 42.11064176s&#xA;Sep 10 03:54:40.176: INFO: Pod &#34;pod-configmaps-23f6e6ec-b4ad-11e8-bc45-00073e906c7f&#34;: Phase=&#34;Pending&#34;, Reason=&#34;&#34;, readiness=false. Elapsed: 44.1155162s&#xA;Sep 10 03:54:42.181: INFO: Pod &#34;pod-configmaps-23f6e6ec-b4ad-11e8-bc45-00073e906c7f&#34;: Phase=&#34;Pending&#34;, Reason=&#34;&#34;, readiness=false. Elapsed: 46.12041918s&#xA;Sep 10 03:54:44.186: INFO: Pod &#34;pod-configmaps-23f6e6ec-b4ad-11e8-bc45-00073e906c7f&#34;: Phase=&#34;Pending&#34;, Reason=&#34;&#34;, readiness=false. Elapsed: 48.12543672s&#xA;Sep 10 03:54:46.191: INFO: Pod &#34;pod-configmaps-23f6e6ec-b4ad-11e8-bc45-00073e906c7f&#34;: Phase=&#34;Pending&#34;, Reason=&#34;&#34;, readiness=false. Elapsed: 50.13041928s&#xA;Sep 10 03:54:48.196: INFO: Pod &#34;pod-configmaps-23f6e6ec-b4ad-11e8-bc45-00073e906c7f&#34;: Phase=&#34;Pending&#34;, Reason=&#34;&#34;, readiness=false. Elapsed: 52.13538786s&#xA;Sep 10 03:54:50.201: INFO: Pod &#34;pod-configmaps-23f6e6ec-b4ad-11e8-bc45-00073e906c7f&#34;: Phase=&#34;Pending&#34;, Reason=&#34;&#34;, readiness=false. Elapsed: 54.14023746s&#xA;Sep 10 03:54:52.206: INFO: Pod &#34;pod-configmaps-23f6e6ec-b4ad-11e8-bc45-00073e906c7f&#34;: Phase=&#34;Pending&#34;, Reason=&#34;&#34;, readiness=false. Elapsed: 56.14509516s&#xA;Sep 10 03:54:54.211: INFO: Pod &#34;pod-configmaps-23f6e6ec-b4ad-11e8-bc45-00073e906c7f&#34;: Phase=&#34;Pending&#34;, Reason=&#34;&#34;, readiness=false. Elapsed: 58.15000726s&#xA;Sep 10 03:54:56.215: INFO: Pod &#34;pod-configmaps-23f6e6ec-b4ad-11e8-bc45-00073e906c7f&#34;: Phase=&#34;Pending&#34;, Reason=&#34;&#34;, readiness=false. Elapsed: 1m0.1548423s&#xA;Sep 10 03:54:58.220: INFO: Pod &#34;pod-configmaps-23f6e6ec-b4ad-11e8-bc45-00073e906c7f&#34;: Phase=&#34;Pending&#34;, Reason=&#34;&#34;, readiness=false. Elapsed: 1m2.15983884s&#xA;Sep 10 03:55:00.226: INFO: Pod &#34;pod-configmaps-23f6e6ec-b4ad-11e8-bc45-00073e906c7f&#34;: Phase=&#34;Pending&#34;, Reason=&#34;&#34;, readiness=false. Elapsed: 1m4.16497878s&#xA;Sep 10 03:55:02.231: INFO: Pod &#34;pod-configmaps-23f6e6ec-b4ad-11e8-bc45-00073e906c7f&#34;: Phase=&#34;Pending&#34;, Reason=&#34;&#34;, readiness=false. Elapsed: 1m6.16988344s&#xA;Sep 10 03:55:04.236: INFO: Pod &#34;pod-configmaps-23f6e6ec-b4ad-11e8-bc45-00073e906c7f&#34;: Phase=&#34;Pending&#34;, Reason=&#34;&#34;, readiness=false. Elapsed: 1m8.1749138s&#xA;Sep 10 03:55:06.240: INFO: Pod &#34;pod-configmaps-23f6e6ec-b4ad-11e8-bc45-00073e906c7f&#34;: Phase=&#34;Pending&#34;, Reason=&#34;&#34;, readiness=false. Elapsed: 1m10.17973272s&#xA;Sep 10 03:55:08.246: INFO: Pod &#34;pod-configmaps-23f6e6ec-b4ad-11e8-bc45-00073e906c7f&#34;: Phase=&#34;Pending&#34;, Reason=&#34;&#34;, readiness=false. Elapsed: 1m12.18497112s&#xA;Sep 10 03:55:10.251: INFO: Pod &#34;pod-configmaps-23f6e6ec-b4ad-11e8-bc45-00073e906c7f&#34;: Phase=&#34;Pending&#34;, Reason=&#34;&#34;, readiness=false. Elapsed: 1m14.19001972s&#xA;Sep 10 03:55:12.255: INFO: Pod &#34;pod-configmaps-23f6e6ec-b4ad-11e8-bc45-00073e906c7f&#34;: Phase=&#34;Pending&#34;, Reason=&#34;&#34;, readiness=false. Elapsed: 1m16.19480298s&#xA;Sep 10 03:55:14.260: INFO: Pod &#34;pod-configmaps-23f6e6ec-b4ad-11e8-bc45-00073e906c7f&#34;: Phase=&#34;Pending&#34;, Reason=&#34;&#34;, readiness=false. Elapsed: 1m18.19954376s&#xA;Sep 10 03:55:16.265: INFO: Pod &#34;pod-configmaps-23f6e6ec-b4ad-11e8-bc45-00073e906c7f&#34;: Phase=&#34;Pending&#34;, Reason=&#34;&#34;, readiness=false. Elapsed: 1m20.204499s&#xA;Sep 10 03:55:18.270: INFO: Pod &#34;pod-configmaps-23f6e6ec-b4ad-11e8-bc45-00073e906c7f&#34;: Phase=&#34;Pending&#34;, Reason=&#34;&#34;, readiness=false. Elapsed: 1m22.20938462s&#xA;Sep 10 03:55:20.275: INFO: Pod &#34;pod-configmaps-23f6e6ec-b4ad-11e8-bc45-00073e906c7f&#34;: Phase=&#34;Pending&#34;, Reason=&#34;&#34;, readiness=false. Elapsed: 1m24.21425494s&#xA;Sep 10 03:55:22.280: INFO: Pod &#34;pod-configmaps-23f6e6ec-b4ad-11e8-bc45-00073e906c7f&#34;: Phase=&#34;Pending&#34;, Reason=&#34;&#34;, readiness=false. Elapsed: 1m26.2194805s&#xA;Sep 10 03:55:24.285: INFO: Pod &#34;pod-configmaps-23f6e6ec-b4ad-11e8-bc45-00073e906c7f&#34;: Phase=&#34;Pending&#34;, Reason=&#34;&#34;, readiness=false. Elapsed: 1m28.22429468s&#xA;Sep 10 03:55:26.290: INFO: Pod &#34;pod-configmaps-23f6e6ec-b4ad-11e8-bc45-00073e906c7f&#34;: Phase=&#34;Pending&#34;, Reason=&#34;&#34;, readiness=false. Elapsed: 1m30.22922048s&#xA;Sep 10 03:55:28.295: INFO: Pod &#34;pod-configmaps-23f6e6ec-b4ad-11e8-bc45-00073e906c7f&#34;: Phase=&#34;Pending&#34;, Reason=&#34;&#34;, readiness=false. Elapsed: 1m32.23405126s&#xA;Sep 10 03:55:30.299: INFO: Pod &#34;pod-configmaps-23f6e6ec-b4ad-11e8-bc45-00073e906c7f&#34;: Phase=&#34;Pending&#34;, Reason=&#34;&#34;, readiness=false. Elapsed: 1m34.238823s&#xA;Sep 10 03:55:32.304: INFO: Pod &#34;pod-configmaps-23f6e6ec-b4ad-11e8-bc45-00073e906c7f&#34;: Phase=&#34;Pending&#34;, Reason=&#34;&#34;, readiness=false. Elapsed: 1m36.2433602s&#xA;Sep 10 03:55:34.309: INFO: Pod &#34;pod-configmaps-23f6e6ec-b4ad-11e8-bc45-00073e906c7f&#34;: Phase=&#34;Pending&#34;, Reason=&#34;&#34;, readiness=false. Elapsed: 1m38.24827182s&#xA;Sep 10 03:55:36.314: INFO: Pod &#34;pod-configmaps-23f6e6ec-b4ad-11e8-bc45-00073e906c7f&#34;: Phase=&#34;Pending&#34;, Reason=&#34;&#34;, readiness=false. Elapsed: 1m40.25318206s&#xA;Sep 10 03:55:38.319: INFO: Pod &#34;pod-configmaps-23f6e6ec-b4ad-11e8-bc45-00073e906c7f&#34;: Phase=&#34;Pending&#34;, Reason=&#34;&#34;, readiness=false. Elapsed: 1m42.25802694s&#xA;Sep 10 03:55:40.324: INFO: Pod &#34;pod-configmaps-23f6e6ec-b4ad-11e8-bc45-00073e906c7f&#34;: Phase=&#34;Pending&#34;, Reason=&#34;&#34;, readiness=false. Elapsed: 1m44.26287814s&#xA;Sep 10 03:55:42.328: INFO: Pod &#34;pod-configmaps-23f6e6ec-b4ad-11e8-bc45-00073e906c7f&#34;: Phase=&#34;Pending&#34;, Reason=&#34;&#34;, readiness=false. Elapsed: 1m46.2678074s&#xA;Sep 10 03:55:44.339: INFO: Pod &#34;pod-configmaps-23f6e6ec-b4ad-11e8-bc45-00073e906c7f&#34;: Phase=&#34;Pending&#34;, Reason=&#34;&#34;, readiness=false. Elapsed: 1m48.27811878s&#xA;Sep 10 03:55:46.344: INFO: Pod &#34;pod-configmaps-23f6e6ec-b4ad-11e8-bc45-00073e906c7f&#34;: Phase=&#34;Pending&#34;, Reason=&#34;&#34;, readiness=false. Elapsed: 1m50.28304888s&#xA;Sep 10 03:55:48.349: INFO: Pod &#34;pod-configmaps-23f6e6ec-b4ad-11e8-bc45-00073e906c7f&#34;: Phase=&#34;Pending&#34;, Reason=&#34;&#34;, readiness=false. Elapsed: 1m52.28823362s&#xA;Sep 10 03:55:50.357: INFO: Pod &#34;pod-configmaps-23f6e6ec-b4ad-11e8-bc45-00073e906c7f&#34;: Phase=&#34;Pending&#34;, Reason=&#34;&#34;, readiness=false. Elapsed: 1m54.29662202s&#xA;Sep 10 03:55:52.363: INFO: Pod &#34;pod-configmaps-23f6e6ec-b4ad-11e8-bc45-00073e906c7f&#34;: Phase=&#34;Pending&#34;, Reason=&#34;&#34;, readiness=false. Elapsed: 1m56.30197678s&#xA;Sep 10 03:55:54.368: INFO: Pod &#34;pod-configmaps-23f6e6ec-b4ad-11e8-bc45-00073e906c7f&#34;: Phase=&#34;Pending&#34;, Reason=&#34;&#34;, readiness=false. Elapsed: 1m58.30694058s&#xA;Sep 10 03:55:56.373: INFO: Pod &#34;pod-configmaps-23f6e6ec-b4ad-11e8-bc45-00073e906c7f&#34;: Phase=&#34;Pending&#34;, Reason=&#34;&#34;, readiness=false. Elapsed: 2m0.31267132s&#xA;Sep 10 03:55:58.378: INFO: Pod &#34;pod-configmaps-23f6e6ec-b4ad-11e8-bc45-00073e906c7f&#34;: Phase=&#34;Pending&#34;, Reason=&#34;&#34;, readiness=false. Elapsed: 2m2.31764224s&#xA;Sep 10 03:56:00.383: INFO: Pod &#34;pod-configmaps-23f6e6ec-b4ad-11e8-bc45-00073e906c7f&#34;: Phase=&#34;Pending&#34;, Reason=&#34;&#34;, readiness=false. Elapsed: 2m4.32272714s&#xA;Sep 10 03:56:02.389: INFO: Pod &#34;pod-configmaps-23f6e6ec-b4ad-11e8-bc45-00073e906c7f&#34;: Phase=&#34;Pending&#34;, Reason=&#34;&#34;, readiness=false. Elapsed: 2m6.328261s&#xA;Sep 10 03:56:04.394: INFO: Pod &#34;pod-configmaps-23f6e6ec-b4ad-11e8-bc45-00073e906c7f&#34;: Phase=&#34;Pending&#34;, Reason=&#34;&#34;, readiness=false. Elapsed: 2m8.33325028s&#xA;Sep 10 03:56:06.399: INFO: Pod &#34;pod-configmaps-23f6e6ec-b4ad-11e8-bc45-00073e906c7f&#34;: Phase=&#34;Pending&#34;, Reason=&#34;&#34;, readiness=false. Elapsed: 2m10.33814632s&#xA;Sep 10 03:56:08.404: INFO: Pod &#34;pod-configmaps-23f6e6ec-b4ad-11e8-bc45-00073e906c7f&#34;: Phase=&#34;Pending&#34;, Reason=&#34;&#34;, readiness=false. Elapsed: 2m12.34301316s&#xA;Sep 10 03:56:10.409: INFO: Pod &#34;pod-configmaps-23f6e6ec-b4ad-11e8-bc45-00073e906c7f&#34;: Phase=&#34;Pending&#34;, Reason=&#34;&#34;, readiness=false. Elapsed: 2m14.3480082s&#xA;Sep 10 03:56:12.414: INFO: Pod &#34;pod-configmaps-23f6e6ec-b4ad-11e8-bc45-00073e906c7f&#34;: Phase=&#34;Pending&#34;, Reason=&#34;&#34;, readiness=false. Elapsed: 2m16.35312662s&#xA;Sep 10 03:56:14.419: INFO: Pod &#34;pod-configmaps-23f6e6ec-b4ad-11e8-bc45-00073e906c7f&#34;: Phase=&#34;Pending&#34;, Reason=&#34;&#34;, readiness=false. Elapsed: 2m18.3583639s&#xA;Sep 10 03:56:16.424: INFO: Pod &#34;pod-configmaps-23f6e6ec-b4ad-11e8-bc45-00073e906c7f&#34;: Phase=&#34;Pending&#34;, Reason=&#34;&#34;, readiness=false. Elapsed: 2m20.3632772s&#xA;Sep 10 03:56:18.429: INFO: Pod &#34;pod-configmaps-23f6e6ec-b4ad-11e8-bc45-00073e906c7f&#34;: Phase=&#34;Pending&#34;, Reason=&#34;&#34;, readiness=false. Elapsed: 2m22.36819612s&#xA;Sep 10 03:56:20.434: INFO: Pod &#34;pod-configmaps-23f6e6ec-b4ad-11e8-bc45-00073e906c7f&#34;: Phase=&#34;Pending&#34;, Reason=&#34;&#34;, readiness=false. Elapsed: 2m24.37326378s&#xA;Sep 10 03:56:22.439: INFO: Pod &#34;pod-configmaps-23f6e6ec-b4ad-11e8-bc45-00073e906c7f&#34;: Phase=&#34;Pending&#34;, Reason=&#34;&#34;, readiness=false. Elapsed: 2m26.37839114s&#xA;Sep 10 03:56:24.444: INFO: Pod &#34;pod-configmaps-23f6e6ec-b4ad-11e8-bc45-00073e906c7f&#34;: Phase=&#34;Pending&#34;, Reason=&#34;&#34;, readiness=false. Elapsed: 2m28.38347466s&#xA;Sep 10 03:56:26.449: INFO: Pod &#34;pod-configmaps-23f6e6ec-b4ad-11e8-bc45-00073e906c7f&#34;: Phase=&#34;Pending&#34;, Reason=&#34;&#34;, readiness=false. Elapsed: 2m30.38811774s&#xA;Sep 10 03:56:28.454: INFO: Pod &#34;pod-configmaps-23f6e6ec-b4ad-11e8-bc45-00073e906c7f&#34;: Phase=&#34;Pending&#34;, Reason=&#34;&#34;, readiness=false. Elapsed: 2m32.39315084s&#xA;Sep 10 03:56:30.459: INFO: Pod &#34;pod-configmaps-23f6e6ec-b4ad-11e8-bc45-00073e906c7f&#34;: Phase=&#34;Pending&#34;, Reason=&#34;&#34;, readiness=false. Elapsed: 2m34.39819366s&#xA;Sep 10 03:56:32.464: INFO: Pod &#34;pod-configmaps-23f6e6ec-b4ad-11e8-bc45-00073e906c7f&#34;: Phase=&#34;Pending&#34;, Reason=&#34;&#34;, readiness=false. Elapsed: 2m36.40316158s&#xA;Sep 10 03:56:34.469: INFO: Pod &#34;pod-configmaps-23f6e6ec-b4ad-11e8-bc45-00073e906c7f&#34;: Phase=&#34;Pending&#34;, Reason=&#34;&#34;, readiness=false. Elapsed: 2m38.40802948s&#xA;Sep 10 03:56:36.474: INFO: Pod &#34;pod-configmaps-23f6e6ec-b4ad-11e8-bc45-00073e906c7f&#34;: Phase=&#34;Pending&#34;, Reason=&#34;&#34;, readiness=false. Elapsed: 2m40.41293366s&#xA;Sep 10 03:56:38.479: INFO: Pod &#34;pod-configmaps-23f6e6ec-b4ad-11e8-bc45-00073e906c7f&#34;: Phase=&#34;Pending&#34;, Reason=&#34;&#34;, readiness=false. Elapsed: 2m42.41786096s&#xA;Sep 10 03:56:40.483: INFO: Pod &#34;pod-configmaps-23f6e6ec-b4ad-11e8-bc45-00073e906c7f&#34;: Phase=&#34;Pending&#34;, Reason=&#34;&#34;, readiness=false. Elapsed: 2m44.42275168s&#xA;Sep 10 03:56:42.489: INFO: Pod &#34;pod-configmaps-23f6e6ec-b4ad-11e8-bc45-00073e906c7f&#34;: Phase=&#34;Pending&#34;, Reason=&#34;&#34;, readiness=false. Elapsed: 2m46.42801348s&#xA;Sep 10 03:56:44.494: INFO: Pod &#34;pod-configmaps-23f6e6ec-b4ad-11e8-bc45-00073e906c7f&#34;: Phase=&#34;Pending&#34;, Reason=&#34;&#34;, readiness=false. Elapsed: 2m48.43302868s&#xA;Sep 10 03:56:46.498: INFO: Pod &#34;pod-configmaps-23f6e6ec-b4ad-11e8-bc45-00073e906c7f&#34;: Phase=&#34;Pending&#34;, Reason=&#34;&#34;, readiness=false. Elapsed: 2m50.43780218s&#xA;Sep 10 03:56:48.503: INFO: Pod &#34;pod-configmaps-23f6e6ec-b4ad-11e8-bc45-00073e906c7f&#34;: Phase=&#34;Pending&#34;, Reason=&#34;&#34;, readiness=false. Elapsed: 2m52.44276948s&#xA;Sep 10 03:56:50.509: INFO: Pod &#34;pod-configmaps-23f6e6ec-b4ad-11e8-bc45-00073e906c7f&#34;: Phase=&#34;Pending&#34;, Reason=&#34;&#34;, readiness=false. Elapsed: 2m54.44785388s&#xA;Sep 10 03:56:52.514: INFO: Pod &#34;pod-configmaps-23f6e6ec-b4ad-11e8-bc45-00073e906c7f&#34;: Phase=&#34;Pending&#34;, Reason=&#34;&#34;, readiness=false. Elapsed: 2m56.45288372s&#xA;Sep 10 03:56:54.519: INFO: Pod &#34;pod-configmaps-23f6e6ec-b4ad-11e8-bc45-00073e906c7f&#34;: Phase=&#34;Pending&#34;, Reason=&#34;&#34;, readiness=false. Elapsed: 2m58.45790262s&#xA;Sep 10 03:56:56.524: INFO: Pod &#34;pod-configmaps-23f6e6ec-b4ad-11e8-bc45-00073e906c7f&#34;: Phase=&#34;Pending&#34;, Reason=&#34;&#34;, readiness=false. Elapsed: 3m0.46292134s&#xA;Sep 10 03:56:58.528: INFO: Pod &#34;pod-configmaps-23f6e6ec-b4ad-11e8-bc45-00073e906c7f&#34;: Phase=&#34;Pending&#34;, Reason=&#34;&#34;, readiness=false. Elapsed: 3m2.46763582s&#xA;Sep 10 03:57:00.533: INFO: Pod &#34;pod-configmaps-23f6e6ec-b4ad-11e8-bc45-00073e906c7f&#34;: Phase=&#34;Pending&#34;, Reason=&#34;&#34;, readiness=false. Elapsed: 3m4.4724698s&#xA;Sep 10 03:57:02.538: INFO: Pod &#34;pod-configmaps-23f6e6ec-b4ad-11e8-bc45-00073e906c7f&#34;: Phase=&#34;Pending&#34;, Reason=&#34;&#34;, readiness=false. Elapsed: 3m6.47769214s&#xA;Sep 10 03:57:04.543: INFO: Pod &#34;pod-configmaps-23f6e6ec-b4ad-11e8-bc45-00073e906c7f&#34;: Phase=&#34;Pending&#34;, Reason=&#34;&#34;, readiness=false. Elapsed: 3m8.48258454s&#xA;Sep 10 03:57:06.548: INFO: Pod &#34;pod-configmaps-23f6e6ec-b4ad-11e8-bc45-00073e906c7f&#34;: Phase=&#34;Pending&#34;, Reason=&#34;&#34;, readiness=false. Elapsed: 3m10.48738094s&#xA;Sep 10 03:57:08.553: INFO: Pod &#34;pod-configmaps-23f6e6ec-b4ad-11e8-bc45-00073e906c7f&#34;: Phase=&#34;Pending&#34;, Reason=&#34;&#34;, readiness=false. Elapsed: 3m12.49217996s&#xA;Sep 10 03:57:10.558: INFO: Pod &#34;pod-configmaps-23f6e6ec-b4ad-11e8-bc45-00073e906c7f&#34;: Phase=&#34;Pending&#34;, Reason=&#34;&#34;, readiness=false. Elapsed: 3m14.49705828s&#xA;Sep 10 03:57:12.562: INFO: Pod &#34;pod-configmaps-23f6e6ec-b4ad-11e8-bc45-00073e906c7f&#34;: Phase=&#34;Pending&#34;, Reason=&#34;&#34;, readiness=false. Elapsed: 3m16.50173284s&#xA;Sep 10 03:57:14.567: INFO: Pod &#34;pod-configmaps-23f6e6ec-b4ad-11e8-bc45-00073e906c7f&#34;: Phase=&#34;Pending&#34;, Reason=&#34;&#34;, readiness=false. Elapsed: 3m18.50647714s&#xA;Sep 10 03:57:16.572: INFO: Pod &#34;pod-configmaps-23f6e6ec-b4ad-11e8-bc45-00073e906c7f&#34;: Phase=&#34;Pending&#34;, Reason=&#34;&#34;, readiness=false. Elapsed: 3m20.51142778s&#xA;Sep 10 03:57:18.577: INFO: Pod &#34;pod-configmaps-23f6e6ec-b4ad-11e8-bc45-00073e906c7f&#34;: Phase=&#34;Pending&#34;, Reason=&#34;&#34;, readiness=false. Elapsed: 3m22.51636254s&#xA;Sep 10 03:57:20.582: INFO: Pod &#34;pod-configmaps-23f6e6ec-b4ad-11e8-bc45-00073e906c7f&#34;: Phase=&#34;Pending&#34;, Reason=&#34;&#34;, readiness=false. Elapsed: 3m24.52121354s&#xA;Sep 10 03:57:22.587: INFO: Pod &#34;pod-configmaps-23f6e6ec-b4ad-11e8-bc45-00073e906c7f&#34;: Phase=&#34;Pending&#34;, Reason=&#34;&#34;, readiness=false. Elapsed: 3m26.5260954s&#xA;Sep 10 03:57:24.592: INFO: Pod &#34;pod-configmaps-23f6e6ec-b4ad-11e8-bc45-00073e906c7f&#34;: Phase=&#34;Pending&#34;, Reason=&#34;&#34;, readiness=false. Elapsed: 3m28.53101406s&#xA;Sep 10 03:57:26.597: INFO: Pod &#34;pod-configmaps-23f6e6ec-b4ad-11e8-bc45-00073e906c7f&#34;: Phase=&#34;Pending&#34;, Reason=&#34;&#34;, readiness=false. Elapsed: 3m30.53596716s&#xA;Sep 10 03:57:28.601: INFO: Pod &#34;pod-configmaps-23f6e6ec-b4ad-11e8-bc45-00073e906c7f&#34;: Phase=&#34;Pending&#34;, Reason=&#34;&#34;, readiness=false. Elapsed: 3m32.54078106s&#xA;Sep 10 03:57:30.606: INFO: Pod &#34;pod-configmaps-23f6e6ec-b4ad-11e8-bc45-00073e906c7f&#34;: Phase=&#34;Pending&#34;, Reason=&#34;&#34;, readiness=false. Elapsed: 3m34.54541002s&#xA;Sep 10 03:57:32.611: INFO: Pod &#34;pod-configmaps-23f6e6ec-b4ad-11e8-bc45-00073e906c7f&#34;: Phase=&#34;Pending&#34;, Reason=&#34;&#34;, readiness=false. Elapsed: 3m36.5503292s&#xA;Sep 10 03:57:34.616: INFO: Pod &#34;pod-configmaps-23f6e6ec-b4ad-11e8-bc45-00073e906c7f&#34;: Phase=&#34;Pending&#34;, Reason=&#34;&#34;, readiness=false. Elapsed: 3m38.55522774s&#xA;Sep 10 03:57:36.621: INFO: Pod &#34;pod-configmaps-23f6e6ec-b4ad-11e8-bc45-00073e906c7f&#34;: Phase=&#34;Pending&#34;, Reason=&#34;&#34;, readiness=false. Elapsed: 3m40.56012078s&#xA;Sep 10 03:57:38.626: INFO: Pod &#34;pod-configmaps-23f6e6ec-b4ad-11e8-bc45-00073e906c7f&#34;: Phase=&#34;Pending&#34;, Reason=&#34;&#34;, readiness=false. Elapsed: 3m42.56501274s&#xA;Sep 10 03:57:40.631: INFO: Pod &#34;pod-configmaps-23f6e6ec-b4ad-11e8-bc45-00073e906c7f&#34;: Phase=&#34;Pending&#34;, Reason=&#34;&#34;, readiness=false. Elapsed: 3m44.56991188s&#xA;Sep 10 03:57:42.636: INFO: Pod &#34;pod-configmaps-23f6e6ec-b4ad-11e8-bc45-00073e906c7f&#34;: Phase=&#34;Pending&#34;, Reason=&#34;&#34;, readiness=false. Elapsed: 3m46.57486724s&#xA;Sep 10 03:57:44.641: INFO: Pod &#34;pod-configmaps-23f6e6ec-b4ad-11e8-bc45-00073e906c7f&#34;: Phase=&#34;Pending&#34;, Reason=&#34;&#34;, readiness=false. Elapsed: 3m48.57998856s&#xA;Sep 10 03:57:46.646: INFO: Pod &#34;pod-configmaps-23f6e6ec-b4ad-11e8-bc45-00073e906c7f&#34;: Phase=&#34;Pending&#34;, Reason=&#34;&#34;, readiness=false. Elapsed: 3m50.58500126s&#xA;Sep 10 03:57:48.650: INFO: Pod &#34;pod-configmaps-23f6e6ec-b4ad-11e8-bc45-00073e906c7f&#34;: Phase=&#34;Pending&#34;, Reason=&#34;&#34;, readiness=false. Elapsed: 3m52.58982498s&#xA;Sep 10 03:57:50.655: INFO: Pod &#34;pod-configmaps-23f6e6ec-b4ad-11e8-bc45-00073e906c7f&#34;: Phase=&#34;Pending&#34;, Reason=&#34;&#34;, readiness=false. Elapsed: 3m54.59468852s&#xA;Sep 10 03:57:52.660: INFO: Pod &#34;pod-configmaps-23f6e6ec-b4ad-11e8-bc45-00073e906c7f&#34;: Phase=&#34;Pending&#34;, Reason=&#34;&#34;, readiness=false. Elapsed: 3m56.5997304s&#xA;Sep 10 03:57:54.666: INFO: Pod &#34;pod-configmaps-23f6e6ec-b4ad-11e8-bc45-00073e906c7f&#34;: Phase=&#34;Pending&#34;, Reason=&#34;&#34;, readiness=false. Elapsed: 3m58.60508588s&#xA;Sep 10 03:57:56.671: INFO: Pod &#34;pod-configmaps-23f6e6ec-b4ad-11e8-bc45-00073e906c7f&#34;: Phase=&#34;Pending&#34;, Reason=&#34;&#34;, readiness=false. Elapsed: 4m0.60994142s&#xA;Sep 10 03:57:58.675: INFO: Pod &#34;pod-configmaps-23f6e6ec-b4ad-11e8-bc45-00073e906c7f&#34;: Phase=&#34;Pending&#34;, Reason=&#34;&#34;, readiness=false. Elapsed: 4m2.61476414s&#xA;Sep 10 03:58:00.680: INFO: Pod &#34;pod-configmaps-23f6e6ec-b4ad-11e8-bc45-00073e906c7f&#34;: Phase=&#34;Pending&#34;, Reason=&#34;&#34;, readiness=false. Elapsed: 4m4.61948818s&#xA;Sep 10 03:58:02.685: INFO: Pod &#34;pod-configmaps-23f6e6ec-b4ad-11e8-bc45-00073e906c7f&#34;: Phase=&#34;Pending&#34;, Reason=&#34;&#34;, readiness=false. Elapsed: 4m6.62423508s&#xA;Sep 10 03:58:04.690: INFO: Pod &#34;pod-configmaps-23f6e6ec-b4ad-11e8-bc45-00073e906c7f&#34;: Phase=&#34;Pending&#34;, Reason=&#34;&#34;, readiness=false. Elapsed: 4m8.62909812s&#xA;Sep 10 03:58:06.695: INFO: Pod &#34;pod-configmaps-23f6e6ec-b4ad-11e8-bc45-00073e906c7f&#34;: Phase=&#34;Pending&#34;, Reason=&#34;&#34;, readiness=false. Elapsed: 4m10.63385158s&#xA;Sep 10 03:58:08.699: INFO: Pod &#34;pod-configmaps-23f6e6ec-b4ad-11e8-bc45-00073e906c7f&#34;: Phase=&#34;Pending&#34;, Reason=&#34;&#34;, readiness=false. Elapsed: 4m12.63852258s&#xA;Sep 10 03:58:10.704: INFO: Pod &#34;pod-configmaps-23f6e6ec-b4ad-11e8-bc45-00073e906c7f&#34;: Phase=&#34;Pending&#34;, Reason=&#34;&#34;, readiness=false. Elapsed: 4m14.64321552s&#xA;Sep 10 03:58:12.709: INFO: Pod &#34;pod-configmaps-23f6e6ec-b4ad-11e8-bc45-00073e906c7f&#34;: Phase=&#34;Pending&#34;, Reason=&#34;&#34;, readiness=false. Elapsed: 4m16.64786888s&#xA;Sep 10 03:58:14.713: INFO: Pod &#34;pod-configmaps-23f6e6ec-b4ad-11e8-bc45-00073e906c7f&#34;: Phase=&#34;Pending&#34;, Reason=&#34;&#34;, readiness=false. Elapsed: 4m18.65249948s&#xA;Sep 10 03:58:16.718: INFO: Pod &#34;pod-configmaps-23f6e6ec-b4ad-11e8-bc45-00073e906c7f&#34;: Phase=&#34;Pending&#34;, Reason=&#34;&#34;, readiness=false. Elapsed: 4m20.65734336s&#xA;Sep 10 03:58:18.723: INFO: Pod &#34;pod-configmaps-23f6e6ec-b4ad-11e8-bc45-00073e906c7f&#34;: Phase=&#34;Pending&#34;, Reason=&#34;&#34;, readiness=false. Elapsed: 4m22.66206546s&#xA;Sep 10 03:58:20.728: INFO: Pod &#34;pod-configmaps-23f6e6ec-b4ad-11e8-bc45-00073e906c7f&#34;: Phase=&#34;Pending&#34;, Reason=&#34;&#34;, readiness=false. Elapsed: 4m24.66687516s&#xA;Sep 10 03:58:22.732: INFO: Pod &#34;pod-configmaps-23f6e6ec-b4ad-11e8-bc45-00073e906c7f&#34;: Phase=&#34;Pending&#34;, Reason=&#34;&#34;, readiness=false. Elapsed: 4m26.67158324s&#xA;Sep 10 03:58:24.737: INFO: Pod &#34;pod-configmaps-23f6e6ec-b4ad-11e8-bc45-00073e906c7f&#34;: Phase=&#34;Pending&#34;, Reason=&#34;&#34;, readiness=false. Elapsed: 4m28.67630168s&#xA;Sep 10 03:58:26.742: INFO: Pod &#34;pod-configmaps-23f6e6ec-b4ad-11e8-bc45-00073e906c7f&#34;: Phase=&#34;Pending&#34;, Reason=&#34;&#34;, readiness=false. Elapsed: 4m30.6811614s&#xA;Sep 10 03:58:28.747: INFO: Pod &#34;pod-configmaps-23f6e6ec-b4ad-11e8-bc45-00073e906c7f&#34;: Phase=&#34;Pending&#34;, Reason=&#34;&#34;, readiness=false. Elapsed: 4m32.68589018s&#xA;Sep 10 03:58:30.751: INFO: Pod &#34;pod-configmaps-23f6e6ec-b4ad-11e8-bc45-00073e906c7f&#34;: Phase=&#34;Pending&#34;, Reason=&#34;&#34;, readiness=false. Elapsed: 4m34.69059812s&#xA;Sep 10 03:58:32.756: INFO: Pod &#34;pod-configmaps-23f6e6ec-b4ad-11e8-bc45-00073e906c7f&#34;: Phase=&#34;Pending&#34;, Reason=&#34;&#34;, readiness=false. Elapsed: 4m36.69519764s&#xA;Sep 10 03:58:34.761: INFO: Pod &#34;pod-configmaps-23f6e6ec-b4ad-11e8-bc45-00073e906c7f&#34;: Phase=&#34;Pending&#34;, Reason=&#34;&#34;, readiness=false. Elapsed: 4m38.69998462s&#xA;Sep 10 03:58:36.765: INFO: Pod &#34;pod-configmaps-23f6e6ec-b4ad-11e8-bc45-00073e906c7f&#34;: Phase=&#34;Pending&#34;, Reason=&#34;&#34;, readiness=false. Elapsed: 4m40.704791s&#xA;Sep 10 03:58:38.770: INFO: Pod &#34;pod-configmaps-23f6e6ec-b4ad-11e8-bc45-00073e906c7f&#34;: Phase=&#34;Pending&#34;, Reason=&#34;&#34;, readiness=false. Elapsed: 4m42.70932278s&#xA;Sep 10 03:58:40.775: INFO: Pod &#34;pod-configmaps-23f6e6ec-b4ad-11e8-bc45-00073e906c7f&#34;: Phase=&#34;Pending&#34;, Reason=&#34;&#34;, readiness=false. Elapsed: 4m44.71414286s&#xA;Sep 10 03:58:42.780: INFO: Pod &#34;pod-configmaps-23f6e6ec-b4ad-11e8-bc45-00073e906c7f&#34;: Phase=&#34;Pending&#34;, Reason=&#34;&#34;, readiness=false. Elapsed: 4m46.71908494s&#xA;Sep 10 03:58:44.784: INFO: Pod &#34;pod-configmaps-23f6e6ec-b4ad-11e8-bc45-00073e906c7f&#34;: Phase=&#34;Pending&#34;, Reason=&#34;&#34;, readiness=false. Elapsed: 4m48.72374558s&#xA;Sep 10 03:58:46.789: INFO: Pod &#34;pod-configmaps-23f6e6ec-b4ad-11e8-bc45-00073e906c7f&#34;: Phase=&#34;Pending&#34;, Reason=&#34;&#34;, readiness=false. Elapsed: 4m50.7285201s&#xA;Sep 10 03:58:48.794: INFO: Pod &#34;pod-configmaps-23f6e6ec-b4ad-11e8-bc45-00073e906c7f&#34;: Phase=&#34;Pending&#34;, Reason=&#34;&#34;, readiness=false. Elapsed: 4m52.73331248s&#xA;Sep 10 03:58:50.799: INFO: Pod &#34;pod-configmaps-23f6e6ec-b4ad-11e8-bc45-00073e906c7f&#34;: Phase=&#34;Pending&#34;, Reason=&#34;&#34;, readiness=false. Elapsed: 4m54.73786754s&#xA;Sep 10 03:58:52.803: INFO: Pod &#34;pod-configmaps-23f6e6ec-b4ad-11e8-bc45-00073e906c7f&#34;: Phase=&#34;Pending&#34;, Reason=&#34;&#34;, readiness=false. Elapsed: 4m56.74250632s&#xA;Sep 10 03:58:54.808: INFO: Pod &#34;pod-configmaps-23f6e6ec-b4ad-11e8-bc45-00073e906c7f&#34;: Phase=&#34;Pending&#34;, Reason=&#34;&#34;, readiness=false. Elapsed: 4m58.74720752s&#xA;Sep 10 03:58:56.824: INFO: Failed to get logs from node &#34;node3&#34; pod &#34;pod-configmaps-23f6e6ec-b4ad-11e8-bc45-00073e906c7f&#34; container &#34;env-test&#34;: the server rejected our request for an unknown reason (get pods pod-configmaps-23f6e6ec-b4ad-11e8-bc45-00073e906c7f)&#xA;�[1mSTEP�[0m: delete the pod&#xA;Sep 10 03:58:56.830: INFO: Waiting for pod pod-configmaps-23f6e6ec-b4ad-11e8-bc45-00073e906c7f to disappear&#xA;Sep 10 03:58:56.836: INFO: Pod pod-configmaps-23f6e6ec-b4ad-11e8-bc45-00073e906c7f still exists&#xA;Sep 10 03:58:58.836: INFO: Waiting for pod pod-configmaps-23f6e6ec-b4ad-11e8-bc45-00073e906c7f to disappear&#xA;Sep 10 03:58:58.840: INFO: Pod pod-configmaps-23f6e6ec-b4ad-11e8-bc45-00073e906c7f no longer exists&#xA;Sep 10 03:58:58.841: INFO: Unexpected error occurred: expected pod &#34;pod-configmaps-23f6e6ec-b4ad-11e8-bc45-00073e906c7f&#34; success: Gave up after waiting 5m0s for pod &#34;pod-configmaps-23f6e6ec-b4ad-11e8-bc45-00073e906c7f&#34; to be &#34;success or failure&#34;&#xA;[AfterEach] [sig-api-machinery] ConfigMap&#xA;  /root/gopath/src/k8s.io/kubernetes/_output/local/go/src/k8s.io/kubernetes/test/e2e/framework/framework.go:142&#xA;�[1mSTEP�[0m: Collecting events from namespace &#34;e2e-tests-configmap-skghf&#34;.&#xA;�[1mSTEP�[0m: Found 7 events.&#xA;Sep 10 03:58:58.848: INFO: At 2018-09-10 03:53:56 +0000 UTC - event for pod-configmaps-23f6e6ec-b4ad-11e8-bc45-00073e906c7f: {default-scheduler } Scheduled: Successfully assigned e2e-tests-configmap-skghf/pod-configmaps-23f6e6ec-b4ad-11e8-bc45-00073e906c7f to node3&#xA;Sep 10 03:58:58.848: INFO: At 2018-09-10 03:53:56 +0000 UTC - event for pod-configmaps-23f6e6ec-b4ad-11e8-bc45-00073e906c7f: {kubelet node3} Pulling: pulling image &#34;busybox&#34;&#xA;Sep 10 03:58:58.848: INFO: At 2018-09-10 03:54:02 +0000 UTC - event for pod-configmaps-23f6e6ec-b4ad-11e8-bc45-00073e906c7f: {kubelet node3} Failed: Failed to pull image &#34;busybox&#34;: rpc error: code = Unknown desc = Error while pulling image: Get https://index.docker.io/v1/repositories/library/busybox/images: http: error connecting to proxy http://192.168.2.109:8118: dial tcp 192.168.2.109:8118: getsockopt: no route to host&#xA;Sep 10 03:58:58.848: INFO: At 2018-09-10 03:54:02 +0000 UTC - event for pod-configmaps-23f6e6ec-b4ad-11e8-bc45-00073e906c7f: {kubelet node3} Failed: Error: ErrImagePull&#xA;Sep 10 03:58:58.848: INFO: At 2018-09-10 03:54:04 +0000 UTC - event for pod-configmaps-23f6e6ec-b4ad-11e8-bc45-00073e906c7f: {kubelet node3} SandboxChanged: Pod sandbox changed, it will be killed and re-created.&#xA;Sep 10 03:58:58.848: INFO: At 2018-09-10 03:54:35 +0000 UTC - event for pod-configmaps-23f6e6ec-b4ad-11e8-bc45-00073e906c7f: {kubelet node3} BackOff: Back-off pulling image &#34;busybox&#34;&#xA;Sep 10 03:58:58.848: INFO: At 2018-09-10 03:54:35 +0000 UTC - event for pod-configmaps-23f6e6ec-b4ad-11e8-bc45-00073e906c7f: {kubelet node3} Failed: Error: ImagePullBackOff&#xA;Sep 10 03:58:58.860: INFO: POD                            NODE   PHASE    GRACE  CONDITIONS&#xA;Sep 10 03:58:58.860: INFO: coredns-78fcdf6894-f55jj       node3  Running         [{Initialized True 0001-01-01 00:00:00 +0000 UTC 2018-09-01 03:57:03 +0000 UTC  } {Ready True 0001-01-01 00:00:00 +0000 UTC 2018-09-07 08:42:02 +0000 UTC  } {ContainersReady True 0001-01-01 00:00:00 +0000 UTC 0001-01-01 00:00:00 +0000 UTC  } {PodScheduled True 0001-01-01 00:00:00 +0000 UTC 2018-09-01 03:57:03 +0000 UTC  }]&#xA;Sep 10 03:58:58.860: INFO: coredns-78fcdf6894-vlxkz       node3  Running         [{Initialized True 0001-01-01 00:00:00 +0000 UTC 2018-09-01 03:57:03 +0000 UTC  } {Ready True 0001-01-01 00:00:00 +0000 UTC 2018-09-07 08:42:02 +0000 UTC  } {ContainersReady True 0001-01-01 00:00:00 +0000 UTC 0001-01-01 00:00:00 +0000 UTC  } {PodScheduled True 0001-01-01 00:00:00 +0000 UTC 2018-09-01 03:57:03 +0000 UTC  }]&#xA;Sep 10 03:58:58.860: INFO: etcd-node3                     node3  Running         [{Initialized True 0001-01-01 00:00:00 +0000 UTC 2018-09-07 08:40:49 +0000 UTC  } {Ready True 0001-01-01 00:00:00 +0000 UTC 2018-09-07 08:40:51 +0000 UTC  } {ContainersReady True 0001-01-01 00:00:00 +0000 UTC 0001-01-01 00:00:00 +0000 UTC  } {PodScheduled True 0001-01-01 00:00:00 +0000 UTC 2018-09-07 08:40:49 +0000 UTC  }]&#xA;Sep 10 03:58:58.861: INFO: kube-apiserver-node3           node3  Running         [{Initialized True 0001-01-01 00:00:00 +0000 UTC 2018-09-07 08:40:49 +0000 UTC  } {Ready True 0001-01-01 00:00:00 +0000 UTC 2018-09-07 08:40:51 +0000 UTC  } {ContainersReady True 0001-01-01 00:00:00 +0000 UTC 0001-01-01 00:00:00 +0000 UTC  } {PodScheduled True 0001-01-01 00:00:00 +0000 UTC 2018-09-07 08:40:49 +0000 UTC  }]&#xA;Sep 10 03:58:58.861: INFO: kube-controller-manager-node3  node3  Running         [{Initialized True 0001-01-01 00:00:00 +0000 UTC 2018-09-07 08:40:49 +0000 UTC  } {Ready True 0001-01-01 00:00:00 +0000 UTC 2018-09-07 08:40:51 +0000 UTC  } {ContainersReady True 0001-01-01 00:00:00 +0000 UTC 0001-01-01 00:00:00 +0000 UTC  } {PodScheduled True 0001-01-01 00:00:00 +0000 UTC 2018-09-07 08:40:49 +0000 UTC  }]&#xA;Sep 10 03:58:58.861: INFO: kube-proxy-d6xgq               node3  Running         [{Initialized True 0001-01-01 00:00:00 +0000 UTC 2018-09-01 03:55:38 +0000 UTC  } {Ready True 0001-01-01 00:00:00 +0000 UTC 2018-09-07 08:41:32 +0000 UTC  } {ContainersReady True 0001-01-01 00:00:00 +0000 UTC 0001-01-01 00:00:00 +0000 UTC  } {PodScheduled True 0001-01-01 00:00:00 +0000 UTC 2018-09-01 03:55:38 +0000 UTC  }]&#xA;Sep 10 03:58:58.861: INFO: kube-scheduler-node3           node3  Running         [{Initialized True 0001-01-01 00:00:00 +0000 UTC 2018-09-07 08:40:50 +0000 UTC  } {Ready True 0001-01-01 00:00:00 +0000 UTC 2018-09-07 08:40:51 +0000 UTC  } {ContainersReady True 0001-01-01 00:00:00 +0000 UTC 0001-01-01 00:00:00 +0000 UTC  } {PodScheduled True 0001-01-01 00:00:00 +0000 UTC 2018-09-07 08:40:50 +0000 UTC  }]&#xA;Sep 10 03:58:58.861: INFO: weave-net-qrwm8                node3  Running         [{Initialized True 0001-01-01 00:00:00 +0000 UTC 2018-09-01 03:55:38 +0000 UTC  } {Ready True 0001-01-01 00:00:00 +0000 UTC 2018-09-07 08:41:59 +0000 UTC  } {ContainersReady True 0001-01-01 00:00:00 +0000 UTC 0001-01-01 00:00:00 +0000 UTC  } {PodScheduled True 0001-01-01 00:00:00 +0000 UTC 2018-09-01 03:55:38 +0000 UTC  }]&#xA;Sep 10 03:58:58.861: INFO: &#xA;Sep 10 03:58:58.866: INFO: &#xA;Logging node info for node node3&#xA;Sep 10 03:58:58.870: INFO: Node Info: &amp;Node{ObjectMeta:k8s_io_apimachinery_pkg_apis_meta_v1.ObjectMeta{Name:node3,GenerateName:,Namespace:,SelfLink:/api/v1/nodes/node3,UID:d76c0c97-ad9a-11e8-a7d7-1e59e086a4f1,ResourceVersion:513158,Generation:0,CreationTimestamp:2018-09-01 03:55:18 +0000 UTC,DeletionTimestamp:&lt;nil&gt;,DeletionGracePeriodSeconds:nil,Labels:map[string]string{beta.kubernetes.io/arch: arm64,beta.kubernetes.io/os: linux,kubernetes.io/hostname: node3,node-role.kubernetes.io/master: ,},Annotations:map[string]string{kubeadm.alpha.kubernetes.io/cri-socket: /var/run/dockershim.sock,node.alpha.kubernetes.io/ttl: 0,volumes.kubernetes.io/controller-managed-attach-detach: true,},OwnerReferences:[],Finalizers:[],ClusterName:,Initializers:nil,},Spec:NodeSpec{PodCIDR:10.244.0.0/24,DoNotUse_ExternalID:,ProviderID:,Unschedulable:false,Taints:[],ConfigSource:nil,},Status:NodeStatus{Capacity:ResourceList{cpu: {{16 0} {&lt;nil&gt;} 16 DecimalSI},ephemeral-storage: {{82538430464 0} {&lt;nil&gt;}  BinarySI},hugepages-2Mi: {{0 0} {&lt;nil&gt;} 0 DecimalSI},memory: {{67535159296 0} {&lt;nil&gt;}  BinarySI},pods: {{110 0} {&lt;nil&gt;} 110 DecimalSI},},Allocatable:ResourceList{cpu: {{16 0} {&lt;nil&gt;} 16 DecimalSI},ephemeral-storage: {{74284587295 0} {&lt;nil&gt;} 74284587295 DecimalSI},hugepages-2Mi: {{0 0} {&lt;nil&gt;} 0 DecimalSI},memory: {{67430301696 0} {&lt;nil&gt;}  BinarySI},pods: {{110 0} {&lt;nil&gt;} 110 DecimalSI},},Phase:,Conditions:[{NetworkUnavailable False 2018-09-07 08:42:01 +0000 UTC 2018-09-07 08:42:01 +0000 UTC WeaveIsUp Weave pod has set this} {OutOfDisk False 2018-09-10 03:58:55 +0000 UTC 2018-09-01 03:55:11 +0000 UTC KubeletHasSufficientDisk kubelet has sufficient disk space available} {MemoryPressure False 2018-09-10 03:58:55 +0000 UTC 2018-09-01 03:55:11 +0000 UTC KubeletHasSufficientMemory kubelet has sufficient memory available} {DiskPressure False 2018-09-10 03:58:55 +0000 UTC 2018-09-01 03:55:11 +0000 UTC KubeletHasNoDiskPressure kubelet has no disk pressure} {PIDPressure False 2018-09-10 03:58:55 +0000 UTC 2018-09-01 03:55:11 +0000 UTC KubeletHasSufficientPID kubelet has sufficient PID available} {Ready True 2018-09-10 03:58:55 +0000 UTC 2018-09-04 01:30:47 +0000 UTC KubeletReady kubelet is posting ready status}],Addresses:[{InternalIP 192.168.2.117} {Hostname node3}],DaemonEndpoints:NodeDaemonEndpoints{KubeletEndpoint:DaemonEndpoint{Port:10250,},},NodeInfo:NodeSystemInfo{MachineID:373be5c264ac4b78a49077a4b4ded99c,SystemUUID:373be5c264ac4b78a49077a4b4ded99c,BootID:fa7f8a19-3d16-419b-9318-394c7eac5519,KernelVersion:4.4.58-20171215.kylin.server.YUN+-generic,OSImage:Kylin 4.0.2,ContainerRuntimeVersion:docker://1.12.6,KubeletVersion:v1.11.2,KubeProxyVersion:v1.11.2,OperatingSystem:linux,Architecture:arm64,},Images:[{[k8s.gcr.io/kube-cross@sha256:0c5809a727c38458e9a63b486cf83c504a24ff561d63a031d31e613f6ad50282 k8s.gcr.io/kube-cross:v1.10.2-1] 2076524551} {[mrdreambot/arm64-mysql@sha256:872464bd31f5db2ecfce15824c80a0b78ace914e80e78a0e98d2d9ef7e8bbb79 mrdreambot/arm64-mysql:latest] 529883867} {[bobsense/mysql@sha256:a20cd35207c46b0400ac48fdf21ebb8e432fa5b597eb5f4b6ec6a634ecc26a8a bobsense/mysql:latest] 529882429} {[mariadb@sha256:358f6b50afd9c25707e97869f0c57de802c53973a90a2ff49e283501fccce1b2 mariadb:10.1.14] 387643618} {[wordpress@sha256:b0460dba11737144b232a7794403d4052982f2332caeea82f618fc98d0547387 wordpress:latest] 367973768} {[mariadb@sha256:edef80de393cf4a79504168c663f8b0c6b15060333e5a7d7aee3dc0a4de6e927 mariadb:latest] 348940495} {[hyperhq/mariadb-arm64v8@sha256:bcf8c747e35eddfcd36ffc6011b00ececb56fe467afb290280d80709299fd80d hyperhq/mariadb-arm64v8:10.3-1] 348507360} {[hyperhq/mariadb-arm64v8:10.3] 348507300} {[hyperhq/mariadb-arm64v8@sha256:720d233b09adbea084c15cfa4909008a2df201b300b10c9fd39464bce60af0db hyperhq/mariadb-arm64v8:10.3-2] 348507153} {[bobsense/nginx-arm64@sha256:224f3b5fd469754e5e701bedd28c633c92ba21c00d2b0e9376eaa4adb38b5603 bobsense/nginx-arm64:latest] 338655564} {[gcr.io/google-samples/gb-frontend-arm64@sha256:9587be21f54a9dc04e1f37b83a9d120231b205385d8deba0682d6fb22088e7c9 gcr.io/google-samples/gb-frontend-arm64:v5] 337228898} {[lsioarmhf/mariadb-aarch64@sha256:b2a1bd89d60c579f07ae1837280a2b3b5f35f11f756b9aa61e6a025af03ddf87 lsioarmhf/mariadb-aarch64:latest] 327268490} {[ebspace/aarch64-mysql@sha256:d9f5f5d222a155c930e3837976b5b457e48c000cf34e6919d0f8a0b73dc39965 ebspace/aarch64-mysql:latest] 262591608} {[tobi312/rpi-mysql@sha256:2f0b069765901afbb162838359778088b8d9fdba30b201d5cf51381ec008802a tobi312/rpi-mysql:latest] 256067342} {[k8s.gcr.io/volume-nfs@sha256:83ba87be13a6f74361601c8614527e186ca67f49091e2d0d4ae8a8da67c403ee k8s.gcr.io/volume-nfs:0.8] 247146979} {[postgres@sha256:d9c44f9fc460dd8962c388eacf88a0e252b858ccdf33bc223f68112617e81fc9 postgres:10] 233845668} {[k8s.gcr.io/etcd-arm64@sha256:f0b7368ebb28e6226ab3b4dbce4b5c6d77dab7b5f6579b08fd645c00f7b100ff k8s.gcr.io/etcd-arm64:3.2.18] 229927444} {[k8s.gcr.io/kube-apiserver-arm64@sha256:5c77134dc174453fc0d900ee5cdcb7b488131a0edb934ae8e859a263f8ee55da k8s.gcr.io/kube-apiserver-arm64:v1.10.4] 218561963} {[k8s.gcr.io/kube-apiserver-arm64@sha256:ab41e3e38792750fa122dbeacf7d0d3d52b7ccc466f254c460733846da0ce0c9 k8s.gcr.io/kube-apiserver-arm64:v1.10.3] 218559018} {[hypriot/rpi-mysql@sha256:c1567c885cf560da66a647f91f7e16bfeea2968895f859b5732583a8db3570ea hypriot/rpi-mysql:latest] 209339591} {[gcr.io/kubernetes-e2e-test-images/jessie-dnsutils-arm64@sha256:92105b23ab1bcc1f72b7deeb4b7d72b27b4ba9a47b292fbd4f58f4080f0621a2 gcr.io/kubernetes-e2e-test-images/jessie-dnsutils-arm64:1.0] 193983470} {[k8s.gcr.io/kube-apiserver-arm64@sha256:31fa4a96f582953034fb2906bd2e557620943ebaa2c2f74ee719c89a9bffb0d4 k8s.gcr.io/kube-apiserver-arm64:v1.11.2] 185805939} {[k8s.gcr.io/etcd-arm64@sha256:c6418130352f3632f3858ff466f7fdcde5c2867d9471f40dbb99227ccbb6d458 k8s.gcr.io/etcd-arm64:3.1.12] 180941491} {[functions/faas-netesd@sha256:05072b13c8127d53b48466f6b16beae997ff008e13a74cdb5da64ca2f5708062 functions/faas-netesd:arm64-0.3-alpha6] 154407667} {[k8s.gcr.io/kube-controller-manager-arm64@sha256:af5e55e15e5ab06999716ef72792b0abed63c9fc972db99120b2c40febaf69a7 k8s.gcr.io/kube-controller-manager-arm64:v1.11.2] 153069058} {[functions/faas-netesd@sha256:0903fd0a2c6010fcef6f42eda8fdc22bf4aecc31571b7ab6f461041497f34aa4 functions/faas-netesd:0.4.3-arm64] 148751197} {[k8s.gcr.io/kube-controller-manager-arm64@sha256:138de23ccbdfab3f4e76e05c290aab26c9127a853db8a0cbc2d816b31d5aebbd k8s.gcr.io/kube-controller-manager-arm64:v1.10.4] 142046988} {[k8s.gcr.io/kube-controller-manager-arm64@sha256:4f99bac50d84f8757ef06d06e68eee0aa042fdb5969c300d23ad1ae3b1f914f5 k8s.gcr.io/kube-controller-manager-arm64:v1.10.3] 142046537} {[weaveworks/weave-kube@sha256:3c45b339ab2dc9c11c9c745e44afce27806dc1d8ecd1da84a88deb36756ac713 weaveworks/weave-kube:2.4.0] 131119125} {[k8s.gcr.io/nginx-slim-arm64@sha256:b95f8bebdc6d8a7b65f5954aa5aaea3209ad8a6af5261cf3c8cae0c0a1c0fb79 k8s.gcr.io/nginx-slim-arm64:0.27] 126129565} {[k8s.gcr.io/nginx-slim-arm64@sha256:ef47cf0719891fe4b84467af77f8e13618b05965b6663945411e1e11c15ffa14 k8s.gcr.io/nginx-slim-arm64:0.26] 126125347} {[hyperhq/postgres-wordpress-arm:latest] 110592210} {[wordpress@sha256:3c22b14d0269bd50b2011f6d749d8bee68e328167f774bef8bf11f5878a6035d wordpress:4.9-fpm-alpine] 107828983} {[functions/gateway@sha256:01aea2775bb40d69588d2c6e83e8b9ea5009b9f405b140e643eb4be2a775814d functions/gateway:arm64-0.6.6-beta2] 106004910} {[k8s.gcr.io/kube-proxy-arm64@sha256:3bb2bfdc016ae46d131af74040bec2c48134c733ae90fead4da3568014fb450a k8s.gcr.io/kube-proxy-arm64:v1.11.2] 102835336} {[nginx@sha256:3e2ffcf0edca2a4e9b24ca442d227baea7b7f0e33ad654ef1eb806fbd9bedcf0 nginx:latest] 102594503} {[k8s.gcr.io/kube-proxy-arm64@sha256:f024ad81abe8b9bf473c0b8ff5c96723505b8a592379d606038499f8a77f663b k8s.gcr.io/kube-proxy-arm64:v1.10.4] 100601489} {[k8s.gcr.io/kube-proxy-arm64@sha256:b21badcd0799bb7495ebcbc17557861384da1eac42d6527937a8aaed0c329d6c k8s.gcr.io/kube-proxy-arm64:v1.10.3] 100598796} {[k8s.gcr.io/echoserver@sha256:d2a8af33e4e6dc7f18fc8d0cd345b2c893922083c6e2c2cbf24a2efcaa7aa3ba k8s.gcr.io/echoserver:1.6] 95247805} {[gcr.io/google-samples/gb-redisslave-arm64@sha256:2420127acd816ebbdbaa33cab372493859c1d40b3a2d5d6fc05bc38887ad9511 gcr.io/google-samples/gb-redisslave-arm64:v2] 94082700} {[nginx@sha256:e3456c851a152494c3e4ff5fcc26f240206abac0c9d794affb40e0714846c451 nginx:1.7.9] 91641000} {[&lt;none&gt;@&lt;none&gt; &lt;none&gt;:&lt;none&gt;] 76567645} {[ubuntu@sha256:3f119dc0737f57f704ebecac8a6d8477b0f6ca1ca0332c7ee1395ed2c6a82be7 ubuntu:bionic] 76171071} {[k8s.gcr.io/kube-scheduler-arm64@sha256:3ece3012cc6fedf5193fd1c80aee4b6da2835098b7799d4940fb4a79fc1be0ee k8s.gcr.io/kube-scheduler-arm64:v1.11.2] 56216691} {[weaveworks/weave-npc@sha256:715b03e14874355f1f793f7bc11d843a00b390b2806bd996f1e47e8acb1020aa weaveworks/weave-npc:2.4.0] 51096437} {[k8s.gcr.io/k8s-dns-kube-dns-arm64@sha256:9bcc8fda237765f8b8f8fdf5af220b856adbc8b56d72dc4f336d44510d1749d9 k8s.gcr.io/k8s-dns-kube-dns-arm64:1.14.8] 49350613} {[k8s.gcr.io/kube-scheduler-arm64@sha256:fbff009828de95e14856325ebcfc6e1c0cdb456a052c62ba0c64221773c68686 k8s.gcr.io/kube-scheduler-arm64:v1.10.4] 48502539} {[k8s.gcr.io/kube-scheduler-arm64@sha256:6847ebb67c5a2928d8997d98001eb107a50601e85e07c3245f72b14df4518616 k8s.gcr.io/kube-scheduler-arm64:v1.10.3] 48434682} {[k8s.gcr.io/k8s-dns-dnsmasq-nanny-arm64@sha256:35ac228d45ab5f4209f25317506fa53b762f6d8ad333d1ff795393fa6e97b29c k8s.gcr.io/k8s-dns-dnsmasq-nanny-arm64:1.14.8] 42547598} {[k8s.gcr.io/k8s-dns-sidecar-arm64@sha256:b2c1e4e04d77ed564e918ebd16443dfb2217653b58293e616e36f034068d6da3 k8s.gcr.io/k8s-dns-sidecar-arm64:1.14.8] 41256276}],VolumesInUse:[],VolumesAttached:[],Config:nil,},}&#xA;Sep 10 03:58:58.871: INFO: &#xA;Logging kubelet events for node node3&#xA;Sep 10 03:58:58.875: INFO: &#xA;Logging pods the kubelet thinks is on node node3&#xA;Sep 10 03:58:58.887: INFO: weave-net-qrwm8 started at 2018-09-01 03:55:38 +0000 UTC (0+2 container statuses recorded)&#xA;Sep 10 03:58:58.887: INFO: &#x9;Container weave ready: true, restart count 4&#xA;Sep 10 03:58:58.887: INFO: &#x9;Container weave-npc ready: true, restart count 2&#xA;Sep 10 03:58:58.887: INFO: coredns-78fcdf6894-f55jj started at 2018-09-01 03:57:03 +0000 UTC (0+1 container statuses recorded)&#xA;Sep 10 03:58:58.887: INFO: &#x9;Container coredns ready: true, restart count 2&#xA;Sep 10 03:58:58.887: INFO: etcd-node3 started at &lt;nil&gt; (0+0 container statuses recorded)&#xA;Sep 10 03:58:58.887: INFO: kube-apiserver-node3 started at &lt;nil&gt; (0+0 container statuses recorded)&#xA;Sep 10 03:58:58.887: INFO: kube-controller-manager-node3 started at &lt;nil&gt; (0+0 container statuses recorded)&#xA;Sep 10 03:58:58.887: INFO: kube-scheduler-node3 started at &lt;nil&gt; (0+0 container statuses recorded)&#xA;Sep 10 03:58:58.887: INFO: kube-proxy-d6xgq started at 2018-09-01 03:55:38 +0000 UTC (0+1 container statuses recorded)&#xA;Sep 10 03:58:58.887: INFO: &#x9;Container kube-proxy ready: true, restart count 2&#xA;Sep 10 03:58:58.887: INFO: coredns-78fcdf6894-vlxkz started at 2018-09-01 03:57:03 +0000 UTC (0+1 container statuses recorded)&#xA;Sep 10 03:58:58.887: INFO: &#x9;Container coredns ready: true, restart count 2&#xA;Sep 10 03:58:58.994: INFO: &#xA;Latency metrics for node node3&#xA;Sep 10 03:58:58.994: INFO: {Operation:stop_container Method:docker_operations_latency_microseconds Quantile:0.99 Latency:20.01722s}&#xA;Sep 10 03:58:58.995: INFO: {Operation:stop_container Method:docker_operations_latency_microseconds Quantile:0.9 Latency:20.003825s}&#xA;�[1mSTEP�[0m: Dumping a list of prepulled images on each node to file /e2e/image-puller.txt&#xA;Sep 10 03:58:59.001: INFO: Waiting up to 3m0s for all (but 0) nodes to be ready&#xA;�[1mSTEP�[0m: Destroying namespace &#34;e2e-tests-configmap-skghf&#34; for this suite.&#xA;Sep 10 03:59:05.021: INFO: Waiting up to 30s for server preferred namespaced resources to be successfully discovered&#xA;Sep 10 03:59:05.043: INFO: namespace: e2e-tests-configmap-skghf, resource: bindings, ignored listing per whitelist&#xA;Sep 10 03:59:05.158: INFO: namespace e2e-tests-configmap-skghf deletion completed in 6.15162626s&#xA;</system-out>
      </testcase>
      <testcase name="[sig-storage] Subpath [Volume type: nfs] should support readOnly directory specified in the volumeMount" classname="Kubernetes e2e suite" time="0">
          <skipped></skipped>
      </testcase>
      <testcase name="[k8s.io] Variable Expansion should allow substituting values in a volume subpath [Feature:VolumeSubpathEnvExpansion][NodeAlphaFeature:VolumeSubpathEnvExpansion]" classname="Kubernetes e2e suite" time="0">
          <skipped></skipped>
      </testcase>
      <testcase name="[sig-storage] [Serial] Volume metrics should create volume metrics with the correct PVC ref" classname="Kubernetes e2e suite" time="0">
          <skipped></skipped>
      </testcase>
      <testcase name="[sig-storage] vcp-performance [Feature:vsphere] vcp performance tests" classname="Kubernetes e2e suite" time="0">
          <skipped></skipped>
      </testcase>
      <testcase name="[sig-storage] EmptyDir volumes volume on default medium should have the correct mode [NodeConformance] [Conformance]" classname="Kubernetes e2e suite" time="8.37720128"></testcase>
      <testcase name="[sig-storage] Volume Placement should create and delete pod with multiple volumes from same datastore" classname="Kubernetes e2e suite" time="0">
          <skipped></skipped>
      </testcase>
      <testcase name="[sig-scheduling] ResourceQuota should create a ResourceQuota and capture the life of a configMap." classname="Kubernetes e2e suite" time="0">
          <skipped></skipped>
      </testcase>
      <testcase name="[sig-cli] Kubectl client [k8s.io] Kubectl apply should reuse port when apply to an existing SVC" classname="Kubernetes e2e suite" time="0">
          <skipped></skipped>
      </testcase>
      <testcase name="[sig-storage] PersistentVolumes-local  [Volume type: dir-bindmounted] Set fsGroup for local volume should set fsGroup for one pod" classname="Kubernetes e2e suite" time="0">
          <skipped></skipped>
      </testcase>
      <testcase name="[sig-storage] Projected should project all components that make up the projection API [Projection][NodeConformance] [Conformance]" classname="Kubernetes e2e suite" time="311.28742086">
          <failure type="Failure">/root/gopath/src/k8s.io/kubernetes/_output/local/go/src/k8s.io/kubernetes/test/e2e/framework/framework.go:684&#xA;Expected error:&#xA;    &lt;*errors.errorString | 0x4422a82980&gt;: {&#xA;        s: &#34;expected pod \&#34;projected-volume-e14b7302-b4ad-11e8-bc45-00073e906c7f\&#34; success: Gave up after waiting 5m0s for pod \&#34;projected-volume-e14b7302-b4ad-11e8-bc45-00073e906c7f\&#34; to be \&#34;success or failure\&#34;&#34;,&#xA;    }&#xA;    expected pod &#34;projected-volume-e14b7302-b4ad-11e8-bc45-00073e906c7f&#34; success: Gave up after waiting 5m0s for pod &#34;projected-volume-e14b7302-b4ad-11e8-bc45-00073e906c7f&#34; to be &#34;success or failure&#34;&#xA;not to have occurred&#xA;/root/gopath/src/k8s.io/kubernetes/_output/local/go/src/k8s.io/kubernetes/test/e2e/framework/util.go:2325</failure>
          <system-out>[BeforeEach] [sig-storage] Projected&#xA;  /root/gopath/src/k8s.io/kubernetes/_output/local/go/src/k8s.io/kubernetes/test/e2e/framework/framework.go:141&#xA;�[1mSTEP�[0m: Creating a kubernetes client&#xA;Sep 10 03:59:13.536: INFO: &gt;&gt;&gt; kubeConfig: /etc/kubernetes/admin.conf&#xA;�[1mSTEP�[0m: Building a namespace api object&#xA;�[1mSTEP�[0m: Waiting for a default service account to be provisioned in namespace&#xA;[BeforeEach] [sig-storage] Projected&#xA;  /root/gopath/src/k8s.io/kubernetes/_output/local/go/src/k8s.io/kubernetes/test/e2e/common/projected.go:858&#xA;[It] should project all components that make up the projection API [Projection][NodeConformance] [Conformance]&#xA;  /root/gopath/src/k8s.io/kubernetes/_output/local/go/src/k8s.io/kubernetes/test/e2e/framework/framework.go:684&#xA;�[1mSTEP�[0m: Creating configMap with name configmap-projected-all-test-volume-e14b73a7-b4ad-11e8-bc45-00073e906c7f&#xA;�[1mSTEP�[0m: Creating secret with name secret-projected-all-test-volume-e14b7376-b4ad-11e8-bc45-00073e906c7f&#xA;�[1mSTEP�[0m: Creating a pod to test Check all projections for projected volume plugin&#xA;Sep 10 03:59:13.714: INFO: Waiting up to 5m0s for pod &#34;projected-volume-e14b7302-b4ad-11e8-bc45-00073e906c7f&#34; in namespace &#34;e2e-tests-projected-6dr5g&#34; to be &#34;success or failure&#34;&#xA;Sep 10 03:59:13.719: INFO: Pod &#34;projected-volume-e14b7302-b4ad-11e8-bc45-00073e906c7f&#34;: Phase=&#34;Pending&#34;, Reason=&#34;&#34;, readiness=false. Elapsed: 4.97792ms&#xA;Sep 10 03:59:15.724: INFO: Pod &#34;projected-volume-e14b7302-b4ad-11e8-bc45-00073e906c7f&#34;: Phase=&#34;Pending&#34;, Reason=&#34;&#34;, readiness=false. Elapsed: 2.0100342s&#xA;Sep 10 03:59:17.729: INFO: Pod &#34;projected-volume-e14b7302-b4ad-11e8-bc45-00073e906c7f&#34;: Phase=&#34;Pending&#34;, Reason=&#34;&#34;, readiness=false. Elapsed: 4.0151732s&#xA;Sep 10 03:59:19.734: INFO: Pod &#34;projected-volume-e14b7302-b4ad-11e8-bc45-00073e906c7f&#34;: Phase=&#34;Pending&#34;, Reason=&#34;&#34;, readiness=false. Elapsed: 6.02031094s&#xA;Sep 10 03:59:21.740: INFO: Pod &#34;projected-volume-e14b7302-b4ad-11e8-bc45-00073e906c7f&#34;: Phase=&#34;Pending&#34;, Reason=&#34;&#34;, readiness=false. Elapsed: 8.02537856s&#xA;Sep 10 03:59:23.744: INFO: Pod &#34;projected-volume-e14b7302-b4ad-11e8-bc45-00073e906c7f&#34;: Phase=&#34;Pending&#34;, Reason=&#34;&#34;, readiness=false. Elapsed: 10.0303412s&#xA;Sep 10 03:59:25.749: INFO: Pod &#34;projected-volume-e14b7302-b4ad-11e8-bc45-00073e906c7f&#34;: Phase=&#34;Pending&#34;, Reason=&#34;&#34;, readiness=false. Elapsed: 12.03521502s&#xA;Sep 10 03:59:27.755: INFO: Pod &#34;projected-volume-e14b7302-b4ad-11e8-bc45-00073e906c7f&#34;: Phase=&#34;Pending&#34;, Reason=&#34;&#34;, readiness=false. Elapsed: 14.04125464s&#xA;Sep 10 03:59:29.760: INFO: Pod &#34;projected-volume-e14b7302-b4ad-11e8-bc45-00073e906c7f&#34;: Phase=&#34;Pending&#34;, Reason=&#34;&#34;, readiness=false. Elapsed: 16.04635876s&#xA;Sep 10 03:59:31.765: INFO: Pod &#34;projected-volume-e14b7302-b4ad-11e8-bc45-00073e906c7f&#34;: Phase=&#34;Pending&#34;, Reason=&#34;&#34;, readiness=false. Elapsed: 18.05121068s&#xA;Sep 10 03:59:33.770: INFO: Pod &#34;projected-volume-e14b7302-b4ad-11e8-bc45-00073e906c7f&#34;: Phase=&#34;Pending&#34;, Reason=&#34;&#34;, readiness=false. Elapsed: 20.05622532s&#xA;Sep 10 03:59:35.775: INFO: Pod &#34;projected-volume-e14b7302-b4ad-11e8-bc45-00073e906c7f&#34;: Phase=&#34;Pending&#34;, Reason=&#34;&#34;, readiness=false. Elapsed: 22.06108496s&#xA;Sep 10 03:59:37.780: INFO: Pod &#34;projected-volume-e14b7302-b4ad-11e8-bc45-00073e906c7f&#34;: Phase=&#34;Pending&#34;, Reason=&#34;&#34;, readiness=false. Elapsed: 24.06600374s&#xA;Sep 10 03:59:39.785: INFO: Pod &#34;projected-volume-e14b7302-b4ad-11e8-bc45-00073e906c7f&#34;: Phase=&#34;Pending&#34;, Reason=&#34;&#34;, readiness=false. Elapsed: 26.0710192s&#xA;Sep 10 03:59:41.790: INFO: Pod &#34;projected-volume-e14b7302-b4ad-11e8-bc45-00073e906c7f&#34;: Phase=&#34;Pending&#34;, Reason=&#34;&#34;, readiness=false. Elapsed: 28.07560648s&#xA;Sep 10 03:59:43.795: INFO: Pod &#34;projected-volume-e14b7302-b4ad-11e8-bc45-00073e906c7f&#34;: Phase=&#34;Pending&#34;, Reason=&#34;&#34;, readiness=false. Elapsed: 30.08059388s&#xA;Sep 10 03:59:45.800: INFO: Pod &#34;projected-volume-e14b7302-b4ad-11e8-bc45-00073e906c7f&#34;: Phase=&#34;Pending&#34;, Reason=&#34;&#34;, readiness=false. Elapsed: 32.08555586s&#xA;Sep 10 03:59:47.806: INFO: Pod &#34;projected-volume-e14b7302-b4ad-11e8-bc45-00073e906c7f&#34;: Phase=&#34;Pending&#34;, Reason=&#34;&#34;, readiness=false. Elapsed: 34.09165226s&#xA;Sep 10 03:59:49.811: INFO: Pod &#34;projected-volume-e14b7302-b4ad-11e8-bc45-00073e906c7f&#34;: Phase=&#34;Pending&#34;, Reason=&#34;&#34;, readiness=false. Elapsed: 36.09670562s&#xA;Sep 10 03:59:51.815: INFO: Pod &#34;projected-volume-e14b7302-b4ad-11e8-bc45-00073e906c7f&#34;: Phase=&#34;Pending&#34;, Reason=&#34;&#34;, readiness=false. Elapsed: 38.1012867s&#xA;Sep 10 03:59:53.821: INFO: Pod &#34;projected-volume-e14b7302-b4ad-11e8-bc45-00073e906c7f&#34;: Phase=&#34;Pending&#34;, Reason=&#34;&#34;, readiness=false. Elapsed: 40.10645634s&#xA;Sep 10 03:59:55.826: INFO: Pod &#34;projected-volume-e14b7302-b4ad-11e8-bc45-00073e906c7f&#34;: Phase=&#34;Pending&#34;, Reason=&#34;&#34;, readiness=false. Elapsed: 42.11170024s&#xA;Sep 10 03:59:57.831: INFO: Pod &#34;projected-volume-e14b7302-b4ad-11e8-bc45-00073e906c7f&#34;: Phase=&#34;Pending&#34;, Reason=&#34;&#34;, readiness=false. Elapsed: 44.116907s&#xA;Sep 10 03:59:59.836: INFO: Pod &#34;projected-volume-e14b7302-b4ad-11e8-bc45-00073e906c7f&#34;: Phase=&#34;Pending&#34;, Reason=&#34;&#34;, readiness=false. Elapsed: 46.12227626s&#xA;Sep 10 04:00:01.842: INFO: Pod &#34;projected-volume-e14b7302-b4ad-11e8-bc45-00073e906c7f&#34;: Phase=&#34;Pending&#34;, Reason=&#34;&#34;, readiness=false. Elapsed: 48.12766366s&#xA;Sep 10 04:00:03.847: INFO: Pod &#34;projected-volume-e14b7302-b4ad-11e8-bc45-00073e906c7f&#34;: Phase=&#34;Pending&#34;, Reason=&#34;&#34;, readiness=false. Elapsed: 50.1332836s&#xA;Sep 10 04:00:05.853: INFO: Pod &#34;projected-volume-e14b7302-b4ad-11e8-bc45-00073e906c7f&#34;: Phase=&#34;Pending&#34;, Reason=&#34;&#34;, readiness=false. Elapsed: 52.13863438s&#xA;Sep 10 04:00:07.858: INFO: Pod &#34;projected-volume-e14b7302-b4ad-11e8-bc45-00073e906c7f&#34;: Phase=&#34;Pending&#34;, Reason=&#34;&#34;, readiness=false. Elapsed: 54.14432522s&#xA;Sep 10 04:00:09.864: INFO: Pod &#34;projected-volume-e14b7302-b4ad-11e8-bc45-00073e906c7f&#34;: Phase=&#34;Pending&#34;, Reason=&#34;&#34;, readiness=false. Elapsed: 56.14967338s&#xA;Sep 10 04:00:11.869: INFO: Pod &#34;projected-volume-e14b7302-b4ad-11e8-bc45-00073e906c7f&#34;: Phase=&#34;Pending&#34;, Reason=&#34;&#34;, readiness=false. Elapsed: 58.1549574s&#xA;Sep 10 04:00:13.874: INFO: Pod &#34;projected-volume-e14b7302-b4ad-11e8-bc45-00073e906c7f&#34;: Phase=&#34;Pending&#34;, Reason=&#34;&#34;, readiness=false. Elapsed: 1m0.1603231s&#xA;Sep 10 04:00:15.879: INFO: Pod &#34;projected-volume-e14b7302-b4ad-11e8-bc45-00073e906c7f&#34;: Phase=&#34;Pending&#34;, Reason=&#34;&#34;, readiness=false. Elapsed: 1m2.16494612s&#xA;Sep 10 04:00:17.884: INFO: Pod &#34;projected-volume-e14b7302-b4ad-11e8-bc45-00073e906c7f&#34;: Phase=&#34;Pending&#34;, Reason=&#34;&#34;, readiness=false. Elapsed: 1m4.17022768s&#xA;Sep 10 04:00:19.890: INFO: Pod &#34;projected-volume-e14b7302-b4ad-11e8-bc45-00073e906c7f&#34;: Phase=&#34;Pending&#34;, Reason=&#34;&#34;, readiness=false. Elapsed: 1m6.17554644s&#xA;Sep 10 04:00:21.894: INFO: Pod &#34;projected-volume-e14b7302-b4ad-11e8-bc45-00073e906c7f&#34;: Phase=&#34;Pending&#34;, Reason=&#34;&#34;, readiness=false. Elapsed: 1m8.18032226s&#xA;Sep 10 04:00:23.900: INFO: Pod &#34;projected-volume-e14b7302-b4ad-11e8-bc45-00073e906c7f&#34;: Phase=&#34;Pending&#34;, Reason=&#34;&#34;, readiness=false. Elapsed: 1m10.18538832s&#xA;Sep 10 04:00:25.905: INFO: Pod &#34;projected-volume-e14b7302-b4ad-11e8-bc45-00073e906c7f&#34;: Phase=&#34;Pending&#34;, Reason=&#34;&#34;, readiness=false. Elapsed: 1m12.1904316s&#xA;Sep 10 04:00:27.910: INFO: Pod &#34;projected-volume-e14b7302-b4ad-11e8-bc45-00073e906c7f&#34;: Phase=&#34;Pending&#34;, Reason=&#34;&#34;, readiness=false. Elapsed: 1m14.19557488s&#xA;Sep 10 04:00:29.915: INFO: Pod &#34;projected-volume-e14b7302-b4ad-11e8-bc45-00073e906c7f&#34;: Phase=&#34;Pending&#34;, Reason=&#34;&#34;, readiness=false. Elapsed: 1m16.20068038s&#xA;Sep 10 04:00:31.921: INFO: Pod &#34;projected-volume-e14b7302-b4ad-11e8-bc45-00073e906c7f&#34;: Phase=&#34;Pending&#34;, Reason=&#34;&#34;, readiness=false. Elapsed: 1m18.20646894s&#xA;Sep 10 04:00:33.926: INFO: Pod &#34;projected-volume-e14b7302-b4ad-11e8-bc45-00073e906c7f&#34;: Phase=&#34;Pending&#34;, Reason=&#34;&#34;, readiness=false. Elapsed: 1m20.21178118s&#xA;Sep 10 04:00:35.931: INFO: Pod &#34;projected-volume-e14b7302-b4ad-11e8-bc45-00073e906c7f&#34;: Phase=&#34;Pending&#34;, Reason=&#34;&#34;, readiness=false. Elapsed: 1m22.2165545s&#xA;Sep 10 04:00:37.936: INFO: Pod &#34;projected-volume-e14b7302-b4ad-11e8-bc45-00073e906c7f&#34;: Phase=&#34;Pending&#34;, Reason=&#34;&#34;, readiness=false. Elapsed: 1m24.22156142s&#xA;Sep 10 04:00:39.941: INFO: Pod &#34;projected-volume-e14b7302-b4ad-11e8-bc45-00073e906c7f&#34;: Phase=&#34;Pending&#34;, Reason=&#34;&#34;, readiness=false. Elapsed: 1m26.22647866s&#xA;Sep 10 04:00:41.945: INFO: Pod &#34;projected-volume-e14b7302-b4ad-11e8-bc45-00073e906c7f&#34;: Phase=&#34;Pending&#34;, Reason=&#34;&#34;, readiness=false. Elapsed: 1m28.2311504s&#xA;Sep 10 04:00:43.950: INFO: Pod &#34;projected-volume-e14b7302-b4ad-11e8-bc45-00073e906c7f&#34;: Phase=&#34;Pending&#34;, Reason=&#34;&#34;, readiness=false. Elapsed: 1m30.2360637s&#xA;Sep 10 04:00:45.955: INFO: Pod &#34;projected-volume-e14b7302-b4ad-11e8-bc45-00073e906c7f&#34;: Phase=&#34;Pending&#34;, Reason=&#34;&#34;, readiness=false. Elapsed: 1m32.24113918s&#xA;Sep 10 04:00:47.961: INFO: Pod &#34;projected-volume-e14b7302-b4ad-11e8-bc45-00073e906c7f&#34;: Phase=&#34;Pending&#34;, Reason=&#34;&#34;, readiness=false. Elapsed: 1m34.24667254s&#xA;Sep 10 04:00:49.966: INFO: Pod &#34;projected-volume-e14b7302-b4ad-11e8-bc45-00073e906c7f&#34;: Phase=&#34;Pending&#34;, Reason=&#34;&#34;, readiness=false. Elapsed: 1m36.25161388s&#xA;Sep 10 04:00:51.970: INFO: Pod &#34;projected-volume-e14b7302-b4ad-11e8-bc45-00073e906c7f&#34;: Phase=&#34;Pending&#34;, Reason=&#34;&#34;, readiness=false. Elapsed: 1m38.25626186s&#xA;Sep 10 04:00:53.975: INFO: Pod &#34;projected-volume-e14b7302-b4ad-11e8-bc45-00073e906c7f&#34;: Phase=&#34;Pending&#34;, Reason=&#34;&#34;, readiness=false. Elapsed: 1m40.26114808s&#xA;Sep 10 04:00:55.980: INFO: Pod &#34;projected-volume-e14b7302-b4ad-11e8-bc45-00073e906c7f&#34;: Phase=&#34;Pending&#34;, Reason=&#34;&#34;, readiness=false. Elapsed: 1m42.26635884s&#xA;Sep 10 04:00:57.985: INFO: Pod &#34;projected-volume-e14b7302-b4ad-11e8-bc45-00073e906c7f&#34;: Phase=&#34;Pending&#34;, Reason=&#34;&#34;, readiness=false. Elapsed: 1m44.2710694s&#xA;Sep 10 04:00:59.990: INFO: Pod &#34;projected-volume-e14b7302-b4ad-11e8-bc45-00073e906c7f&#34;: Phase=&#34;Pending&#34;, Reason=&#34;&#34;, readiness=false. Elapsed: 1m46.27598988s&#xA;Sep 10 04:01:01.995: INFO: Pod &#34;projected-volume-e14b7302-b4ad-11e8-bc45-00073e906c7f&#34;: Phase=&#34;Pending&#34;, Reason=&#34;&#34;, readiness=false. Elapsed: 1m48.28074522s&#xA;Sep 10 04:01:04.000: INFO: Pod &#34;projected-volume-e14b7302-b4ad-11e8-bc45-00073e906c7f&#34;: Phase=&#34;Pending&#34;, Reason=&#34;&#34;, readiness=false. Elapsed: 1m50.28577026s&#xA;Sep 10 04:01:06.005: INFO: Pod &#34;projected-volume-e14b7302-b4ad-11e8-bc45-00073e906c7f&#34;: Phase=&#34;Pending&#34;, Reason=&#34;&#34;, readiness=false. Elapsed: 1m52.29041224s&#xA;Sep 10 04:01:08.010: INFO: Pod &#34;projected-volume-e14b7302-b4ad-11e8-bc45-00073e906c7f&#34;: Phase=&#34;Pending&#34;, Reason=&#34;&#34;, readiness=false. Elapsed: 1m54.29575974s&#xA;Sep 10 04:01:10.015: INFO: Pod &#34;projected-volume-e14b7302-b4ad-11e8-bc45-00073e906c7f&#34;: Phase=&#34;Pending&#34;, Reason=&#34;&#34;, readiness=false. Elapsed: 1m56.30072948s&#xA;Sep 10 04:01:12.020: INFO: Pod &#34;projected-volume-e14b7302-b4ad-11e8-bc45-00073e906c7f&#34;: Phase=&#34;Pending&#34;, Reason=&#34;&#34;, readiness=false. Elapsed: 1m58.30540994s&#xA;Sep 10 04:01:14.025: INFO: Pod &#34;projected-volume-e14b7302-b4ad-11e8-bc45-00073e906c7f&#34;: Phase=&#34;Pending&#34;, Reason=&#34;&#34;, readiness=false. Elapsed: 2m0.3105188s&#xA;Sep 10 04:01:16.030: INFO: Pod &#34;projected-volume-e14b7302-b4ad-11e8-bc45-00073e906c7f&#34;: Phase=&#34;Pending&#34;, Reason=&#34;&#34;, readiness=false. Elapsed: 2m2.31566514s&#xA;Sep 10 04:01:18.035: INFO: Pod &#34;projected-volume-e14b7302-b4ad-11e8-bc45-00073e906c7f&#34;: Phase=&#34;Pending&#34;, Reason=&#34;&#34;, readiness=false. Elapsed: 2m4.32068884s&#xA;Sep 10 04:01:20.040: INFO: Pod &#34;projected-volume-e14b7302-b4ad-11e8-bc45-00073e906c7f&#34;: Phase=&#34;Pending&#34;, Reason=&#34;&#34;, readiness=false. Elapsed: 2m6.32576254s&#xA;Sep 10 04:01:22.045: INFO: Pod &#34;projected-volume-e14b7302-b4ad-11e8-bc45-00073e906c7f&#34;: Phase=&#34;Pending&#34;, Reason=&#34;&#34;, readiness=false. Elapsed: 2m8.33049742s&#xA;Sep 10 04:01:24.050: INFO: Pod &#34;projected-volume-e14b7302-b4ad-11e8-bc45-00073e906c7f&#34;: Phase=&#34;Pending&#34;, Reason=&#34;&#34;, readiness=false. Elapsed: 2m10.33548576s&#xA;Sep 10 04:01:26.055: INFO: Pod &#34;projected-volume-e14b7302-b4ad-11e8-bc45-00073e906c7f&#34;: Phase=&#34;Pending&#34;, Reason=&#34;&#34;, readiness=false. Elapsed: 2m12.3404136s&#xA;Sep 10 04:01:28.060: INFO: Pod &#34;projected-volume-e14b7302-b4ad-11e8-bc45-00073e906c7f&#34;: Phase=&#34;Pending&#34;, Reason=&#34;&#34;, readiness=false. Elapsed: 2m14.34552608s&#xA;Sep 10 04:01:30.065: INFO: Pod &#34;projected-volume-e14b7302-b4ad-11e8-bc45-00073e906c7f&#34;: Phase=&#34;Pending&#34;, Reason=&#34;&#34;, readiness=false. Elapsed: 2m16.35085254s&#xA;Sep 10 04:01:32.070: INFO: Pod &#34;projected-volume-e14b7302-b4ad-11e8-bc45-00073e906c7f&#34;: Phase=&#34;Pending&#34;, Reason=&#34;&#34;, readiness=false. Elapsed: 2m18.3563008s&#xA;Sep 10 04:01:34.076: INFO: Pod &#34;projected-volume-e14b7302-b4ad-11e8-bc45-00073e906c7f&#34;: Phase=&#34;Pending&#34;, Reason=&#34;&#34;, readiness=false. Elapsed: 2m20.36151514s&#xA;Sep 10 04:01:36.081: INFO: Pod &#34;projected-volume-e14b7302-b4ad-11e8-bc45-00073e906c7f&#34;: Phase=&#34;Pending&#34;, Reason=&#34;&#34;, readiness=false. Elapsed: 2m22.36639474s&#xA;Sep 10 04:01:38.085: INFO: Pod &#34;projected-volume-e14b7302-b4ad-11e8-bc45-00073e906c7f&#34;: Phase=&#34;Pending&#34;, Reason=&#34;&#34;, readiness=false. Elapsed: 2m24.37128944s&#xA;Sep 10 04:01:40.090: INFO: Pod &#34;projected-volume-e14b7302-b4ad-11e8-bc45-00073e906c7f&#34;: Phase=&#34;Pending&#34;, Reason=&#34;&#34;, readiness=false. Elapsed: 2m26.37629184s&#xA;Sep 10 04:01:42.095: INFO: Pod &#34;projected-volume-e14b7302-b4ad-11e8-bc45-00073e906c7f&#34;: Phase=&#34;Pending&#34;, Reason=&#34;&#34;, readiness=false. Elapsed: 2m28.3810925s&#xA;Sep 10 04:01:44.101: INFO: Pod &#34;projected-volume-e14b7302-b4ad-11e8-bc45-00073e906c7f&#34;: Phase=&#34;Pending&#34;, Reason=&#34;&#34;, readiness=false. Elapsed: 2m30.3866906s&#xA;Sep 10 04:01:46.115: INFO: Pod &#34;projected-volume-e14b7302-b4ad-11e8-bc45-00073e906c7f&#34;: Phase=&#34;Pending&#34;, Reason=&#34;&#34;, readiness=false. Elapsed: 2m32.4007544s&#xA;Sep 10 04:01:48.123: INFO: Pod &#34;projected-volume-e14b7302-b4ad-11e8-bc45-00073e906c7f&#34;: Phase=&#34;Pending&#34;, Reason=&#34;&#34;, readiness=false. Elapsed: 2m34.40840406s&#xA;Sep 10 04:01:50.128: INFO: Pod &#34;projected-volume-e14b7302-b4ad-11e8-bc45-00073e906c7f&#34;: Phase=&#34;Pending&#34;, Reason=&#34;&#34;, readiness=false. Elapsed: 2m36.4134616s&#xA;Sep 10 04:01:52.132: INFO: Pod &#34;projected-volume-e14b7302-b4ad-11e8-bc45-00073e906c7f&#34;: Phase=&#34;Pending&#34;, Reason=&#34;&#34;, readiness=false. Elapsed: 2m38.4181313s&#xA;Sep 10 04:01:54.137: INFO: Pod &#34;projected-volume-e14b7302-b4ad-11e8-bc45-00073e906c7f&#34;: Phase=&#34;Pending&#34;, Reason=&#34;&#34;, readiness=false. Elapsed: 2m40.4228871s&#xA;Sep 10 04:01:56.142: INFO: Pod &#34;projected-volume-e14b7302-b4ad-11e8-bc45-00073e906c7f&#34;: Phase=&#34;Pending&#34;, Reason=&#34;&#34;, readiness=false. Elapsed: 2m42.42796674s&#xA;Sep 10 04:01:58.147: INFO: Pod &#34;projected-volume-e14b7302-b4ad-11e8-bc45-00073e906c7f&#34;: Phase=&#34;Pending&#34;, Reason=&#34;&#34;, readiness=false. Elapsed: 2m44.4329621s&#xA;Sep 10 04:02:00.152: INFO: Pod &#34;projected-volume-e14b7302-b4ad-11e8-bc45-00073e906c7f&#34;: Phase=&#34;Pending&#34;, Reason=&#34;&#34;, readiness=false. Elapsed: 2m46.43824476s&#xA;Sep 10 04:02:02.157: INFO: Pod &#34;projected-volume-e14b7302-b4ad-11e8-bc45-00073e906c7f&#34;: Phase=&#34;Pending&#34;, Reason=&#34;&#34;, readiness=false. Elapsed: 2m48.44315032s&#xA;Sep 10 04:02:04.162: INFO: Pod &#34;projected-volume-e14b7302-b4ad-11e8-bc45-00073e906c7f&#34;: Phase=&#34;Pending&#34;, Reason=&#34;&#34;, readiness=false. Elapsed: 2m50.44814344s&#xA;Sep 10 04:02:06.167: INFO: Pod &#34;projected-volume-e14b7302-b4ad-11e8-bc45-00073e906c7f&#34;: Phase=&#34;Pending&#34;, Reason=&#34;&#34;, readiness=false. Elapsed: 2m52.452948s&#xA;Sep 10 04:02:08.172: INFO: Pod &#34;projected-volume-e14b7302-b4ad-11e8-bc45-00073e906c7f&#34;: Phase=&#34;Pending&#34;, Reason=&#34;&#34;, readiness=false. Elapsed: 2m54.45827874s&#xA;Sep 10 04:02:10.177: INFO: Pod &#34;projected-volume-e14b7302-b4ad-11e8-bc45-00073e906c7f&#34;: Phase=&#34;Pending&#34;, Reason=&#34;&#34;, readiness=false. Elapsed: 2m56.46296716s&#xA;Sep 10 04:02:12.182: INFO: Pod &#34;projected-volume-e14b7302-b4ad-11e8-bc45-00073e906c7f&#34;: Phase=&#34;Pending&#34;, Reason=&#34;&#34;, readiness=false. Elapsed: 2m58.46784988s&#xA;Sep 10 04:02:14.187: INFO: Pod &#34;projected-volume-e14b7302-b4ad-11e8-bc45-00073e906c7f&#34;: Phase=&#34;Pending&#34;, Reason=&#34;&#34;, readiness=false. Elapsed: 3m0.4727328s&#xA;Sep 10 04:02:16.192: INFO: Pod &#34;projected-volume-e14b7302-b4ad-11e8-bc45-00073e906c7f&#34;: Phase=&#34;Pending&#34;, Reason=&#34;&#34;, readiness=false. Elapsed: 3m2.47801266s&#xA;Sep 10 04:02:18.197: INFO: Pod &#34;projected-volume-e14b7302-b4ad-11e8-bc45-00073e906c7f&#34;: Phase=&#34;Pending&#34;, Reason=&#34;&#34;, readiness=false. Elapsed: 3m4.48312776s&#xA;Sep 10 04:02:20.202: INFO: Pod &#34;projected-volume-e14b7302-b4ad-11e8-bc45-00073e906c7f&#34;: Phase=&#34;Pending&#34;, Reason=&#34;&#34;, readiness=false. Elapsed: 3m6.48804218s&#xA;Sep 10 04:02:22.207: INFO: Pod &#34;projected-volume-e14b7302-b4ad-11e8-bc45-00073e906c7f&#34;: Phase=&#34;Pending&#34;, Reason=&#34;&#34;, readiness=false. Elapsed: 3m8.49293496s&#xA;Sep 10 04:02:24.212: INFO: Pod &#34;projected-volume-e14b7302-b4ad-11e8-bc45-00073e906c7f&#34;: Phase=&#34;Pending&#34;, Reason=&#34;&#34;, readiness=false. Elapsed: 3m10.49786618s&#xA;Sep 10 04:02:26.217: INFO: Pod &#34;projected-volume-e14b7302-b4ad-11e8-bc45-00073e906c7f&#34;: Phase=&#34;Pending&#34;, Reason=&#34;&#34;, readiness=false. Elapsed: 3m12.50275998s&#xA;Sep 10 04:02:28.222: INFO: Pod &#34;projected-volume-e14b7302-b4ad-11e8-bc45-00073e906c7f&#34;: Phase=&#34;Pending&#34;, Reason=&#34;&#34;, readiness=false. Elapsed: 3m14.50781416s&#xA;Sep 10 04:02:30.227: INFO: Pod &#34;projected-volume-e14b7302-b4ad-11e8-bc45-00073e906c7f&#34;: Phase=&#34;Pending&#34;, Reason=&#34;&#34;, readiness=false. Elapsed: 3m16.51251318s&#xA;Sep 10 04:02:32.232: INFO: Pod &#34;projected-volume-e14b7302-b4ad-11e8-bc45-00073e906c7f&#34;: Phase=&#34;Pending&#34;, Reason=&#34;&#34;, readiness=false. Elapsed: 3m18.51760426s&#xA;Sep 10 04:02:34.237: INFO: Pod &#34;projected-volume-e14b7302-b4ad-11e8-bc45-00073e906c7f&#34;: Phase=&#34;Pending&#34;, Reason=&#34;&#34;, readiness=false. Elapsed: 3m20.52258506s&#xA;Sep 10 04:02:36.241: INFO: Pod &#34;projected-volume-e14b7302-b4ad-11e8-bc45-00073e906c7f&#34;: Phase=&#34;Pending&#34;, Reason=&#34;&#34;, readiness=false. Elapsed: 3m22.52732852s&#xA;Sep 10 04:02:38.246: INFO: Pod &#34;projected-volume-e14b7302-b4ad-11e8-bc45-00073e906c7f&#34;: Phase=&#34;Pending&#34;, Reason=&#34;&#34;, readiness=false. Elapsed: 3m24.53220778s&#xA;Sep 10 04:02:40.251: INFO: Pod &#34;projected-volume-e14b7302-b4ad-11e8-bc45-00073e906c7f&#34;: Phase=&#34;Pending&#34;, Reason=&#34;&#34;, readiness=false. Elapsed: 3m26.537162s&#xA;Sep 10 04:02:42.256: INFO: Pod &#34;projected-volume-e14b7302-b4ad-11e8-bc45-00073e906c7f&#34;: Phase=&#34;Pending&#34;, Reason=&#34;&#34;, readiness=false. Elapsed: 3m28.54202796s&#xA;Sep 10 04:02:44.261: INFO: Pod &#34;projected-volume-e14b7302-b4ad-11e8-bc45-00073e906c7f&#34;: Phase=&#34;Pending&#34;, Reason=&#34;&#34;, readiness=false. Elapsed: 3m30.54685712s&#xA;Sep 10 04:02:46.266: INFO: Pod &#34;projected-volume-e14b7302-b4ad-11e8-bc45-00073e906c7f&#34;: Phase=&#34;Pending&#34;, Reason=&#34;&#34;, readiness=false. Elapsed: 3m32.5518111s&#xA;Sep 10 04:02:48.271: INFO: Pod &#34;projected-volume-e14b7302-b4ad-11e8-bc45-00073e906c7f&#34;: Phase=&#34;Pending&#34;, Reason=&#34;&#34;, readiness=false. Elapsed: 3m34.55694552s&#xA;Sep 10 04:02:50.276: INFO: Pod &#34;projected-volume-e14b7302-b4ad-11e8-bc45-00073e906c7f&#34;: Phase=&#34;Pending&#34;, Reason=&#34;&#34;, readiness=false. Elapsed: 3m36.56188624s&#xA;Sep 10 04:02:52.281: INFO: Pod &#34;projected-volume-e14b7302-b4ad-11e8-bc45-00073e906c7f&#34;: Phase=&#34;Pending&#34;, Reason=&#34;&#34;, readiness=false. Elapsed: 3m38.5667833s&#xA;Sep 10 04:02:54.286: INFO: Pod &#34;projected-volume-e14b7302-b4ad-11e8-bc45-00073e906c7f&#34;: Phase=&#34;Pending&#34;, Reason=&#34;&#34;, readiness=false. Elapsed: 3m40.5718183s&#xA;Sep 10 04:02:56.291: INFO: Pod &#34;projected-volume-e14b7302-b4ad-11e8-bc45-00073e906c7f&#34;: Phase=&#34;Pending&#34;, Reason=&#34;&#34;, readiness=false. Elapsed: 3m42.57716534s&#xA;Sep 10 04:02:58.296: INFO: Pod &#34;projected-volume-e14b7302-b4ad-11e8-bc45-00073e906c7f&#34;: Phase=&#34;Pending&#34;, Reason=&#34;&#34;, readiness=false. Elapsed: 3m44.58229298s&#xA;Sep 10 04:03:00.302: INFO: Pod &#34;projected-volume-e14b7302-b4ad-11e8-bc45-00073e906c7f&#34;: Phase=&#34;Pending&#34;, Reason=&#34;&#34;, readiness=false. Elapsed: 3m46.58793222s&#xA;Sep 10 04:03:02.307: INFO: Pod &#34;projected-volume-e14b7302-b4ad-11e8-bc45-00073e906c7f&#34;: Phase=&#34;Pending&#34;, Reason=&#34;&#34;, readiness=false. Elapsed: 3m48.59318326s&#xA;Sep 10 04:03:04.313: INFO: Pod &#34;projected-volume-e14b7302-b4ad-11e8-bc45-00073e906c7f&#34;: Phase=&#34;Pending&#34;, Reason=&#34;&#34;, readiness=false. Elapsed: 3m50.59903276s&#xA;Sep 10 04:03:06.318: INFO: Pod &#34;projected-volume-e14b7302-b4ad-11e8-bc45-00073e906c7f&#34;: Phase=&#34;Pending&#34;, Reason=&#34;&#34;, readiness=false. Elapsed: 3m52.60395864s&#xA;Sep 10 04:03:08.323: INFO: Pod &#34;projected-volume-e14b7302-b4ad-11e8-bc45-00073e906c7f&#34;: Phase=&#34;Pending&#34;, Reason=&#34;&#34;, readiness=false. Elapsed: 3m54.60876724s&#xA;Sep 10 04:03:10.328: INFO: Pod &#34;projected-volume-e14b7302-b4ad-11e8-bc45-00073e906c7f&#34;: Phase=&#34;Pending&#34;, Reason=&#34;&#34;, readiness=false. Elapsed: 3m56.61354944s&#xA;Sep 10 04:03:12.333: INFO: Pod &#34;projected-volume-e14b7302-b4ad-11e8-bc45-00073e906c7f&#34;: Phase=&#34;Pending&#34;, Reason=&#34;&#34;, readiness=false. Elapsed: 3m58.61855542s&#xA;Sep 10 04:03:14.338: INFO: Pod &#34;projected-volume-e14b7302-b4ad-11e8-bc45-00073e906c7f&#34;: Phase=&#34;Pending&#34;, Reason=&#34;&#34;, readiness=false. Elapsed: 4m0.62358966s&#xA;Sep 10 04:03:16.343: INFO: Pod &#34;projected-volume-e14b7302-b4ad-11e8-bc45-00073e906c7f&#34;: Phase=&#34;Pending&#34;, Reason=&#34;&#34;, readiness=false. Elapsed: 4m2.6284769s&#xA;Sep 10 04:03:18.347: INFO: Pod &#34;projected-volume-e14b7302-b4ad-11e8-bc45-00073e906c7f&#34;: Phase=&#34;Pending&#34;, Reason=&#34;&#34;, readiness=false. Elapsed: 4m4.63322572s&#xA;Sep 10 04:03:20.352: INFO: Pod &#34;projected-volume-e14b7302-b4ad-11e8-bc45-00073e906c7f&#34;: Phase=&#34;Pending&#34;, Reason=&#34;&#34;, readiness=false. Elapsed: 4m6.63831906s&#xA;Sep 10 04:03:22.357: INFO: Pod &#34;projected-volume-e14b7302-b4ad-11e8-bc45-00073e906c7f&#34;: Phase=&#34;Pending&#34;, Reason=&#34;&#34;, readiness=false. Elapsed: 4m8.64318688s&#xA;Sep 10 04:03:24.363: INFO: Pod &#34;projected-volume-e14b7302-b4ad-11e8-bc45-00073e906c7f&#34;: Phase=&#34;Pending&#34;, Reason=&#34;&#34;, readiness=false. Elapsed: 4m10.64856934s&#xA;Sep 10 04:03:26.368: INFO: Pod &#34;projected-volume-e14b7302-b4ad-11e8-bc45-00073e906c7f&#34;: Phase=&#34;Pending&#34;, Reason=&#34;&#34;, readiness=false. Elapsed: 4m12.65350742s&#xA;Sep 10 04:03:28.373: INFO: Pod &#34;projected-volume-e14b7302-b4ad-11e8-bc45-00073e906c7f&#34;: Phase=&#34;Pending&#34;, Reason=&#34;&#34;, readiness=false. Elapsed: 4m14.65852298s&#xA;Sep 10 04:03:30.378: INFO: Pod &#34;projected-volume-e14b7302-b4ad-11e8-bc45-00073e906c7f&#34;: Phase=&#34;Pending&#34;, Reason=&#34;&#34;, readiness=false. Elapsed: 4m16.66350218s&#xA;Sep 10 04:03:32.383: INFO: Pod &#34;projected-volume-e14b7302-b4ad-11e8-bc45-00073e906c7f&#34;: Phase=&#34;Pending&#34;, Reason=&#34;&#34;, readiness=false. Elapsed: 4m18.6684488s&#xA;Sep 10 04:03:34.387: INFO: Pod &#34;projected-volume-e14b7302-b4ad-11e8-bc45-00073e906c7f&#34;: Phase=&#34;Pending&#34;, Reason=&#34;&#34;, readiness=false. Elapsed: 4m20.6732715s&#xA;Sep 10 04:03:36.392: INFO: Pod &#34;projected-volume-e14b7302-b4ad-11e8-bc45-00073e906c7f&#34;: Phase=&#34;Pending&#34;, Reason=&#34;&#34;, readiness=false. Elapsed: 4m22.6781854s&#xA;Sep 10 04:03:38.397: INFO: Pod &#34;projected-volume-e14b7302-b4ad-11e8-bc45-00073e906c7f&#34;: Phase=&#34;Pending&#34;, Reason=&#34;&#34;, readiness=false. Elapsed: 4m24.68311306s&#xA;Sep 10 04:03:40.402: INFO: Pod &#34;projected-volume-e14b7302-b4ad-11e8-bc45-00073e906c7f&#34;: Phase=&#34;Pending&#34;, Reason=&#34;&#34;, readiness=false. Elapsed: 4m26.68795224s&#xA;Sep 10 04:03:42.407: INFO: Pod &#34;projected-volume-e14b7302-b4ad-11e8-bc45-00073e906c7f&#34;: Phase=&#34;Pending&#34;, Reason=&#34;&#34;, readiness=false. Elapsed: 4m28.69290766s&#xA;Sep 10 04:03:44.412: INFO: Pod &#34;projected-volume-e14b7302-b4ad-11e8-bc45-00073e906c7f&#34;: Phase=&#34;Pending&#34;, Reason=&#34;&#34;, readiness=false. Elapsed: 4m30.69773538s&#xA;Sep 10 04:03:46.422: INFO: Pod &#34;projected-volume-e14b7302-b4ad-11e8-bc45-00073e906c7f&#34;: Phase=&#34;Pending&#34;, Reason=&#34;&#34;, readiness=false. Elapsed: 4m32.70807644s&#xA;Sep 10 04:03:48.428: INFO: Pod &#34;projected-volume-e14b7302-b4ad-11e8-bc45-00073e906c7f&#34;: Phase=&#34;Pending&#34;, Reason=&#34;&#34;, readiness=false. Elapsed: 4m34.71344386s&#xA;Sep 10 04:03:50.432: INFO: Pod &#34;projected-volume-e14b7302-b4ad-11e8-bc45-00073e906c7f&#34;: Phase=&#34;Pending&#34;, Reason=&#34;&#34;, readiness=false. Elapsed: 4m36.71836388s&#xA;Sep 10 04:03:52.437: INFO: Pod &#34;projected-volume-e14b7302-b4ad-11e8-bc45-00073e906c7f&#34;: Phase=&#34;Pending&#34;, Reason=&#34;&#34;, readiness=false. Elapsed: 4m38.72325798s&#xA;Sep 10 04:03:54.442: INFO: Pod &#34;projected-volume-e14b7302-b4ad-11e8-bc45-00073e906c7f&#34;: Phase=&#34;Pending&#34;, Reason=&#34;&#34;, readiness=false. Elapsed: 4m40.7281089s&#xA;Sep 10 04:03:56.447: INFO: Pod &#34;projected-volume-e14b7302-b4ad-11e8-bc45-00073e906c7f&#34;: Phase=&#34;Pending&#34;, Reason=&#34;&#34;, readiness=false. Elapsed: 4m42.73277878s&#xA;Sep 10 04:03:58.451: INFO: Pod &#34;projected-volume-e14b7302-b4ad-11e8-bc45-00073e906c7f&#34;: Phase=&#34;Pending&#34;, Reason=&#34;&#34;, readiness=false. Elapsed: 4m44.7372572s&#xA;Sep 10 04:04:00.457: INFO: Pod &#34;projected-volume-e14b7302-b4ad-11e8-bc45-00073e906c7f&#34;: Phase=&#34;Pending&#34;, Reason=&#34;&#34;, readiness=false. Elapsed: 4m46.74251054s&#xA;Sep 10 04:04:02.462: INFO: Pod &#34;projected-volume-e14b7302-b4ad-11e8-bc45-00073e906c7f&#34;: Phase=&#34;Pending&#34;, Reason=&#34;&#34;, readiness=false. Elapsed: 4m48.7474391s&#xA;Sep 10 04:04:04.467: INFO: Pod &#34;projected-volume-e14b7302-b4ad-11e8-bc45-00073e906c7f&#34;: Phase=&#34;Pending&#34;, Reason=&#34;&#34;, readiness=false. Elapsed: 4m50.75268174s&#xA;Sep 10 04:04:06.472: INFO: Pod &#34;projected-volume-e14b7302-b4ad-11e8-bc45-00073e906c7f&#34;: Phase=&#34;Pending&#34;, Reason=&#34;&#34;, readiness=false. Elapsed: 4m52.75769458s&#xA;Sep 10 04:04:08.477: INFO: Pod &#34;projected-volume-e14b7302-b4ad-11e8-bc45-00073e906c7f&#34;: Phase=&#34;Pending&#34;, Reason=&#34;&#34;, readiness=false. Elapsed: 4m54.76294392s&#xA;Sep 10 04:04:10.482: INFO: Pod &#34;projected-volume-e14b7302-b4ad-11e8-bc45-00073e906c7f&#34;: Phase=&#34;Pending&#34;, Reason=&#34;&#34;, readiness=false. Elapsed: 4m56.76809846s&#xA;Sep 10 04:04:12.487: INFO: Pod &#34;projected-volume-e14b7302-b4ad-11e8-bc45-00073e906c7f&#34;: Phase=&#34;Pending&#34;, Reason=&#34;&#34;, readiness=false. Elapsed: 4m58.77294292s&#xA;Sep 10 04:04:14.503: INFO: Failed to get logs from node &#34;node3&#34; pod &#34;projected-volume-e14b7302-b4ad-11e8-bc45-00073e906c7f&#34; container &#34;projected-all-volume-test&#34;: the server rejected our request for an unknown reason (get pods projected-volume-e14b7302-b4ad-11e8-bc45-00073e906c7f)&#xA;�[1mSTEP�[0m: delete the pod&#xA;Sep 10 04:04:14.509: INFO: Waiting for pod projected-volume-e14b7302-b4ad-11e8-bc45-00073e906c7f to disappear&#xA;Sep 10 04:04:14.514: INFO: Pod projected-volume-e14b7302-b4ad-11e8-bc45-00073e906c7f still exists&#xA;Sep 10 04:04:16.514: INFO: Waiting for pod projected-volume-e14b7302-b4ad-11e8-bc45-00073e906c7f to disappear&#xA;Sep 10 04:04:16.519: INFO: Pod projected-volume-e14b7302-b4ad-11e8-bc45-00073e906c7f still exists&#xA;Sep 10 04:04:18.514: INFO: Waiting for pod projected-volume-e14b7302-b4ad-11e8-bc45-00073e906c7f to disappear&#xA;Sep 10 04:04:18.519: INFO: Pod projected-volume-e14b7302-b4ad-11e8-bc45-00073e906c7f no longer exists&#xA;Sep 10 04:04:18.519: INFO: Unexpected error occurred: expected pod &#34;projected-volume-e14b7302-b4ad-11e8-bc45-00073e906c7f&#34; success: Gave up after waiting 5m0s for pod &#34;projected-volume-e14b7302-b4ad-11e8-bc45-00073e906c7f&#34; to be &#34;success or failure&#34;&#xA;[AfterEach] [sig-storage] Projected&#xA;  /root/gopath/src/k8s.io/kubernetes/_output/local/go/src/k8s.io/kubernetes/test/e2e/framework/framework.go:142&#xA;�[1mSTEP�[0m: Collecting events from namespace &#34;e2e-tests-projected-6dr5g&#34;.&#xA;�[1mSTEP�[0m: Found 5 events.&#xA;Sep 10 04:04:18.526: INFO: At 2018-09-10 03:59:13 +0000 UTC - event for projected-volume-e14b7302-b4ad-11e8-bc45-00073e906c7f: {default-scheduler } Scheduled: Successfully assigned e2e-tests-projected-6dr5g/projected-volume-e14b7302-b4ad-11e8-bc45-00073e906c7f to node3&#xA;Sep 10 04:04:18.526: INFO: At 2018-09-10 03:59:14 +0000 UTC - event for projected-volume-e14b7302-b4ad-11e8-bc45-00073e906c7f: {kubelet node3} Pulling: pulling image &#34;busybox&#34;&#xA;Sep 10 04:04:18.526: INFO: At 2018-09-10 03:59:20 +0000 UTC - event for projected-volume-e14b7302-b4ad-11e8-bc45-00073e906c7f: {kubelet node3} Failed: Failed to pull image &#34;busybox&#34;: rpc error: code = Unknown desc = Error while pulling image: Get https://index.docker.io/v1/repositories/library/busybox/images: http: error connecting to proxy http://192.168.2.109:8118: dial tcp 192.168.2.109:8118: getsockopt: no route to host&#xA;Sep 10 04:04:18.526: INFO: At 2018-09-10 03:59:20 +0000 UTC - event for projected-volume-e14b7302-b4ad-11e8-bc45-00073e906c7f: {kubelet node3} Failed: Error: ErrImagePull&#xA;Sep 10 04:04:18.526: INFO: At 2018-09-10 03:59:21 +0000 UTC - event for projected-volume-e14b7302-b4ad-11e8-bc45-00073e906c7f: {kubelet node3} SandboxChanged: Pod sandbox changed, it will be killed and re-created.&#xA;Sep 10 04:04:18.538: INFO: POD                            NODE   PHASE    GRACE  CONDITIONS&#xA;Sep 10 04:04:18.538: INFO: coredns-78fcdf6894-f55jj       node3  Running         [{Initialized True 0001-01-01 00:00:00 +0000 UTC 2018-09-01 03:57:03 +0000 UTC  } {Ready True 0001-01-01 00:00:00 +0000 UTC 2018-09-07 08:42:02 +0000 UTC  } {ContainersReady True 0001-01-01 00:00:00 +0000 UTC 0001-01-01 00:00:00 +0000 UTC  } {PodScheduled True 0001-01-01 00:00:00 +0000 UTC 2018-09-01 03:57:03 +0000 UTC  }]&#xA;Sep 10 04:04:18.538: INFO: coredns-78fcdf6894-vlxkz       node3  Running         [{Initialized True 0001-01-01 00:00:00 +0000 UTC 2018-09-01 03:57:03 +0000 UTC  } {Ready True 0001-01-01 00:00:00 +0000 UTC 2018-09-07 08:42:02 +0000 UTC  } {ContainersReady True 0001-01-01 00:00:00 +0000 UTC 0001-01-01 00:00:00 +0000 UTC  } {PodScheduled True 0001-01-01 00:00:00 +0000 UTC 2018-09-01 03:57:03 +0000 UTC  }]&#xA;Sep 10 04:04:18.538: INFO: etcd-node3                     node3  Running         [{Initialized True 0001-01-01 00:00:00 +0000 UTC 2018-09-07 08:40:49 +0000 UTC  } {Ready True 0001-01-01 00:00:00 +0000 UTC 2018-09-07 08:40:51 +0000 UTC  } {ContainersReady True 0001-01-01 00:00:00 +0000 UTC 0001-01-01 00:00:00 +0000 UTC  } {PodScheduled True 0001-01-01 00:00:00 +0000 UTC 2018-09-07 08:40:49 +0000 UTC  }]&#xA;Sep 10 04:04:18.538: INFO: kube-apiserver-node3           node3  Running         [{Initialized True 0001-01-01 00:00:00 +0000 UTC 2018-09-07 08:40:49 +0000 UTC  } {Ready True 0001-01-01 00:00:00 +0000 UTC 2018-09-07 08:40:51 +0000 UTC  } {ContainersReady True 0001-01-01 00:00:00 +0000 UTC 0001-01-01 00:00:00 +0000 UTC  } {PodScheduled True 0001-01-01 00:00:00 +0000 UTC 2018-09-07 08:40:49 +0000 UTC  }]&#xA;Sep 10 04:04:18.538: INFO: kube-controller-manager-node3  node3  Running         [{Initialized True 0001-01-01 00:00:00 +0000 UTC 2018-09-07 08:40:49 +0000 UTC  } {Ready True 0001-01-01 00:00:00 +0000 UTC 2018-09-07 08:40:51 +0000 UTC  } {ContainersReady True 0001-01-01 00:00:00 +0000 UTC 0001-01-01 00:00:00 +0000 UTC  } {PodScheduled True 0001-01-01 00:00:00 +0000 UTC 2018-09-07 08:40:49 +0000 UTC  }]&#xA;Sep 10 04:04:18.539: INFO: kube-proxy-d6xgq               node3  Running         [{Initialized True 0001-01-01 00:00:00 +0000 UTC 2018-09-01 03:55:38 +0000 UTC  } {Ready True 0001-01-01 00:00:00 +0000 UTC 2018-09-07 08:41:32 +0000 UTC  } {ContainersReady True 0001-01-01 00:00:00 +0000 UTC 0001-01-01 00:00:00 +0000 UTC  } {PodScheduled True 0001-01-01 00:00:00 +0000 UTC 2018-09-01 03:55:38 +0000 UTC  }]&#xA;Sep 10 04:04:18.539: INFO: kube-scheduler-node3           node3  Running         [{Initialized True 0001-01-01 00:00:00 +0000 UTC 2018-09-07 08:40:50 +0000 UTC  } {Ready True 0001-01-01 00:00:00 +0000 UTC 2018-09-07 08:40:51 +0000 UTC  } {ContainersReady True 0001-01-01 00:00:00 +0000 UTC 0001-01-01 00:00:00 +0000 UTC  } {PodScheduled True 0001-01-01 00:00:00 +0000 UTC 2018-09-07 08:40:50 +0000 UTC  }]&#xA;Sep 10 04:04:18.539: INFO: weave-net-qrwm8                node3  Running         [{Initialized True 0001-01-01 00:00:00 +0000 UTC 2018-09-01 03:55:38 +0000 UTC  } {Ready True 0001-01-01 00:00:00 +0000 UTC 2018-09-07 08:41:59 +0000 UTC  } {ContainersReady True 0001-01-01 00:00:00 +0000 UTC 0001-01-01 00:00:00 +0000 UTC  } {PodScheduled True 0001-01-01 00:00:00 +0000 UTC 2018-09-01 03:55:38 +0000 UTC  }]&#xA;Sep 10 04:04:18.539: INFO: &#xA;Sep 10 04:04:18.544: INFO: &#xA;Logging node info for node node3&#xA;Sep 10 04:04:18.548: INFO: Node Info: &amp;Node{ObjectMeta:k8s_io_apimachinery_pkg_apis_meta_v1.ObjectMeta{Name:node3,GenerateName:,Namespace:,SelfLink:/api/v1/nodes/node3,UID:d76c0c97-ad9a-11e8-a7d7-1e59e086a4f1,ResourceVersion:513629,Generation:0,CreationTimestamp:2018-09-01 03:55:18 +0000 UTC,DeletionTimestamp:&lt;nil&gt;,DeletionGracePeriodSeconds:nil,Labels:map[string]string{beta.kubernetes.io/arch: arm64,beta.kubernetes.io/os: linux,kubernetes.io/hostname: node3,node-role.kubernetes.io/master: ,},Annotations:map[string]string{kubeadm.alpha.kubernetes.io/cri-socket: /var/run/dockershim.sock,node.alpha.kubernetes.io/ttl: 0,volumes.kubernetes.io/controller-managed-attach-detach: true,},OwnerReferences:[],Finalizers:[],ClusterName:,Initializers:nil,},Spec:NodeSpec{PodCIDR:10.244.0.0/24,DoNotUse_ExternalID:,ProviderID:,Unschedulable:false,Taints:[],ConfigSource:nil,},Status:NodeStatus{Capacity:ResourceList{cpu: {{16 0} {&lt;nil&gt;} 16 DecimalSI},ephemeral-storage: {{82538430464 0} {&lt;nil&gt;}  BinarySI},hugepages-2Mi: {{0 0} {&lt;nil&gt;} 0 DecimalSI},memory: {{67535159296 0} {&lt;nil&gt;}  BinarySI},pods: {{110 0} {&lt;nil&gt;} 110 DecimalSI},},Allocatable:ResourceList{cpu: {{16 0} {&lt;nil&gt;} 16 DecimalSI},ephemeral-storage: {{74284587295 0} {&lt;nil&gt;} 74284587295 DecimalSI},hugepages-2Mi: {{0 0} {&lt;nil&gt;} 0 DecimalSI},memory: {{67430301696 0} {&lt;nil&gt;}  BinarySI},pods: {{110 0} {&lt;nil&gt;} 110 DecimalSI},},Phase:,Conditions:[{NetworkUnavailable False 2018-09-07 08:42:01 +0000 UTC 2018-09-07 08:42:01 +0000 UTC WeaveIsUp Weave pod has set this} {OutOfDisk False 2018-09-10 04:04:15 +0000 UTC 2018-09-01 03:55:11 +0000 UTC KubeletHasSufficientDisk kubelet has sufficient disk space available} {MemoryPressure False 2018-09-10 04:04:15 +0000 UTC 2018-09-01 03:55:11 +0000 UTC KubeletHasSufficientMemory kubelet has sufficient memory available} {DiskPressure False 2018-09-10 04:04:15 +0000 UTC 2018-09-01 03:55:11 +0000 UTC KubeletHasNoDiskPressure kubelet has no disk pressure} {PIDPressure False 2018-09-10 04:04:15 +0000 UTC 2018-09-01 03:55:11 +0000 UTC KubeletHasSufficientPID kubelet has sufficient PID available} {Ready True 2018-09-10 04:04:15 +0000 UTC 2018-09-04 01:30:47 +0000 UTC KubeletReady kubelet is posting ready status}],Addresses:[{InternalIP 192.168.2.117} {Hostname node3}],DaemonEndpoints:NodeDaemonEndpoints{KubeletEndpoint:DaemonEndpoint{Port:10250,},},NodeInfo:NodeSystemInfo{MachineID:373be5c264ac4b78a49077a4b4ded99c,SystemUUID:373be5c264ac4b78a49077a4b4ded99c,BootID:fa7f8a19-3d16-419b-9318-394c7eac5519,KernelVersion:4.4.58-20171215.kylin.server.YUN+-generic,OSImage:Kylin 4.0.2,ContainerRuntimeVersion:docker://1.12.6,KubeletVersion:v1.11.2,KubeProxyVersion:v1.11.2,OperatingSystem:linux,Architecture:arm64,},Images:[{[k8s.gcr.io/kube-cross@sha256:0c5809a727c38458e9a63b486cf83c504a24ff561d63a031d31e613f6ad50282 k8s.gcr.io/kube-cross:v1.10.2-1] 2076524551} {[mrdreambot/arm64-mysql@sha256:872464bd31f5db2ecfce15824c80a0b78ace914e80e78a0e98d2d9ef7e8bbb79 mrdreambot/arm64-mysql:latest] 529883867} {[bobsense/mysql@sha256:a20cd35207c46b0400ac48fdf21ebb8e432fa5b597eb5f4b6ec6a634ecc26a8a bobsense/mysql:latest] 529882429} {[mariadb@sha256:358f6b50afd9c25707e97869f0c57de802c53973a90a2ff49e283501fccce1b2 mariadb:10.1.14] 387643618} {[wordpress@sha256:b0460dba11737144b232a7794403d4052982f2332caeea82f618fc98d0547387 wordpress:latest] 367973768} {[mariadb@sha256:edef80de393cf4a79504168c663f8b0c6b15060333e5a7d7aee3dc0a4de6e927 mariadb:latest] 348940495} {[hyperhq/mariadb-arm64v8@sha256:bcf8c747e35eddfcd36ffc6011b00ececb56fe467afb290280d80709299fd80d hyperhq/mariadb-arm64v8:10.3-1] 348507360} {[hyperhq/mariadb-arm64v8:10.3] 348507300} {[hyperhq/mariadb-arm64v8@sha256:720d233b09adbea084c15cfa4909008a2df201b300b10c9fd39464bce60af0db hyperhq/mariadb-arm64v8:10.3-2] 348507153} {[bobsense/nginx-arm64@sha256:224f3b5fd469754e5e701bedd28c633c92ba21c00d2b0e9376eaa4adb38b5603 bobsense/nginx-arm64:latest] 338655564} {[gcr.io/google-samples/gb-frontend-arm64@sha256:9587be21f54a9dc04e1f37b83a9d120231b205385d8deba0682d6fb22088e7c9 gcr.io/google-samples/gb-frontend-arm64:v5] 337228898} {[lsioarmhf/mariadb-aarch64@sha256:b2a1bd89d60c579f07ae1837280a2b3b5f35f11f756b9aa61e6a025af03ddf87 lsioarmhf/mariadb-aarch64:latest] 327268490} {[ebspace/aarch64-mysql@sha256:d9f5f5d222a155c930e3837976b5b457e48c000cf34e6919d0f8a0b73dc39965 ebspace/aarch64-mysql:latest] 262591608} {[tobi312/rpi-mysql@sha256:2f0b069765901afbb162838359778088b8d9fdba30b201d5cf51381ec008802a tobi312/rpi-mysql:latest] 256067342} {[k8s.gcr.io/volume-nfs@sha256:83ba87be13a6f74361601c8614527e186ca67f49091e2d0d4ae8a8da67c403ee k8s.gcr.io/volume-nfs:0.8] 247146979} {[postgres@sha256:d9c44f9fc460dd8962c388eacf88a0e252b858ccdf33bc223f68112617e81fc9 postgres:10] 233845668} {[k8s.gcr.io/etcd-arm64@sha256:f0b7368ebb28e6226ab3b4dbce4b5c6d77dab7b5f6579b08fd645c00f7b100ff k8s.gcr.io/etcd-arm64:3.2.18] 229927444} {[k8s.gcr.io/kube-apiserver-arm64@sha256:5c77134dc174453fc0d900ee5cdcb7b488131a0edb934ae8e859a263f8ee55da k8s.gcr.io/kube-apiserver-arm64:v1.10.4] 218561963} {[k8s.gcr.io/kube-apiserver-arm64@sha256:ab41e3e38792750fa122dbeacf7d0d3d52b7ccc466f254c460733846da0ce0c9 k8s.gcr.io/kube-apiserver-arm64:v1.10.3] 218559018} {[hypriot/rpi-mysql@sha256:c1567c885cf560da66a647f91f7e16bfeea2968895f859b5732583a8db3570ea hypriot/rpi-mysql:latest] 209339591} {[gcr.io/kubernetes-e2e-test-images/jessie-dnsutils-arm64@sha256:92105b23ab1bcc1f72b7deeb4b7d72b27b4ba9a47b292fbd4f58f4080f0621a2 gcr.io/kubernetes-e2e-test-images/jessie-dnsutils-arm64:1.0] 193983470} {[k8s.gcr.io/kube-apiserver-arm64@sha256:31fa4a96f582953034fb2906bd2e557620943ebaa2c2f74ee719c89a9bffb0d4 k8s.gcr.io/kube-apiserver-arm64:v1.11.2] 185805939} {[k8s.gcr.io/etcd-arm64@sha256:c6418130352f3632f3858ff466f7fdcde5c2867d9471f40dbb99227ccbb6d458 k8s.gcr.io/etcd-arm64:3.1.12] 180941491} {[functions/faas-netesd@sha256:05072b13c8127d53b48466f6b16beae997ff008e13a74cdb5da64ca2f5708062 functions/faas-netesd:arm64-0.3-alpha6] 154407667} {[k8s.gcr.io/kube-controller-manager-arm64@sha256:af5e55e15e5ab06999716ef72792b0abed63c9fc972db99120b2c40febaf69a7 k8s.gcr.io/kube-controller-manager-arm64:v1.11.2] 153069058} {[functions/faas-netesd@sha256:0903fd0a2c6010fcef6f42eda8fdc22bf4aecc31571b7ab6f461041497f34aa4 functions/faas-netesd:0.4.3-arm64] 148751197} {[k8s.gcr.io/kube-controller-manager-arm64@sha256:138de23ccbdfab3f4e76e05c290aab26c9127a853db8a0cbc2d816b31d5aebbd k8s.gcr.io/kube-controller-manager-arm64:v1.10.4] 142046988} {[k8s.gcr.io/kube-controller-manager-arm64@sha256:4f99bac50d84f8757ef06d06e68eee0aa042fdb5969c300d23ad1ae3b1f914f5 k8s.gcr.io/kube-controller-manager-arm64:v1.10.3] 142046537} {[weaveworks/weave-kube@sha256:3c45b339ab2dc9c11c9c745e44afce27806dc1d8ecd1da84a88deb36756ac713 weaveworks/weave-kube:2.4.0] 131119125} {[k8s.gcr.io/nginx-slim-arm64@sha256:b95f8bebdc6d8a7b65f5954aa5aaea3209ad8a6af5261cf3c8cae0c0a1c0fb79 k8s.gcr.io/nginx-slim-arm64:0.27] 126129565} {[k8s.gcr.io/nginx-slim-arm64@sha256:ef47cf0719891fe4b84467af77f8e13618b05965b6663945411e1e11c15ffa14 k8s.gcr.io/nginx-slim-arm64:0.26] 126125347} {[hyperhq/postgres-wordpress-arm:latest] 110592210} {[wordpress@sha256:3c22b14d0269bd50b2011f6d749d8bee68e328167f774bef8bf11f5878a6035d wordpress:4.9-fpm-alpine] 107828983} {[functions/gateway@sha256:01aea2775bb40d69588d2c6e83e8b9ea5009b9f405b140e643eb4be2a775814d functions/gateway:arm64-0.6.6-beta2] 106004910} {[k8s.gcr.io/kube-proxy-arm64@sha256:3bb2bfdc016ae46d131af74040bec2c48134c733ae90fead4da3568014fb450a k8s.gcr.io/kube-proxy-arm64:v1.11.2] 102835336} {[nginx@sha256:3e2ffcf0edca2a4e9b24ca442d227baea7b7f0e33ad654ef1eb806fbd9bedcf0 nginx:latest] 102594503} {[k8s.gcr.io/kube-proxy-arm64@sha256:f024ad81abe8b9bf473c0b8ff5c96723505b8a592379d606038499f8a77f663b k8s.gcr.io/kube-proxy-arm64:v1.10.4] 100601489} {[k8s.gcr.io/kube-proxy-arm64@sha256:b21badcd0799bb7495ebcbc17557861384da1eac42d6527937a8aaed0c329d6c k8s.gcr.io/kube-proxy-arm64:v1.10.3] 100598796} {[k8s.gcr.io/echoserver@sha256:d2a8af33e4e6dc7f18fc8d0cd345b2c893922083c6e2c2cbf24a2efcaa7aa3ba k8s.gcr.io/echoserver:1.6] 95247805} {[gcr.io/google-samples/gb-redisslave-arm64@sha256:2420127acd816ebbdbaa33cab372493859c1d40b3a2d5d6fc05bc38887ad9511 gcr.io/google-samples/gb-redisslave-arm64:v2] 94082700} {[nginx@sha256:e3456c851a152494c3e4ff5fcc26f240206abac0c9d794affb40e0714846c451 nginx:1.7.9] 91641000} {[&lt;none&gt;@&lt;none&gt; &lt;none&gt;:&lt;none&gt;] 76567645} {[ubuntu@sha256:3f119dc0737f57f704ebecac8a6d8477b0f6ca1ca0332c7ee1395ed2c6a82be7 ubuntu:bionic] 76171071} {[k8s.gcr.io/kube-scheduler-arm64@sha256:3ece3012cc6fedf5193fd1c80aee4b6da2835098b7799d4940fb4a79fc1be0ee k8s.gcr.io/kube-scheduler-arm64:v1.11.2] 56216691} {[weaveworks/weave-npc@sha256:715b03e14874355f1f793f7bc11d843a00b390b2806bd996f1e47e8acb1020aa weaveworks/weave-npc:2.4.0] 51096437} {[k8s.gcr.io/k8s-dns-kube-dns-arm64@sha256:9bcc8fda237765f8b8f8fdf5af220b856adbc8b56d72dc4f336d44510d1749d9 k8s.gcr.io/k8s-dns-kube-dns-arm64:1.14.8] 49350613} {[k8s.gcr.io/kube-scheduler-arm64@sha256:fbff009828de95e14856325ebcfc6e1c0cdb456a052c62ba0c64221773c68686 k8s.gcr.io/kube-scheduler-arm64:v1.10.4] 48502539} {[k8s.gcr.io/kube-scheduler-arm64@sha256:6847ebb67c5a2928d8997d98001eb107a50601e85e07c3245f72b14df4518616 k8s.gcr.io/kube-scheduler-arm64:v1.10.3] 48434682} {[k8s.gcr.io/k8s-dns-dnsmasq-nanny-arm64@sha256:35ac228d45ab5f4209f25317506fa53b762f6d8ad333d1ff795393fa6e97b29c k8s.gcr.io/k8s-dns-dnsmasq-nanny-arm64:1.14.8] 42547598} {[k8s.gcr.io/k8s-dns-sidecar-arm64@sha256:b2c1e4e04d77ed564e918ebd16443dfb2217653b58293e616e36f034068d6da3 k8s.gcr.io/k8s-dns-sidecar-arm64:1.14.8] 41256276}],VolumesInUse:[],VolumesAttached:[],Config:nil,},}&#xA;Sep 10 04:04:18.549: INFO: &#xA;Logging kubelet events for node node3&#xA;Sep 10 04:04:18.553: INFO: &#xA;Logging pods the kubelet thinks is on node node3&#xA;Sep 10 04:04:18.566: INFO: etcd-node3 started at &lt;nil&gt; (0+0 container statuses recorded)&#xA;Sep 10 04:04:18.566: INFO: kube-apiserver-node3 started at &lt;nil&gt; (0+0 container statuses recorded)&#xA;Sep 10 04:04:18.566: INFO: kube-controller-manager-node3 started at &lt;nil&gt; (0+0 container statuses recorded)&#xA;Sep 10 04:04:18.566: INFO: kube-scheduler-node3 started at &lt;nil&gt; (0+0 container statuses recorded)&#xA;Sep 10 04:04:18.566: INFO: kube-proxy-d6xgq started at 2018-09-01 03:55:38 +0000 UTC (0+1 container statuses recorded)&#xA;Sep 10 04:04:18.566: INFO: &#x9;Container kube-proxy ready: true, restart count 2&#xA;Sep 10 04:04:18.566: INFO: coredns-78fcdf6894-vlxkz started at 2018-09-01 03:57:03 +0000 UTC (0+1 container statuses recorded)&#xA;Sep 10 04:04:18.566: INFO: &#x9;Container coredns ready: true, restart count 2&#xA;Sep 10 04:04:18.566: INFO: weave-net-qrwm8 started at 2018-09-01 03:55:38 +0000 UTC (0+2 container statuses recorded)&#xA;Sep 10 04:04:18.566: INFO: &#x9;Container weave ready: true, restart count 4&#xA;Sep 10 04:04:18.566: INFO: &#x9;Container weave-npc ready: true, restart count 2&#xA;Sep 10 04:04:18.566: INFO: coredns-78fcdf6894-f55jj started at 2018-09-01 03:57:03 +0000 UTC (0+1 container statuses recorded)&#xA;Sep 10 04:04:18.566: INFO: &#x9;Container coredns ready: true, restart count 2&#xA;Sep 10 04:04:18.663: INFO: &#xA;Latency metrics for node node3&#xA;Sep 10 04:04:18.663: INFO: {Operation:stop_container Method:docker_operations_latency_microseconds Quantile:0.99 Latency:20.003836s}&#xA;�[1mSTEP�[0m: Dumping a list of prepulled images on each node to file /e2e/image-puller.txt&#xA;Sep 10 04:04:18.670: INFO: Waiting up to 3m0s for all (but 0) nodes to be ready&#xA;�[1mSTEP�[0m: Destroying namespace &#34;e2e-tests-projected-6dr5g&#34; for this suite.&#xA;Sep 10 04:04:24.690: INFO: Waiting up to 30s for server preferred namespaced resources to be successfully discovered&#xA;Sep 10 04:04:24.758: INFO: namespace: e2e-tests-projected-6dr5g, resource: bindings, ignored listing per whitelist&#xA;Sep 10 04:04:24.824: INFO: namespace e2e-tests-projected-6dr5g deletion completed in 6.1482367s&#xA;</system-out>
      </testcase>
      <testcase name="[sig-autoscaling] [HPA] Horizontal pod autoscaling (scale resource: CPU) [sig-autoscaling] ReplicationController light Should scale from 2 pods to 1 pod" classname="Kubernetes e2e suite" time="0">
          <skipped></skipped>
      </testcase>
      <testcase name="[sig-storage] ConfigMap should be consumable from pods in volume with mappings and Item mode set [NodeConformance] [Conformance]" classname="Kubernetes e2e suite" time="8.3740332"></testcase>
      <testcase name="[sig-storage] PersistentVolumes Default StorageClass pods that use multiple volumes should be reschedulable" classname="Kubernetes e2e suite" time="0">
          <skipped></skipped>
      </testcase>
      <testcase name="[sig-storage] ConfigMap should be consumable from pods in volume as non-root with defaultMode and fsGroup set [NodeFeature:FSGroup]" classname="Kubernetes e2e suite" time="0">
          <skipped></skipped>
      </testcase>
      <testcase name="[sig-scheduling] Multi-AZ Clusters should spread the pods of a service across zones" classname="Kubernetes e2e suite" time="0">
          <skipped></skipped>
      </testcase>
      <testcase name="[sig-instrumentation] MetricsGrabber should grab all metrics from a Kubelet." classname="Kubernetes e2e suite" time="0">
          <skipped></skipped>
      </testcase>
      <testcase name="[sig-api-machinery] AdmissionWebhook Should not be able to prevent deleting validating-webhook-configurations or mutating-webhook-configurations" classname="Kubernetes e2e suite" time="0">
          <skipped></skipped>
      </testcase>
      <testcase name="[sig-network] Services should only allow access from service loadbalancer source ranges [Slow]" classname="Kubernetes e2e suite" time="0">
          <skipped></skipped>
      </testcase>
      <testcase name="[sig-api-machinery] Secrets should be consumable via the environment [NodeConformance] [Conformance]" classname="Kubernetes e2e suite" time="309.25362884">
          <failure type="Failure">/root/gopath/src/k8s.io/kubernetes/_output/local/go/src/k8s.io/kubernetes/test/e2e/framework/framework.go:684&#xA;Expected error:&#xA;    &lt;*errors.errorString | 0x4421253530&gt;: {&#xA;        s: &#34;expected pod \&#34;pod-configmaps-9fd47af6-b4ae-11e8-bc45-00073e906c7f\&#34; success: Gave up after waiting 5m0s for pod \&#34;pod-configmaps-9fd47af6-b4ae-11e8-bc45-00073e906c7f\&#34; to be \&#34;success or failure\&#34;&#34;,&#xA;    }&#xA;    expected pod &#34;pod-configmaps-9fd47af6-b4ae-11e8-bc45-00073e906c7f&#34; success: Gave up after waiting 5m0s for pod &#34;pod-configmaps-9fd47af6-b4ae-11e8-bc45-00073e906c7f&#34; to be &#34;success or failure&#34;&#xA;not to have occurred&#xA;/root/gopath/src/k8s.io/kubernetes/_output/local/go/src/k8s.io/kubernetes/test/e2e/framework/util.go:2325</failure>
          <system-out>[BeforeEach] [sig-api-machinery] Secrets&#xA;  /root/gopath/src/k8s.io/kubernetes/_output/local/go/src/k8s.io/kubernetes/test/e2e/framework/framework.go:141&#xA;�[1mSTEP�[0m: Creating a kubernetes client&#xA;Sep 10 04:04:33.198: INFO: &gt;&gt;&gt; kubeConfig: /etc/kubernetes/admin.conf&#xA;�[1mSTEP�[0m: Building a namespace api object&#xA;�[1mSTEP�[0m: Waiting for a default service account to be provisioned in namespace&#xA;[It] should be consumable via the environment [NodeConformance] [Conformance]&#xA;  /root/gopath/src/k8s.io/kubernetes/_output/local/go/src/k8s.io/kubernetes/test/e2e/framework/framework.go:684&#xA;�[1mSTEP�[0m: creating secret e2e-tests-secrets-jb2hv/secret-test-9fd3a0d1-b4ae-11e8-bc45-00073e906c7f&#xA;�[1mSTEP�[0m: Creating a pod to test consume secrets&#xA;Sep 10 04:04:33.369: INFO: Waiting up to 5m0s for pod &#34;pod-configmaps-9fd47af6-b4ae-11e8-bc45-00073e906c7f&#34; in namespace &#34;e2e-tests-secrets-jb2hv&#34; to be &#34;success or failure&#34;&#xA;Sep 10 04:04:33.373: INFO: Pod &#34;pod-configmaps-9fd47af6-b4ae-11e8-bc45-00073e906c7f&#34;: Phase=&#34;Pending&#34;, Reason=&#34;&#34;, readiness=false. Elapsed: 4.6844ms&#xA;Sep 10 04:04:35.378: INFO: Pod &#34;pod-configmaps-9fd47af6-b4ae-11e8-bc45-00073e906c7f&#34;: Phase=&#34;Pending&#34;, Reason=&#34;&#34;, readiness=false. Elapsed: 2.00970886s&#xA;Sep 10 04:04:37.383: INFO: Pod &#34;pod-configmaps-9fd47af6-b4ae-11e8-bc45-00073e906c7f&#34;: Phase=&#34;Pending&#34;, Reason=&#34;&#34;, readiness=false. Elapsed: 4.01470388s&#xA;Sep 10 04:04:39.388: INFO: Pod &#34;pod-configmaps-9fd47af6-b4ae-11e8-bc45-00073e906c7f&#34;: Phase=&#34;Pending&#34;, Reason=&#34;&#34;, readiness=false. Elapsed: 6.01956042s&#xA;Sep 10 04:04:41.393: INFO: Pod &#34;pod-configmaps-9fd47af6-b4ae-11e8-bc45-00073e906c7f&#34;: Phase=&#34;Pending&#34;, Reason=&#34;&#34;, readiness=false. Elapsed: 8.02457538s&#xA;Sep 10 04:04:43.398: INFO: Pod &#34;pod-configmaps-9fd47af6-b4ae-11e8-bc45-00073e906c7f&#34;: Phase=&#34;Pending&#34;, Reason=&#34;&#34;, readiness=false. Elapsed: 10.02952086s&#xA;Sep 10 04:04:45.403: INFO: Pod &#34;pod-configmaps-9fd47af6-b4ae-11e8-bc45-00073e906c7f&#34;: Phase=&#34;Pending&#34;, Reason=&#34;&#34;, readiness=false. Elapsed: 12.0343982s&#xA;Sep 10 04:04:47.408: INFO: Pod &#34;pod-configmaps-9fd47af6-b4ae-11e8-bc45-00073e906c7f&#34;: Phase=&#34;Pending&#34;, Reason=&#34;&#34;, readiness=false. Elapsed: 14.03917414s&#xA;Sep 10 04:04:49.413: INFO: Pod &#34;pod-configmaps-9fd47af6-b4ae-11e8-bc45-00073e906c7f&#34;: Phase=&#34;Pending&#34;, Reason=&#34;&#34;, readiness=false. Elapsed: 16.04403704s&#xA;Sep 10 04:04:51.418: INFO: Pod &#34;pod-configmaps-9fd47af6-b4ae-11e8-bc45-00073e906c7f&#34;: Phase=&#34;Pending&#34;, Reason=&#34;&#34;, readiness=false. Elapsed: 18.04893036s&#xA;Sep 10 04:04:53.422: INFO: Pod &#34;pod-configmaps-9fd47af6-b4ae-11e8-bc45-00073e906c7f&#34;: Phase=&#34;Pending&#34;, Reason=&#34;&#34;, readiness=false. Elapsed: 20.0536972s&#xA;Sep 10 04:04:55.428: INFO: Pod &#34;pod-configmaps-9fd47af6-b4ae-11e8-bc45-00073e906c7f&#34;: Phase=&#34;Pending&#34;, Reason=&#34;&#34;, readiness=false. Elapsed: 22.0588727s&#xA;Sep 10 04:04:57.432: INFO: Pod &#34;pod-configmaps-9fd47af6-b4ae-11e8-bc45-00073e906c7f&#34;: Phase=&#34;Pending&#34;, Reason=&#34;&#34;, readiness=false. Elapsed: 24.06365958s&#xA;Sep 10 04:04:59.437: INFO: Pod &#34;pod-configmaps-9fd47af6-b4ae-11e8-bc45-00073e906c7f&#34;: Phase=&#34;Pending&#34;, Reason=&#34;&#34;, readiness=false. Elapsed: 26.06839732s&#xA;Sep 10 04:05:01.442: INFO: Pod &#34;pod-configmaps-9fd47af6-b4ae-11e8-bc45-00073e906c7f&#34;: Phase=&#34;Pending&#34;, Reason=&#34;&#34;, readiness=false. Elapsed: 28.07344508s&#xA;Sep 10 04:05:03.447: INFO: Pod &#34;pod-configmaps-9fd47af6-b4ae-11e8-bc45-00073e906c7f&#34;: Phase=&#34;Pending&#34;, Reason=&#34;&#34;, readiness=false. Elapsed: 30.07856108s&#xA;Sep 10 04:05:05.452: INFO: Pod &#34;pod-configmaps-9fd47af6-b4ae-11e8-bc45-00073e906c7f&#34;: Phase=&#34;Pending&#34;, Reason=&#34;&#34;, readiness=false. Elapsed: 32.08370684s&#xA;Sep 10 04:05:07.457: INFO: Pod &#34;pod-configmaps-9fd47af6-b4ae-11e8-bc45-00073e906c7f&#34;: Phase=&#34;Pending&#34;, Reason=&#34;&#34;, readiness=false. Elapsed: 34.08833916s&#xA;Sep 10 04:05:09.462: INFO: Pod &#34;pod-configmaps-9fd47af6-b4ae-11e8-bc45-00073e906c7f&#34;: Phase=&#34;Pending&#34;, Reason=&#34;&#34;, readiness=false. Elapsed: 36.09327044s&#xA;Sep 10 04:05:11.467: INFO: Pod &#34;pod-configmaps-9fd47af6-b4ae-11e8-bc45-00073e906c7f&#34;: Phase=&#34;Pending&#34;, Reason=&#34;&#34;, readiness=false. Elapsed: 38.09831734s&#xA;Sep 10 04:05:13.472: INFO: Pod &#34;pod-configmaps-9fd47af6-b4ae-11e8-bc45-00073e906c7f&#34;: Phase=&#34;Pending&#34;, Reason=&#34;&#34;, readiness=false. Elapsed: 40.10316968s&#xA;Sep 10 04:05:15.478: INFO: Pod &#34;pod-configmaps-9fd47af6-b4ae-11e8-bc45-00073e906c7f&#34;: Phase=&#34;Pending&#34;, Reason=&#34;&#34;, readiness=false. Elapsed: 42.10916672s&#xA;Sep 10 04:05:17.483: INFO: Pod &#34;pod-configmaps-9fd47af6-b4ae-11e8-bc45-00073e906c7f&#34;: Phase=&#34;Pending&#34;, Reason=&#34;&#34;, readiness=false. Elapsed: 44.11425076s&#xA;Sep 10 04:05:19.488: INFO: Pod &#34;pod-configmaps-9fd47af6-b4ae-11e8-bc45-00073e906c7f&#34;: Phase=&#34;Pending&#34;, Reason=&#34;&#34;, readiness=false. Elapsed: 46.11941242s&#xA;Sep 10 04:05:21.493: INFO: Pod &#34;pod-configmaps-9fd47af6-b4ae-11e8-bc45-00073e906c7f&#34;: Phase=&#34;Pending&#34;, Reason=&#34;&#34;, readiness=false. Elapsed: 48.1244977s&#xA;Sep 10 04:05:23.498: INFO: Pod &#34;pod-configmaps-9fd47af6-b4ae-11e8-bc45-00073e906c7f&#34;: Phase=&#34;Pending&#34;, Reason=&#34;&#34;, readiness=false. Elapsed: 50.1294607s&#xA;Sep 10 04:05:25.503: INFO: Pod &#34;pod-configmaps-9fd47af6-b4ae-11e8-bc45-00073e906c7f&#34;: Phase=&#34;Pending&#34;, Reason=&#34;&#34;, readiness=false. Elapsed: 52.13452352s&#xA;Sep 10 04:05:27.508: INFO: Pod &#34;pod-configmaps-9fd47af6-b4ae-11e8-bc45-00073e906c7f&#34;: Phase=&#34;Pending&#34;, Reason=&#34;&#34;, readiness=false. Elapsed: 54.13953984s&#xA;Sep 10 04:05:29.514: INFO: Pod &#34;pod-configmaps-9fd47af6-b4ae-11e8-bc45-00073e906c7f&#34;: Phase=&#34;Pending&#34;, Reason=&#34;&#34;, readiness=false. Elapsed: 56.1449175s&#xA;Sep 10 04:05:31.519: INFO: Pod &#34;pod-configmaps-9fd47af6-b4ae-11e8-bc45-00073e906c7f&#34;: Phase=&#34;Pending&#34;, Reason=&#34;&#34;, readiness=false. Elapsed: 58.14993652s&#xA;Sep 10 04:05:33.524: INFO: Pod &#34;pod-configmaps-9fd47af6-b4ae-11e8-bc45-00073e906c7f&#34;: Phase=&#34;Pending&#34;, Reason=&#34;&#34;, readiness=false. Elapsed: 1m0.15480836s&#xA;Sep 10 04:05:35.528: INFO: Pod &#34;pod-configmaps-9fd47af6-b4ae-11e8-bc45-00073e906c7f&#34;: Phase=&#34;Pending&#34;, Reason=&#34;&#34;, readiness=false. Elapsed: 1m2.1594178s&#xA;Sep 10 04:05:37.533: INFO: Pod &#34;pod-configmaps-9fd47af6-b4ae-11e8-bc45-00073e906c7f&#34;: Phase=&#34;Pending&#34;, Reason=&#34;&#34;, readiness=false. Elapsed: 1m4.16419678s&#xA;Sep 10 04:05:39.538: INFO: Pod &#34;pod-configmaps-9fd47af6-b4ae-11e8-bc45-00073e906c7f&#34;: Phase=&#34;Pending&#34;, Reason=&#34;&#34;, readiness=false. Elapsed: 1m6.16908068s&#xA;Sep 10 04:05:41.543: INFO: Pod &#34;pod-configmaps-9fd47af6-b4ae-11e8-bc45-00073e906c7f&#34;: Phase=&#34;Pending&#34;, Reason=&#34;&#34;, readiness=false. Elapsed: 1m8.17412512s&#xA;Sep 10 04:05:43.548: INFO: Pod &#34;pod-configmaps-9fd47af6-b4ae-11e8-bc45-00073e906c7f&#34;: Phase=&#34;Pending&#34;, Reason=&#34;&#34;, readiness=false. Elapsed: 1m10.17893432s&#xA;Sep 10 04:05:45.553: INFO: Pod &#34;pod-configmaps-9fd47af6-b4ae-11e8-bc45-00073e906c7f&#34;: Phase=&#34;Pending&#34;, Reason=&#34;&#34;, readiness=false. Elapsed: 1m12.184036s&#xA;Sep 10 04:05:47.563: INFO: Pod &#34;pod-configmaps-9fd47af6-b4ae-11e8-bc45-00073e906c7f&#34;: Phase=&#34;Pending&#34;, Reason=&#34;&#34;, readiness=false. Elapsed: 1m14.19452658s&#xA;Sep 10 04:05:49.568: INFO: Pod &#34;pod-configmaps-9fd47af6-b4ae-11e8-bc45-00073e906c7f&#34;: Phase=&#34;Pending&#34;, Reason=&#34;&#34;, readiness=false. Elapsed: 1m16.19960322s&#xA;Sep 10 04:05:51.574: INFO: Pod &#34;pod-configmaps-9fd47af6-b4ae-11e8-bc45-00073e906c7f&#34;: Phase=&#34;Pending&#34;, Reason=&#34;&#34;, readiness=false. Elapsed: 1m18.2049607s&#xA;Sep 10 04:05:53.579: INFO: Pod &#34;pod-configmaps-9fd47af6-b4ae-11e8-bc45-00073e906c7f&#34;: Phase=&#34;Pending&#34;, Reason=&#34;&#34;, readiness=false. Elapsed: 1m20.21005216s&#xA;Sep 10 04:05:55.584: INFO: Pod &#34;pod-configmaps-9fd47af6-b4ae-11e8-bc45-00073e906c7f&#34;: Phase=&#34;Pending&#34;, Reason=&#34;&#34;, readiness=false. Elapsed: 1m22.21487218s&#xA;Sep 10 04:05:57.588: INFO: Pod &#34;pod-configmaps-9fd47af6-b4ae-11e8-bc45-00073e906c7f&#34;: Phase=&#34;Pending&#34;, Reason=&#34;&#34;, readiness=false. Elapsed: 1m24.21967846s&#xA;Sep 10 04:05:59.593: INFO: Pod &#34;pod-configmaps-9fd47af6-b4ae-11e8-bc45-00073e906c7f&#34;: Phase=&#34;Pending&#34;, Reason=&#34;&#34;, readiness=false. Elapsed: 1m26.22460418s&#xA;Sep 10 04:06:01.598: INFO: Pod &#34;pod-configmaps-9fd47af6-b4ae-11e8-bc45-00073e906c7f&#34;: Phase=&#34;Pending&#34;, Reason=&#34;&#34;, readiness=false. Elapsed: 1m28.22949484s&#xA;Sep 10 04:06:03.603: INFO: Pod &#34;pod-configmaps-9fd47af6-b4ae-11e8-bc45-00073e906c7f&#34;: Phase=&#34;Pending&#34;, Reason=&#34;&#34;, readiness=false. Elapsed: 1m30.23472996s&#xA;Sep 10 04:06:05.608: INFO: Pod &#34;pod-configmaps-9fd47af6-b4ae-11e8-bc45-00073e906c7f&#34;: Phase=&#34;Pending&#34;, Reason=&#34;&#34;, readiness=false. Elapsed: 1m32.23948836s&#xA;Sep 10 04:06:07.613: INFO: Pod &#34;pod-configmaps-9fd47af6-b4ae-11e8-bc45-00073e906c7f&#34;: Phase=&#34;Pending&#34;, Reason=&#34;&#34;, readiness=false. Elapsed: 1m34.24443846s&#xA;Sep 10 04:06:09.618: INFO: Pod &#34;pod-configmaps-9fd47af6-b4ae-11e8-bc45-00073e906c7f&#34;: Phase=&#34;Pending&#34;, Reason=&#34;&#34;, readiness=false. Elapsed: 1m36.24923702s&#xA;Sep 10 04:06:11.623: INFO: Pod &#34;pod-configmaps-9fd47af6-b4ae-11e8-bc45-00073e906c7f&#34;: Phase=&#34;Pending&#34;, Reason=&#34;&#34;, readiness=false. Elapsed: 1m38.25405742s&#xA;Sep 10 04:06:13.628: INFO: Pod &#34;pod-configmaps-9fd47af6-b4ae-11e8-bc45-00073e906c7f&#34;: Phase=&#34;Pending&#34;, Reason=&#34;&#34;, readiness=false. Elapsed: 1m40.2590127s&#xA;Sep 10 04:06:15.633: INFO: Pod &#34;pod-configmaps-9fd47af6-b4ae-11e8-bc45-00073e906c7f&#34;: Phase=&#34;Pending&#34;, Reason=&#34;&#34;, readiness=false. Elapsed: 1m42.26391502s&#xA;Sep 10 04:06:17.638: INFO: Pod &#34;pod-configmaps-9fd47af6-b4ae-11e8-bc45-00073e906c7f&#34;: Phase=&#34;Pending&#34;, Reason=&#34;&#34;, readiness=false. Elapsed: 1m44.26880914s&#xA;Sep 10 04:06:19.642: INFO: Pod &#34;pod-configmaps-9fd47af6-b4ae-11e8-bc45-00073e906c7f&#34;: Phase=&#34;Pending&#34;, Reason=&#34;&#34;, readiness=false. Elapsed: 1m46.27356942s&#xA;Sep 10 04:06:21.647: INFO: Pod &#34;pod-configmaps-9fd47af6-b4ae-11e8-bc45-00073e906c7f&#34;: Phase=&#34;Pending&#34;, Reason=&#34;&#34;, readiness=false. Elapsed: 1m48.27851294s&#xA;Sep 10 04:06:23.652: INFO: Pod &#34;pod-configmaps-9fd47af6-b4ae-11e8-bc45-00073e906c7f&#34;: Phase=&#34;Pending&#34;, Reason=&#34;&#34;, readiness=false. Elapsed: 1m50.28345214s&#xA;Sep 10 04:06:25.657: INFO: Pod &#34;pod-configmaps-9fd47af6-b4ae-11e8-bc45-00073e906c7f&#34;: Phase=&#34;Pending&#34;, Reason=&#34;&#34;, readiness=false. Elapsed: 1m52.2885958s&#xA;Sep 10 04:06:27.662: INFO: Pod &#34;pod-configmaps-9fd47af6-b4ae-11e8-bc45-00073e906c7f&#34;: Phase=&#34;Pending&#34;, Reason=&#34;&#34;, readiness=false. Elapsed: 1m54.29348984s&#xA;Sep 10 04:06:29.667: INFO: Pod &#34;pod-configmaps-9fd47af6-b4ae-11e8-bc45-00073e906c7f&#34;: Phase=&#34;Pending&#34;, Reason=&#34;&#34;, readiness=false. Elapsed: 1m56.29839284s&#xA;Sep 10 04:06:31.672: INFO: Pod &#34;pod-configmaps-9fd47af6-b4ae-11e8-bc45-00073e906c7f&#34;: Phase=&#34;Pending&#34;, Reason=&#34;&#34;, readiness=false. Elapsed: 1m58.30371884s&#xA;Sep 10 04:06:33.677: INFO: Pod &#34;pod-configmaps-9fd47af6-b4ae-11e8-bc45-00073e906c7f&#34;: Phase=&#34;Pending&#34;, Reason=&#34;&#34;, readiness=false. Elapsed: 2m0.30869966s&#xA;Sep 10 04:06:35.682: INFO: Pod &#34;pod-configmaps-9fd47af6-b4ae-11e8-bc45-00073e906c7f&#34;: Phase=&#34;Pending&#34;, Reason=&#34;&#34;, readiness=false. Elapsed: 2m2.3137024s&#xA;Sep 10 04:06:37.687: INFO: Pod &#34;pod-configmaps-9fd47af6-b4ae-11e8-bc45-00073e906c7f&#34;: Phase=&#34;Pending&#34;, Reason=&#34;&#34;, readiness=false. Elapsed: 2m4.31870732s&#xA;Sep 10 04:06:39.692: INFO: Pod &#34;pod-configmaps-9fd47af6-b4ae-11e8-bc45-00073e906c7f&#34;: Phase=&#34;Pending&#34;, Reason=&#34;&#34;, readiness=false. Elapsed: 2m6.3236069s&#xA;Sep 10 04:06:41.697: INFO: Pod &#34;pod-configmaps-9fd47af6-b4ae-11e8-bc45-00073e906c7f&#34;: Phase=&#34;Pending&#34;, Reason=&#34;&#34;, readiness=false. Elapsed: 2m8.3287069s&#xA;Sep 10 04:06:43.702: INFO: Pod &#34;pod-configmaps-9fd47af6-b4ae-11e8-bc45-00073e906c7f&#34;: Phase=&#34;Pending&#34;, Reason=&#34;&#34;, readiness=false. Elapsed: 2m10.3334461s&#xA;Sep 10 04:06:45.707: INFO: Pod &#34;pod-configmaps-9fd47af6-b4ae-11e8-bc45-00073e906c7f&#34;: Phase=&#34;Pending&#34;, Reason=&#34;&#34;, readiness=false. Elapsed: 2m12.33857544s&#xA;Sep 10 04:06:47.712: INFO: Pod &#34;pod-configmaps-9fd47af6-b4ae-11e8-bc45-00073e906c7f&#34;: Phase=&#34;Pending&#34;, Reason=&#34;&#34;, readiness=false. Elapsed: 2m14.34342606s&#xA;Sep 10 04:06:49.717: INFO: Pod &#34;pod-configmaps-9fd47af6-b4ae-11e8-bc45-00073e906c7f&#34;: Phase=&#34;Pending&#34;, Reason=&#34;&#34;, readiness=false. Elapsed: 2m16.34822462s&#xA;Sep 10 04:06:51.722: INFO: Pod &#34;pod-configmaps-9fd47af6-b4ae-11e8-bc45-00073e906c7f&#34;: Phase=&#34;Pending&#34;, Reason=&#34;&#34;, readiness=false. Elapsed: 2m18.35297658s&#xA;Sep 10 04:06:53.727: INFO: Pod &#34;pod-configmaps-9fd47af6-b4ae-11e8-bc45-00073e906c7f&#34;: Phase=&#34;Pending&#34;, Reason=&#34;&#34;, readiness=false. Elapsed: 2m20.35796708s&#xA;Sep 10 04:06:55.731: INFO: Pod &#34;pod-configmaps-9fd47af6-b4ae-11e8-bc45-00073e906c7f&#34;: Phase=&#34;Pending&#34;, Reason=&#34;&#34;, readiness=false. Elapsed: 2m22.36268854s&#xA;Sep 10 04:06:57.736: INFO: Pod &#34;pod-configmaps-9fd47af6-b4ae-11e8-bc45-00073e906c7f&#34;: Phase=&#34;Pending&#34;, Reason=&#34;&#34;, readiness=false. Elapsed: 2m24.36750178s&#xA;Sep 10 04:06:59.741: INFO: Pod &#34;pod-configmaps-9fd47af6-b4ae-11e8-bc45-00073e906c7f&#34;: Phase=&#34;Pending&#34;, Reason=&#34;&#34;, readiness=false. Elapsed: 2m26.37200778s&#xA;Sep 10 04:07:01.746: INFO: Pod &#34;pod-configmaps-9fd47af6-b4ae-11e8-bc45-00073e906c7f&#34;: Phase=&#34;Pending&#34;, Reason=&#34;&#34;, readiness=false. Elapsed: 2m28.37684108s&#xA;Sep 10 04:07:03.750: INFO: Pod &#34;pod-configmaps-9fd47af6-b4ae-11e8-bc45-00073e906c7f&#34;: Phase=&#34;Pending&#34;, Reason=&#34;&#34;, readiness=false. Elapsed: 2m30.38160204s&#xA;Sep 10 04:07:05.755: INFO: Pod &#34;pod-configmaps-9fd47af6-b4ae-11e8-bc45-00073e906c7f&#34;: Phase=&#34;Pending&#34;, Reason=&#34;&#34;, readiness=false. Elapsed: 2m32.38644316s&#xA;Sep 10 04:07:07.760: INFO: Pod &#34;pod-configmaps-9fd47af6-b4ae-11e8-bc45-00073e906c7f&#34;: Phase=&#34;Pending&#34;, Reason=&#34;&#34;, readiness=false. Elapsed: 2m34.39121452s&#xA;Sep 10 04:07:09.765: INFO: Pod &#34;pod-configmaps-9fd47af6-b4ae-11e8-bc45-00073e906c7f&#34;: Phase=&#34;Pending&#34;, Reason=&#34;&#34;, readiness=false. Elapsed: 2m36.39607596s&#xA;Sep 10 04:07:11.770: INFO: Pod &#34;pod-configmaps-9fd47af6-b4ae-11e8-bc45-00073e906c7f&#34;: Phase=&#34;Pending&#34;, Reason=&#34;&#34;, readiness=false. Elapsed: 2m38.4011064s&#xA;Sep 10 04:07:13.775: INFO: Pod &#34;pod-configmaps-9fd47af6-b4ae-11e8-bc45-00073e906c7f&#34;: Phase=&#34;Pending&#34;, Reason=&#34;&#34;, readiness=false. Elapsed: 2m40.40598302s&#xA;Sep 10 04:07:15.780: INFO: Pod &#34;pod-configmaps-9fd47af6-b4ae-11e8-bc45-00073e906c7f&#34;: Phase=&#34;Pending&#34;, Reason=&#34;&#34;, readiness=false. Elapsed: 2m42.41167676s&#xA;Sep 10 04:07:17.785: INFO: Pod &#34;pod-configmaps-9fd47af6-b4ae-11e8-bc45-00073e906c7f&#34;: Phase=&#34;Pending&#34;, Reason=&#34;&#34;, readiness=false. Elapsed: 2m44.4165997s&#xA;Sep 10 04:07:19.790: INFO: Pod &#34;pod-configmaps-9fd47af6-b4ae-11e8-bc45-00073e906c7f&#34;: Phase=&#34;Pending&#34;, Reason=&#34;&#34;, readiness=false. Elapsed: 2m46.4215107s&#xA;Sep 10 04:07:21.795: INFO: Pod &#34;pod-configmaps-9fd47af6-b4ae-11e8-bc45-00073e906c7f&#34;: Phase=&#34;Pending&#34;, Reason=&#34;&#34;, readiness=false. Elapsed: 2m48.42634542s&#xA;Sep 10 04:07:23.800: INFO: Pod &#34;pod-configmaps-9fd47af6-b4ae-11e8-bc45-00073e906c7f&#34;: Phase=&#34;Pending&#34;, Reason=&#34;&#34;, readiness=false. Elapsed: 2m50.4312252s&#xA;Sep 10 04:07:25.805: INFO: Pod &#34;pod-configmaps-9fd47af6-b4ae-11e8-bc45-00073e906c7f&#34;: Phase=&#34;Pending&#34;, Reason=&#34;&#34;, readiness=false. Elapsed: 2m52.43638816s&#xA;Sep 10 04:07:27.810: INFO: Pod &#34;pod-configmaps-9fd47af6-b4ae-11e8-bc45-00073e906c7f&#34;: Phase=&#34;Pending&#34;, Reason=&#34;&#34;, readiness=false. Elapsed: 2m54.44108662s&#xA;Sep 10 04:07:29.815: INFO: Pod &#34;pod-configmaps-9fd47af6-b4ae-11e8-bc45-00073e906c7f&#34;: Phase=&#34;Pending&#34;, Reason=&#34;&#34;, readiness=false. Elapsed: 2m56.44602392s&#xA;Sep 10 04:07:31.820: INFO: Pod &#34;pod-configmaps-9fd47af6-b4ae-11e8-bc45-00073e906c7f&#34;: Phase=&#34;Pending&#34;, Reason=&#34;&#34;, readiness=false. Elapsed: 2m58.4509044s&#xA;Sep 10 04:07:33.825: INFO: Pod &#34;pod-configmaps-9fd47af6-b4ae-11e8-bc45-00073e906c7f&#34;: Phase=&#34;Pending&#34;, Reason=&#34;&#34;, readiness=false. Elapsed: 3m0.45579698s&#xA;Sep 10 04:07:35.829: INFO: Pod &#34;pod-configmaps-9fd47af6-b4ae-11e8-bc45-00073e906c7f&#34;: Phase=&#34;Pending&#34;, Reason=&#34;&#34;, readiness=false. Elapsed: 3m2.4604846s&#xA;Sep 10 04:07:37.834: INFO: Pod &#34;pod-configmaps-9fd47af6-b4ae-11e8-bc45-00073e906c7f&#34;: Phase=&#34;Pending&#34;, Reason=&#34;&#34;, readiness=false. Elapsed: 3m4.46550746s&#xA;Sep 10 04:07:39.839: INFO: Pod &#34;pod-configmaps-9fd47af6-b4ae-11e8-bc45-00073e906c7f&#34;: Phase=&#34;Pending&#34;, Reason=&#34;&#34;, readiness=false. Elapsed: 3m6.47055316s&#xA;Sep 10 04:07:41.844: INFO: Pod &#34;pod-configmaps-9fd47af6-b4ae-11e8-bc45-00073e906c7f&#34;: Phase=&#34;Pending&#34;, Reason=&#34;&#34;, readiness=false. Elapsed: 3m8.47549756s&#xA;Sep 10 04:07:43.849: INFO: Pod &#34;pod-configmaps-9fd47af6-b4ae-11e8-bc45-00073e906c7f&#34;: Phase=&#34;Pending&#34;, Reason=&#34;&#34;, readiness=false. Elapsed: 3m10.48040466s&#xA;Sep 10 04:07:45.854: INFO: Pod &#34;pod-configmaps-9fd47af6-b4ae-11e8-bc45-00073e906c7f&#34;: Phase=&#34;Pending&#34;, Reason=&#34;&#34;, readiness=false. Elapsed: 3m12.4853064s&#xA;Sep 10 04:07:47.863: INFO: Pod &#34;pod-configmaps-9fd47af6-b4ae-11e8-bc45-00073e906c7f&#34;: Phase=&#34;Pending&#34;, Reason=&#34;&#34;, readiness=false. Elapsed: 3m14.49423682s&#xA;Sep 10 04:07:49.868: INFO: Pod &#34;pod-configmaps-9fd47af6-b4ae-11e8-bc45-00073e906c7f&#34;: Phase=&#34;Pending&#34;, Reason=&#34;&#34;, readiness=false. Elapsed: 3m16.49910554s&#xA;Sep 10 04:07:51.873: INFO: Pod &#34;pod-configmaps-9fd47af6-b4ae-11e8-bc45-00073e906c7f&#34;: Phase=&#34;Pending&#34;, Reason=&#34;&#34;, readiness=false. Elapsed: 3m18.50395484s&#xA;Sep 10 04:07:53.878: INFO: Pod &#34;pod-configmaps-9fd47af6-b4ae-11e8-bc45-00073e906c7f&#34;: Phase=&#34;Pending&#34;, Reason=&#34;&#34;, readiness=false. Elapsed: 3m20.509093s&#xA;Sep 10 04:07:55.883: INFO: Pod &#34;pod-configmaps-9fd47af6-b4ae-11e8-bc45-00073e906c7f&#34;: Phase=&#34;Pending&#34;, Reason=&#34;&#34;, readiness=false. Elapsed: 3m22.51391274s&#xA;Sep 10 04:07:57.887: INFO: Pod &#34;pod-configmaps-9fd47af6-b4ae-11e8-bc45-00073e906c7f&#34;: Phase=&#34;Pending&#34;, Reason=&#34;&#34;, readiness=false. Elapsed: 3m24.51865002s&#xA;Sep 10 04:07:59.892: INFO: Pod &#34;pod-configmaps-9fd47af6-b4ae-11e8-bc45-00073e906c7f&#34;: Phase=&#34;Pending&#34;, Reason=&#34;&#34;, readiness=false. Elapsed: 3m26.52347064s&#xA;Sep 10 04:08:01.897: INFO: Pod &#34;pod-configmaps-9fd47af6-b4ae-11e8-bc45-00073e906c7f&#34;: Phase=&#34;Pending&#34;, Reason=&#34;&#34;, readiness=false. Elapsed: 3m28.52845524s&#xA;Sep 10 04:08:03.902: INFO: Pod &#34;pod-configmaps-9fd47af6-b4ae-11e8-bc45-00073e906c7f&#34;: Phase=&#34;Pending&#34;, Reason=&#34;&#34;, readiness=false. Elapsed: 3m30.5330747s&#xA;Sep 10 04:08:05.907: INFO: Pod &#34;pod-configmaps-9fd47af6-b4ae-11e8-bc45-00073e906c7f&#34;: Phase=&#34;Pending&#34;, Reason=&#34;&#34;, readiness=false. Elapsed: 3m32.53787592s&#xA;Sep 10 04:08:07.912: INFO: Pod &#34;pod-configmaps-9fd47af6-b4ae-11e8-bc45-00073e906c7f&#34;: Phase=&#34;Pending&#34;, Reason=&#34;&#34;, readiness=false. Elapsed: 3m34.54294252s&#xA;Sep 10 04:08:09.917: INFO: Pod &#34;pod-configmaps-9fd47af6-b4ae-11e8-bc45-00073e906c7f&#34;: Phase=&#34;Pending&#34;, Reason=&#34;&#34;, readiness=false. Elapsed: 3m36.54784458s&#xA;Sep 10 04:08:11.921: INFO: Pod &#34;pod-configmaps-9fd47af6-b4ae-11e8-bc45-00073e906c7f&#34;: Phase=&#34;Pending&#34;, Reason=&#34;&#34;, readiness=false. Elapsed: 3m38.55261252s&#xA;Sep 10 04:08:13.926: INFO: Pod &#34;pod-configmaps-9fd47af6-b4ae-11e8-bc45-00073e906c7f&#34;: Phase=&#34;Pending&#34;, Reason=&#34;&#34;, readiness=false. Elapsed: 3m40.55734606s&#xA;Sep 10 04:08:15.931: INFO: Pod &#34;pod-configmaps-9fd47af6-b4ae-11e8-bc45-00073e906c7f&#34;: Phase=&#34;Pending&#34;, Reason=&#34;&#34;, readiness=false. Elapsed: 3m42.56237216s&#xA;Sep 10 04:08:17.936: INFO: Pod &#34;pod-configmaps-9fd47af6-b4ae-11e8-bc45-00073e906c7f&#34;: Phase=&#34;Pending&#34;, Reason=&#34;&#34;, readiness=false. Elapsed: 3m44.56720396s&#xA;Sep 10 04:08:19.941: INFO: Pod &#34;pod-configmaps-9fd47af6-b4ae-11e8-bc45-00073e906c7f&#34;: Phase=&#34;Pending&#34;, Reason=&#34;&#34;, readiness=false. Elapsed: 3m46.57190032s&#xA;Sep 10 04:08:21.945: INFO: Pod &#34;pod-configmaps-9fd47af6-b4ae-11e8-bc45-00073e906c7f&#34;: Phase=&#34;Pending&#34;, Reason=&#34;&#34;, readiness=false. Elapsed: 3m48.57667584s&#xA;Sep 10 04:08:23.950: INFO: Pod &#34;pod-configmaps-9fd47af6-b4ae-11e8-bc45-00073e906c7f&#34;: Phase=&#34;Pending&#34;, Reason=&#34;&#34;, readiness=false. Elapsed: 3m50.5813186s&#xA;Sep 10 04:08:25.955: INFO: Pod &#34;pod-configmaps-9fd47af6-b4ae-11e8-bc45-00073e906c7f&#34;: Phase=&#34;Pending&#34;, Reason=&#34;&#34;, readiness=false. Elapsed: 3m52.58619992s&#xA;Sep 10 04:08:27.960: INFO: Pod &#34;pod-configmaps-9fd47af6-b4ae-11e8-bc45-00073e906c7f&#34;: Phase=&#34;Pending&#34;, Reason=&#34;&#34;, readiness=false. Elapsed: 3m54.59085284s&#xA;Sep 10 04:08:29.964: INFO: Pod &#34;pod-configmaps-9fd47af6-b4ae-11e8-bc45-00073e906c7f&#34;: Phase=&#34;Pending&#34;, Reason=&#34;&#34;, readiness=false. Elapsed: 3m56.59559234s&#xA;Sep 10 04:08:31.969: INFO: Pod &#34;pod-configmaps-9fd47af6-b4ae-11e8-bc45-00073e906c7f&#34;: Phase=&#34;Pending&#34;, Reason=&#34;&#34;, readiness=false. Elapsed: 3m58.6002479s&#xA;Sep 10 04:08:33.974: INFO: Pod &#34;pod-configmaps-9fd47af6-b4ae-11e8-bc45-00073e906c7f&#34;: Phase=&#34;Pending&#34;, Reason=&#34;&#34;, readiness=false. Elapsed: 4m0.60505986s&#xA;Sep 10 04:08:35.978: INFO: Pod &#34;pod-configmaps-9fd47af6-b4ae-11e8-bc45-00073e906c7f&#34;: Phase=&#34;Pending&#34;, Reason=&#34;&#34;, readiness=false. Elapsed: 4m2.60969184s&#xA;Sep 10 04:08:37.983: INFO: Pod &#34;pod-configmaps-9fd47af6-b4ae-11e8-bc45-00073e906c7f&#34;: Phase=&#34;Pending&#34;, Reason=&#34;&#34;, readiness=false. Elapsed: 4m4.61427544s&#xA;Sep 10 04:08:39.988: INFO: Pod &#34;pod-configmaps-9fd47af6-b4ae-11e8-bc45-00073e906c7f&#34;: Phase=&#34;Pending&#34;, Reason=&#34;&#34;, readiness=false. Elapsed: 4m6.61968074s&#xA;Sep 10 04:08:41.993: INFO: Pod &#34;pod-configmaps-9fd47af6-b4ae-11e8-bc45-00073e906c7f&#34;: Phase=&#34;Pending&#34;, Reason=&#34;&#34;, readiness=false. Elapsed: 4m8.62426284s&#xA;Sep 10 04:08:43.998: INFO: Pod &#34;pod-configmaps-9fd47af6-b4ae-11e8-bc45-00073e906c7f&#34;: Phase=&#34;Pending&#34;, Reason=&#34;&#34;, readiness=false. Elapsed: 4m10.62917648s&#xA;Sep 10 04:08:46.003: INFO: Pod &#34;pod-configmaps-9fd47af6-b4ae-11e8-bc45-00073e906c7f&#34;: Phase=&#34;Pending&#34;, Reason=&#34;&#34;, readiness=false. Elapsed: 4m12.63435392s&#xA;Sep 10 04:08:48.008: INFO: Pod &#34;pod-configmaps-9fd47af6-b4ae-11e8-bc45-00073e906c7f&#34;: Phase=&#34;Pending&#34;, Reason=&#34;&#34;, readiness=false. Elapsed: 4m14.63921532s&#xA;Sep 10 04:08:50.013: INFO: Pod &#34;pod-configmaps-9fd47af6-b4ae-11e8-bc45-00073e906c7f&#34;: Phase=&#34;Pending&#34;, Reason=&#34;&#34;, readiness=false. Elapsed: 4m16.6439723s&#xA;Sep 10 04:08:52.018: INFO: Pod &#34;pod-configmaps-9fd47af6-b4ae-11e8-bc45-00073e906c7f&#34;: Phase=&#34;Pending&#34;, Reason=&#34;&#34;, readiness=false. Elapsed: 4m18.64896906s&#xA;Sep 10 04:08:54.023: INFO: Pod &#34;pod-configmaps-9fd47af6-b4ae-11e8-bc45-00073e906c7f&#34;: Phase=&#34;Pending&#34;, Reason=&#34;&#34;, readiness=false. Elapsed: 4m20.65380824s&#xA;Sep 10 04:08:56.027: INFO: Pod &#34;pod-configmaps-9fd47af6-b4ae-11e8-bc45-00073e906c7f&#34;: Phase=&#34;Pending&#34;, Reason=&#34;&#34;, readiness=false. Elapsed: 4m22.65865168s&#xA;Sep 10 04:08:58.032: INFO: Pod &#34;pod-configmaps-9fd47af6-b4ae-11e8-bc45-00073e906c7f&#34;: Phase=&#34;Pending&#34;, Reason=&#34;&#34;, readiness=false. Elapsed: 4m24.663608s&#xA;Sep 10 04:09:00.037: INFO: Pod &#34;pod-configmaps-9fd47af6-b4ae-11e8-bc45-00073e906c7f&#34;: Phase=&#34;Pending&#34;, Reason=&#34;&#34;, readiness=false. Elapsed: 4m26.66875694s&#xA;Sep 10 04:09:02.042: INFO: Pod &#34;pod-configmaps-9fd47af6-b4ae-11e8-bc45-00073e906c7f&#34;: Phase=&#34;Pending&#34;, Reason=&#34;&#34;, readiness=false. Elapsed: 4m28.6737479s&#xA;Sep 10 04:09:04.047: INFO: Pod &#34;pod-configmaps-9fd47af6-b4ae-11e8-bc45-00073e906c7f&#34;: Phase=&#34;Pending&#34;, Reason=&#34;&#34;, readiness=false. Elapsed: 4m30.67861938s&#xA;Sep 10 04:09:06.052: INFO: Pod &#34;pod-configmaps-9fd47af6-b4ae-11e8-bc45-00073e906c7f&#34;: Phase=&#34;Pending&#34;, Reason=&#34;&#34;, readiness=false. Elapsed: 4m32.68355068s&#xA;Sep 10 04:09:08.058: INFO: Pod &#34;pod-configmaps-9fd47af6-b4ae-11e8-bc45-00073e906c7f&#34;: Phase=&#34;Pending&#34;, Reason=&#34;&#34;, readiness=false. Elapsed: 4m34.68886666s&#xA;Sep 10 04:09:10.063: INFO: Pod &#34;pod-configmaps-9fd47af6-b4ae-11e8-bc45-00073e906c7f&#34;: Phase=&#34;Pending&#34;, Reason=&#34;&#34;, readiness=false. Elapsed: 4m36.69392682s&#xA;Sep 10 04:09:12.068: INFO: Pod &#34;pod-configmaps-9fd47af6-b4ae-11e8-bc45-00073e906c7f&#34;: Phase=&#34;Pending&#34;, Reason=&#34;&#34;, readiness=false. Elapsed: 4m38.69891194s&#xA;Sep 10 04:09:14.072: INFO: Pod &#34;pod-configmaps-9fd47af6-b4ae-11e8-bc45-00073e906c7f&#34;: Phase=&#34;Pending&#34;, Reason=&#34;&#34;, readiness=false. Elapsed: 4m40.70362868s&#xA;Sep 10 04:09:16.077: INFO: Pod &#34;pod-configmaps-9fd47af6-b4ae-11e8-bc45-00073e906c7f&#34;: Phase=&#34;Pending&#34;, Reason=&#34;&#34;, readiness=false. Elapsed: 4m42.70871544s&#xA;Sep 10 04:09:18.082: INFO: Pod &#34;pod-configmaps-9fd47af6-b4ae-11e8-bc45-00073e906c7f&#34;: Phase=&#34;Pending&#34;, Reason=&#34;&#34;, readiness=false. Elapsed: 4m44.71371538s&#xA;Sep 10 04:09:20.087: INFO: Pod &#34;pod-configmaps-9fd47af6-b4ae-11e8-bc45-00073e906c7f&#34;: Phase=&#34;Pending&#34;, Reason=&#34;&#34;, readiness=false. Elapsed: 4m46.71863602s&#xA;Sep 10 04:09:22.092: INFO: Pod &#34;pod-configmaps-9fd47af6-b4ae-11e8-bc45-00073e906c7f&#34;: Phase=&#34;Pending&#34;, Reason=&#34;&#34;, readiness=false. Elapsed: 4m48.72349424s&#xA;Sep 10 04:09:24.097: INFO: Pod &#34;pod-configmaps-9fd47af6-b4ae-11e8-bc45-00073e906c7f&#34;: Phase=&#34;Pending&#34;, Reason=&#34;&#34;, readiness=false. Elapsed: 4m50.7284063s&#xA;Sep 10 04:09:26.102: INFO: Pod &#34;pod-configmaps-9fd47af6-b4ae-11e8-bc45-00073e906c7f&#34;: Phase=&#34;Pending&#34;, Reason=&#34;&#34;, readiness=false. Elapsed: 4m52.7333952s&#xA;Sep 10 04:09:28.107: INFO: Pod &#34;pod-configmaps-9fd47af6-b4ae-11e8-bc45-00073e906c7f&#34;: Phase=&#34;Pending&#34;, Reason=&#34;&#34;, readiness=false. Elapsed: 4m54.7384922s&#xA;Sep 10 04:09:30.112: INFO: Pod &#34;pod-configmaps-9fd47af6-b4ae-11e8-bc45-00073e906c7f&#34;: Phase=&#34;Pending&#34;, Reason=&#34;&#34;, readiness=false. Elapsed: 4m56.7433588s&#xA;Sep 10 04:09:32.117: INFO: Pod &#34;pod-configmaps-9fd47af6-b4ae-11e8-bc45-00073e906c7f&#34;: Phase=&#34;Pending&#34;, Reason=&#34;&#34;, readiness=false. Elapsed: 4m58.74826606s&#xA;Sep 10 04:09:34.132: INFO: Failed to get logs from node &#34;node3&#34; pod &#34;pod-configmaps-9fd47af6-b4ae-11e8-bc45-00073e906c7f&#34; container &#34;env-test&#34;: the server rejected our request for an unknown reason (get pods pod-configmaps-9fd47af6-b4ae-11e8-bc45-00073e906c7f)&#xA;�[1mSTEP�[0m: delete the pod&#xA;Sep 10 04:09:34.138: INFO: Waiting for pod pod-configmaps-9fd47af6-b4ae-11e8-bc45-00073e906c7f to disappear&#xA;Sep 10 04:09:34.144: INFO: Pod pod-configmaps-9fd47af6-b4ae-11e8-bc45-00073e906c7f still exists&#xA;Sep 10 04:09:36.144: INFO: Waiting for pod pod-configmaps-9fd47af6-b4ae-11e8-bc45-00073e906c7f to disappear&#xA;Sep 10 04:09:36.148: INFO: Pod pod-configmaps-9fd47af6-b4ae-11e8-bc45-00073e906c7f no longer exists&#xA;Sep 10 04:09:36.148: INFO: Unexpected error occurred: expected pod &#34;pod-configmaps-9fd47af6-b4ae-11e8-bc45-00073e906c7f&#34; success: Gave up after waiting 5m0s for pod &#34;pod-configmaps-9fd47af6-b4ae-11e8-bc45-00073e906c7f&#34; to be &#34;success or failure&#34;&#xA;[AfterEach] [sig-api-machinery] Secrets&#xA;  /root/gopath/src/k8s.io/kubernetes/_output/local/go/src/k8s.io/kubernetes/test/e2e/framework/framework.go:142&#xA;�[1mSTEP�[0m: Collecting events from namespace &#34;e2e-tests-secrets-jb2hv&#34;.&#xA;�[1mSTEP�[0m: Found 7 events.&#xA;Sep 10 04:09:36.156: INFO: At 2018-09-10 04:04:33 +0000 UTC - event for pod-configmaps-9fd47af6-b4ae-11e8-bc45-00073e906c7f: {default-scheduler } Scheduled: Successfully assigned e2e-tests-secrets-jb2hv/pod-configmaps-9fd47af6-b4ae-11e8-bc45-00073e906c7f to node3&#xA;Sep 10 04:09:36.156: INFO: At 2018-09-10 04:04:34 +0000 UTC - event for pod-configmaps-9fd47af6-b4ae-11e8-bc45-00073e906c7f: {kubelet node3} Pulling: pulling image &#34;busybox&#34;&#xA;Sep 10 04:09:36.156: INFO: At 2018-09-10 04:04:40 +0000 UTC - event for pod-configmaps-9fd47af6-b4ae-11e8-bc45-00073e906c7f: {kubelet node3} Failed: Failed to pull image &#34;busybox&#34;: rpc error: code = Unknown desc = Error while pulling image: Get https://index.docker.io/v1/repositories/library/busybox/images: http: error connecting to proxy http://192.168.2.109:8118: dial tcp 192.168.2.109:8118: getsockopt: no route to host&#xA;Sep 10 04:09:36.156: INFO: At 2018-09-10 04:04:40 +0000 UTC - event for pod-configmaps-9fd47af6-b4ae-11e8-bc45-00073e906c7f: {kubelet node3} Failed: Error: ErrImagePull&#xA;Sep 10 04:09:36.156: INFO: At 2018-09-10 04:04:41 +0000 UTC - event for pod-configmaps-9fd47af6-b4ae-11e8-bc45-00073e906c7f: {kubelet node3} SandboxChanged: Pod sandbox changed, it will be killed and re-created.&#xA;Sep 10 04:09:36.156: INFO: At 2018-09-10 04:05:23 +0000 UTC - event for pod-configmaps-9fd47af6-b4ae-11e8-bc45-00073e906c7f: {kubelet node3} BackOff: Back-off pulling image &#34;busybox&#34;&#xA;Sep 10 04:09:36.156: INFO: At 2018-09-10 04:05:23 +0000 UTC - event for pod-configmaps-9fd47af6-b4ae-11e8-bc45-00073e906c7f: {kubelet node3} Failed: Error: ImagePullBackOff&#xA;Sep 10 04:09:36.168: INFO: POD                            NODE   PHASE    GRACE  CONDITIONS&#xA;Sep 10 04:09:36.168: INFO: coredns-78fcdf6894-f55jj       node3  Running         [{Initialized True 0001-01-01 00:00:00 +0000 UTC 2018-09-01 03:57:03 +0000 UTC  } {Ready True 0001-01-01 00:00:00 +0000 UTC 2018-09-07 08:42:02 +0000 UTC  } {ContainersReady True 0001-01-01 00:00:00 +0000 UTC 0001-01-01 00:00:00 +0000 UTC  } {PodScheduled True 0001-01-01 00:00:00 +0000 UTC 2018-09-01 03:57:03 +0000 UTC  }]&#xA;Sep 10 04:09:36.168: INFO: coredns-78fcdf6894-vlxkz       node3  Running         [{Initialized True 0001-01-01 00:00:00 +0000 UTC 2018-09-01 03:57:03 +0000 UTC  } {Ready True 0001-01-01 00:00:00 +0000 UTC 2018-09-07 08:42:02 +0000 UTC  } {ContainersReady True 0001-01-01 00:00:00 +0000 UTC 0001-01-01 00:00:00 +0000 UTC  } {PodScheduled True 0001-01-01 00:00:00 +0000 UTC 2018-09-01 03:57:03 +0000 UTC  }]&#xA;Sep 10 04:09:36.168: INFO: etcd-node3                     node3  Running         [{Initialized True 0001-01-01 00:00:00 +0000 UTC 2018-09-07 08:40:49 +0000 UTC  } {Ready True 0001-01-01 00:00:00 +0000 UTC 2018-09-07 08:40:51 +0000 UTC  } {ContainersReady True 0001-01-01 00:00:00 +0000 UTC 0001-01-01 00:00:00 +0000 UTC  } {PodScheduled True 0001-01-01 00:00:00 +0000 UTC 2018-09-07 08:40:49 +0000 UTC  }]&#xA;Sep 10 04:09:36.168: INFO: kube-apiserver-node3           node3  Running         [{Initialized True 0001-01-01 00:00:00 +0000 UTC 2018-09-07 08:40:49 +0000 UTC  } {Ready True 0001-01-01 00:00:00 +0000 UTC 2018-09-07 08:40:51 +0000 UTC  } {ContainersReady True 0001-01-01 00:00:00 +0000 UTC 0001-01-01 00:00:00 +0000 UTC  } {PodScheduled True 0001-01-01 00:00:00 +0000 UTC 2018-09-07 08:40:49 +0000 UTC  }]&#xA;Sep 10 04:09:36.169: INFO: kube-controller-manager-node3  node3  Running         [{Initialized True 0001-01-01 00:00:00 +0000 UTC 2018-09-07 08:40:49 +0000 UTC  } {Ready True 0001-01-01 00:00:00 +0000 UTC 2018-09-07 08:40:51 +0000 UTC  } {ContainersReady True 0001-01-01 00:00:00 +0000 UTC 0001-01-01 00:00:00 +0000 UTC  } {PodScheduled True 0001-01-01 00:00:00 +0000 UTC 2018-09-07 08:40:49 +0000 UTC  }]&#xA;Sep 10 04:09:36.169: INFO: kube-proxy-d6xgq               node3  Running         [{Initialized True 0001-01-01 00:00:00 +0000 UTC 2018-09-01 03:55:38 +0000 UTC  } {Ready True 0001-01-01 00:00:00 +0000 UTC 2018-09-07 08:41:32 +0000 UTC  } {ContainersReady True 0001-01-01 00:00:00 +0000 UTC 0001-01-01 00:00:00 +0000 UTC  } {PodScheduled True 0001-01-01 00:00:00 +0000 UTC 2018-09-01 03:55:38 +0000 UTC  }]&#xA;Sep 10 04:09:36.169: INFO: kube-scheduler-node3           node3  Running         [{Initialized True 0001-01-01 00:00:00 +0000 UTC 2018-09-07 08:40:50 +0000 UTC  } {Ready True 0001-01-01 00:00:00 +0000 UTC 2018-09-07 08:40:51 +0000 UTC  } {ContainersReady True 0001-01-01 00:00:00 +0000 UTC 0001-01-01 00:00:00 +0000 UTC  } {PodScheduled True 0001-01-01 00:00:00 +0000 UTC 2018-09-07 08:40:50 +0000 UTC  }]&#xA;Sep 10 04:09:36.169: INFO: weave-net-qrwm8                node3  Running         [{Initialized True 0001-01-01 00:00:00 +0000 UTC 2018-09-01 03:55:38 +0000 UTC  } {Ready True 0001-01-01 00:00:00 +0000 UTC 2018-09-07 08:41:59 +0000 UTC  } {ContainersReady True 0001-01-01 00:00:00 +0000 UTC 0001-01-01 00:00:00 +0000 UTC  } {PodScheduled True 0001-01-01 00:00:00 +0000 UTC 2018-09-01 03:55:38 +0000 UTC  }]&#xA;Sep 10 04:09:36.169: INFO: &#xA;Sep 10 04:09:36.174: INFO: &#xA;Logging node info for node node3&#xA;Sep 10 04:09:36.178: INFO: Node Info: &amp;Node{ObjectMeta:k8s_io_apimachinery_pkg_apis_meta_v1.ObjectMeta{Name:node3,GenerateName:,Namespace:,SelfLink:/api/v1/nodes/node3,UID:d76c0c97-ad9a-11e8-a7d7-1e59e086a4f1,ResourceVersion:514085,Generation:0,CreationTimestamp:2018-09-01 03:55:18 +0000 UTC,DeletionTimestamp:&lt;nil&gt;,DeletionGracePeriodSeconds:nil,Labels:map[string]string{beta.kubernetes.io/arch: arm64,beta.kubernetes.io/os: linux,kubernetes.io/hostname: node3,node-role.kubernetes.io/master: ,},Annotations:map[string]string{kubeadm.alpha.kubernetes.io/cri-socket: /var/run/dockershim.sock,node.alpha.kubernetes.io/ttl: 0,volumes.kubernetes.io/controller-managed-attach-detach: true,},OwnerReferences:[],Finalizers:[],ClusterName:,Initializers:nil,},Spec:NodeSpec{PodCIDR:10.244.0.0/24,DoNotUse_ExternalID:,ProviderID:,Unschedulable:false,Taints:[],ConfigSource:nil,},Status:NodeStatus{Capacity:ResourceList{cpu: {{16 0} {&lt;nil&gt;} 16 DecimalSI},ephemeral-storage: {{82538430464 0} {&lt;nil&gt;}  BinarySI},hugepages-2Mi: {{0 0} {&lt;nil&gt;} 0 DecimalSI},memory: {{67535159296 0} {&lt;nil&gt;}  BinarySI},pods: {{110 0} {&lt;nil&gt;} 110 DecimalSI},},Allocatable:ResourceList{cpu: {{16 0} {&lt;nil&gt;} 16 DecimalSI},ephemeral-storage: {{74284587295 0} {&lt;nil&gt;} 74284587295 DecimalSI},hugepages-2Mi: {{0 0} {&lt;nil&gt;} 0 DecimalSI},memory: {{67430301696 0} {&lt;nil&gt;}  BinarySI},pods: {{110 0} {&lt;nil&gt;} 110 DecimalSI},},Phase:,Conditions:[{NetworkUnavailable False 2018-09-07 08:42:01 +0000 UTC 2018-09-07 08:42:01 +0000 UTC WeaveIsUp Weave pod has set this} {OutOfDisk False 2018-09-10 04:09:26 +0000 UTC 2018-09-01 03:55:11 +0000 UTC KubeletHasSufficientDisk kubelet has sufficient disk space available} {MemoryPressure False 2018-09-10 04:09:26 +0000 UTC 2018-09-01 03:55:11 +0000 UTC KubeletHasSufficientMemory kubelet has sufficient memory available} {DiskPressure False 2018-09-10 04:09:26 +0000 UTC 2018-09-01 03:55:11 +0000 UTC KubeletHasNoDiskPressure kubelet has no disk pressure} {PIDPressure False 2018-09-10 04:09:26 +0000 UTC 2018-09-01 03:55:11 +0000 UTC KubeletHasSufficientPID kubelet has sufficient PID available} {Ready True 2018-09-10 04:09:26 +0000 UTC 2018-09-04 01:30:47 +0000 UTC KubeletReady kubelet is posting ready status}],Addresses:[{InternalIP 192.168.2.117} {Hostname node3}],DaemonEndpoints:NodeDaemonEndpoints{KubeletEndpoint:DaemonEndpoint{Port:10250,},},NodeInfo:NodeSystemInfo{MachineID:373be5c264ac4b78a49077a4b4ded99c,SystemUUID:373be5c264ac4b78a49077a4b4ded99c,BootID:fa7f8a19-3d16-419b-9318-394c7eac5519,KernelVersion:4.4.58-20171215.kylin.server.YUN+-generic,OSImage:Kylin 4.0.2,ContainerRuntimeVersion:docker://1.12.6,KubeletVersion:v1.11.2,KubeProxyVersion:v1.11.2,OperatingSystem:linux,Architecture:arm64,},Images:[{[k8s.gcr.io/kube-cross@sha256:0c5809a727c38458e9a63b486cf83c504a24ff561d63a031d31e613f6ad50282 k8s.gcr.io/kube-cross:v1.10.2-1] 2076524551} {[mrdreambot/arm64-mysql@sha256:872464bd31f5db2ecfce15824c80a0b78ace914e80e78a0e98d2d9ef7e8bbb79 mrdreambot/arm64-mysql:latest] 529883867} {[bobsense/mysql@sha256:a20cd35207c46b0400ac48fdf21ebb8e432fa5b597eb5f4b6ec6a634ecc26a8a bobsense/mysql:latest] 529882429} {[mariadb@sha256:358f6b50afd9c25707e97869f0c57de802c53973a90a2ff49e283501fccce1b2 mariadb:10.1.14] 387643618} {[wordpress@sha256:b0460dba11737144b232a7794403d4052982f2332caeea82f618fc98d0547387 wordpress:latest] 367973768} {[mariadb@sha256:edef80de393cf4a79504168c663f8b0c6b15060333e5a7d7aee3dc0a4de6e927 mariadb:latest] 348940495} {[hyperhq/mariadb-arm64v8@sha256:bcf8c747e35eddfcd36ffc6011b00ececb56fe467afb290280d80709299fd80d hyperhq/mariadb-arm64v8:10.3-1] 348507360} {[hyperhq/mariadb-arm64v8:10.3] 348507300} {[hyperhq/mariadb-arm64v8@sha256:720d233b09adbea084c15cfa4909008a2df201b300b10c9fd39464bce60af0db hyperhq/mariadb-arm64v8:10.3-2] 348507153} {[bobsense/nginx-arm64@sha256:224f3b5fd469754e5e701bedd28c633c92ba21c00d2b0e9376eaa4adb38b5603 bobsense/nginx-arm64:latest] 338655564} {[gcr.io/google-samples/gb-frontend-arm64@sha256:9587be21f54a9dc04e1f37b83a9d120231b205385d8deba0682d6fb22088e7c9 gcr.io/google-samples/gb-frontend-arm64:v5] 337228898} {[lsioarmhf/mariadb-aarch64@sha256:b2a1bd89d60c579f07ae1837280a2b3b5f35f11f756b9aa61e6a025af03ddf87 lsioarmhf/mariadb-aarch64:latest] 327268490} {[ebspace/aarch64-mysql@sha256:d9f5f5d222a155c930e3837976b5b457e48c000cf34e6919d0f8a0b73dc39965 ebspace/aarch64-mysql:latest] 262591608} {[tobi312/rpi-mysql@sha256:2f0b069765901afbb162838359778088b8d9fdba30b201d5cf51381ec008802a tobi312/rpi-mysql:latest] 256067342} {[k8s.gcr.io/volume-nfs@sha256:83ba87be13a6f74361601c8614527e186ca67f49091e2d0d4ae8a8da67c403ee k8s.gcr.io/volume-nfs:0.8] 247146979} {[postgres@sha256:d9c44f9fc460dd8962c388eacf88a0e252b858ccdf33bc223f68112617e81fc9 postgres:10] 233845668} {[k8s.gcr.io/etcd-arm64@sha256:f0b7368ebb28e6226ab3b4dbce4b5c6d77dab7b5f6579b08fd645c00f7b100ff k8s.gcr.io/etcd-arm64:3.2.18] 229927444} {[k8s.gcr.io/kube-apiserver-arm64@sha256:5c77134dc174453fc0d900ee5cdcb7b488131a0edb934ae8e859a263f8ee55da k8s.gcr.io/kube-apiserver-arm64:v1.10.4] 218561963} {[k8s.gcr.io/kube-apiserver-arm64@sha256:ab41e3e38792750fa122dbeacf7d0d3d52b7ccc466f254c460733846da0ce0c9 k8s.gcr.io/kube-apiserver-arm64:v1.10.3] 218559018} {[hypriot/rpi-mysql@sha256:c1567c885cf560da66a647f91f7e16bfeea2968895f859b5732583a8db3570ea hypriot/rpi-mysql:latest] 209339591} {[gcr.io/kubernetes-e2e-test-images/jessie-dnsutils-arm64@sha256:92105b23ab1bcc1f72b7deeb4b7d72b27b4ba9a47b292fbd4f58f4080f0621a2 gcr.io/kubernetes-e2e-test-images/jessie-dnsutils-arm64:1.0] 193983470} {[k8s.gcr.io/kube-apiserver-arm64@sha256:31fa4a96f582953034fb2906bd2e557620943ebaa2c2f74ee719c89a9bffb0d4 k8s.gcr.io/kube-apiserver-arm64:v1.11.2] 185805939} {[k8s.gcr.io/etcd-arm64@sha256:c6418130352f3632f3858ff466f7fdcde5c2867d9471f40dbb99227ccbb6d458 k8s.gcr.io/etcd-arm64:3.1.12] 180941491} {[functions/faas-netesd@sha256:05072b13c8127d53b48466f6b16beae997ff008e13a74cdb5da64ca2f5708062 functions/faas-netesd:arm64-0.3-alpha6] 154407667} {[k8s.gcr.io/kube-controller-manager-arm64@sha256:af5e55e15e5ab06999716ef72792b0abed63c9fc972db99120b2c40febaf69a7 k8s.gcr.io/kube-controller-manager-arm64:v1.11.2] 153069058} {[functions/faas-netesd@sha256:0903fd0a2c6010fcef6f42eda8fdc22bf4aecc31571b7ab6f461041497f34aa4 functions/faas-netesd:0.4.3-arm64] 148751197} {[k8s.gcr.io/kube-controller-manager-arm64@sha256:138de23ccbdfab3f4e76e05c290aab26c9127a853db8a0cbc2d816b31d5aebbd k8s.gcr.io/kube-controller-manager-arm64:v1.10.4] 142046988} {[k8s.gcr.io/kube-controller-manager-arm64@sha256:4f99bac50d84f8757ef06d06e68eee0aa042fdb5969c300d23ad1ae3b1f914f5 k8s.gcr.io/kube-controller-manager-arm64:v1.10.3] 142046537} {[weaveworks/weave-kube@sha256:3c45b339ab2dc9c11c9c745e44afce27806dc1d8ecd1da84a88deb36756ac713 weaveworks/weave-kube:2.4.0] 131119125} {[k8s.gcr.io/nginx-slim-arm64@sha256:b95f8bebdc6d8a7b65f5954aa5aaea3209ad8a6af5261cf3c8cae0c0a1c0fb79 k8s.gcr.io/nginx-slim-arm64:0.27] 126129565} {[k8s.gcr.io/nginx-slim-arm64@sha256:ef47cf0719891fe4b84467af77f8e13618b05965b6663945411e1e11c15ffa14 k8s.gcr.io/nginx-slim-arm64:0.26] 126125347} {[hyperhq/postgres-wordpress-arm:latest] 110592210} {[wordpress@sha256:3c22b14d0269bd50b2011f6d749d8bee68e328167f774bef8bf11f5878a6035d wordpress:4.9-fpm-alpine] 107828983} {[functions/gateway@sha256:01aea2775bb40d69588d2c6e83e8b9ea5009b9f405b140e643eb4be2a775814d functions/gateway:arm64-0.6.6-beta2] 106004910} {[k8s.gcr.io/kube-proxy-arm64@sha256:3bb2bfdc016ae46d131af74040bec2c48134c733ae90fead4da3568014fb450a k8s.gcr.io/kube-proxy-arm64:v1.11.2] 102835336} {[nginx@sha256:3e2ffcf0edca2a4e9b24ca442d227baea7b7f0e33ad654ef1eb806fbd9bedcf0 nginx:latest] 102594503} {[k8s.gcr.io/kube-proxy-arm64@sha256:f024ad81abe8b9bf473c0b8ff5c96723505b8a592379d606038499f8a77f663b k8s.gcr.io/kube-proxy-arm64:v1.10.4] 100601489} {[k8s.gcr.io/kube-proxy-arm64@sha256:b21badcd0799bb7495ebcbc17557861384da1eac42d6527937a8aaed0c329d6c k8s.gcr.io/kube-proxy-arm64:v1.10.3] 100598796} {[k8s.gcr.io/echoserver@sha256:d2a8af33e4e6dc7f18fc8d0cd345b2c893922083c6e2c2cbf24a2efcaa7aa3ba k8s.gcr.io/echoserver:1.6] 95247805} {[gcr.io/google-samples/gb-redisslave-arm64@sha256:2420127acd816ebbdbaa33cab372493859c1d40b3a2d5d6fc05bc38887ad9511 gcr.io/google-samples/gb-redisslave-arm64:v2] 94082700} {[nginx@sha256:e3456c851a152494c3e4ff5fcc26f240206abac0c9d794affb40e0714846c451 nginx:1.7.9] 91641000} {[&lt;none&gt;@&lt;none&gt; &lt;none&gt;:&lt;none&gt;] 76567645} {[ubuntu@sha256:3f119dc0737f57f704ebecac8a6d8477b0f6ca1ca0332c7ee1395ed2c6a82be7 ubuntu:bionic] 76171071} {[k8s.gcr.io/kube-scheduler-arm64@sha256:3ece3012cc6fedf5193fd1c80aee4b6da2835098b7799d4940fb4a79fc1be0ee k8s.gcr.io/kube-scheduler-arm64:v1.11.2] 56216691} {[weaveworks/weave-npc@sha256:715b03e14874355f1f793f7bc11d843a00b390b2806bd996f1e47e8acb1020aa weaveworks/weave-npc:2.4.0] 51096437} {[k8s.gcr.io/k8s-dns-kube-dns-arm64@sha256:9bcc8fda237765f8b8f8fdf5af220b856adbc8b56d72dc4f336d44510d1749d9 k8s.gcr.io/k8s-dns-kube-dns-arm64:1.14.8] 49350613} {[k8s.gcr.io/kube-scheduler-arm64@sha256:fbff009828de95e14856325ebcfc6e1c0cdb456a052c62ba0c64221773c68686 k8s.gcr.io/kube-scheduler-arm64:v1.10.4] 48502539} {[k8s.gcr.io/kube-scheduler-arm64@sha256:6847ebb67c5a2928d8997d98001eb107a50601e85e07c3245f72b14df4518616 k8s.gcr.io/kube-scheduler-arm64:v1.10.3] 48434682} {[k8s.gcr.io/k8s-dns-dnsmasq-nanny-arm64@sha256:35ac228d45ab5f4209f25317506fa53b762f6d8ad333d1ff795393fa6e97b29c k8s.gcr.io/k8s-dns-dnsmasq-nanny-arm64:1.14.8] 42547598} {[k8s.gcr.io/k8s-dns-sidecar-arm64@sha256:b2c1e4e04d77ed564e918ebd16443dfb2217653b58293e616e36f034068d6da3 k8s.gcr.io/k8s-dns-sidecar-arm64:1.14.8] 41256276}],VolumesInUse:[],VolumesAttached:[],Config:nil,},}&#xA;Sep 10 04:09:36.179: INFO: &#xA;Logging kubelet events for node node3&#xA;Sep 10 04:09:36.183: INFO: &#xA;Logging pods the kubelet thinks is on node node3&#xA;Sep 10 04:09:36.195: INFO: weave-net-qrwm8 started at 2018-09-01 03:55:38 +0000 UTC (0+2 container statuses recorded)&#xA;Sep 10 04:09:36.195: INFO: &#x9;Container weave ready: true, restart count 4&#xA;Sep 10 04:09:36.195: INFO: &#x9;Container weave-npc ready: true, restart count 2&#xA;Sep 10 04:09:36.195: INFO: coredns-78fcdf6894-f55jj started at 2018-09-01 03:57:03 +0000 UTC (0+1 container statuses recorded)&#xA;Sep 10 04:09:36.195: INFO: &#x9;Container coredns ready: true, restart count 2&#xA;Sep 10 04:09:36.195: INFO: kube-scheduler-node3 started at &lt;nil&gt; (0+0 container statuses recorded)&#xA;Sep 10 04:09:36.195: INFO: kube-proxy-d6xgq started at 2018-09-01 03:55:38 +0000 UTC (0+1 container statuses recorded)&#xA;Sep 10 04:09:36.195: INFO: &#x9;Container kube-proxy ready: true, restart count 2&#xA;Sep 10 04:09:36.195: INFO: etcd-node3 started at &lt;nil&gt; (0+0 container statuses recorded)&#xA;Sep 10 04:09:36.195: INFO: kube-apiserver-node3 started at &lt;nil&gt; (0+0 container statuses recorded)&#xA;Sep 10 04:09:36.195: INFO: kube-controller-manager-node3 started at &lt;nil&gt; (0+0 container statuses recorded)&#xA;Sep 10 04:09:36.195: INFO: coredns-78fcdf6894-vlxkz started at 2018-09-01 03:57:03 +0000 UTC (0+1 container statuses recorded)&#xA;Sep 10 04:09:36.195: INFO: &#x9;Container coredns ready: true, restart count 2&#xA;Sep 10 04:09:36.292: INFO: &#xA;Latency metrics for node node3&#xA;Sep 10 04:09:36.292: INFO: {Operation:stop_container Method:docker_operations_latency_microseconds Quantile:0.99 Latency:20.004791s}&#xA;Sep 10 04:09:36.292: INFO: {Operation:stop_container Method:docker_operations_latency_microseconds Quantile:0.9 Latency:20.003085s}&#xA;�[1mSTEP�[0m: Dumping a list of prepulled images on each node to file /e2e/image-puller.txt&#xA;Sep 10 04:09:36.299: INFO: Waiting up to 3m0s for all (but 0) nodes to be ready&#xA;�[1mSTEP�[0m: Destroying namespace &#34;e2e-tests-secrets-jb2hv&#34; for this suite.&#xA;Sep 10 04:09:42.319: INFO: Waiting up to 30s for server preferred namespaced resources to be successfully discovered&#xA;Sep 10 04:09:42.422: INFO: namespace: e2e-tests-secrets-jb2hv, resource: bindings, ignored listing per whitelist&#xA;Sep 10 04:09:42.452: INFO: namespace e2e-tests-secrets-jb2hv deletion completed in 6.14788978s&#xA;</system-out>
      </testcase>
      <testcase name="[sig-storage] Volumes CephFS [Feature:Volumes] should be mountable" classname="Kubernetes e2e suite" time="0">
          <skipped></skipped>
      </testcase>
      <testcase name="[k8s.io] [sig-node] Kubelet [Serial] [Slow] [k8s.io] [sig-node] regular resource usage tracking resource tracking for 100 pods per node" classname="Kubernetes e2e suite" time="0">
          <skipped></skipped>
      </testcase>
      <testcase name="[k8s.io] [sig-node] kubelet [k8s.io] [sig-node] Clean up pods on node kubelet should be able to delete 10 pods per node in 1m0s." classname="Kubernetes e2e suite" time="0">
          <skipped></skipped>
      </testcase>
      <testcase name="[sig-network] Networking Granular Checks: Services [Slow] should update endpoints: udp" classname="Kubernetes e2e suite" time="0">
          <skipped></skipped>
      </testcase>
      <testcase name="[sig-apps] Daemon set [Serial] should run and stop complex daemon with node affinity" classname="Kubernetes e2e suite" time="0">
          <skipped></skipped>
      </testcase>
      <testcase name="[sig-storage] Projected should be able to mount in a volume regardless of a different secret existing with same name in different namespace [NodeConformance]" classname="Kubernetes e2e suite" time="0">
          <skipped></skipped>
      </testcase>
      <testcase name="[sig-cluster-lifecycle] HA-master [Feature:HAMaster] survive addition/removal replicas multizone workers [Serial][Disruptive]" classname="Kubernetes e2e suite" time="0">
          <skipped></skipped>
      </testcase>
      <testcase name="[sig-apps] DisruptionController evictions: enough pods, absolute =&gt; should allow an eviction" classname="Kubernetes e2e suite" time="0">
          <skipped></skipped>
      </testcase>
      <testcase name="[sig-storage] Subpath [Volume type: emptyDir] should support existing directory" classname="Kubernetes e2e suite" time="0">
          <skipped></skipped>
      </testcase>
      <testcase name="[sig-storage] Volumes vsphere [Feature:Volumes] should be mountable" classname="Kubernetes e2e suite" time="0">
          <skipped></skipped>
      </testcase>
      <testcase name="[sig-storage] PersistentVolumes-local  [Volume type: gce-localssd-scsi-fs] [Serial] Set fsGroup for local volume should set same fsGroup for two pods simultaneously" classname="Kubernetes e2e suite" time="0">
          <skipped></skipped>
      </testcase>
      <testcase name="[sig-storage] Projected updates should be reflected in volume [NodeConformance] [Conformance]" classname="Kubernetes e2e suite" time="98.97675944"></testcase>
      <testcase name="[k8s.io] [sig-node] Security Context [Feature:SecurityContext] should support container.SecurityContext.RunAsUser" classname="Kubernetes e2e suite" time="0">
          <skipped></skipped>
      </testcase>
      <testcase name="[sig-storage] Subpath [Volume type: gcePDPartitioned] should fail if subpath directory is outside the volume [Slow]" classname="Kubernetes e2e suite" time="0">
          <skipped></skipped>
      </testcase>
      <testcase name="[sig-storage] PersistentVolumes-local  [Volume type: dir-bindmounted] Set fsGroup for local volume should not set different fsGroups for two pods simultaneously" classname="Kubernetes e2e suite" time="0">
          <skipped></skipped>
      </testcase>
      <testcase name="[sig-auth] Certificates API should support building a client with a CSR" classname="Kubernetes e2e suite" time="0">
          <skipped></skipped>
      </testcase>
      <testcase name="[sig-storage] Subpath [Volume type: hostPathSymlink] should support restarting containers using directory as subpath [Slow]" classname="Kubernetes e2e suite" time="0">
          <skipped></skipped>
      </testcase>
      <testcase name="[sig-autoscaling] [HPA] Horizontal pod autoscaling (scale resource: CPU) [sig-autoscaling] [Serial] [Slow] Deployment Should scale from 1 pod to 3 pods and from 3 to 5" classname="Kubernetes e2e suite" time="0">
          <skipped></skipped>
      </testcase>
      <testcase name="[sig-scheduling] ResourceQuota should verify ResourceQuota with best effort scope." classname="Kubernetes e2e suite" time="0">
          <skipped></skipped>
      </testcase>
      <testcase name="[sig-storage] Subpath [Volume type: nfsPVC] should unmount if pod is force deleted while kubelet is down [Disruptive][Slow]" classname="Kubernetes e2e suite" time="0">
          <skipped></skipped>
      </testcase>
      <testcase name="[sig-storage] Subpath Atomic writer volumes should support subpaths with configmap pod with mountPath of existing file" classname="Kubernetes e2e suite" time="0">
          <skipped></skipped>
      </testcase>
      <testcase name="[sig-network] Services [Feature:GCEAlphaFeature][Slow] should be able to create and tear down a standard-tier load balancer [Slow]" classname="Kubernetes e2e suite" time="0">
          <skipped></skipped>
      </testcase>
      <testcase name="[sig-storage] PersistentVolumes-local  [Volume type: dir-bindmounted] Set fsGroup for local volume should set same fsGroup for two pods simultaneously" classname="Kubernetes e2e suite" time="0">
          <skipped></skipped>
      </testcase>
      <testcase name="[sig-scheduling] SchedulerPredicates [Serial] validates that there is no conflict between pods with same hostPort but different hostIP and protocol" classname="Kubernetes e2e suite" time="0">
          <skipped></skipped>
      </testcase>
      <testcase name="[sig-network] NetworkPolicy NetworkPolicy between server and client should allow ingress access on one named port [Feature:NetworkPolicy]" classname="Kubernetes e2e suite" time="0">
          <skipped></skipped>
      </testcase>
      <testcase name="[sig-storage] PersistentVolumes-local  Pod with node different from PV&#39;s NodeAffinity should fail scheduling due to different NodeAffinity" classname="Kubernetes e2e suite" time="0">
          <skipped></skipped>
      </testcase>
      <testcase name="[sig-storage] Projected should provide podname as non-root with fsgroup and defaultMode [NodeFeature:FSGroup]" classname="Kubernetes e2e suite" time="0">
          <skipped></skipped>
      </testcase>
      <testcase name="[k8s.io] [sig-node] Events should be sent by kubelets and the scheduler about pods scheduling and running  [Conformance]" classname="Kubernetes e2e suite" time="28.35867682"></testcase>
      <testcase name="[sig-instrumentation] Cluster level logging implemented by Stackdriver should ingest logs" classname="Kubernetes e2e suite" time="0">
          <skipped></skipped>
      </testcase>
      <testcase name="[sig-storage] PersistentVolumes-local  [Volume type: block] [Feature:BlockVolume] Set fsGroup for local volume should set same fsGroup for two pods simultaneously" classname="Kubernetes e2e suite" time="0">
          <skipped></skipped>
      </testcase>
      <testcase name="[sig-storage] PersistentVolumes [Feature:LabelSelector] [sig-storage] Selector-Label Volume Binding:vsphere should bind volume with claim for given label" classname="Kubernetes e2e suite" time="0">
          <skipped></skipped>
      </testcase>
      <testcase name="[sig-network] Loadbalancing: L7 GCE [Slow] [Feature:Ingress] should update ingress while sync failures occur on other ingresses" classname="Kubernetes e2e suite" time="0">
          <skipped></skipped>
      </testcase>
      <testcase name="[sig-network] Networking IPerf IPv4 [Experimental] [Feature:Networking-IPv4] [Slow] [Feature:Networking-Performance] should transfer ~ 1GB onto the service endpoint 1 servers (maximum of 1 clients)" classname="Kubernetes e2e suite" time="0">
          <skipped></skipped>
      </testcase>
      <testcase name="[sig-storage] Volume Placement should create and delete pod with the same volume source attach/detach to different worker nodes" classname="Kubernetes e2e suite" time="0">
          <skipped></skipped>
      </testcase>
      <testcase name="[sig-storage] ConfigMap should be consumable from pods in volume as non-root [NodeConformance] [Conformance]" classname="Kubernetes e2e suite" time="10.37606376"></testcase>
      <testcase name="[sig-network] Services should be able to change the type from ExternalName to NodePort" classname="Kubernetes e2e suite" time="0">
          <skipped></skipped>
      </testcase>
      <testcase name="[sig-network] Networking Granular Checks: Services [Slow] should function for client IP based session affinity: http" classname="Kubernetes e2e suite" time="0">
          <skipped></skipped>
      </testcase>
      <testcase name="[sig-storage] GCP Volumes GlusterFS should be mountable" classname="Kubernetes e2e suite" time="0">
          <skipped></skipped>
      </testcase>
      <testcase name="[sig-storage] Subpath [Volume type: hostPath] should support creating multiple subpath from same volumes [Slow]" classname="Kubernetes e2e suite" time="0">
          <skipped></skipped>
      </testcase>
      <testcase name="[sig-apps] StatefulSet [k8s.io] Basic StatefulSet functionality [StatefulSetBasic] should provide basic identity" classname="Kubernetes e2e suite" time="0">
          <skipped></skipped>
      </testcase>
      <testcase name="[sig-scalability] Density [Feature:HighDensityPerformance] should allow starting 95 pods per node using { ReplicationController} with 0 secrets, 0 configmaps and 0 daemons" classname="Kubernetes e2e suite" time="0">
          <skipped></skipped>
      </testcase>
      <testcase name="[sig-apps] DisruptionController evictions: maxUnavailable deny evictions, integer =&gt; should not allow an eviction" classname="Kubernetes e2e suite" time="0">
          <skipped></skipped>
      </testcase>
      <testcase name="[sig-storage] EmptyDir volumes should support (root,0666,tmpfs) [NodeConformance] [Conformance]" classname="Kubernetes e2e suite" time="8.38372744"></testcase>
      <testcase name="[sig-storage] GenericPersistentVolume[Disruptive] When kubelet restarts Should test that a volume mounted to a pod that is deleted while the kubelet is down unmounts when the kubelet returns." classname="Kubernetes e2e suite" time="0">
          <skipped></skipped>
      </testcase>
      <testcase name="[sig-storage] Downward API volume should provide container&#39;s memory limit [NodeConformance] [Conformance]" classname="Kubernetes e2e suite" time="8.36443692"></testcase>
      <testcase name="[sig-storage] PersistentVolumes-local  [Volume type: dir-link-bindmounted] Set fsGroup for local volume should set same fsGroup for two pods simultaneously" classname="Kubernetes e2e suite" time="0">
          <skipped></skipped>
      </testcase>
      <testcase name="[sig-storage] ConfigMap should be consumable from pods in volume [NodeConformance] [Conformance]" classname="Kubernetes e2e suite" time="8.38580312"></testcase>
      <testcase name="[sig-storage] PV Protection Verify that PV bound to a PVC is not removed immediately" classname="Kubernetes e2e suite" time="0">
          <skipped></skipped>
      </testcase>
      <testcase name="[sig-network] DNS should provide DNS for pods for Hostname and Subdomain" classname="Kubernetes e2e suite" time="0">
          <skipped></skipped>
      </testcase>
      <testcase name="[k8s.io] [sig-node] Pods Extended [k8s.io] Delete Grace Period should be submitted and removed  [Flaky] [Conformance]" classname="Kubernetes e2e suite" time="13.67429272"></testcase>
      <testcase name="[sig-instrumentation] [Feature:PrometheusMonitoring] Prometheus should scrape container metrics from all nodes." classname="Kubernetes e2e suite" time="0">
          <skipped></skipped>
      </testcase>
      <testcase name="[sig-storage] ConfigMap updates should be reflected in volume [NodeConformance] [Conformance]" classname="Kubernetes e2e suite" time="26.40063774"></testcase>
      <testcase name="[sig-scheduling] [Feature:GPUDevicePlugin] run Nvidia GPU Device Plugin tests on Container Optimized OS only" classname="Kubernetes e2e suite" time="0">
          <skipped></skipped>
      </testcase>
      <testcase name="[sig-storage] Subpath [Volume type: emptyDir] should fail if subpath file is outside the volume [Slow]" classname="Kubernetes e2e suite" time="0">
          <skipped></skipped>
      </testcase>
      <testcase name="[sig-storage] Subpath [Volume type: hostPathSymlink] should fail if subpath file is outside the volume [Slow]" classname="Kubernetes e2e suite" time="0">
          <skipped></skipped>
      </testcase>
      <testcase name="[k8s.io] [sig-node] Security Context [Feature:SecurityContext] should support volume SELinux relabeling when using hostIPC" classname="Kubernetes e2e suite" time="0">
          <skipped></skipped>
      </testcase>
      <testcase name="[sig-autoscaling] Cluster size autoscaling [Slow] Should scale up GPU pool from 0 [GpuType:nvidia-tesla-v100] [Feature:ClusterSizeAutoscalingGpu]" classname="Kubernetes e2e suite" time="0">
          <skipped></skipped>
      </testcase>
      <testcase name="[sig-storage] [Serial] Volume metrics PVController should create unbound pv count metrics for pvc controller after creating pv only" classname="Kubernetes e2e suite" time="0">
          <skipped></skipped>
      </testcase>
      <testcase name="[sig-storage] PersistentVolumes NFS with Single PV - PVC pairs create a PV and a pre-bound PVC: test write access" classname="Kubernetes e2e suite" time="0">
          <skipped></skipped>
      </testcase>
      <testcase name="[sig-storage] Subpath [Volume type: nfsPVC] should support restarting containers using directory as subpath [Slow]" classname="Kubernetes e2e suite" time="0">
          <skipped></skipped>
      </testcase>
      <testcase name="[sig-storage] Projected optional updates should be reflected in volume [NodeConformance] [Conformance]" classname="Kubernetes e2e suite" time="26.46550386"></testcase>
      <testcase name="[sig-storage] ConfigMap should be consumable from pods in volume with mappings as non-root with FSGroup [NodeFeature:FSGroup]" classname="Kubernetes e2e suite" time="0">
          <skipped></skipped>
      </testcase>
      <testcase name="[sig-storage] NFSPersistentVolumes[Disruptive][Flaky] when kube-controller-manager restarts should delete a bound PVC from a clientPod, restart the kube-control-manager, and ensure the kube-controller-manager does not crash" classname="Kubernetes e2e suite" time="0">
          <skipped></skipped>
      </testcase>
      <testcase name="[sig-network] Services should be able to switch session affinity for LoadBalancer service with ESIPP on [Slow] [DisabledForLargeClusters]" classname="Kubernetes e2e suite" time="0">
          <skipped></skipped>
      </testcase>
      <testcase name="[sig-scheduling] LimitRange should create a LimitRange with defaults and ensure pod has those defaults applied." classname="Kubernetes e2e suite" time="0">
          <skipped></skipped>
      </testcase>
      <testcase name="[sig-storage] PersistentVolumes-local  [Volume type: dir-bindmounted] One pod requesting one prebound PVC should be able to mount volume and write from pod1" classname="Kubernetes e2e suite" time="0">
          <skipped></skipped>
      </testcase>
      <testcase name="[sig-storage] PersistentVolumes-local  [Volume type: dir-link-bindmounted] One pod requesting one prebound PVC should be able to mount volume and write from pod1" classname="Kubernetes e2e suite" time="0">
          <skipped></skipped>
      </testcase>
      <testcase name="[sig-storage] Subpath [Volume type: gcePDPVC] should fail if subpath with backstepping is outside the volume [Slow]" classname="Kubernetes e2e suite" time="0">
          <skipped></skipped>
      </testcase>
      <testcase name="[k8s.io] Pods should have their auto-restart back-off timer reset on image update [Slow][NodeConformance]" classname="Kubernetes e2e suite" time="0">
          <skipped></skipped>
      </testcase>
      <testcase name="[sig-storage] Subpath [Volume type: emptyDir] should fail if subpath with backstepping is outside the volume [Slow]" classname="Kubernetes e2e suite" time="0">
          <skipped></skipped>
      </testcase>
      <testcase name="[sig-storage] PersistentVolumes-local  Pod with node different from PV&#39;s NodeAffinity should fail scheduling due to different NodeSelector" classname="Kubernetes e2e suite" time="0">
          <skipped></skipped>
      </testcase>
      <testcase name="[sig-cli] Kubectl client [k8s.io] Simple pod should return command exit codes" classname="Kubernetes e2e suite" time="0">
          <skipped></skipped>
      </testcase>
      <testcase name="[sig-api-machinery] Namespaces [Serial] should delete fast enough (90 percent of 100 namespaces in 150 seconds)" classname="Kubernetes e2e suite" time="0">
          <skipped></skipped>
      </testcase>
      <testcase name="[sig-storage] vcp at scale [Feature:vsphere]  vsphere scale tests" classname="Kubernetes e2e suite" time="0">
          <skipped></skipped>
      </testcase>
      <testcase name="[k8s.io] [sig-node] Mount propagation should propagate mounts to the host" classname="Kubernetes e2e suite" time="0">
          <skipped></skipped>
      </testcase>
      <testcase name="[sig-autoscaling] Cluster size autoscaling [Slow] should scale up when non expendable pod is created [Feature:ClusterSizeAutoscalingScaleUp]" classname="Kubernetes e2e suite" time="0">
          <skipped></skipped>
      </testcase>
      <testcase name="[sig-instrumentation] MetricsGrabber should grab all metrics from a Scheduler." classname="Kubernetes e2e suite" time="0">
          <skipped></skipped>
      </testcase>
      <testcase name="[sig-storage] PersistentVolumes-local  [Volume type: tmpfs] Two pods mounting a local volume at the same time should be able to write from pod1 and read from pod2" classname="Kubernetes e2e suite" time="0">
          <skipped></skipped>
      </testcase>
      <testcase name="[sig-storage] Subpath [Volume type: nfs] should support restarting containers using file as subpath [Slow]" classname="Kubernetes e2e suite" time="0">
          <skipped></skipped>
      </testcase>
      <testcase name="[sig-apps] Network Partition [Disruptive] [Slow] [k8s.io] [ReplicationController] should eagerly create replacement pod during network partition when termination grace is non-zero" classname="Kubernetes e2e suite" time="0">
          <skipped></skipped>
      </testcase>
      <testcase name="[sig-storage] Subpath [Volume type: gcePDPartitioned] should support restarting containers using file as subpath [Slow]" classname="Kubernetes e2e suite" time="0">
          <skipped></skipped>
      </testcase>
      <testcase name="[sig-storage] PersistentVolumes-local  [Volume type: dir-bindmounted] Two pods mounting a local volume one after the other should be able to write from pod1 and read from pod2" classname="Kubernetes e2e suite" time="0">
          <skipped></skipped>
      </testcase>
      <testcase name="[sig-storage] Subpath [Volume type: nfsPVC] should support existing single file" classname="Kubernetes e2e suite" time="0">
          <skipped></skipped>
      </testcase>
      <testcase name="[sig-network] Loadbalancing: L7 GCE [Slow] [Feature:Ingress] should not reconcile manually modified health check for ingress" classname="Kubernetes e2e suite" time="0">
          <skipped></skipped>
      </testcase>
      <testcase name="[sig-network] NoSNAT [Feature:NoSNAT] [Slow] Should be able to send traffic between Pods without SNAT" classname="Kubernetes e2e suite" time="0">
          <skipped></skipped>
      </testcase>
      <testcase name="[sig-storage] Dynamic Provisioning DynamicProvisioner should provision storage with non-default reclaim policy Retain" classname="Kubernetes e2e suite" time="0">
          <skipped></skipped>
      </testcase>
      <testcase name="[sig-cli] Kubectl client [k8s.io] Update Demo should do a rolling update of a replication controller  [Conformance]" classname="Kubernetes e2e suite" time="54.72744816"></testcase>
      <testcase name="[sig-storage] ConfigMap should be consumable from pods in volume with mappings as non-root [NodeConformance] [Conformance]" classname="Kubernetes e2e suite" time="8.3754565"></testcase>
      <testcase name="[sig-autoscaling] [HPA] Horizontal pod autoscaling (scale resource: Custom Metrics from Stackdriver) should scale down with Custom Metric of type Pod from Stackdriver [Feature:CustomMetricsAutoscaling]" classname="Kubernetes e2e suite" time="0">
          <skipped></skipped>
      </testcase>
      <testcase name="[sig-storage] Subpath [Volume type: emptyDir] should support non-existent path" classname="Kubernetes e2e suite" time="0">
          <skipped></skipped>
      </testcase>
      <testcase name="[sig-storage] PersistentVolumes-local  [Volume type: dir-link-bindmounted] Set fsGroup for local volume should set different fsGroup for second pod if first pod is deleted" classname="Kubernetes e2e suite" time="0">
          <skipped></skipped>
      </testcase>
      <testcase name="[sig-storage] Subpath [Volume type: nfsPVC] should fail if non-existent subpath is outside the volume [Slow]" classname="Kubernetes e2e suite" time="0">
          <skipped></skipped>
      </testcase>
      <testcase name="[sig-network] Services should be able to change the type and ports of a service [Slow] [DisabledForLargeClusters]" classname="Kubernetes e2e suite" time="0">
          <skipped></skipped>
      </testcase>
      <testcase name="[sig-auth] PodSecurityPolicy should allow pods under the privileged policy.PodSecurityPolicy" classname="Kubernetes e2e suite" time="0">
          <skipped></skipped>
      </testcase>
      <testcase name="[sig-autoscaling] Cluster size autoscaling [Slow] Should scale up GPU pool from 1 [GpuType:nvidia-tesla-p100] [Feature:ClusterSizeAutoscalingGpu]" classname="Kubernetes e2e suite" time="0">
          <skipped></skipped>
      </testcase>
      <testcase name="[sig-cli] Kubectl alpha client [k8s.io] Kubectl run CronJob should create a CronJob" classname="Kubernetes e2e suite" time="0">
          <skipped></skipped>
      </testcase>
      <testcase name="[sig-auth] ServiceAccounts should allow opting out of API token automount  [Conformance]" classname="Kubernetes e2e suite" time="22.91038348"></testcase>
      <testcase name="[sig-apps] StatefulSet [k8s.io] Deploy clustered applications [Feature:StatefulSet] [Slow] should creating a working mysql cluster" classname="Kubernetes e2e suite" time="0">
          <skipped></skipped>
      </testcase>
      <testcase name="[sig-storage] Secrets should be able to mount in a volume regardless of a different secret existing with same name in different namespace [NodeConformance]" classname="Kubernetes e2e suite" time="0">
          <skipped></skipped>
      </testcase>
      <testcase name="[k8s.io] Pods should be submitted and removed [NodeConformance] [Conformance]" classname="Kubernetes e2e suite" time="18.68211266"></testcase>
      <testcase name="[sig-instrumentation] MetricsGrabber should grab all metrics from API server." classname="Kubernetes e2e suite" time="0">
          <skipped></skipped>
      </testcase>
      <testcase name="[sig-network] Services should be able to switch session affinity for service with type clusterIP" classname="Kubernetes e2e suite" time="0">
          <skipped></skipped>
      </testcase>
      <testcase name="[sig-scheduling] SchedulerPredicates [Serial] validates local ephemeral storage resource limits of pods that are allowed to run [Feature:LocalStorageCapacityIsolation]" classname="Kubernetes e2e suite" time="0">
          <skipped></skipped>
      </testcase>
  </testsuite>