<?xml version="1.0" encoding="UTF-8"?>
  <testsuite tests="18" failures="0" time="1091.451352891">
      <testcase name="[k8s.io] Security Context when creating containers with AllowPrivilegeEscalation should allow privilege escalation when not explicitly set and uid != 0 [NodeConformance]" classname="E2eNode Suite" time="0">
          <skipped></skipped>
      </testcase>
      <testcase name="[sig-storage] Projected should be consumable from pods in volume as non-root [NodeConformance] [Conformance]" classname="E2eNode Suite" time="49.045654168"></testcase>
      <testcase name="[sig-storage] Projected should update labels on modification [NodeConformance] [Conformance]" classname="E2eNode Suite" time="112.645200985"></testcase>
      <testcase name="[sig-api-machinery] Downward API should provide pod name, namespace and IP address as env vars [NodeConformance] [Conformance]" classname="E2eNode Suite" time="36.142505142"></testcase>
      <testcase name="[k8s.io] PrivilegedPod [NodeConformance] should enable privileged commands" classname="E2eNode Suite" time="0">
          <skipped></skipped>
      </testcase>
      <testcase name="[sig-storage] Secrets should be consumable from pods in volume with mappings [NodeConformance] [Conformance]" classname="E2eNode Suite" time="52.166741246"></testcase>
      <testcase name="[k8s.io] Container Lifecycle Hook when create a pod with lifecycle hook should execute poststart http hook properly [NodeConformance] [Conformance]" classname="E2eNode Suite" time="152.108958921"></testcase>
      <testcase name="[sig-storage] Projected should be consumable from pods in volume [NodeConformance] [Conformance]" classname="E2eNode Suite" time="16.104812274"></testcase>
      <testcase name="[sig-node] Dockershim [Serial] [Disruptive] [Feature:Docker][Legacy:Docker] When checkpoint file is corrupted should complete pod sandbox clean up" classname="E2eNode Suite" time="0">
          <skipped></skipped>
      </testcase>
      <testcase name="[k8s.io] Density [Serial] [Slow] create a batch of pods latency/resource should be within limit when create 10 pods with 0s interval" classname="E2eNode Suite" time="0">
          <skipped></skipped>
      </testcase>
      <testcase name="[sig-storage] Secrets should be consumable from pods in volume with defaultMode set [NodeConformance] [Conformance]" classname="E2eNode Suite" time="84.208817187"></testcase>
      <testcase name="[k8s.io] Kubelet when scheduling a busybox command that always fails in a pod should have an error terminated reason [NodeConformance]" classname="E2eNode Suite" time="0">
          <skipped></skipped>
      </testcase>
      <testcase name="[sig-storage] Projected should be consumable from pods in volume with defaultMode set [NodeConformance] [Conformance]" classname="E2eNode Suite" time="18.133876734"></testcase>
      <testcase name="[k8s.io] GarbageCollect [Serial][NodeFeature:GarbageCollect] Garbage Collection Test: Many Pods with Many Restarting Containers Should eventually garbage collect containers when we exceed the number of dead containers per container" classname="E2eNode Suite" time="0">
          <skipped></skipped>
      </testcase>
      <testcase name="[k8s.io] Probing container should be restarted with a exec &#34;cat /tmp/health&#34; liveness probe [NodeConformance] [Conformance]" classname="E2eNode Suite" time="118.194522566"></testcase>
      <testcase name="[sig-node] Resource-usage [Serial] [Slow] regular resource usage tracking resource tracking for 105 pods per node [Benchmark]" classname="E2eNode Suite" time="0">
          <skipped></skipped>
      </testcase>
      <testcase name="[sig-storage] Downward API volume should provide container&#39;s memory request [NodeConformance] [Conformance]" classname="E2eNode Suite" time="18.123888509"></testcase>
      <testcase name="[k8s.io] Density [Serial] [Slow] create a batch of pods latency/resource should be within limit when create 105 pods with 300ms interval [Benchmark][NodeSpecialFeature:Benchmark]" classname="E2eNode Suite" time="0">
          <skipped></skipped>
      </testcase>
      <testcase name="[sig-storage] EmptyDir volumes volume on default medium should have the correct mode [NodeConformance] [Conformance]" classname="E2eNode Suite" time="18.116946676"></testcase>
      <testcase name="[sig-storage] Secrets should be consumable from pods in volume with mappings and Item Mode set [NodeConformance] [Conformance]" classname="E2eNode Suite" time="18.119402461"></testcase>
      <testcase name="[k8s.io] Sysctls [NodeFeature:Sysctls] should not launch unsafe, but not explicitly enabled sysctls on the node" classname="E2eNode Suite" time="0">
          <skipped></skipped>
      </testcase>
      <testcase name="[k8s.io] NVIDIA GPU Device Plugin [Feature:GPUDevicePlugin][NodeFeature:GPUDevicePlugin][Serial] [Disruptive] DevicePlugin checks that when Kubelet restarts exclusive GPU assignation to pods is kept." classname="E2eNode Suite" time="0">
          <skipped></skipped>
      </testcase>
      <testcase name="[sig-storage] Downward API volume should set mode on item file [NodeConformance] [Conformance]" classname="E2eNode Suite" time="28.13190265"></testcase>
      <testcase name="[sig-node] CPU Manager [Serial] [Feature:CPUManager][NodeAlphaFeature:CPUManager] With kubeconfig updated with static CPU Manager policy run the CPU Manager tests should assign CPUs as expected based on the Pod spec" classname="E2eNode Suite" time="0">
          <skipped></skipped>
      </testcase>
      <testcase name="[k8s.io] LocalStorageEviction [Slow] [Serial] [Disruptive][NodeFeature:Eviction] when we run containers that should cause DiskPressure  should eventually evict all of the correct pods" classname="E2eNode Suite" time="0">
          <skipped></skipped>
      </testcase>
      <testcase name="[sig-storage] Projected should provide container&#39;s memory limit [NodeConformance] [Conformance]" classname="E2eNode Suite" time="26.151272025"></testcase>
      <testcase name="[sig-storage] Projected should provide container&#39;s cpu limit [NodeConformance] [Conformance]" classname="E2eNode Suite" time="48.16494741"></testcase>
      <testcase name="[k8s.io] Docker features [Feature:Docker][Legacy:Docker] when live-restore is enabled [Serial] [Slow] [Disruptive] containers should not be disrupted when the daemon shuts down and restarts" classname="E2eNode Suite" time="0">
          <skipped></skipped>
      </testcase>
      <testcase name="[k8s.io] Container Lifecycle Hook when create a pod with lifecycle hook should execute prestop exec hook properly [NodeConformance] [Conformance]" classname="E2eNode Suite" time="196.11459579"></testcase>
      <testcase name="[k8s.io] Docker Containers should be able to override the image&#39;s default command (docker entrypoint) [NodeConformance] [Conformance]" classname="E2eNode Suite" time="20.110229641"></testcase>
      <testcase name="[k8s.io] Container Runtime Conformance Test container runtime conformance blackbox test when starting a container that exits should report termination message from log output if TerminationMessagePolicy FallbackToLogOnError is set [Conformance][NodeConformance]" classname="E2eNode Suite" time="65.238461792"></testcase>
  </testsuite>