<?xml version="1.0" encoding="UTF-8"?>
  <testsuite tests="14" failures="1" time="1091.562958202">
      <testcase name="[k8s.io] AppArmor [Feature:AppArmor][NodeFeature:AppArmor] when running with AppArmor should enforce a profile blocking writes" classname="E2eNode Suite" time="0">
          <skipped></skipped>
      </testcase>
      <testcase name="[sig-storage] Downward API volume should update labels on modification [NodeConformance] [Conformance]" classname="E2eNode Suite" time="114.698380073"></testcase>
      <testcase name="[k8s.io] Container Runtime Conformance Test container runtime conformance blackbox test when running a container with a new image should be able to pull image from docker hub [Conformance][NodeConformance]" classname="E2eNode Suite" time="59.220627204"></testcase>
      <testcase name="[sig-storage] GCP Volumes NFSv4 should be mountable for NFSv4" classname="E2eNode Suite" time="0">
          <skipped></skipped>
      </testcase>
      <testcase name="[sig-storage] Projected should be consumable from pods in volume with defaultMode set [NodeConformance] [Conformance]" classname="E2eNode Suite" time="26.156065029"></testcase>
      <testcase name="[k8s.io] Container Runtime Conformance Test container runtime conformance blackbox test when running a container with a new image should not be able to pull non-existing image from gcr.io [Conformance][NodeConformance]" classname="E2eNode Suite" time="52.236341642"></testcase>
      <testcase name="[k8s.io] Security Context when creating a pod in the host network namespace should listen on same port in the host network containers [NodeFeature:HostAccess]" classname="E2eNode Suite" time="0">
          <skipped></skipped>
      </testcase>
      <testcase name="[k8s.io] GKE system requirements [Conformance][NodeConformance][Feature:GKEEnv][NodeFeature:GKEEnv] The required processes should be running" classname="E2eNode Suite" time="0.001526221">
          <skipped></skipped>
      </testcase>
      <testcase name="[sig-storage] Projected should provide node allocatable (cpu) as default cpu limit if the limit is not set [NodeConformance] [Conformance]" classname="E2eNode Suite" time="58.211842287"></testcase>
      <testcase name="[k8s.io] [Feature:DynamicKubeletConfig][NodeFeature:DynamicKubeletConfig][Serial][Disruptive]  delete and recreate ConfigMap: state transitions: status and events should match expectations" classname="E2eNode Suite" time="0">
          <skipped></skipped>
      </testcase>
      <testcase name="[sig-storage] ConfigMap should be consumable from pods in volume with mappings [NodeConformance] [Conformance]" classname="E2eNode Suite" time="46.165786821"></testcase>
      <testcase name="[k8s.io] Container Runtime Conformance Test container runtime conformance blackbox test when running a container with a new image should not be able to pull image from invalid registry [Conformance][NodeConformance]" classname="E2eNode Suite" time="15.116947648"></testcase>
      <testcase name="[k8s.io] GKE system requirements [Conformance][NodeConformance][Feature:GKEEnv][NodeFeature:GKEEnv] The docker configuration validation should pass" classname="E2eNode Suite" time="0.00089416">
          <skipped></skipped>
      </testcase>
      <testcase name="[k8s.io] [Feature:DynamicKubeletConfig][NodeFeature:DynamicKubeletConfig][Serial][Disruptive]  update Node.Spec.ConfigSource: recover to last-known-good ConfigMap: status and events should match expectations" classname="E2eNode Suite" time="0">
          <skipped></skipped>
      </testcase>
      <testcase name="[k8s.io] GKE system requirements [Conformance][NodeConformance][Feature:GKEEnv][NodeFeature:GKEEnv] The docker daemon should support AppArmor and seccomp" classname="E2eNode Suite" time="0.00085431">
          <skipped></skipped>
      </testcase>
      <testcase name="[sig-storage] Projected should project all components that make up the projection API [Projection][NodeConformance] [Conformance]" classname="E2eNode Suite" time="20.116119875"></testcase>
      <testcase name="[k8s.io] Security Context When creating a pod with readOnlyRootFilesystem should run the container with writable rootfs when readOnlyRootFilesystem=false [NodeConformance]" classname="E2eNode Suite" time="0">
          <skipped></skipped>
      </testcase>
      <testcase name="[k8s.io] Device Plugin [Feature:DevicePlugin][NodeFeature:DevicePlugin][Serial] DevicePlugin Verifies the Kubelet device plugin functionality." classname="E2eNode Suite" time="0">
          <skipped></skipped>
      </testcase>
      <testcase name="[sig-network] Networking Granular Checks: Pods should function for node-pod communication: http [NodeConformance] [Conformance]" classname="E2eNode Suite" time="316.22656291">
          <failure type="Failure">/root/code/kubernetes/src/k8s.io/kubernetes/_output/local/go/src/k8s.io/kubernetes/test/e2e/framework/framework.go:684&#xA;Aug 18 09:14:07.020: Failed to find expected endpoints:&#xA;Tries 31&#xA;Command timeout -t 15 curl -g -q -s --connect-timeout 1 http://10.88.0.205:8080/hostName&#xA;retrieved map[]&#xA;expected map[netserver-0:{}]&#xA;&#xA;/root/code/kubernetes/src/k8s.io/kubernetes/_output/local/go/src/k8s.io/kubernetes/test/e2e/framework/networking_utils.go:337</failure>
          <system-out>[BeforeEach] [sig-network] Networking&#xA;  /root/code/kubernetes/src/k8s.io/kubernetes/_output/local/go/src/k8s.io/kubernetes/test/e2e/framework/framework.go:141&#xA;�[1mSTEP�[0m: Creating a kubernetes client&#xA;�[1mSTEP�[0m: Building a namespace api object&#xA;Aug 18 09:09:13.854: INFO: Skipping waiting for service account&#xA;[It] should function for node-pod communication: http [NodeConformance] [Conformance]&#xA;  /root/code/kubernetes/src/k8s.io/kubernetes/_output/local/go/src/k8s.io/kubernetes/test/e2e/framework/framework.go:684&#xA;�[1mSTEP�[0m: Performing setup for networking test in namespace e2e-tests-pod-network-test-v9f4m&#xA;�[1mSTEP�[0m: creating a selector&#xA;�[1mSTEP�[0m: Creating the service pods in kubernetes&#xA;Aug 18 09:09:13.854: INFO: Waiting up to 10m0s for all (but 0) nodes to be schedulable&#xA;�[1mSTEP�[0m: Creating test pods&#xA;Aug 18 09:11:01.901: INFO: ExecWithOptions {Command:[/bin/sh -c timeout -t 15 curl -g -q -s --connect-timeout 1 http://10.88.0.205:8080/hostName | grep -v &#39;^\s*$&#39;] Namespace:e2e-tests-pod-network-test-v9f4m PodName:host-test-container-pod ContainerName:hostexec Stdin:&lt;nil&gt; CaptureStdout:true CaptureStderr:true PreserveWhitespace:false}&#xA;Aug 18 09:11:06.489: INFO: Failed to execute &#34;timeout -t 15 curl -g -q -s --connect-timeout 1 http://10.88.0.205:8080/hostName | grep -v &#39;^\\s*$&#39;&#34;: command terminated with exit code 1, stdout: &#34;&#34;, stderr: &#34;&#34;&#xA;Aug 18 09:11:06.489: INFO: Waiting for [netserver-0] endpoints (expected=[netserver-0], actual=[])&#xA;Aug 18 09:11:08.492: INFO: ExecWithOptions {Command:[/bin/sh -c timeout -t 15 curl -g -q -s --connect-timeout 1 http://10.88.0.205:8080/hostName | grep -v &#39;^\s*$&#39;] Namespace:e2e-tests-pod-network-test-v9f4m PodName:host-test-container-pod ContainerName:hostexec Stdin:&lt;nil&gt; CaptureStdout:true CaptureStderr:true PreserveWhitespace:false}&#xA;Aug 18 09:11:11.381: INFO: Failed to execute &#34;timeout -t 15 curl -g -q -s --connect-timeout 1 http://10.88.0.205:8080/hostName | grep -v &#39;^\\s*$&#39;&#34;: command terminated with exit code 1, stdout: &#34;&#34;, stderr: &#34;&#34;&#xA;Aug 18 09:11:11.381: INFO: Waiting for [netserver-0] endpoints (expected=[netserver-0], actual=[])&#xA;Aug 18 09:11:13.384: INFO: ExecWithOptions {Command:[/bin/sh -c timeout -t 15 curl -g -q -s --connect-timeout 1 http://10.88.0.205:8080/hostName | grep -v &#39;^\s*$&#39;] Namespace:e2e-tests-pod-network-test-v9f4m PodName:host-test-container-pod ContainerName:hostexec Stdin:&lt;nil&gt; CaptureStdout:true CaptureStderr:true PreserveWhitespace:false}&#xA;Aug 18 09:11:16.126: INFO: Failed to execute &#34;timeout -t 15 curl -g -q -s --connect-timeout 1 http://10.88.0.205:8080/hostName | grep -v &#39;^\\s*$&#39;&#34;: command terminated with exit code 1, stdout: &#34;&#34;, stderr: &#34;&#34;&#xA;Aug 18 09:11:16.127: INFO: Waiting for [netserver-0] endpoints (expected=[netserver-0], actual=[])&#xA;Aug 18 09:11:18.129: INFO: ExecWithOptions {Command:[/bin/sh -c timeout -t 15 curl -g -q -s --connect-timeout 1 http://10.88.0.205:8080/hostName | grep -v &#39;^\s*$&#39;] Namespace:e2e-tests-pod-network-test-v9f4m PodName:host-test-container-pod ContainerName:hostexec Stdin:&lt;nil&gt; CaptureStdout:true CaptureStderr:true PreserveWhitespace:false}&#xA;Aug 18 09:11:51.673: INFO: Failed to execute &#34;timeout -t 15 curl -g -q -s --connect-timeout 1 http://10.88.0.205:8080/hostName | grep -v &#39;^\\s*$&#39;&#34;: command terminated with exit code 1, stdout: &#34;&#34;, stderr: &#34;&#34;&#xA;Aug 18 09:11:51.673: INFO: Waiting for [netserver-0] endpoints (expected=[netserver-0], actual=[])&#xA;Aug 18 09:11:53.675: INFO: ExecWithOptions {Command:[/bin/sh -c timeout -t 15 curl -g -q -s --connect-timeout 1 http://10.88.0.205:8080/hostName | grep -v &#39;^\s*$&#39;] Namespace:e2e-tests-pod-network-test-v9f4m PodName:host-test-container-pod ContainerName:hostexec Stdin:&lt;nil&gt; CaptureStdout:true CaptureStderr:true PreserveWhitespace:false}&#xA;Aug 18 09:11:55.576: INFO: Failed to execute &#34;timeout -t 15 curl -g -q -s --connect-timeout 1 http://10.88.0.205:8080/hostName | grep -v &#39;^\\s*$&#39;&#34;: command terminated with exit code 1, stdout: &#34;&#34;, stderr: &#34;&#34;&#xA;Aug 18 09:11:55.577: INFO: Waiting for [netserver-0] endpoints (expected=[netserver-0], actual=[])&#xA;Aug 18 09:11:57.579: INFO: ExecWithOptions {Command:[/bin/sh -c timeout -t 15 curl -g -q -s --connect-timeout 1 http://10.88.0.205:8080/hostName | grep -v &#39;^\s*$&#39;] Namespace:e2e-tests-pod-network-test-v9f4m PodName:host-test-container-pod ContainerName:hostexec Stdin:&lt;nil&gt; CaptureStdout:true CaptureStderr:true PreserveWhitespace:false}&#xA;Aug 18 09:11:57.675: INFO: Failed to execute &#34;timeout -t 15 curl -g -q -s --connect-timeout 1 http://10.88.0.205:8080/hostName | grep -v &#39;^\\s*$&#39;&#34;: command terminated with exit code 1, stdout: &#34;&#34;, stderr: &#34;&#34;&#xA;Aug 18 09:11:57.675: INFO: Waiting for [netserver-0] endpoints (expected=[netserver-0], actual=[])&#xA;Aug 18 09:11:59.678: INFO: ExecWithOptions {Command:[/bin/sh -c timeout -t 15 curl -g -q -s --connect-timeout 1 http://10.88.0.205:8080/hostName | grep -v &#39;^\s*$&#39;] Namespace:e2e-tests-pod-network-test-v9f4m PodName:host-test-container-pod ContainerName:hostexec Stdin:&lt;nil&gt; CaptureStdout:true CaptureStderr:true PreserveWhitespace:false}&#xA;Aug 18 09:12:02.654: INFO: Failed to execute &#34;timeout -t 15 curl -g -q -s --connect-timeout 1 http://10.88.0.205:8080/hostName | grep -v &#39;^\\s*$&#39;&#34;: command terminated with exit code 1, stdout: &#34;&#34;, stderr: &#34;&#34;&#xA;Aug 18 09:12:02.654: INFO: Waiting for [netserver-0] endpoints (expected=[netserver-0], actual=[])&#xA;Aug 18 09:12:04.657: INFO: ExecWithOptions {Command:[/bin/sh -c timeout -t 15 curl -g -q -s --connect-timeout 1 http://10.88.0.205:8080/hostName | grep -v &#39;^\s*$&#39;] Namespace:e2e-tests-pod-network-test-v9f4m PodName:host-test-container-pod ContainerName:hostexec Stdin:&lt;nil&gt; CaptureStdout:true CaptureStderr:true PreserveWhitespace:false}&#xA;Aug 18 09:12:37.531: INFO: Failed to execute &#34;timeout -t 15 curl -g -q -s --connect-timeout 1 http://10.88.0.205:8080/hostName | grep -v &#39;^\\s*$&#39;&#34;: command terminated with exit code 1, stdout: &#34;&#34;, stderr: &#34;&#34;&#xA;Aug 18 09:12:37.531: INFO: Waiting for [netserver-0] endpoints (expected=[netserver-0], actual=[])&#xA;Aug 18 09:12:39.534: INFO: ExecWithOptions {Command:[/bin/sh -c timeout -t 15 curl -g -q -s --connect-timeout 1 http://10.88.0.205:8080/hostName | grep -v &#39;^\s*$&#39;] Namespace:e2e-tests-pod-network-test-v9f4m PodName:host-test-container-pod ContainerName:hostexec Stdin:&lt;nil&gt; CaptureStdout:true CaptureStderr:true PreserveWhitespace:false}&#xA;Aug 18 09:12:40.260: INFO: Failed to execute &#34;timeout -t 15 curl -g -q -s --connect-timeout 1 http://10.88.0.205:8080/hostName | grep -v &#39;^\\s*$&#39;&#34;: command terminated with exit code 1, stdout: &#34;&#34;, stderr: &#34;&#34;&#xA;Aug 18 09:12:40.260: INFO: Waiting for [netserver-0] endpoints (expected=[netserver-0], actual=[])&#xA;Aug 18 09:12:42.263: INFO: ExecWithOptions {Command:[/bin/sh -c timeout -t 15 curl -g -q -s --connect-timeout 1 http://10.88.0.205:8080/hostName | grep -v &#39;^\s*$&#39;] Namespace:e2e-tests-pod-network-test-v9f4m PodName:host-test-container-pod ContainerName:hostexec Stdin:&lt;nil&gt; CaptureStdout:true CaptureStderr:true PreserveWhitespace:false}&#xA;Aug 18 09:12:45.266: INFO: Failed to execute &#34;timeout -t 15 curl -g -q -s --connect-timeout 1 http://10.88.0.205:8080/hostName | grep -v &#39;^\\s*$&#39;&#34;: command terminated with exit code 1, stdout: &#34;&#34;, stderr: &#34;&#34;&#xA;Aug 18 09:12:45.266: INFO: Waiting for [netserver-0] endpoints (expected=[netserver-0], actual=[])&#xA;Aug 18 09:12:47.269: INFO: ExecWithOptions {Command:[/bin/sh -c timeout -t 15 curl -g -q -s --connect-timeout 1 http://10.88.0.205:8080/hostName | grep -v &#39;^\s*$&#39;] Namespace:e2e-tests-pod-network-test-v9f4m PodName:host-test-container-pod ContainerName:hostexec Stdin:&lt;nil&gt; CaptureStdout:true CaptureStderr:true PreserveWhitespace:false}&#xA;Aug 18 09:12:54.317: INFO: Failed to execute &#34;timeout -t 15 curl -g -q -s --connect-timeout 1 http://10.88.0.205:8080/hostName | grep -v &#39;^\\s*$&#39;&#34;: command terminated with exit code 1, stdout: &#34;&#34;, stderr: &#34;&#34;&#xA;Aug 18 09:12:54.317: INFO: Waiting for [netserver-0] endpoints (expected=[netserver-0], actual=[])&#xA;Aug 18 09:12:56.320: INFO: ExecWithOptions {Command:[/bin/sh -c timeout -t 15 curl -g -q -s --connect-timeout 1 http://10.88.0.205:8080/hostName | grep -v &#39;^\s*$&#39;] Namespace:e2e-tests-pod-network-test-v9f4m PodName:host-test-container-pod ContainerName:hostexec Stdin:&lt;nil&gt; CaptureStdout:true CaptureStderr:true PreserveWhitespace:false}&#xA;Aug 18 09:12:57.173: INFO: Failed to execute &#34;timeout -t 15 curl -g -q -s --connect-timeout 1 http://10.88.0.205:8080/hostName | grep -v &#39;^\\s*$&#39;&#34;: command terminated with exit code 1, stdout: &#34;&#34;, stderr: &#34;&#34;&#xA;Aug 18 09:12:57.173: INFO: Waiting for [netserver-0] endpoints (expected=[netserver-0], actual=[])&#xA;Aug 18 09:12:59.176: INFO: ExecWithOptions {Command:[/bin/sh -c timeout -t 15 curl -g -q -s --connect-timeout 1 http://10.88.0.205:8080/hostName | grep -v &#39;^\s*$&#39;] Namespace:e2e-tests-pod-network-test-v9f4m PodName:host-test-container-pod ContainerName:hostexec Stdin:&lt;nil&gt; CaptureStdout:true CaptureStderr:true PreserveWhitespace:false}&#xA;Aug 18 09:12:59.890: INFO: Failed to execute &#34;timeout -t 15 curl -g -q -s --connect-timeout 1 http://10.88.0.205:8080/hostName | grep -v &#39;^\\s*$&#39;&#34;: command terminated with exit code 1, stdout: &#34;&#34;, stderr: &#34;&#34;&#xA;Aug 18 09:12:59.890: INFO: Waiting for [netserver-0] endpoints (expected=[netserver-0], actual=[])&#xA;Aug 18 09:13:01.892: INFO: ExecWithOptions {Command:[/bin/sh -c timeout -t 15 curl -g -q -s --connect-timeout 1 http://10.88.0.205:8080/hostName | grep -v &#39;^\s*$&#39;] Namespace:e2e-tests-pod-network-test-v9f4m PodName:host-test-container-pod ContainerName:hostexec Stdin:&lt;nil&gt; CaptureStdout:true CaptureStderr:true PreserveWhitespace:false}&#xA;Aug 18 09:13:04.898: INFO: Failed to execute &#34;timeout -t 15 curl -g -q -s --connect-timeout 1 http://10.88.0.205:8080/hostName | grep -v &#39;^\\s*$&#39;&#34;: command terminated with exit code 1, stdout: &#34;&#34;, stderr: &#34;&#34;&#xA;Aug 18 09:13:04.898: INFO: Waiting for [netserver-0] endpoints (expected=[netserver-0], actual=[])&#xA;Aug 18 09:13:06.900: INFO: ExecWithOptions {Command:[/bin/sh -c timeout -t 15 curl -g -q -s --connect-timeout 1 http://10.88.0.205:8080/hostName | grep -v &#39;^\s*$&#39;] Namespace:e2e-tests-pod-network-test-v9f4m PodName:host-test-container-pod ContainerName:hostexec Stdin:&lt;nil&gt; CaptureStdout:true CaptureStderr:true PreserveWhitespace:false}&#xA;Aug 18 09:13:08.888: INFO: Failed to execute &#34;timeout -t 15 curl -g -q -s --connect-timeout 1 http://10.88.0.205:8080/hostName | grep -v &#39;^\\s*$&#39;&#34;: command terminated with exit code 1, stdout: &#34;&#34;, stderr: &#34;&#34;&#xA;Aug 18 09:13:08.888: INFO: Waiting for [netserver-0] endpoints (expected=[netserver-0], actual=[])&#xA;Aug 18 09:13:10.891: INFO: ExecWithOptions {Command:[/bin/sh -c timeout -t 15 curl -g -q -s --connect-timeout 1 http://10.88.0.205:8080/hostName | grep -v &#39;^\s*$&#39;] Namespace:e2e-tests-pod-network-test-v9f4m PodName:host-test-container-pod ContainerName:hostexec Stdin:&lt;nil&gt; CaptureStdout:true CaptureStderr:true PreserveWhitespace:false}&#xA;Aug 18 09:13:13.766: INFO: Failed to execute &#34;timeout -t 15 curl -g -q -s --connect-timeout 1 http://10.88.0.205:8080/hostName | grep -v &#39;^\\s*$&#39;&#34;: command terminated with exit code 1, stdout: &#34;&#34;, stderr: &#34;&#34;&#xA;Aug 18 09:13:13.766: INFO: Waiting for [netserver-0] endpoints (expected=[netserver-0], actual=[])&#xA;Aug 18 09:13:15.769: INFO: ExecWithOptions {Command:[/bin/sh -c timeout -t 15 curl -g -q -s --connect-timeout 1 http://10.88.0.205:8080/hostName | grep -v &#39;^\s*$&#39;] Namespace:e2e-tests-pod-network-test-v9f4m PodName:host-test-container-pod ContainerName:hostexec Stdin:&lt;nil&gt; CaptureStdout:true CaptureStderr:true PreserveWhitespace:false}&#xA;Aug 18 09:13:17.959: INFO: Failed to execute &#34;timeout -t 15 curl -g -q -s --connect-timeout 1 http://10.88.0.205:8080/hostName | grep -v &#39;^\\s*$&#39;&#34;: command terminated with exit code 1, stdout: &#34;&#34;, stderr: &#34;&#34;&#xA;Aug 18 09:13:17.959: INFO: Waiting for [netserver-0] endpoints (expected=[netserver-0], actual=[])&#xA;Aug 18 09:13:19.961: INFO: ExecWithOptions {Command:[/bin/sh -c timeout -t 15 curl -g -q -s --connect-timeout 1 http://10.88.0.205:8080/hostName | grep -v &#39;^\s*$&#39;] Namespace:e2e-tests-pod-network-test-v9f4m PodName:host-test-container-pod ContainerName:hostexec Stdin:&lt;nil&gt; CaptureStdout:true CaptureStderr:true PreserveWhitespace:false}&#xA;Aug 18 09:13:20.071: INFO: Failed to execute &#34;timeout -t 15 curl -g -q -s --connect-timeout 1 http://10.88.0.205:8080/hostName | grep -v &#39;^\\s*$&#39;&#34;: command terminated with exit code 1, stdout: &#34;&#34;, stderr: &#34;&#34;&#xA;Aug 18 09:13:20.071: INFO: Waiting for [netserver-0] endpoints (expected=[netserver-0], actual=[])&#xA;Aug 18 09:13:22.073: INFO: ExecWithOptions {Command:[/bin/sh -c timeout -t 15 curl -g -q -s --connect-timeout 1 http://10.88.0.205:8080/hostName | grep -v &#39;^\s*$&#39;] Namespace:e2e-tests-pod-network-test-v9f4m PodName:host-test-container-pod ContainerName:hostexec Stdin:&lt;nil&gt; CaptureStdout:true CaptureStderr:true PreserveWhitespace:false}&#xA;Aug 18 09:13:28.808: INFO: Failed to execute &#34;timeout -t 15 curl -g -q -s --connect-timeout 1 http://10.88.0.205:8080/hostName | grep -v &#39;^\\s*$&#39;&#34;: command terminated with exit code 1, stdout: &#34;&#34;, stderr: &#34;&#34;&#xA;Aug 18 09:13:28.808: INFO: Waiting for [netserver-0] endpoints (expected=[netserver-0], actual=[])&#xA;Aug 18 09:13:30.811: INFO: ExecWithOptions {Command:[/bin/sh -c timeout -t 15 curl -g -q -s --connect-timeout 1 http://10.88.0.205:8080/hostName | grep -v &#39;^\s*$&#39;] Namespace:e2e-tests-pod-network-test-v9f4m PodName:host-test-container-pod ContainerName:hostexec Stdin:&lt;nil&gt; CaptureStdout:true CaptureStderr:true PreserveWhitespace:false}&#xA;Aug 18 09:13:31.648: INFO: Failed to execute &#34;timeout -t 15 curl -g -q -s --connect-timeout 1 http://10.88.0.205:8080/hostName | grep -v &#39;^\\s*$&#39;&#34;: command terminated with exit code 1, stdout: &#34;&#34;, stderr: &#34;&#34;&#xA;Aug 18 09:13:31.648: INFO: Waiting for [netserver-0] endpoints (expected=[netserver-0], actual=[])&#xA;Aug 18 09:13:33.651: INFO: ExecWithOptions {Command:[/bin/sh -c timeout -t 15 curl -g -q -s --connect-timeout 1 http://10.88.0.205:8080/hostName | grep -v &#39;^\s*$&#39;] Namespace:e2e-tests-pod-network-test-v9f4m PodName:host-test-container-pod ContainerName:hostexec Stdin:&lt;nil&gt; CaptureStdout:true CaptureStderr:true PreserveWhitespace:false}&#xA;Aug 18 09:13:33.747: INFO: Failed to execute &#34;timeout -t 15 curl -g -q -s --connect-timeout 1 http://10.88.0.205:8080/hostName | grep -v &#39;^\\s*$&#39;&#34;: command terminated with exit code 1, stdout: &#34;&#34;, stderr: &#34;&#34;&#xA;Aug 18 09:13:33.747: INFO: Waiting for [netserver-0] endpoints (expected=[netserver-0], actual=[])&#xA;Aug 18 09:13:35.749: INFO: ExecWithOptions {Command:[/bin/sh -c timeout -t 15 curl -g -q -s --connect-timeout 1 http://10.88.0.205:8080/hostName | grep -v &#39;^\s*$&#39;] Namespace:e2e-tests-pod-network-test-v9f4m PodName:host-test-container-pod ContainerName:hostexec Stdin:&lt;nil&gt; CaptureStdout:true CaptureStderr:true PreserveWhitespace:false}&#xA;Aug 18 09:13:35.850: INFO: Failed to execute &#34;timeout -t 15 curl -g -q -s --connect-timeout 1 http://10.88.0.205:8080/hostName | grep -v &#39;^\\s*$&#39;&#34;: command terminated with exit code 1, stdout: &#34;&#34;, stderr: &#34;&#34;&#xA;Aug 18 09:13:35.850: INFO: Waiting for [netserver-0] endpoints (expected=[netserver-0], actual=[])&#xA;Aug 18 09:13:37.852: INFO: ExecWithOptions {Command:[/bin/sh -c timeout -t 15 curl -g -q -s --connect-timeout 1 http://10.88.0.205:8080/hostName | grep -v &#39;^\s*$&#39;] Namespace:e2e-tests-pod-network-test-v9f4m PodName:host-test-container-pod ContainerName:hostexec Stdin:&lt;nil&gt; CaptureStdout:true CaptureStderr:true PreserveWhitespace:false}&#xA;Aug 18 09:13:37.949: INFO: Failed to execute &#34;timeout -t 15 curl -g -q -s --connect-timeout 1 http://10.88.0.205:8080/hostName | grep -v &#39;^\\s*$&#39;&#34;: command terminated with exit code 1, stdout: &#34;&#34;, stderr: &#34;&#34;&#xA;Aug 18 09:13:37.949: INFO: Waiting for [netserver-0] endpoints (expected=[netserver-0], actual=[])&#xA;Aug 18 09:13:39.952: INFO: ExecWithOptions {Command:[/bin/sh -c timeout -t 15 curl -g -q -s --connect-timeout 1 http://10.88.0.205:8080/hostName | grep -v &#39;^\s*$&#39;] Namespace:e2e-tests-pod-network-test-v9f4m PodName:host-test-container-pod ContainerName:hostexec Stdin:&lt;nil&gt; CaptureStdout:true CaptureStderr:true PreserveWhitespace:false}&#xA;Aug 18 09:13:42.117: INFO: Failed to execute &#34;timeout -t 15 curl -g -q -s --connect-timeout 1 http://10.88.0.205:8080/hostName | grep -v &#39;^\\s*$&#39;&#34;: command terminated with exit code 1, stdout: &#34;&#34;, stderr: &#34;&#34;&#xA;Aug 18 09:13:42.117: INFO: Waiting for [netserver-0] endpoints (expected=[netserver-0], actual=[])&#xA;Aug 18 09:13:44.119: INFO: ExecWithOptions {Command:[/bin/sh -c timeout -t 15 curl -g -q -s --connect-timeout 1 http://10.88.0.205:8080/hostName | grep -v &#39;^\s*$&#39;] Namespace:e2e-tests-pod-network-test-v9f4m PodName:host-test-container-pod ContainerName:hostexec Stdin:&lt;nil&gt; CaptureStdout:true CaptureStderr:true PreserveWhitespace:false}&#xA;Aug 18 09:13:47.771: INFO: Failed to execute &#34;timeout -t 15 curl -g -q -s --connect-timeout 1 http://10.88.0.205:8080/hostName | grep -v &#39;^\\s*$&#39;&#34;: command terminated with exit code 1, stdout: &#34;&#34;, stderr: &#34;&#34;&#xA;Aug 18 09:13:47.772: INFO: Waiting for [netserver-0] endpoints (expected=[netserver-0], actual=[])&#xA;Aug 18 09:13:49.774: INFO: ExecWithOptions {Command:[/bin/sh -c timeout -t 15 curl -g -q -s --connect-timeout 1 http://10.88.0.205:8080/hostName | grep -v &#39;^\s*$&#39;] Namespace:e2e-tests-pod-network-test-v9f4m PodName:host-test-container-pod ContainerName:hostexec Stdin:&lt;nil&gt; CaptureStdout:true CaptureStderr:true PreserveWhitespace:false}&#xA;Aug 18 09:13:49.872: INFO: Failed to execute &#34;timeout -t 15 curl -g -q -s --connect-timeout 1 http://10.88.0.205:8080/hostName | grep -v &#39;^\\s*$&#39;&#34;: command terminated with exit code 1, stdout: &#34;&#34;, stderr: &#34;&#34;&#xA;Aug 18 09:13:49.872: INFO: Waiting for [netserver-0] endpoints (expected=[netserver-0], actual=[])&#xA;Aug 18 09:13:51.874: INFO: ExecWithOptions {Command:[/bin/sh -c timeout -t 15 curl -g -q -s --connect-timeout 1 http://10.88.0.205:8080/hostName | grep -v &#39;^\s*$&#39;] Namespace:e2e-tests-pod-network-test-v9f4m PodName:host-test-container-pod ContainerName:hostexec Stdin:&lt;nil&gt; CaptureStdout:true CaptureStderr:true PreserveWhitespace:false}&#xA;Aug 18 09:13:51.968: INFO: Failed to execute &#34;timeout -t 15 curl -g -q -s --connect-timeout 1 http://10.88.0.205:8080/hostName | grep -v &#39;^\\s*$&#39;&#34;: command terminated with exit code 1, stdout: &#34;&#34;, stderr: &#34;&#34;&#xA;Aug 18 09:13:51.968: INFO: Waiting for [netserver-0] endpoints (expected=[netserver-0], actual=[])&#xA;Aug 18 09:13:53.970: INFO: ExecWithOptions {Command:[/bin/sh -c timeout -t 15 curl -g -q -s --connect-timeout 1 http://10.88.0.205:8080/hostName | grep -v &#39;^\s*$&#39;] Namespace:e2e-tests-pod-network-test-v9f4m PodName:host-test-container-pod ContainerName:hostexec Stdin:&lt;nil&gt; CaptureStdout:true CaptureStderr:true PreserveWhitespace:false}&#xA;Aug 18 09:13:54.077: INFO: Failed to execute &#34;timeout -t 15 curl -g -q -s --connect-timeout 1 http://10.88.0.205:8080/hostName | grep -v &#39;^\\s*$&#39;&#34;: command terminated with exit code 1, stdout: &#34;&#34;, stderr: &#34;&#34;&#xA;Aug 18 09:13:54.077: INFO: Waiting for [netserver-0] endpoints (expected=[netserver-0], actual=[])&#xA;Aug 18 09:13:56.079: INFO: ExecWithOptions {Command:[/bin/sh -c timeout -t 15 curl -g -q -s --connect-timeout 1 http://10.88.0.205:8080/hostName | grep -v &#39;^\s*$&#39;] Namespace:e2e-tests-pod-network-test-v9f4m PodName:host-test-container-pod ContainerName:hostexec Stdin:&lt;nil&gt; CaptureStdout:true CaptureStderr:true PreserveWhitespace:false}&#xA;Aug 18 09:13:56.178: INFO: Failed to execute &#34;timeout -t 15 curl -g -q -s --connect-timeout 1 http://10.88.0.205:8080/hostName | grep -v &#39;^\\s*$&#39;&#34;: command terminated with exit code 1, stdout: &#34;&#34;, stderr: &#34;&#34;&#xA;Aug 18 09:13:56.178: INFO: Waiting for [netserver-0] endpoints (expected=[netserver-0], actual=[])&#xA;Aug 18 09:13:58.180: INFO: ExecWithOptions {Command:[/bin/sh -c timeout -t 15 curl -g -q -s --connect-timeout 1 http://10.88.0.205:8080/hostName | grep -v &#39;^\s*$&#39;] Namespace:e2e-tests-pod-network-test-v9f4m PodName:host-test-container-pod ContainerName:hostexec Stdin:&lt;nil&gt; CaptureStdout:true CaptureStderr:true PreserveWhitespace:false}&#xA;Aug 18 09:14:00.372: INFO: Failed to execute &#34;timeout -t 15 curl -g -q -s --connect-timeout 1 http://10.88.0.205:8080/hostName | grep -v &#39;^\\s*$&#39;&#34;: command terminated with exit code 1, stdout: &#34;&#34;, stderr: &#34;&#34;&#xA;Aug 18 09:14:00.372: INFO: Waiting for [netserver-0] endpoints (expected=[netserver-0], actual=[])&#xA;Aug 18 09:14:02.374: INFO: ExecWithOptions {Command:[/bin/sh -c timeout -t 15 curl -g -q -s --connect-timeout 1 http://10.88.0.205:8080/hostName | grep -v &#39;^\s*$&#39;] Namespace:e2e-tests-pod-network-test-v9f4m PodName:host-test-container-pod ContainerName:hostexec Stdin:&lt;nil&gt; CaptureStdout:true CaptureStderr:true PreserveWhitespace:false}&#xA;Aug 18 09:14:05.019: INFO: Failed to execute &#34;timeout -t 15 curl -g -q -s --connect-timeout 1 http://10.88.0.205:8080/hostName | grep -v &#39;^\\s*$&#39;&#34;: command terminated with exit code 1, stdout: &#34;&#34;, stderr: &#34;&#34;&#xA;Aug 18 09:14:05.019: INFO: Waiting for [netserver-0] endpoints (expected=[netserver-0], actual=[])&#xA;Aug 18 09:14:07.019: INFO: &#xA;Output of kubectl describe pod e2e-tests-pod-network-test-v9f4m/netserver-0:&#xA;&#xA;Aug 18 09:14:07.019: INFO: Running &#39; --server=http://127.0.0.1:8080 describe pod netserver-0 --namespace=e2e-tests-pod-network-test-v9f4m&#39;&#xA;Aug 18 09:14:07.020: INFO: &#xA;Aug 18 09:14:07.020: INFO: Failed to find expected endpoints:&#xA;Tries 31&#xA;Command timeout -t 15 curl -g -q -s --connect-timeout 1 http://10.88.0.205:8080/hostName&#xA;retrieved map[]&#xA;expected map[netserver-0:{}]&#xA;&#xA;[AfterEach] [sig-network] Networking&#xA;  /root/code/kubernetes/src/k8s.io/kubernetes/_output/local/go/src/k8s.io/kubernetes/test/e2e/framework/framework.go:142&#xA;�[1mSTEP�[0m: Collecting events from namespace &#34;e2e-tests-pod-network-test-v9f4m&#34;.&#xA;�[1mSTEP�[0m: Found 9 events.&#xA;Aug 18 09:14:07.026: INFO: At 2018-08-18 09:09:19 +0000 UTC - event for netserver-0: {kubelet kata-shim-v2} Pulled: Container image &#34;gcr.io/kubernetes-e2e-test-images/netexec-amd64:1.0&#34; already present on machine&#xA;Aug 18 09:14:07.026: INFO: At 2018-08-18 09:09:19 +0000 UTC - event for netserver-0: {kubelet kata-shim-v2} Created: Created container&#xA;Aug 18 09:14:07.026: INFO: At 2018-08-18 09:09:22 +0000 UTC - event for netserver-0: {kubelet kata-shim-v2} Started: Started container&#xA;Aug 18 09:14:07.026: INFO: At 2018-08-18 09:10:23 +0000 UTC - event for host-test-container-pod: {kubelet kata-shim-v2} Pulled: Container image &#34;gcr.io/kubernetes-e2e-test-images/hostexec-amd64:1.1&#34; already present on machine&#xA;Aug 18 09:14:07.026: INFO: At 2018-08-18 09:10:23 +0000 UTC - event for host-test-container-pod: {kubelet kata-shim-v2} Created: Created container&#xA;Aug 18 09:14:07.026: INFO: At 2018-08-18 09:10:23 +0000 UTC - event for test-container-pod: {kubelet kata-shim-v2} Pulled: Container image &#34;gcr.io/kubernetes-e2e-test-images/netexec-amd64:1.0&#34; already present on machine&#xA;Aug 18 09:14:07.026: INFO: At 2018-08-18 09:10:23 +0000 UTC - event for test-container-pod: {kubelet kata-shim-v2} Created: Created container&#xA;Aug 18 09:14:07.026: INFO: At 2018-08-18 09:10:30 +0000 UTC - event for host-test-container-pod: {kubelet kata-shim-v2} Started: Started container&#xA;Aug 18 09:14:07.026: INFO: At 2018-08-18 09:10:57 +0000 UTC - event for test-container-pod: {kubelet kata-shim-v2} Started: Started container&#xA;Aug 18 09:14:07.032: INFO: POD                                                            NODE          PHASE    GRACE  CONDITIONS&#xA;Aug 18 09:14:07.032: INFO: pod-configmaps-c22e0fa2-a2c6-11e8-b9ad-42010a8c0005            kata-shim-v2  Running         [{Initialized True 0001-01-01 00:00:00 +0000 UTC 2018-08-18 09:11:57 +0000 UTC  } {Ready True 0001-01-01 00:00:00 +0000 UTC 2018-08-18 09:12:40 +0000 UTC  } {ContainersReady True 0001-01-01 00:00:00 +0000 UTC 0001-01-01 00:00:00 +0000 UTC  } {PodScheduled True 0001-01-01 00:00:00 +0000 UTC 2018-08-18 09:11:57 +0000 UTC  }]&#xA;Aug 18 09:14:07.033: INFO: liveness-exec                                                  kata-shim-v2  Running         [{Initialized True 0001-01-01 00:00:00 +0000 UTC 2018-08-18 09:13:08 +0000 UTC  } {Ready True 0001-01-01 00:00:00 +0000 UTC 2018-08-18 09:13:17 +0000 UTC  } {ContainersReady True 0001-01-01 00:00:00 +0000 UTC 0001-01-01 00:00:00 +0000 UTC  } {PodScheduled True 0001-01-01 00:00:00 +0000 UTC 2018-08-18 09:13:08 +0000 UTC  }]&#xA;Aug 18 09:14:07.033: INFO: liveness-http                                                  kata-shim-v2  Running         [{Initialized True 0001-01-01 00:00:00 +0000 UTC 2018-08-18 09:11:16 +0000 UTC  } {Ready True 0001-01-01 00:00:00 +0000 UTC 2018-08-18 09:11:55 +0000 UTC  } {ContainersReady True 0001-01-01 00:00:00 +0000 UTC 0001-01-01 00:00:00 +0000 UTC  } {PodScheduled True 0001-01-01 00:00:00 +0000 UTC 2018-08-18 09:11:16 +0000 UTC  }]&#xA;Aug 18 09:14:07.033: INFO: host-test-container-pod                                        kata-shim-v2  Running         [{Initialized True 0001-01-01 00:00:00 +0000 UTC 2018-08-18 09:10:16 +0000 UTC  } {Ready True 0001-01-01 00:00:00 +0000 UTC 2018-08-18 09:10:57 +0000 UTC  } {ContainersReady True 0001-01-01 00:00:00 +0000 UTC 0001-01-01 00:00:00 +0000 UTC  } {PodScheduled True 0001-01-01 00:00:00 +0000 UTC 2018-08-18 09:10:16 +0000 UTC  }]&#xA;Aug 18 09:14:07.033: INFO: netserver-0                                                    kata-shim-v2  Running         [{Initialized True 0001-01-01 00:00:00 +0000 UTC 2018-08-18 09:09:15 +0000 UTC  } {Ready True 0001-01-01 00:00:00 +0000 UTC 2018-08-18 09:09:41 +0000 UTC  } {ContainersReady True 0001-01-01 00:00:00 +0000 UTC 0001-01-01 00:00:00 +0000 UTC  } {PodScheduled True 0001-01-01 00:00:00 +0000 UTC 2018-08-18 09:09:15 +0000 UTC  }]&#xA;Aug 18 09:14:07.033: INFO: test-container-pod                                             kata-shim-v2  Running         [{Initialized True 0001-01-01 00:00:00 +0000 UTC 2018-08-18 09:10:16 +0000 UTC  } {Ready True 0001-01-01 00:00:00 +0000 UTC 2018-08-18 09:10:57 +0000 UTC  } {ContainersReady True 0001-01-01 00:00:00 +0000 UTC 0001-01-01 00:00:00 +0000 UTC  } {PodScheduled True 0001-01-01 00:00:00 +0000 UTC 2018-08-18 09:10:16 +0000 UTC  }]&#xA;Aug 18 09:14:07.033: INFO: pod-projected-configmaps-df153019-a2c6-11e8-aff5-42010a8c0005  kata-shim-v2  Running         [{Initialized True 0001-01-01 00:00:00 +0000 UTC 2018-08-18 09:12:46 +0000 UTC  } {Ready True 0001-01-01 00:00:00 +0000 UTC 2018-08-18 09:12:59 +0000 UTC  } {ContainersReady True 0001-01-01 00:00:00 +0000 UTC 0001-01-01 00:00:00 +0000 UTC  } {PodScheduled True 0001-01-01 00:00:00 +0000 UTC 2018-08-18 09:12:46 +0000 UTC  }]&#xA;Aug 18 09:14:07.033: INFO: pod-secrets-091347d3-a2c7-11e8-aca5-42010a8c0005               kata-shim-v2  Pending         [{Initialized True 0001-01-01 00:00:00 +0000 UTC 2018-08-18 09:14:00 +0000 UTC  } {Ready False 0001-01-01 00:00:00 +0000 UTC 2018-08-18 09:14:00 +0000 UTC ContainersNotReady containers with unready status: [secret-volume-test]} {ContainersReady False 0001-01-01 00:00:00 +0000 UTC 0001-01-01 00:00:00 +0000 UTC ContainersNotReady containers with unready status: [secret-volume-test]} {PodScheduled True 0001-01-01 00:00:00 +0000 UTC 2018-08-18 09:14:00 +0000 UTC  }]&#xA;Aug 18 09:14:07.033: INFO: &#xA;Aug 18 09:14:07.035: INFO: &#xA;Logging node info for node kata-shim-v2&#xA;Aug 18 09:14:07.038: INFO: Node Info: &amp;Node{ObjectMeta:k8s_io_apimachinery_pkg_apis_meta_v1.ObjectMeta{Name:kata-shim-v2,GenerateName:,Namespace:,SelfLink:/api/v1/nodes/kata-shim-v2,UID:767fc77c-a2c5-11e8-ae95-42010a8c0005,ResourceVersion:1677,Generation:0,CreationTimestamp:2018-08-18 09:02:41 +0000 UTC,DeletionTimestamp:&lt;nil&gt;,DeletionGracePeriodSeconds:nil,Labels:map[string]string{beta.kubernetes.io/arch: amd64,beta.kubernetes.io/os: linux,kubernetes.io/hostname: kata-shim-v2,},Annotations:map[string]string{volumes.kubernetes.io/controller-managed-attach-detach: true,},OwnerReferences:[],Finalizers:[],ClusterName:,Initializers:nil,},Spec:NodeSpec{PodCIDR:,DoNotUse_ExternalID:,ProviderID:,Unschedulable:false,Taints:[],ConfigSource:nil,},Status:NodeStatus{Capacity:ResourceList{cpu: {{16 0} {&lt;nil&gt;} 16 DecimalSI},ephemeral-storage: {{62386053120 0} {&lt;nil&gt;}  BinarySI},hugepages-1Gi: {{0 0} {&lt;nil&gt;} 0 DecimalSI},hugepages-2Mi: {{0 0} {&lt;nil&gt;} 0 DecimalSI},memory: {{63323955200 0} {&lt;nil&gt;}  BinarySI},pods: {{110 0} {&lt;nil&gt;} 110 DecimalSI},},Allocatable:ResourceList{cpu: {{16 0} {&lt;nil&gt;} 16 DecimalSI},ephemeral-storage: {{56147447716 0} {&lt;nil&gt;} 56147447716 DecimalSI},hugepages-1Gi: {{0 0} {&lt;nil&gt;} 0 DecimalSI},hugepages-2Mi: {{0 0} {&lt;nil&gt;} 0 DecimalSI},memory: {{63061811200 0} {&lt;nil&gt;}  BinarySI},pods: {{110 0} {&lt;nil&gt;} 110 DecimalSI},},Phase:,Conditions:[{OutOfDisk False 2018-08-18 09:14:02 +0000 UTC 2018-08-18 09:02:41 +0000 UTC KubeletHasSufficientDisk kubelet has sufficient disk space available} {MemoryPressure False 2018-08-18 09:14:02 +0000 UTC 2018-08-18 09:02:41 +0000 UTC KubeletHasSufficientMemory kubelet has sufficient memory available} {DiskPressure False 2018-08-18 09:14:02 +0000 UTC 2018-08-18 09:02:41 +0000 UTC KubeletHasNoDiskPressure kubelet has no disk pressure} {PIDPressure False 2018-08-18 09:14:02 +0000 UTC 2018-08-18 09:02:41 +0000 UTC KubeletHasSufficientPID kubelet has sufficient PID available} {Ready True 2018-08-18 09:14:02 +0000 UTC 2018-08-18 09:02:41 +0000 UTC KubeletReady kubelet is posting ready status. AppArmor enabled}],Addresses:[{InternalIP 10.140.0.5} {Hostname kata-shim-v2}],DaemonEndpoints:NodeDaemonEndpoints{KubeletEndpoint:DaemonEndpoint{Port:10250,},},NodeInfo:NodeSystemInfo{MachineID:27b9052925f7957f5baaabcb28d6e94e,SystemUUID:8AFFCE9E-43B8-8EE6-4B6B-4E9E852D338B,BootID:396483bb-c172-4768-afad-b5baea2cf1a6,KernelVersion:4.15.0-1017-gcp,OSImage:Ubuntu 16.04.5 LTS,ContainerRuntimeVersion:containerd://1.11.0-26-g58eb045-TEST,KubeletVersion:v1.11.0,KubeProxyVersion:v1.11.0,OperatingSystem:linux,Architecture:amd64,},Images:[{[k8s.gcr.io/nginx-slim-amd64@sha256:6654db6d4028756062edac466454ee5c9cf9b20ef79e35a81e3c840031eb1e2b k8s.gcr.io/nginx-slim-amd64:0.20] 46221874} {[docker.io/library/nginx@sha256:d85914d547a6c92faa39ce7058bd7529baacab7e0cd4255442b04577c4d1f424 docker.io/library/nginx:latest] 44632839} {[gcr.io/cri-tools/hostnet-nginx@sha256:d629efc3a5de1fe63bac3d877ed642968add1e795260b71a40802a3e9e3c5371 gcr.io/cri-tools/hostnet-nginx:latest] 44523662} {[gcr.io/kubernetes-e2e-test-images/hostexec-amd64@sha256:e1dadb772c6132e3587fc41b8c07facd81ee7c4e74508891b5d98d45b85462e9 gcr.io/kubernetes-e2e-test-images/hostexec-amd64:1.1] 3852953} {[gcr.io/kubernetes-e2e-test-images/netexec-amd64@sha256:da1c165175d5589ed70384e406a0291b6f76d53fc99e2c31ae23003e11e5bfde gcr.io/kubernetes-e2e-test-images/netexec-amd64:1.0] 2788992} {[gcr.io/google_containers/nonewprivs@sha256:a343c87a3611810956279be783986ab0771c460d3b7a967cccc64e66ccfb1820 gcr.io/google_containers/nonewprivs:1.2] 2647477} {[docker.io/library/alpine@sha256:2f9dfa6adf602d3d7379f11f3d4fd0b7b4d1c526616ee7c0fd5e553a72e4bf79 docker.io/library/alpine:3.1] 2306961} {[gcr.io/kubernetes-e2e-test-images/serve-hostname-amd64@sha256:2dd4032e98a0450d95a0ac71a5e465f542a900812d8c41bc6ca635aed1a5fc91 gcr.io/kubernetes-e2e-test-images/serve-hostname-amd64:1.0] 2274820} {[gcr.io/kubernetes-e2e-test-images/test-webserver-amd64@sha256:8da73e44d6870f86e0e6a87b2e07829470465afbb6febeb900296d99510789ce gcr.io/kubernetes-e2e-test-images/test-webserver-amd64:1.0] 1789498} {[gcr.io/kubernetes-e2e-test-images/liveness-amd64@sha256:0a64aa5318ade9f4ed6cd625d8dffdb4ac6a411da30694c53809e99a65de9eff gcr.io/kubernetes-e2e-test-images/liveness-amd64:1.0] 1741561} {[gcr.io/kubernetes-e2e-test-images/entrypoint-tester-amd64@sha256:ef1e5bf4aa80f899f51d173dfcc3106e8daf4c78c28be135b1d421c97f4c9354 gcr.io/kubernetes-e2e-test-images/entrypoint-tester-amd64:1.0] 1038249} {[docker.io/library/busybox@sha256:cb63aa0641a885f54de20f61d152187419e8f6b159ed11a251a09d115fdff9bd docker.io/library/busybox:latest] 737964} {[docker.io/library/busybox@sha256:141c253bc4c3fd0a201d32dc1f493bcf3fff003b6df416dea4f41046e0f37d47 docker.io/library/busybox:1.28] 727869} {[gcr.io/kubernetes-e2e-test-images/mounttest-amd64@sha256:e3e75014e6df02dc21e6fb95f93b989a2ff8a91f36ae88d74eccbabaa21fc211 gcr.io/kubernetes-e2e-test-images/mounttest-amd64:1.0] 597676} {[gcr.io/kubernetes-e2e-test-images/mounttest-user-amd64@sha256:1ac490f1442cad4b1c886527470393c71302cc62f5e3304fb08854403cbc68dc gcr.io/kubernetes-e2e-test-images/mounttest-user-amd64:1.0] 537644} {[k8s.gcr.io/pause@sha256:f78411e19d84a252e53bff71a4407a5686c46983a2c2eeed83929b888179acea k8s.gcr.io/pause:3.1] 317164}],VolumesInUse:[],VolumesAttached:[],Config:&amp;NodeConfigStatus{Assigned:nil,Active:nil,LastKnownGood:nil,Error:,},},}&#xA;Aug 18 09:14:07.038: INFO: &#xA;Logging kubelet events for node kata-shim-v2&#xA;Aug 18 09:14:07.040: INFO: &#xA;Logging pods the kubelet thinks is on node kata-shim-v2&#xA;Aug 18 09:14:07.044: INFO: pod-configmaps-c22e0fa2-a2c6-11e8-b9ad-42010a8c0005 started at 2018-08-18 09:11:57 +0000 UTC (0+3 container statuses recorded)&#xA;Aug 18 09:14:07.044: INFO: &#x9;Container createcm-volume-test ready: true, restart count 0&#xA;Aug 18 09:14:07.044: INFO: &#x9;Container delcm-volume-test ready: true, restart count 0&#xA;Aug 18 09:14:07.044: INFO: &#x9;Container updcm-volume-test ready: true, restart count 0&#xA;Aug 18 09:14:07.044: INFO: test-container-pod started at 2018-08-18 09:10:16 +0000 UTC (0+1 container statuses recorded)&#xA;Aug 18 09:14:07.044: INFO: &#x9;Container webserver ready: true, restart count 0&#xA;Aug 18 09:14:07.044: INFO: liveness-http started at 2018-08-18 09:11:16 +0000 UTC (0+1 container statuses recorded)&#xA;Aug 18 09:14:07.044: INFO: &#x9;Container liveness ready: true, restart count 0&#xA;Aug 18 09:14:07.044: INFO: host-test-container-pod started at 2018-08-18 09:10:16 +0000 UTC (0+1 container statuses recorded)&#xA;Aug 18 09:14:07.044: INFO: &#x9;Container hostexec ready: true, restart count 0&#xA;Aug 18 09:14:07.044: INFO: liveness-exec started at 2018-08-18 09:13:08 +0000 UTC (0+1 container statuses recorded)&#xA;Aug 18 09:14:07.044: INFO: &#x9;Container liveness ready: true, restart count 0&#xA;Aug 18 09:14:07.044: INFO: pod-projected-configmaps-df153019-a2c6-11e8-aff5-42010a8c0005 started at 2018-08-18 09:12:46 +0000 UTC (0+3 container statuses recorded)&#xA;Aug 18 09:14:07.044: INFO: &#x9;Container createcm-volume-test ready: true, restart count 0&#xA;Aug 18 09:14:07.044: INFO: &#x9;Container delcm-volume-test ready: true, restart count 0&#xA;Aug 18 09:14:07.044: INFO: &#x9;Container updcm-volume-test ready: true, restart count 0&#xA;Aug 18 09:14:07.044: INFO: netserver-0 started at 2018-08-18 09:09:15 +0000 UTC (0+1 container statuses recorded)&#xA;Aug 18 09:14:07.044: INFO: &#x9;Container webserver ready: true, restart count 0&#xA;Aug 18 09:14:07.044: INFO: pod-secrets-091347d3-a2c7-11e8-aca5-42010a8c0005 started at 2018-08-18 09:14:00 +0000 UTC (0+1 container statuses recorded)&#xA;Aug 18 09:14:07.044: INFO: &#x9;Container secret-volume-test ready: false, restart count 0&#xA;Aug 18 09:14:08.005: INFO: &#xA;Latency metrics for node kata-shim-v2&#xA;Aug 18 09:14:08.005: INFO: {Operation:sync Method:pod_worker_latency_microseconds Quantile:0.99 Latency:2m0.001048s}&#xA;Aug 18 09:14:08.005: INFO: {Operation:sync Method:pod_worker_latency_microseconds Quantile:0.9 Latency:2m0.000772s}&#xA;Aug 18 09:14:08.005: INFO: {Operation: Method:pod_start_latency_microseconds Quantile:0.99 Latency:1m13.78174s}&#xA;Aug 18 09:14:08.005: INFO: {Operation: Method:pod_start_latency_microseconds Quantile:0.9 Latency:41.380737s}&#xA;Aug 18 09:14:08.005: INFO: {Operation: Method:pleg_relist_latency_microseconds Quantile:0.99 Latency:40.537422s}&#xA;Aug 18 09:14:08.005: INFO: {Operation: Method:pod_worker_start_latency_microseconds Quantile:0.99 Latency:33.733632s}&#xA;Aug 18 09:14:08.005: INFO: {Operation: Method:pod_worker_start_latency_microseconds Quantile:0.9 Latency:29.062679s}&#xA;�[1mSTEP�[0m: Dumping a list of prepulled images on each node to file /tmp/test-e2e-node/image-puller.txt&#xA;Aug 18 09:14:08.008: INFO: Waiting up to 3m0s for all (but 0) nodes to be ready&#xA;�[1mSTEP�[0m: Destroying namespace &#34;e2e-tests-pod-network-test-v9f4m&#34; for this suite.&#xA;Aug 18 09:14:30.016: INFO: Waiting up to 30s for server preferred namespaced resources to be successfully discovered&#xA;Aug 18 09:14:30.042: INFO: namespace: e2e-tests-pod-network-test-v9f4m, resource: bindings, ignored listing per whitelist&#xA;Aug 18 09:14:30.063: INFO: namespace e2e-tests-pod-network-test-v9f4m deletion completed in 22.053373691s&#xA;</system-out>
      </testcase>
      <testcase name="[k8s.io] Container Lifecycle Hook when create a pod with lifecycle hook should execute prestop http hook properly [NodeConformance] [Conformance]" classname="E2eNode Suite" time="82.118760118"></testcase>
      <testcase name="[sig-storage] EmptyDir volumes should support (non-root,0666,tmpfs) [NodeConformance] [Conformance]" classname="E2eNode Suite" time="34.150519874"></testcase>
      <testcase name="[k8s.io] [Feature:DynamicKubeletConfig][NodeFeature:DynamicKubeletConfig][Serial][Disruptive]  update ConfigMap in-place: recover to last-known-good version: status and events should match expectations" classname="E2eNode Suite" time="0">
          <skipped></skipped>
      </testcase>
      <testcase name="[sig-storage] Projected should provide container&#39;s memory request [NodeConformance] [Conformance]" classname="E2eNode Suite" time="38.160813615"></testcase>
      <testcase name="[k8s.io] Docker Containers should be able to override the image&#39;s default command and arguments [NodeConformance] [Conformance]" classname="E2eNode Suite" time="44.147995755"></testcase>
      <testcase name="[sig-storage] Downward API volume should provide podname as non-root with fsgroup and defaultMode [NodeFeature:FSGroup]" classname="E2eNode Suite" time="0">
          <skipped></skipped>
      </testcase>
      <testcase name="[k8s.io] Security Context when creating a pod in the host PID namespace should show its pid in the host PID namespace [NodeFeature:HostAccess]" classname="E2eNode Suite" time="0">
          <skipped></skipped>
      </testcase>
      <testcase name="[sig-node] Resource-usage [Serial] [Slow] regular resource usage tracking resource tracking for 0 pods per node [Benchmark]" classname="E2eNode Suite" time="0">
          <skipped></skipped>
      </testcase>
      <testcase name="[sig-storage] Projected updates should be reflected in volume [NodeConformance] [Conformance]" classname="E2eNode Suite" time="170.406052792"></testcase>
  </testsuite>