<?xml version="1.0" encoding="UTF-8"?>
  <testsuite tests="14" failures="1" time="1094.412756092">
      <testcase name="[sig-node] Resource-usage [Serial] [Slow] regular resource usage tracking resource tracking for 35 pods per node [Benchmark]" classname="E2eNode Suite" time="0">
          <skipped></skipped>
      </testcase>
      <testcase name="[sig-storage] Projected should be consumable from pods in volume with mappings and Item Mode set [NodeConformance] [Conformance]" classname="E2eNode Suite" time="45.039439971"></testcase>
      <testcase name="[sig-node] Dockershim [Serial] [Disruptive] [Feature:Docker][Legacy:Docker] should remove dangling checkpoint file" classname="E2eNode Suite" time="0">
          <skipped></skipped>
      </testcase>
      <testcase name="[sig-node] HugePages [Serial] [Feature:HugePages][NodeFeature:HugePages] With config updated with hugepages feature enabled should assign hugepages as expected based on the Pod spec" classname="E2eNode Suite" time="0">
          <skipped></skipped>
      </testcase>
      <testcase name="[sig-storage] Projected should be able to mount in a volume regardless of a different secret existing with same name in different namespace [NodeConformance]" classname="E2eNode Suite" time="0">
          <skipped></skipped>
      </testcase>
      <testcase name="[k8s.io] MemoryAllocatableEviction [Slow] [Serial] [Disruptive][NodeFeature:Eviction] when we run containers that should cause MemoryPressure  should eventually evict all of the correct pods" classname="E2eNode Suite" time="0">
          <skipped></skipped>
      </testcase>
      <testcase name="[sig-storage] EmptyDir volumes should support (non-root,0777,tmpfs) [NodeConformance] [Conformance]" classname="E2eNode Suite" time="62.173950528"></testcase>
      <testcase name="[k8s.io] Security Context When creating a pod with readOnlyRootFilesystem should run the container with readonly rootfs when readOnlyRootFilesystem=true [NodeConformance]" classname="E2eNode Suite" time="0">
          <skipped></skipped>
      </testcase>
      <testcase name="[sig-storage] EmptyDir volumes should support (root,0644,tmpfs) [NodeConformance] [Conformance]" classname="E2eNode Suite" time="54.176719679"></testcase>
      <testcase name="[sig-storage] EmptyDir volumes should support (non-root,0777,default) [NodeConformance] [Conformance]" classname="E2eNode Suite" time="36.142602993"></testcase>
      <testcase name="[k8s.io] Probing container should be restarted with a docker exec liveness probe with timeout " classname="E2eNode Suite" time="0">
          <skipped></skipped>
      </testcase>
      <testcase name="[sig-storage] ConfigMap should be consumable from pods in volume as non-root with FSGroup [NodeFeature:FSGroup]" classname="E2eNode Suite" time="0">
          <skipped></skipped>
      </testcase>
      <testcase name="[sig-api-machinery] Downward API should provide default limits.cpu/memory from node allocatable [NodeConformance] [Conformance]" classname="E2eNode Suite" time="50.161381349"></testcase>
      <testcase name="[k8s.io] Container Runtime Conformance Test container runtime conformance blackbox test when starting a container that exits it should run with the expected status [NodeConformance] [Conformance]" classname="E2eNode Suite" time="141.513814118"></testcase>
      <testcase name="[k8s.io] Variable Expansion should allow substituting values in a volume subpath [Feature:VolumeSubpathEnvExpansion][NodeAlphaFeature:VolumeSubpathEnvExpansion]" classname="E2eNode Suite" time="0">
          <skipped></skipped>
      </testcase>
      <testcase name="[sig-network] Networking Granular Checks: Pods should function for node-pod communication: udp [NodeConformance] [Conformance]" classname="E2eNode Suite" time="311.365388247">
          <failure type="Failure">/root/code/kubernetes/src/k8s.io/kubernetes/_output/local/go/src/k8s.io/kubernetes/test/e2e/framework/framework.go:684&#xA;Aug 18 09:13:57.978: Failed to find expected endpoints:&#xA;Tries 31&#xA;Command echo &#39;hostName&#39; | timeout -t 2 nc -w 1 -u 10.88.0.204 8081&#xA;retrieved map[]&#xA;expected map[netserver-0:{}]&#xA;&#xA;/root/code/kubernetes/src/k8s.io/kubernetes/_output/local/go/src/k8s.io/kubernetes/test/e2e/framework/networking_utils.go:337</failure>
          <system-out>[BeforeEach] [sig-network] Networking&#xA;  /root/code/kubernetes/src/k8s.io/kubernetes/_output/local/go/src/k8s.io/kubernetes/test/e2e/framework/framework.go:141&#xA;�[1mSTEP�[0m: Creating a kubernetes client&#xA;�[1mSTEP�[0m: Building a namespace api object&#xA;Aug 18 09:09:11.126: INFO: Skipping waiting for service account&#xA;[It] should function for node-pod communication: udp [NodeConformance] [Conformance]&#xA;  /root/code/kubernetes/src/k8s.io/kubernetes/_output/local/go/src/k8s.io/kubernetes/test/e2e/framework/framework.go:684&#xA;�[1mSTEP�[0m: Performing setup for networking test in namespace e2e-tests-pod-network-test-wbbnc&#xA;�[1mSTEP�[0m: creating a selector&#xA;�[1mSTEP�[0m: Creating the service pods in kubernetes&#xA;Aug 18 09:09:11.126: INFO: Waiting up to 10m0s for all (but 0) nodes to be schedulable&#xA;�[1mSTEP�[0m: Creating test pods&#xA;Aug 18 09:10:17.157: INFO: ExecWithOptions {Command:[/bin/sh -c echo &#39;hostName&#39; | timeout -t 2 nc -w 1 -u 10.88.0.204 8081 | grep -v &#39;^\s*$&#39;] Namespace:e2e-tests-pod-network-test-wbbnc PodName:host-test-container-pod ContainerName:hostexec Stdin:&lt;nil&gt; CaptureStdout:true CaptureStderr:true PreserveWhitespace:false}&#xA;Aug 18 09:10:23.686: INFO: Failed to execute &#34;echo &#39;hostName&#39; | timeout -t 2 nc -w 1 -u 10.88.0.204 8081 | grep -v &#39;^\\s*$&#39;&#34;: command terminated with exit code 1, stdout: &#34;&#34;, stderr: &#34;&#34;&#xA;Aug 18 09:10:23.686: INFO: Waiting for [netserver-0] endpoints (expected=[netserver-0], actual=[])&#xA;Aug 18 09:10:25.689: INFO: ExecWithOptions {Command:[/bin/sh -c echo &#39;hostName&#39; | timeout -t 2 nc -w 1 -u 10.88.0.204 8081 | grep -v &#39;^\s*$&#39;] Namespace:e2e-tests-pod-network-test-wbbnc PodName:host-test-container-pod ContainerName:hostexec Stdin:&lt;nil&gt; CaptureStdout:true CaptureStderr:true PreserveWhitespace:false}&#xA;Aug 18 09:10:57.713: INFO: Failed to execute &#34;echo &#39;hostName&#39; | timeout -t 2 nc -w 1 -u 10.88.0.204 8081 | grep -v &#39;^\\s*$&#39;&#34;: command terminated with exit code 1, stdout: &#34;&#34;, stderr: &#34;&#34;&#xA;Aug 18 09:10:57.713: INFO: Waiting for [netserver-0] endpoints (expected=[netserver-0], actual=[])&#xA;Aug 18 09:10:59.715: INFO: ExecWithOptions {Command:[/bin/sh -c echo &#39;hostName&#39; | timeout -t 2 nc -w 1 -u 10.88.0.204 8081 | grep -v &#39;^\s*$&#39;] Namespace:e2e-tests-pod-network-test-wbbnc PodName:host-test-container-pod ContainerName:hostexec Stdin:&lt;nil&gt; CaptureStdout:true CaptureStderr:true PreserveWhitespace:false}&#xA;Aug 18 09:11:06.460: INFO: Failed to execute &#34;echo &#39;hostName&#39; | timeout -t 2 nc -w 1 -u 10.88.0.204 8081 | grep -v &#39;^\\s*$&#39;&#34;: command terminated with exit code 1, stdout: &#34;&#34;, stderr: &#34;&#34;&#xA;Aug 18 09:11:06.460: INFO: Waiting for [netserver-0] endpoints (expected=[netserver-0], actual=[])&#xA;Aug 18 09:11:08.463: INFO: ExecWithOptions {Command:[/bin/sh -c echo &#39;hostName&#39; | timeout -t 2 nc -w 1 -u 10.88.0.204 8081 | grep -v &#39;^\s*$&#39;] Namespace:e2e-tests-pod-network-test-wbbnc PodName:host-test-container-pod ContainerName:hostexec Stdin:&lt;nil&gt; CaptureStdout:true CaptureStderr:true PreserveWhitespace:false}&#xA;Aug 18 09:11:11.324: INFO: Failed to execute &#34;echo &#39;hostName&#39; | timeout -t 2 nc -w 1 -u 10.88.0.204 8081 | grep -v &#39;^\\s*$&#39;&#34;: command terminated with exit code 1, stdout: &#34;&#34;, stderr: &#34;&#34;&#xA;Aug 18 09:11:11.324: INFO: Waiting for [netserver-0] endpoints (expected=[netserver-0], actual=[])&#xA;Aug 18 09:11:13.326: INFO: ExecWithOptions {Command:[/bin/sh -c echo &#39;hostName&#39; | timeout -t 2 nc -w 1 -u 10.88.0.204 8081 | grep -v &#39;^\s*$&#39;] Namespace:e2e-tests-pod-network-test-wbbnc PodName:host-test-container-pod ContainerName:hostexec Stdin:&lt;nil&gt; CaptureStdout:true CaptureStderr:true PreserveWhitespace:false}&#xA;Aug 18 09:11:16.085: INFO: Failed to execute &#34;echo &#39;hostName&#39; | timeout -t 2 nc -w 1 -u 10.88.0.204 8081 | grep -v &#39;^\\s*$&#39;&#34;: command terminated with exit code 1, stdout: &#34;&#34;, stderr: &#34;&#34;&#xA;Aug 18 09:11:16.085: INFO: Waiting for [netserver-0] endpoints (expected=[netserver-0], actual=[])&#xA;Aug 18 09:11:18.088: INFO: ExecWithOptions {Command:[/bin/sh -c echo &#39;hostName&#39; | timeout -t 2 nc -w 1 -u 10.88.0.204 8081 | grep -v &#39;^\s*$&#39;] Namespace:e2e-tests-pod-network-test-wbbnc PodName:host-test-container-pod ContainerName:hostexec Stdin:&lt;nil&gt; CaptureStdout:true CaptureStderr:true PreserveWhitespace:false}&#xA;Aug 18 09:11:51.607: INFO: Failed to execute &#34;echo &#39;hostName&#39; | timeout -t 2 nc -w 1 -u 10.88.0.204 8081 | grep -v &#39;^\\s*$&#39;&#34;: command terminated with exit code 1, stdout: &#34;&#34;, stderr: &#34;&#34;&#xA;Aug 18 09:11:51.607: INFO: Waiting for [netserver-0] endpoints (expected=[netserver-0], actual=[])&#xA;Aug 18 09:11:53.610: INFO: ExecWithOptions {Command:[/bin/sh -c echo &#39;hostName&#39; | timeout -t 2 nc -w 1 -u 10.88.0.204 8081 | grep -v &#39;^\s*$&#39;] Namespace:e2e-tests-pod-network-test-wbbnc PodName:host-test-container-pod ContainerName:hostexec Stdin:&lt;nil&gt; CaptureStdout:true CaptureStderr:true PreserveWhitespace:false}&#xA;Aug 18 09:11:55.531: INFO: Failed to execute &#34;echo &#39;hostName&#39; | timeout -t 2 nc -w 1 -u 10.88.0.204 8081 | grep -v &#39;^\\s*$&#39;&#34;: command terminated with exit code 1, stdout: &#34;&#34;, stderr: &#34;&#34;&#xA;Aug 18 09:11:55.531: INFO: Waiting for [netserver-0] endpoints (expected=[netserver-0], actual=[])&#xA;Aug 18 09:11:57.534: INFO: ExecWithOptions {Command:[/bin/sh -c echo &#39;hostName&#39; | timeout -t 2 nc -w 1 -u 10.88.0.204 8081 | grep -v &#39;^\s*$&#39;] Namespace:e2e-tests-pod-network-test-wbbnc PodName:host-test-container-pod ContainerName:hostexec Stdin:&lt;nil&gt; CaptureStdout:true CaptureStderr:true PreserveWhitespace:false}&#xA;Aug 18 09:11:57.594: INFO: Failed to execute &#34;echo &#39;hostName&#39; | timeout -t 2 nc -w 1 -u 10.88.0.204 8081 | grep -v &#39;^\\s*$&#39;&#34;: command terminated with exit code 1, stdout: &#34;&#34;, stderr: &#34;&#34;&#xA;Aug 18 09:11:57.594: INFO: Waiting for [netserver-0] endpoints (expected=[netserver-0], actual=[])&#xA;Aug 18 09:11:59.597: INFO: ExecWithOptions {Command:[/bin/sh -c echo &#39;hostName&#39; | timeout -t 2 nc -w 1 -u 10.88.0.204 8081 | grep -v &#39;^\s*$&#39;] Namespace:e2e-tests-pod-network-test-wbbnc PodName:host-test-container-pod ContainerName:hostexec Stdin:&lt;nil&gt; CaptureStdout:true CaptureStderr:true PreserveWhitespace:false}&#xA;Aug 18 09:12:02.605: INFO: Failed to execute &#34;echo &#39;hostName&#39; | timeout -t 2 nc -w 1 -u 10.88.0.204 8081 | grep -v &#39;^\\s*$&#39;&#34;: command terminated with exit code 1, stdout: &#34;&#34;, stderr: &#34;&#34;&#xA;Aug 18 09:12:02.605: INFO: Waiting for [netserver-0] endpoints (expected=[netserver-0], actual=[])&#xA;Aug 18 09:12:04.608: INFO: ExecWithOptions {Command:[/bin/sh -c echo &#39;hostName&#39; | timeout -t 2 nc -w 1 -u 10.88.0.204 8081 | grep -v &#39;^\s*$&#39;] Namespace:e2e-tests-pod-network-test-wbbnc PodName:host-test-container-pod ContainerName:hostexec Stdin:&lt;nil&gt; CaptureStdout:true CaptureStderr:true PreserveWhitespace:false}&#xA;Aug 18 09:12:37.496: INFO: Failed to execute &#34;echo &#39;hostName&#39; | timeout -t 2 nc -w 1 -u 10.88.0.204 8081 | grep -v &#39;^\\s*$&#39;&#34;: command terminated with exit code 1, stdout: &#34;&#34;, stderr: &#34;&#34;&#xA;Aug 18 09:12:37.496: INFO: Waiting for [netserver-0] endpoints (expected=[netserver-0], actual=[])&#xA;Aug 18 09:12:39.498: INFO: ExecWithOptions {Command:[/bin/sh -c echo &#39;hostName&#39; | timeout -t 2 nc -w 1 -u 10.88.0.204 8081 | grep -v &#39;^\s*$&#39;] Namespace:e2e-tests-pod-network-test-wbbnc PodName:host-test-container-pod ContainerName:hostexec Stdin:&lt;nil&gt; CaptureStdout:true CaptureStderr:true PreserveWhitespace:false}&#xA;Aug 18 09:12:40.223: INFO: Failed to execute &#34;echo &#39;hostName&#39; | timeout -t 2 nc -w 1 -u 10.88.0.204 8081 | grep -v &#39;^\\s*$&#39;&#34;: command terminated with exit code 1, stdout: &#34;&#34;, stderr: &#34;&#34;&#xA;Aug 18 09:12:40.223: INFO: Waiting for [netserver-0] endpoints (expected=[netserver-0], actual=[])&#xA;Aug 18 09:12:42.225: INFO: ExecWithOptions {Command:[/bin/sh -c echo &#39;hostName&#39; | timeout -t 2 nc -w 1 -u 10.88.0.204 8081 | grep -v &#39;^\s*$&#39;] Namespace:e2e-tests-pod-network-test-wbbnc PodName:host-test-container-pod ContainerName:hostexec Stdin:&lt;nil&gt; CaptureStdout:true CaptureStderr:true PreserveWhitespace:false}&#xA;Aug 18 09:12:45.220: INFO: Failed to execute &#34;echo &#39;hostName&#39; | timeout -t 2 nc -w 1 -u 10.88.0.204 8081 | grep -v &#39;^\\s*$&#39;&#34;: command terminated with exit code 1, stdout: &#34;&#34;, stderr: &#34;&#34;&#xA;Aug 18 09:12:45.220: INFO: Waiting for [netserver-0] endpoints (expected=[netserver-0], actual=[])&#xA;Aug 18 09:12:47.222: INFO: ExecWithOptions {Command:[/bin/sh -c echo &#39;hostName&#39; | timeout -t 2 nc -w 1 -u 10.88.0.204 8081 | grep -v &#39;^\s*$&#39;] Namespace:e2e-tests-pod-network-test-wbbnc PodName:host-test-container-pod ContainerName:hostexec Stdin:&lt;nil&gt; CaptureStdout:true CaptureStderr:true PreserveWhitespace:false}&#xA;Aug 18 09:12:54.276: INFO: Failed to execute &#34;echo &#39;hostName&#39; | timeout -t 2 nc -w 1 -u 10.88.0.204 8081 | grep -v &#39;^\\s*$&#39;&#34;: command terminated with exit code 1, stdout: &#34;&#34;, stderr: &#34;&#34;&#xA;Aug 18 09:12:54.276: INFO: Waiting for [netserver-0] endpoints (expected=[netserver-0], actual=[])&#xA;Aug 18 09:12:56.279: INFO: ExecWithOptions {Command:[/bin/sh -c echo &#39;hostName&#39; | timeout -t 2 nc -w 1 -u 10.88.0.204 8081 | grep -v &#39;^\s*$&#39;] Namespace:e2e-tests-pod-network-test-wbbnc PodName:host-test-container-pod ContainerName:hostexec Stdin:&lt;nil&gt; CaptureStdout:true CaptureStderr:true PreserveWhitespace:false}&#xA;Aug 18 09:12:57.121: INFO: Failed to execute &#34;echo &#39;hostName&#39; | timeout -t 2 nc -w 1 -u 10.88.0.204 8081 | grep -v &#39;^\\s*$&#39;&#34;: command terminated with exit code 1, stdout: &#34;&#34;, stderr: &#34;&#34;&#xA;Aug 18 09:12:57.121: INFO: Waiting for [netserver-0] endpoints (expected=[netserver-0], actual=[])&#xA;Aug 18 09:12:59.124: INFO: ExecWithOptions {Command:[/bin/sh -c echo &#39;hostName&#39; | timeout -t 2 nc -w 1 -u 10.88.0.204 8081 | grep -v &#39;^\s*$&#39;] Namespace:e2e-tests-pod-network-test-wbbnc PodName:host-test-container-pod ContainerName:hostexec Stdin:&lt;nil&gt; CaptureStdout:true CaptureStderr:true PreserveWhitespace:false}&#xA;Aug 18 09:12:59.851: INFO: Failed to execute &#34;echo &#39;hostName&#39; | timeout -t 2 nc -w 1 -u 10.88.0.204 8081 | grep -v &#39;^\\s*$&#39;&#34;: command terminated with exit code 1, stdout: &#34;&#34;, stderr: &#34;&#34;&#xA;Aug 18 09:12:59.851: INFO: Waiting for [netserver-0] endpoints (expected=[netserver-0], actual=[])&#xA;Aug 18 09:13:01.854: INFO: ExecWithOptions {Command:[/bin/sh -c echo &#39;hostName&#39; | timeout -t 2 nc -w 1 -u 10.88.0.204 8081 | grep -v &#39;^\s*$&#39;] Namespace:e2e-tests-pod-network-test-wbbnc PodName:host-test-container-pod ContainerName:hostexec Stdin:&lt;nil&gt; CaptureStdout:true CaptureStderr:true PreserveWhitespace:false}&#xA;Aug 18 09:13:04.889: INFO: Failed to execute &#34;echo &#39;hostName&#39; | timeout -t 2 nc -w 1 -u 10.88.0.204 8081 | grep -v &#39;^\\s*$&#39;&#34;: command terminated with exit code 1, stdout: &#34;&#34;, stderr: &#34;&#34;&#xA;Aug 18 09:13:04.889: INFO: Waiting for [netserver-0] endpoints (expected=[netserver-0], actual=[])&#xA;Aug 18 09:13:06.891: INFO: ExecWithOptions {Command:[/bin/sh -c echo &#39;hostName&#39; | timeout -t 2 nc -w 1 -u 10.88.0.204 8081 | grep -v &#39;^\s*$&#39;] Namespace:e2e-tests-pod-network-test-wbbnc PodName:host-test-container-pod ContainerName:hostexec Stdin:&lt;nil&gt; CaptureStdout:true CaptureStderr:true PreserveWhitespace:false}&#xA;Aug 18 09:13:08.861: INFO: Failed to execute &#34;echo &#39;hostName&#39; | timeout -t 2 nc -w 1 -u 10.88.0.204 8081 | grep -v &#39;^\\s*$&#39;&#34;: command terminated with exit code 1, stdout: &#34;&#34;, stderr: &#34;&#34;&#xA;Aug 18 09:13:08.861: INFO: Waiting for [netserver-0] endpoints (expected=[netserver-0], actual=[])&#xA;Aug 18 09:13:10.863: INFO: ExecWithOptions {Command:[/bin/sh -c echo &#39;hostName&#39; | timeout -t 2 nc -w 1 -u 10.88.0.204 8081 | grep -v &#39;^\s*$&#39;] Namespace:e2e-tests-pod-network-test-wbbnc PodName:host-test-container-pod ContainerName:hostexec Stdin:&lt;nil&gt; CaptureStdout:true CaptureStderr:true PreserveWhitespace:false}&#xA;Aug 18 09:13:13.735: INFO: Failed to execute &#34;echo &#39;hostName&#39; | timeout -t 2 nc -w 1 -u 10.88.0.204 8081 | grep -v &#39;^\\s*$&#39;&#34;: command terminated with exit code 1, stdout: &#34;&#34;, stderr: &#34;&#34;&#xA;Aug 18 09:13:13.736: INFO: Waiting for [netserver-0] endpoints (expected=[netserver-0], actual=[])&#xA;Aug 18 09:13:15.740: INFO: ExecWithOptions {Command:[/bin/sh -c echo &#39;hostName&#39; | timeout -t 2 nc -w 1 -u 10.88.0.204 8081 | grep -v &#39;^\s*$&#39;] Namespace:e2e-tests-pod-network-test-wbbnc PodName:host-test-container-pod ContainerName:hostexec Stdin:&lt;nil&gt; CaptureStdout:true CaptureStderr:true PreserveWhitespace:false}&#xA;Aug 18 09:13:17.925: INFO: Failed to execute &#34;echo &#39;hostName&#39; | timeout -t 2 nc -w 1 -u 10.88.0.204 8081 | grep -v &#39;^\\s*$&#39;&#34;: command terminated with exit code 1, stdout: &#34;&#34;, stderr: &#34;&#34;&#xA;Aug 18 09:13:17.925: INFO: Waiting for [netserver-0] endpoints (expected=[netserver-0], actual=[])&#xA;Aug 18 09:13:19.927: INFO: ExecWithOptions {Command:[/bin/sh -c echo &#39;hostName&#39; | timeout -t 2 nc -w 1 -u 10.88.0.204 8081 | grep -v &#39;^\s*$&#39;] Namespace:e2e-tests-pod-network-test-wbbnc PodName:host-test-container-pod ContainerName:hostexec Stdin:&lt;nil&gt; CaptureStdout:true CaptureStderr:true PreserveWhitespace:false}&#xA;Aug 18 09:13:19.998: INFO: Failed to execute &#34;echo &#39;hostName&#39; | timeout -t 2 nc -w 1 -u 10.88.0.204 8081 | grep -v &#39;^\\s*$&#39;&#34;: command terminated with exit code 1, stdout: &#34;&#34;, stderr: &#34;&#34;&#xA;Aug 18 09:13:19.998: INFO: Waiting for [netserver-0] endpoints (expected=[netserver-0], actual=[])&#xA;Aug 18 09:13:22.000: INFO: ExecWithOptions {Command:[/bin/sh -c echo &#39;hostName&#39; | timeout -t 2 nc -w 1 -u 10.88.0.204 8081 | grep -v &#39;^\s*$&#39;] Namespace:e2e-tests-pod-network-test-wbbnc PodName:host-test-container-pod ContainerName:hostexec Stdin:&lt;nil&gt; CaptureStdout:true CaptureStderr:true PreserveWhitespace:false}&#xA;Aug 18 09:13:28.768: INFO: Failed to execute &#34;echo &#39;hostName&#39; | timeout -t 2 nc -w 1 -u 10.88.0.204 8081 | grep -v &#39;^\\s*$&#39;&#34;: command terminated with exit code 1, stdout: &#34;&#34;, stderr: &#34;&#34;&#xA;Aug 18 09:13:28.768: INFO: Waiting for [netserver-0] endpoints (expected=[netserver-0], actual=[])&#xA;Aug 18 09:13:30.771: INFO: ExecWithOptions {Command:[/bin/sh -c echo &#39;hostName&#39; | timeout -t 2 nc -w 1 -u 10.88.0.204 8081 | grep -v &#39;^\s*$&#39;] Namespace:e2e-tests-pod-network-test-wbbnc PodName:host-test-container-pod ContainerName:hostexec Stdin:&lt;nil&gt; CaptureStdout:true CaptureStderr:true PreserveWhitespace:false}&#xA;Aug 18 09:13:31.610: INFO: Failed to execute &#34;echo &#39;hostName&#39; | timeout -t 2 nc -w 1 -u 10.88.0.204 8081 | grep -v &#39;^\\s*$&#39;&#34;: command terminated with exit code 1, stdout: &#34;&#34;, stderr: &#34;&#34;&#xA;Aug 18 09:13:31.610: INFO: Waiting for [netserver-0] endpoints (expected=[netserver-0], actual=[])&#xA;Aug 18 09:13:33.613: INFO: ExecWithOptions {Command:[/bin/sh -c echo &#39;hostName&#39; | timeout -t 2 nc -w 1 -u 10.88.0.204 8081 | grep -v &#39;^\s*$&#39;] Namespace:e2e-tests-pod-network-test-wbbnc PodName:host-test-container-pod ContainerName:hostexec Stdin:&lt;nil&gt; CaptureStdout:true CaptureStderr:true PreserveWhitespace:false}&#xA;Aug 18 09:13:33.673: INFO: Failed to execute &#34;echo &#39;hostName&#39; | timeout -t 2 nc -w 1 -u 10.88.0.204 8081 | grep -v &#39;^\\s*$&#39;&#34;: command terminated with exit code 1, stdout: &#34;&#34;, stderr: &#34;&#34;&#xA;Aug 18 09:13:33.673: INFO: Waiting for [netserver-0] endpoints (expected=[netserver-0], actual=[])&#xA;Aug 18 09:13:35.675: INFO: ExecWithOptions {Command:[/bin/sh -c echo &#39;hostName&#39; | timeout -t 2 nc -w 1 -u 10.88.0.204 8081 | grep -v &#39;^\s*$&#39;] Namespace:e2e-tests-pod-network-test-wbbnc PodName:host-test-container-pod ContainerName:hostexec Stdin:&lt;nil&gt; CaptureStdout:true CaptureStderr:true PreserveWhitespace:false}&#xA;Aug 18 09:13:35.736: INFO: Failed to execute &#34;echo &#39;hostName&#39; | timeout -t 2 nc -w 1 -u 10.88.0.204 8081 | grep -v &#39;^\\s*$&#39;&#34;: command terminated with exit code 1, stdout: &#34;&#34;, stderr: &#34;&#34;&#xA;Aug 18 09:13:35.736: INFO: Waiting for [netserver-0] endpoints (expected=[netserver-0], actual=[])&#xA;Aug 18 09:13:37.739: INFO: ExecWithOptions {Command:[/bin/sh -c echo &#39;hostName&#39; | timeout -t 2 nc -w 1 -u 10.88.0.204 8081 | grep -v &#39;^\s*$&#39;] Namespace:e2e-tests-pod-network-test-wbbnc PodName:host-test-container-pod ContainerName:hostexec Stdin:&lt;nil&gt; CaptureStdout:true CaptureStderr:true PreserveWhitespace:false}&#xA;Aug 18 09:13:37.802: INFO: Failed to execute &#34;echo &#39;hostName&#39; | timeout -t 2 nc -w 1 -u 10.88.0.204 8081 | grep -v &#39;^\\s*$&#39;&#34;: command terminated with exit code 1, stdout: &#34;&#34;, stderr: &#34;&#34;&#xA;Aug 18 09:13:37.802: INFO: Waiting for [netserver-0] endpoints (expected=[netserver-0], actual=[])&#xA;Aug 18 09:13:39.804: INFO: ExecWithOptions {Command:[/bin/sh -c echo &#39;hostName&#39; | timeout -t 2 nc -w 1 -u 10.88.0.204 8081 | grep -v &#39;^\s*$&#39;] Namespace:e2e-tests-pod-network-test-wbbnc PodName:host-test-container-pod ContainerName:hostexec Stdin:&lt;nil&gt; CaptureStdout:true CaptureStderr:true PreserveWhitespace:false}&#xA;Aug 18 09:13:42.083: INFO: Failed to execute &#34;echo &#39;hostName&#39; | timeout -t 2 nc -w 1 -u 10.88.0.204 8081 | grep -v &#39;^\\s*$&#39;&#34;: command terminated with exit code 1, stdout: &#34;&#34;, stderr: &#34;&#34;&#xA;Aug 18 09:13:42.083: INFO: Waiting for [netserver-0] endpoints (expected=[netserver-0], actual=[])&#xA;Aug 18 09:13:44.085: INFO: ExecWithOptions {Command:[/bin/sh -c echo &#39;hostName&#39; | timeout -t 2 nc -w 1 -u 10.88.0.204 8081 | grep -v &#39;^\s*$&#39;] Namespace:e2e-tests-pod-network-test-wbbnc PodName:host-test-container-pod ContainerName:hostexec Stdin:&lt;nil&gt; CaptureStdout:true CaptureStderr:true PreserveWhitespace:false}&#xA;Aug 18 09:13:47.718: INFO: Failed to execute &#34;echo &#39;hostName&#39; | timeout -t 2 nc -w 1 -u 10.88.0.204 8081 | grep -v &#39;^\\s*$&#39;&#34;: command terminated with exit code 1, stdout: &#34;&#34;, stderr: &#34;&#34;&#xA;Aug 18 09:13:47.718: INFO: Waiting for [netserver-0] endpoints (expected=[netserver-0], actual=[])&#xA;Aug 18 09:13:49.721: INFO: ExecWithOptions {Command:[/bin/sh -c echo &#39;hostName&#39; | timeout -t 2 nc -w 1 -u 10.88.0.204 8081 | grep -v &#39;^\s*$&#39;] Namespace:e2e-tests-pod-network-test-wbbnc PodName:host-test-container-pod ContainerName:hostexec Stdin:&lt;nil&gt; CaptureStdout:true CaptureStderr:true PreserveWhitespace:false}&#xA;Aug 18 09:13:49.784: INFO: Failed to execute &#34;echo &#39;hostName&#39; | timeout -t 2 nc -w 1 -u 10.88.0.204 8081 | grep -v &#39;^\\s*$&#39;&#34;: command terminated with exit code 1, stdout: &#34;&#34;, stderr: &#34;&#34;&#xA;Aug 18 09:13:49.784: INFO: Waiting for [netserver-0] endpoints (expected=[netserver-0], actual=[])&#xA;Aug 18 09:13:51.786: INFO: ExecWithOptions {Command:[/bin/sh -c echo &#39;hostName&#39; | timeout -t 2 nc -w 1 -u 10.88.0.204 8081 | grep -v &#39;^\s*$&#39;] Namespace:e2e-tests-pod-network-test-wbbnc PodName:host-test-container-pod ContainerName:hostexec Stdin:&lt;nil&gt; CaptureStdout:true CaptureStderr:true PreserveWhitespace:false}&#xA;Aug 18 09:13:51.844: INFO: Failed to execute &#34;echo &#39;hostName&#39; | timeout -t 2 nc -w 1 -u 10.88.0.204 8081 | grep -v &#39;^\\s*$&#39;&#34;: command terminated with exit code 1, stdout: &#34;&#34;, stderr: &#34;&#34;&#xA;Aug 18 09:13:51.844: INFO: Waiting for [netserver-0] endpoints (expected=[netserver-0], actual=[])&#xA;Aug 18 09:13:53.846: INFO: ExecWithOptions {Command:[/bin/sh -c echo &#39;hostName&#39; | timeout -t 2 nc -w 1 -u 10.88.0.204 8081 | grep -v &#39;^\s*$&#39;] Namespace:e2e-tests-pod-network-test-wbbnc PodName:host-test-container-pod ContainerName:hostexec Stdin:&lt;nil&gt; CaptureStdout:true CaptureStderr:true PreserveWhitespace:false}&#xA;Aug 18 09:13:53.912: INFO: Failed to execute &#34;echo &#39;hostName&#39; | timeout -t 2 nc -w 1 -u 10.88.0.204 8081 | grep -v &#39;^\\s*$&#39;&#34;: command terminated with exit code 1, stdout: &#34;&#34;, stderr: &#34;&#34;&#xA;Aug 18 09:13:53.912: INFO: Waiting for [netserver-0] endpoints (expected=[netserver-0], actual=[])&#xA;Aug 18 09:13:55.916: INFO: ExecWithOptions {Command:[/bin/sh -c echo &#39;hostName&#39; | timeout -t 2 nc -w 1 -u 10.88.0.204 8081 | grep -v &#39;^\s*$&#39;] Namespace:e2e-tests-pod-network-test-wbbnc PodName:host-test-container-pod ContainerName:hostexec Stdin:&lt;nil&gt; CaptureStdout:true CaptureStderr:true PreserveWhitespace:false}&#xA;Aug 18 09:13:55.977: INFO: Failed to execute &#34;echo &#39;hostName&#39; | timeout -t 2 nc -w 1 -u 10.88.0.204 8081 | grep -v &#39;^\\s*$&#39;&#34;: command terminated with exit code 1, stdout: &#34;&#34;, stderr: &#34;&#34;&#xA;Aug 18 09:13:55.977: INFO: Waiting for [netserver-0] endpoints (expected=[netserver-0], actual=[])&#xA;Aug 18 09:13:57.977: INFO: &#xA;Output of kubectl describe pod e2e-tests-pod-network-test-wbbnc/netserver-0:&#xA;&#xA;Aug 18 09:13:57.977: INFO: Running &#39; --server=http://127.0.0.1:8080 describe pod netserver-0 --namespace=e2e-tests-pod-network-test-wbbnc&#39;&#xA;Aug 18 09:13:57.978: INFO: &#xA;Aug 18 09:13:57.978: INFO: Failed to find expected endpoints:&#xA;Tries 31&#xA;Command echo &#39;hostName&#39; | timeout -t 2 nc -w 1 -u 10.88.0.204 8081&#xA;retrieved map[]&#xA;expected map[netserver-0:{}]&#xA;&#xA;[AfterEach] [sig-network] Networking&#xA;  /root/code/kubernetes/src/k8s.io/kubernetes/_output/local/go/src/k8s.io/kubernetes/test/e2e/framework/framework.go:142&#xA;�[1mSTEP�[0m: Collecting events from namespace &#34;e2e-tests-pod-network-test-wbbnc&#34;.&#xA;�[1mSTEP�[0m: Found 9 events.&#xA;Aug 18 09:13:57.983: INFO: At 2018-08-18 09:09:15 +0000 UTC - event for netserver-0: {kubelet kata-shim-v2} Pulled: Container image &#34;gcr.io/kubernetes-e2e-test-images/netexec-amd64:1.0&#34; already present on machine&#xA;Aug 18 09:13:57.983: INFO: At 2018-08-18 09:09:15 +0000 UTC - event for netserver-0: {kubelet kata-shim-v2} Created: Created container&#xA;Aug 18 09:13:57.983: INFO: At 2018-08-18 09:09:18 +0000 UTC - event for netserver-0: {kubelet kata-shim-v2} Started: Started container&#xA;Aug 18 09:13:57.983: INFO: At 2018-08-18 09:09:36 +0000 UTC - event for host-test-container-pod: {kubelet kata-shim-v2} Pulled: Container image &#34;gcr.io/kubernetes-e2e-test-images/hostexec-amd64:1.1&#34; already present on machine&#xA;Aug 18 09:13:57.983: INFO: At 2018-08-18 09:09:36 +0000 UTC - event for host-test-container-pod: {kubelet kata-shim-v2} Created: Created container&#xA;Aug 18 09:13:57.983: INFO: At 2018-08-18 09:09:39 +0000 UTC - event for host-test-container-pod: {kubelet kata-shim-v2} Started: Started container&#xA;Aug 18 09:13:57.983: INFO: At 2018-08-18 09:09:40 +0000 UTC - event for test-container-pod: {kubelet kata-shim-v2} Pulled: Container image &#34;gcr.io/kubernetes-e2e-test-images/netexec-amd64:1.0&#34; already present on machine&#xA;Aug 18 09:13:57.983: INFO: At 2018-08-18 09:09:40 +0000 UTC - event for test-container-pod: {kubelet kata-shim-v2} Created: Created container&#xA;Aug 18 09:13:57.983: INFO: At 2018-08-18 09:09:43 +0000 UTC - event for test-container-pod: {kubelet kata-shim-v2} Started: Started container&#xA;Aug 18 09:13:57.989: INFO: POD                                                            NODE          PHASE    GRACE  CONDITIONS&#xA;Aug 18 09:13:57.989: INFO: pod-configmaps-c22e0fa2-a2c6-11e8-b9ad-42010a8c0005            kata-shim-v2  Running         [{Initialized True 0001-01-01 00:00:00 +0000 UTC 2018-08-18 09:11:57 +0000 UTC  } {Ready True 0001-01-01 00:00:00 +0000 UTC 2018-08-18 09:12:40 +0000 UTC  } {ContainersReady True 0001-01-01 00:00:00 +0000 UTC 0001-01-01 00:00:00 +0000 UTC  } {PodScheduled True 0001-01-01 00:00:00 +0000 UTC 2018-08-18 09:11:57 +0000 UTC  }]&#xA;Aug 18 09:13:57.989: INFO: liveness-exec                                                  kata-shim-v2  Running         [{Initialized True 0001-01-01 00:00:00 +0000 UTC 2018-08-18 09:13:08 +0000 UTC  } {Ready True 0001-01-01 00:00:00 +0000 UTC 2018-08-18 09:13:17 +0000 UTC  } {ContainersReady True 0001-01-01 00:00:00 +0000 UTC 0001-01-01 00:00:00 +0000 UTC  } {PodScheduled True 0001-01-01 00:00:00 +0000 UTC 2018-08-18 09:13:08 +0000 UTC  }]&#xA;Aug 18 09:13:57.989: INFO: liveness-http                                                  kata-shim-v2  Running         [{Initialized True 0001-01-01 00:00:00 +0000 UTC 2018-08-18 09:11:16 +0000 UTC  } {Ready True 0001-01-01 00:00:00 +0000 UTC 2018-08-18 09:11:55 +0000 UTC  } {ContainersReady True 0001-01-01 00:00:00 +0000 UTC 0001-01-01 00:00:00 +0000 UTC  } {PodScheduled True 0001-01-01 00:00:00 +0000 UTC 2018-08-18 09:11:16 +0000 UTC  }]&#xA;Aug 18 09:13:57.989: INFO: client-containers-08a2d158-a2c7-11e8-a548-42010a8c0005         kata-shim-v2  Pending         [{Initialized True 0001-01-01 00:00:00 +0000 UTC 2018-08-18 09:13:56 +0000 UTC  } {Ready False 0001-01-01 00:00:00 +0000 UTC 2018-08-18 09:13:56 +0000 UTC ContainersNotReady containers with unready status: [test-container]} {ContainersReady False 0001-01-01 00:00:00 +0000 UTC 0001-01-01 00:00:00 +0000 UTC ContainersNotReady containers with unready status: [test-container]} {PodScheduled True 0001-01-01 00:00:00 +0000 UTC 2018-08-18 09:13:56 +0000 UTC  }]&#xA;Aug 18 09:13:57.989: INFO: host-test-container-pod                                        kata-shim-v2  Running         [{Initialized True 0001-01-01 00:00:00 +0000 UTC 2018-08-18 09:10:16 +0000 UTC  } {Ready True 0001-01-01 00:00:00 +0000 UTC 2018-08-18 09:10:57 +0000 UTC  } {ContainersReady True 0001-01-01 00:00:00 +0000 UTC 0001-01-01 00:00:00 +0000 UTC  } {PodScheduled True 0001-01-01 00:00:00 +0000 UTC 2018-08-18 09:10:16 +0000 UTC  }]&#xA;Aug 18 09:13:57.989: INFO: netserver-0                                                    kata-shim-v2  Running         [{Initialized True 0001-01-01 00:00:00 +0000 UTC 2018-08-18 09:09:15 +0000 UTC  } {Ready True 0001-01-01 00:00:00 +0000 UTC 2018-08-18 09:09:41 +0000 UTC  } {ContainersReady True 0001-01-01 00:00:00 +0000 UTC 0001-01-01 00:00:00 +0000 UTC  } {PodScheduled True 0001-01-01 00:00:00 +0000 UTC 2018-08-18 09:09:15 +0000 UTC  }]&#xA;Aug 18 09:13:57.989: INFO: test-container-pod                                             kata-shim-v2  Running         [{Initialized True 0001-01-01 00:00:00 +0000 UTC 2018-08-18 09:10:16 +0000 UTC  } {Ready True 0001-01-01 00:00:00 +0000 UTC 2018-08-18 09:10:57 +0000 UTC  } {ContainersReady True 0001-01-01 00:00:00 +0000 UTC 0001-01-01 00:00:00 +0000 UTC  } {PodScheduled True 0001-01-01 00:00:00 +0000 UTC 2018-08-18 09:10:16 +0000 UTC  }]&#xA;Aug 18 09:13:57.989: INFO: host-test-container-pod                                        kata-shim-v2  Running         [{Initialized True 0001-01-01 00:00:00 +0000 UTC 2018-08-18 09:09:32 +0000 UTC  } {Ready True 0001-01-01 00:00:00 +0000 UTC 2018-08-18 09:09:40 +0000 UTC  } {ContainersReady True 0001-01-01 00:00:00 +0000 UTC 0001-01-01 00:00:00 +0000 UTC  } {PodScheduled True 0001-01-01 00:00:00 +0000 UTC 2018-08-18 09:09:32 +0000 UTC  }]&#xA;Aug 18 09:13:57.989: INFO: netserver-0                                                    kata-shim-v2  Running         [{Initialized True 0001-01-01 00:00:00 +0000 UTC 2018-08-18 09:09:11 +0000 UTC  } {Ready True 0001-01-01 00:00:00 +0000 UTC 2018-08-18 09:09:28 +0000 UTC  } {ContainersReady True 0001-01-01 00:00:00 +0000 UTC 0001-01-01 00:00:00 +0000 UTC  } {PodScheduled True 0001-01-01 00:00:00 +0000 UTC 2018-08-18 09:09:11 +0000 UTC  }]&#xA;Aug 18 09:13:57.989: INFO: test-container-pod                                             kata-shim-v2  Running         [{Initialized True 0001-01-01 00:00:00 +0000 UTC 2018-08-18 09:09:32 +0000 UTC  } {Ready True 0001-01-01 00:00:00 +0000 UTC 2018-08-18 09:10:16 +0000 UTC  } {ContainersReady True 0001-01-01 00:00:00 +0000 UTC 0001-01-01 00:00:00 +0000 UTC  } {PodScheduled True 0001-01-01 00:00:00 +0000 UTC 2018-08-18 09:09:32 +0000 UTC  }]&#xA;Aug 18 09:13:57.989: INFO: pod-projected-configmaps-df153019-a2c6-11e8-aff5-42010a8c0005  kata-shim-v2  Running         [{Initialized True 0001-01-01 00:00:00 +0000 UTC 2018-08-18 09:12:46 +0000 UTC  } {Ready True 0001-01-01 00:00:00 +0000 UTC 2018-08-18 09:12:59 +0000 UTC  } {ContainersReady True 0001-01-01 00:00:00 +0000 UTC 0001-01-01 00:00:00 +0000 UTC  } {PodScheduled True 0001-01-01 00:00:00 +0000 UTC 2018-08-18 09:12:46 +0000 UTC  }]&#xA;Aug 18 09:13:57.989: INFO: pod-secrets-091347d3-a2c7-11e8-aca5-42010a8c0005               kata-shim-v2  Pending         []&#xA;Aug 18 09:13:57.989: INFO: &#xA;Aug 18 09:13:57.991: INFO: &#xA;Logging node info for node kata-shim-v2&#xA;Aug 18 09:13:57.994: INFO: Node Info: &amp;Node{ObjectMeta:k8s_io_apimachinery_pkg_apis_meta_v1.ObjectMeta{Name:kata-shim-v2,GenerateName:,Namespace:,SelfLink:/api/v1/nodes/kata-shim-v2,UID:767fc77c-a2c5-11e8-ae95-42010a8c0005,ResourceVersion:1654,Generation:0,CreationTimestamp:2018-08-18 09:02:41 +0000 UTC,DeletionTimestamp:&lt;nil&gt;,DeletionGracePeriodSeconds:nil,Labels:map[string]string{beta.kubernetes.io/arch: amd64,beta.kubernetes.io/os: linux,kubernetes.io/hostname: kata-shim-v2,},Annotations:map[string]string{volumes.kubernetes.io/controller-managed-attach-detach: true,},OwnerReferences:[],Finalizers:[],ClusterName:,Initializers:nil,},Spec:NodeSpec{PodCIDR:,DoNotUse_ExternalID:,ProviderID:,Unschedulable:false,Taints:[],ConfigSource:nil,},Status:NodeStatus{Capacity:ResourceList{cpu: {{16 0} {&lt;nil&gt;} 16 DecimalSI},ephemeral-storage: {{62386053120 0} {&lt;nil&gt;}  BinarySI},hugepages-1Gi: {{0 0} {&lt;nil&gt;} 0 DecimalSI},hugepages-2Mi: {{0 0} {&lt;nil&gt;} 0 DecimalSI},memory: {{63323955200 0} {&lt;nil&gt;}  BinarySI},pods: {{110 0} {&lt;nil&gt;} 110 DecimalSI},},Allocatable:ResourceList{cpu: {{16 0} {&lt;nil&gt;} 16 DecimalSI},ephemeral-storage: {{56147447716 0} {&lt;nil&gt;} 56147447716 DecimalSI},hugepages-1Gi: {{0 0} {&lt;nil&gt;} 0 DecimalSI},hugepages-2Mi: {{0 0} {&lt;nil&gt;} 0 DecimalSI},memory: {{63061811200 0} {&lt;nil&gt;}  BinarySI},pods: {{110 0} {&lt;nil&gt;} 110 DecimalSI},},Phase:,Conditions:[{OutOfDisk False 2018-08-18 09:13:52 +0000 UTC 2018-08-18 09:02:41 +0000 UTC KubeletHasSufficientDisk kubelet has sufficient disk space available} {MemoryPressure False 2018-08-18 09:13:52 +0000 UTC 2018-08-18 09:02:41 +0000 UTC KubeletHasSufficientMemory kubelet has sufficient memory available} {DiskPressure False 2018-08-18 09:13:52 +0000 UTC 2018-08-18 09:02:41 +0000 UTC KubeletHasNoDiskPressure kubelet has no disk pressure} {PIDPressure False 2018-08-18 09:13:52 +0000 UTC 2018-08-18 09:02:41 +0000 UTC KubeletHasSufficientPID kubelet has sufficient PID available} {Ready True 2018-08-18 09:13:52 +0000 UTC 2018-08-18 09:02:41 +0000 UTC KubeletReady kubelet is posting ready status. AppArmor enabled}],Addresses:[{InternalIP 10.140.0.5} {Hostname kata-shim-v2}],DaemonEndpoints:NodeDaemonEndpoints{KubeletEndpoint:DaemonEndpoint{Port:10250,},},NodeInfo:NodeSystemInfo{MachineID:27b9052925f7957f5baaabcb28d6e94e,SystemUUID:8AFFCE9E-43B8-8EE6-4B6B-4E9E852D338B,BootID:396483bb-c172-4768-afad-b5baea2cf1a6,KernelVersion:4.15.0-1017-gcp,OSImage:Ubuntu 16.04.5 LTS,ContainerRuntimeVersion:containerd://1.11.0-26-g58eb045-TEST,KubeletVersion:v1.11.0,KubeProxyVersion:v1.11.0,OperatingSystem:linux,Architecture:amd64,},Images:[{[k8s.gcr.io/nginx-slim-amd64@sha256:6654db6d4028756062edac466454ee5c9cf9b20ef79e35a81e3c840031eb1e2b k8s.gcr.io/nginx-slim-amd64:0.20] 46221874} {[docker.io/library/nginx@sha256:d85914d547a6c92faa39ce7058bd7529baacab7e0cd4255442b04577c4d1f424 docker.io/library/nginx:latest] 44632839} {[gcr.io/cri-tools/hostnet-nginx@sha256:d629efc3a5de1fe63bac3d877ed642968add1e795260b71a40802a3e9e3c5371 gcr.io/cri-tools/hostnet-nginx:latest] 44523662} {[gcr.io/kubernetes-e2e-test-images/hostexec-amd64@sha256:e1dadb772c6132e3587fc41b8c07facd81ee7c4e74508891b5d98d45b85462e9 gcr.io/kubernetes-e2e-test-images/hostexec-amd64:1.1] 3852953} {[gcr.io/kubernetes-e2e-test-images/netexec-amd64@sha256:da1c165175d5589ed70384e406a0291b6f76d53fc99e2c31ae23003e11e5bfde gcr.io/kubernetes-e2e-test-images/netexec-amd64:1.0] 2788992} {[gcr.io/google_containers/nonewprivs@sha256:a343c87a3611810956279be783986ab0771c460d3b7a967cccc64e66ccfb1820 gcr.io/google_containers/nonewprivs:1.2] 2647477} {[docker.io/library/alpine@sha256:2f9dfa6adf602d3d7379f11f3d4fd0b7b4d1c526616ee7c0fd5e553a72e4bf79 docker.io/library/alpine:3.1] 2306961} {[gcr.io/kubernetes-e2e-test-images/serve-hostname-amd64@sha256:2dd4032e98a0450d95a0ac71a5e465f542a900812d8c41bc6ca635aed1a5fc91 gcr.io/kubernetes-e2e-test-images/serve-hostname-amd64:1.0] 2274820} {[gcr.io/kubernetes-e2e-test-images/test-webserver-amd64@sha256:8da73e44d6870f86e0e6a87b2e07829470465afbb6febeb900296d99510789ce gcr.io/kubernetes-e2e-test-images/test-webserver-amd64:1.0] 1789498} {[gcr.io/kubernetes-e2e-test-images/liveness-amd64@sha256:0a64aa5318ade9f4ed6cd625d8dffdb4ac6a411da30694c53809e99a65de9eff gcr.io/kubernetes-e2e-test-images/liveness-amd64:1.0] 1741561} {[gcr.io/kubernetes-e2e-test-images/entrypoint-tester-amd64@sha256:ef1e5bf4aa80f899f51d173dfcc3106e8daf4c78c28be135b1d421c97f4c9354 gcr.io/kubernetes-e2e-test-images/entrypoint-tester-amd64:1.0] 1038249} {[docker.io/library/busybox@sha256:cb63aa0641a885f54de20f61d152187419e8f6b159ed11a251a09d115fdff9bd docker.io/library/busybox:latest] 737964} {[docker.io/library/busybox@sha256:141c253bc4c3fd0a201d32dc1f493bcf3fff003b6df416dea4f41046e0f37d47 docker.io/library/busybox:1.28] 727869} {[gcr.io/kubernetes-e2e-test-images/mounttest-amd64@sha256:e3e75014e6df02dc21e6fb95f93b989a2ff8a91f36ae88d74eccbabaa21fc211 gcr.io/kubernetes-e2e-test-images/mounttest-amd64:1.0] 597676} {[gcr.io/kubernetes-e2e-test-images/mounttest-user-amd64@sha256:1ac490f1442cad4b1c886527470393c71302cc62f5e3304fb08854403cbc68dc gcr.io/kubernetes-e2e-test-images/mounttest-user-amd64:1.0] 537644} {[k8s.gcr.io/pause@sha256:f78411e19d84a252e53bff71a4407a5686c46983a2c2eeed83929b888179acea k8s.gcr.io/pause:3.1] 317164}],VolumesInUse:[],VolumesAttached:[],Config:&amp;NodeConfigStatus{Assigned:nil,Active:nil,LastKnownGood:nil,Error:,},},}&#xA;Aug 18 09:13:57.994: INFO: &#xA;Logging kubelet events for node kata-shim-v2&#xA;Aug 18 09:13:57.995: INFO: &#xA;Logging pods the kubelet thinks is on node kata-shim-v2&#xA;Aug 18 09:13:57.999: INFO: pod-configmaps-c22e0fa2-a2c6-11e8-b9ad-42010a8c0005 started at 2018-08-18 09:11:57 +0000 UTC (0+3 container statuses recorded)&#xA;Aug 18 09:13:57.999: INFO: &#x9;Container createcm-volume-test ready: true, restart count 0&#xA;Aug 18 09:13:57.999: INFO: &#x9;Container delcm-volume-test ready: true, restart count 0&#xA;Aug 18 09:13:57.999: INFO: &#x9;Container updcm-volume-test ready: true, restart count 0&#xA;Aug 18 09:13:57.999: INFO: netserver-0 started at 2018-08-18 09:09:11 +0000 UTC (0+1 container statuses recorded)&#xA;Aug 18 09:13:57.999: INFO: &#x9;Container webserver ready: true, restart count 0&#xA;Aug 18 09:13:57.999: INFO: test-container-pod started at 2018-08-18 09:10:16 +0000 UTC (0+1 container statuses recorded)&#xA;Aug 18 09:13:57.999: INFO: &#x9;Container webserver ready: true, restart count 0&#xA;Aug 18 09:13:57.999: INFO: liveness-http started at 2018-08-18 09:11:16 +0000 UTC (0+1 container statuses recorded)&#xA;Aug 18 09:13:57.999: INFO: &#x9;Container liveness ready: true, restart count 0&#xA;Aug 18 09:13:57.999: INFO: host-test-container-pod started at 2018-08-18 09:10:16 +0000 UTC (0+1 container statuses recorded)&#xA;Aug 18 09:13:57.999: INFO: &#x9;Container hostexec ready: true, restart count 0&#xA;Aug 18 09:13:57.999: INFO: liveness-exec started at 2018-08-18 09:13:08 +0000 UTC (0+1 container statuses recorded)&#xA;Aug 18 09:13:57.999: INFO: &#x9;Container liveness ready: true, restart count 0&#xA;Aug 18 09:13:57.999: INFO: pod-projected-configmaps-df153019-a2c6-11e8-aff5-42010a8c0005 started at 2018-08-18 09:12:46 +0000 UTC (0+3 container statuses recorded)&#xA;Aug 18 09:13:57.999: INFO: &#x9;Container createcm-volume-test ready: true, restart count 0&#xA;Aug 18 09:13:57.999: INFO: &#x9;Container delcm-volume-test ready: true, restart count 0&#xA;Aug 18 09:13:57.999: INFO: &#x9;Container updcm-volume-test ready: true, restart count 0&#xA;Aug 18 09:13:57.999: INFO: netserver-0 started at 2018-08-18 09:09:15 +0000 UTC (0+1 container statuses recorded)&#xA;Aug 18 09:13:57.999: INFO: &#x9;Container webserver ready: true, restart count 0&#xA;Aug 18 09:13:57.999: INFO: client-containers-08a2d158-a2c7-11e8-a548-42010a8c0005 started at 2018-08-18 09:13:56 +0000 UTC (0+1 container statuses recorded)&#xA;Aug 18 09:13:57.999: INFO: &#x9;Container test-container ready: false, restart count 0&#xA;Aug 18 09:13:57.999: INFO: test-container-pod started at 2018-08-18 09:09:32 +0000 UTC (0+1 container statuses recorded)&#xA;Aug 18 09:13:57.999: INFO: &#x9;Container webserver ready: true, restart count 0&#xA;Aug 18 09:13:57.999: INFO: host-test-container-pod started at 2018-08-18 09:09:32 +0000 UTC (0+1 container statuses recorded)&#xA;Aug 18 09:13:57.999: INFO: &#x9;Container hostexec ready: true, restart count 0&#xA;Aug 18 09:14:00.417: INFO: &#xA;Latency metrics for node kata-shim-v2&#xA;Aug 18 09:14:00.417: INFO: {Operation:sync Method:pod_worker_latency_microseconds Quantile:0.99 Latency:2m0.001048s}&#xA;Aug 18 09:14:00.417: INFO: {Operation:sync Method:pod_worker_latency_microseconds Quantile:0.9 Latency:2m0.000772s}&#xA;Aug 18 09:14:00.417: INFO: {Operation: Method:pod_start_latency_microseconds Quantile:0.99 Latency:1m13.78174s}&#xA;Aug 18 09:14:00.417: INFO: {Operation: Method:pod_start_latency_microseconds Quantile:0.9 Latency:42.180282s}&#xA;Aug 18 09:14:00.417: INFO: {Operation: Method:pleg_relist_latency_microseconds Quantile:0.99 Latency:40.537422s}&#xA;Aug 18 09:14:00.417: INFO: {Operation: Method:pod_worker_start_latency_microseconds Quantile:0.99 Latency:33.733632s}&#xA;Aug 18 09:14:00.417: INFO: {Operation: Method:pod_worker_start_latency_microseconds Quantile:0.9 Latency:29.062679s}&#xA;�[1mSTEP�[0m: Dumping a list of prepulled images on each node to file /tmp/test-e2e-node/image-puller.txt&#xA;Aug 18 09:14:00.419: INFO: Waiting up to 3m0s for all (but 0) nodes to be ready&#xA;�[1mSTEP�[0m: Destroying namespace &#34;e2e-tests-pod-network-test-wbbnc&#34; for this suite.&#xA;Aug 18 09:14:22.428: INFO: Waiting up to 30s for server preferred namespaced resources to be successfully discovered&#xA;Aug 18 09:14:22.434: INFO: namespace: e2e-tests-pod-network-test-wbbnc, resource: bindings, ignored listing per whitelist&#xA;Aug 18 09:14:22.474: INFO: namespace e2e-tests-pod-network-test-wbbnc deletion completed in 22.053027086s&#xA;</system-out>
      </testcase>
      <testcase name="[k8s.io] Kubelet Cgroup Manager Pod containers [NodeConformance] On scheduling a Guaranteed Pod Pod containers should have been created under the cgroup-root" classname="E2eNode Suite" time="0">
          <skipped></skipped>
      </testcase>
      <testcase name="[sig-storage] Projected should be consumable in multiple volumes in the same pod [NodeConformance] [Conformance]" classname="E2eNode Suite" time="18.134493524"></testcase>
      <testcase name="[k8s.io] GKE system requirements [Conformance][NodeConformance][Feature:GKEEnv][NodeFeature:GKEEnv] The docker storage driver should work" classname="E2eNode Suite" time="0.000816609">
          <skipped></skipped>
      </testcase>
      <testcase name="[sig-storage] Projected should provide podname only [NodeConformance] [Conformance]" classname="E2eNode Suite" time="28.129657084"></testcase>
      <testcase name="[k8s.io] Pods should get a host IP [NodeConformance] [Conformance]" classname="E2eNode Suite" time="106.084881723"></testcase>
      <testcase name="[k8s.io] MirrorPod when create a mirror pod  should be recreated when mirror pod gracefully deleted [NodeConformance] [Conformance]" classname="E2eNode Suite" time="106.174763868"></testcase>
      <testcase name="[k8s.io] GKE system requirements [Conformance][NodeConformance][Feature:GKEEnv][NodeFeature:GKEEnv] The GCR is accessible" classname="E2eNode Suite" time="0.000858897">
          <skipped></skipped>
      </testcase>
      <testcase name="[k8s.io] Container Manager Misc [Serial] Validate OOM score adjustments [NodeFeature:OOMScoreAdj] once the node is setup guaranteed container&#39;s oom-score-adj should be -998" classname="E2eNode Suite" time="0">
          <skipped></skipped>
      </testcase>
      <testcase name="[k8s.io] Downward API [Serial] [Disruptive] [NodeFeature:EphemeralStorage] Downward API tests for local ephemeral storage should provide default limits.ephemeral-storage from node allocatable" classname="E2eNode Suite" time="0">
          <skipped></skipped>
      </testcase>
      <testcase name="[sig-storage] GCP Volumes GlusterFS should be mountable" classname="E2eNode Suite" time="0">
          <skipped></skipped>
      </testcase>
      <testcase name="[k8s.io] Density [Serial] [Slow] create a batch of pods latency/resource should be within limit when create 105 pods with 0s interval [Benchmark][NodeSpecialFeature:Benchmark]" classname="E2eNode Suite" time="0">
          <skipped></skipped>
      </testcase>
      <testcase name="[k8s.io] MirrorPod when create a mirror pod  should be recreated when mirror pod forcibly deleted [NodeConformance] [Conformance]" classname="E2eNode Suite" time="38.112166086"></testcase>
      <testcase name="[sig-api-machinery] Secrets should be consumable via the environment [NodeConformance] [Conformance]" classname="E2eNode Suite" time="56.172994305"></testcase>
      <testcase name="[k8s.io] LocalStorageCapacityIsolationEviction [Slow] [Serial] [Disruptive] [Feature:LocalStorageCapacityIsolation][NodeFeature:Eviction] when we run containers that should cause evictions due to pod local storage violations  should eventually evict all of the correct pods" classname="E2eNode Suite" time="0">
          <skipped></skipped>
      </testcase>
      <testcase name="[k8s.io] Density [Serial] [Slow] create a batch of pods latency/resource should be within limit when create 10 pods with 0s interval [Benchmark][NodeSpecialFeature:Benchmark]" classname="E2eNode Suite" time="0">
          <skipped></skipped>
      </testcase>
      <testcase name="[k8s.io] Pods should allow activeDeadlineSeconds to be updated [NodeConformance] [Conformance]" classname="E2eNode Suite" time="26.599349525"></testcase>
  </testsuite>