<?xml version="1.0" encoding="UTF-8"?>
  <testsuite tests="16" failures="0" time="1329.793364241">
      <testcase name="[k8s.io] Probing container should be restarted with a /healthz http liveness probe [NodeConformance] [Conformance]" classname="E2eNode Suite" time="64.161971987"></testcase>
      <testcase name="[k8s.io] Kubelet Cgroup Manager Pod containers [NodeConformance] On scheduling a Burstable Pod Pod containers should have been created under the Burstable cgroup" classname="E2eNode Suite" time="0">
          <skipped></skipped>
      </testcase>
      <testcase name="[k8s.io] Security Context When creating a pod with privileged should run the container as privileged when true [NodeFeature:HostAccess]" classname="E2eNode Suite" time="0">
          <skipped></skipped>
      </testcase>
      <testcase name="[k8s.io] Security Context when pod PID namespace is configurable [Feature:ShareProcessNamespace][NodeAlphaFeature:ShareProcessNamespace] processes in containers sharing a pod namespace should be able to see each other [Alpha]" classname="E2eNode Suite" time="0">
          <skipped></skipped>
      </testcase>
      <testcase name="[sig-storage] Downward API volume should provide podname as non-root with fsgroup [NodeFeature:FSGroup]" classname="E2eNode Suite" time="0">
          <skipped></skipped>
      </testcase>
      <testcase name="[sig-storage] ConfigMap should be consumable from pods in volume with defaultMode set [NodeConformance] [Conformance]" classname="E2eNode Suite" time="50.170182206"></testcase>
      <testcase name="[sig-storage] Downward API volume should provide container&#39;s cpu request [NodeConformance] [Conformance]" classname="E2eNode Suite" time="60.172850601"></testcase>
      <testcase name="[k8s.io] Pods should be submitted and removed [NodeConformance] [Conformance]" classname="E2eNode Suite" time="74.671469864"></testcase>
      <testcase name="[sig-storage] Projected should be consumable from pods in volume with mappings [NodeConformance] [Conformance]" classname="E2eNode Suite" time="52.175688271"></testcase>
      <testcase name="[sig-api-machinery] ConfigMap should be consumable via environment variable [NodeConformance] [Conformance]" classname="E2eNode Suite" time="50.174482298"></testcase>
      <testcase name="[k8s.io] InodeEviction [Slow] [Serial] [Disruptive][NodeFeature:Eviction] when we run containers that should cause DiskPressure  should eventually evict all of the correct pods" classname="E2eNode Suite" time="0">
          <skipped></skipped>
      </testcase>
      <testcase name="[k8s.io] Density [Serial] [Slow] create a sequence of pods latency/resource should be within limit when create 10 pods with 50 background pods" classname="E2eNode Suite" time="0">
          <skipped></skipped>
      </testcase>
      <testcase name="[k8s.io] Kubelet when scheduling a busybox command in a pod it should print the output to logs [NodeConformance] [Conformance]" classname="E2eNode Suite" time="62.090293648"></testcase>
      <testcase name="[k8s.io] Restart [Serial] [Slow] [Disruptive] [NodeFeature:ContainerRuntimeRestart] Container Runtime Network should recover from ip leak" classname="E2eNode Suite" time="0">
          <skipped></skipped>
      </testcase>
      <testcase name="[k8s.io] Kubelet when scheduling a busybox Pod with hostAliases it should write entries to /etc/hosts [NodeConformance]" classname="E2eNode Suite" time="0">
          <skipped></skipped>
      </testcase>
      <testcase name="[sig-storage] Projected should provide node allocatable (memory) as default memory limit if the limit is not set [NodeConformance] [Conformance]" classname="E2eNode Suite" time="92.253083027"></testcase>
      <testcase name="[k8s.io] Density [Serial] [Slow] create a sequence of pods latency/resource should be within limit when create 50 pods with 50 background pods [Benchmark][NodeSpeicalFeature:Benchmark]" classname="E2eNode Suite" time="0">
          <skipped></skipped>
      </testcase>
      <testcase name="[k8s.io] Kubelet Cgroup Manager Pod containers [NodeConformance] On scheduling a BestEffort Pod Pod containers should have been created under the BestEffort cgroup" classname="E2eNode Suite" time="0">
          <skipped></skipped>
      </testcase>
      <testcase name="[sig-storage] Downward API volume should provide node allocatable (memory) as default memory limit if the limit is not set [NodeConformance] [Conformance]" classname="E2eNode Suite" time="50.174250334"></testcase>
      <testcase name="[k8s.io] Security Context when creating a pod in the host IPC namespace should not show the shared memory ID in the non-hostIPC containers [NodeFeature:HostAccess]" classname="E2eNode Suite" time="0">
          <skipped></skipped>
      </testcase>
      <testcase name="[k8s.io] Density [Serial] [Slow] create a batch of pods latency/resource should be within limit when create 10 pods with 100ms interval [Benchmark][NodeSpecialFeature:Benchmark]" classname="E2eNode Suite" time="0">
          <skipped></skipped>
      </testcase>
      <testcase name="[k8s.io] Security Context when creating containers with AllowPrivilegeEscalation should not allow privilege escalation when false [NodeConformance]" classname="E2eNode Suite" time="0">
          <skipped></skipped>
      </testcase>
      <testcase name="[sig-storage] ConfigMap optional updates should be reflected in volume [NodeConformance] [Conformance]" classname="E2eNode Suite" time="146.370768991"></testcase>
      <testcase name="[k8s.io] Variable Expansion should allow composing env vars into new env vars [NodeConformance] [Conformance]" classname="E2eNode Suite" time="24.135999811"></testcase>
      <testcase name="[k8s.io] Sysctls [NodeFeature:Sysctls] should reject invalid sysctls" classname="E2eNode Suite" time="0">
          <skipped></skipped>
      </testcase>
      <testcase name="[k8s.io] ContainerLogPath [NodeConformance] Pod with a container printed log to stdout should print log to correct log path" classname="E2eNode Suite" time="0">
          <skipped></skipped>
      </testcase>
      <testcase name="[k8s.io] Container Runtime Conformance Test container runtime conformance blackbox test when running a container with a new image should be able to pull from private registry with secret [Conformance][NodeConformance]" classname="E2eNode Suite" time="21.14376186"></testcase>
      <testcase name="[sig-storage] ConfigMap should be consumable from pods in volume as non-root with defaultMode and fsGroup set [NodeFeature:FSGroup]" classname="E2eNode Suite" time="0">
          <skipped></skipped>
      </testcase>
      <testcase name="[sig-storage] Secrets should be consumable in multiple volumes in a pod [NodeConformance] [Conformance]" classname="E2eNode Suite" time="48.16258004"></testcase>
      <testcase name="[k8s.io] Container Runtime Conformance Test container runtime conformance blackbox test when starting a container that exits should report termination message from file when pod succeeds and TerminationMessagePolicy FallbackToLogOnError is set [Conformance][NodeConformance]" classname="E2eNode Suite" time="59.233740643"></testcase>
      <testcase name="[sig-storage] Projected optional updates should be reflected in volume [NodeConformance] [Conformance]" classname="E2eNode Suite" time="142.384824552"></testcase>
      <testcase name="[k8s.io] Density [Serial] [Slow] create a batch of pods with higher API QPS  latency/resource should be within limit when create 105 pods with 0s interval (QPS 60) [Benchmark][NodeSpecialFeature:Benchmark]" classname="E2eNode Suite" time="0">
          <skipped></skipped>
      </testcase>
      <testcase name="[k8s.io] Container Runtime Conformance Test container runtime conformance blackbox test when running a container with a new image should be able to pull from private registry with credential provider [Conformance][NodeConformance]" classname="E2eNode Suite" time="317.890205529"></testcase>
  </testsuite>