<?xml version="1.0" encoding="UTF-8"?>
  <testsuite tests="15" failures="1" time="1333.775709979">
      <testcase name="[k8s.io] Kubelet when scheduling a busybox command that always fails in a pod should be possible to delete [NodeConformance]" classname="E2eNode Suite" time="0">
          <skipped></skipped>
      </testcase>
      <testcase name="[k8s.io] Container Runtime Conformance Test container runtime conformance blackbox test when starting a container that exits should report termination message if TerminationMessagePath is set as non-root user and at a non-default path [Conformance][NodeConformance]" classname="E2eNode Suite" time="53.351797588"></testcase>
      <testcase name="[k8s.io] Container Runtime Conformance Test container runtime conformance blackbox test when starting a container that exits should report termination message as empty when pod succeeds and TerminationMessagePolicy FallbackToLogOnError is set [NodeConformance]" classname="E2eNode Suite" time="0">
          <skipped></skipped>
      </testcase>
      <testcase name="[k8s.io] Pods should be updated [NodeConformance] [Conformance]" classname="E2eNode Suite" time="114.606771647"></testcase>
      <testcase name="[k8s.io] Variable Expansion should allow substituting values in a container&#39;s args [NodeConformance] [Conformance]" classname="E2eNode Suite" time="30.143386385"></testcase>
      <testcase name="[k8s.io] Density [Serial] [Slow] create a batch of pods latency/resource should be within limit when create 35 pods with 0s interval [Benchmark][NodeSpecialFeature:Benchmark]" classname="E2eNode Suite" time="0">
          <skipped></skipped>
      </testcase>
      <testcase name="[sig-api-machinery] ConfigMap should be consumable via the environment [NodeConformance] [Conformance]" classname="E2eNode Suite" time="54.212575511"></testcase>
      <testcase name="[k8s.io] Container Runtime Conformance Test container runtime conformance blackbox test when starting a container that exits should report termination message if TerminationMessagePath is set [Conformance][NodeConformance]" classname="E2eNode Suite" time="57.31957155"></testcase>
      <testcase name="[k8s.io] Probing container with readiness probe that fails should never be ready and never restart [NodeConformance] [Conformance]" classname="E2eNode Suite" time="82.088000635"></testcase>
      <testcase name="[sig-storage] Projected should set mode on item file [NodeConformance] [Conformance]" classname="E2eNode Suite" time="20.117296803"></testcase>
      <testcase name="[k8s.io] AppArmor [Feature:AppArmor][NodeFeature:AppArmor] when running with AppArmor should enforce a permissive profile" classname="E2eNode Suite" time="0">
          <skipped></skipped>
      </testcase>
      <testcase name="[k8s.io] Sysctls [NodeFeature:Sysctls] should support sysctls" classname="E2eNode Suite" time="0">
          <skipped></skipped>
      </testcase>
      <testcase name="[k8s.io] Pods should support retrieving logs from the container over websockets [NodeConformance]" classname="E2eNode Suite" time="0">
          <skipped></skipped>
      </testcase>
      <testcase name="[sig-storage] EmptyDir volumes when FSGroup is specified [NodeFeature:FSGroup] new files should be created with FSGroup ownership when container is root" classname="E2eNode Suite" time="0">
          <skipped></skipped>
      </testcase>
      <testcase name="[k8s.io] Density [Serial] [Slow] create a sequence of pods latency/resource should be within limit when create 30 pods with 50 background pods [Benchmark][NodeSpeicalFeature:Benchmark]" classname="E2eNode Suite" time="0">
          <skipped></skipped>
      </testcase>
      <testcase name="[k8s.io] Density [Serial] [Slow] create a batch of pods latency/resource should be within limit when create 35 pods with 100ms interval [Benchmark][NodeSpecialFeature:Benchmark]" classname="E2eNode Suite" time="0">
          <skipped></skipped>
      </testcase>
      <testcase name="[k8s.io] Security Context when creating a pod in the host IPC namespace should show the shared memory ID in the host IPC containers [NodeFeature:HostAccess]" classname="E2eNode Suite" time="0">
          <skipped></skipped>
      </testcase>
      <testcase name="[k8s.io] [Feature:DynamicKubeletConfig][NodeFeature:DynamicKubeletConfig][Serial][Disruptive]  update Node.Spec.ConfigSource: recover to last-known-good ConfigMap.KubeletConfigKey: status and events should match expectations" classname="E2eNode Suite" time="0">
          <skipped></skipped>
      </testcase>
      <testcase name="[k8s.io] Security Context When creating a pod with privileged should run the container as unprivileged when false [NodeConformance]" classname="E2eNode Suite" time="0">
          <skipped></skipped>
      </testcase>
      <testcase name="[sig-storage] Projected should be consumable from pods in volume as non-root with defaultMode and fsGroup set [NodeConformance] [Conformance]" classname="E2eNode Suite" time="50.16338636"></testcase>
      <testcase name="[sig-storage] Secrets should be able to mount in a volume regardless of a different secret existing with same name in different namespace [NodeConformance]" classname="E2eNode Suite" time="0">
          <skipped></skipped>
      </testcase>
      <testcase name="[sig-storage] Projected should be consumable from pods in volume [NodeConformance] [Conformance]" classname="E2eNode Suite" time="50.173213717"></testcase>
      <testcase name="[k8s.io] Probing container should *not* be restarted with a /healthz http liveness probe [NodeConformance] [Conformance]" classname="E2eNode Suite" time="288.42115107"></testcase>
      <testcase name="[k8s.io] InitContainer [NodeConformance] should invoke init containers on a RestartNever pod" classname="E2eNode Suite" time="0">
          <skipped></skipped>
      </testcase>
      <testcase name="[k8s.io] Density [Serial] [Slow] create a sequence of pods latency/resource should be within limit when create 10 pods with 50 background pods [Benchmark][NodeSpeicalFeature:Benchmark]" classname="E2eNode Suite" time="0">
          <skipped></skipped>
      </testcase>
      <testcase name="[sig-storage] Secrets should be consumable from pods in volume [NodeConformance] [Conformance]" classname="E2eNode Suite" time="56.179730453"></testcase>
      <testcase name="[sig-storage] ConfigMap should be consumable from pods in volume [NodeConformance] [Conformance]" classname="E2eNode Suite" time="50.172232167"></testcase>
      <testcase name="[k8s.io] Kubelet Volume Manager Volume Manager On terminatation of pod with memory backed volume should remove the volume from the node [NodeConformance]" classname="E2eNode Suite" time="0">
          <skipped></skipped>
      </testcase>
      <testcase name="[k8s.io] Container Manager Misc [Serial] Validate OOM score adjustments [NodeFeature:OOMScoreAdj] once the node is setup Kubelet&#39;s oom-score-adj should be -999" classname="E2eNode Suite" time="0">
          <skipped></skipped>
      </testcase>
      <testcase name="[k8s.io] Pods should support remote command execution over websockets [NodeConformance]" classname="E2eNode Suite" time="0">
          <skipped></skipped>
      </testcase>
      <testcase name="[sig-api-machinery] Downward API should provide host IP as an env var [NodeConformance] [Conformance]" classname="E2eNode Suite" time="52.17448674"></testcase>
      <testcase name="[k8s.io] Container Runtime Conformance Test container runtime conformance blackbox test when running a container with a new image should be able to pull image from gcr.io [Conformance][NodeConformance]" classname="E2eNode Suite" time="29.151342695"></testcase>
      <testcase name="[k8s.io] Security Context when creating a pod in the host PID namespace should not show its pid in the non-hostpid containers [NodeFeature:HostAccess]" classname="E2eNode Suite" time="0">
          <skipped></skipped>
      </testcase>
      <testcase name="[k8s.io] Density [Serial] [Slow] create a batch of pods latency/resource should be within limit when create 105 pods with 100ms interval [Benchmark][NodeSpecialFeature:Benchmark]" classname="E2eNode Suite" time="0">
          <skipped></skipped>
      </testcase>
      <testcase name="[sig-network] Networking Granular Checks: Pods should function for intra-pod communication: udp [NodeConformance] [Conformance]" classname="E2eNode Suite" time="164.212740453">
          <failure type="Failure">/root/code/kubernetes/src/k8s.io/kubernetes/_output/local/go/src/k8s.io/kubernetes/test/e2e/framework/framework.go:684&#xA;Aug 18 09:21:32.253: Failed to find expected endpoints:&#xA;Tries 31&#xA;Command curl -g -q -s &#39;http://10.88.1.29:8080/dial?request=hostName&amp;protocol=udp&amp;host=10.88.1.25&amp;port=8081&amp;tries=1&#39;&#xA;retrieved map[]&#xA;expected map[netserver-0:{}]&#xA;&#xA;/root/code/kubernetes/src/k8s.io/kubernetes/_output/local/go/src/k8s.io/kubernetes/test/e2e/framework/networking_utils.go:226</failure>
          <system-out>[BeforeEach] [sig-network] Networking&#xA;  /root/code/kubernetes/src/k8s.io/kubernetes/_output/local/go/src/k8s.io/kubernetes/test/e2e/framework/framework.go:141&#xA;�[1mSTEP�[0m: Creating a kubernetes client&#xA;�[1mSTEP�[0m: Building a namespace api object&#xA;Aug 18 09:19:10.217: INFO: Skipping waiting for service account&#xA;[It] should function for intra-pod communication: udp [NodeConformance] [Conformance]&#xA;  /root/code/kubernetes/src/k8s.io/kubernetes/_output/local/go/src/k8s.io/kubernetes/test/e2e/framework/framework.go:684&#xA;�[1mSTEP�[0m: Performing setup for networking test in namespace e2e-tests-pod-network-test-hl2qd&#xA;�[1mSTEP�[0m: creating a selector&#xA;�[1mSTEP�[0m: Creating the service pods in kubernetes&#xA;Aug 18 09:19:10.217: INFO: Waiting up to 10m0s for all (but 0) nodes to be schedulable&#xA;�[1mSTEP�[0m: Creating test pods&#xA;Aug 18 09:20:14.249: INFO: ExecWithOptions {Command:[/bin/sh -c curl -g -q -s &#39;http://10.88.1.29:8080/dial?request=hostName&amp;protocol=udp&amp;host=10.88.1.25&amp;port=8081&amp;tries=1&#39;] Namespace:e2e-tests-pod-network-test-hl2qd PodName:host-test-container-pod ContainerName:hostexec Stdin:&lt;nil&gt; CaptureStdout:true CaptureStderr:true PreserveWhitespace:false}&#xA;Aug 18 09:20:14.344: INFO: Failed to execute &#34;curl -g -q -s &#39;http://10.88.1.29:8080/dial?request=hostName&amp;protocol=udp&amp;host=10.88.1.25&amp;port=8081&amp;tries=1&#39;&#34;: command terminated with exit code 7, stdout: &#34;&#34;, stderr &#34;&#34;&#xA;Aug 18 09:20:14.344: INFO: Waiting for endpoints: map[netserver-0:{}]&#xA;Aug 18 09:20:16.346: INFO: ExecWithOptions {Command:[/bin/sh -c curl -g -q -s &#39;http://10.88.1.29:8080/dial?request=hostName&amp;protocol=udp&amp;host=10.88.1.25&amp;port=8081&amp;tries=1&#39;] Namespace:e2e-tests-pod-network-test-hl2qd PodName:host-test-container-pod ContainerName:hostexec Stdin:&lt;nil&gt; CaptureStdout:true CaptureStderr:true PreserveWhitespace:false}&#xA;Aug 18 09:20:17.531: INFO: Failed to execute &#34;curl -g -q -s &#39;http://10.88.1.29:8080/dial?request=hostName&amp;protocol=udp&amp;host=10.88.1.25&amp;port=8081&amp;tries=1&#39;&#34;: command terminated with exit code 7, stdout: &#34;&#34;, stderr &#34;&#34;&#xA;Aug 18 09:20:17.531: INFO: Waiting for endpoints: map[netserver-0:{}]&#xA;Aug 18 09:20:19.533: INFO: ExecWithOptions {Command:[/bin/sh -c curl -g -q -s &#39;http://10.88.1.29:8080/dial?request=hostName&amp;protocol=udp&amp;host=10.88.1.25&amp;port=8081&amp;tries=1&#39;] Namespace:e2e-tests-pod-network-test-hl2qd PodName:host-test-container-pod ContainerName:hostexec Stdin:&lt;nil&gt; CaptureStdout:true CaptureStderr:true PreserveWhitespace:false}&#xA;Aug 18 09:20:25.823: INFO: Failed to execute &#34;curl -g -q -s &#39;http://10.88.1.29:8080/dial?request=hostName&amp;protocol=udp&amp;host=10.88.1.25&amp;port=8081&amp;tries=1&#39;&#34;: command terminated with exit code 7, stdout: &#34;&#34;, stderr &#34;&#34;&#xA;Aug 18 09:20:25.823: INFO: Waiting for endpoints: map[netserver-0:{}]&#xA;Aug 18 09:20:27.826: INFO: ExecWithOptions {Command:[/bin/sh -c curl -g -q -s &#39;http://10.88.1.29:8080/dial?request=hostName&amp;protocol=udp&amp;host=10.88.1.25&amp;port=8081&amp;tries=1&#39;] Namespace:e2e-tests-pod-network-test-hl2qd PodName:host-test-container-pod ContainerName:hostexec Stdin:&lt;nil&gt; CaptureStdout:true CaptureStderr:true PreserveWhitespace:false}&#xA;Aug 18 09:20:30.170: INFO: Failed to execute &#34;curl -g -q -s &#39;http://10.88.1.29:8080/dial?request=hostName&amp;protocol=udp&amp;host=10.88.1.25&amp;port=8081&amp;tries=1&#39;&#34;: command terminated with exit code 7, stdout: &#34;&#34;, stderr &#34;&#34;&#xA;Aug 18 09:20:30.170: INFO: Waiting for endpoints: map[netserver-0:{}]&#xA;Aug 18 09:20:32.173: INFO: ExecWithOptions {Command:[/bin/sh -c curl -g -q -s &#39;http://10.88.1.29:8080/dial?request=hostName&amp;protocol=udp&amp;host=10.88.1.25&amp;port=8081&amp;tries=1&#39;] Namespace:e2e-tests-pod-network-test-hl2qd PodName:host-test-container-pod ContainerName:hostexec Stdin:&lt;nil&gt; CaptureStdout:true CaptureStderr:true PreserveWhitespace:false}&#xA;Aug 18 09:20:33.005: INFO: Failed to execute &#34;curl -g -q -s &#39;http://10.88.1.29:8080/dial?request=hostName&amp;protocol=udp&amp;host=10.88.1.25&amp;port=8081&amp;tries=1&#39;&#34;: command terminated with exit code 7, stdout: &#34;&#34;, stderr &#34;&#34;&#xA;Aug 18 09:20:33.005: INFO: Waiting for endpoints: map[netserver-0:{}]&#xA;Aug 18 09:20:35.008: INFO: ExecWithOptions {Command:[/bin/sh -c curl -g -q -s &#39;http://10.88.1.29:8080/dial?request=hostName&amp;protocol=udp&amp;host=10.88.1.25&amp;port=8081&amp;tries=1&#39;] Namespace:e2e-tests-pod-network-test-hl2qd PodName:host-test-container-pod ContainerName:hostexec Stdin:&lt;nil&gt; CaptureStdout:true CaptureStderr:true PreserveWhitespace:false}&#xA;Aug 18 09:20:35.959: INFO: Failed to execute &#34;curl -g -q -s &#39;http://10.88.1.29:8080/dial?request=hostName&amp;protocol=udp&amp;host=10.88.1.25&amp;port=8081&amp;tries=1&#39;&#34;: command terminated with exit code 7, stdout: &#34;&#34;, stderr &#34;&#34;&#xA;Aug 18 09:20:35.959: INFO: Waiting for endpoints: map[netserver-0:{}]&#xA;Aug 18 09:20:37.961: INFO: ExecWithOptions {Command:[/bin/sh -c curl -g -q -s &#39;http://10.88.1.29:8080/dial?request=hostName&amp;protocol=udp&amp;host=10.88.1.25&amp;port=8081&amp;tries=1&#39;] Namespace:e2e-tests-pod-network-test-hl2qd PodName:host-test-container-pod ContainerName:hostexec Stdin:&lt;nil&gt; CaptureStdout:true CaptureStderr:true PreserveWhitespace:false}&#xA;Aug 18 09:20:38.054: INFO: Failed to execute &#34;curl -g -q -s &#39;http://10.88.1.29:8080/dial?request=hostName&amp;protocol=udp&amp;host=10.88.1.25&amp;port=8081&amp;tries=1&#39;&#34;: command terminated with exit code 7, stdout: &#34;&#34;, stderr &#34;&#34;&#xA;Aug 18 09:20:38.054: INFO: Waiting for endpoints: map[netserver-0:{}]&#xA;Aug 18 09:20:40.056: INFO: ExecWithOptions {Command:[/bin/sh -c curl -g -q -s &#39;http://10.88.1.29:8080/dial?request=hostName&amp;protocol=udp&amp;host=10.88.1.25&amp;port=8081&amp;tries=1&#39;] Namespace:e2e-tests-pod-network-test-hl2qd PodName:host-test-container-pod ContainerName:hostexec Stdin:&lt;nil&gt; CaptureStdout:true CaptureStderr:true PreserveWhitespace:false}&#xA;Aug 18 09:20:42.088: INFO: Failed to execute &#34;curl -g -q -s &#39;http://10.88.1.29:8080/dial?request=hostName&amp;protocol=udp&amp;host=10.88.1.25&amp;port=8081&amp;tries=1&#39;&#34;: command terminated with exit code 7, stdout: &#34;&#34;, stderr &#34;&#34;&#xA;Aug 18 09:20:42.088: INFO: Waiting for endpoints: map[netserver-0:{}]&#xA;Aug 18 09:20:44.091: INFO: ExecWithOptions {Command:[/bin/sh -c curl -g -q -s &#39;http://10.88.1.29:8080/dial?request=hostName&amp;protocol=udp&amp;host=10.88.1.25&amp;port=8081&amp;tries=1&#39;] Namespace:e2e-tests-pod-network-test-hl2qd PodName:host-test-container-pod ContainerName:hostexec Stdin:&lt;nil&gt; CaptureStdout:true CaptureStderr:true PreserveWhitespace:false}&#xA;Aug 18 09:20:44.186: INFO: Failed to execute &#34;curl -g -q -s &#39;http://10.88.1.29:8080/dial?request=hostName&amp;protocol=udp&amp;host=10.88.1.25&amp;port=8081&amp;tries=1&#39;&#34;: command terminated with exit code 7, stdout: &#34;&#34;, stderr &#34;&#34;&#xA;Aug 18 09:20:44.186: INFO: Waiting for endpoints: map[netserver-0:{}]&#xA;Aug 18 09:20:46.188: INFO: ExecWithOptions {Command:[/bin/sh -c curl -g -q -s &#39;http://10.88.1.29:8080/dial?request=hostName&amp;protocol=udp&amp;host=10.88.1.25&amp;port=8081&amp;tries=1&#39;] Namespace:e2e-tests-pod-network-test-hl2qd PodName:host-test-container-pod ContainerName:hostexec Stdin:&lt;nil&gt; CaptureStdout:true CaptureStderr:true PreserveWhitespace:false}&#xA;Aug 18 09:20:46.282: INFO: Failed to execute &#34;curl -g -q -s &#39;http://10.88.1.29:8080/dial?request=hostName&amp;protocol=udp&amp;host=10.88.1.25&amp;port=8081&amp;tries=1&#39;&#34;: command terminated with exit code 7, stdout: &#34;&#34;, stderr &#34;&#34;&#xA;Aug 18 09:20:46.282: INFO: Waiting for endpoints: map[netserver-0:{}]&#xA;Aug 18 09:20:48.284: INFO: ExecWithOptions {Command:[/bin/sh -c curl -g -q -s &#39;http://10.88.1.29:8080/dial?request=hostName&amp;protocol=udp&amp;host=10.88.1.25&amp;port=8081&amp;tries=1&#39;] Namespace:e2e-tests-pod-network-test-hl2qd PodName:host-test-container-pod ContainerName:hostexec Stdin:&lt;nil&gt; CaptureStdout:true CaptureStderr:true PreserveWhitespace:false}&#xA;Aug 18 09:20:48.377: INFO: Failed to execute &#34;curl -g -q -s &#39;http://10.88.1.29:8080/dial?request=hostName&amp;protocol=udp&amp;host=10.88.1.25&amp;port=8081&amp;tries=1&#39;&#34;: command terminated with exit code 7, stdout: &#34;&#34;, stderr &#34;&#34;&#xA;Aug 18 09:20:48.377: INFO: Waiting for endpoints: map[netserver-0:{}]&#xA;Aug 18 09:20:50.379: INFO: ExecWithOptions {Command:[/bin/sh -c curl -g -q -s &#39;http://10.88.1.29:8080/dial?request=hostName&amp;protocol=udp&amp;host=10.88.1.25&amp;port=8081&amp;tries=1&#39;] Namespace:e2e-tests-pod-network-test-hl2qd PodName:host-test-container-pod ContainerName:hostexec Stdin:&lt;nil&gt; CaptureStdout:true CaptureStderr:true PreserveWhitespace:false}&#xA;Aug 18 09:20:50.470: INFO: Failed to execute &#34;curl -g -q -s &#39;http://10.88.1.29:8080/dial?request=hostName&amp;protocol=udp&amp;host=10.88.1.25&amp;port=8081&amp;tries=1&#39;&#34;: command terminated with exit code 7, stdout: &#34;&#34;, stderr &#34;&#34;&#xA;Aug 18 09:20:50.470: INFO: Waiting for endpoints: map[netserver-0:{}]&#xA;Aug 18 09:20:52.473: INFO: ExecWithOptions {Command:[/bin/sh -c curl -g -q -s &#39;http://10.88.1.29:8080/dial?request=hostName&amp;protocol=udp&amp;host=10.88.1.25&amp;port=8081&amp;tries=1&#39;] Namespace:e2e-tests-pod-network-test-hl2qd PodName:host-test-container-pod ContainerName:hostexec Stdin:&lt;nil&gt; CaptureStdout:true CaptureStderr:true PreserveWhitespace:false}&#xA;Aug 18 09:20:52.562: INFO: Failed to execute &#34;curl -g -q -s &#39;http://10.88.1.29:8080/dial?request=hostName&amp;protocol=udp&amp;host=10.88.1.25&amp;port=8081&amp;tries=1&#39;&#34;: command terminated with exit code 7, stdout: &#34;&#34;, stderr &#34;&#34;&#xA;Aug 18 09:20:52.562: INFO: Waiting for endpoints: map[netserver-0:{}]&#xA;Aug 18 09:20:54.564: INFO: ExecWithOptions {Command:[/bin/sh -c curl -g -q -s &#39;http://10.88.1.29:8080/dial?request=hostName&amp;protocol=udp&amp;host=10.88.1.25&amp;port=8081&amp;tries=1&#39;] Namespace:e2e-tests-pod-network-test-hl2qd PodName:host-test-container-pod ContainerName:hostexec Stdin:&lt;nil&gt; CaptureStdout:true CaptureStderr:true PreserveWhitespace:false}&#xA;Aug 18 09:20:54.658: INFO: Failed to execute &#34;curl -g -q -s &#39;http://10.88.1.29:8080/dial?request=hostName&amp;protocol=udp&amp;host=10.88.1.25&amp;port=8081&amp;tries=1&#39;&#34;: command terminated with exit code 7, stdout: &#34;&#34;, stderr &#34;&#34;&#xA;Aug 18 09:20:54.658: INFO: Waiting for endpoints: map[netserver-0:{}]&#xA;Aug 18 09:20:56.660: INFO: ExecWithOptions {Command:[/bin/sh -c curl -g -q -s &#39;http://10.88.1.29:8080/dial?request=hostName&amp;protocol=udp&amp;host=10.88.1.25&amp;port=8081&amp;tries=1&#39;] Namespace:e2e-tests-pod-network-test-hl2qd PodName:host-test-container-pod ContainerName:hostexec Stdin:&lt;nil&gt; CaptureStdout:true CaptureStderr:true PreserveWhitespace:false}&#xA;Aug 18 09:20:56.746: INFO: Failed to execute &#34;curl -g -q -s &#39;http://10.88.1.29:8080/dial?request=hostName&amp;protocol=udp&amp;host=10.88.1.25&amp;port=8081&amp;tries=1&#39;&#34;: command terminated with exit code 7, stdout: &#34;&#34;, stderr &#34;&#34;&#xA;Aug 18 09:20:56.746: INFO: Waiting for endpoints: map[netserver-0:{}]&#xA;Aug 18 09:20:58.748: INFO: ExecWithOptions {Command:[/bin/sh -c curl -g -q -s &#39;http://10.88.1.29:8080/dial?request=hostName&amp;protocol=udp&amp;host=10.88.1.25&amp;port=8081&amp;tries=1&#39;] Namespace:e2e-tests-pod-network-test-hl2qd PodName:host-test-container-pod ContainerName:hostexec Stdin:&lt;nil&gt; CaptureStdout:true CaptureStderr:true PreserveWhitespace:false}&#xA;Aug 18 09:20:58.836: INFO: Failed to execute &#34;curl -g -q -s &#39;http://10.88.1.29:8080/dial?request=hostName&amp;protocol=udp&amp;host=10.88.1.25&amp;port=8081&amp;tries=1&#39;&#34;: command terminated with exit code 7, stdout: &#34;&#34;, stderr &#34;&#34;&#xA;Aug 18 09:20:58.836: INFO: Waiting for endpoints: map[netserver-0:{}]&#xA;Aug 18 09:21:00.839: INFO: ExecWithOptions {Command:[/bin/sh -c curl -g -q -s &#39;http://10.88.1.29:8080/dial?request=hostName&amp;protocol=udp&amp;host=10.88.1.25&amp;port=8081&amp;tries=1&#39;] Namespace:e2e-tests-pod-network-test-hl2qd PodName:host-test-container-pod ContainerName:hostexec Stdin:&lt;nil&gt; CaptureStdout:true CaptureStderr:true PreserveWhitespace:false}&#xA;Aug 18 09:21:00.934: INFO: Failed to execute &#34;curl -g -q -s &#39;http://10.88.1.29:8080/dial?request=hostName&amp;protocol=udp&amp;host=10.88.1.25&amp;port=8081&amp;tries=1&#39;&#34;: command terminated with exit code 7, stdout: &#34;&#34;, stderr &#34;&#34;&#xA;Aug 18 09:21:00.934: INFO: Waiting for endpoints: map[netserver-0:{}]&#xA;Aug 18 09:21:02.936: INFO: ExecWithOptions {Command:[/bin/sh -c curl -g -q -s &#39;http://10.88.1.29:8080/dial?request=hostName&amp;protocol=udp&amp;host=10.88.1.25&amp;port=8081&amp;tries=1&#39;] Namespace:e2e-tests-pod-network-test-hl2qd PodName:host-test-container-pod ContainerName:hostexec Stdin:&lt;nil&gt; CaptureStdout:true CaptureStderr:true PreserveWhitespace:false}&#xA;Aug 18 09:21:03.023: INFO: Failed to execute &#34;curl -g -q -s &#39;http://10.88.1.29:8080/dial?request=hostName&amp;protocol=udp&amp;host=10.88.1.25&amp;port=8081&amp;tries=1&#39;&#34;: command terminated with exit code 7, stdout: &#34;&#34;, stderr &#34;&#34;&#xA;Aug 18 09:21:03.023: INFO: Waiting for endpoints: map[netserver-0:{}]&#xA;Aug 18 09:21:05.026: INFO: ExecWithOptions {Command:[/bin/sh -c curl -g -q -s &#39;http://10.88.1.29:8080/dial?request=hostName&amp;protocol=udp&amp;host=10.88.1.25&amp;port=8081&amp;tries=1&#39;] Namespace:e2e-tests-pod-network-test-hl2qd PodName:host-test-container-pod ContainerName:hostexec Stdin:&lt;nil&gt; CaptureStdout:true CaptureStderr:true PreserveWhitespace:false}&#xA;Aug 18 09:21:05.124: INFO: Failed to execute &#34;curl -g -q -s &#39;http://10.88.1.29:8080/dial?request=hostName&amp;protocol=udp&amp;host=10.88.1.25&amp;port=8081&amp;tries=1&#39;&#34;: command terminated with exit code 7, stdout: &#34;&#34;, stderr &#34;&#34;&#xA;Aug 18 09:21:05.124: INFO: Waiting for endpoints: map[netserver-0:{}]&#xA;Aug 18 09:21:07.126: INFO: ExecWithOptions {Command:[/bin/sh -c curl -g -q -s &#39;http://10.88.1.29:8080/dial?request=hostName&amp;protocol=udp&amp;host=10.88.1.25&amp;port=8081&amp;tries=1&#39;] Namespace:e2e-tests-pod-network-test-hl2qd PodName:host-test-container-pod ContainerName:hostexec Stdin:&lt;nil&gt; CaptureStdout:true CaptureStderr:true PreserveWhitespace:false}&#xA;Aug 18 09:21:07.221: INFO: Failed to execute &#34;curl -g -q -s &#39;http://10.88.1.29:8080/dial?request=hostName&amp;protocol=udp&amp;host=10.88.1.25&amp;port=8081&amp;tries=1&#39;&#34;: command terminated with exit code 7, stdout: &#34;&#34;, stderr &#34;&#34;&#xA;Aug 18 09:21:07.222: INFO: Waiting for endpoints: map[netserver-0:{}]&#xA;Aug 18 09:21:09.224: INFO: ExecWithOptions {Command:[/bin/sh -c curl -g -q -s &#39;http://10.88.1.29:8080/dial?request=hostName&amp;protocol=udp&amp;host=10.88.1.25&amp;port=8081&amp;tries=1&#39;] Namespace:e2e-tests-pod-network-test-hl2qd PodName:host-test-container-pod ContainerName:hostexec Stdin:&lt;nil&gt; CaptureStdout:true CaptureStderr:true PreserveWhitespace:false}&#xA;Aug 18 09:21:09.316: INFO: Failed to execute &#34;curl -g -q -s &#39;http://10.88.1.29:8080/dial?request=hostName&amp;protocol=udp&amp;host=10.88.1.25&amp;port=8081&amp;tries=1&#39;&#34;: command terminated with exit code 7, stdout: &#34;&#34;, stderr &#34;&#34;&#xA;Aug 18 09:21:09.316: INFO: Waiting for endpoints: map[netserver-0:{}]&#xA;Aug 18 09:21:11.318: INFO: ExecWithOptions {Command:[/bin/sh -c curl -g -q -s &#39;http://10.88.1.29:8080/dial?request=hostName&amp;protocol=udp&amp;host=10.88.1.25&amp;port=8081&amp;tries=1&#39;] Namespace:e2e-tests-pod-network-test-hl2qd PodName:host-test-container-pod ContainerName:hostexec Stdin:&lt;nil&gt; CaptureStdout:true CaptureStderr:true PreserveWhitespace:false}&#xA;Aug 18 09:21:11.406: INFO: Failed to execute &#34;curl -g -q -s &#39;http://10.88.1.29:8080/dial?request=hostName&amp;protocol=udp&amp;host=10.88.1.25&amp;port=8081&amp;tries=1&#39;&#34;: command terminated with exit code 7, stdout: &#34;&#34;, stderr &#34;&#34;&#xA;Aug 18 09:21:11.406: INFO: Waiting for endpoints: map[netserver-0:{}]&#xA;Aug 18 09:21:13.408: INFO: ExecWithOptions {Command:[/bin/sh -c curl -g -q -s &#39;http://10.88.1.29:8080/dial?request=hostName&amp;protocol=udp&amp;host=10.88.1.25&amp;port=8081&amp;tries=1&#39;] Namespace:e2e-tests-pod-network-test-hl2qd PodName:host-test-container-pod ContainerName:hostexec Stdin:&lt;nil&gt; CaptureStdout:true CaptureStderr:true PreserveWhitespace:false}&#xA;Aug 18 09:21:13.495: INFO: Failed to execute &#34;curl -g -q -s &#39;http://10.88.1.29:8080/dial?request=hostName&amp;protocol=udp&amp;host=10.88.1.25&amp;port=8081&amp;tries=1&#39;&#34;: command terminated with exit code 7, stdout: &#34;&#34;, stderr &#34;&#34;&#xA;Aug 18 09:21:13.495: INFO: Waiting for endpoints: map[netserver-0:{}]&#xA;Aug 18 09:21:15.497: INFO: ExecWithOptions {Command:[/bin/sh -c curl -g -q -s &#39;http://10.88.1.29:8080/dial?request=hostName&amp;protocol=udp&amp;host=10.88.1.25&amp;port=8081&amp;tries=1&#39;] Namespace:e2e-tests-pod-network-test-hl2qd PodName:host-test-container-pod ContainerName:hostexec Stdin:&lt;nil&gt; CaptureStdout:true CaptureStderr:true PreserveWhitespace:false}&#xA;Aug 18 09:21:15.591: INFO: Failed to execute &#34;curl -g -q -s &#39;http://10.88.1.29:8080/dial?request=hostName&amp;protocol=udp&amp;host=10.88.1.25&amp;port=8081&amp;tries=1&#39;&#34;: command terminated with exit code 7, stdout: &#34;&#34;, stderr &#34;&#34;&#xA;Aug 18 09:21:15.591: INFO: Waiting for endpoints: map[netserver-0:{}]&#xA;Aug 18 09:21:17.593: INFO: ExecWithOptions {Command:[/bin/sh -c curl -g -q -s &#39;http://10.88.1.29:8080/dial?request=hostName&amp;protocol=udp&amp;host=10.88.1.25&amp;port=8081&amp;tries=1&#39;] Namespace:e2e-tests-pod-network-test-hl2qd PodName:host-test-container-pod ContainerName:hostexec Stdin:&lt;nil&gt; CaptureStdout:true CaptureStderr:true PreserveWhitespace:false}&#xA;Aug 18 09:21:17.681: INFO: Failed to execute &#34;curl -g -q -s &#39;http://10.88.1.29:8080/dial?request=hostName&amp;protocol=udp&amp;host=10.88.1.25&amp;port=8081&amp;tries=1&#39;&#34;: command terminated with exit code 7, stdout: &#34;&#34;, stderr &#34;&#34;&#xA;Aug 18 09:21:17.681: INFO: Waiting for endpoints: map[netserver-0:{}]&#xA;Aug 18 09:21:19.684: INFO: ExecWithOptions {Command:[/bin/sh -c curl -g -q -s &#39;http://10.88.1.29:8080/dial?request=hostName&amp;protocol=udp&amp;host=10.88.1.25&amp;port=8081&amp;tries=1&#39;] Namespace:e2e-tests-pod-network-test-hl2qd PodName:host-test-container-pod ContainerName:hostexec Stdin:&lt;nil&gt; CaptureStdout:true CaptureStderr:true PreserveWhitespace:false}&#xA;Aug 18 09:21:19.776: INFO: Failed to execute &#34;curl -g -q -s &#39;http://10.88.1.29:8080/dial?request=hostName&amp;protocol=udp&amp;host=10.88.1.25&amp;port=8081&amp;tries=1&#39;&#34;: command terminated with exit code 7, stdout: &#34;&#34;, stderr &#34;&#34;&#xA;Aug 18 09:21:19.776: INFO: Waiting for endpoints: map[netserver-0:{}]&#xA;Aug 18 09:21:21.778: INFO: ExecWithOptions {Command:[/bin/sh -c curl -g -q -s &#39;http://10.88.1.29:8080/dial?request=hostName&amp;protocol=udp&amp;host=10.88.1.25&amp;port=8081&amp;tries=1&#39;] Namespace:e2e-tests-pod-network-test-hl2qd PodName:host-test-container-pod ContainerName:hostexec Stdin:&lt;nil&gt; CaptureStdout:true CaptureStderr:true PreserveWhitespace:false}&#xA;Aug 18 09:21:21.865: INFO: Failed to execute &#34;curl -g -q -s &#39;http://10.88.1.29:8080/dial?request=hostName&amp;protocol=udp&amp;host=10.88.1.25&amp;port=8081&amp;tries=1&#39;&#34;: command terminated with exit code 7, stdout: &#34;&#34;, stderr &#34;&#34;&#xA;Aug 18 09:21:21.865: INFO: Waiting for endpoints: map[netserver-0:{}]&#xA;Aug 18 09:21:23.867: INFO: ExecWithOptions {Command:[/bin/sh -c curl -g -q -s &#39;http://10.88.1.29:8080/dial?request=hostName&amp;protocol=udp&amp;host=10.88.1.25&amp;port=8081&amp;tries=1&#39;] Namespace:e2e-tests-pod-network-test-hl2qd PodName:host-test-container-pod ContainerName:hostexec Stdin:&lt;nil&gt; CaptureStdout:true CaptureStderr:true PreserveWhitespace:false}&#xA;Aug 18 09:21:23.955: INFO: Failed to execute &#34;curl -g -q -s &#39;http://10.88.1.29:8080/dial?request=hostName&amp;protocol=udp&amp;host=10.88.1.25&amp;port=8081&amp;tries=1&#39;&#34;: command terminated with exit code 7, stdout: &#34;&#34;, stderr &#34;&#34;&#xA;Aug 18 09:21:23.955: INFO: Waiting for endpoints: map[netserver-0:{}]&#xA;Aug 18 09:21:25.957: INFO: ExecWithOptions {Command:[/bin/sh -c curl -g -q -s &#39;http://10.88.1.29:8080/dial?request=hostName&amp;protocol=udp&amp;host=10.88.1.25&amp;port=8081&amp;tries=1&#39;] Namespace:e2e-tests-pod-network-test-hl2qd PodName:host-test-container-pod ContainerName:hostexec Stdin:&lt;nil&gt; CaptureStdout:true CaptureStderr:true PreserveWhitespace:false}&#xA;Aug 18 09:21:26.047: INFO: Failed to execute &#34;curl -g -q -s &#39;http://10.88.1.29:8080/dial?request=hostName&amp;protocol=udp&amp;host=10.88.1.25&amp;port=8081&amp;tries=1&#39;&#34;: command terminated with exit code 7, stdout: &#34;&#34;, stderr &#34;&#34;&#xA;Aug 18 09:21:26.047: INFO: Waiting for endpoints: map[netserver-0:{}]&#xA;Aug 18 09:21:28.050: INFO: ExecWithOptions {Command:[/bin/sh -c curl -g -q -s &#39;http://10.88.1.29:8080/dial?request=hostName&amp;protocol=udp&amp;host=10.88.1.25&amp;port=8081&amp;tries=1&#39;] Namespace:e2e-tests-pod-network-test-hl2qd PodName:host-test-container-pod ContainerName:hostexec Stdin:&lt;nil&gt; CaptureStdout:true CaptureStderr:true PreserveWhitespace:false}&#xA;Aug 18 09:21:28.162: INFO: Failed to execute &#34;curl -g -q -s &#39;http://10.88.1.29:8080/dial?request=hostName&amp;protocol=udp&amp;host=10.88.1.25&amp;port=8081&amp;tries=1&#39;&#34;: command terminated with exit code 7, stdout: &#34;&#34;, stderr &#34;&#34;&#xA;Aug 18 09:21:28.162: INFO: Waiting for endpoints: map[netserver-0:{}]&#xA;Aug 18 09:21:30.165: INFO: ExecWithOptions {Command:[/bin/sh -c curl -g -q -s &#39;http://10.88.1.29:8080/dial?request=hostName&amp;protocol=udp&amp;host=10.88.1.25&amp;port=8081&amp;tries=1&#39;] Namespace:e2e-tests-pod-network-test-hl2qd PodName:host-test-container-pod ContainerName:hostexec Stdin:&lt;nil&gt; CaptureStdout:true CaptureStderr:true PreserveWhitespace:false}&#xA;Aug 18 09:21:30.252: INFO: Failed to execute &#34;curl -g -q -s &#39;http://10.88.1.29:8080/dial?request=hostName&amp;protocol=udp&amp;host=10.88.1.25&amp;port=8081&amp;tries=1&#39;&#34;: command terminated with exit code 7, stdout: &#34;&#34;, stderr &#34;&#34;&#xA;Aug 18 09:21:30.252: INFO: Waiting for endpoints: map[netserver-0:{}]&#xA;Aug 18 09:21:32.252: INFO: &#xA;Output of kubectl describe pod e2e-tests-pod-network-test-hl2qd/netserver-0:&#xA;&#xA;Aug 18 09:21:32.252: INFO: Running &#39; --server=http://127.0.0.1:8080 describe pod netserver-0 --namespace=e2e-tests-pod-network-test-hl2qd&#39;&#xA;Aug 18 09:21:32.253: INFO: &#xA;Aug 18 09:21:32.253: INFO: Failed to find expected endpoints:&#xA;Tries 31&#xA;Command curl -g -q -s &#39;http://10.88.1.29:8080/dial?request=hostName&amp;protocol=udp&amp;host=10.88.1.25&amp;port=8081&amp;tries=1&#39;&#xA;retrieved map[]&#xA;expected map[netserver-0:{}]&#xA;&#xA;[AfterEach] [sig-network] Networking&#xA;  /root/code/kubernetes/src/k8s.io/kubernetes/_output/local/go/src/k8s.io/kubernetes/test/e2e/framework/framework.go:142&#xA;�[1mSTEP�[0m: Collecting events from namespace &#34;e2e-tests-pod-network-test-hl2qd&#34;.&#xA;�[1mSTEP�[0m: Found 9 events.&#xA;Aug 18 09:21:32.258: INFO: At 2018-08-18 09:19:11 +0000 UTC - event for netserver-0: {kubelet kata-shim-v2} Pulled: Container image &#34;gcr.io/kubernetes-e2e-test-images/netexec-amd64:1.0&#34; already present on machine&#xA;Aug 18 09:21:32.258: INFO: At 2018-08-18 09:19:11 +0000 UTC - event for netserver-0: {kubelet kata-shim-v2} Created: Created container&#xA;Aug 18 09:21:32.258: INFO: At 2018-08-18 09:19:14 +0000 UTC - event for netserver-0: {kubelet kata-shim-v2} Started: Started container&#xA;Aug 18 09:21:32.258: INFO: At 2018-08-18 09:19:37 +0000 UTC - event for host-test-container-pod: {kubelet kata-shim-v2} Pulled: Container image &#34;gcr.io/kubernetes-e2e-test-images/hostexec-amd64:1.1&#34; already present on machine&#xA;Aug 18 09:21:32.258: INFO: At 2018-08-18 09:19:37 +0000 UTC - event for host-test-container-pod: {kubelet kata-shim-v2} Created: Created container&#xA;Aug 18 09:21:32.258: INFO: At 2018-08-18 09:19:37 +0000 UTC - event for test-container-pod: {kubelet kata-shim-v2} Pulled: Container image &#34;gcr.io/kubernetes-e2e-test-images/netexec-amd64:1.0&#34; already present on machine&#xA;Aug 18 09:21:32.258: INFO: At 2018-08-18 09:19:37 +0000 UTC - event for test-container-pod: {kubelet kata-shim-v2} Created: Created container&#xA;Aug 18 09:21:32.258: INFO: At 2018-08-18 09:19:41 +0000 UTC - event for test-container-pod: {kubelet kata-shim-v2} Started: Started container&#xA;Aug 18 09:21:32.258: INFO: At 2018-08-18 09:20:08 +0000 UTC - event for host-test-container-pod: {kubelet kata-shim-v2} Started: Started container&#xA;Aug 18 09:21:32.262: INFO: POD                                                  NODE          PHASE    GRACE  CONDITIONS&#xA;Aug 18 09:21:32.262: INFO: host-test-container-pod                              kata-shim-v2  Running         [{Initialized True 0001-01-01 00:00:00 +0000 UTC 2018-08-18 09:19:30 +0000 UTC  } {Ready True 0001-01-01 00:00:00 +0000 UTC 2018-08-18 09:20:08 +0000 UTC  } {ContainersReady True 0001-01-01 00:00:00 +0000 UTC 0001-01-01 00:00:00 +0000 UTC  } {PodScheduled True 0001-01-01 00:00:00 +0000 UTC 2018-08-18 09:19:30 +0000 UTC  }]&#xA;Aug 18 09:21:32.262: INFO: netserver-0                                          kata-shim-v2  Running         [{Initialized True 0001-01-01 00:00:00 +0000 UTC 2018-08-18 09:19:10 +0000 UTC  } {Ready True 0001-01-01 00:00:00 +0000 UTC 2018-08-18 09:19:29 +0000 UTC  } {ContainersReady True 0001-01-01 00:00:00 +0000 UTC 0001-01-01 00:00:00 +0000 UTC  } {PodScheduled True 0001-01-01 00:00:00 +0000 UTC 2018-08-18 09:19:10 +0000 UTC  }]&#xA;Aug 18 09:21:32.262: INFO: test-container-pod                                   kata-shim-v2  Running         [{Initialized True 0001-01-01 00:00:00 +0000 UTC 2018-08-18 09:19:30 +0000 UTC  } {Ready True 0001-01-01 00:00:00 +0000 UTC 2018-08-18 09:20:12 +0000 UTC  } {ContainersReady True 0001-01-01 00:00:00 +0000 UTC 0001-01-01 00:00:00 +0000 UTC  } {PodScheduled True 0001-01-01 00:00:00 +0000 UTC 2018-08-18 09:19:30 +0000 UTC  }]&#xA;Aug 18 09:21:32.262: INFO: image-pull-testc94db0e4-a2c7-11e8-b9ad-42010a8c0005  kata-shim-v2  Pending         [{Initialized True 0001-01-01 00:00:00 +0000 UTC 2018-08-18 09:19:19 +0000 UTC  } {Ready False 0001-01-01 00:00:00 +0000 UTC 2018-08-18 09:19:19 +0000 UTC ContainersNotReady containers with unready status: [image-pull-test]} {ContainersReady False 0001-01-01 00:00:00 +0000 UTC 0001-01-01 00:00:00 +0000 UTC ContainersNotReady containers with unready status: [image-pull-test]} {PodScheduled True 0001-01-01 00:00:00 +0000 UTC 2018-08-18 09:19:19 +0000 UTC  }]&#xA;Aug 18 09:21:32.262: INFO: &#xA;Aug 18 09:21:32.264: INFO: &#xA;Logging node info for node kata-shim-v2&#xA;Aug 18 09:21:32.267: INFO: Node Info: &amp;Node{ObjectMeta:k8s_io_apimachinery_pkg_apis_meta_v1.ObjectMeta{Name:kata-shim-v2,GenerateName:,Namespace:,SelfLink:/api/v1/nodes/kata-shim-v2,UID:767fc77c-a2c5-11e8-ae95-42010a8c0005,ResourceVersion:2814,Generation:0,CreationTimestamp:2018-08-18 09:02:41 +0000 UTC,DeletionTimestamp:&lt;nil&gt;,DeletionGracePeriodSeconds:nil,Labels:map[string]string{beta.kubernetes.io/arch: amd64,beta.kubernetes.io/os: linux,kubernetes.io/hostname: kata-shim-v2,},Annotations:map[string]string{volumes.kubernetes.io/controller-managed-attach-detach: true,},OwnerReferences:[],Finalizers:[],ClusterName:,Initializers:nil,},Spec:NodeSpec{PodCIDR:,DoNotUse_ExternalID:,ProviderID:,Unschedulable:false,Taints:[],ConfigSource:nil,},Status:NodeStatus{Capacity:ResourceList{cpu: {{16 0} {&lt;nil&gt;} 16 DecimalSI},ephemeral-storage: {{62386053120 0} {&lt;nil&gt;}  BinarySI},hugepages-1Gi: {{0 0} {&lt;nil&gt;} 0 DecimalSI},hugepages-2Mi: {{0 0} {&lt;nil&gt;} 0 DecimalSI},memory: {{63323955200 0} {&lt;nil&gt;}  BinarySI},pods: {{110 0} {&lt;nil&gt;} 110 DecimalSI},},Allocatable:ResourceList{cpu: {{16 0} {&lt;nil&gt;} 16 DecimalSI},ephemeral-storage: {{56147447716 0} {&lt;nil&gt;} 56147447716 DecimalSI},hugepages-1Gi: {{0 0} {&lt;nil&gt;} 0 DecimalSI},hugepages-2Mi: {{0 0} {&lt;nil&gt;} 0 DecimalSI},memory: {{63061811200 0} {&lt;nil&gt;}  BinarySI},pods: {{110 0} {&lt;nil&gt;} 110 DecimalSI},},Phase:,Conditions:[{OutOfDisk False 2018-08-18 09:21:22 +0000 UTC 2018-08-18 09:02:41 +0000 UTC KubeletHasSufficientDisk kubelet has sufficient disk space available} {MemoryPressure False 2018-08-18 09:21:22 +0000 UTC 2018-08-18 09:02:41 +0000 UTC KubeletHasSufficientMemory kubelet has sufficient memory available} {DiskPressure False 2018-08-18 09:21:22 +0000 UTC 2018-08-18 09:02:41 +0000 UTC KubeletHasNoDiskPressure kubelet has no disk pressure} {PIDPressure False 2018-08-18 09:21:22 +0000 UTC 2018-08-18 09:02:41 +0000 UTC KubeletHasSufficientPID kubelet has sufficient PID available} {Ready True 2018-08-18 09:21:22 +0000 UTC 2018-08-18 09:02:41 +0000 UTC KubeletReady kubelet is posting ready status. AppArmor enabled}],Addresses:[{InternalIP 10.140.0.5} {Hostname kata-shim-v2}],DaemonEndpoints:NodeDaemonEndpoints{KubeletEndpoint:DaemonEndpoint{Port:10250,},},NodeInfo:NodeSystemInfo{MachineID:27b9052925f7957f5baaabcb28d6e94e,SystemUUID:8AFFCE9E-43B8-8EE6-4B6B-4E9E852D338B,BootID:396483bb-c172-4768-afad-b5baea2cf1a6,KernelVersion:4.15.0-1017-gcp,OSImage:Ubuntu 16.04.5 LTS,ContainerRuntimeVersion:containerd://1.11.0-26-g58eb045-TEST,KubeletVersion:v1.11.0,KubeProxyVersion:v1.11.0,OperatingSystem:linux,Architecture:amd64,},Images:[{[k8s.gcr.io/nginx-slim-amd64@sha256:6654db6d4028756062edac466454ee5c9cf9b20ef79e35a81e3c840031eb1e2b k8s.gcr.io/nginx-slim-amd64:0.20] 46221874} {[docker.io/library/nginx@sha256:d85914d547a6c92faa39ce7058bd7529baacab7e0cd4255442b04577c4d1f424 docker.io/library/nginx:latest] 44632839} {[gcr.io/cri-tools/hostnet-nginx@sha256:d629efc3a5de1fe63bac3d877ed642968add1e795260b71a40802a3e9e3c5371 gcr.io/cri-tools/hostnet-nginx:latest] 44523662} {[gcr.io/kubernetes-e2e-test-images/hostexec-amd64@sha256:e1dadb772c6132e3587fc41b8c07facd81ee7c4e74508891b5d98d45b85462e9 gcr.io/kubernetes-e2e-test-images/hostexec-amd64:1.1] 3852953} {[k8s.gcr.io/alpine-with-bash@sha256:0955672451201896cf9e2e5ce30bec0c7f10757af33bf78b7a6afa5672c596f5 k8s.gcr.io/alpine-with-bash:1.0] 3094248} {[gcr.io/kubernetes-e2e-test-images/netexec-amd64@sha256:da1c165175d5589ed70384e406a0291b6f76d53fc99e2c31ae23003e11e5bfde gcr.io/kubernetes-e2e-test-images/netexec-amd64:1.0] 2788992} {[gcr.io/google_containers/nonewprivs@sha256:a343c87a3611810956279be783986ab0771c460d3b7a967cccc64e66ccfb1820 gcr.io/google_containers/nonewprivs:1.2] 2647477} {[docker.io/library/alpine@sha256:2f9dfa6adf602d3d7379f11f3d4fd0b7b4d1c526616ee7c0fd5e553a72e4bf79 docker.io/library/alpine:3.1] 2306961} {[gcr.io/kubernetes-e2e-test-images/serve-hostname-amd64@sha256:2dd4032e98a0450d95a0ac71a5e465f542a900812d8c41bc6ca635aed1a5fc91 gcr.io/kubernetes-e2e-test-images/serve-hostname-amd64:1.0] 2274820} {[gcr.io/authenticated-image-pulling/alpine:3.1] 2243506} {[gcr.io/kubernetes-e2e-test-images/test-webserver-amd64@sha256:8da73e44d6870f86e0e6a87b2e07829470465afbb6febeb900296d99510789ce gcr.io/kubernetes-e2e-test-images/test-webserver-amd64:1.0] 1789498} {[gcr.io/kubernetes-e2e-test-images/liveness-amd64@sha256:0a64aa5318ade9f4ed6cd625d8dffdb4ac6a411da30694c53809e99a65de9eff gcr.io/kubernetes-e2e-test-images/liveness-amd64:1.0] 1741561} {[gcr.io/kubernetes-e2e-test-images/entrypoint-tester-amd64@sha256:ef1e5bf4aa80f899f51d173dfcc3106e8daf4c78c28be135b1d421c97f4c9354 gcr.io/kubernetes-e2e-test-images/entrypoint-tester-amd64:1.0] 1038249} {[docker.io/library/busybox@sha256:cb63aa0641a885f54de20f61d152187419e8f6b159ed11a251a09d115fdff9bd docker.io/library/busybox:latest] 737964} {[docker.io/library/busybox@sha256:141c253bc4c3fd0a201d32dc1f493bcf3fff003b6df416dea4f41046e0f37d47 docker.io/library/busybox:1.28] 727869} {[gcr.io/kubernetes-e2e-test-images/mounttest-amd64@sha256:e3e75014e6df02dc21e6fb95f93b989a2ff8a91f36ae88d74eccbabaa21fc211 gcr.io/kubernetes-e2e-test-images/mounttest-amd64:1.0] 597676} {[gcr.io/kubernetes-e2e-test-images/mounttest-user-amd64@sha256:1ac490f1442cad4b1c886527470393c71302cc62f5e3304fb08854403cbc68dc gcr.io/kubernetes-e2e-test-images/mounttest-user-amd64:1.0] 537644} {[k8s.gcr.io/pause@sha256:f78411e19d84a252e53bff71a4407a5686c46983a2c2eeed83929b888179acea k8s.gcr.io/pause:3.1] 317164}],VolumesInUse:[],VolumesAttached:[],Config:&amp;NodeConfigStatus{Assigned:nil,Active:nil,LastKnownGood:nil,Error:,},},}&#xA;Aug 18 09:21:32.267: INFO: &#xA;Logging kubelet events for node kata-shim-v2&#xA;Aug 18 09:21:32.269: INFO: &#xA;Logging pods the kubelet thinks is on node kata-shim-v2&#xA;Aug 18 09:21:32.272: INFO: netserver-0 started at 2018-08-18 09:19:10 +0000 UTC (0+1 container statuses recorded)&#xA;Aug 18 09:21:32.272: INFO: &#x9;Container webserver ready: true, restart count 0&#xA;Aug 18 09:21:32.272: INFO: image-pull-testc94db0e4-a2c7-11e8-b9ad-42010a8c0005 started at 2018-08-18 09:19:19 +0000 UTC (0+1 container statuses recorded)&#xA;Aug 18 09:21:32.272: INFO: &#x9;Container image-pull-test ready: false, restart count 0&#xA;Aug 18 09:21:32.272: INFO: test-container-pod started at 2018-08-18 09:19:30 +0000 UTC (0+1 container statuses recorded)&#xA;Aug 18 09:21:32.272: INFO: &#x9;Container webserver ready: true, restart count 0&#xA;Aug 18 09:21:32.272: INFO: host-test-container-pod started at 2018-08-18 09:19:30 +0000 UTC (0+1 container statuses recorded)&#xA;Aug 18 09:21:32.272: INFO: &#x9;Container hostexec ready: true, restart count 0&#xA;Aug 18 09:21:32.339: INFO: &#xA;Latency metrics for node kata-shim-v2&#xA;Aug 18 09:21:32.339: INFO: {Operation:update Method:pod_worker_latency_microseconds Quantile:0.9 Latency:4m2.00143s}&#xA;Aug 18 09:21:32.339: INFO: {Operation:update Method:pod_worker_latency_microseconds Quantile:0.99 Latency:4m2.00143s}&#xA;Aug 18 09:21:32.339: INFO: {Operation:sync Method:pod_worker_latency_microseconds Quantile:0.99 Latency:2m2.850172s}&#xA;Aug 18 09:21:32.339: INFO: {Operation:sync Method:pod_worker_latency_microseconds Quantile:0.9 Latency:2m0.00126s}&#xA;Aug 18 09:21:32.339: INFO: {Operation: Method:pod_start_latency_microseconds Quantile:0.99 Latency:48.434064s}&#xA;Aug 18 09:21:32.339: INFO: {Operation: Method:pod_start_latency_microseconds Quantile:0.9 Latency:41.303624s}&#xA;Aug 18 09:21:32.339: INFO: {Operation: Method:pleg_relist_latency_microseconds Quantile:0.99 Latency:37.735158s}&#xA;Aug 18 09:21:32.339: INFO: {Operation: Method:pod_worker_start_latency_microseconds Quantile:0.99 Latency:33.704623s}&#xA;�[1mSTEP�[0m: Dumping a list of prepulled images on each node to file /tmp/test-e2e-node/image-puller.txt&#xA;Aug 18 09:21:32.340: INFO: Waiting up to 3m0s for all (but 0) nodes to be ready&#xA;�[1mSTEP�[0m: Destroying namespace &#34;e2e-tests-pod-network-test-hl2qd&#34; for this suite.&#xA;Aug 18 09:21:54.351: INFO: Waiting up to 30s for server preferred namespaced resources to be successfully discovered&#xA;Aug 18 09:21:54.399: INFO: namespace: e2e-tests-pod-network-test-hl2qd, resource: bindings, ignored listing per whitelist&#xA;Aug 18 09:21:54.410: INFO: namespace e2e-tests-pod-network-test-hl2qd deletion completed in 22.067766059s&#xA;</system-out>
      </testcase>
  </testsuite>