<?xml version="1.0" encoding="UTF-8"?>
  <testsuite tests="11" failures="1" time="1097.015953118">
      <testcase name="[k8s.io] InitContainer [NodeConformance] should not start app containers if init containers fail on a RestartAlways pod" classname="E2eNode Suite" time="0">
          <skipped></skipped>
      </testcase>
      <testcase name="[k8s.io] InitContainer [NodeConformance] should invoke init containers on a RestartAlways pod" classname="E2eNode Suite" time="0">
          <skipped></skipped>
      </testcase>
      <testcase name="[k8s.io] AppArmor [Feature:AppArmor][NodeFeature:AppArmor] when running with AppArmor should reject an unloaded profile" classname="E2eNode Suite" time="0">
          <skipped></skipped>
      </testcase>
      <testcase name="[sig-node] Dockershim [Serial] [Disruptive] [Feature:Docker][Legacy:Docker] When all containers in pod are missing should complete pod sandbox clean up based on the information in sandbox checkpoint" classname="E2eNode Suite" time="0">
          <skipped></skipped>
      </testcase>
      <testcase name="[sig-storage] Projected should be consumable from pods in volume with mappings as non-root with FSGroup [NodeFeature:FSGroup]" classname="E2eNode Suite" time="0">
          <skipped></skipped>
      </testcase>
      <testcase name="[k8s.io] [Feature:DynamicKubeletConfig][NodeFeature:DynamicKubeletConfig][Serial][Disruptive]  update ConfigMap in-place: state transitions: status and events should match expectations" classname="E2eNode Suite" time="0">
          <skipped></skipped>
      </testcase>
      <testcase name="[k8s.io] Pods should contain environment variables for services [NodeConformance] [Conformance]" classname="E2eNode Suite" time="108.349779456"></testcase>
      <testcase name="[sig-network] Networking Granular Checks: Pods should function for intra-pod communication: http [NodeConformance] [Conformance]" classname="E2eNode Suite" time="367.961574091">
          <failure type="Failure">/root/code/kubernetes/src/k8s.io/kubernetes/_output/local/go/src/k8s.io/kubernetes/test/e2e/framework/framework.go:684&#xA;Aug 18 09:09:42.585: Failed to find expected endpoints:&#xA;Tries 31&#xA;Command curl -g -q -s &#39;http://10.88.0.165:8080/dial?request=hostName&amp;protocol=http&amp;host=10.88.0.159&amp;port=8080&amp;tries=1&#39;&#xA;retrieved map[]&#xA;expected map[netserver-0:{}]&#xA;&#xA;/root/code/kubernetes/src/k8s.io/kubernetes/_output/local/go/src/k8s.io/kubernetes/test/e2e/framework/networking_utils.go:226</failure>
          <system-out>[BeforeEach] [sig-network] Networking&#xA;  /root/code/kubernetes/src/k8s.io/kubernetes/_output/local/go/src/k8s.io/kubernetes/test/e2e/framework/framework.go:141&#xA;�[1mSTEP�[0m: Creating a kubernetes client&#xA;�[1mSTEP�[0m: Building a namespace api object&#xA;Aug 18 09:04:30.255: INFO: Skipping waiting for service account&#xA;[It] should function for intra-pod communication: http [NodeConformance] [Conformance]&#xA;  /root/code/kubernetes/src/k8s.io/kubernetes/_output/local/go/src/k8s.io/kubernetes/test/e2e/framework/framework.go:684&#xA;�[1mSTEP�[0m: Performing setup for networking test in namespace e2e-tests-pod-network-test-jnq6x&#xA;�[1mSTEP�[0m: creating a selector&#xA;�[1mSTEP�[0m: Creating the service pods in kubernetes&#xA;Aug 18 09:04:30.255: INFO: Waiting up to 10m0s for all (but 0) nodes to be schedulable&#xA;�[1mSTEP�[0m: Creating test pods&#xA;Aug 18 09:05:30.299: INFO: ExecWithOptions {Command:[/bin/sh -c curl -g -q -s &#39;http://10.88.0.165:8080/dial?request=hostName&amp;protocol=http&amp;host=10.88.0.159&amp;port=8080&amp;tries=1&#39;] Namespace:e2e-tests-pod-network-test-jnq6x PodName:host-test-container-pod ContainerName:hostexec Stdin:&lt;nil&gt; CaptureStdout:true CaptureStderr:true PreserveWhitespace:false}&#xA;Aug 18 09:05:38.594: INFO: Failed to execute &#34;curl -g -q -s &#39;http://10.88.0.165:8080/dial?request=hostName&amp;protocol=http&amp;host=10.88.0.159&amp;port=8080&amp;tries=1&#39;&#34;: command terminated with exit code 7, stdout: &#34;&#34;, stderr &#34;&#34;&#xA;Aug 18 09:05:38.594: INFO: Waiting for endpoints: map[netserver-0:{}]&#xA;Aug 18 09:05:40.597: INFO: ExecWithOptions {Command:[/bin/sh -c curl -g -q -s &#39;http://10.88.0.165:8080/dial?request=hostName&amp;protocol=http&amp;host=10.88.0.159&amp;port=8080&amp;tries=1&#39;] Namespace:e2e-tests-pod-network-test-jnq6x PodName:host-test-container-pod ContainerName:hostexec Stdin:&lt;nil&gt; CaptureStdout:true CaptureStderr:true PreserveWhitespace:false}&#xA;Aug 18 09:05:44.231: INFO: Failed to execute &#34;curl -g -q -s &#39;http://10.88.0.165:8080/dial?request=hostName&amp;protocol=http&amp;host=10.88.0.159&amp;port=8080&amp;tries=1&#39;&#34;: command terminated with exit code 7, stdout: &#34;&#34;, stderr &#34;&#34;&#xA;Aug 18 09:05:44.231: INFO: Waiting for endpoints: map[netserver-0:{}]&#xA;Aug 18 09:05:46.234: INFO: ExecWithOptions {Command:[/bin/sh -c curl -g -q -s &#39;http://10.88.0.165:8080/dial?request=hostName&amp;protocol=http&amp;host=10.88.0.159&amp;port=8080&amp;tries=1&#39;] Namespace:e2e-tests-pod-network-test-jnq6x PodName:host-test-container-pod ContainerName:hostexec Stdin:&lt;nil&gt; CaptureStdout:true CaptureStderr:true PreserveWhitespace:false}&#xA;Aug 18 09:05:52.182: INFO: Failed to execute &#34;curl -g -q -s &#39;http://10.88.0.165:8080/dial?request=hostName&amp;protocol=http&amp;host=10.88.0.159&amp;port=8080&amp;tries=1&#39;&#34;: command terminated with exit code 7, stdout: &#34;&#34;, stderr &#34;&#34;&#xA;Aug 18 09:05:52.182: INFO: Waiting for endpoints: map[netserver-0:{}]&#xA;Aug 18 09:05:54.185: INFO: ExecWithOptions {Command:[/bin/sh -c curl -g -q -s &#39;http://10.88.0.165:8080/dial?request=hostName&amp;protocol=http&amp;host=10.88.0.159&amp;port=8080&amp;tries=1&#39;] Namespace:e2e-tests-pod-network-test-jnq6x PodName:host-test-container-pod ContainerName:hostexec Stdin:&lt;nil&gt; CaptureStdout:true CaptureStderr:true PreserveWhitespace:false}&#xA;Aug 18 09:06:00.407: INFO: Failed to execute &#34;curl -g -q -s &#39;http://10.88.0.165:8080/dial?request=hostName&amp;protocol=http&amp;host=10.88.0.159&amp;port=8080&amp;tries=1&#39;&#34;: command terminated with exit code 7, stdout: &#34;&#34;, stderr &#34;&#34;&#xA;Aug 18 09:06:00.407: INFO: Waiting for endpoints: map[netserver-0:{}]&#xA;Aug 18 09:06:02.410: INFO: ExecWithOptions {Command:[/bin/sh -c curl -g -q -s &#39;http://10.88.0.165:8080/dial?request=hostName&amp;protocol=http&amp;host=10.88.0.159&amp;port=8080&amp;tries=1&#39;] Namespace:e2e-tests-pod-network-test-jnq6x PodName:host-test-container-pod ContainerName:hostexec Stdin:&lt;nil&gt; CaptureStdout:true CaptureStderr:true PreserveWhitespace:false}&#xA;Aug 18 09:06:08.915: INFO: Failed to execute &#34;curl -g -q -s &#39;http://10.88.0.165:8080/dial?request=hostName&amp;protocol=http&amp;host=10.88.0.159&amp;port=8080&amp;tries=1&#39;&#34;: command terminated with exit code 7, stdout: &#34;&#34;, stderr &#34;&#34;&#xA;Aug 18 09:06:08.915: INFO: Waiting for endpoints: map[netserver-0:{}]&#xA;Aug 18 09:06:10.918: INFO: ExecWithOptions {Command:[/bin/sh -c curl -g -q -s &#39;http://10.88.0.165:8080/dial?request=hostName&amp;protocol=http&amp;host=10.88.0.159&amp;port=8080&amp;tries=1&#39;] Namespace:e2e-tests-pod-network-test-jnq6x PodName:host-test-container-pod ContainerName:hostexec Stdin:&lt;nil&gt; CaptureStdout:true CaptureStderr:true PreserveWhitespace:false}&#xA;Aug 18 09:06:43.501: INFO: Failed to execute &#34;curl -g -q -s &#39;http://10.88.0.165:8080/dial?request=hostName&amp;protocol=http&amp;host=10.88.0.159&amp;port=8080&amp;tries=1&#39;&#34;: command terminated with exit code 7, stdout: &#34;&#34;, stderr &#34;&#34;&#xA;Aug 18 09:06:43.501: INFO: Waiting for endpoints: map[netserver-0:{}]&#xA;Aug 18 09:06:45.504: INFO: ExecWithOptions {Command:[/bin/sh -c curl -g -q -s &#39;http://10.88.0.165:8080/dial?request=hostName&amp;protocol=http&amp;host=10.88.0.159&amp;port=8080&amp;tries=1&#39;] Namespace:e2e-tests-pod-network-test-jnq6x PodName:host-test-container-pod ContainerName:hostexec Stdin:&lt;nil&gt; CaptureStdout:true CaptureStderr:true PreserveWhitespace:false}&#xA;Aug 18 09:06:45.592: INFO: Failed to execute &#34;curl -g -q -s &#39;http://10.88.0.165:8080/dial?request=hostName&amp;protocol=http&amp;host=10.88.0.159&amp;port=8080&amp;tries=1&#39;&#34;: command terminated with exit code 7, stdout: &#34;&#34;, stderr &#34;&#34;&#xA;Aug 18 09:06:45.592: INFO: Waiting for endpoints: map[netserver-0:{}]&#xA;Aug 18 09:06:47.594: INFO: ExecWithOptions {Command:[/bin/sh -c curl -g -q -s &#39;http://10.88.0.165:8080/dial?request=hostName&amp;protocol=http&amp;host=10.88.0.159&amp;port=8080&amp;tries=1&#39;] Namespace:e2e-tests-pod-network-test-jnq6x PodName:host-test-container-pod ContainerName:hostexec Stdin:&lt;nil&gt; CaptureStdout:true CaptureStderr:true PreserveWhitespace:false}&#xA;Aug 18 09:06:47.681: INFO: Failed to execute &#34;curl -g -q -s &#39;http://10.88.0.165:8080/dial?request=hostName&amp;protocol=http&amp;host=10.88.0.159&amp;port=8080&amp;tries=1&#39;&#34;: command terminated with exit code 7, stdout: &#34;&#34;, stderr &#34;&#34;&#xA;Aug 18 09:06:47.681: INFO: Waiting for endpoints: map[netserver-0:{}]&#xA;Aug 18 09:06:49.683: INFO: ExecWithOptions {Command:[/bin/sh -c curl -g -q -s &#39;http://10.88.0.165:8080/dial?request=hostName&amp;protocol=http&amp;host=10.88.0.159&amp;port=8080&amp;tries=1&#39;] Namespace:e2e-tests-pod-network-test-jnq6x PodName:host-test-container-pod ContainerName:hostexec Stdin:&lt;nil&gt; CaptureStdout:true CaptureStderr:true PreserveWhitespace:false}&#xA;Aug 18 09:06:53.592: INFO: Failed to execute &#34;curl -g -q -s &#39;http://10.88.0.165:8080/dial?request=hostName&amp;protocol=http&amp;host=10.88.0.159&amp;port=8080&amp;tries=1&#39;&#34;: command terminated with exit code 7, stdout: &#34;&#34;, stderr &#34;&#34;&#xA;Aug 18 09:06:53.592: INFO: Waiting for endpoints: map[netserver-0:{}]&#xA;Aug 18 09:06:55.595: INFO: ExecWithOptions {Command:[/bin/sh -c curl -g -q -s &#39;http://10.88.0.165:8080/dial?request=hostName&amp;protocol=http&amp;host=10.88.0.159&amp;port=8080&amp;tries=1&#39;] Namespace:e2e-tests-pod-network-test-jnq6x PodName:host-test-container-pod ContainerName:hostexec Stdin:&lt;nil&gt; CaptureStdout:true CaptureStderr:true PreserveWhitespace:false}&#xA;Aug 18 09:06:59.025: INFO: Failed to execute &#34;curl -g -q -s &#39;http://10.88.0.165:8080/dial?request=hostName&amp;protocol=http&amp;host=10.88.0.159&amp;port=8080&amp;tries=1&#39;&#34;: command terminated with exit code 7, stdout: &#34;&#34;, stderr &#34;&#34;&#xA;Aug 18 09:06:59.025: INFO: Waiting for endpoints: map[netserver-0:{}]&#xA;Aug 18 09:07:01.028: INFO: ExecWithOptions {Command:[/bin/sh -c curl -g -q -s &#39;http://10.88.0.165:8080/dial?request=hostName&amp;protocol=http&amp;host=10.88.0.159&amp;port=8080&amp;tries=1&#39;] Namespace:e2e-tests-pod-network-test-jnq6x PodName:host-test-container-pod ContainerName:hostexec Stdin:&lt;nil&gt; CaptureStdout:true CaptureStderr:true PreserveWhitespace:false}&#xA;Aug 18 09:07:05.978: INFO: Failed to execute &#34;curl -g -q -s &#39;http://10.88.0.165:8080/dial?request=hostName&amp;protocol=http&amp;host=10.88.0.159&amp;port=8080&amp;tries=1&#39;&#34;: command terminated with exit code 7, stdout: &#34;&#34;, stderr &#34;&#34;&#xA;Aug 18 09:07:05.978: INFO: Waiting for endpoints: map[netserver-0:{}]&#xA;Aug 18 09:07:07.981: INFO: ExecWithOptions {Command:[/bin/sh -c curl -g -q -s &#39;http://10.88.0.165:8080/dial?request=hostName&amp;protocol=http&amp;host=10.88.0.159&amp;port=8080&amp;tries=1&#39;] Namespace:e2e-tests-pod-network-test-jnq6x PodName:host-test-container-pod ContainerName:hostexec Stdin:&lt;nil&gt; CaptureStdout:true CaptureStderr:true PreserveWhitespace:false}&#xA;Aug 18 09:07:36.276: INFO: Failed to execute &#34;curl -g -q -s &#39;http://10.88.0.165:8080/dial?request=hostName&amp;protocol=http&amp;host=10.88.0.159&amp;port=8080&amp;tries=1&#39;&#34;: command terminated with exit code 7, stdout: &#34;&#34;, stderr &#34;&#34;&#xA;Aug 18 09:07:36.277: INFO: Waiting for endpoints: map[netserver-0:{}]&#xA;Aug 18 09:07:38.280: INFO: ExecWithOptions {Command:[/bin/sh -c curl -g -q -s &#39;http://10.88.0.165:8080/dial?request=hostName&amp;protocol=http&amp;host=10.88.0.159&amp;port=8080&amp;tries=1&#39;] Namespace:e2e-tests-pod-network-test-jnq6x PodName:host-test-container-pod ContainerName:hostexec Stdin:&lt;nil&gt; CaptureStdout:true CaptureStderr:true PreserveWhitespace:false}&#xA;Aug 18 09:07:45.156: INFO: Failed to execute &#34;curl -g -q -s &#39;http://10.88.0.165:8080/dial?request=hostName&amp;protocol=http&amp;host=10.88.0.159&amp;port=8080&amp;tries=1&#39;&#34;: command terminated with exit code 7, stdout: &#34;&#34;, stderr &#34;&#34;&#xA;Aug 18 09:07:45.156: INFO: Waiting for endpoints: map[netserver-0:{}]&#xA;Aug 18 09:07:47.159: INFO: ExecWithOptions {Command:[/bin/sh -c curl -g -q -s &#39;http://10.88.0.165:8080/dial?request=hostName&amp;protocol=http&amp;host=10.88.0.159&amp;port=8080&amp;tries=1&#39;] Namespace:e2e-tests-pod-network-test-jnq6x PodName:host-test-container-pod ContainerName:hostexec Stdin:&lt;nil&gt; CaptureStdout:true CaptureStderr:true PreserveWhitespace:false}&#xA;Aug 18 09:08:21.216: INFO: Failed to execute &#34;curl -g -q -s &#39;http://10.88.0.165:8080/dial?request=hostName&amp;protocol=http&amp;host=10.88.0.159&amp;port=8080&amp;tries=1&#39;&#34;: command terminated with exit code 7, stdout: &#34;&#34;, stderr &#34;&#34;&#xA;Aug 18 09:08:21.216: INFO: Waiting for endpoints: map[netserver-0:{}]&#xA;Aug 18 09:08:23.219: INFO: ExecWithOptions {Command:[/bin/sh -c curl -g -q -s &#39;http://10.88.0.165:8080/dial?request=hostName&amp;protocol=http&amp;host=10.88.0.159&amp;port=8080&amp;tries=1&#39;] Namespace:e2e-tests-pod-network-test-jnq6x PodName:host-test-container-pod ContainerName:hostexec Stdin:&lt;nil&gt; CaptureStdout:true CaptureStderr:true PreserveWhitespace:false}&#xA;Aug 18 09:08:25.921: INFO: Failed to execute &#34;curl -g -q -s &#39;http://10.88.0.165:8080/dial?request=hostName&amp;protocol=http&amp;host=10.88.0.159&amp;port=8080&amp;tries=1&#39;&#34;: command terminated with exit code 7, stdout: &#34;&#34;, stderr &#34;&#34;&#xA;Aug 18 09:08:25.921: INFO: Waiting for endpoints: map[netserver-0:{}]&#xA;Aug 18 09:08:27.924: INFO: ExecWithOptions {Command:[/bin/sh -c curl -g -q -s &#39;http://10.88.0.165:8080/dial?request=hostName&amp;protocol=http&amp;host=10.88.0.159&amp;port=8080&amp;tries=1&#39;] Namespace:e2e-tests-pod-network-test-jnq6x PodName:host-test-container-pod ContainerName:hostexec Stdin:&lt;nil&gt; CaptureStdout:true CaptureStderr:true PreserveWhitespace:false}&#xA;Aug 18 09:08:31.391: INFO: Failed to execute &#34;curl -g -q -s &#39;http://10.88.0.165:8080/dial?request=hostName&amp;protocol=http&amp;host=10.88.0.159&amp;port=8080&amp;tries=1&#39;&#34;: command terminated with exit code 7, stdout: &#34;&#34;, stderr &#34;&#34;&#xA;Aug 18 09:08:31.392: INFO: Waiting for endpoints: map[netserver-0:{}]&#xA;Aug 18 09:08:33.394: INFO: ExecWithOptions {Command:[/bin/sh -c curl -g -q -s &#39;http://10.88.0.165:8080/dial?request=hostName&amp;protocol=http&amp;host=10.88.0.159&amp;port=8080&amp;tries=1&#39;] Namespace:e2e-tests-pod-network-test-jnq6x PodName:host-test-container-pod ContainerName:hostexec Stdin:&lt;nil&gt; CaptureStdout:true CaptureStderr:true PreserveWhitespace:false}&#xA;Aug 18 09:08:35.808: INFO: Failed to execute &#34;curl -g -q -s &#39;http://10.88.0.165:8080/dial?request=hostName&amp;protocol=http&amp;host=10.88.0.159&amp;port=8080&amp;tries=1&#39;&#34;: command terminated with exit code 7, stdout: &#34;&#34;, stderr &#34;&#34;&#xA;Aug 18 09:08:35.808: INFO: Waiting for endpoints: map[netserver-0:{}]&#xA;Aug 18 09:08:37.811: INFO: ExecWithOptions {Command:[/bin/sh -c curl -g -q -s &#39;http://10.88.0.165:8080/dial?request=hostName&amp;protocol=http&amp;host=10.88.0.159&amp;port=8080&amp;tries=1&#39;] Namespace:e2e-tests-pod-network-test-jnq6x PodName:host-test-container-pod ContainerName:hostexec Stdin:&lt;nil&gt; CaptureStdout:true CaptureStderr:true PreserveWhitespace:false}&#xA;Aug 18 09:08:40.420: INFO: Failed to execute &#34;curl -g -q -s &#39;http://10.88.0.165:8080/dial?request=hostName&amp;protocol=http&amp;host=10.88.0.159&amp;port=8080&amp;tries=1&#39;&#34;: command terminated with exit code 7, stdout: &#34;&#34;, stderr &#34;&#34;&#xA;Aug 18 09:08:40.420: INFO: Waiting for endpoints: map[netserver-0:{}]&#xA;Aug 18 09:08:42.422: INFO: ExecWithOptions {Command:[/bin/sh -c curl -g -q -s &#39;http://10.88.0.165:8080/dial?request=hostName&amp;protocol=http&amp;host=10.88.0.159&amp;port=8080&amp;tries=1&#39;] Namespace:e2e-tests-pod-network-test-jnq6x PodName:host-test-container-pod ContainerName:hostexec Stdin:&lt;nil&gt; CaptureStdout:true CaptureStderr:true PreserveWhitespace:false}&#xA;Aug 18 09:08:45.972: INFO: Failed to execute &#34;curl -g -q -s &#39;http://10.88.0.165:8080/dial?request=hostName&amp;protocol=http&amp;host=10.88.0.159&amp;port=8080&amp;tries=1&#39;&#34;: command terminated with exit code 7, stdout: &#34;&#34;, stderr &#34;&#34;&#xA;Aug 18 09:08:45.972: INFO: Waiting for endpoints: map[netserver-0:{}]&#xA;Aug 18 09:08:47.974: INFO: ExecWithOptions {Command:[/bin/sh -c curl -g -q -s &#39;http://10.88.0.165:8080/dial?request=hostName&amp;protocol=http&amp;host=10.88.0.159&amp;port=8080&amp;tries=1&#39;] Namespace:e2e-tests-pod-network-test-jnq6x PodName:host-test-container-pod ContainerName:hostexec Stdin:&lt;nil&gt; CaptureStdout:true CaptureStderr:true PreserveWhitespace:false}&#xA;Aug 18 09:08:51.311: INFO: Failed to execute &#34;curl -g -q -s &#39;http://10.88.0.165:8080/dial?request=hostName&amp;protocol=http&amp;host=10.88.0.159&amp;port=8080&amp;tries=1&#39;&#34;: command terminated with exit code 7, stdout: &#34;&#34;, stderr &#34;&#34;&#xA;Aug 18 09:08:51.311: INFO: Waiting for endpoints: map[netserver-0:{}]&#xA;Aug 18 09:08:53.313: INFO: ExecWithOptions {Command:[/bin/sh -c curl -g -q -s &#39;http://10.88.0.165:8080/dial?request=hostName&amp;protocol=http&amp;host=10.88.0.159&amp;port=8080&amp;tries=1&#39;] Namespace:e2e-tests-pod-network-test-jnq6x PodName:host-test-container-pod ContainerName:hostexec Stdin:&lt;nil&gt; CaptureStdout:true CaptureStderr:true PreserveWhitespace:false}&#xA;Aug 18 09:08:55.630: INFO: Failed to execute &#34;curl -g -q -s &#39;http://10.88.0.165:8080/dial?request=hostName&amp;protocol=http&amp;host=10.88.0.159&amp;port=8080&amp;tries=1&#39;&#34;: command terminated with exit code 7, stdout: &#34;&#34;, stderr &#34;&#34;&#xA;Aug 18 09:08:55.630: INFO: Waiting for endpoints: map[netserver-0:{}]&#xA;Aug 18 09:08:57.633: INFO: ExecWithOptions {Command:[/bin/sh -c curl -g -q -s &#39;http://10.88.0.165:8080/dial?request=hostName&amp;protocol=http&amp;host=10.88.0.159&amp;port=8080&amp;tries=1&#39;] Namespace:e2e-tests-pod-network-test-jnq6x PodName:host-test-container-pod ContainerName:hostexec Stdin:&lt;nil&gt; CaptureStdout:true CaptureStderr:true PreserveWhitespace:false}&#xA;Aug 18 09:09:02.704: INFO: Failed to execute &#34;curl -g -q -s &#39;http://10.88.0.165:8080/dial?request=hostName&amp;protocol=http&amp;host=10.88.0.159&amp;port=8080&amp;tries=1&#39;&#34;: command terminated with exit code 7, stdout: &#34;&#34;, stderr &#34;&#34;&#xA;Aug 18 09:09:02.704: INFO: Waiting for endpoints: map[netserver-0:{}]&#xA;Aug 18 09:09:04.706: INFO: ExecWithOptions {Command:[/bin/sh -c curl -g -q -s &#39;http://10.88.0.165:8080/dial?request=hostName&amp;protocol=http&amp;host=10.88.0.159&amp;port=8080&amp;tries=1&#39;] Namespace:e2e-tests-pod-network-test-jnq6x PodName:host-test-container-pod ContainerName:hostexec Stdin:&lt;nil&gt; CaptureStdout:true CaptureStderr:true PreserveWhitespace:false}&#xA;Aug 18 09:09:04.972: INFO: Failed to execute &#34;curl -g -q -s &#39;http://10.88.0.165:8080/dial?request=hostName&amp;protocol=http&amp;host=10.88.0.159&amp;port=8080&amp;tries=1&#39;&#34;: command terminated with exit code 7, stdout: &#34;&#34;, stderr &#34;&#34;&#xA;Aug 18 09:09:04.972: INFO: Waiting for endpoints: map[netserver-0:{}]&#xA;Aug 18 09:09:06.975: INFO: ExecWithOptions {Command:[/bin/sh -c curl -g -q -s &#39;http://10.88.0.165:8080/dial?request=hostName&amp;protocol=http&amp;host=10.88.0.159&amp;port=8080&amp;tries=1&#39;] Namespace:e2e-tests-pod-network-test-jnq6x PodName:host-test-container-pod ContainerName:hostexec Stdin:&lt;nil&gt; CaptureStdout:true CaptureStderr:true PreserveWhitespace:false}&#xA;Aug 18 09:09:07.072: INFO: Failed to execute &#34;curl -g -q -s &#39;http://10.88.0.165:8080/dial?request=hostName&amp;protocol=http&amp;host=10.88.0.159&amp;port=8080&amp;tries=1&#39;&#34;: command terminated with exit code 7, stdout: &#34;&#34;, stderr &#34;&#34;&#xA;Aug 18 09:09:07.072: INFO: Waiting for endpoints: map[netserver-0:{}]&#xA;Aug 18 09:09:09.074: INFO: ExecWithOptions {Command:[/bin/sh -c curl -g -q -s &#39;http://10.88.0.165:8080/dial?request=hostName&amp;protocol=http&amp;host=10.88.0.159&amp;port=8080&amp;tries=1&#39;] Namespace:e2e-tests-pod-network-test-jnq6x PodName:host-test-container-pod ContainerName:hostexec Stdin:&lt;nil&gt; CaptureStdout:true CaptureStderr:true PreserveWhitespace:false}&#xA;Aug 18 09:09:09.170: INFO: Failed to execute &#34;curl -g -q -s &#39;http://10.88.0.165:8080/dial?request=hostName&amp;protocol=http&amp;host=10.88.0.159&amp;port=8080&amp;tries=1&#39;&#34;: command terminated with exit code 7, stdout: &#34;&#34;, stderr &#34;&#34;&#xA;Aug 18 09:09:09.170: INFO: Waiting for endpoints: map[netserver-0:{}]&#xA;Aug 18 09:09:11.172: INFO: ExecWithOptions {Command:[/bin/sh -c curl -g -q -s &#39;http://10.88.0.165:8080/dial?request=hostName&amp;protocol=http&amp;host=10.88.0.159&amp;port=8080&amp;tries=1&#39;] Namespace:e2e-tests-pod-network-test-jnq6x PodName:host-test-container-pod ContainerName:hostexec Stdin:&lt;nil&gt; CaptureStdout:true CaptureStderr:true PreserveWhitespace:false}&#xA;Aug 18 09:09:11.264: INFO: Failed to execute &#34;curl -g -q -s &#39;http://10.88.0.165:8080/dial?request=hostName&amp;protocol=http&amp;host=10.88.0.159&amp;port=8080&amp;tries=1&#39;&#34;: command terminated with exit code 7, stdout: &#34;&#34;, stderr &#34;&#34;&#xA;Aug 18 09:09:11.264: INFO: Waiting for endpoints: map[netserver-0:{}]&#xA;Aug 18 09:09:13.267: INFO: ExecWithOptions {Command:[/bin/sh -c curl -g -q -s &#39;http://10.88.0.165:8080/dial?request=hostName&amp;protocol=http&amp;host=10.88.0.159&amp;port=8080&amp;tries=1&#39;] Namespace:e2e-tests-pod-network-test-jnq6x PodName:host-test-container-pod ContainerName:hostexec Stdin:&lt;nil&gt; CaptureStdout:true CaptureStderr:true PreserveWhitespace:false}&#xA;Aug 18 09:09:15.167: INFO: Failed to execute &#34;curl -g -q -s &#39;http://10.88.0.165:8080/dial?request=hostName&amp;protocol=http&amp;host=10.88.0.159&amp;port=8080&amp;tries=1&#39;&#34;: command terminated with exit code 7, stdout: &#34;&#34;, stderr &#34;&#34;&#xA;Aug 18 09:09:15.167: INFO: Waiting for endpoints: map[netserver-0:{}]&#xA;Aug 18 09:09:17.169: INFO: ExecWithOptions {Command:[/bin/sh -c curl -g -q -s &#39;http://10.88.0.165:8080/dial?request=hostName&amp;protocol=http&amp;host=10.88.0.159&amp;port=8080&amp;tries=1&#39;] Namespace:e2e-tests-pod-network-test-jnq6x PodName:host-test-container-pod ContainerName:hostexec Stdin:&lt;nil&gt; CaptureStdout:true CaptureStderr:true PreserveWhitespace:false}&#xA;Aug 18 09:09:23.055: INFO: Failed to execute &#34;curl -g -q -s &#39;http://10.88.0.165:8080/dial?request=hostName&amp;protocol=http&amp;host=10.88.0.159&amp;port=8080&amp;tries=1&#39;&#34;: command terminated with exit code 7, stdout: &#34;&#34;, stderr &#34;&#34;&#xA;Aug 18 09:09:23.055: INFO: Waiting for endpoints: map[netserver-0:{}]&#xA;Aug 18 09:09:25.071: INFO: ExecWithOptions {Command:[/bin/sh -c curl -g -q -s &#39;http://10.88.0.165:8080/dial?request=hostName&amp;protocol=http&amp;host=10.88.0.159&amp;port=8080&amp;tries=1&#39;] Namespace:e2e-tests-pod-network-test-jnq6x PodName:host-test-container-pod ContainerName:hostexec Stdin:&lt;nil&gt; CaptureStdout:true CaptureStderr:true PreserveWhitespace:false}&#xA;Aug 18 09:09:28.411: INFO: Failed to execute &#34;curl -g -q -s &#39;http://10.88.0.165:8080/dial?request=hostName&amp;protocol=http&amp;host=10.88.0.159&amp;port=8080&amp;tries=1&#39;&#34;: command terminated with exit code 7, stdout: &#34;&#34;, stderr &#34;&#34;&#xA;Aug 18 09:09:28.411: INFO: Waiting for endpoints: map[netserver-0:{}]&#xA;Aug 18 09:09:30.413: INFO: ExecWithOptions {Command:[/bin/sh -c curl -g -q -s &#39;http://10.88.0.165:8080/dial?request=hostName&amp;protocol=http&amp;host=10.88.0.159&amp;port=8080&amp;tries=1&#39;] Namespace:e2e-tests-pod-network-test-jnq6x PodName:host-test-container-pod ContainerName:hostexec Stdin:&lt;nil&gt; CaptureStdout:true CaptureStderr:true PreserveWhitespace:false}&#xA;Aug 18 09:09:32.734: INFO: Failed to execute &#34;curl -g -q -s &#39;http://10.88.0.165:8080/dial?request=hostName&amp;protocol=http&amp;host=10.88.0.159&amp;port=8080&amp;tries=1&#39;&#34;: command terminated with exit code 7, stdout: &#34;&#34;, stderr &#34;&#34;&#xA;Aug 18 09:09:32.734: INFO: Waiting for endpoints: map[netserver-0:{}]&#xA;Aug 18 09:09:34.736: INFO: ExecWithOptions {Command:[/bin/sh -c curl -g -q -s &#39;http://10.88.0.165:8080/dial?request=hostName&amp;protocol=http&amp;host=10.88.0.159&amp;port=8080&amp;tries=1&#39;] Namespace:e2e-tests-pod-network-test-jnq6x PodName:host-test-container-pod ContainerName:hostexec Stdin:&lt;nil&gt; CaptureStdout:true CaptureStderr:true PreserveWhitespace:false}&#xA;Aug 18 09:09:40.584: INFO: Failed to execute &#34;curl -g -q -s &#39;http://10.88.0.165:8080/dial?request=hostName&amp;protocol=http&amp;host=10.88.0.159&amp;port=8080&amp;tries=1&#39;&#34;: command terminated with exit code 7, stdout: &#34;&#34;, stderr &#34;&#34;&#xA;Aug 18 09:09:40.584: INFO: Waiting for endpoints: map[netserver-0:{}]&#xA;Aug 18 09:09:42.585: INFO: &#xA;Output of kubectl describe pod e2e-tests-pod-network-test-jnq6x/netserver-0:&#xA;&#xA;Aug 18 09:09:42.585: INFO: Running &#39; --server=http://127.0.0.1:8080 describe pod netserver-0 --namespace=e2e-tests-pod-network-test-jnq6x&#39;&#xA;Aug 18 09:09:42.585: INFO: &#xA;Aug 18 09:09:42.585: INFO: Failed to find expected endpoints:&#xA;Tries 31&#xA;Command curl -g -q -s &#39;http://10.88.0.165:8080/dial?request=hostName&amp;protocol=http&amp;host=10.88.0.159&amp;port=8080&amp;tries=1&#39;&#xA;retrieved map[]&#xA;expected map[netserver-0:{}]&#xA;&#xA;[AfterEach] [sig-network] Networking&#xA;  /root/code/kubernetes/src/k8s.io/kubernetes/_output/local/go/src/k8s.io/kubernetes/test/e2e/framework/framework.go:142&#xA;�[1mSTEP�[0m: Collecting events from namespace &#34;e2e-tests-pod-network-test-jnq6x&#34;.&#xA;�[1mSTEP�[0m: Found 11 events.&#xA;Aug 18 09:09:42.592: INFO: At 2018-08-18 09:04:42 +0000 UTC - event for netserver-0: {kubelet kata-shim-v2} Pulling: pulling image &#34;gcr.io/kubernetes-e2e-test-images/netexec-amd64:1.0&#34;&#xA;Aug 18 09:09:42.592: INFO: At 2018-08-18 09:04:45 +0000 UTC - event for netserver-0: {kubelet kata-shim-v2} Created: Created container&#xA;Aug 18 09:09:42.592: INFO: At 2018-08-18 09:04:45 +0000 UTC - event for netserver-0: {kubelet kata-shim-v2} Pulled: Successfully pulled image &#34;gcr.io/kubernetes-e2e-test-images/netexec-amd64:1.0&#34;&#xA;Aug 18 09:09:42.592: INFO: At 2018-08-18 09:04:48 +0000 UTC - event for netserver-0: {kubelet kata-shim-v2} Started: Started container&#xA;Aug 18 09:09:42.592: INFO: At 2018-08-18 09:05:23 +0000 UTC - event for host-test-container-pod: {kubelet kata-shim-v2} Pulling: pulling image &#34;gcr.io/kubernetes-e2e-test-images/hostexec-amd64:1.1&#34;&#xA;Aug 18 09:09:42.592: INFO: At 2018-08-18 09:05:23 +0000 UTC - event for test-container-pod: {kubelet kata-shim-v2} Pulled: Container image &#34;gcr.io/kubernetes-e2e-test-images/netexec-amd64:1.0&#34; already present on machine&#xA;Aug 18 09:09:42.592: INFO: At 2018-08-18 09:05:23 +0000 UTC - event for test-container-pod: {kubelet kata-shim-v2} Created: Created container&#xA;Aug 18 09:09:42.592: INFO: At 2018-08-18 09:05:26 +0000 UTC - event for host-test-container-pod: {kubelet kata-shim-v2} Pulled: Successfully pulled image &#34;gcr.io/kubernetes-e2e-test-images/hostexec-amd64:1.1&#34;&#xA;Aug 18 09:09:42.592: INFO: At 2018-08-18 09:05:26 +0000 UTC - event for host-test-container-pod: {kubelet kata-shim-v2} Created: Created container&#xA;Aug 18 09:09:42.592: INFO: At 2018-08-18 09:05:26 +0000 UTC - event for test-container-pod: {kubelet kata-shim-v2} Started: Started container&#xA;Aug 18 09:09:42.592: INFO: At 2018-08-18 09:05:29 +0000 UTC - event for host-test-container-pod: {kubelet kata-shim-v2} Started: Started container&#xA;Aug 18 09:09:42.598: INFO: POD                                                         NODE          PHASE    GRACE  CONDITIONS&#xA;Aug 18 09:09:42.598: INFO: host-test-container-pod                                     kata-shim-v2  Running         [{Initialized True 0001-01-01 00:00:00 +0000 UTC 2018-08-18 09:05:19 +0000 UTC  } {Ready True 0001-01-01 00:00:00 +0000 UTC 2018-08-18 09:05:29 +0000 UTC  } {ContainersReady True 0001-01-01 00:00:00 +0000 UTC 0001-01-01 00:00:00 +0000 UTC  } {PodScheduled True 0001-01-01 00:00:00 +0000 UTC 2018-08-18 09:05:19 +0000 UTC  }]&#xA;Aug 18 09:09:42.598: INFO: netserver-0                                                 kata-shim-v2  Running         [{Initialized True 0001-01-01 00:00:00 +0000 UTC 2018-08-18 09:04:30 +0000 UTC  } {Ready True 0001-01-01 00:00:00 +0000 UTC 2018-08-18 09:05:16 +0000 UTC  } {ContainersReady True 0001-01-01 00:00:00 +0000 UTC 0001-01-01 00:00:00 +0000 UTC  } {PodScheduled True 0001-01-01 00:00:00 +0000 UTC 2018-08-18 09:04:30 +0000 UTC  }]&#xA;Aug 18 09:09:42.598: INFO: test-container-pod                                          kata-shim-v2  Running         [{Initialized True 0001-01-01 00:00:00 +0000 UTC 2018-08-18 09:05:19 +0000 UTC  } {Ready True 0001-01-01 00:00:00 +0000 UTC 2018-08-18 09:05:29 +0000 UTC  } {ContainersReady True 0001-01-01 00:00:00 +0000 UTC 0001-01-01 00:00:00 +0000 UTC  } {PodScheduled True 0001-01-01 00:00:00 +0000 UTC 2018-08-18 09:05:19 +0000 UTC  }]&#xA;Aug 18 09:09:42.599: INFO: netserver-0                                                 kata-shim-v2  Running         [{Initialized True 0001-01-01 00:00:00 +0000 UTC 2018-08-18 09:09:15 +0000 UTC  } {Ready True 0001-01-01 00:00:00 +0000 UTC 2018-08-18 09:09:41 +0000 UTC  } {ContainersReady True 0001-01-01 00:00:00 +0000 UTC 0001-01-01 00:00:00 +0000 UTC  } {PodScheduled True 0001-01-01 00:00:00 +0000 UTC 2018-08-18 09:09:15 +0000 UTC  }]&#xA;Aug 18 09:09:42.599: INFO: host-test-container-pod                                     kata-shim-v2  Running         [{Initialized True 0001-01-01 00:00:00 +0000 UTC 2018-08-18 09:09:32 +0000 UTC  } {Ready True 0001-01-01 00:00:00 +0000 UTC 2018-08-18 09:09:40 +0000 UTC  } {ContainersReady True 0001-01-01 00:00:00 +0000 UTC 0001-01-01 00:00:00 +0000 UTC  } {PodScheduled True 0001-01-01 00:00:00 +0000 UTC 2018-08-18 09:09:32 +0000 UTC  }]&#xA;Aug 18 09:09:42.599: INFO: netserver-0                                                 kata-shim-v2  Running         [{Initialized True 0001-01-01 00:00:00 +0000 UTC 2018-08-18 09:09:11 +0000 UTC  } {Ready True 0001-01-01 00:00:00 +0000 UTC 2018-08-18 09:09:28 +0000 UTC  } {ContainersReady True 0001-01-01 00:00:00 +0000 UTC 0001-01-01 00:00:00 +0000 UTC  } {PodScheduled True 0001-01-01 00:00:00 +0000 UTC 2018-08-18 09:09:11 +0000 UTC  }]&#xA;Aug 18 09:09:42.599: INFO: test-container-pod                                          kata-shim-v2  Pending         [{Initialized True 0001-01-01 00:00:00 +0000 UTC 2018-08-18 09:09:32 +0000 UTC  } {Ready False 0001-01-01 00:00:00 +0000 UTC 2018-08-18 09:09:32 +0000 UTC ContainersNotReady containers with unready status: [webserver]} {ContainersReady False 0001-01-01 00:00:00 +0000 UTC 0001-01-01 00:00:00 +0000 UTC ContainersNotReady containers with unready status: [webserver]} {PodScheduled True 0001-01-01 00:00:00 +0000 UTC 2018-08-18 09:09:32 +0000 UTC  }]&#xA;Aug 18 09:09:42.599: INFO: pod-projected-secrets-6c384abe-a2c6-11e8-a374-42010a8c0005  kata-shim-v2  Pending         [{Initialized True 0001-01-01 00:00:00 +0000 UTC 2018-08-18 09:09:40 +0000 UTC  } {Ready False 0001-01-01 00:00:00 +0000 UTC 2018-08-18 09:09:40 +0000 UTC ContainersNotReady containers with unready status: [projected-secret-volume-test]} {ContainersReady False 0001-01-01 00:00:00 +0000 UTC 0001-01-01 00:00:00 +0000 UTC ContainersNotReady containers with unready status: [projected-secret-volume-test]} {PodScheduled True 0001-01-01 00:00:00 +0000 UTC 2018-08-18 09:09:40 +0000 UTC  }]&#xA;Aug 18 09:09:42.599: INFO: downwardapi-volume-6d46c259-a2c6-11e8-b9ad-42010a8c0005     kata-shim-v2  Pending         [{Initialized True 0001-01-01 00:00:00 +0000 UTC 2018-08-18 09:09:40 +0000 UTC  } {Ready False 0001-01-01 00:00:00 +0000 UTC 2018-08-18 09:09:40 +0000 UTC ContainersNotReady containers with unready status: [client-container]} {ContainersReady False 0001-01-01 00:00:00 +0000 UTC 0001-01-01 00:00:00 +0000 UTC ContainersNotReady containers with unready status: [client-container]} {PodScheduled True 0001-01-01 00:00:00 +0000 UTC 2018-08-18 09:09:40 +0000 UTC  }]&#xA;Aug 18 09:09:42.599: INFO: pod-secrets-700318e4-a2c6-11e8-aca5-42010a8c0005            kata-shim-v2  Pending         [{Initialized True 0001-01-01 00:00:00 +0000 UTC 2018-08-18 09:09:40 +0000 UTC  } {Ready False 0001-01-01 00:00:00 +0000 UTC 2018-08-18 09:09:40 +0000 UTC ContainersNotReady containers with unready status: [secret-volume-test]} {ContainersReady False 0001-01-01 00:00:00 +0000 UTC 0001-01-01 00:00:00 +0000 UTC ContainersNotReady containers with unready status: [secret-volume-test]} {PodScheduled True 0001-01-01 00:00:00 +0000 UTC 2018-08-18 09:09:40 +0000 UTC  }]&#xA;Aug 18 09:09:42.599: INFO: pod-secrets-18ba2035-a2c6-11e8-aff5-42010a8c0005            kata-shim-v2  Running         [{Initialized True 0001-01-01 00:00:00 +0000 UTC 2018-08-18 09:07:36 +0000 UTC  } {Ready True 0001-01-01 00:00:00 +0000 UTC 2018-08-18 09:08:21 +0000 UTC  } {ContainersReady True 0001-01-01 00:00:00 +0000 UTC 0001-01-01 00:00:00 +0000 UTC  } {PodScheduled True 0001-01-01 00:00:00 +0000 UTC 2018-08-18 09:07:36 +0000 UTC  }]&#xA;Aug 18 09:09:42.599: INFO: &#xA;Aug 18 09:09:42.601: INFO: &#xA;Logging node info for node kata-shim-v2&#xA;Aug 18 09:09:42.604: INFO: Node Info: &amp;Node{ObjectMeta:k8s_io_apimachinery_pkg_apis_meta_v1.ObjectMeta{Name:kata-shim-v2,GenerateName:,Namespace:,SelfLink:/api/v1/nodes/kata-shim-v2,UID:767fc77c-a2c5-11e8-ae95-42010a8c0005,ResourceVersion:1196,Generation:0,CreationTimestamp:2018-08-18 09:02:41 +0000 UTC,DeletionTimestamp:&lt;nil&gt;,DeletionGracePeriodSeconds:nil,Labels:map[string]string{beta.kubernetes.io/arch: amd64,beta.kubernetes.io/os: linux,kubernetes.io/hostname: kata-shim-v2,},Annotations:map[string]string{volumes.kubernetes.io/controller-managed-attach-detach: true,},OwnerReferences:[],Finalizers:[],ClusterName:,Initializers:nil,},Spec:NodeSpec{PodCIDR:,DoNotUse_ExternalID:,ProviderID:,Unschedulable:false,Taints:[],ConfigSource:nil,},Status:NodeStatus{Capacity:ResourceList{cpu: {{16 0} {&lt;nil&gt;} 16 DecimalSI},ephemeral-storage: {{62386053120 0} {&lt;nil&gt;}  BinarySI},hugepages-1Gi: {{0 0} {&lt;nil&gt;} 0 DecimalSI},hugepages-2Mi: {{0 0} {&lt;nil&gt;} 0 DecimalSI},memory: {{63323955200 0} {&lt;nil&gt;}  BinarySI},pods: {{110 0} {&lt;nil&gt;} 110 DecimalSI},},Allocatable:ResourceList{cpu: {{16 0} {&lt;nil&gt;} 16 DecimalSI},ephemeral-storage: {{56147447716 0} {&lt;nil&gt;} 56147447716 DecimalSI},hugepages-1Gi: {{0 0} {&lt;nil&gt;} 0 DecimalSI},hugepages-2Mi: {{0 0} {&lt;nil&gt;} 0 DecimalSI},memory: {{63061811200 0} {&lt;nil&gt;}  BinarySI},pods: {{110 0} {&lt;nil&gt;} 110 DecimalSI},},Phase:,Conditions:[{OutOfDisk False 2018-08-18 09:09:41 +0000 UTC 2018-08-18 09:02:41 +0000 UTC KubeletHasSufficientDisk kubelet has sufficient disk space available} {MemoryPressure False 2018-08-18 09:09:41 +0000 UTC 2018-08-18 09:02:41 +0000 UTC KubeletHasSufficientMemory kubelet has sufficient memory available} {DiskPressure False 2018-08-18 09:09:41 +0000 UTC 2018-08-18 09:02:41 +0000 UTC KubeletHasNoDiskPressure kubelet has no disk pressure} {PIDPressure False 2018-08-18 09:09:41 +0000 UTC 2018-08-18 09:02:41 +0000 UTC KubeletHasSufficientPID kubelet has sufficient PID available} {Ready True 2018-08-18 09:09:41 +0000 UTC 2018-08-18 09:02:41 +0000 UTC KubeletReady kubelet is posting ready status. AppArmor enabled}],Addresses:[{InternalIP 10.140.0.5} {Hostname kata-shim-v2}],DaemonEndpoints:NodeDaemonEndpoints{KubeletEndpoint:DaemonEndpoint{Port:10250,},},NodeInfo:NodeSystemInfo{MachineID:27b9052925f7957f5baaabcb28d6e94e,SystemUUID:8AFFCE9E-43B8-8EE6-4B6B-4E9E852D338B,BootID:396483bb-c172-4768-afad-b5baea2cf1a6,KernelVersion:4.15.0-1017-gcp,OSImage:Ubuntu 16.04.5 LTS,ContainerRuntimeVersion:containerd://1.11.0-26-g58eb045-TEST,KubeletVersion:v1.11.0,KubeProxyVersion:v1.11.0,OperatingSystem:linux,Architecture:amd64,},Images:[{[k8s.gcr.io/nginx-slim-amd64@sha256:6654db6d4028756062edac466454ee5c9cf9b20ef79e35a81e3c840031eb1e2b k8s.gcr.io/nginx-slim-amd64:0.20] 46221874} {[docker.io/library/nginx@sha256:d85914d547a6c92faa39ce7058bd7529baacab7e0cd4255442b04577c4d1f424 docker.io/library/nginx:latest] 44632839} {[gcr.io/cri-tools/hostnet-nginx@sha256:d629efc3a5de1fe63bac3d877ed642968add1e795260b71a40802a3e9e3c5371 gcr.io/cri-tools/hostnet-nginx:latest] 44523662} {[gcr.io/kubernetes-e2e-test-images/hostexec-amd64@sha256:e1dadb772c6132e3587fc41b8c07facd81ee7c4e74508891b5d98d45b85462e9 gcr.io/kubernetes-e2e-test-images/hostexec-amd64:1.1] 3852953} {[gcr.io/kubernetes-e2e-test-images/netexec-amd64@sha256:da1c165175d5589ed70384e406a0291b6f76d53fc99e2c31ae23003e11e5bfde gcr.io/kubernetes-e2e-test-images/netexec-amd64:1.0] 2788992} {[gcr.io/google_containers/nonewprivs@sha256:a343c87a3611810956279be783986ab0771c460d3b7a967cccc64e66ccfb1820 gcr.io/google_containers/nonewprivs:1.2] 2647477} {[docker.io/library/alpine@sha256:2f9dfa6adf602d3d7379f11f3d4fd0b7b4d1c526616ee7c0fd5e553a72e4bf79 docker.io/library/alpine:3.1] 2306961} {[gcr.io/kubernetes-e2e-test-images/serve-hostname-amd64@sha256:2dd4032e98a0450d95a0ac71a5e465f542a900812d8c41bc6ca635aed1a5fc91 gcr.io/kubernetes-e2e-test-images/serve-hostname-amd64:1.0] 2274820} {[gcr.io/kubernetes-e2e-test-images/test-webserver-amd64@sha256:8da73e44d6870f86e0e6a87b2e07829470465afbb6febeb900296d99510789ce gcr.io/kubernetes-e2e-test-images/test-webserver-amd64:1.0] 1789498} {[gcr.io/kubernetes-e2e-test-images/liveness-amd64@sha256:0a64aa5318ade9f4ed6cd625d8dffdb4ac6a411da30694c53809e99a65de9eff gcr.io/kubernetes-e2e-test-images/liveness-amd64:1.0] 1741561} {[gcr.io/kubernetes-e2e-test-images/entrypoint-tester-amd64@sha256:ef1e5bf4aa80f899f51d173dfcc3106e8daf4c78c28be135b1d421c97f4c9354 gcr.io/kubernetes-e2e-test-images/entrypoint-tester-amd64:1.0] 1038249} {[docker.io/library/busybox@sha256:cb63aa0641a885f54de20f61d152187419e8f6b159ed11a251a09d115fdff9bd docker.io/library/busybox:latest] 737964} {[docker.io/library/busybox@sha256:141c253bc4c3fd0a201d32dc1f493bcf3fff003b6df416dea4f41046e0f37d47 docker.io/library/busybox:1.28] 727869} {[gcr.io/kubernetes-e2e-test-images/mounttest-amd64@sha256:e3e75014e6df02dc21e6fb95f93b989a2ff8a91f36ae88d74eccbabaa21fc211 gcr.io/kubernetes-e2e-test-images/mounttest-amd64:1.0] 597676} {[gcr.io/kubernetes-e2e-test-images/mounttest-user-amd64@sha256:1ac490f1442cad4b1c886527470393c71302cc62f5e3304fb08854403cbc68dc gcr.io/kubernetes-e2e-test-images/mounttest-user-amd64:1.0] 537644} {[k8s.gcr.io/pause@sha256:f78411e19d84a252e53bff71a4407a5686c46983a2c2eeed83929b888179acea k8s.gcr.io/pause:3.1] 317164}],VolumesInUse:[],VolumesAttached:[],Config:&amp;NodeConfigStatus{Assigned:nil,Active:nil,LastKnownGood:nil,Error:,},},}&#xA;Aug 18 09:09:42.605: INFO: &#xA;Logging kubelet events for node kata-shim-v2&#xA;Aug 18 09:09:42.607: INFO: &#xA;Logging pods the kubelet thinks is on node kata-shim-v2&#xA;Aug 18 09:09:42.611: INFO: netserver-0 started at 2018-08-18 09:09:11 +0000 UTC (0+1 container statuses recorded)&#xA;Aug 18 09:09:42.611: INFO: &#x9;Container webserver ready: true, restart count 0&#xA;Aug 18 09:09:42.611: INFO: pod-secrets-18ba2035-a2c6-11e8-aff5-42010a8c0005 started at 2018-08-18 09:07:36 +0000 UTC (0+3 container statuses recorded)&#xA;Aug 18 09:09:42.611: INFO: &#x9;Container creates-volume-test ready: true, restart count 0&#xA;Aug 18 09:09:42.611: INFO: &#x9;Container dels-volume-test ready: true, restart count 0&#xA;Aug 18 09:09:42.611: INFO: &#x9;Container upds-volume-test ready: true, restart count 0&#xA;Aug 18 09:09:42.611: INFO: host-test-container-pod started at 2018-08-18 09:05:19 +0000 UTC (0+1 container statuses recorded)&#xA;Aug 18 09:09:42.611: INFO: &#x9;Container hostexec ready: true, restart count 0&#xA;Aug 18 09:09:42.611: INFO: test-container-pod started at 2018-08-18 09:05:19 +0000 UTC (0+1 container statuses recorded)&#xA;Aug 18 09:09:42.611: INFO: &#x9;Container webserver ready: true, restart count 0&#xA;Aug 18 09:09:42.611: INFO: netserver-0 started at 2018-08-18 09:04:30 +0000 UTC (0+1 container statuses recorded)&#xA;Aug 18 09:09:42.611: INFO: &#x9;Container webserver ready: true, restart count 0&#xA;Aug 18 09:09:42.611: INFO: test-container-pod started at 2018-08-18 09:09:32 +0000 UTC (0+1 container statuses recorded)&#xA;Aug 18 09:09:42.611: INFO: &#x9;Container webserver ready: false, restart count 0&#xA;Aug 18 09:09:42.611: INFO: netserver-0 started at 2018-08-18 09:09:15 +0000 UTC (0+1 container statuses recorded)&#xA;Aug 18 09:09:42.611: INFO: &#x9;Container webserver ready: false, restart count 0&#xA;Aug 18 09:09:42.611: INFO: host-test-container-pod started at 2018-08-18 09:09:32 +0000 UTC (0+1 container statuses recorded)&#xA;Aug 18 09:09:42.611: INFO: &#x9;Container hostexec ready: true, restart count 0&#xA;Aug 18 09:09:42.611: INFO: pod-projected-secrets-6c384abe-a2c6-11e8-a374-42010a8c0005 started at 2018-08-18 09:09:40 +0000 UTC (0+1 container statuses recorded)&#xA;Aug 18 09:09:42.611: INFO: &#x9;Container projected-secret-volume-test ready: false, restart count 0&#xA;Aug 18 09:09:42.611: INFO: downwardapi-volume-6d46c259-a2c6-11e8-b9ad-42010a8c0005 started at 2018-08-18 09:09:40 +0000 UTC (0+1 container statuses recorded)&#xA;Aug 18 09:09:42.611: INFO: &#x9;Container client-container ready: false, restart count 0&#xA;Aug 18 09:09:42.611: INFO: pod-secrets-700318e4-a2c6-11e8-aca5-42010a8c0005 started at &lt;nil&gt; (0+0 container statuses recorded)&#xA;Aug 18 09:10:16.131: INFO: &#xA;Latency metrics for node kata-shim-v2&#xA;Aug 18 09:10:16.131: INFO: {Operation:sync Method:pod_worker_latency_microseconds Quantile:0.99 Latency:2m0.000725s}&#xA;Aug 18 09:10:16.131: INFO: {Operation: Method:pod_start_latency_microseconds Quantile:0.99 Latency:1m7.421188s}&#xA;Aug 18 09:10:16.131: INFO: {Operation: Method:pod_start_latency_microseconds Quantile:0.9 Latency:44.27149s}&#xA;Aug 18 09:10:16.131: INFO: {Operation:sync Method:pod_worker_latency_microseconds Quantile:0.9 Latency:40.204422s}&#xA;Aug 18 09:10:16.131: INFO: {Operation: Method:pleg_relist_latency_microseconds Quantile:0.99 Latency:38.217941s}&#xA;Aug 18 09:10:16.131: INFO: {Operation: Method:pod_worker_start_latency_microseconds Quantile:0.99 Latency:32.095744s}&#xA;�[1mSTEP�[0m: Dumping a list of prepulled images on each node to file /tmp/test-e2e-node/image-puller.txt&#xA;Aug 18 09:10:16.134: INFO: Waiting up to 3m0s for all (but 0) nodes to be ready&#xA;�[1mSTEP�[0m: Destroying namespace &#34;e2e-tests-pod-network-test-jnq6x&#34; for this suite.&#xA;Aug 18 09:10:38.151: INFO: Waiting up to 30s for server preferred namespaced resources to be successfully discovered&#xA;Aug 18 09:10:38.181: INFO: namespace: e2e-tests-pod-network-test-jnq6x, resource: bindings, ignored listing per whitelist&#xA;Aug 18 09:10:38.198: INFO: namespace e2e-tests-pod-network-test-jnq6x deletion completed in 22.062432462s&#xA;</system-out>
      </testcase>
      <testcase name="[sig-storage] ConfigMap should be consumable from pods in volume with mappings and Item mode set [NodeConformance] [Conformance]" classname="E2eNode Suite" time="40.150609749"></testcase>
      <testcase name="[sig-storage] EmptyDir volumes should support (non-root,0644,default) [NodeConformance] [Conformance]" classname="E2eNode Suite" time="44.15164374"></testcase>
      <testcase name="[sig-storage] EmptyDir volumes should support (non-root,0644,tmpfs) [NodeConformance] [Conformance]" classname="E2eNode Suite" time="44.143160407"></testcase>
      <testcase name="[sig-storage] HostPath should support subPath [NodeConformance]" classname="E2eNode Suite" time="0">
          <skipped></skipped>
      </testcase>
      <testcase name="[sig-storage] Projected should be consumable from pods in volume as non-root with FSGroup [NodeFeature:FSGroup]" classname="E2eNode Suite" time="0">
          <skipped></skipped>
      </testcase>
      <testcase name="[k8s.io] Sysctls [NodeFeature:Sysctls] should support unsafe sysctls which are actually whitelisted" classname="E2eNode Suite" time="0">
          <skipped></skipped>
      </testcase>
      <testcase name="[k8s.io] CriticalPod [Serial] [Disruptive] [NodeFeature:CriticalPod] when we need to admit a critical pod should be able to create and delete a critical pod" classname="E2eNode Suite" time="0">
          <skipped></skipped>
      </testcase>
      <testcase name="[sig-storage] ConfigMap should be consumable from pods in volume with mappings as non-root with FSGroup [NodeFeature:FSGroup]" classname="E2eNode Suite" time="0">
          <skipped></skipped>
      </testcase>
      <testcase name="[sig-storage] Secrets should be consumable from pods in volume as non-root with defaultMode and fsGroup set [NodeConformance] [Conformance]" classname="E2eNode Suite" time="20.117723171"></testcase>
      <testcase name="[k8s.io] Probing container should *not* be restarted with a exec &#34;cat /tmp/health&#34; liveness probe [NodeConformance] [Conformance]" classname="E2eNode Suite" time="258.418296347"></testcase>
      <testcase name="[k8s.io] Variable Expansion should fail substituting values in a volume subpath with backticks [Feature:VolumeSubpathEnvExpansion][NodeAlphaFeature:VolumeSubpathEnvExpansion][Slow]" classname="E2eNode Suite" time="0">
          <skipped></skipped>
      </testcase>
      <testcase name="[sig-storage] ConfigMap should be consumable from pods in volume with mappings as non-root [NodeConformance] [Conformance]" classname="E2eNode Suite" time="30.142184223"></testcase>
      <testcase name="[sig-storage] EmptyDir volumes volume on tmpfs should have the correct mode [NodeConformance] [Conformance]" classname="E2eNode Suite" time="44.146443529"></testcase>
      <testcase name="[k8s.io] KubeletManagedEtcHosts should test kubelet managed /etc/hosts file [NodeConformance] [Conformance]" classname="E2eNode Suite" time="100.895864683"></testcase>
      <testcase name="[k8s.io] Node Container Manager [Serial] Validate Node Allocatable [NodeFeature:NodeAllocatable] set&#39;s up the node and runs the test" classname="E2eNode Suite" time="0">
          <skipped></skipped>
      </testcase>
      <testcase name="[k8s.io] Security Context when creating containers with AllowPrivilegeEscalation should allow privilege escalation when true [NodeConformance]" classname="E2eNode Suite" time="0">
          <skipped></skipped>
      </testcase>
      <testcase name="[sig-storage] HostPath should give a volume the correct mode [NodeConformance] [Conformance]" classname="E2eNode Suite" time="24.119696691"></testcase>
  </testsuite>