<?xml version="1.0" encoding="UTF-8"?>
  <testsuite tests="15" failures="0" time="1095.244962597">
      <testcase name="[sig-storage] ConfigMap binary data should be reflected in volume [NodeConformance]" classname="E2eNode Suite" time="0">
          <skipped></skipped>
      </testcase>
      <testcase name="[k8s.io] Pods should cap back-off at MaxContainerBackOff [Slow][NodeConformance]" classname="E2eNode Suite" time="0">
          <skipped></skipped>
      </testcase>
      <testcase name="[k8s.io] Container Manager Misc [Serial] Validate OOM score adjustments [NodeFeature:OOMScoreAdj] once the node is setup container runtime&#39;s oom-score-adj should be -999" classname="E2eNode Suite" time="0">
          <skipped></skipped>
      </testcase>
      <testcase name="[sig-storage] Downward API volume should set DefaultMode on files [NodeConformance] [Conformance]" classname="E2eNode Suite" time="49.041768471"></testcase>
      <testcase name="[sig-storage] EmptyDir volumes when FSGroup is specified [NodeFeature:FSGroup] nonexistent volume subPath should have the correct mode and owner using FSGroup" classname="E2eNode Suite" time="0">
          <skipped></skipped>
      </testcase>
      <testcase name="[k8s.io] [Feature:DynamicKubeletConfig][NodeFeature:DynamicKubeletConfig][Serial][Disruptive]  delete and recreate ConfigMap: error while ConfigMap is absent: status and events should match expectations" classname="E2eNode Suite" time="0">
          <skipped></skipped>
      </testcase>
      <testcase name="[sig-storage] EmptyDir volumes should support (root,0666,default) [NodeConformance] [Conformance]" classname="E2eNode Suite" time="62.183667368"></testcase>
      <testcase name="[k8s.io] LocalStorageSoftEviction [Slow] [Serial] [Disruptive][NodeFeature:Eviction] when we run containers that should cause DiskPressure  should eventually evict all of the correct pods" classname="E2eNode Suite" time="0">
          <skipped></skipped>
      </testcase>
      <testcase name="[sig-node] Resource-usage [Serial] [Slow] regular resource usage tracking resource tracking for 10 pods per node" classname="E2eNode Suite" time="0">
          <skipped></skipped>
      </testcase>
      <testcase name="[sig-api-machinery] Downward API should provide container&#39;s limits.cpu/memory and requests.cpu/memory as env vars [NodeConformance] [Conformance]" classname="E2eNode Suite" time="86.209940013"></testcase>
      <testcase name="[sig-storage] EmptyDir volumes should support (non-root,0666,default) [NodeConformance] [Conformance]" classname="E2eNode Suite" time="50.206062153"></testcase>
      <testcase name="[k8s.io] Docker Containers should be able to override the image&#39;s default arguments (docker cmd) [NodeConformance] [Conformance]" classname="E2eNode Suite" time="24.12241497"></testcase>
      <testcase name="[sig-storage] Secrets optional updates should be reflected in volume [NodeConformance] [Conformance]" classname="E2eNode Suite" time="240.482378623"></testcase>
      <testcase name="[sig-storage] Downward API volume should provide container&#39;s memory limit [NodeConformance] [Conformance]" classname="E2eNode Suite" time="48.153416732"></testcase>
      <testcase name="[sig-storage] EmptyDir volumes when FSGroup is specified [NodeFeature:FSGroup] volume on tmpfs should have the correct mode using FSGroup" classname="E2eNode Suite" time="0">
          <skipped></skipped>
      </testcase>
      <testcase name="[sig-storage] Projected should be consumable in multiple volumes in a pod [NodeConformance] [Conformance]" classname="E2eNode Suite" time="44.142946008"></testcase>
      <testcase name="[k8s.io] PriorityMemoryEvictionOrdering [Slow] [Serial] [Disruptive][NodeFeature:Eviction] when we run containers that should cause MemoryPressure  should eventually evict all of the correct pods" classname="E2eNode Suite" time="0">
          <skipped></skipped>
      </testcase>
      <testcase name="[k8s.io] Container Manager Misc [Serial] Validate OOM score adjustments [NodeFeature:OOMScoreAdj] once the node is setup  pod infra containers oom-score-adj should be -998 and best effort container&#39;s should be 1000" classname="E2eNode Suite" time="0">
          <skipped></skipped>
      </testcase>
      <testcase name="[sig-storage] Projected optional updates should be reflected in volume [NodeConformance] [Conformance]" classname="E2eNode Suite" time="116.335329959"></testcase>
      <testcase name="[sig-storage] GCP Volumes NFSv3 should be mountable for NFSv3" classname="E2eNode Suite" time="0">
          <skipped></skipped>
      </testcase>
      <testcase name="[k8s.io] Density [Serial] [Slow] create a batch of pods latency/resource should be within limit when create 10 pods with 300ms interval [Benchmark][NodeSpecialFeature:Benchmark]" classname="E2eNode Suite" time="0">
          <skipped></skipped>
      </testcase>
      <testcase name="[sig-storage] EmptyDir volumes should support (root,0666,tmpfs) [NodeConformance] [Conformance]" classname="E2eNode Suite" time="26.137319953"></testcase>
      <testcase name="[sig-node] Resource-usage [Serial] [Slow] regular resource usage tracking resource tracking for 10 pods per node [Benchmark]" classname="E2eNode Suite" time="0">
          <skipped></skipped>
      </testcase>
      <testcase name="[k8s.io] Density [Serial] [Slow] create a batch of pods with higher API QPS  latency/resource should be within limit when create 105 pods with 300ms interval (QPS 60) [Benchmark][NodeSpecialFeature:Benchmark]" classname="E2eNode Suite" time="0">
          <skipped></skipped>
      </testcase>
      <testcase name="[sig-storage] Projected should set DefaultMode on files [NodeConformance] [Conformance]" classname="E2eNode Suite" time="48.157374519"></testcase>
      <testcase name="[k8s.io] PriorityLocalStorageEvictionOrdering [Slow] [Serial] [Disruptive][NodeFeature:Eviction] when we run containers that should cause DiskPressure  should eventually evict all of the correct pods" classname="E2eNode Suite" time="0">
          <skipped></skipped>
      </testcase>
      <testcase name="[k8s.io] Security Context When creating a container with runAsUser should run the container with uid 0 [NodeConformance]" classname="E2eNode Suite" time="0">
          <skipped></skipped>
      </testcase>
      <testcase name="[k8s.io] GKE system requirements [Conformance][NodeConformance][Feature:GKEEnv][NodeFeature:GKEEnv] The iptable rules should work (required by kube-proxy)" classname="E2eNode Suite" time="0.000760196">
          <skipped></skipped>
      </testcase>
      <testcase name="[sig-api-machinery] Downward API should provide pod UID as env vars [NodeConformance] [Conformance]" classname="E2eNode Suite" time="60.188870632"></testcase>
      <testcase name="[sig-node] Dockershim [Serial] [Disruptive] [Feature:Docker][Legacy:Docker] should clean up pod sandbox checkpoint after pod deletion" classname="E2eNode Suite" time="0">
          <skipped></skipped>
      </testcase>
      <testcase name="[k8s.io] Container Lifecycle Hook when create a pod with lifecycle hook should execute poststart exec hook properly [NodeConformance] [Conformance]" classname="E2eNode Suite" time="156.123524382"></testcase>
      <testcase name="[k8s.io] Density [Serial] [Slow] create a batch of pods latency/resource should be within limit when create 35 pods with 300ms interval [Benchmark][NodeSpecialFeature:Benchmark]" classname="E2eNode Suite" time="0">
          <skipped></skipped>
      </testcase>
      <testcase name="[k8s.io] Container Runtime Conformance Test container runtime conformance blackbox test when running a container with a new image should not be able to pull from private registry without secret [Conformance][NodeConformance]" classname="E2eNode Suite" time="45.203170454"></testcase>
      <testcase name="[sig-storage] HostPath should support existing directory subPath" classname="E2eNode Suite" time="0">
          <skipped></skipped>
      </testcase>
      <testcase name="[k8s.io] ImageGCNoEviction [Slow] [Serial] [Disruptive][NodeFeature:Eviction] when we run containers that should cause DiskPressure  should eventually evict all of the correct pods" classname="E2eNode Suite" time="0">
          <skipped></skipped>
      </testcase>
      <testcase name="[k8s.io] [Feature:DynamicKubeletConfig][NodeFeature:DynamicKubeletConfig][Serial][Disruptive]  update Node.Spec.ConfigSource: 100 update stress test: status and events should match expectations" classname="E2eNode Suite" time="0">
          <skipped></skipped>
      </testcase>
      <testcase name="[sig-storage] Downward API volume should provide container&#39;s cpu limit [NodeConformance] [Conformance]" classname="E2eNode Suite" time="24.119303204"></testcase>
  </testsuite>